Log file open, 11/19/20 09:40:13
LogInit: Display: Running engine for game: RaiseTheGameJame2020
LogPlatformFile: Not using cached read wrapper
LogTaskGraph: Started task graph with 5 named threads and 35 total threads with 3 sets of task threads.
LogStats: Stats thread started at 0.306574
LogD3D11RHI: Loaded GFSDK_Aftermath_Lib.x64.dll
LogICUInternationalization: ICU TimeZone Detection - Raw Offset: +0:00, Platform Override: ''
LogPluginManager: Mounting plugin Paper2D
LogPluginManager: Mounting plugin AISupport
LogPluginManager: Mounting plugin LightPropagationVolume
LogPluginManager: Mounting plugin CameraShakePreviewer
LogPluginManager: Mounting plugin ActorLayerUtilities
LogPluginManager: Mounting plugin AnimationSharing
LogPluginManager: Mounting plugin CLionSourceCodeAccess
LogPluginManager: Mounting plugin CodeLiteSourceCodeAccess
LogPluginManager: Mounting plugin GitSourceControl
LogPluginManager: Mounting plugin KDevelopSourceCodeAccess
LogPluginManager: Mounting plugin NullSourceCodeAccess
LogPluginManager: Mounting plugin PerforceSourceControl
LogPluginManager: Mounting plugin PlasticSourceControl
LogPluginManager: Mounting plugin RiderSourceCodeAccess
LogPluginManager: Mounting plugin SubversionSourceControl
LogPluginManager: Mounting plugin UObjectPlugin
LogPluginManager: Mounting plugin VisualStudioCodeSourceCodeAccess
LogPluginManager: Mounting plugin VisualStudioSourceCodeAccess
LogPluginManager: Mounting plugin XCodeSourceCodeAccess
LogPluginManager: Mounting plugin AssetManagerEditor
LogPluginManager: Mounting plugin CryptoKeys
LogPluginManager: Mounting plugin CurveEditorTools
LogPluginManager: Mounting plugin DataValidation
LogPluginManager: Mounting plugin EditorScriptingUtilities
LogPluginManager: Mounting plugin FacialAnimation
LogPluginManager: Mounting plugin GameplayTagsEditor
LogPluginManager: Mounting plugin GeometryMode
LogPluginManager: Mounting plugin MacGraphicsSwitching
LogPluginManager: Mounting plugin MaterialAnalyzer
LogPluginManager: Mounting plugin MobileLauncherProfileWizard
LogPluginManager: Mounting plugin PluginBrowser
LogPluginManager: Mounting plugin SpeedTreeImporter
LogPluginManager: Mounting plugin DatasmithContent
LogPluginManager: Mounting plugin VariantManagerContent
LogPluginManager: Mounting plugin AlembicImporter
LogPluginManager: Mounting plugin AutomationUtils
LogPluginManager: Mounting plugin BackChannel
LogPluginManager: Mounting plugin ChaosCloth
LogPluginManager: Mounting plugin ChaosClothEditor
LogPluginManager: Mounting plugin ChaosEditor
LogPluginManager: Mounting plugin ChaosNiagara
LogPluginManager: Mounting plugin ChaosSolverPlugin
LogPluginManager: Mounting plugin CharacterAI
LogPluginManager: Mounting plugin GeometryCache
LogPluginManager: Mounting plugin GeometryCollectionPlugin
LogPluginManager: Mounting plugin GeometryProcessing
LogPluginManager: Mounting plugin PlanarCut
LogPluginManager: Mounting plugin PlatformCrypto
LogPluginManager: Mounting plugin ProxyLODPlugin
LogPluginManager: Mounting plugin SkeletalReduction
LogPluginManager: Mounting plugin Niagara
LogPluginManager: Mounting plugin MagicLeap
LogPluginManager: Mounting plugin MagicLeapLightEstimation
LogPluginManager: Mounting plugin MagicLeapMedia
LogPluginManager: Mounting plugin MagicLeapPassableWorld
LogPluginManager: Mounting plugin MLSDK
LogPluginManager: Mounting plugin AndroidMedia
LogPluginManager: Mounting plugin AvfMedia
LogPluginManager: Mounting plugin ImgMedia
LogPluginManager: Mounting plugin MediaCompositing
LogPluginManager: Mounting plugin MediaPlayerEditor
LogPluginManager: Mounting plugin WebMMedia
LogPluginManager: Mounting plugin WmfMedia
LogPluginManager: Mounting plugin MeshPainting
LogPluginManager: Mounting plugin TcpMessaging
LogPluginManager: Mounting plugin UdpMessaging
LogPluginManager: Mounting plugin ActorSequence
LogPluginManager: Mounting plugin LevelSequenceEditor
LogPluginManager: Mounting plugin MatineeToLevelSequence
LogPluginManager: Mounting plugin MovieRenderPipeline
LogPluginManager: Mounting plugin TemplateSequence
LogPluginManager: Mounting plugin NetcodeUnitTest
LogPluginManager: Mounting plugin NUTUnrealEngine4
LogPluginManager: Mounting plugin OnlineSubsystemGooglePlay
LogPluginManager: Mounting plugin OnlineSubsystemIOS
LogPluginManager: Mounting plugin OnlineSubsystem
LogPluginManager: Mounting plugin OnlineSubsystemNull
LogPluginManager: Mounting plugin OnlineSubsystemUtils
LogPluginManager: Mounting plugin LauncherChunkInstaller
LogPluginManager: Mounting plugin AndroidDeviceProfileSelector
LogPluginManager: Mounting plugin AndroidMoviePlayer
LogPluginManager: Mounting plugin AndroidPermission
LogPluginManager: Mounting plugin AppleImageUtils
LogPluginManager: Mounting plugin AppleMoviePlayer
LogPluginManager: Mounting plugin ArchVisCharacter
LogPluginManager: Mounting plugin AssetTags
LogPluginManager: Mounting plugin AudioCapture
LogPluginManager: Mounting plugin CableComponent
LogPluginManager: Mounting plugin CustomMeshComponent
LogPluginManager: Mounting plugin EditableMesh
LogPluginManager: Mounting plugin ExampleDeviceProfileSelector
LogPluginManager: Mounting plugin GoogleCloudMessaging
LogPluginManager: Mounting plugin GooglePAD
LogPluginManager: Mounting plugin IOSDeviceProfileSelector
LogPluginManager: Mounting plugin LinuxDeviceProfileSelector
LogPluginManager: Mounting plugin LocationServicesBPLibrary
LogPluginManager: Mounting plugin MobilePatchingUtils
LogPluginManager: Mounting plugin OculusVR
LogPluginManager: Mounting plugin PhysXVehicles
LogPluginManager: Mounting plugin PostSplashScreen
LogPluginManager: Mounting plugin ProceduralMeshComponent
LogPluginManager: Mounting plugin RuntimePhysXCooking
LogPluginManager: Mounting plugin SignificanceManager
LogPluginManager: Mounting plugin SoundFields
LogPluginManager: Mounting plugin SteamVR
LogPluginManager: Mounting plugin Synthesis
LogPluginManager: Mounting plugin WebMMoviePlayer
LogPluginManager: Mounting plugin WindowsMoviePlayer
LogPluginManager: Mounting plugin ScreenshotTools
LogInit: Using libcurl 7.55.1-DEV
LogInit:  - built for x86_64-pc-win32
LogInit:  - supports SSL with OpenSSL/1.1.1
LogInit:  - supports HTTP deflate (compression) using libz 1.2.8
LogInit:  - other features:
LogInit:      CURL_VERSION_SSL
LogInit:      CURL_VERSION_LIBZ
LogInit:      CURL_VERSION_IPV6
LogInit:      CURL_VERSION_ASYNCHDNS
LogInit:      CURL_VERSION_LARGEFILE
LogInit:      CURL_VERSION_IDN
LogInit:  CurlRequestOptions (configurable via config and command line):
LogInit:  - bVerifyPeer = true  - Libcurl will verify peer certificate
LogInit:  - bUseHttpProxy = false  - Libcurl will NOT use HTTP proxy
LogInit:  - bDontReuseConnections = false  - Libcurl will reuse connections
LogInit:  - MaxHostConnections = 16  - Libcurl will limit the number of connections to a host
LogInit:  - LocalHostAddr = Default
LogInit:  - BufferSize = 65536
LogOnline: OSS: Creating online subsystem instance for: NULL
LogInit: WinSock: version 1.1 (2.2), MaxSocks=32767, MaxUdp=65467
LogOnline: OSS: TryLoadSubsystemAndSetDefault: Loaded subsystem for module [NULL]
LogInit: Build: ++UE4+Release-4.25-CL-14469661
LogInit: Engine Version: 4.25.4-14469661+++UE4+Release-4.25
LogInit: Compatible Engine Version: 4.25.0-13144385+++UE4+Release-4.25
LogInit: Net CL: 13144385
LogInit: OS: Windows 10 (Release 1909) (), CPU: Intel(R) Core(TM) i7-8700K CPU @ 3.70GHz, GPU: NVIDIA GeForce RTX 2080
LogInit: Compiled (64-bit): Oct 11 2020 08:10:49
LogInit: Compiled with Visual C++: 19.24.28315.00
LogInit: Build Configuration: Development
LogInit: Branch Name: ++UE4+Release-4.25
LogInit: Command Line:  -skipcompile
LogInit: Base Directory: D:/Program Files (x86)/UE_4.25/Engine/Binaries/Win64/
LogInit: Allocator: TBB
LogInit: Installed Engine Build: 1
LogDevObjectVersion: Number of dev versions registered: 26
LogDevObjectVersion:   Dev-Blueprints (B0D832E4-1F89-4F0D-ACCF-7EB736FD4AA2): 10
LogDevObjectVersion:   Dev-Build (E1C64328-A22C-4D53-A36C-8E866417BD8C): 0
LogDevObjectVersion:   Dev-Core (375EC13C-06E4-48FB-B500-84F0262A717E): 4
LogDevObjectVersion:   Dev-Editor (E4B068ED-F494-42E9-A231-DA0B2E46BB41): 38
LogDevObjectVersion:   Dev-Framework (CFFC743F-43B0-4480-9391-14DF171D2073): 37
LogDevObjectVersion:   Dev-Mobile (B02B49B5-BB20-44E9-A304-32B752E40360): 2
LogDevObjectVersion:   Dev-Networking (A4E4105C-59A1-49B5-A7C5-40C4547EDFEE): 0
LogDevObjectVersion:   Dev-Online (39C831C9-5AE6-47DC-9A44-9C173E1C8E7C): 0
LogDevObjectVersion:   Dev-Physics (78F01B33-EBEA-4F98-B9B4-84EACCB95AA2): 4
LogDevObjectVersion:   Dev-Platform (6631380F-2D4D-43E0-8009-CF276956A95A): 0
LogDevObjectVersion:   Dev-Rendering (12F88B9F-8875-4AFC-A67C-D90C383ABD29): 43
LogDevObjectVersion:   Dev-Sequencer (7B5AE74C-D270-4C10-A958-57980B212A5A): 12
LogDevObjectVersion:   Dev-VR (D7296918-1DD6-4BDD-9DE2-64A83CC13884): 3
LogDevObjectVersion:   Dev-LoadTimes (C2A15278-BFE7-4AFE-6C17-90FF531DF755): 1
LogDevObjectVersion:   Private-Geometry (6EACA3D4-40EC-4CC1-B786-8BED09428FC5): 3
LogDevObjectVersion:   Dev-AnimPhys (29E575DD-E0A3-4627-9D10-D276232CDCEA): 17
LogDevObjectVersion:   Dev-Anim (AF43A65D-7FD3-4947-9873-3E8ED9C1BB05): 7
LogDevObjectVersion:   Dev-ReflectionCapture (6B266CEC-1EC7-4B8F-A30B-E4D90942FC07): 1
LogDevObjectVersion:   Dev-Automation (0DF73D61-A23F-47EA-B727-89E90C41499A): 1
LogDevObjectVersion:   FortniteMain (601D1886-AC64-4F84-AA16-D3DE0DEAC7D6): 31
LogDevObjectVersion:   Dev-Enterprise (9DFFBCD6-494F-0158-E221-12823C92A888): 10
LogDevObjectVersion:   Dev-Niagara (F2AED0AC-9AFE-416F-8664-AA7FFA26D6FC): 1
LogDevObjectVersion:   Dev-Destruction (174F1F0B-B4C6-45A5-B13F-2EE8D0FB917D): 10
LogDevObjectVersion:   Dev-Physics-Ext (35F94A83-E258-406C-A318-09F59610247C): 37
LogDevObjectVersion:   Dev-PhysicsMaterial-Chaos (B68FC16E-8B1B-42E2-B453-215C058844FE): 1
LogDevObjectVersion:   Dev-CineCamera (B2E18506-4273-CFC2-A54E-F4BB758BBA07): 1
LogInit: Presizing for max 25165824 objects, including 0 objects not considered by GC, pre-allocating 0 bytes for permanent pool.
LogConfig: Applying CVar settings from Section [/Script/Engine.StreamingSettings] File [D:/Users/h017026h/Documents/GitKraken/-raisethegamejam-2020/RaiseTheGameJame2020/Saved/Config/Windows/Engine.ini]
LogConfig: Setting CVar [[s.MinBulkDataSizeForAsyncLoading:131072]]
LogConfig: Setting CVar [[s.AsyncLoadingThreadEnabled:0]]
LogConfig: Setting CVar [[s.EventDrivenLoaderEnabled:1]]
LogConfig: Setting CVar [[s.WarnIfTimeLimitExceeded:0]]
LogConfig: Setting CVar [[s.TimeLimitExceededMultiplier:1.5]]
LogConfig: Setting CVar [[s.TimeLimitExceededMinTime:0.005]]
LogConfig: Setting CVar [[s.UseBackgroundLevelStreaming:1]]
LogConfig: Setting CVar [[s.PriorityAsyncLoadingExtraTime:15.0]]
LogConfig: Setting CVar [[s.LevelStreamingActorsUpdateTimeLimit:5.0]]
LogConfig: Setting CVar [[s.PriorityLevelStreamingActorsUpdateExtraTime:5.0]]
LogConfig: Setting CVar [[s.LevelStreamingComponentsRegistrationGranularity:10]]
LogConfig: Setting CVar [[s.UnregisterComponentsTimeLimit:1.0]]
LogConfig: Setting CVar [[s.LevelStreamingComponentsUnregistrationGranularity:5]]
LogConfig: Setting CVar [[s.FlushStreamingOnExit:1]]
LogInit: Object subsystem initialized
LogConfig: Setting CVar [[con.DebugEarlyDefault:1]]
LogConfig: Setting CVar [[r.setres:1280x720]]
[2020.11.19-09.40.15:666][  0]LogConfig: Setting CVar [[r.VSync:0]]
[2020.11.19-09.40.15:666][  0]LogConfig: Setting CVar [[r.RHICmdBypass:0]]
[2020.11.19-09.40.15:667][  0]LogConfig: Applying CVar settings from Section [/Script/Engine.RendererSettings] File [D:/Users/h017026h/Documents/GitKraken/-raisethegamejam-2020/RaiseTheGameJame2020/Saved/Config/Windows/Engine.ini]
[2020.11.19-09.40.15:667][  0]LogConfig: Setting CVar [[r.GPUCrashDebugging:0]]
[2020.11.19-09.40.15:667][  0]LogConfig: Applying CVar settings from Section [/Script/Engine.RendererOverrideSettings] File [D:/Users/h017026h/Documents/GitKraken/-raisethegamejam-2020/RaiseTheGameJame2020/Saved/Config/Windows/Engine.ini]
[2020.11.19-09.40.15:667][  0]LogConfig: Applying CVar settings from Section [/Script/Engine.StreamingSettings] File [D:/Users/h017026h/Documents/GitKraken/-raisethegamejam-2020/RaiseTheGameJame2020/Saved/Config/Windows/Engine.ini]
[2020.11.19-09.40.15:667][  0]LogConfig: Setting CVar [[s.MinBulkDataSizeForAsyncLoading:131072]]
[2020.11.19-09.40.15:667][  0]LogConfig: Setting CVar [[s.AsyncLoadingThreadEnabled:0]]
[2020.11.19-09.40.15:667][  0]LogConfig: Setting CVar [[s.EventDrivenLoaderEnabled:1]]
[2020.11.19-09.40.15:667][  0]LogConfig: Setting CVar [[s.WarnIfTimeLimitExceeded:0]]
[2020.11.19-09.40.15:667][  0]LogConfig: Setting CVar [[s.TimeLimitExceededMultiplier:1.5]]
[2020.11.19-09.40.15:667][  0]LogConfig: Setting CVar [[s.TimeLimitExceededMinTime:0.005]]
[2020.11.19-09.40.15:667][  0]LogConfig: Setting CVar [[s.UseBackgroundLevelStreaming:1]]
[2020.11.19-09.40.15:667][  0]LogConfig: Setting CVar [[s.PriorityAsyncLoadingExtraTime:15.0]]
[2020.11.19-09.40.15:667][  0]LogConfig: Setting CVar [[s.LevelStreamingActorsUpdateTimeLimit:5.0]]
[2020.11.19-09.40.15:667][  0]LogConfig: Setting CVar [[s.PriorityLevelStreamingActorsUpdateExtraTime:5.0]]
[2020.11.19-09.40.15:667][  0]LogConfig: Setting CVar [[s.LevelStreamingComponentsRegistrationGranularity:10]]
[2020.11.19-09.40.15:667][  0]LogConfig: Setting CVar [[s.UnregisterComponentsTimeLimit:1.0]]
[2020.11.19-09.40.15:667][  0]LogConfig: Setting CVar [[s.LevelStreamingComponentsUnregistrationGranularity:5]]
[2020.11.19-09.40.15:668][  0]LogConfig: Setting CVar [[s.FlushStreamingOnExit:1]]
[2020.11.19-09.40.15:668][  0]LogConfig: Applying CVar settings from Section [/Script/Engine.GarbageCollectionSettings] File [D:/Users/h017026h/Documents/GitKraken/-raisethegamejam-2020/RaiseTheGameJame2020/Saved/Config/Windows/Engine.ini]
[2020.11.19-09.40.15:668][  0]LogConfig: Setting CVar [[gc.MaxObjectsNotConsideredByGC:1]]
[2020.11.19-09.40.15:668][  0]LogConfig: Setting CVar [[gc.SizeOfPermanentObjectPool:0]]
[2020.11.19-09.40.15:668][  0]LogConfig: Setting CVar [[gc.FlushStreamingOnGC:0]]
[2020.11.19-09.40.15:668][  0]LogConfig: Setting CVar [[gc.NumRetriesBeforeForcingGC:10]]
[2020.11.19-09.40.15:668][  0]LogConfig: Setting CVar [[gc.AllowParallelGC:1]]
[2020.11.19-09.40.15:668][  0]LogConfig: Setting CVar [[gc.TimeBetweenPurgingPendingKillObjects:61.1]]
[2020.11.19-09.40.15:668][  0]LogConfig: Setting CVar [[gc.MaxObjectsInEditor:25165824]]
[2020.11.19-09.40.15:668][  0]LogConfig: Setting CVar [[gc.IncrementalBeginDestroyEnabled:1]]
[2020.11.19-09.40.15:668][  0]LogConfig: Setting CVar [[gc.CreateGCClusters:1]]
[2020.11.19-09.40.15:668][  0]LogConfig: Setting CVar [[gc.MinGCClusterSize:5]]
[2020.11.19-09.40.15:668][  0]LogConfig: Setting CVar [[gc.ActorClusteringEnabled:0]]
[2020.11.19-09.40.15:668][  0]LogConfig: Setting CVar [[gc.BlueprintClusteringEnabled:0]]
[2020.11.19-09.40.15:668][  0]LogConfig: Setting CVar [[gc.UseDisregardForGCOnDedicatedServers:0]]
[2020.11.19-09.40.15:668][  0]LogConfig: Applying CVar settings from Section [/Script/Engine.NetworkSettings] File [D:/Users/h017026h/Documents/GitKraken/-raisethegamejam-2020/RaiseTheGameJame2020/Saved/Config/Windows/Engine.ini]
[2020.11.19-09.40.15:668][  0]LogConfig: Applying CVar settings from Section [/Script/UnrealEd.CookerSettings] File [D:/Users/h017026h/Documents/GitKraken/-raisethegamejam-2020/RaiseTheGameJame2020/Saved/Config/Windows/Engine.ini]
[2020.11.19-09.40.15:689][  0]LogConfig: Applying CVar settings from Section [ViewDistanceQuality@3] File [D:/Users/h017026h/Documents/GitKraken/-raisethegamejam-2020/RaiseTheGameJame2020/Saved/Config/Windows/Scalability.ini]
[2020.11.19-09.40.15:689][  0]LogConfig: Setting CVar [[r.SkeletalMeshLODBias:0]]
[2020.11.19-09.40.15:689][  0]LogConfig: Setting CVar [[r.ViewDistanceScale:1.0]]
[2020.11.19-09.40.15:689][  0]LogConfig: Applying CVar settings from Section [AntiAliasingQuality@3] File [D:/Users/h017026h/Documents/GitKraken/-raisethegamejam-2020/RaiseTheGameJame2020/Saved/Config/Windows/Scalability.ini]
[2020.11.19-09.40.15:689][  0]LogConfig: Setting CVar [[r.PostProcessAAQuality:4]]
[2020.11.19-09.40.15:689][  0]LogConfig: Applying CVar settings from Section [ShadowQuality@3] File [D:/Users/h017026h/Documents/GitKraken/-raisethegamejam-2020/RaiseTheGameJame2020/Saved/Config/Windows/Scalability.ini]
[2020.11.19-09.40.15:689][  0]LogConfig: Setting CVar [[r.LightFunctionQuality:1]]
[2020.11.19-09.40.15:689][  0]LogConfig: Setting CVar [[r.ShadowQuality:5]]
[2020.11.19-09.40.15:689][  0]LogConfig: Setting CVar [[r.Shadow.CSM.MaxCascades:10]]
[2020.11.19-09.40.15:689][  0]LogConfig: Setting CVar [[r.Shadow.MaxResolution:2048]]
[2020.11.19-09.40.15:690][  0]LogConfig: Setting CVar [[r.Shadow.MaxCSMResolution:2048]]
[2020.11.19-09.40.15:690][  0]LogConfig: Setting CVar [[r.Shadow.RadiusThreshold:0.01]]
[2020.11.19-09.40.15:690][  0]LogConfig: Setting CVar [[r.Shadow.DistanceScale:1.0]]
[2020.11.19-09.40.15:690][  0]LogConfig: Setting CVar [[r.Shadow.CSM.TransitionScale:1.0]]
[2020.11.19-09.40.15:690][  0]LogConfig: Setting CVar [[r.Shadow.PreShadowResolutionFactor:1.0]]
[2020.11.19-09.40.15:690][  0]LogConfig: Setting CVar [[r.DistanceFieldShadowing:1]]
[2020.11.19-09.40.15:690][  0]LogConfig: Setting CVar [[r.DistanceFieldAO:1]]
[2020.11.19-09.40.15:690][  0]LogConfig: Setting CVar [[r.AOQuality:2]]
[2020.11.19-09.40.15:690][  0]LogConfig: Setting CVar [[r.VolumetricFog:1]]
[2020.11.19-09.40.15:690][  0]LogConfig: Setting CVar [[r.VolumetricFog.GridPixelSize:8]]
[2020.11.19-09.40.15:690][  0]LogConfig: Setting CVar [[r.VolumetricFog.GridSizeZ:128]]
[2020.11.19-09.40.15:690][  0]LogConfig: Setting CVar [[r.VolumetricFog.HistoryMissSupersampleCount:4]]
[2020.11.19-09.40.15:690][  0]LogConfig: Setting CVar [[r.LightMaxDrawDistanceScale:1]]
[2020.11.19-09.40.15:690][  0]LogConfig: Setting CVar [[r.CapsuleShadows:1]]
[2020.11.19-09.40.15:690][  0]LogConfig: Applying CVar settings from Section [PostProcessQuality@3] File [D:/Users/h017026h/Documents/GitKraken/-raisethegamejam-2020/RaiseTheGameJame2020/Saved/Config/Windows/Scalability.ini]
[2020.11.19-09.40.15:691][  0]LogConfig: Setting CVar [[r.MotionBlurQuality:4]]
[2020.11.19-09.40.15:691][  0]LogConfig: Setting CVar [[r.AmbientOcclusionMipLevelFactor:0.4]]
[2020.11.19-09.40.15:691][  0]LogConfig: Setting CVar [[r.AmbientOcclusionMaxQuality:100]]
[2020.11.19-09.40.15:691][  0]LogConfig: Setting CVar [[r.AmbientOcclusionLevels:-1]]
[2020.11.19-09.40.15:691][  0]LogConfig: Setting CVar [[r.AmbientOcclusionRadiusScale:1.0]]
[2020.11.19-09.40.15:691][  0]LogConfig: Setting CVar [[r.DepthOfFieldQuality:2]]
[2020.11.19-09.40.15:691][  0]LogConfig: Setting CVar [[r.RenderTargetPoolMin:400]]
[2020.11.19-09.40.15:691][  0]LogConfig: Setting CVar [[r.LensFlareQuality:2]]
[2020.11.19-09.40.15:691][  0]LogConfig: Setting CVar [[r.SceneColorFringeQuality:1]]
[2020.11.19-09.40.15:691][  0]LogConfig: Setting CVar [[r.EyeAdaptationQuality:2]]
[2020.11.19-09.40.15:691][  0]LogConfig: Setting CVar [[r.BloomQuality:5]]
[2020.11.19-09.40.15:691][  0]LogConfig: Setting CVar [[r.FastBlurThreshold:100]]
[2020.11.19-09.40.15:691][  0]LogConfig: Setting CVar [[r.Upscale.Quality:3]]
[2020.11.19-09.40.15:691][  0]LogConfig: Setting CVar [[r.Tonemapper.GrainQuantization:1]]
[2020.11.19-09.40.15:691][  0]LogConfig: Setting CVar [[r.LightShaftQuality:1]]
[2020.11.19-09.40.15:691][  0]LogConfig: Setting CVar [[r.Filter.SizeScale:1]]
[2020.11.19-09.40.15:691][  0]LogConfig: Setting CVar [[r.Tonemapper.Quality:5]]
[2020.11.19-09.40.15:692][  0]LogConfig: Setting CVar [[r.DOF.Gather.AccumulatorQuality:1        ; higher gathering accumulator quality]]
[2020.11.19-09.40.15:692][  0]LogConfig: Setting CVar [[r.DOF.Gather.PostfilterMethod:1          ; Median3x3 postfilering method]]
[2020.11.19-09.40.15:692][  0]LogConfig: Setting CVar [[r.DOF.Gather.EnableBokehSettings:0       ; no bokeh simulation when gathering]]
[2020.11.19-09.40.15:692][  0]LogConfig: Setting CVar [[r.DOF.Gather.RingCount:4                 ; medium number of samples when gathering]]
[2020.11.19-09.40.15:692][  0]LogConfig: Setting CVar [[r.DOF.Scatter.ForegroundCompositing:1    ; additive foreground scattering]]
[2020.11.19-09.40.15:692][  0]LogConfig: Setting CVar [[r.DOF.Scatter.BackgroundCompositing:2    ; additive background scattering]]
[2020.11.19-09.40.15:692][  0]LogConfig: Setting CVar [[r.DOF.Scatter.EnableBokehSettings:1      ; bokeh simulation when scattering]]
[2020.11.19-09.40.15:692][  0]LogConfig: Setting CVar [[r.DOF.Scatter.MaxSpriteRatio:0.1         ; only a maximum of 10% of scattered bokeh]]
[2020.11.19-09.40.15:692][  0]LogConfig: Setting CVar [[r.DOF.Recombine.Quality:1                ; cheap slight out of focus]]
[2020.11.19-09.40.15:692][  0]LogConfig: Setting CVar [[r.DOF.Recombine.EnableBokehSettings:0    ; no bokeh simulation on slight out of focus]]
[2020.11.19-09.40.15:692][  0]LogConfig: Setting CVar [[r.DOF.TemporalAAQuality:1                ; more stable temporal accumulation]]
[2020.11.19-09.40.15:692][  0]LogConfig: Setting CVar [[r.DOF.Kernel.MaxForegroundRadius:0.025]]
[2020.11.19-09.40.15:692][  0]LogConfig: Setting CVar [[r.DOF.Kernel.MaxBackgroundRadius:0.025]]
[2020.11.19-09.40.15:692][  0]LogConfig: Applying CVar settings from Section [TextureQuality@3] File [D:/Users/h017026h/Documents/GitKraken/-raisethegamejam-2020/RaiseTheGameJame2020/Saved/Config/Windows/Scalability.ini]
[2020.11.19-09.40.15:693][  0]LogConfig: Setting CVar [[r.Streaming.MipBias:0]]
[2020.11.19-09.40.15:693][  0]LogConfig: Setting CVar [[r.Streaming.AmortizeCPUToGPUCopy:0]]
[2020.11.19-09.40.15:693][  0]LogConfig: Setting CVar [[r.Streaming.MaxNumTexturesToStreamPerFrame:0]]
[2020.11.19-09.40.15:693][  0]LogConfig: Setting CVar [[r.Streaming.Boost:1]]
[2020.11.19-09.40.15:693][  0]LogConfig: Setting CVar [[r.MaxAnisotropy:8]]
[2020.11.19-09.40.15:693][  0]LogConfig: Setting CVar [[r.VT.MaxAnisotropy:8]]
[2020.11.19-09.40.15:693][  0]LogConfig: Setting CVar [[r.Streaming.LimitPoolSizeToVRAM:0]]
[2020.11.19-09.40.15:693][  0]LogConfig: Setting CVar [[r.Streaming.PoolSize:1000]]
[2020.11.19-09.40.15:693][  0]LogConfig: Setting CVar [[r.Streaming.MaxEffectiveScreenSize:0]]
[2020.11.19-09.40.15:693][  0]LogConfig: Applying CVar settings from Section [EffectsQuality@3] File [D:/Users/h017026h/Documents/GitKraken/-raisethegamejam-2020/RaiseTheGameJame2020/Saved/Config/Windows/Scalability.ini]
[2020.11.19-09.40.15:693][  0]LogConfig: Setting CVar [[r.TranslucencyLightingVolumeDim:64]]
[2020.11.19-09.40.15:693][  0]LogConfig: Setting CVar [[r.RefractionQuality:2]]
[2020.11.19-09.40.15:693][  0]LogConfig: Setting CVar [[r.SSR.Quality:3]]
[2020.11.19-09.40.15:693][  0]LogConfig: Setting CVar [[r.SSR.HalfResSceneColor:0]]
[2020.11.19-09.40.15:693][  0]LogConfig: Setting CVar [[r.SceneColorFormat:4]]
[2020.11.19-09.40.15:693][  0]LogConfig: Setting CVar [[r.DetailMode:2]]
[2020.11.19-09.40.15:694][  0]LogConfig: Setting CVar [[r.TranslucencyVolumeBlur:1]]
[2020.11.19-09.40.15:694][  0]LogConfig: Setting CVar [[r.MaterialQualityLevel:1 ; High quality]]
[2020.11.19-09.40.15:694][  0]LogConfig: Setting CVar [[r.SSS.Scale:1]]
[2020.11.19-09.40.15:694][  0]LogConfig: Setting CVar [[r.SSS.SampleSet:2]]
[2020.11.19-09.40.15:694][  0]LogConfig: Setting CVar [[r.SSS.Quality:1]]
[2020.11.19-09.40.15:694][  0]LogConfig: Setting CVar [[r.SSS.HalfRes:0]]
[2020.11.19-09.40.15:694][  0]LogConfig: Setting CVar [[r.SSGI.Quality:3]]
[2020.11.19-09.40.15:694][  0]LogConfig: Setting CVar [[r.EmitterSpawnRateScale:1.0]]
[2020.11.19-09.40.15:694][  0]LogConfig: Setting CVar [[r.ParticleLightQuality:2]]
[2020.11.19-09.40.15:694][  0]LogConfig: Setting CVar [[r.SkyAtmosphere.AerialPerspectiveLUT.FastApplyOnOpaque:1 ; Always have FastSkyLUT 1 in this case to avoid wrong sky]]
[2020.11.19-09.40.15:694][  0]LogConfig: Setting CVar [[r.SkyAtmosphere.AerialPerspectiveLUT.SampleCountPerSlice:1]]
[2020.11.19-09.40.15:694][  0]LogConfig: Setting CVar [[r.SkyAtmosphere.AerialPerspectiveLUT.DepthResolution:16.0]]
[2020.11.19-09.40.15:694][  0]LogConfig: Setting CVar [[r.SkyAtmosphere.FastSkyLUT:1]]
[2020.11.19-09.40.15:694][  0]LogConfig: Setting CVar [[r.SkyAtmosphere.FastSkyLUT.SampleCountMin:4.0]]
[2020.11.19-09.40.15:694][  0]LogConfig: Setting CVar [[r.SkyAtmosphere.FastSkyLUT.SampleCountMax:32.0]]
[2020.11.19-09.40.15:694][  0]LogConfig: Setting CVar [[r.SkyAtmosphere.SampleCountMin:4.0]]
[2020.11.19-09.40.15:694][  0]LogConfig: Setting CVar [[r.SkyAtmosphere.SampleCountMax:32.0]]
[2020.11.19-09.40.15:694][  0]LogConfig: Setting CVar [[r.SkyAtmosphere.TransmittanceLUT.UseSmallFormat:0]]
[2020.11.19-09.40.15:695][  0]LogConfig: Setting CVar [[r.SkyAtmosphere.TransmittanceLUT.SampleCount:10.0]]
[2020.11.19-09.40.15:695][  0]LogConfig: Setting CVar [[r.SkyAtmosphere.MultiScatteringLUT.SampleCount:15.0]]
[2020.11.19-09.40.15:695][  0]LogConfig: Applying CVar settings from Section [FoliageQuality@3] File [D:/Users/h017026h/Documents/GitKraken/-raisethegamejam-2020/RaiseTheGameJame2020/Saved/Config/Windows/Scalability.ini]
[2020.11.19-09.40.15:695][  0]LogConfig: Setting CVar [[foliage.DensityScale:1.0]]
[2020.11.19-09.40.15:695][  0]LogConfig: Setting CVar [[grass.DensityScale:1.0]]
[2020.11.19-09.40.15:695][  0]LogConfig: Applying CVar settings from Section [ShadingQuality@3] File [D:/Users/h017026h/Documents/GitKraken/-raisethegamejam-2020/RaiseTheGameJame2020/Saved/Config/Windows/Scalability.ini]
[2020.11.19-09.40.15:695][  0]LogConfig: Setting CVar [[r.HairStrands.SkyLighting.SampleCount:16]]
[2020.11.19-09.40.15:695][  0]LogConfig: Setting CVar [[r.HairStrands.SkyLighting.JitterIntegration:0]]
[2020.11.19-09.40.15:695][  0]LogConfig: Setting CVar [[r.HairStrands.SkyAO.SampleCount:16]]
[2020.11.19-09.40.15:695][  0]LogConfig: Setting CVar [[r.HairStrands.DeepShadow.SuperSampling:0]]
[2020.11.19-09.40.15:695][  0]LogConfig: Setting CVar [[r.HairStrands.VisibilityPPLL:0]]
[2020.11.19-09.40.15:695][  0]LogConfig: Setting CVar [[r.HairStrands.RasterizationScale:0.5]]
[2020.11.19-09.40.15:695][  0]LogConfig: Setting CVar [[r.HairStrands.VelocityRasterizationScale:1]]
[2020.11.19-09.40.15:695][  0]LogInit: Selected Device Profile: [Windows]
[2020.11.19-09.40.15:695][  0]LogInit: Applying CVar settings loaded from the selected device profile: [Windows]
[2020.11.19-09.40.15:695][  0]LogHAL: Display: Platform has ~ 16 GB [17130930176 / 17179869184 / 16], which maps to Larger [LargestMinGB=32, LargerMinGB=12, DefaultMinGB=8, SmallerMinGB=6, SmallestMinGB=0)
[2020.11.19-09.40.15:695][  0]LogInit: Going up to parent DeviceProfile []
[2020.11.19-09.40.15:695][  0]LogConfig: Applying CVar settings from Section [ViewDistanceQuality@3] File [D:/Users/h017026h/Documents/GitKraken/-raisethegamejam-2020/RaiseTheGameJame2020/Saved/Config/Windows/Scalability.ini]
[2020.11.19-09.40.15:695][  0]LogConfig: Setting CVar [[r.SkeletalMeshLODBias:0]]
[2020.11.19-09.40.15:696][  0]LogConfig: Setting CVar [[r.ViewDistanceScale:1.0]]
[2020.11.19-09.40.15:696][  0]LogConfig: Applying CVar settings from Section [AntiAliasingQuality@3] File [D:/Users/h017026h/Documents/GitKraken/-raisethegamejam-2020/RaiseTheGameJame2020/Saved/Config/Windows/Scalability.ini]
[2020.11.19-09.40.15:696][  0]LogConfig: Setting CVar [[r.PostProcessAAQuality:4]]
[2020.11.19-09.40.15:696][  0]LogConfig: Applying CVar settings from Section [ShadowQuality@3] File [D:/Users/h017026h/Documents/GitKraken/-raisethegamejam-2020/RaiseTheGameJame2020/Saved/Config/Windows/Scalability.ini]
[2020.11.19-09.40.15:696][  0]LogConfig: Setting CVar [[r.LightFunctionQuality:1]]
[2020.11.19-09.40.15:696][  0]LogConfig: Setting CVar [[r.ShadowQuality:5]]
[2020.11.19-09.40.15:696][  0]LogConfig: Setting CVar [[r.Shadow.CSM.MaxCascades:10]]
[2020.11.19-09.40.15:696][  0]LogConfig: Setting CVar [[r.Shadow.MaxResolution:2048]]
[2020.11.19-09.40.15:696][  0]LogConfig: Setting CVar [[r.Shadow.MaxCSMResolution:2048]]
[2020.11.19-09.40.15:696][  0]LogConfig: Setting CVar [[r.Shadow.RadiusThreshold:0.01]]
[2020.11.19-09.40.15:696][  0]LogConfig: Setting CVar [[r.Shadow.DistanceScale:1.0]]
[2020.11.19-09.40.15:696][  0]LogConfig: Setting CVar [[r.Shadow.CSM.TransitionScale:1.0]]
[2020.11.19-09.40.15:696][  0]LogConfig: Setting CVar [[r.Shadow.PreShadowResolutionFactor:1.0]]
[2020.11.19-09.40.15:696][  0]LogConfig: Setting CVar [[r.DistanceFieldShadowing:1]]
[2020.11.19-09.40.15:696][  0]LogConfig: Setting CVar [[r.DistanceFieldAO:1]]
[2020.11.19-09.40.15:696][  0]LogConfig: Setting CVar [[r.AOQuality:2]]
[2020.11.19-09.40.15:696][  0]LogConfig: Setting CVar [[r.VolumetricFog:1]]
[2020.11.19-09.40.15:696][  0]LogConfig: Setting CVar [[r.VolumetricFog.GridPixelSize:8]]
[2020.11.19-09.40.15:696][  0]LogConfig: Setting CVar [[r.VolumetricFog.GridSizeZ:128]]
[2020.11.19-09.40.15:696][  0]LogConfig: Setting CVar [[r.VolumetricFog.HistoryMissSupersampleCount:4]]
[2020.11.19-09.40.15:696][  0]LogConfig: Setting CVar [[r.LightMaxDrawDistanceScale:1]]
[2020.11.19-09.40.15:697][  0]LogConfig: Setting CVar [[r.CapsuleShadows:1]]
[2020.11.19-09.40.15:697][  0]LogConfig: Applying CVar settings from Section [PostProcessQuality@3] File [D:/Users/h017026h/Documents/GitKraken/-raisethegamejam-2020/RaiseTheGameJame2020/Saved/Config/Windows/Scalability.ini]
[2020.11.19-09.40.15:697][  0]LogConfig: Setting CVar [[r.MotionBlurQuality:4]]
[2020.11.19-09.40.15:697][  0]LogConfig: Setting CVar [[r.AmbientOcclusionMipLevelFactor:0.4]]
[2020.11.19-09.40.15:697][  0]LogConfig: Setting CVar [[r.AmbientOcclusionMaxQuality:100]]
[2020.11.19-09.40.15:697][  0]LogConfig: Setting CVar [[r.AmbientOcclusionLevels:-1]]
[2020.11.19-09.40.15:697][  0]LogConfig: Setting CVar [[r.AmbientOcclusionRadiusScale:1.0]]
[2020.11.19-09.40.15:697][  0]LogConfig: Setting CVar [[r.DepthOfFieldQuality:2]]
[2020.11.19-09.40.15:697][  0]LogConfig: Setting CVar [[r.RenderTargetPoolMin:400]]
[2020.11.19-09.40.15:697][  0]LogConfig: Setting CVar [[r.LensFlareQuality:2]]
[2020.11.19-09.40.15:697][  0]LogConfig: Setting CVar [[r.SceneColorFringeQuality:1]]
[2020.11.19-09.40.15:697][  0]LogConfig: Setting CVar [[r.EyeAdaptationQuality:2]]
[2020.11.19-09.40.15:697][  0]LogConfig: Setting CVar [[r.BloomQuality:5]]
[2020.11.19-09.40.15:697][  0]LogConfig: Setting CVar [[r.FastBlurThreshold:100]]
[2020.11.19-09.40.15:697][  0]LogConfig: Setting CVar [[r.Upscale.Quality:3]]
[2020.11.19-09.40.15:697][  0]LogConfig: Setting CVar [[r.Tonemapper.GrainQuantization:1]]
[2020.11.19-09.40.15:697][  0]LogConfig: Setting CVar [[r.LightShaftQuality:1]]
[2020.11.19-09.40.15:697][  0]LogConfig: Setting CVar [[r.Filter.SizeScale:1]]
[2020.11.19-09.40.15:697][  0]LogConfig: Setting CVar [[r.Tonemapper.Quality:5]]
[2020.11.19-09.40.15:697][  0]LogConfig: Setting CVar [[r.DOF.Gather.AccumulatorQuality:1        ; higher gathering accumulator quality]]
[2020.11.19-09.40.15:697][  0]LogConfig: Setting CVar [[r.DOF.Gather.PostfilterMethod:1          ; Median3x3 postfilering method]]
[2020.11.19-09.40.15:697][  0]LogConfig: Setting CVar [[r.DOF.Gather.EnableBokehSettings:0       ; no bokeh simulation when gathering]]
[2020.11.19-09.40.15:698][  0]LogConfig: Setting CVar [[r.DOF.Gather.RingCount:4                 ; medium number of samples when gathering]]
[2020.11.19-09.40.15:698][  0]LogConfig: Setting CVar [[r.DOF.Scatter.ForegroundCompositing:1    ; additive foreground scattering]]
[2020.11.19-09.40.15:698][  0]LogConfig: Setting CVar [[r.DOF.Scatter.BackgroundCompositing:2    ; additive background scattering]]
[2020.11.19-09.40.15:698][  0]LogConfig: Setting CVar [[r.DOF.Scatter.EnableBokehSettings:1      ; bokeh simulation when scattering]]
[2020.11.19-09.40.15:698][  0]LogConfig: Setting CVar [[r.DOF.Scatter.MaxSpriteRatio:0.1         ; only a maximum of 10% of scattered bokeh]]
[2020.11.19-09.40.15:698][  0]LogConfig: Setting CVar [[r.DOF.Recombine.Quality:1                ; cheap slight out of focus]]
[2020.11.19-09.40.15:698][  0]LogConfig: Setting CVar [[r.DOF.Recombine.EnableBokehSettings:0    ; no bokeh simulation on slight out of focus]]
[2020.11.19-09.40.15:698][  0]LogConfig: Setting CVar [[r.DOF.TemporalAAQuality:1                ; more stable temporal accumulation]]
[2020.11.19-09.40.15:698][  0]LogConfig: Setting CVar [[r.DOF.Kernel.MaxForegroundRadius:0.025]]
[2020.11.19-09.40.15:698][  0]LogConfig: Setting CVar [[r.DOF.Kernel.MaxBackgroundRadius:0.025]]
[2020.11.19-09.40.15:698][  0]LogConfig: Applying CVar settings from Section [TextureQuality@3] File [D:/Users/h017026h/Documents/GitKraken/-raisethegamejam-2020/RaiseTheGameJame2020/Saved/Config/Windows/Scalability.ini]
[2020.11.19-09.40.15:698][  0]LogConfig: Setting CVar [[r.Streaming.MipBias:0]]
[2020.11.19-09.40.15:698][  0]LogConfig: Setting CVar [[r.Streaming.AmortizeCPUToGPUCopy:0]]
[2020.11.19-09.40.15:698][  0]LogConfig: Setting CVar [[r.Streaming.MaxNumTexturesToStreamPerFrame:0]]
[2020.11.19-09.40.15:698][  0]LogConfig: Setting CVar [[r.Streaming.Boost:1]]
[2020.11.19-09.40.15:698][  0]LogConfig: Setting CVar [[r.MaxAnisotropy:8]]
[2020.11.19-09.40.15:698][  0]LogConfig: Setting CVar [[r.VT.MaxAnisotropy:8]]
[2020.11.19-09.40.15:698][  0]LogConfig: Setting CVar [[r.Streaming.LimitPoolSizeToVRAM:0]]
[2020.11.19-09.40.15:698][  0]LogConfig: Setting CVar [[r.Streaming.PoolSize:1000]]
[2020.11.19-09.40.15:698][  0]LogConfig: Setting CVar [[r.Streaming.MaxEffectiveScreenSize:0]]
[2020.11.19-09.40.15:698][  0]LogConfig: Applying CVar settings from Section [EffectsQuality@3] File [D:/Users/h017026h/Documents/GitKraken/-raisethegamejam-2020/RaiseTheGameJame2020/Saved/Config/Windows/Scalability.ini]
[2020.11.19-09.40.15:698][  0]LogConfig: Setting CVar [[r.TranslucencyLightingVolumeDim:64]]
[2020.11.19-09.40.15:698][  0]LogConfig: Setting CVar [[r.RefractionQuality:2]]
[2020.11.19-09.40.15:699][  0]LogConfig: Setting CVar [[r.SSR.Quality:3]]
[2020.11.19-09.40.15:699][  0]LogConfig: Setting CVar [[r.SSR.HalfResSceneColor:0]]
[2020.11.19-09.40.15:699][  0]LogConfig: Setting CVar [[r.SceneColorFormat:4]]
[2020.11.19-09.40.15:699][  0]LogConfig: Setting CVar [[r.DetailMode:2]]
[2020.11.19-09.40.15:699][  0]LogConfig: Setting CVar [[r.TranslucencyVolumeBlur:1]]
[2020.11.19-09.40.15:699][  0]LogConfig: Setting CVar [[r.MaterialQualityLevel:1 ; High quality]]
[2020.11.19-09.40.15:699][  0]LogConfig: Setting CVar [[r.SSS.Scale:1]]
[2020.11.19-09.40.15:699][  0]LogConfig: Setting CVar [[r.SSS.SampleSet:2]]
[2020.11.19-09.40.15:699][  0]LogConfig: Setting CVar [[r.SSS.Quality:1]]
[2020.11.19-09.40.15:699][  0]LogConfig: Setting CVar [[r.SSS.HalfRes:0]]
[2020.11.19-09.40.15:699][  0]LogConfig: Setting CVar [[r.SSGI.Quality:3]]
[2020.11.19-09.40.15:699][  0]LogConfig: Setting CVar [[r.EmitterSpawnRateScale:1.0]]
[2020.11.19-09.40.15:699][  0]LogConfig: Setting CVar [[r.ParticleLightQuality:2]]
[2020.11.19-09.40.15:699][  0]LogConfig: Setting CVar [[r.SkyAtmosphere.AerialPerspectiveLUT.FastApplyOnOpaque:1 ; Always have FastSkyLUT 1 in this case to avoid wrong sky]]
[2020.11.19-09.40.15:699][  0]LogConfig: Setting CVar [[r.SkyAtmosphere.AerialPerspectiveLUT.SampleCountPerSlice:1]]
[2020.11.19-09.40.15:699][  0]LogConfig: Setting CVar [[r.SkyAtmosphere.AerialPerspectiveLUT.DepthResolution:16.0]]
[2020.11.19-09.40.15:699][  0]LogConfig: Setting CVar [[r.SkyAtmosphere.FastSkyLUT:1]]
[2020.11.19-09.40.15:699][  0]LogConfig: Setting CVar [[r.SkyAtmosphere.FastSkyLUT.SampleCountMin:4.0]]
[2020.11.19-09.40.15:699][  0]LogConfig: Setting CVar [[r.SkyAtmosphere.FastSkyLUT.SampleCountMax:32.0]]
[2020.11.19-09.40.15:699][  0]LogConfig: Setting CVar [[r.SkyAtmosphere.SampleCountMin:4.0]]
[2020.11.19-09.40.15:700][  0]LogConfig: Setting CVar [[r.SkyAtmosphere.SampleCountMax:32.0]]
[2020.11.19-09.40.15:700][  0]LogConfig: Setting CVar [[r.SkyAtmosphere.TransmittanceLUT.UseSmallFormat:0]]
[2020.11.19-09.40.15:700][  0]LogConfig: Setting CVar [[r.SkyAtmosphere.TransmittanceLUT.SampleCount:10.0]]
[2020.11.19-09.40.15:700][  0]LogConfig: Setting CVar [[r.SkyAtmosphere.MultiScatteringLUT.SampleCount:15.0]]
[2020.11.19-09.40.15:700][  0]LogConfig: Applying CVar settings from Section [FoliageQuality@3] File [D:/Users/h017026h/Documents/GitKraken/-raisethegamejam-2020/RaiseTheGameJame2020/Saved/Config/Windows/Scalability.ini]
[2020.11.19-09.40.15:700][  0]LogConfig: Setting CVar [[foliage.DensityScale:1.0]]
[2020.11.19-09.40.15:700][  0]LogConfig: Setting CVar [[grass.DensityScale:1.0]]
[2020.11.19-09.40.15:700][  0]LogConfig: Applying CVar settings from Section [ShadingQuality@3] File [D:/Users/h017026h/Documents/GitKraken/-raisethegamejam-2020/RaiseTheGameJame2020/Saved/Config/Windows/Scalability.ini]
[2020.11.19-09.40.15:700][  0]LogConfig: Setting CVar [[r.HairStrands.SkyLighting.SampleCount:16]]
[2020.11.19-09.40.15:700][  0]LogConfig: Setting CVar [[r.HairStrands.SkyLighting.JitterIntegration:0]]
[2020.11.19-09.40.15:700][  0]LogConfig: Setting CVar [[r.HairStrands.SkyAO.SampleCount:16]]
[2020.11.19-09.40.15:700][  0]LogConfig: Setting CVar [[r.HairStrands.DeepShadow.SuperSampling:0]]
[2020.11.19-09.40.15:700][  0]LogConfig: Setting CVar [[r.HairStrands.VisibilityPPLL:0]]
[2020.11.19-09.40.15:700][  0]LogConfig: Setting CVar [[r.HairStrands.RasterizationScale:0.5]]
[2020.11.19-09.40.15:700][  0]LogConfig: Setting CVar [[r.HairStrands.VelocityRasterizationScale:1]]
[2020.11.19-09.40.15:700][  0]LogConfig: Applying CVar settings from Section [Startup] File [../../../Engine/Config/ConsoleVariables.ini]
[2020.11.19-09.40.15:707][  0]LogConfig: Setting CVar [[net.UseAdaptiveNetUpdateFrequency:0]]
[2020.11.19-09.40.15:707][  0]LogConfig: Setting CVar [[p.chaos.AllowCreatePhysxBodies:1]]
[2020.11.19-09.40.15:707][  0]LogConfig: Setting CVar [[fx.SkipVectorVMBackendOptimizations:1]]
[2020.11.19-09.40.15:707][  0]LogConfig: Applying CVar settings from Section [ConsoleVariables] File [D:/Users/h017026h/Documents/GitKraken/-raisethegamejam-2020/RaiseTheGameJame2020/Saved/Config/Windows/Engine.ini]
[2020.11.19-09.40.15:745][  0]LogInit: Computer: DESKTOP-D8L6EI8
[2020.11.19-09.40.15:745][  0]LogInit: User: h017026h
[2020.11.19-09.40.15:746][  0]LogInit: CPU Page size=4096, Cores=6
[2020.11.19-09.40.15:746][  0]LogInit: High frequency timer resolution =10.000000 MHz
[2020.11.19-09.40.15:746][  0]LogMemory: Memory total: Physical=16.0GB (16GB approx)
[2020.11.19-09.40.15:770][  0]LogMemory: Platform Memory Stats for Windows
[2020.11.19-09.40.15:770][  0]LogMemory: Process Physical Memory: 115.82 MB used, 115.82 MB peak
[2020.11.19-09.40.15:770][  0]LogMemory: Process Virtual Memory: 105.74 MB used, 105.74 MB peak
[2020.11.19-09.40.15:770][  0]LogMemory: Physical Memory: 13501.17 MB used,  2836.16 MB free, 16337.33 MB total
[2020.11.19-09.40.15:770][  0]LogMemory: Virtual Memory: 5173.71 MB used,  134212552.00 MB free, 134217728.00 MB total
[2020.11.19-09.40.15:779][  0]LogWindows: WindowsPlatformFeatures enabled
[2020.11.19-09.40.16:506][  0]LogInit: Physics initialised using underlying interface: PhysX
[2020.11.19-09.40.16:547][  0]LogInit: Using OS detected language (en-GB).
[2020.11.19-09.40.16:547][  0]LogInit: Using OS detected locale (en-GB).
[2020.11.19-09.40.16:578][  0]LogTextLocalizationManager: No specific localization for 'en-GB' exists, so the 'en' localization will be used.
[2020.11.19-09.40.16:970][  0]LogInit: Setting process to per monitor DPI aware
[2020.11.19-09.40.17:196][  0]LogSlate: New Slate User Created.  User Index 0, Is Virtual User: 0
[2020.11.19-09.40.17:196][  0]LogSlate: Slate User Registered.  User Index 0, Is Virtual User: 0
[2020.11.19-09.40.17:577][  0]LogHMD: Failed to initialize OpenVR with code 110
[2020.11.19-09.40.17:577][  0]LogD3D11RHI: D3D11 min allowed feature level: 11_0
[2020.11.19-09.40.17:577][  0]LogD3D11RHI: D3D11 max allowed feature level: 11_0
[2020.11.19-09.40.17:577][  0]LogD3D11RHI: D3D11 adapters:
[2020.11.19-09.40.17:754][  0]LogD3D11RHI:    0. 'NVIDIA GeForce RTX 2080' (Feature Level 11_0)
[2020.11.19-09.40.17:755][  0]LogD3D11RHI:       8010/0/8168 MB DedicatedVideo/DedicatedSystem/SharedSystem, Outputs:2, VendorId:0x10de
[2020.11.19-09.40.17:763][  0]LogD3D11RHI:    1. 'Microsoft Basic Render Driver' (Feature Level 11_0)
[2020.11.19-09.40.17:763][  0]LogD3D11RHI:       0/0/8168 MB DedicatedVideo/DedicatedSystem/SharedSystem, Outputs:0, VendorId:0x1414
[2020.11.19-09.40.17:763][  0]LogD3D11RHI: Chosen D3D11 Adapter: 0
[2020.11.19-09.40.17:774][  0]LogD3D11RHI: Creating new Direct3DDevice
[2020.11.19-09.40.17:774][  0]LogD3D11RHI:     GPU DeviceId: 0x1e87 (for the marketing name, search the web for "GPU Device Id")
[2020.11.19-09.40.17:775][  0]LogWindows: EnumDisplayDevices:
[2020.11.19-09.40.17:775][  0]LogWindows:    0. 'NVIDIA GeForce RTX 2080' (P:1 D:1)
[2020.11.19-09.40.17:775][  0]LogWindows:    1. 'NVIDIA GeForce RTX 2080' (P:0 D:1)
[2020.11.19-09.40.17:776][  0]LogWindows:    2. 'NVIDIA GeForce RTX 2080' (P:0 D:0)
[2020.11.19-09.40.17:776][  0]LogWindows:    3. 'NVIDIA GeForce RTX 2080' (P:0 D:0)
[2020.11.19-09.40.17:776][  0]LogWindows: DebugString: FoundDriverCount:4 
[2020.11.19-09.40.17:777][  0]LogD3D11RHI:     Adapter Name: NVIDIA GeForce RTX 2080
[2020.11.19-09.40.17:777][  0]LogD3D11RHI:   Driver Version: 457.30 (internal:27.21.14.5730, unified:457.30)
[2020.11.19-09.40.17:777][  0]LogD3D11RHI:      Driver Date: 11-6-2020
[2020.11.19-09.40.17:777][  0]LogRHI: Texture pool is 5607 MB (70% of 8010 MB)
[2020.11.19-09.40.17:841][  0]LogD3D11RHI: RHI has support for 64 bit atomics
[2020.11.19-09.40.17:841][  0]LogD3D11RHI: Async texture creation enabled
[2020.11.19-09.40.17:841][  0]LogD3D11RHI: Array index from any shader is supported
[2020.11.19-09.40.17:961][  0]LogD3D11RHI: GPU Timing Frequency: 1000.000000 (Debug: 2 1)
[2020.11.19-09.40.18:448][  0]LogTargetPlatformManager: Display: Loaded TargetPlatform 'AllDesktop'
[2020.11.19-09.40.18:479][  0]LogTargetPlatformManager: Display: Loaded TargetPlatform 'Android'
[2020.11.19-09.40.18:479][  0]LogTargetPlatformManager: Display: Loaded TargetPlatform 'Android_ASTC'
[2020.11.19-09.40.18:479][  0]LogTargetPlatformManager: Display: Loaded TargetPlatform 'Android_DXT'
[2020.11.19-09.40.18:480][  0]LogTargetPlatformManager: Display: Loaded TargetPlatform 'Android_ETC2'
[2020.11.19-09.40.18:480][  0]LogTargetPlatformManager: Display: Loaded TargetPlatform 'AndroidClient'
[2020.11.19-09.40.18:480][  0]LogTargetPlatformManager: Display: Loaded TargetPlatform 'Android_ASTCClient'
[2020.11.19-09.40.18:480][  0]LogTargetPlatformManager: Display: Loaded TargetPlatform 'Android_DXTClient'
[2020.11.19-09.40.18:480][  0]LogTargetPlatformManager: Display: Loaded TargetPlatform 'Android_ETC2Client'
[2020.11.19-09.40.18:480][  0]LogTargetPlatformManager: Display: Loaded TargetPlatform 'Android_Multi'
[2020.11.19-09.40.18:480][  0]LogTargetPlatformManager: Display: Loaded TargetPlatform 'Android_MultiClient'
[2020.11.19-09.40.18:536][  0]LogTargetPlatformManager: Display: Loaded TargetPlatform 'IOSClient'
[2020.11.19-09.40.18:536][  0]LogTargetPlatformManager: Display: Loaded TargetPlatform 'IOS'
[2020.11.19-09.40.18:552][  0]LogTargetPlatformManager: Display: Loaded TargetPlatform 'Linux'
[2020.11.19-09.40.18:582][  0]LogTargetPlatformManager: Display: Loaded TargetPlatform 'LinuxNoEditor'
[2020.11.19-09.40.18:606][  0]LogTargetPlatformManager: Display: Loaded TargetPlatform 'LinuxClient'
[2020.11.19-09.40.18:618][  0]LogTargetPlatformManager: Display: Loaded TargetPlatform 'LinuxServer'
[2020.11.19-09.40.18:640][  0]LogTargetPlatformManager: Display: Loaded TargetPlatform 'LinuxAArch64NoEditor'
[2020.11.19-09.40.18:656][  0]LogTargetPlatformManager: Display: Loaded TargetPlatform 'LinuxAArch64Client'
[2020.11.19-09.40.18:672][  0]LogTargetPlatformManager: Display: Loaded TargetPlatform 'LinuxAArch64Server'
[2020.11.19-09.40.18:703][  0]LogTargetPlatformManager: Display: Loaded TargetPlatform 'Lumin'
[2020.11.19-09.40.18:703][  0]LogTargetPlatformManager: Display: Loaded TargetPlatform 'LuminClient'
[2020.11.19-09.40.18:730][  0]LogTargetPlatformManager: Display: Loaded TargetPlatform 'TVOSClient'
[2020.11.19-09.40.18:730][  0]LogTargetPlatformManager: Display: Loaded TargetPlatform 'TVOS'
[2020.11.19-09.40.18:750][  0]LogTargetPlatformManager: Display: Loaded TargetPlatform 'WindowsNoEditor'
[2020.11.19-09.40.18:761][  0]LogTargetPlatformManager: Display: Loaded TargetPlatform 'Windows'
[2020.11.19-09.40.18:773][  0]LogTargetPlatformManager: Display: Loaded TargetPlatform 'WindowsClient'
[2020.11.19-09.40.18:786][  0]LogTargetPlatformManager: Display: Loaded TargetPlatform 'WindowsServer'
[2020.11.19-09.40.18:786][  0]LogTargetPlatformManager: Display: Building Assets For Windows
[2020.11.19-09.40.18:855][  0]LogAudioDebug: Display: Lib vorbis DLL was dynamically loaded.
[2020.11.19-09.40.19:364][  0]LogShaderCompilers: Guid format shader working directory is -43 characters bigger than the processId version (../../../../../Users/h017026h/Documents/GitKraken/-raisethegamejam-2020/RaiseTheGameJame2020/Intermediate/Shaders/WorkingDirectory/4720/).
[2020.11.19-09.40.19:364][  0]LogShaderCompilers: Cleaned the shader compiler working directory 'C:/Users/h017026h/AppData/Local/Temp/UnrealShaderWorkingDir/D12CF7FB4D327A16B092EA96591F9BF2/'.
[2020.11.19-09.40.19:371][  0]LogXGEController: Cleaning working directory: C:/Users/h017026h/AppData/Local/Temp/UnrealXGEWorkingDir/
[2020.11.19-09.40.19:371][  0]LogXGEController: Cannot use XGE Controller as Incredibuild is not installed on this machine.
[2020.11.19-09.40.19:372][  0]LogShaderCompilers: Cannot use XGE Shader Compiler as Incredibuild is not installed on this machine.
[2020.11.19-09.40.19:372][  0]LogShaderCompilers: Display: Using Local Shader Compiler.
[2020.11.19-09.40.20:868][  0]LogDerivedDataCache: Display: Max Cache Size: 512 MB
[2020.11.19-09.40.21:105][  0]LogDerivedDataCache: Loaded boot cache 0.24s 79MB C:/Users/h017026h/AppData/Local/UnrealEngine/4.25/DerivedDataCache/Boot.ddc.
[2020.11.19-09.40.21:106][  0]LogDerivedDataCache: Display: Loaded Boot cache: C:/Users/h017026h/AppData/Local/UnrealEngine/4.25/DerivedDataCache/Boot.ddc
[2020.11.19-09.40.21:106][  0]LogDerivedDataCache: FDerivedDataBackendGraph:  Pak pak cache file ../../../../../Users/h017026h/Documents/GitKraken/-raisethegamejam-2020/RaiseTheGameJame2020/DerivedDataCache/DDC.ddp not found, will not use a pak cache.
[2020.11.19-09.40.21:106][  0]LogDerivedDataCache: Unable to find inner node Pak for hierarchical cache Hierarchy.
[2020.11.19-09.40.21:106][  0]LogDerivedDataCache: FDerivedDataBackendGraph:  CompressedPak pak cache file ../../../../../Users/h017026h/Documents/GitKraken/-raisethegamejam-2020/RaiseTheGameJame2020/DerivedDataCache/Compressed.ddp not found, will not use a pak cache.
[2020.11.19-09.40.21:106][  0]LogDerivedDataCache: Unable to find inner node CompressedPak for hierarchical cache Hierarchy.
[2020.11.19-09.40.21:132][  0]LogDerivedDataCache: Display: Pak cache opened for reading ../../../Engine/DerivedDataCache/Compressed.ddp.
[2020.11.19-09.40.21:132][  0]LogDerivedDataCache: FDerivedDataBackendGraph:  EnterprisePak pak cache file ../../../Enterprise/DerivedDataCache/Compressed.ddp not found, will not use a pak cache.
[2020.11.19-09.40.21:132][  0]LogDerivedDataCache: Unable to find inner node EnterprisePak for hierarchical cache Hierarchy.
[2020.11.19-09.40.21:135][  0]LogDerivedDataCache: Using Local data cache path C:/Users/h017026h/AppData/Local/UnrealEngine/Common/DerivedDataCache: Writable
[2020.11.19-09.40.21:135][  0]LogDerivedDataCache: Shared data cache path not found in *engine.ini, will not use an Shared cache.
[2020.11.19-09.40.21:135][  0]LogDerivedDataCache: Unable to find inner node Shared for hierarchical cache Hierarchy.
[2020.11.19-09.40.21:195][  0]LogSlate: Using FreeType 2.10.0
[2020.11.19-09.40.21:230][  0]LogSlate: SlateFontServices - WITH_FREETYPE: 1, WITH_HARFBUZZ: 1
[2020.11.19-09.40.21:438][  0]LogAssetRegistry: FAssetRegistry took 0.0222 seconds to start up
[2020.11.19-09.40.22:475][  0]LogInit: Selected Device Profile: [Windows]
[2020.11.19-09.40.23:505][  0]LogMeshReduction: Using QuadricMeshReduction for automatic static mesh reduction
[2020.11.19-09.40.23:505][  0]LogMeshReduction: Using SimplygonMeshReduction for automatic skeletal mesh reduction
[2020.11.19-09.40.23:505][  0]LogMeshReduction: Using ProxyLODMeshReduction for automatic mesh merging
[2020.11.19-09.40.23:506][  0]LogMeshReduction: No distributed automatic mesh merging module available
[2020.11.19-09.40.23:506][  0]LogMeshMerging: No distributed automatic mesh merging module available
[2020.11.19-09.40.23:626][  0]LogNetVersion: RaiseTheGameJame2020 1.0.0, NetCL: 13144385, EngineNetVer: 14, GameNetVer: 0 (Checksum: 1455622770)
[2020.11.19-09.40.26:704][  0]LogAISub: UAISubsystem::UAISubsystem AISubsystem (00000229B54EE980), frame # 0
[2020.11.19-09.40.26:705][  0]LogAISub: UAISubsystem::UAISubsystem AIPerceptionSystem (00000229B53A9E40), frame # 0
[2020.11.19-09.40.26:750][  0]LogAISub: UAISubsystem::UAISubsystem EnvQueryManager (00000229B53E9C00), frame # 0
[2020.11.19-09.40.27:011][  0]LogPackageLocalizationCache: Processed 19 localized package path(s) for 1 prioritized culture(s) in 0.065444 seconds
[2020.11.19-09.40.27:016][  0]LogUObjectArray: 15917 objects as part of root set at end of initial load.
[2020.11.19-09.40.27:016][  0]LogUObjectAllocator: 3965568 out of 0 bytes used by permanent object pool.
[2020.11.19-09.40.27:016][  0]LogUObjectArray: CloseDisregardForGC: 0/0 objects in disregard for GC pool
[2020.11.19-09.40.30:614][  0]LogTcpMessaging: Initializing TcpMessaging bridge
[2020.11.19-09.40.30:629][  0]LogUdpMessaging: Initializing bridge on interface 0.0.0.0:0 to multicast group 230.0.0.1:6666.
[2020.11.19-09.40.31:976][  0]SourceControl: Source control is disabled
[2020.11.19-09.40.31:976][  0]SourceControl: Source control is disabled
[2020.11.19-09.40.32:074][  0]SourceControl: Source control is disabled
[2020.11.19-09.40.32:147][  0]SourceControl: Source control is disabled
[2020.11.19-09.40.32:170][  0]SourceControl: Source control is disabled
[2020.11.19-09.40.34:061][  0]LogAndroidPermission: UAndroidPermissionCallbackProxy::GetInstance
[2020.11.19-09.40.34:141][  0]LogAudioCaptureCore: Display: No Audio Capture implementations found. Audio input will be silent.
[2020.11.19-09.40.34:141][  0]LogAudioCaptureCore: Display: No Audio Capture implementations found. Audio input will be silent.
[2020.11.19-09.40.34:396][  0]LogOcInput: OculusInput pre-init called
[2020.11.19-09.40.34:517][  0]LogWindows: Failed to load 'OVRPlugin.dll' (GetLastError=126)
[2020.11.19-09.40.34:517][  0]LogWindows: File 'OVRPlugin.dll' does not exist
[2020.11.19-09.40.35:359][  0]LogEngine: Initializing Engine...
[2020.11.19-09.40.35:372][  0]LogHMD: Failed to initialize OpenVR with code 110
[2020.11.19-09.40.35:381][  0]LogMagicLeap: Warning: VR disabled because ZI is not enabled.  To enable, in the editor, Edit -> Project Settings -> Plugins -> Magic Leap Plugin -> Enable Zero Iteration
[2020.11.19-09.40.35:413][  0]LogStats: UGameplayTagsManager::InitializeManager -  0.011 s
[2020.11.19-09.40.35:777][  0]LogInit: Initializing FReadOnlyCVARCache
[2020.11.19-09.40.36:108][  0]LogAIModule: Creating AISystem for world Untitled
[2020.11.19-09.40.36:108][  0]LogAISub: UAISubsystem::UAISubsystem EnvQueryManager (00000229BC065C00), frame # 0
[2020.11.19-09.40.36:110][  0]LogAISub: UAISubsystem::UAISubsystem AIPerceptionSystem (00000229BC07E5C0), frame # 0
[2020.11.19-09.40.36:180][  0]LogAudioMixer: Display: Audio Mixer Platform Settings:
[2020.11.19-09.40.36:180][  0]LogAudioMixer: Display: 	Sample Rate:						  48000
[2020.11.19-09.40.36:180][  0]LogAudioMixer: Display: 	Callback Buffer Frame Size Requested: 1024
[2020.11.19-09.40.36:180][  0]LogAudioMixer: Display: 	Callback Buffer Frame Size To Use:	  1024
[2020.11.19-09.40.36:180][  0]LogAudioMixer: Display: 	Number of buffers to queue:			  2
[2020.11.19-09.40.36:180][  0]LogAudioMixer: Display: 	Max Channels (voices):				  32
[2020.11.19-09.40.36:180][  0]LogAudioMixer: Display: 	Number of Async Source Workers:		  0
[2020.11.19-09.40.36:181][  0]LogAudio: Display: AudioDevice MaxSources: 32
[2020.11.19-09.40.36:181][  0]LogAudio: Display: Using built-in audio occlusion.
[2020.11.19-09.40.36:181][  0]LogAudioMixer: Display: Initializing audio mixer.
[2020.11.19-09.40.36:294][  0]LogAudioMixer: Display: 0: FrontLeft
[2020.11.19-09.40.36:294][  0]LogAudioMixer: Display: 1: FrontRight
[2020.11.19-09.40.36:294][  0]LogAudioMixer: Display: 2: FrontCenter
[2020.11.19-09.40.36:294][  0]LogAudioMixer: Display: 3: LowFrequency
[2020.11.19-09.40.36:294][  0]LogAudioMixer: Display: 4: BackLeft
[2020.11.19-09.40.36:294][  0]LogAudioMixer: Display: 5: BackRight
[2020.11.19-09.40.36:294][  0]LogAudioMixer: Display: 6: SideLeft
[2020.11.19-09.40.36:294][  0]LogAudioMixer: Display: 7: SideRight
[2020.11.19-09.40.36:507][  0]LogAudioMixer: Display: Using Audio Device Headset Earphone (CORSAIR HS70 PRO Wireless Gaming Headset)
[2020.11.19-09.40.36:508][  0]LogAudioMixer: Display: Initializing Sound Submixes...
[2020.11.19-09.40.36:540][  0]LogAudioMixer: Display: Creating Master Submix 'MasterSubmixDefault'
[2020.11.19-09.40.36:541][  0]LogAudioMixer: Display: Creating Master Submix 'MasterReverbSubmixDefault'
[2020.11.19-09.40.36:542][  0]LogAudioMixer: Display: Creating Master Submix 'MasterEQSubmixDefault'
[2020.11.19-09.40.36:544][  0]LogInit: FAudioDevice initialized.
[2020.11.19-09.40.36:545][  0]LogNetVersion: Set ProjectVersion to 1.0.0.0. Version Checksum will be recalculated on next use.
[2020.11.19-09.40.36:626][  0]LogDerivedDataCache: Saved boot cache 0.08s 79MB C:/Users/h017026h/AppData/Local/UnrealEngine/4.25/DerivedDataCache/Boot.ddc.
[2020.11.19-09.40.36:636][  0]LogInit: Texture streaming: Enabled
[2020.11.19-09.40.36:743][  0]LogEngineSessionManager: EngineSessionManager initialized
[2020.11.19-09.40.36:743][  0]LogEngineSessionManager: EngineSessionManager sent abnormal shutdown report. Type=Debugger, SessionId={17D7C5F4-4E04-F37E-2E2C-D8BBC9326BA7}
[2020.11.19-09.40.36:743][  0]LogEngineSessionManager: EngineSessionManager sent abnormal shutdown report. Type=Debugger, SessionId={E8A463B2-4CF1-D48C-1722-DA89F10978A4}
[2020.11.19-09.40.36:743][  0]LogEditorSessionSummary: Verbose: Initializing EditorSessionSummaryWriter for editor session tracking
[2020.11.19-09.40.36:783][  0]LogEditorSessionSummary: EditorSessionSummaryWriter initialized
[2020.11.19-09.40.37:009][  0]LogInit: Transaction tracking system initialized
[2020.11.19-09.40.37:333][  0]BlueprintLog: New page: Editor Load
[2020.11.19-09.40.38:440][  0]LocalizationService: Localization service is disabled
[2020.11.19-09.40.39:855][  0]LogFileCache: Scanning file cache for directory 'D:/Users/h017026h/Documents/GitKraken/-raisethegamejam-2020/RaiseTheGameJame2020/Content/' took 0.01s
[2020.11.19-09.40.39:856][  0]LogCook: Display: Max memory allowance for cook 16384mb min free memory 0mb
[2020.11.19-09.40.39:856][  0]LogCook: Display: Mobile HDR setting 1
[2020.11.19-09.40.41:567][  0]SourceControl: Source control is disabled
[2020.11.19-09.40.41:574][  0]LogUnrealEdMisc: Loading editor; pre map load, took 36.029
[2020.11.19-09.40.41:607][  0]LightingResults: New page: Lighting Build
[2020.11.19-09.40.41:646][  0]LogWorld: UWorld::CleanupWorld for Untitled, bSessionEnded=true, bCleanupResources=true
[2020.11.19-09.40.41:650][  0]LogSlate: InvalidateAllWidgets triggered.  All widgets were invalidated
[2020.11.19-09.40.41:657][  0]MapCheck: New page: Map Check
[2020.11.19-09.40.41:657][  0]LightingResults: New page: Lighting Build
[2020.11.19-09.40.41:732][  0]LogAISub: UAISubsystem::~UAISubsystem EnvQueryManager (00000229BC065C00), frame # 0
[2020.11.19-09.40.41:732][  0]LogAISub: UAISubsystem::~UAISubsystem AIPerceptionSystem (00000229BC07E5C0), frame # 0
[2020.11.19-09.40.41:733][  0]LogUObjectHash: Compacting FUObjectHashTables data took   0.78ms
[2020.11.19-09.40.42:170][  0]LogAIModule: Creating AISystem for world ThirdPersonExampleMap
[2020.11.19-09.40.42:170][  0]LogAISub: UAISubsystem::UAISubsystem EnvQueryManager (00000229BB4FC800), frame # 0
[2020.11.19-09.40.42:171][  0]LogAISub: UAISubsystem::UAISubsystem AIPerceptionSystem (00000229B8DD7D80), frame # 0
[2020.11.19-09.40.42:371][  0]LogEditorServer: Finished looking for orphan Actors (0.000 secs)
[2020.11.19-09.40.42:395][  0]LogUObjectHash: Compacting FUObjectHashTables data took   0.73ms
[2020.11.19-09.40.42:396][  0]Cmd: MAP CHECKDEP NOCLEARLOG
[2020.11.19-09.40.42:396][  0]MapCheck: Map check complete: 0 Error(s), 0 Warning(s), took 0.185ms to complete.
[2020.11.19-09.40.42:396][  0]LogFileHelpers: Loading map 'ThirdPersonExampleMap' took 0.822
[2020.11.19-09.40.42:942][  0]LogUnrealEdMisc: Total Editor Startup Time, took 37.397
[2020.11.19-09.40.43:381][  0]LogSlate: Updating window title bar state: overlay mode, drag disabled, window buttons hidden, title bar hidden
[2020.11.19-09.40.43:398][  0]LogSlate: Updating window title bar state: overlay mode, drag disabled, window buttons hidden, title bar hidden
[2020.11.19-09.40.43:407][  0]LogSlate: Updating window title bar state: overlay mode, drag disabled, window buttons hidden, title bar hidden
[2020.11.19-09.40.43:416][  0]LogSlate: Updating window title bar state: overlay mode, drag disabled, window buttons hidden, title bar hidden
[2020.11.19-09.40.43:431][  0]LogCollectionManager: Loaded 0 collections in 0.001056 seconds
[2020.11.19-09.40.43:497][  0]LogFileCache: Scanning file cache for directory 'D:/Users/h017026h/Documents/GitKraken/-raisethegamejam-2020/RaiseTheGameJame2020/Saved/Collections/' took 0.00s
[2020.11.19-09.40.43:497][  0]LogFileCache: Scanning file cache for directory 'D:/Users/h017026h/Documents/GitKraken/-raisethegamejam-2020/RaiseTheGameJame2020/Content/Developers/h017026h/Collections/' took 0.00s
[2020.11.19-09.40.43:498][  0]LogFileCache: Scanning file cache for directory 'D:/Users/h017026h/Documents/GitKraken/-raisethegamejam-2020/RaiseTheGameJame2020/Content/Collections/' took 0.00s
[2020.11.19-09.40.43:498][  0]LogContentBrowser: Native class hierarchy populated in 0.0105 seconds. Added 3438 classes and 824 folders.
[2020.11.19-09.40.43:606][  0]LogContentBrowser: Native class hierarchy updated for 'WidgetCarousel' in 0.0007 seconds. Added 0 classes and 0 folders.
[2020.11.19-09.40.44:087][  0]LogContentBrowser: Native class hierarchy updated for 'AddContentDialog' in 0.0007 seconds. Added 0 classes and 0 folders.
[2020.11.19-09.40.44:120][  0]LogContentBrowser: Native class hierarchy updated for 'SceneOutliner' in 0.0005 seconds. Added 2 classes and 0 folders.
[2020.11.19-09.40.44:701][  0]LogSlate: Took 0.006138 seconds to synchronously load lazily loaded font '../../../Engine/Content/Slate/Fonts/Roboto-Regular.ttf' (155K)
[2020.11.19-09.40.44:712][  0]LogSlate: Took 0.008796 seconds to synchronously load lazily loaded font '../../../Engine/Content/Slate/Fonts/Roboto-Bold.ttf' (160K)
[2020.11.19-09.40.44:724][  0]LogSlate: Took 0.003275 seconds to synchronously load lazily loaded font '../../../Engine/Content/Editor/Slate/Fonts/FontAwesome.ttf' (139K)
[2020.11.19-09.40.44:968][  0]LogRenderer: Reallocating scene render targets to support 1208x572 Format 10 NumSamples 1 (Frame:1).
[2020.11.19-09.40.45:101][  0]LogSlate: Took 0.008286 seconds to synchronously load lazily loaded font '../../../Engine/Content/Slate/Fonts/Roboto-Light.ttf' (167K)
[2020.11.19-09.40.45:306][  0]LogContentBrowser: Native class hierarchy updated for 'HierarchicalLODOutliner' in 0.0005 seconds. Added 0 classes and 0 folders.
[2020.11.19-09.40.45:306][  0]LogLoad: (Engine Initialization) Total time: 39.76 seconds
[2020.11.19-09.40.45:306][  0]LogLoad: (Engine Initialization) Total Blueprint compile time: 0.00 seconds
[2020.11.19-09.40.45:472][  0]LogAssetRegistry: Asset discovery search completed in 24.0375 seconds
[2020.11.19-09.40.45:476][  0]LogCollectionManager: Fixed up redirectors for 0 collections in 0.000002 seconds (updated 0 objects)
[2020.11.19-09.40.45:568][  0]LogContentStreaming: Texture pool size now 1000 MB
[2020.11.19-09.41.10:706][539]LogTemp: Repeating last play command: Selected Viewport
[2020.11.19-09.41.10:749][539]LogPlayLevel: PlayLevel: No blueprints needed recompiling
[2020.11.19-09.41.10:822][539]PIE: New page: PIE session: ThirdPersonExampleMap (19 Nov 2020, 09:41:10)
[2020.11.19-09.41.10:901][539]LogOnline: OSS: Creating online subsystem instance for: NULL
[2020.11.19-09.41.10:911][539]LogOnline: OSS: TryLoadSubsystemAndSetDefault: Loaded subsystem for module [NULL]
[2020.11.19-09.41.10:911][539]LogPlayLevel: Creating play world package: /Game/ThirdPersonCPP/Maps/UEDPIE_0_ThirdPersonExampleMap
[2020.11.19-09.41.10:934][539]LogPlayLevel: PIE: StaticDuplicateObject took: (0.022712s)
[2020.11.19-09.41.10:940][539]LogAIModule: Creating AISystem for world ThirdPersonExampleMap
[2020.11.19-09.41.10:940][539]LogAISub: UAISubsystem::UAISubsystem EnvQueryManager (00000229E4C6E600), frame # 2539
[2020.11.19-09.41.10:940][539]LogAISub: UAISubsystem::UAISubsystem AIPerceptionSystem (00000229E4CDF740), frame # 2539
[2020.11.19-09.41.10:940][539]LogPlayLevel: PIE: World Init took: (0.005959s)
[2020.11.19-09.41.10:940][539]LogPlayLevel: PIE: Created PIE world by copying editor world from /Game/ThirdPersonCPP/Maps/ThirdPersonExampleMap.ThirdPersonExampleMap to /Game/ThirdPersonCPP/Maps/UEDPIE_0_ThirdPersonExampleMap.ThirdPersonExampleMap (0.029207s)
[2020.11.19-09.41.10:955][539]LogUObjectHash: Compacting FUObjectHashTables data took   0.69ms
[2020.11.19-09.41.10:956][539]LogAudioMixer: Display: Audio Mixer Platform Settings:
[2020.11.19-09.41.10:957][539]LogAudioMixer: Display: 	Sample Rate:						  48000
[2020.11.19-09.41.10:957][539]LogAudioMixer: Display: 	Callback Buffer Frame Size Requested: 1024
[2020.11.19-09.41.10:957][539]LogAudioMixer: Display: 	Callback Buffer Frame Size To Use:	  1024
[2020.11.19-09.41.10:957][539]LogAudioMixer: Display: 	Number of buffers to queue:			  2
[2020.11.19-09.41.10:957][539]LogAudioMixer: Display: 	Max Channels (voices):				  32
[2020.11.19-09.41.10:957][539]LogAudioMixer: Display: 	Number of Async Source Workers:		  0
[2020.11.19-09.41.10:957][539]LogAudio: Display: AudioDevice MaxSources: 32
[2020.11.19-09.41.10:958][539]LogAudio: Display: Using built-in audio occlusion.
[2020.11.19-09.41.10:958][539]LogAudioMixer: Display: Initializing audio mixer.
[2020.11.19-09.41.10:967][539]LogAudioMixer: Display: 0: FrontLeft
[2020.11.19-09.41.10:967][539]LogAudioMixer: Display: 1: FrontRight
[2020.11.19-09.41.10:967][539]LogAudioMixer: Display: 2: FrontCenter
[2020.11.19-09.41.10:967][539]LogAudioMixer: Display: 3: LowFrequency
[2020.11.19-09.41.10:967][539]LogAudioMixer: Display: 4: BackLeft
[2020.11.19-09.41.10:967][539]LogAudioMixer: Display: 5: BackRight
[2020.11.19-09.41.10:967][539]LogAudioMixer: Display: 6: SideLeft
[2020.11.19-09.41.10:968][539]LogAudioMixer: Display: 7: SideRight
[2020.11.19-09.41.11:138][539]LogAudioMixer: Display: Using Audio Device Headset Earphone (CORSAIR HS70 PRO Wireless Gaming Headset)
[2020.11.19-09.41.11:138][539]LogAudioMixer: Display: Initializing Sound Submixes...
[2020.11.19-09.41.11:138][539]LogAudioMixer: Display: Creating Master Submix 'MasterSubmixDefault'
[2020.11.19-09.41.11:139][539]LogAudioMixer: Display: Creating Master Submix 'MasterReverbSubmixDefault'
[2020.11.19-09.41.11:139][539]LogAudioMixer: Display: Creating Master Submix 'MasterEQSubmixDefault'
[2020.11.19-09.41.11:151][539]LogInit: FAudioDevice initialized.
[2020.11.19-09.41.11:164][539]LogLoad: Game class is 'RaiseTheGameJame2020GameMode'
[2020.11.19-09.41.11:240][539]LogWorld: Bringing World /Game/ThirdPersonCPP/Maps/UEDPIE_0_ThirdPersonExampleMap.ThirdPersonExampleMap up for play (max tick rate 0) at 2020.11.19-09.41.11
[2020.11.19-09.41.11:241][539]LogWorld: Bringing up level for play took: 0.001686
[2020.11.19-09.41.11:241][539]LogOnline: OSS: Creating online subsystem instance for: :Context_1
[2020.11.19-09.41.11:343][539]LogContentBrowser: Native class hierarchy updated for 'MovieSceneCapture' in 0.0007 seconds. Added 20 classes and 0 folders.
[2020.11.19-09.41.11:367][539]PIE: Server logged in
[2020.11.19-09.41.11:369][539]PIE: Play in editor total start time 0.647 seconds.
[2020.11.19-09.41.28:578][549]LogSlate: Updating window title bar state: overlay mode, drag disabled, window buttons hidden, title bar hidden
[2020.11.19-09.41.28:578][549]LogWorld: BeginTearingDown for /Game/ThirdPersonCPP/Maps/UEDPIE_0_ThirdPersonExampleMap
[2020.11.19-09.41.28:605][549]LogWorld: UWorld::CleanupWorld for ThirdPersonExampleMap, bSessionEnded=true, bCleanupResources=true
[2020.11.19-09.41.28:605][549]LogSlate: InvalidateAllWidgets triggered.  All widgets were invalidated
[2020.11.19-09.41.28:616][549]LogPlayLevel: Display: Shutting down PIE online subsystems
[2020.11.19-09.41.28:617][549]LogSlate: InvalidateAllWidgets triggered.  All widgets were invalidated
[2020.11.19-09.41.28:658][549]LogSlate: Updating window title bar state: overlay mode, drag disabled, window buttons hidden, title bar hidden
[2020.11.19-09.41.28:665][549]LogAISub: UAISubsystem::~UAISubsystem EnvQueryManager (00000229E4C6E600), frame # 4549
[2020.11.19-09.41.28:665][549]LogAISub: UAISubsystem::~UAISubsystem AIPerceptionSystem (00000229E4CDF740), frame # 4549
[2020.11.19-09.41.28:667][549]LogUObjectHash: Compacting FUObjectHashTables data took   1.66ms
[2020.11.19-09.41.28:696][550]LogPlayLevel: Display: Destroying online subsystem :Context_1
[2020.11.19-09.41.29:517][639]LogTemp: Repeating last play command: Selected Viewport
[2020.11.19-09.41.29:535][639]LogPlayLevel: PlayLevel: No blueprints needed recompiling
[2020.11.19-09.41.29:536][639]PIE: New page: PIE session: ThirdPersonExampleMap (19 Nov 2020, 09:41:29)
[2020.11.19-09.41.29:536][639]LogPlayLevel: Creating play world package: /Game/ThirdPersonCPP/Maps/UEDPIE_0_ThirdPersonExampleMap
[2020.11.19-09.41.29:549][639]LogPlayLevel: PIE: StaticDuplicateObject took: (0.013016s)
[2020.11.19-09.41.29:550][639]LogAIModule: Creating AISystem for world ThirdPersonExampleMap
[2020.11.19-09.41.29:551][639]LogAISub: UAISubsystem::UAISubsystem EnvQueryManager (00000229E497E800), frame # 4639
[2020.11.19-09.41.29:566][639]LogAISub: UAISubsystem::UAISubsystem AIPerceptionSystem (00000229E4C36480), frame # 4639
[2020.11.19-09.41.29:567][639]LogPlayLevel: PIE: World Init took: (0.017079s)
[2020.11.19-09.41.29:567][639]LogPlayLevel: PIE: Created PIE world by copying editor world from /Game/ThirdPersonCPP/Maps/ThirdPersonExampleMap.ThirdPersonExampleMap to /Game/ThirdPersonCPP/Maps/UEDPIE_0_ThirdPersonExampleMap.ThirdPersonExampleMap (0.030643s)
[2020.11.19-09.41.29:577][639]LogUObjectHash: Compacting FUObjectHashTables data took   0.61ms
[2020.11.19-09.41.29:579][639]LogAudioMixer: Display: Audio Mixer Platform Settings:
[2020.11.19-09.41.29:580][639]LogAudioMixer: Display: 	Sample Rate:						  48000
[2020.11.19-09.41.29:580][639]LogAudioMixer: Display: 	Callback Buffer Frame Size Requested: 1024
[2020.11.19-09.41.29:580][639]LogAudioMixer: Display: 	Callback Buffer Frame Size To Use:	  1024
[2020.11.19-09.41.29:580][639]LogAudioMixer: Display: 	Number of buffers to queue:			  2
[2020.11.19-09.41.29:580][639]LogAudioMixer: Display: 	Max Channels (voices):				  32
[2020.11.19-09.41.29:580][639]LogAudioMixer: Display: 	Number of Async Source Workers:		  0
[2020.11.19-09.41.29:580][639]LogAudio: Display: AudioDevice MaxSources: 32
[2020.11.19-09.41.29:581][639]LogAudio: Display: Using built-in audio occlusion.
[2020.11.19-09.41.29:581][639]LogAudioMixer: Display: Initializing audio mixer.
[2020.11.19-09.41.29:587][639]LogAudioMixer: Display: 0: FrontLeft
[2020.11.19-09.41.29:588][639]LogAudioMixer: Display: 1: FrontRight
[2020.11.19-09.41.29:588][639]LogAudioMixer: Display: 2: FrontCenter
[2020.11.19-09.41.29:588][639]LogAudioMixer: Display: 3: LowFrequency
[2020.11.19-09.41.29:588][639]LogAudioMixer: Display: 4: BackLeft
[2020.11.19-09.41.29:588][639]LogAudioMixer: Display: 5: BackRight
[2020.11.19-09.41.29:588][639]LogAudioMixer: Display: 6: SideLeft
[2020.11.19-09.41.29:588][639]LogAudioMixer: Display: 7: SideRight
[2020.11.19-09.41.29:748][639]LogAudioMixer: Display: Using Audio Device Headset Earphone (CORSAIR HS70 PRO Wireless Gaming Headset)
[2020.11.19-09.41.29:749][639]LogAudioMixer: Display: Initializing Sound Submixes...
[2020.11.19-09.41.29:749][639]LogAudioMixer: Display: Creating Master Submix 'MasterSubmixDefault'
[2020.11.19-09.41.29:749][639]LogAudioMixer: Display: Creating Master Submix 'MasterReverbSubmixDefault'
[2020.11.19-09.41.29:749][639]LogAudioMixer: Display: Creating Master Submix 'MasterEQSubmixDefault'
[2020.11.19-09.41.29:762][639]LogInit: FAudioDevice initialized.
[2020.11.19-09.41.29:774][639]LogLoad: Game class is 'RaiseTheGameJame2020GameMode'
[2020.11.19-09.41.29:776][639]LogWorld: Bringing World /Game/ThirdPersonCPP/Maps/UEDPIE_0_ThirdPersonExampleMap.ThirdPersonExampleMap up for play (max tick rate 0) at 2020.11.19-09.41.29
[2020.11.19-09.41.29:776][639]LogWorld: Bringing up level for play took: 0.001382
[2020.11.19-09.41.29:777][639]LogOnline: OSS: Creating online subsystem instance for: :Context_2
[2020.11.19-09.41.29:780][639]PIE: Server logged in
[2020.11.19-09.41.29:780][639]PIE: Play in editor total start time 0.246 seconds.
[2020.11.19-09.41.32:554][969]Cmd: LevelEditor.ToggleImmersive
[2020.11.19-09.41.32:692][969]LogSlate: Took 0.000222 seconds to synchronously load lazily loaded font '../../../Engine/Content/Slate/Fonts/Roboto-Light.ttf' (167K)
[2020.11.19-09.41.32:816][970]LogRenderer: Reallocating scene render targets to support 1912x1036 Format 10 NumSamples 1 (Frame:332).
[2020.11.19-09.41.32:869][971]LogRenderer: Reallocating scene render targets to support 1920x1040 Format 10 NumSamples 1 (Frame:334).
[2020.11.19-09.41.34:349][142]LogSlate: Updating window title bar state: overlay mode, drag disabled, window buttons hidden, title bar hidden
[2020.11.19-09.41.34:349][142]LogWorld: BeginTearingDown for /Game/ThirdPersonCPP/Maps/UEDPIE_0_ThirdPersonExampleMap
[2020.11.19-09.41.34:350][142]LogWorld: UWorld::CleanupWorld for ThirdPersonExampleMap, bSessionEnded=true, bCleanupResources=true
[2020.11.19-09.41.34:350][142]LogSlate: InvalidateAllWidgets triggered.  All widgets were invalidated
[2020.11.19-09.41.34:380][142]LogPlayLevel: Display: Shutting down PIE online subsystems
[2020.11.19-09.41.34:382][142]LogSlate: InvalidateAllWidgets triggered.  All widgets were invalidated
[2020.11.19-09.41.34:392][142]LogSlate: Updating window title bar state: overlay mode, drag disabled, window buttons hidden, title bar hidden
[2020.11.19-09.41.34:440][142]LogAISub: UAISubsystem::~UAISubsystem AIPerceptionSystem (00000229E4C36480), frame # 5142
[2020.11.19-09.41.34:440][142]LogAISub: UAISubsystem::~UAISubsystem EnvQueryManager (00000229E497E800), frame # 5142
[2020.11.19-09.41.34:441][142]LogUObjectHash: Compacting FUObjectHashTables data took   0.77ms
[2020.11.19-09.41.34:478][143]LogPlayLevel: Display: Destroying online subsystem :Context_2
[2020.11.19-09.41.35:502][263]Cmd: SELECT NONE
[2020.11.19-09.41.38:240][554]LogTemp: Repeating last play command: Selected Viewport
[2020.11.19-09.41.38:257][554]LogPlayLevel: PlayLevel: No blueprints needed recompiling
[2020.11.19-09.41.38:258][554]PIE: New page: PIE session: ThirdPersonExampleMap (19 Nov 2020, 09:41:38)
[2020.11.19-09.41.38:297][554]LogPlayLevel: Creating play world package: /Game/ThirdPersonCPP/Maps/UEDPIE_0_ThirdPersonExampleMap
[2020.11.19-09.41.38:308][554]LogPlayLevel: PIE: StaticDuplicateObject took: (0.010978s)
[2020.11.19-09.41.38:310][554]LogAIModule: Creating AISystem for world ThirdPersonExampleMap
[2020.11.19-09.41.38:310][554]LogAISub: UAISubsystem::UAISubsystem EnvQueryManager (00000229D1652400), frame # 5554
[2020.11.19-09.41.38:310][554]LogAISub: UAISubsystem::UAISubsystem AIPerceptionSystem (00000229D1523740), frame # 5554
[2020.11.19-09.41.38:310][554]LogPlayLevel: PIE: World Init took: (0.001975s)
[2020.11.19-09.41.38:310][554]LogPlayLevel: PIE: Created PIE world by copying editor world from /Game/ThirdPersonCPP/Maps/ThirdPersonExampleMap.ThirdPersonExampleMap to /Game/ThirdPersonCPP/Maps/UEDPIE_0_ThirdPersonExampleMap.ThirdPersonExampleMap (0.013581s)
[2020.11.19-09.41.38:321][554]LogUObjectHash: Compacting FUObjectHashTables data took   0.95ms
[2020.11.19-09.41.38:323][554]LogAudioMixer: Display: Audio Mixer Platform Settings:
[2020.11.19-09.41.38:323][554]LogAudioMixer: Display: 	Sample Rate:						  48000
[2020.11.19-09.41.38:323][554]LogAudioMixer: Display: 	Callback Buffer Frame Size Requested: 1024
[2020.11.19-09.41.38:323][554]LogAudioMixer: Display: 	Callback Buffer Frame Size To Use:	  1024
[2020.11.19-09.41.38:324][554]LogAudioMixer: Display: 	Number of buffers to queue:			  2
[2020.11.19-09.41.38:324][554]LogAudioMixer: Display: 	Max Channels (voices):				  32
[2020.11.19-09.41.38:324][554]LogAudioMixer: Display: 	Number of Async Source Workers:		  0
[2020.11.19-09.41.38:324][554]LogAudio: Display: AudioDevice MaxSources: 32
[2020.11.19-09.41.38:325][554]LogAudio: Display: Using built-in audio occlusion.
[2020.11.19-09.41.38:325][554]LogAudioMixer: Display: Initializing audio mixer.
[2020.11.19-09.41.38:334][554]LogAudioMixer: Display: 0: FrontLeft
[2020.11.19-09.41.38:334][554]LogAudioMixer: Display: 1: FrontRight
[2020.11.19-09.41.38:334][554]LogAudioMixer: Display: 2: FrontCenter
[2020.11.19-09.41.38:334][554]LogAudioMixer: Display: 3: LowFrequency
[2020.11.19-09.41.38:334][554]LogAudioMixer: Display: 4: BackLeft
[2020.11.19-09.41.38:334][554]LogAudioMixer: Display: 5: BackRight
[2020.11.19-09.41.38:334][554]LogAudioMixer: Display: 6: SideLeft
[2020.11.19-09.41.38:334][554]LogAudioMixer: Display: 7: SideRight
[2020.11.19-09.41.38:512][554]LogAudioMixer: Display: Using Audio Device Headset Earphone (CORSAIR HS70 PRO Wireless Gaming Headset)
[2020.11.19-09.41.38:513][554]LogAudioMixer: Display: Initializing Sound Submixes...
[2020.11.19-09.41.38:513][554]LogAudioMixer: Display: Creating Master Submix 'MasterSubmixDefault'
[2020.11.19-09.41.38:513][554]LogAudioMixer: Display: Creating Master Submix 'MasterReverbSubmixDefault'
[2020.11.19-09.41.38:513][554]LogAudioMixer: Display: Creating Master Submix 'MasterEQSubmixDefault'
[2020.11.19-09.41.38:529][554]LogInit: FAudioDevice initialized.
[2020.11.19-09.41.38:540][554]LogLoad: Game class is 'RaiseTheGameJame2020GameMode'
[2020.11.19-09.41.38:542][554]LogWorld: Bringing World /Game/ThirdPersonCPP/Maps/UEDPIE_0_ThirdPersonExampleMap.ThirdPersonExampleMap up for play (max tick rate 0) at 2020.11.19-09.41.38
[2020.11.19-09.41.38:543][554]LogWorld: Bringing up level for play took: 0.001701
[2020.11.19-09.41.38:543][554]LogOnline: OSS: Creating online subsystem instance for: :Context_3
[2020.11.19-09.41.38:547][554]PIE: Server logged in
[2020.11.19-09.41.38:548][554]PIE: Play in editor total start time 0.292 seconds.
