Log file open, 11/19/20 13:16:09
LogInit: Display: Running engine for game: RaiseTheGameJame2020
LogPlatformFile: Not using cached read wrapper
LogTaskGraph: Started task graph with 5 named threads and 35 total threads with 3 sets of task threads.
LogStats: Stats thread started at 6.215390
LogD3D11RHI: Loaded GFSDK_Aftermath_Lib.x64.dll
LogICUInternationalization: ICU TimeZone Detection - Raw Offset: +0:00, Platform Override: ''
LogPluginManager: Mounting plugin Paper2D
LogPluginManager: Mounting plugin AISupport
LogPluginManager: Mounting plugin LightPropagationVolume
LogPluginManager: Mounting plugin CameraShakePreviewer
LogPluginManager: Mounting plugin ActorLayerUtilities
LogPluginManager: Mounting plugin AnimationSharing
LogPluginManager: Mounting plugin CLionSourceCodeAccess
LogPluginManager: Mounting plugin CodeLiteSourceCodeAccess
LogPluginManager: Mounting plugin GitSourceControl
LogPluginManager: Mounting plugin KDevelopSourceCodeAccess
LogPluginManager: Mounting plugin NullSourceCodeAccess
LogPluginManager: Mounting plugin PerforceSourceControl
LogPluginManager: Mounting plugin PlasticSourceControl
LogPluginManager: Mounting plugin RiderSourceCodeAccess
LogPluginManager: Mounting plugin SubversionSourceControl
LogPluginManager: Mounting plugin UObjectPlugin
LogPluginManager: Mounting plugin VisualStudioCodeSourceCodeAccess
LogPluginManager: Mounting plugin VisualStudioSourceCodeAccess
LogPluginManager: Mounting plugin XCodeSourceCodeAccess
LogPluginManager: Mounting plugin AssetManagerEditor
LogPluginManager: Mounting plugin CryptoKeys
LogPluginManager: Mounting plugin CurveEditorTools
LogPluginManager: Mounting plugin DataValidation
LogPluginManager: Mounting plugin EditorScriptingUtilities
LogPluginManager: Mounting plugin FacialAnimation
LogPluginManager: Mounting plugin GameplayTagsEditor
LogPluginManager: Mounting plugin GeometryMode
LogPluginManager: Mounting plugin MacGraphicsSwitching
LogPluginManager: Mounting plugin MaterialAnalyzer
LogPluginManager: Mounting plugin MobileLauncherProfileWizard
LogPluginManager: Mounting plugin PluginBrowser
LogPluginManager: Mounting plugin SpeedTreeImporter
LogPluginManager: Mounting plugin DatasmithContent
LogPluginManager: Mounting plugin VariantManagerContent
LogPluginManager: Mounting plugin AlembicImporter
LogPluginManager: Mounting plugin AutomationUtils
LogPluginManager: Mounting plugin BackChannel
LogPluginManager: Mounting plugin ChaosCloth
LogPluginManager: Mounting plugin ChaosClothEditor
LogPluginManager: Mounting plugin ChaosEditor
LogPluginManager: Mounting plugin ChaosNiagara
LogPluginManager: Mounting plugin ChaosSolverPlugin
LogPluginManager: Mounting plugin CharacterAI
LogPluginManager: Mounting plugin GeometryCache
LogPluginManager: Mounting plugin GeometryCollectionPlugin
LogPluginManager: Mounting plugin GeometryProcessing
LogPluginManager: Mounting plugin PlanarCut
LogPluginManager: Mounting plugin PlatformCrypto
LogPluginManager: Mounting plugin ProxyLODPlugin
LogPluginManager: Mounting plugin SkeletalReduction
LogPluginManager: Mounting plugin Niagara
LogPluginManager: Mounting plugin MagicLeap
LogPluginManager: Mounting plugin MagicLeapLightEstimation
LogPluginManager: Mounting plugin MagicLeapMedia
LogPluginManager: Mounting plugin MagicLeapPassableWorld
LogPluginManager: Mounting plugin MLSDK
LogPluginManager: Mounting plugin AndroidMedia
LogPluginManager: Mounting plugin AvfMedia
LogPluginManager: Mounting plugin ImgMedia
LogPluginManager: Mounting plugin MediaCompositing
LogPluginManager: Mounting plugin MediaPlayerEditor
LogPluginManager: Mounting plugin WebMMedia
LogPluginManager: Mounting plugin WmfMedia
LogPluginManager: Mounting plugin MeshPainting
LogPluginManager: Mounting plugin TcpMessaging
LogPluginManager: Mounting plugin UdpMessaging
LogPluginManager: Mounting plugin ActorSequence
LogPluginManager: Mounting plugin LevelSequenceEditor
LogPluginManager: Mounting plugin MatineeToLevelSequence
LogPluginManager: Mounting plugin MovieRenderPipeline
LogPluginManager: Mounting plugin TemplateSequence
LogPluginManager: Mounting plugin NetcodeUnitTest
LogPluginManager: Mounting plugin NUTUnrealEngine4
LogPluginManager: Mounting plugin OnlineSubsystemGooglePlay
LogPluginManager: Mounting plugin OnlineSubsystemIOS
LogPluginManager: Mounting plugin OnlineSubsystem
LogPluginManager: Mounting plugin OnlineSubsystemNull
LogPluginManager: Mounting plugin OnlineSubsystemUtils
LogPluginManager: Mounting plugin LauncherChunkInstaller
LogPluginManager: Mounting plugin AndroidDeviceProfileSelector
LogPluginManager: Mounting plugin AndroidMoviePlayer
LogPluginManager: Mounting plugin AndroidPermission
LogPluginManager: Mounting plugin AppleImageUtils
LogPluginManager: Mounting plugin AppleMoviePlayer
LogPluginManager: Mounting plugin ArchVisCharacter
LogPluginManager: Mounting plugin AssetTags
LogPluginManager: Mounting plugin AudioCapture
LogPluginManager: Mounting plugin CableComponent
LogPluginManager: Mounting plugin CustomMeshComponent
LogPluginManager: Mounting plugin EditableMesh
LogPluginManager: Mounting plugin ExampleDeviceProfileSelector
LogPluginManager: Mounting plugin GoogleCloudMessaging
LogPluginManager: Mounting plugin GooglePAD
LogPluginManager: Mounting plugin IOSDeviceProfileSelector
LogPluginManager: Mounting plugin LinuxDeviceProfileSelector
LogPluginManager: Mounting plugin LocationServicesBPLibrary
LogPluginManager: Mounting plugin MobilePatchingUtils
LogPluginManager: Mounting plugin OculusVR
LogPluginManager: Mounting plugin PhysXVehicles
LogPluginManager: Mounting plugin PostSplashScreen
LogPluginManager: Mounting plugin ProceduralMeshComponent
LogPluginManager: Mounting plugin RuntimePhysXCooking
LogPluginManager: Mounting plugin SignificanceManager
LogPluginManager: Mounting plugin SoundFields
LogPluginManager: Mounting plugin SteamVR
LogPluginManager: Mounting plugin Synthesis
LogPluginManager: Mounting plugin WebMMoviePlayer
LogPluginManager: Mounting plugin WindowsMoviePlayer
LogPluginManager: Mounting plugin ScreenshotTools
LogInit: Using libcurl 7.55.1-DEV
LogInit:  - built for x86_64-pc-win32
LogInit:  - supports SSL with OpenSSL/1.1.1
LogInit:  - supports HTTP deflate (compression) using libz 1.2.8
LogInit:  - other features:
LogInit:      CURL_VERSION_SSL
LogInit:      CURL_VERSION_LIBZ
LogInit:      CURL_VERSION_IPV6
LogInit:      CURL_VERSION_ASYNCHDNS
LogInit:      CURL_VERSION_LARGEFILE
LogInit:      CURL_VERSION_IDN
LogInit:  CurlRequestOptions (configurable via config and command line):
LogInit:  - bVerifyPeer = true  - Libcurl will verify peer certificate
LogInit:  - bUseHttpProxy = false  - Libcurl will NOT use HTTP proxy
LogInit:  - bDontReuseConnections = false  - Libcurl will reuse connections
LogInit:  - MaxHostConnections = 16  - Libcurl will limit the number of connections to a host
LogInit:  - LocalHostAddr = Default
LogInit:  - BufferSize = 65536
LogOnline: OSS: Creating online subsystem instance for: NULL
LogInit: WinSock: version 1.1 (2.2), MaxSocks=32767, MaxUdp=65467
LogOnline: OSS: TryLoadSubsystemAndSetDefault: Loaded subsystem for module [NULL]
LogInit: Build: ++UE4+Release-4.25-CL-14469661
LogInit: Engine Version: 4.25.4-14469661+++UE4+Release-4.25
LogInit: Compatible Engine Version: 4.25.0-13144385+++UE4+Release-4.25
LogInit: Net CL: 13144385
LogInit: OS: Windows 10 (Release 1909) (), CPU: Intel(R) Core(TM) i7-8700K CPU @ 3.70GHz, GPU: NVIDIA GeForce RTX 2080
LogInit: Compiled (64-bit): Oct 11 2020 08:10:49
LogInit: Compiled with Visual C++: 19.24.28315.00
LogInit: Build Configuration: Development
LogInit: Branch Name: ++UE4+Release-4.25
LogInit: Command Line:  -skipcompile
LogInit: Base Directory: D:/Program Files (x86)/UE_4.25/Engine/Binaries/Win64/
LogInit: Allocator: TBB
LogInit: Installed Engine Build: 1
LogDevObjectVersion: Number of dev versions registered: 26
LogDevObjectVersion:   Dev-Blueprints (B0D832E4-1F89-4F0D-ACCF-7EB736FD4AA2): 10
LogDevObjectVersion:   Dev-Build (E1C64328-A22C-4D53-A36C-8E866417BD8C): 0
LogDevObjectVersion:   Dev-Core (375EC13C-06E4-48FB-B500-84F0262A717E): 4
LogDevObjectVersion:   Dev-Editor (E4B068ED-F494-42E9-A231-DA0B2E46BB41): 38
LogDevObjectVersion:   Dev-Framework (CFFC743F-43B0-4480-9391-14DF171D2073): 37
LogDevObjectVersion:   Dev-Mobile (B02B49B5-BB20-44E9-A304-32B752E40360): 2
LogDevObjectVersion:   Dev-Networking (A4E4105C-59A1-49B5-A7C5-40C4547EDFEE): 0
LogDevObjectVersion:   Dev-Online (39C831C9-5AE6-47DC-9A44-9C173E1C8E7C): 0
LogDevObjectVersion:   Dev-Physics (78F01B33-EBEA-4F98-B9B4-84EACCB95AA2): 4
LogDevObjectVersion:   Dev-Platform (6631380F-2D4D-43E0-8009-CF276956A95A): 0
LogDevObjectVersion:   Dev-Rendering (12F88B9F-8875-4AFC-A67C-D90C383ABD29): 43
LogDevObjectVersion:   Dev-Sequencer (7B5AE74C-D270-4C10-A958-57980B212A5A): 12
LogDevObjectVersion:   Dev-VR (D7296918-1DD6-4BDD-9DE2-64A83CC13884): 3
LogDevObjectVersion:   Dev-LoadTimes (C2A15278-BFE7-4AFE-6C17-90FF531DF755): 1
LogDevObjectVersion:   Private-Geometry (6EACA3D4-40EC-4CC1-B786-8BED09428FC5): 3
LogDevObjectVersion:   Dev-AnimPhys (29E575DD-E0A3-4627-9D10-D276232CDCEA): 17
LogDevObjectVersion:   Dev-Anim (AF43A65D-7FD3-4947-9873-3E8ED9C1BB05): 7
LogDevObjectVersion:   Dev-ReflectionCapture (6B266CEC-1EC7-4B8F-A30B-E4D90942FC07): 1
LogDevObjectVersion:   Dev-Automation (0DF73D61-A23F-47EA-B727-89E90C41499A): 1
LogDevObjectVersion:   FortniteMain (601D1886-AC64-4F84-AA16-D3DE0DEAC7D6): 31
LogDevObjectVersion:   Dev-Enterprise (9DFFBCD6-494F-0158-E221-12823C92A888): 10
LogDevObjectVersion:   Dev-Niagara (F2AED0AC-9AFE-416F-8664-AA7FFA26D6FC): 1
LogDevObjectVersion:   Dev-Destruction (174F1F0B-B4C6-45A5-B13F-2EE8D0FB917D): 10
LogDevObjectVersion:   Dev-Physics-Ext (35F94A83-E258-406C-A318-09F59610247C): 37
LogDevObjectVersion:   Dev-PhysicsMaterial-Chaos (B68FC16E-8B1B-42E2-B453-215C058844FE): 1
LogDevObjectVersion:   Dev-CineCamera (B2E18506-4273-CFC2-A54E-F4BB758BBA07): 1
LogInit: Presizing for max 25165824 objects, including 0 objects not considered by GC, pre-allocating 0 bytes for permanent pool.
LogConfig: Applying CVar settings from Section [/Script/Engine.StreamingSettings] File [D:/Users/h017026h/Documents/GitKraken/-raisethegamejam-2020/RaiseTheGameJame2020/Saved/Config/Windows/Engine.ini]
LogConfig: Setting CVar [[s.MinBulkDataSizeForAsyncLoading:131072]]
LogConfig: Setting CVar [[s.AsyncLoadingThreadEnabled:0]]
LogConfig: Setting CVar [[s.EventDrivenLoaderEnabled:1]]
LogConfig: Setting CVar [[s.WarnIfTimeLimitExceeded:0]]
LogConfig: Setting CVar [[s.TimeLimitExceededMultiplier:1.5]]
LogConfig: Setting CVar [[s.TimeLimitExceededMinTime:0.005]]
LogConfig: Setting CVar [[s.UseBackgroundLevelStreaming:1]]
LogConfig: Setting CVar [[s.PriorityAsyncLoadingExtraTime:15.0]]
LogConfig: Setting CVar [[s.LevelStreamingActorsUpdateTimeLimit:5.0]]
LogConfig: Setting CVar [[s.PriorityLevelStreamingActorsUpdateExtraTime:5.0]]
LogConfig: Setting CVar [[s.LevelStreamingComponentsRegistrationGranularity:10]]
LogConfig: Setting CVar [[s.UnregisterComponentsTimeLimit:1.0]]
LogConfig: Setting CVar [[s.LevelStreamingComponentsUnregistrationGranularity:5]]
LogConfig: Setting CVar [[s.FlushStreamingOnExit:1]]
LogInit: Object subsystem initialized
LogConfig: Setting CVar [[con.DebugEarlyDefault:1]]
LogConfig: Setting CVar [[r.setres:1280x720]]
[2020.11.19-13.16.11:254][  0]LogConfig: Setting CVar [[r.VSync:0]]
[2020.11.19-13.16.11:254][  0]LogConfig: Setting CVar [[r.RHICmdBypass:0]]
[2020.11.19-13.16.11:255][  0]LogConfig: Applying CVar settings from Section [/Script/Engine.RendererSettings] File [D:/Users/h017026h/Documents/GitKraken/-raisethegamejam-2020/RaiseTheGameJame2020/Saved/Config/Windows/Engine.ini]
[2020.11.19-13.16.11:255][  0]LogConfig: Setting CVar [[r.GPUCrashDebugging:0]]
[2020.11.19-13.16.11:255][  0]LogConfig: Applying CVar settings from Section [/Script/Engine.RendererOverrideSettings] File [D:/Users/h017026h/Documents/GitKraken/-raisethegamejam-2020/RaiseTheGameJame2020/Saved/Config/Windows/Engine.ini]
[2020.11.19-13.16.11:255][  0]LogConfig: Applying CVar settings from Section [/Script/Engine.StreamingSettings] File [D:/Users/h017026h/Documents/GitKraken/-raisethegamejam-2020/RaiseTheGameJame2020/Saved/Config/Windows/Engine.ini]
[2020.11.19-13.16.11:255][  0]LogConfig: Setting CVar [[s.MinBulkDataSizeForAsyncLoading:131072]]
[2020.11.19-13.16.11:255][  0]LogConfig: Setting CVar [[s.AsyncLoadingThreadEnabled:0]]
[2020.11.19-13.16.11:256][  0]LogConfig: Setting CVar [[s.EventDrivenLoaderEnabled:1]]
[2020.11.19-13.16.11:256][  0]LogConfig: Setting CVar [[s.WarnIfTimeLimitExceeded:0]]
[2020.11.19-13.16.11:256][  0]LogConfig: Setting CVar [[s.TimeLimitExceededMultiplier:1.5]]
[2020.11.19-13.16.11:256][  0]LogConfig: Setting CVar [[s.TimeLimitExceededMinTime:0.005]]
[2020.11.19-13.16.11:256][  0]LogConfig: Setting CVar [[s.UseBackgroundLevelStreaming:1]]
[2020.11.19-13.16.11:256][  0]LogConfig: Setting CVar [[s.PriorityAsyncLoadingExtraTime:15.0]]
[2020.11.19-13.16.11:256][  0]LogConfig: Setting CVar [[s.LevelStreamingActorsUpdateTimeLimit:5.0]]
[2020.11.19-13.16.11:256][  0]LogConfig: Setting CVar [[s.PriorityLevelStreamingActorsUpdateExtraTime:5.0]]
[2020.11.19-13.16.11:256][  0]LogConfig: Setting CVar [[s.LevelStreamingComponentsRegistrationGranularity:10]]
[2020.11.19-13.16.11:256][  0]LogConfig: Setting CVar [[s.UnregisterComponentsTimeLimit:1.0]]
[2020.11.19-13.16.11:256][  0]LogConfig: Setting CVar [[s.LevelStreamingComponentsUnregistrationGranularity:5]]
[2020.11.19-13.16.11:256][  0]LogConfig: Setting CVar [[s.FlushStreamingOnExit:1]]
[2020.11.19-13.16.11:257][  0]LogConfig: Applying CVar settings from Section [/Script/Engine.GarbageCollectionSettings] File [D:/Users/h017026h/Documents/GitKraken/-raisethegamejam-2020/RaiseTheGameJame2020/Saved/Config/Windows/Engine.ini]
[2020.11.19-13.16.11:257][  0]LogConfig: Setting CVar [[gc.MaxObjectsNotConsideredByGC:1]]
[2020.11.19-13.16.11:257][  0]LogConfig: Setting CVar [[gc.SizeOfPermanentObjectPool:0]]
[2020.11.19-13.16.11:257][  0]LogConfig: Setting CVar [[gc.FlushStreamingOnGC:0]]
[2020.11.19-13.16.11:257][  0]LogConfig: Setting CVar [[gc.NumRetriesBeforeForcingGC:10]]
[2020.11.19-13.16.11:257][  0]LogConfig: Setting CVar [[gc.AllowParallelGC:1]]
[2020.11.19-13.16.11:257][  0]LogConfig: Setting CVar [[gc.TimeBetweenPurgingPendingKillObjects:61.1]]
[2020.11.19-13.16.11:257][  0]LogConfig: Setting CVar [[gc.MaxObjectsInEditor:25165824]]
[2020.11.19-13.16.11:257][  0]LogConfig: Setting CVar [[gc.IncrementalBeginDestroyEnabled:1]]
[2020.11.19-13.16.11:258][  0]LogConfig: Setting CVar [[gc.CreateGCClusters:1]]
[2020.11.19-13.16.11:258][  0]LogConfig: Setting CVar [[gc.MinGCClusterSize:5]]
[2020.11.19-13.16.11:258][  0]LogConfig: Setting CVar [[gc.ActorClusteringEnabled:0]]
[2020.11.19-13.16.11:258][  0]LogConfig: Setting CVar [[gc.BlueprintClusteringEnabled:0]]
[2020.11.19-13.16.11:258][  0]LogConfig: Setting CVar [[gc.UseDisregardForGCOnDedicatedServers:0]]
[2020.11.19-13.16.11:258][  0]LogConfig: Applying CVar settings from Section [/Script/Engine.NetworkSettings] File [D:/Users/h017026h/Documents/GitKraken/-raisethegamejam-2020/RaiseTheGameJame2020/Saved/Config/Windows/Engine.ini]
[2020.11.19-13.16.11:258][  0]LogConfig: Applying CVar settings from Section [/Script/UnrealEd.CookerSettings] File [D:/Users/h017026h/Documents/GitKraken/-raisethegamejam-2020/RaiseTheGameJame2020/Saved/Config/Windows/Engine.ini]
[2020.11.19-13.16.11:343][  0]LogConfig: Applying CVar settings from Section [ViewDistanceQuality@3] File [D:/Users/h017026h/Documents/GitKraken/-raisethegamejam-2020/RaiseTheGameJame2020/Saved/Config/Windows/Scalability.ini]
[2020.11.19-13.16.11:343][  0]LogConfig: Setting CVar [[r.SkeletalMeshLODBias:0]]
[2020.11.19-13.16.11:343][  0]LogConfig: Setting CVar [[r.ViewDistanceScale:1.0]]
[2020.11.19-13.16.11:343][  0]LogConfig: Applying CVar settings from Section [AntiAliasingQuality@3] File [D:/Users/h017026h/Documents/GitKraken/-raisethegamejam-2020/RaiseTheGameJame2020/Saved/Config/Windows/Scalability.ini]
[2020.11.19-13.16.11:343][  0]LogConfig: Setting CVar [[r.PostProcessAAQuality:4]]
[2020.11.19-13.16.11:344][  0]LogConfig: Applying CVar settings from Section [ShadowQuality@3] File [D:/Users/h017026h/Documents/GitKraken/-raisethegamejam-2020/RaiseTheGameJame2020/Saved/Config/Windows/Scalability.ini]
[2020.11.19-13.16.11:344][  0]LogConfig: Setting CVar [[r.LightFunctionQuality:1]]
[2020.11.19-13.16.11:344][  0]LogConfig: Setting CVar [[r.ShadowQuality:5]]
[2020.11.19-13.16.11:344][  0]LogConfig: Setting CVar [[r.Shadow.CSM.MaxCascades:10]]
[2020.11.19-13.16.11:344][  0]LogConfig: Setting CVar [[r.Shadow.MaxResolution:2048]]
[2020.11.19-13.16.11:344][  0]LogConfig: Setting CVar [[r.Shadow.MaxCSMResolution:2048]]
[2020.11.19-13.16.11:344][  0]LogConfig: Setting CVar [[r.Shadow.RadiusThreshold:0.01]]
[2020.11.19-13.16.11:344][  0]LogConfig: Setting CVar [[r.Shadow.DistanceScale:1.0]]
[2020.11.19-13.16.11:344][  0]LogConfig: Setting CVar [[r.Shadow.CSM.TransitionScale:1.0]]
[2020.11.19-13.16.11:344][  0]LogConfig: Setting CVar [[r.Shadow.PreShadowResolutionFactor:1.0]]
[2020.11.19-13.16.11:344][  0]LogConfig: Setting CVar [[r.DistanceFieldShadowing:1]]
[2020.11.19-13.16.11:345][  0]LogConfig: Setting CVar [[r.DistanceFieldAO:1]]
[2020.11.19-13.16.11:345][  0]LogConfig: Setting CVar [[r.AOQuality:2]]
[2020.11.19-13.16.11:345][  0]LogConfig: Setting CVar [[r.VolumetricFog:1]]
[2020.11.19-13.16.11:345][  0]LogConfig: Setting CVar [[r.VolumetricFog.GridPixelSize:8]]
[2020.11.19-13.16.11:345][  0]LogConfig: Setting CVar [[r.VolumetricFog.GridSizeZ:128]]
[2020.11.19-13.16.11:345][  0]LogConfig: Setting CVar [[r.VolumetricFog.HistoryMissSupersampleCount:4]]
[2020.11.19-13.16.11:345][  0]LogConfig: Setting CVar [[r.LightMaxDrawDistanceScale:1]]
[2020.11.19-13.16.11:345][  0]LogConfig: Setting CVar [[r.CapsuleShadows:1]]
[2020.11.19-13.16.11:345][  0]LogConfig: Applying CVar settings from Section [PostProcessQuality@3] File [D:/Users/h017026h/Documents/GitKraken/-raisethegamejam-2020/RaiseTheGameJame2020/Saved/Config/Windows/Scalability.ini]
[2020.11.19-13.16.11:345][  0]LogConfig: Setting CVar [[r.MotionBlurQuality:4]]
[2020.11.19-13.16.11:345][  0]LogConfig: Setting CVar [[r.AmbientOcclusionMipLevelFactor:0.4]]
[2020.11.19-13.16.11:345][  0]LogConfig: Setting CVar [[r.AmbientOcclusionMaxQuality:100]]
[2020.11.19-13.16.11:345][  0]LogConfig: Setting CVar [[r.AmbientOcclusionLevels:-1]]
[2020.11.19-13.16.11:346][  0]LogConfig: Setting CVar [[r.AmbientOcclusionRadiusScale:1.0]]
[2020.11.19-13.16.11:346][  0]LogConfig: Setting CVar [[r.DepthOfFieldQuality:2]]
[2020.11.19-13.16.11:346][  0]LogConfig: Setting CVar [[r.RenderTargetPoolMin:400]]
[2020.11.19-13.16.11:346][  0]LogConfig: Setting CVar [[r.LensFlareQuality:2]]
[2020.11.19-13.16.11:346][  0]LogConfig: Setting CVar [[r.SceneColorFringeQuality:1]]
[2020.11.19-13.16.11:346][  0]LogConfig: Setting CVar [[r.EyeAdaptationQuality:2]]
[2020.11.19-13.16.11:346][  0]LogConfig: Setting CVar [[r.BloomQuality:5]]
[2020.11.19-13.16.11:346][  0]LogConfig: Setting CVar [[r.FastBlurThreshold:100]]
[2020.11.19-13.16.11:346][  0]LogConfig: Setting CVar [[r.Upscale.Quality:3]]
[2020.11.19-13.16.11:346][  0]LogConfig: Setting CVar [[r.Tonemapper.GrainQuantization:1]]
[2020.11.19-13.16.11:346][  0]LogConfig: Setting CVar [[r.LightShaftQuality:1]]
[2020.11.19-13.16.11:346][  0]LogConfig: Setting CVar [[r.Filter.SizeScale:1]]
[2020.11.19-13.16.11:346][  0]LogConfig: Setting CVar [[r.Tonemapper.Quality:5]]
[2020.11.19-13.16.11:346][  0]LogConfig: Setting CVar [[r.DOF.Gather.AccumulatorQuality:1        ; higher gathering accumulator quality]]
[2020.11.19-13.16.11:346][  0]LogConfig: Setting CVar [[r.DOF.Gather.PostfilterMethod:1          ; Median3x3 postfilering method]]
[2020.11.19-13.16.11:346][  0]LogConfig: Setting CVar [[r.DOF.Gather.EnableBokehSettings:0       ; no bokeh simulation when gathering]]
[2020.11.19-13.16.11:347][  0]LogConfig: Setting CVar [[r.DOF.Gather.RingCount:4                 ; medium number of samples when gathering]]
[2020.11.19-13.16.11:347][  0]LogConfig: Setting CVar [[r.DOF.Scatter.ForegroundCompositing:1    ; additive foreground scattering]]
[2020.11.19-13.16.11:347][  0]LogConfig: Setting CVar [[r.DOF.Scatter.BackgroundCompositing:2    ; additive background scattering]]
[2020.11.19-13.16.11:347][  0]LogConfig: Setting CVar [[r.DOF.Scatter.EnableBokehSettings:1      ; bokeh simulation when scattering]]
[2020.11.19-13.16.11:347][  0]LogConfig: Setting CVar [[r.DOF.Scatter.MaxSpriteRatio:0.1         ; only a maximum of 10% of scattered bokeh]]
[2020.11.19-13.16.11:347][  0]LogConfig: Setting CVar [[r.DOF.Recombine.Quality:1                ; cheap slight out of focus]]
[2020.11.19-13.16.11:347][  0]LogConfig: Setting CVar [[r.DOF.Recombine.EnableBokehSettings:0    ; no bokeh simulation on slight out of focus]]
[2020.11.19-13.16.11:347][  0]LogConfig: Setting CVar [[r.DOF.TemporalAAQuality:1                ; more stable temporal accumulation]]
[2020.11.19-13.16.11:347][  0]LogConfig: Setting CVar [[r.DOF.Kernel.MaxForegroundRadius:0.025]]
[2020.11.19-13.16.11:347][  0]LogConfig: Setting CVar [[r.DOF.Kernel.MaxBackgroundRadius:0.025]]
[2020.11.19-13.16.11:347][  0]LogConfig: Applying CVar settings from Section [TextureQuality@3] File [D:/Users/h017026h/Documents/GitKraken/-raisethegamejam-2020/RaiseTheGameJame2020/Saved/Config/Windows/Scalability.ini]
[2020.11.19-13.16.11:347][  0]LogConfig: Setting CVar [[r.Streaming.MipBias:0]]
[2020.11.19-13.16.11:347][  0]LogConfig: Setting CVar [[r.Streaming.AmortizeCPUToGPUCopy:0]]
[2020.11.19-13.16.11:347][  0]LogConfig: Setting CVar [[r.Streaming.MaxNumTexturesToStreamPerFrame:0]]
[2020.11.19-13.16.11:347][  0]LogConfig: Setting CVar [[r.Streaming.Boost:1]]
[2020.11.19-13.16.11:347][  0]LogConfig: Setting CVar [[r.MaxAnisotropy:8]]
[2020.11.19-13.16.11:347][  0]LogConfig: Setting CVar [[r.VT.MaxAnisotropy:8]]
[2020.11.19-13.16.11:347][  0]LogConfig: Setting CVar [[r.Streaming.LimitPoolSizeToVRAM:0]]
[2020.11.19-13.16.11:347][  0]LogConfig: Setting CVar [[r.Streaming.PoolSize:1000]]
[2020.11.19-13.16.11:347][  0]LogConfig: Setting CVar [[r.Streaming.MaxEffectiveScreenSize:0]]
[2020.11.19-13.16.11:348][  0]LogConfig: Applying CVar settings from Section [EffectsQuality@3] File [D:/Users/h017026h/Documents/GitKraken/-raisethegamejam-2020/RaiseTheGameJame2020/Saved/Config/Windows/Scalability.ini]
[2020.11.19-13.16.11:348][  0]LogConfig: Setting CVar [[r.TranslucencyLightingVolumeDim:64]]
[2020.11.19-13.16.11:348][  0]LogConfig: Setting CVar [[r.RefractionQuality:2]]
[2020.11.19-13.16.11:348][  0]LogConfig: Setting CVar [[r.SSR.Quality:3]]
[2020.11.19-13.16.11:348][  0]LogConfig: Setting CVar [[r.SSR.HalfResSceneColor:0]]
[2020.11.19-13.16.11:348][  0]LogConfig: Setting CVar [[r.SceneColorFormat:4]]
[2020.11.19-13.16.11:348][  0]LogConfig: Setting CVar [[r.DetailMode:2]]
[2020.11.19-13.16.11:348][  0]LogConfig: Setting CVar [[r.TranslucencyVolumeBlur:1]]
[2020.11.19-13.16.11:348][  0]LogConfig: Setting CVar [[r.MaterialQualityLevel:1 ; High quality]]
[2020.11.19-13.16.11:348][  0]LogConfig: Setting CVar [[r.SSS.Scale:1]]
[2020.11.19-13.16.11:348][  0]LogConfig: Setting CVar [[r.SSS.SampleSet:2]]
[2020.11.19-13.16.11:348][  0]LogConfig: Setting CVar [[r.SSS.Quality:1]]
[2020.11.19-13.16.11:348][  0]LogConfig: Setting CVar [[r.SSS.HalfRes:0]]
[2020.11.19-13.16.11:348][  0]LogConfig: Setting CVar [[r.SSGI.Quality:3]]
[2020.11.19-13.16.11:348][  0]LogConfig: Setting CVar [[r.EmitterSpawnRateScale:1.0]]
[2020.11.19-13.16.11:348][  0]LogConfig: Setting CVar [[r.ParticleLightQuality:2]]
[2020.11.19-13.16.11:349][  0]LogConfig: Setting CVar [[r.SkyAtmosphere.AerialPerspectiveLUT.FastApplyOnOpaque:1 ; Always have FastSkyLUT 1 in this case to avoid wrong sky]]
[2020.11.19-13.16.11:349][  0]LogConfig: Setting CVar [[r.SkyAtmosphere.AerialPerspectiveLUT.SampleCountPerSlice:1]]
[2020.11.19-13.16.11:349][  0]LogConfig: Setting CVar [[r.SkyAtmosphere.AerialPerspectiveLUT.DepthResolution:16.0]]
[2020.11.19-13.16.11:349][  0]LogConfig: Setting CVar [[r.SkyAtmosphere.FastSkyLUT:1]]
[2020.11.19-13.16.11:349][  0]LogConfig: Setting CVar [[r.SkyAtmosphere.FastSkyLUT.SampleCountMin:4.0]]
[2020.11.19-13.16.11:349][  0]LogConfig: Setting CVar [[r.SkyAtmosphere.FastSkyLUT.SampleCountMax:32.0]]
[2020.11.19-13.16.11:349][  0]LogConfig: Setting CVar [[r.SkyAtmosphere.SampleCountMin:4.0]]
[2020.11.19-13.16.11:349][  0]LogConfig: Setting CVar [[r.SkyAtmosphere.SampleCountMax:32.0]]
[2020.11.19-13.16.11:349][  0]LogConfig: Setting CVar [[r.SkyAtmosphere.TransmittanceLUT.UseSmallFormat:0]]
[2020.11.19-13.16.11:349][  0]LogConfig: Setting CVar [[r.SkyAtmosphere.TransmittanceLUT.SampleCount:10.0]]
[2020.11.19-13.16.11:349][  0]LogConfig: Setting CVar [[r.SkyAtmosphere.MultiScatteringLUT.SampleCount:15.0]]
[2020.11.19-13.16.11:349][  0]LogConfig: Applying CVar settings from Section [FoliageQuality@3] File [D:/Users/h017026h/Documents/GitKraken/-raisethegamejam-2020/RaiseTheGameJame2020/Saved/Config/Windows/Scalability.ini]
[2020.11.19-13.16.11:349][  0]LogConfig: Setting CVar [[foliage.DensityScale:1.0]]
[2020.11.19-13.16.11:349][  0]LogConfig: Setting CVar [[grass.DensityScale:1.0]]
[2020.11.19-13.16.11:349][  0]LogConfig: Applying CVar settings from Section [ShadingQuality@3] File [D:/Users/h017026h/Documents/GitKraken/-raisethegamejam-2020/RaiseTheGameJame2020/Saved/Config/Windows/Scalability.ini]
[2020.11.19-13.16.11:349][  0]LogConfig: Setting CVar [[r.HairStrands.SkyLighting.SampleCount:16]]
[2020.11.19-13.16.11:349][  0]LogConfig: Setting CVar [[r.HairStrands.SkyLighting.JitterIntegration:0]]
[2020.11.19-13.16.11:349][  0]LogConfig: Setting CVar [[r.HairStrands.SkyAO.SampleCount:16]]
[2020.11.19-13.16.11:349][  0]LogConfig: Setting CVar [[r.HairStrands.DeepShadow.SuperSampling:0]]
[2020.11.19-13.16.11:349][  0]LogConfig: Setting CVar [[r.HairStrands.VisibilityPPLL:0]]
[2020.11.19-13.16.11:350][  0]LogConfig: Setting CVar [[r.HairStrands.RasterizationScale:0.5]]
[2020.11.19-13.16.11:350][  0]LogConfig: Setting CVar [[r.HairStrands.VelocityRasterizationScale:1]]
[2020.11.19-13.16.11:359][  0]LogInit: Selected Device Profile: [Windows]
[2020.11.19-13.16.11:359][  0]LogInit: Applying CVar settings loaded from the selected device profile: [Windows]
[2020.11.19-13.16.11:384][  0]LogHAL: Display: Platform has ~ 16 GB [17130930176 / 17179869184 / 16], which maps to Larger [LargestMinGB=32, LargerMinGB=12, DefaultMinGB=8, SmallerMinGB=6, SmallestMinGB=0)
[2020.11.19-13.16.11:384][  0]LogInit: Going up to parent DeviceProfile []
[2020.11.19-13.16.11:392][  0]LogConfig: Applying CVar settings from Section [ViewDistanceQuality@3] File [D:/Users/h017026h/Documents/GitKraken/-raisethegamejam-2020/RaiseTheGameJame2020/Saved/Config/Windows/Scalability.ini]
[2020.11.19-13.16.11:393][  0]LogConfig: Setting CVar [[r.SkeletalMeshLODBias:0]]
[2020.11.19-13.16.11:393][  0]LogConfig: Setting CVar [[r.ViewDistanceScale:1.0]]
[2020.11.19-13.16.11:393][  0]LogConfig: Applying CVar settings from Section [AntiAliasingQuality@3] File [D:/Users/h017026h/Documents/GitKraken/-raisethegamejam-2020/RaiseTheGameJame2020/Saved/Config/Windows/Scalability.ini]
[2020.11.19-13.16.11:393][  0]LogConfig: Setting CVar [[r.PostProcessAAQuality:4]]
[2020.11.19-13.16.11:393][  0]LogConfig: Applying CVar settings from Section [ShadowQuality@3] File [D:/Users/h017026h/Documents/GitKraken/-raisethegamejam-2020/RaiseTheGameJame2020/Saved/Config/Windows/Scalability.ini]
[2020.11.19-13.16.11:393][  0]LogConfig: Setting CVar [[r.LightFunctionQuality:1]]
[2020.11.19-13.16.11:393][  0]LogConfig: Setting CVar [[r.ShadowQuality:5]]
[2020.11.19-13.16.11:393][  0]LogConfig: Setting CVar [[r.Shadow.CSM.MaxCascades:10]]
[2020.11.19-13.16.11:393][  0]LogConfig: Setting CVar [[r.Shadow.MaxResolution:2048]]
[2020.11.19-13.16.11:393][  0]LogConfig: Setting CVar [[r.Shadow.MaxCSMResolution:2048]]
[2020.11.19-13.16.11:393][  0]LogConfig: Setting CVar [[r.Shadow.RadiusThreshold:0.01]]
[2020.11.19-13.16.11:393][  0]LogConfig: Setting CVar [[r.Shadow.DistanceScale:1.0]]
[2020.11.19-13.16.11:394][  0]LogConfig: Setting CVar [[r.Shadow.CSM.TransitionScale:1.0]]
[2020.11.19-13.16.11:394][  0]LogConfig: Setting CVar [[r.Shadow.PreShadowResolutionFactor:1.0]]
[2020.11.19-13.16.11:394][  0]LogConfig: Setting CVar [[r.DistanceFieldShadowing:1]]
[2020.11.19-13.16.11:394][  0]LogConfig: Setting CVar [[r.DistanceFieldAO:1]]
[2020.11.19-13.16.11:394][  0]LogConfig: Setting CVar [[r.AOQuality:2]]
[2020.11.19-13.16.11:394][  0]LogConfig: Setting CVar [[r.VolumetricFog:1]]
[2020.11.19-13.16.11:394][  0]LogConfig: Setting CVar [[r.VolumetricFog.GridPixelSize:8]]
[2020.11.19-13.16.11:394][  0]LogConfig: Setting CVar [[r.VolumetricFog.GridSizeZ:128]]
[2020.11.19-13.16.11:394][  0]LogConfig: Setting CVar [[r.VolumetricFog.HistoryMissSupersampleCount:4]]
[2020.11.19-13.16.11:395][  0]LogConfig: Setting CVar [[r.LightMaxDrawDistanceScale:1]]
[2020.11.19-13.16.11:395][  0]LogConfig: Setting CVar [[r.CapsuleShadows:1]]
[2020.11.19-13.16.11:395][  0]LogConfig: Applying CVar settings from Section [PostProcessQuality@3] File [D:/Users/h017026h/Documents/GitKraken/-raisethegamejam-2020/RaiseTheGameJame2020/Saved/Config/Windows/Scalability.ini]
[2020.11.19-13.16.11:395][  0]LogConfig: Setting CVar [[r.MotionBlurQuality:4]]
[2020.11.19-13.16.11:395][  0]LogConfig: Setting CVar [[r.AmbientOcclusionMipLevelFactor:0.4]]
[2020.11.19-13.16.11:395][  0]LogConfig: Setting CVar [[r.AmbientOcclusionMaxQuality:100]]
[2020.11.19-13.16.11:395][  0]LogConfig: Setting CVar [[r.AmbientOcclusionLevels:-1]]
[2020.11.19-13.16.11:395][  0]LogConfig: Setting CVar [[r.AmbientOcclusionRadiusScale:1.0]]
[2020.11.19-13.16.11:395][  0]LogConfig: Setting CVar [[r.DepthOfFieldQuality:2]]
[2020.11.19-13.16.11:395][  0]LogConfig: Setting CVar [[r.RenderTargetPoolMin:400]]
[2020.11.19-13.16.11:395][  0]LogConfig: Setting CVar [[r.LensFlareQuality:2]]
[2020.11.19-13.16.11:396][  0]LogConfig: Setting CVar [[r.SceneColorFringeQuality:1]]
[2020.11.19-13.16.11:396][  0]LogConfig: Setting CVar [[r.EyeAdaptationQuality:2]]
[2020.11.19-13.16.11:396][  0]LogConfig: Setting CVar [[r.BloomQuality:5]]
[2020.11.19-13.16.11:396][  0]LogConfig: Setting CVar [[r.FastBlurThreshold:100]]
[2020.11.19-13.16.11:396][  0]LogConfig: Setting CVar [[r.Upscale.Quality:3]]
[2020.11.19-13.16.11:396][  0]LogConfig: Setting CVar [[r.Tonemapper.GrainQuantization:1]]
[2020.11.19-13.16.11:396][  0]LogConfig: Setting CVar [[r.LightShaftQuality:1]]
[2020.11.19-13.16.11:396][  0]LogConfig: Setting CVar [[r.Filter.SizeScale:1]]
[2020.11.19-13.16.11:396][  0]LogConfig: Setting CVar [[r.Tonemapper.Quality:5]]
[2020.11.19-13.16.11:396][  0]LogConfig: Setting CVar [[r.DOF.Gather.AccumulatorQuality:1        ; higher gathering accumulator quality]]
[2020.11.19-13.16.11:396][  0]LogConfig: Setting CVar [[r.DOF.Gather.PostfilterMethod:1          ; Median3x3 postfilering method]]
[2020.11.19-13.16.11:396][  0]LogConfig: Setting CVar [[r.DOF.Gather.EnableBokehSettings:0       ; no bokeh simulation when gathering]]
[2020.11.19-13.16.11:396][  0]LogConfig: Setting CVar [[r.DOF.Gather.RingCount:4                 ; medium number of samples when gathering]]
[2020.11.19-13.16.11:396][  0]LogConfig: Setting CVar [[r.DOF.Scatter.ForegroundCompositing:1    ; additive foreground scattering]]
[2020.11.19-13.16.11:396][  0]LogConfig: Setting CVar [[r.DOF.Scatter.BackgroundCompositing:2    ; additive background scattering]]
[2020.11.19-13.16.11:397][  0]LogConfig: Setting CVar [[r.DOF.Scatter.EnableBokehSettings:1      ; bokeh simulation when scattering]]
[2020.11.19-13.16.11:397][  0]LogConfig: Setting CVar [[r.DOF.Scatter.MaxSpriteRatio:0.1         ; only a maximum of 10% of scattered bokeh]]
[2020.11.19-13.16.11:397][  0]LogConfig: Setting CVar [[r.DOF.Recombine.Quality:1                ; cheap slight out of focus]]
[2020.11.19-13.16.11:397][  0]LogConfig: Setting CVar [[r.DOF.Recombine.EnableBokehSettings:0    ; no bokeh simulation on slight out of focus]]
[2020.11.19-13.16.11:397][  0]LogConfig: Setting CVar [[r.DOF.TemporalAAQuality:1                ; more stable temporal accumulation]]
[2020.11.19-13.16.11:397][  0]LogConfig: Setting CVar [[r.DOF.Kernel.MaxForegroundRadius:0.025]]
[2020.11.19-13.16.11:397][  0]LogConfig: Setting CVar [[r.DOF.Kernel.MaxBackgroundRadius:0.025]]
[2020.11.19-13.16.11:397][  0]LogConfig: Applying CVar settings from Section [TextureQuality@3] File [D:/Users/h017026h/Documents/GitKraken/-raisethegamejam-2020/RaiseTheGameJame2020/Saved/Config/Windows/Scalability.ini]
[2020.11.19-13.16.11:397][  0]LogConfig: Setting CVar [[r.Streaming.MipBias:0]]
[2020.11.19-13.16.11:397][  0]LogConfig: Setting CVar [[r.Streaming.AmortizeCPUToGPUCopy:0]]
[2020.11.19-13.16.11:397][  0]LogConfig: Setting CVar [[r.Streaming.MaxNumTexturesToStreamPerFrame:0]]
[2020.11.19-13.16.11:397][  0]LogConfig: Setting CVar [[r.Streaming.Boost:1]]
[2020.11.19-13.16.11:397][  0]LogConfig: Setting CVar [[r.MaxAnisotropy:8]]
[2020.11.19-13.16.11:397][  0]LogConfig: Setting CVar [[r.VT.MaxAnisotropy:8]]
[2020.11.19-13.16.11:397][  0]LogConfig: Setting CVar [[r.Streaming.LimitPoolSizeToVRAM:0]]
[2020.11.19-13.16.11:397][  0]LogConfig: Setting CVar [[r.Streaming.PoolSize:1000]]
[2020.11.19-13.16.11:398][  0]LogConfig: Setting CVar [[r.Streaming.MaxEffectiveScreenSize:0]]
[2020.11.19-13.16.11:398][  0]LogConfig: Applying CVar settings from Section [EffectsQuality@3] File [D:/Users/h017026h/Documents/GitKraken/-raisethegamejam-2020/RaiseTheGameJame2020/Saved/Config/Windows/Scalability.ini]
[2020.11.19-13.16.11:398][  0]LogConfig: Setting CVar [[r.TranslucencyLightingVolumeDim:64]]
[2020.11.19-13.16.11:398][  0]LogConfig: Setting CVar [[r.RefractionQuality:2]]
[2020.11.19-13.16.11:398][  0]LogConfig: Setting CVar [[r.SSR.Quality:3]]
[2020.11.19-13.16.11:398][  0]LogConfig: Setting CVar [[r.SSR.HalfResSceneColor:0]]
[2020.11.19-13.16.11:398][  0]LogConfig: Setting CVar [[r.SceneColorFormat:4]]
[2020.11.19-13.16.11:398][  0]LogConfig: Setting CVar [[r.DetailMode:2]]
[2020.11.19-13.16.11:398][  0]LogConfig: Setting CVar [[r.TranslucencyVolumeBlur:1]]
[2020.11.19-13.16.11:398][  0]LogConfig: Setting CVar [[r.MaterialQualityLevel:1 ; High quality]]
[2020.11.19-13.16.11:398][  0]LogConfig: Setting CVar [[r.SSS.Scale:1]]
[2020.11.19-13.16.11:398][  0]LogConfig: Setting CVar [[r.SSS.SampleSet:2]]
[2020.11.19-13.16.11:398][  0]LogConfig: Setting CVar [[r.SSS.Quality:1]]
[2020.11.19-13.16.11:398][  0]LogConfig: Setting CVar [[r.SSS.HalfRes:0]]
[2020.11.19-13.16.11:398][  0]LogConfig: Setting CVar [[r.SSGI.Quality:3]]
[2020.11.19-13.16.11:398][  0]LogConfig: Setting CVar [[r.EmitterSpawnRateScale:1.0]]
[2020.11.19-13.16.11:398][  0]LogConfig: Setting CVar [[r.ParticleLightQuality:2]]
[2020.11.19-13.16.11:398][  0]LogConfig: Setting CVar [[r.SkyAtmosphere.AerialPerspectiveLUT.FastApplyOnOpaque:1 ; Always have FastSkyLUT 1 in this case to avoid wrong sky]]
[2020.11.19-13.16.11:398][  0]LogConfig: Setting CVar [[r.SkyAtmosphere.AerialPerspectiveLUT.SampleCountPerSlice:1]]
[2020.11.19-13.16.11:399][  0]LogConfig: Setting CVar [[r.SkyAtmosphere.AerialPerspectiveLUT.DepthResolution:16.0]]
[2020.11.19-13.16.11:399][  0]LogConfig: Setting CVar [[r.SkyAtmosphere.FastSkyLUT:1]]
[2020.11.19-13.16.11:399][  0]LogConfig: Setting CVar [[r.SkyAtmosphere.FastSkyLUT.SampleCountMin:4.0]]
[2020.11.19-13.16.11:399][  0]LogConfig: Setting CVar [[r.SkyAtmosphere.FastSkyLUT.SampleCountMax:32.0]]
[2020.11.19-13.16.11:399][  0]LogConfig: Setting CVar [[r.SkyAtmosphere.SampleCountMin:4.0]]
[2020.11.19-13.16.11:399][  0]LogConfig: Setting CVar [[r.SkyAtmosphere.SampleCountMax:32.0]]
[2020.11.19-13.16.11:399][  0]LogConfig: Setting CVar [[r.SkyAtmosphere.TransmittanceLUT.UseSmallFormat:0]]
[2020.11.19-13.16.11:399][  0]LogConfig: Setting CVar [[r.SkyAtmosphere.TransmittanceLUT.SampleCount:10.0]]
[2020.11.19-13.16.11:399][  0]LogConfig: Setting CVar [[r.SkyAtmosphere.MultiScatteringLUT.SampleCount:15.0]]
[2020.11.19-13.16.11:399][  0]LogConfig: Applying CVar settings from Section [FoliageQuality@3] File [D:/Users/h017026h/Documents/GitKraken/-raisethegamejam-2020/RaiseTheGameJame2020/Saved/Config/Windows/Scalability.ini]
[2020.11.19-13.16.11:399][  0]LogConfig: Setting CVar [[foliage.DensityScale:1.0]]
[2020.11.19-13.16.11:399][  0]LogConfig: Setting CVar [[grass.DensityScale:1.0]]
[2020.11.19-13.16.11:399][  0]LogConfig: Applying CVar settings from Section [ShadingQuality@3] File [D:/Users/h017026h/Documents/GitKraken/-raisethegamejam-2020/RaiseTheGameJame2020/Saved/Config/Windows/Scalability.ini]
[2020.11.19-13.16.11:399][  0]LogConfig: Setting CVar [[r.HairStrands.SkyLighting.SampleCount:16]]
[2020.11.19-13.16.11:399][  0]LogConfig: Setting CVar [[r.HairStrands.SkyLighting.JitterIntegration:0]]
[2020.11.19-13.16.11:399][  0]LogConfig: Setting CVar [[r.HairStrands.SkyAO.SampleCount:16]]
[2020.11.19-13.16.11:399][  0]LogConfig: Setting CVar [[r.HairStrands.DeepShadow.SuperSampling:0]]
[2020.11.19-13.16.11:399][  0]LogConfig: Setting CVar [[r.HairStrands.VisibilityPPLL:0]]
[2020.11.19-13.16.11:399][  0]LogConfig: Setting CVar [[r.HairStrands.RasterizationScale:0.5]]
[2020.11.19-13.16.11:399][  0]LogConfig: Setting CVar [[r.HairStrands.VelocityRasterizationScale:1]]
[2020.11.19-13.16.11:399][  0]LogConfig: Applying CVar settings from Section [Startup] File [../../../Engine/Config/ConsoleVariables.ini]
[2020.11.19-13.16.11:400][  0]LogConfig: Setting CVar [[net.UseAdaptiveNetUpdateFrequency:0]]
[2020.11.19-13.16.11:400][  0]LogConfig: Setting CVar [[p.chaos.AllowCreatePhysxBodies:1]]
[2020.11.19-13.16.11:400][  0]LogConfig: Setting CVar [[fx.SkipVectorVMBackendOptimizations:1]]
[2020.11.19-13.16.11:400][  0]LogConfig: Applying CVar settings from Section [ConsoleVariables] File [D:/Users/h017026h/Documents/GitKraken/-raisethegamejam-2020/RaiseTheGameJame2020/Saved/Config/Windows/Engine.ini]
[2020.11.19-13.16.11:404][  0]LogInit: Computer: DESKTOP-D8L6EI8
[2020.11.19-13.16.11:404][  0]LogInit: User: h017026h
[2020.11.19-13.16.11:406][  0]LogInit: CPU Page size=4096, Cores=6
[2020.11.19-13.16.11:406][  0]LogInit: High frequency timer resolution =10.000000 MHz
[2020.11.19-13.16.11:406][  0]LogMemory: Memory total: Physical=16.0GB (16GB approx)
[2020.11.19-13.16.11:407][  0]LogMemory: Platform Memory Stats for Windows
[2020.11.19-13.16.11:407][  0]LogMemory: Process Physical Memory: 116.25 MB used, 116.26 MB peak
[2020.11.19-13.16.11:407][  0]LogMemory: Process Virtual Memory: 105.43 MB used, 105.43 MB peak
[2020.11.19-13.16.11:407][  0]LogMemory: Physical Memory: 14374.27 MB used,  1963.06 MB free, 16337.33 MB total
[2020.11.19-13.16.11:407][  0]LogMemory: Virtual Memory: 5173.71 MB used,  134212552.00 MB free, 134217728.00 MB total
[2020.11.19-13.16.11:421][  0]LogWindows: WindowsPlatformFeatures enabled
[2020.11.19-13.16.12:299][  0]LogInit: Physics initialised using underlying interface: PhysX
[2020.11.19-13.16.12:346][  0]LogInit: Using OS detected language (en-GB).
[2020.11.19-13.16.12:346][  0]LogInit: Using OS detected locale (en-GB).
[2020.11.19-13.16.12:354][  0]LogTextLocalizationManager: No specific localization for 'en-GB' exists, so the 'en' localization will be used.
[2020.11.19-13.16.12:718][  0]LogInit: Setting process to per monitor DPI aware
[2020.11.19-13.16.13:081][  0]LogSlate: New Slate User Created.  User Index 0, Is Virtual User: 0
[2020.11.19-13.16.13:081][  0]LogSlate: Slate User Registered.  User Index 0, Is Virtual User: 0
[2020.11.19-13.16.13:885][  0]LogHMD: Failed to initialize OpenVR with code 110
[2020.11.19-13.16.13:885][  0]LogD3D11RHI: D3D11 min allowed feature level: 11_0
[2020.11.19-13.16.13:885][  0]LogD3D11RHI: D3D11 max allowed feature level: 11_0
[2020.11.19-13.16.13:886][  0]LogD3D11RHI: D3D11 adapters:
[2020.11.19-13.16.14:128][  0]LogD3D11RHI:    0. 'NVIDIA GeForce RTX 2080' (Feature Level 11_0)
[2020.11.19-13.16.14:128][  0]LogD3D11RHI:       8010/0/8168 MB DedicatedVideo/DedicatedSystem/SharedSystem, Outputs:2, VendorId:0x10de
[2020.11.19-13.16.14:136][  0]LogD3D11RHI:    1. 'Microsoft Basic Render Driver' (Feature Level 11_0)
[2020.11.19-13.16.14:136][  0]LogD3D11RHI:       0/0/8168 MB DedicatedVideo/DedicatedSystem/SharedSystem, Outputs:0, VendorId:0x1414
[2020.11.19-13.16.14:136][  0]LogD3D11RHI: Chosen D3D11 Adapter: 0
[2020.11.19-13.16.14:167][  0]LogD3D11RHI: Creating new Direct3DDevice
[2020.11.19-13.16.14:167][  0]LogD3D11RHI:     GPU DeviceId: 0x1e87 (for the marketing name, search the web for "GPU Device Id")
[2020.11.19-13.16.14:175][  0]LogWindows: EnumDisplayDevices:
[2020.11.19-13.16.14:175][  0]LogWindows:    0. 'NVIDIA GeForce RTX 2080' (P:1 D:1)
[2020.11.19-13.16.14:175][  0]LogWindows:    1. 'NVIDIA GeForce RTX 2080' (P:0 D:1)
[2020.11.19-13.16.14:176][  0]LogWindows:    2. 'NVIDIA GeForce RTX 2080' (P:0 D:0)
[2020.11.19-13.16.14:176][  0]LogWindows:    3. 'NVIDIA GeForce RTX 2080' (P:0 D:0)
[2020.11.19-13.16.14:176][  0]LogWindows: DebugString: FoundDriverCount:4 
[2020.11.19-13.16.14:176][  0]LogD3D11RHI:     Adapter Name: NVIDIA GeForce RTX 2080
[2020.11.19-13.16.14:176][  0]LogD3D11RHI:   Driver Version: 457.30 (internal:27.21.14.5730, unified:457.30)
[2020.11.19-13.16.14:177][  0]LogD3D11RHI:      Driver Date: 11-6-2020
[2020.11.19-13.16.14:177][  0]LogRHI: Texture pool is 5607 MB (70% of 8010 MB)
[2020.11.19-13.16.14:235][  0]LogD3D11RHI: RHI has support for 64 bit atomics
[2020.11.19-13.16.14:237][  0]LogD3D11RHI: Async texture creation enabled
[2020.11.19-13.16.14:237][  0]LogD3D11RHI: Array index from any shader is supported
[2020.11.19-13.16.14:728][  0]LogD3D11RHI: GPU Timing Frequency: 1000.000000 (Debug: 2 1)
[2020.11.19-13.16.15:136][  0]LogTargetPlatformManager: Display: Loaded TargetPlatform 'AllDesktop'
[2020.11.19-13.16.15:170][  0]LogTargetPlatformManager: Display: Loaded TargetPlatform 'Android'
[2020.11.19-13.16.15:171][  0]LogTargetPlatformManager: Display: Loaded TargetPlatform 'Android_ASTC'
[2020.11.19-13.16.15:171][  0]LogTargetPlatformManager: Display: Loaded TargetPlatform 'Android_DXT'
[2020.11.19-13.16.15:171][  0]LogTargetPlatformManager: Display: Loaded TargetPlatform 'Android_ETC2'
[2020.11.19-13.16.15:171][  0]LogTargetPlatformManager: Display: Loaded TargetPlatform 'AndroidClient'
[2020.11.19-13.16.15:171][  0]LogTargetPlatformManager: Display: Loaded TargetPlatform 'Android_ASTCClient'
[2020.11.19-13.16.15:171][  0]LogTargetPlatformManager: Display: Loaded TargetPlatform 'Android_DXTClient'
[2020.11.19-13.16.15:171][  0]LogTargetPlatformManager: Display: Loaded TargetPlatform 'Android_ETC2Client'
[2020.11.19-13.16.15:171][  0]LogTargetPlatformManager: Display: Loaded TargetPlatform 'Android_Multi'
[2020.11.19-13.16.15:171][  0]LogTargetPlatformManager: Display: Loaded TargetPlatform 'Android_MultiClient'
[2020.11.19-13.16.15:261][  0]LogTargetPlatformManager: Display: Loaded TargetPlatform 'IOSClient'
[2020.11.19-13.16.15:261][  0]LogTargetPlatformManager: Display: Loaded TargetPlatform 'IOS'
[2020.11.19-13.16.15:286][  0]LogTargetPlatformManager: Display: Loaded TargetPlatform 'Linux'
[2020.11.19-13.16.15:324][  0]LogTargetPlatformManager: Display: Loaded TargetPlatform 'LinuxNoEditor'
[2020.11.19-13.16.15:340][  0]LogTargetPlatformManager: Display: Loaded TargetPlatform 'LinuxClient'
[2020.11.19-13.16.15:352][  0]LogTargetPlatformManager: Display: Loaded TargetPlatform 'LinuxServer'
[2020.11.19-13.16.15:375][  0]LogTargetPlatformManager: Display: Loaded TargetPlatform 'LinuxAArch64NoEditor'
[2020.11.19-13.16.15:390][  0]LogTargetPlatformManager: Display: Loaded TargetPlatform 'LinuxAArch64Client'
[2020.11.19-13.16.15:414][  0]LogTargetPlatformManager: Display: Loaded TargetPlatform 'LinuxAArch64Server'
[2020.11.19-13.16.15:452][  0]LogTargetPlatformManager: Display: Loaded TargetPlatform 'Lumin'
[2020.11.19-13.16.15:453][  0]LogTargetPlatformManager: Display: Loaded TargetPlatform 'LuminClient'
[2020.11.19-13.16.15:480][  0]LogTargetPlatformManager: Display: Loaded TargetPlatform 'TVOSClient'
[2020.11.19-13.16.15:480][  0]LogTargetPlatformManager: Display: Loaded TargetPlatform 'TVOS'
[2020.11.19-13.16.15:516][  0]LogTargetPlatformManager: Display: Loaded TargetPlatform 'WindowsNoEditor'
[2020.11.19-13.16.15:528][  0]LogTargetPlatformManager: Display: Loaded TargetPlatform 'Windows'
[2020.11.19-13.16.15:549][  0]LogTargetPlatformManager: Display: Loaded TargetPlatform 'WindowsClient'
[2020.11.19-13.16.15:560][  0]LogTargetPlatformManager: Display: Loaded TargetPlatform 'WindowsServer'
[2020.11.19-13.16.15:560][  0]LogTargetPlatformManager: Display: Building Assets For Windows
[2020.11.19-13.16.15:694][  0]LogAudioDebug: Display: Lib vorbis DLL was dynamically loaded.
[2020.11.19-13.16.16:467][  0]LogShaderCompilers: Guid format shader working directory is -44 characters bigger than the processId version (../../../../../Users/h017026h/Documents/GitKraken/-raisethegamejam-2020/RaiseTheGameJame2020/Intermediate/Shaders/WorkingDirectory/22448/).
[2020.11.19-13.16.16:467][  0]LogShaderCompilers: Cleaned the shader compiler working directory 'C:/Users/h017026h/AppData/Local/Temp/UnrealShaderWorkingDir/757F7E08410BE3CD42DB96A2B0BA128B/'.
[2020.11.19-13.16.16:496][  0]LogXGEController: Cleaning working directory: C:/Users/h017026h/AppData/Local/Temp/UnrealXGEWorkingDir/
[2020.11.19-13.16.16:497][  0]LogXGEController: Cannot use XGE Controller as Incredibuild is not installed on this machine.
[2020.11.19-13.16.16:497][  0]LogShaderCompilers: Cannot use XGE Shader Compiler as Incredibuild is not installed on this machine.
[2020.11.19-13.16.16:497][  0]LogShaderCompilers: Display: Using Local Shader Compiler.
[2020.11.19-13.16.18:452][  0]LogDerivedDataCache: Display: Max Cache Size: 512 MB
[2020.11.19-13.16.18:660][  0]LogDerivedDataCache: Loaded boot cache 0.21s 79MB C:/Users/h017026h/AppData/Local/UnrealEngine/4.25/DerivedDataCache/Boot.ddc.
[2020.11.19-13.16.18:661][  0]LogDerivedDataCache: Display: Loaded Boot cache: C:/Users/h017026h/AppData/Local/UnrealEngine/4.25/DerivedDataCache/Boot.ddc
[2020.11.19-13.16.18:661][  0]LogDerivedDataCache: FDerivedDataBackendGraph:  Pak pak cache file ../../../../../Users/h017026h/Documents/GitKraken/-raisethegamejam-2020/RaiseTheGameJame2020/DerivedDataCache/DDC.ddp not found, will not use a pak cache.
[2020.11.19-13.16.18:661][  0]LogDerivedDataCache: Unable to find inner node Pak for hierarchical cache Hierarchy.
[2020.11.19-13.16.18:661][  0]LogDerivedDataCache: FDerivedDataBackendGraph:  CompressedPak pak cache file ../../../../../Users/h017026h/Documents/GitKraken/-raisethegamejam-2020/RaiseTheGameJame2020/DerivedDataCache/Compressed.ddp not found, will not use a pak cache.
[2020.11.19-13.16.18:661][  0]LogDerivedDataCache: Unable to find inner node CompressedPak for hierarchical cache Hierarchy.
[2020.11.19-13.16.18:740][  0]LogDerivedDataCache: Display: Pak cache opened for reading ../../../Engine/DerivedDataCache/Compressed.ddp.
[2020.11.19-13.16.18:740][  0]LogDerivedDataCache: FDerivedDataBackendGraph:  EnterprisePak pak cache file ../../../Enterprise/DerivedDataCache/Compressed.ddp not found, will not use a pak cache.
[2020.11.19-13.16.18:740][  0]LogDerivedDataCache: Unable to find inner node EnterprisePak for hierarchical cache Hierarchy.
[2020.11.19-13.16.18:743][  0]LogDerivedDataCache: Using Local data cache path C:/Users/h017026h/AppData/Local/UnrealEngine/Common/DerivedDataCache: Writable
[2020.11.19-13.16.18:743][  0]LogDerivedDataCache: Shared data cache path not found in *engine.ini, will not use an Shared cache.
[2020.11.19-13.16.18:743][  0]LogDerivedDataCache: Unable to find inner node Shared for hierarchical cache Hierarchy.
[2020.11.19-13.16.18:934][  0]LogSlate: Using FreeType 2.10.0
[2020.11.19-13.16.18:977][  0]LogSlate: SlateFontServices - WITH_FREETYPE: 1, WITH_HARFBUZZ: 1
[2020.11.19-13.16.19:368][  0]LogAssetRegistry: FAssetRegistry took 0.0202 seconds to start up
[2020.11.19-13.16.23:900][  0]LogInit: Selected Device Profile: [Windows]
[2020.11.19-13.16.24:989][  0]LogMeshReduction: Using QuadricMeshReduction for automatic static mesh reduction
[2020.11.19-13.16.24:989][  0]LogMeshReduction: Using SimplygonMeshReduction for automatic skeletal mesh reduction
[2020.11.19-13.16.24:989][  0]LogMeshReduction: Using ProxyLODMeshReduction for automatic mesh merging
[2020.11.19-13.16.24:989][  0]LogMeshReduction: No distributed automatic mesh merging module available
[2020.11.19-13.16.25:004][  0]LogMeshMerging: No distributed automatic mesh merging module available
[2020.11.19-13.16.25:317][  0]LogNetVersion: RaiseTheGameJame2020 1.0.0, NetCL: 13144385, EngineNetVer: 14, GameNetVer: 0 (Checksum: 1455622770)
[2020.11.19-13.16.30:471][  0]LogAISub: UAISubsystem::UAISubsystem AISubsystem (0000023451CBA980), frame # 0
[2020.11.19-13.16.30:472][  0]LogAISub: UAISubsystem::UAISubsystem AIPerceptionSystem (0000023451B6DE40), frame # 0
[2020.11.19-13.16.30:483][  0]LogAISub: UAISubsystem::UAISubsystem EnvQueryManager (0000023451CB2A00), frame # 0
[2020.11.19-13.16.30:936][  0]LogPackageLocalizationCache: Processed 19 localized package path(s) for 1 prioritized culture(s) in 0.084374 seconds
[2020.11.19-13.16.30:975][  0]LogUObjectArray: 15917 objects as part of root set at end of initial load.
[2020.11.19-13.16.30:982][  0]LogUObjectAllocator: 3965568 out of 0 bytes used by permanent object pool.
[2020.11.19-13.16.30:982][  0]LogUObjectArray: CloseDisregardForGC: 0/0 objects in disregard for GC pool
[2020.11.19-13.16.35:279][  0]LogTcpMessaging: Initializing TcpMessaging bridge
[2020.11.19-13.16.35:321][  0]LogUdpMessaging: Initializing bridge on interface 0.0.0.0:0 to multicast group 230.0.0.1:6666.
[2020.11.19-13.16.37:493][  0]SourceControl: Source control is disabled
[2020.11.19-13.16.37:493][  0]SourceControl: Source control is disabled
[2020.11.19-13.16.37:594][  0]SourceControl: Source control is disabled
[2020.11.19-13.16.37:646][  0]SourceControl: Source control is disabled
[2020.11.19-13.16.37:704][  0]SourceControl: Source control is disabled
[2020.11.19-13.16.39:968][  0]LogAndroidPermission: UAndroidPermissionCallbackProxy::GetInstance
[2020.11.19-13.16.40:067][  0]LogAudioCaptureCore: Display: No Audio Capture implementations found. Audio input will be silent.
[2020.11.19-13.16.40:068][  0]LogAudioCaptureCore: Display: No Audio Capture implementations found. Audio input will be silent.
[2020.11.19-13.16.40:278][  0]LogOcInput: OculusInput pre-init called
[2020.11.19-13.16.40:350][  0]LogWindows: Failed to load 'OVRPlugin.dll' (GetLastError=126)
[2020.11.19-13.16.40:351][  0]LogWindows: File 'OVRPlugin.dll' does not exist
[2020.11.19-13.16.41:735][  0]LogEngine: Initializing Engine...
[2020.11.19-13.16.41:797][  0]LogHMD: Failed to initialize OpenVR with code 110
[2020.11.19-13.16.41:806][  0]LogMagicLeap: Warning: VR disabled because ZI is not enabled.  To enable, in the editor, Edit -> Project Settings -> Plugins -> Magic Leap Plugin -> Enable Zero Iteration
[2020.11.19-13.16.41:855][  0]LogStats: UGameplayTagsManager::InitializeManager -  0.014 s
[2020.11.19-13.16.42:317][  0]LogInit: Initializing FReadOnlyCVARCache
[2020.11.19-13.16.42:950][  0]LogAIModule: Creating AISystem for world Untitled
[2020.11.19-13.16.42:951][  0]LogAISub: UAISubsystem::UAISubsystem EnvQueryManager (0000023458A29800), frame # 0
[2020.11.19-13.16.42:951][  0]LogAISub: UAISubsystem::UAISubsystem AIPerceptionSystem (0000023458A5CB80), frame # 0
[2020.11.19-13.16.43:176][  0]LogAudioMixer: Display: Audio Mixer Platform Settings:
[2020.11.19-13.16.43:176][  0]LogAudioMixer: Display: 	Sample Rate:						  48000
[2020.11.19-13.16.43:176][  0]LogAudioMixer: Display: 	Callback Buffer Frame Size Requested: 1024
[2020.11.19-13.16.43:176][  0]LogAudioMixer: Display: 	Callback Buffer Frame Size To Use:	  1024
[2020.11.19-13.16.43:176][  0]LogAudioMixer: Display: 	Number of buffers to queue:			  2
[2020.11.19-13.16.43:176][  0]LogAudioMixer: Display: 	Max Channels (voices):				  32
[2020.11.19-13.16.43:176][  0]LogAudioMixer: Display: 	Number of Async Source Workers:		  0
[2020.11.19-13.16.43:176][  0]LogAudio: Display: AudioDevice MaxSources: 32
[2020.11.19-13.16.43:178][  0]LogAudio: Display: Using built-in audio occlusion.
[2020.11.19-13.16.43:178][  0]LogAudioMixer: Display: Initializing audio mixer.
[2020.11.19-13.16.43:341][  0]LogAudioMixer: Display: 0: FrontLeft
[2020.11.19-13.16.43:342][  0]LogAudioMixer: Display: 1: FrontRight
[2020.11.19-13.16.43:342][  0]LogAudioMixer: Display: 2: FrontCenter
[2020.11.19-13.16.43:342][  0]LogAudioMixer: Display: 3: LowFrequency
[2020.11.19-13.16.43:342][  0]LogAudioMixer: Display: 4: BackLeft
[2020.11.19-13.16.43:342][  0]LogAudioMixer: Display: 5: BackRight
[2020.11.19-13.16.43:342][  0]LogAudioMixer: Display: 6: SideLeft
[2020.11.19-13.16.43:342][  0]LogAudioMixer: Display: 7: SideRight
[2020.11.19-13.16.43:530][  0]LogAudioMixer: Display: Using Audio Device Headset Earphone (CORSAIR HS70 PRO Wireless Gaming Headset)
[2020.11.19-13.16.43:550][  0]LogAudioMixer: Display: Initializing Sound Submixes...
[2020.11.19-13.16.43:574][  0]LogAudioMixer: Display: Creating Master Submix 'MasterSubmixDefault'
[2020.11.19-13.16.43:574][  0]LogAudioMixer: Display: Creating Master Submix 'MasterReverbSubmixDefault'
[2020.11.19-13.16.43:589][  0]LogAudioMixer: Display: Creating Master Submix 'MasterEQSubmixDefault'
[2020.11.19-13.16.43:592][  0]LogInit: FAudioDevice initialized.
[2020.11.19-13.16.43:603][  0]LogNetVersion: Set ProjectVersion to 1.0.0.0. Version Checksum will be recalculated on next use.
[2020.11.19-13.16.43:678][  0]LogDerivedDataCache: Saved boot cache 0.08s 79MB C:/Users/h017026h/AppData/Local/UnrealEngine/4.25/DerivedDataCache/Boot.ddc.
[2020.11.19-13.16.43:684][  0]LogInit: Texture streaming: Enabled
[2020.11.19-13.16.43:848][  0]LogEngineSessionManager: EngineSessionManager initialized
[2020.11.19-13.16.43:848][  0]LogEngineSessionManager: EngineSessionManager sent abnormal shutdown report. Type=Debugger, SessionId={C3A7D20C-462F-5A23-00AE-718F5C412862}
[2020.11.19-13.16.43:849][  0]LogEditorSessionSummary: Verbose: Initializing EditorSessionSummaryWriter for editor session tracking
[2020.11.19-13.16.43:881][  0]LogEditorSessionSummary: EditorSessionSummaryWriter initialized
[2020.11.19-13.16.44:160][  0]LogInit: Transaction tracking system initialized
[2020.11.19-13.16.44:705][  0]BlueprintLog: New page: Editor Load
[2020.11.19-13.16.46:039][  0]LocalizationService: Localization service is disabled
[2020.11.19-13.16.47:846][  0]LogCook: Display: Max memory allowance for cook 16384mb min free memory 0mb
[2020.11.19-13.16.47:847][  0]LogCook: Display: Mobile HDR setting 1
[2020.11.19-13.16.48:257][  0]LogFileCache: Scanning file cache for directory 'D:/Users/h017026h/Documents/GitKraken/-raisethegamejam-2020/RaiseTheGameJame2020/Content/' took 0.03s
[2020.11.19-13.16.49:934][  0]SourceControl: Source control is disabled
[2020.11.19-13.16.49:941][  0]LogUnrealEdMisc: Loading editor; pre map load, took 50.242
[2020.11.19-13.16.50:016][  0]LightingResults: New page: Lighting Build
[2020.11.19-13.16.50:093][  0]LogWorld: UWorld::CleanupWorld for Untitled, bSessionEnded=true, bCleanupResources=true
[2020.11.19-13.16.50:132][  0]LogSlate: InvalidateAllWidgets triggered.  All widgets were invalidated
[2020.11.19-13.16.50:171][  0]MapCheck: New page: Map Check
[2020.11.19-13.16.50:172][  0]LightingResults: New page: Lighting Build
[2020.11.19-13.16.50:687][  0]LogAISub: UAISubsystem::~UAISubsystem EnvQueryManager (0000023458A29800), frame # 0
[2020.11.19-13.16.50:688][  0]LogAISub: UAISubsystem::~UAISubsystem AIPerceptionSystem (0000023458A5CB80), frame # 0
[2020.11.19-13.16.50:732][  0]LogUObjectHash: Compacting FUObjectHashTables data took   0.71ms
[2020.11.19-13.16.51:390][  0]LogAIModule: Creating AISystem for world ThirdPersonExampleMap
[2020.11.19-13.16.51:390][  0]LogAISub: UAISubsystem::UAISubsystem EnvQueryManager (0000023443C25600), frame # 0
[2020.11.19-13.16.51:390][  0]LogAISub: UAISubsystem::UAISubsystem AIPerceptionSystem (00000234558DBC40), frame # 0
[2020.11.19-13.16.52:239][  0]LogEditorServer: Finished looking for orphan Actors (0.000 secs)
[2020.11.19-13.16.52:339][  0]LogUObjectHash: Compacting FUObjectHashTables data took   0.84ms
[2020.11.19-13.16.52:350][  0]Cmd: MAP CHECKDEP NOCLEARLOG
[2020.11.19-13.16.52:357][  0]MapCheck: Map check complete: 0 Error(s), 0 Warning(s), took 6.735ms to complete.
[2020.11.19-13.16.52:357][  0]LogFileHelpers: Loading map 'ThirdPersonExampleMap' took 2.411
[2020.11.19-13.16.53:281][  0]LogUnrealEdMisc: Total Editor Startup Time, took 53.582
[2020.11.19-13.16.54:184][  0]LogSlate: Updating window title bar state: overlay mode, drag disabled, window buttons hidden, title bar hidden
[2020.11.19-13.16.54:191][  0]LogSlate: Updating window title bar state: overlay mode, drag disabled, window buttons hidden, title bar hidden
[2020.11.19-13.16.54:198][  0]LogSlate: Updating window title bar state: overlay mode, drag disabled, window buttons hidden, title bar hidden
[2020.11.19-13.16.54:205][  0]LogSlate: Updating window title bar state: overlay mode, drag disabled, window buttons hidden, title bar hidden
[2020.11.19-13.16.54:314][  0]LogCollectionManager: Loaded 0 collections in 0.000917 seconds
[2020.11.19-13.16.54:587][  0]LogFileCache: Scanning file cache for directory 'D:/Users/h017026h/Documents/GitKraken/-raisethegamejam-2020/RaiseTheGameJame2020/Saved/Collections/' took 0.00s
[2020.11.19-13.16.54:588][  0]LogFileCache: Scanning file cache for directory 'D:/Users/h017026h/Documents/GitKraken/-raisethegamejam-2020/RaiseTheGameJame2020/Content/Developers/h017026h/Collections/' took 0.00s
[2020.11.19-13.16.54:588][  0]LogFileCache: Scanning file cache for directory 'D:/Users/h017026h/Documents/GitKraken/-raisethegamejam-2020/RaiseTheGameJame2020/Content/Collections/' took 0.00s
[2020.11.19-13.16.54:588][  0]LogContentBrowser: Native class hierarchy populated in 0.0410 seconds. Added 3439 classes and 824 folders.
[2020.11.19-13.16.54:765][  0]LogContentBrowser: Native class hierarchy updated for 'WidgetCarousel' in 0.0005 seconds. Added 0 classes and 0 folders.
[2020.11.19-13.16.55:363][  0]LogContentBrowser: Native class hierarchy updated for 'AddContentDialog' in 0.0005 seconds. Added 0 classes and 0 folders.
[2020.11.19-13.16.55:424][  0]LogContentBrowser: Native class hierarchy updated for 'SceneOutliner' in 0.0005 seconds. Added 2 classes and 0 folders.
[2020.11.19-13.16.56:761][  0]LogSlate: Took 0.007021 seconds to synchronously load lazily loaded font '../../../Engine/Content/Slate/Fonts/Roboto-Regular.ttf' (155K)
[2020.11.19-13.16.56:796][  0]LogSlate: Took 0.014674 seconds to synchronously load lazily loaded font '../../../Engine/Content/Slate/Fonts/Roboto-Bold.ttf' (160K)
[2020.11.19-13.16.56:866][  0]LogSlate: Took 0.008614 seconds to synchronously load lazily loaded font '../../../Engine/Content/Editor/Slate/Fonts/FontAwesome.ttf' (139K)
[2020.11.19-13.16.57:375][  0]LogRenderer: Reallocating scene render targets to support 1208x572 Format 10 NumSamples 1 (Frame:1).
[2020.11.19-13.16.57:910][  0]LogSlate: Took 0.003748 seconds to synchronously load lazily loaded font '../../../Engine/Content/Slate/Fonts/Roboto-Light.ttf' (167K)
[2020.11.19-13.16.58:215][  0]LogContentBrowser: Native class hierarchy updated for 'HierarchicalLODOutliner' in 0.0009 seconds. Added 0 classes and 0 folders.
[2020.11.19-13.16.58:215][  0]LogLoad: (Engine Initialization) Total time: 58.52 seconds
[2020.11.19-13.16.58:215][  0]LogLoad: (Engine Initialization) Total Blueprint compile time: 0.00 seconds
[2020.11.19-13.16.58:528][  0]LogContentStreaming: Texture pool size now 1000 MB
[2020.11.19-13.16.58:825][  1]LogAssetRegistry: Asset discovery search completed in 39.4744 seconds
[2020.11.19-13.16.58:829][  1]LogCollectionManager: Fixed up redirectors for 0 collections in 0.000002 seconds (updated 0 objects)
[2020.11.19-13.18.52:418][602]LogTemp: Repeating last play command: Selected Viewport
[2020.11.19-13.18.52:495][602]LogPlayLevel: PlayLevel: No blueprints needed recompiling
[2020.11.19-13.18.52:575][602]PIE: New page: PIE session: ThirdPersonExampleMap (19 Nov 2020, 13:18:52)
[2020.11.19-13.18.52:646][602]LogOnline: OSS: Creating online subsystem instance for: NULL
[2020.11.19-13.18.52:656][602]LogOnline: OSS: TryLoadSubsystemAndSetDefault: Loaded subsystem for module [NULL]
[2020.11.19-13.18.52:657][602]LogPlayLevel: Creating play world package: /Game/ThirdPersonCPP/Maps/UEDPIE_0_ThirdPersonExampleMap
[2020.11.19-13.18.52:724][602]LogPlayLevel: PIE: StaticDuplicateObject took: (0.066773s)
[2020.11.19-13.18.52:751][602]LogAIModule: Creating AISystem for world ThirdPersonExampleMap
[2020.11.19-13.18.52:751][602]LogAISub: UAISubsystem::UAISubsystem EnvQueryManager (000002347CF20400), frame # 602
[2020.11.19-13.18.52:752][602]LogAISub: UAISubsystem::UAISubsystem AIPerceptionSystem (0000023457F2B9C0), frame # 602
[2020.11.19-13.18.52:752][602]LogPlayLevel: PIE: World Init took: (0.027426s)
[2020.11.19-13.18.52:753][602]LogPlayLevel: PIE: Created PIE world by copying editor world from /Game/ThirdPersonCPP/Maps/ThirdPersonExampleMap.ThirdPersonExampleMap to /Game/ThirdPersonCPP/Maps/UEDPIE_0_ThirdPersonExampleMap.ThirdPersonExampleMap (0.095369s)
[2020.11.19-13.18.52:765][602]LogUObjectHash: Compacting FUObjectHashTables data took   0.56ms
[2020.11.19-13.18.52:767][602]LogAudioMixer: Display: Audio Mixer Platform Settings:
[2020.11.19-13.18.52:767][602]LogAudioMixer: Display: 	Sample Rate:						  48000
[2020.11.19-13.18.52:767][602]LogAudioMixer: Display: 	Callback Buffer Frame Size Requested: 1024
[2020.11.19-13.18.52:767][602]LogAudioMixer: Display: 	Callback Buffer Frame Size To Use:	  1024
[2020.11.19-13.18.52:767][602]LogAudioMixer: Display: 	Number of buffers to queue:			  2
[2020.11.19-13.18.52:767][602]LogAudioMixer: Display: 	Max Channels (voices):				  32
[2020.11.19-13.18.52:768][602]LogAudioMixer: Display: 	Number of Async Source Workers:		  0
[2020.11.19-13.18.52:768][602]LogAudio: Display: AudioDevice MaxSources: 32
[2020.11.19-13.18.52:768][602]LogAudio: Display: Using built-in audio occlusion.
[2020.11.19-13.18.52:769][602]LogAudioMixer: Display: Initializing audio mixer.
[2020.11.19-13.18.52:776][602]LogAudioMixer: Display: 0: FrontLeft
[2020.11.19-13.18.52:777][602]LogAudioMixer: Display: 1: FrontRight
[2020.11.19-13.18.52:777][602]LogAudioMixer: Display: 2: FrontCenter
[2020.11.19-13.18.52:777][602]LogAudioMixer: Display: 3: LowFrequency
[2020.11.19-13.18.52:777][602]LogAudioMixer: Display: 4: BackLeft
[2020.11.19-13.18.52:777][602]LogAudioMixer: Display: 5: BackRight
[2020.11.19-13.18.52:777][602]LogAudioMixer: Display: 6: SideLeft
[2020.11.19-13.18.52:778][602]LogAudioMixer: Display: 7: SideRight
[2020.11.19-13.18.52:955][602]LogAudioMixer: Display: Using Audio Device Headset Earphone (CORSAIR HS70 PRO Wireless Gaming Headset)
[2020.11.19-13.18.52:955][602]LogAudioMixer: Display: Initializing Sound Submixes...
[2020.11.19-13.18.52:955][602]LogAudioMixer: Display: Creating Master Submix 'MasterSubmixDefault'
[2020.11.19-13.18.52:955][602]LogAudioMixer: Display: Creating Master Submix 'MasterReverbSubmixDefault'
[2020.11.19-13.18.52:956][602]LogAudioMixer: Display: Creating Master Submix 'MasterEQSubmixDefault'
[2020.11.19-13.18.52:972][602]LogInit: FAudioDevice initialized.
[2020.11.19-13.18.53:036][602]LogLoad: Game class is 'RaiseTheGameJame2020GameMode'
[2020.11.19-13.18.53:159][602]LogWorld: Bringing World /Game/ThirdPersonCPP/Maps/UEDPIE_0_ThirdPersonExampleMap.ThirdPersonExampleMap up for play (max tick rate 0) at 2020.11.19-13.18.53
[2020.11.19-13.18.53:170][602]LogWorld: Bringing up level for play took: 0.017861
[2020.11.19-13.18.53:179][602]LogOnline: OSS: Creating online subsystem instance for: :Context_1
[2020.11.19-13.18.53:414][602]LogContentBrowser: Native class hierarchy updated for 'MovieSceneCapture' in 0.0006 seconds. Added 20 classes and 0 folders.
[2020.11.19-13.18.53:470][602]PIE: Server logged in
[2020.11.19-13.18.53:473][602]PIE: Play in editor total start time 1.038 seconds.
