Log file open, 11/18/20 22:44:01
LogInit: Display: Running engine for game: RaiseTheGameJame2020
LogPlatformFile: Not using cached read wrapper
LogTaskGraph: Started task graph with 5 named threads and 20 total threads with 3 sets of task threads.
LogStats: Stats thread started at 0.877693
LogD3D11RHI: Loaded GFSDK_Aftermath_Lib.x64.dll
LogICUInternationalization: ICU TimeZone Detection - Raw Offset: +0:00, Platform Override: ''
LogPluginManager: Mounting plugin Paper2D
LogPluginManager: Mounting plugin AISupport
LogPluginManager: Mounting plugin LightPropagationVolume
LogPluginManager: Mounting plugin CameraShakePreviewer
LogPluginManager: Mounting plugin ActorLayerUtilities
LogPluginManager: Mounting plugin AnimationSharing
LogPluginManager: Mounting plugin CLionSourceCodeAccess
LogPluginManager: Mounting plugin CodeLiteSourceCodeAccess
LogPluginManager: Mounting plugin GitSourceControl
LogPluginManager: Mounting plugin KDevelopSourceCodeAccess
LogPluginManager: Mounting plugin NullSourceCodeAccess
LogPluginManager: Mounting plugin PerforceSourceControl
LogPluginManager: Mounting plugin PlasticSourceControl
LogPluginManager: Mounting plugin RiderSourceCodeAccess
LogPluginManager: Mounting plugin SubversionSourceControl
LogPluginManager: Mounting plugin UObjectPlugin
LogPluginManager: Mounting plugin VisualStudioCodeSourceCodeAccess
LogPluginManager: Mounting plugin VisualStudioSourceCodeAccess
LogPluginManager: Mounting plugin XCodeSourceCodeAccess
LogPluginManager: Mounting plugin AssetManagerEditor
LogPluginManager: Mounting plugin CryptoKeys
LogPluginManager: Mounting plugin CurveEditorTools
LogPluginManager: Mounting plugin DataValidation
LogPluginManager: Mounting plugin EditorScriptingUtilities
LogPluginManager: Mounting plugin FacialAnimation
LogPluginManager: Mounting plugin GameplayTagsEditor
LogPluginManager: Mounting plugin GeometryMode
LogPluginManager: Mounting plugin MacGraphicsSwitching
LogPluginManager: Mounting plugin MaterialAnalyzer
LogPluginManager: Mounting plugin MobileLauncherProfileWizard
LogPluginManager: Mounting plugin PluginBrowser
LogPluginManager: Mounting plugin SpeedTreeImporter
LogPluginManager: Mounting plugin DatasmithContent
LogPluginManager: Mounting plugin VariantManagerContent
LogPluginManager: Mounting plugin AlembicImporter
LogPluginManager: Mounting plugin AutomationUtils
LogPluginManager: Mounting plugin BackChannel
LogPluginManager: Mounting plugin ChaosCloth
LogPluginManager: Mounting plugin ChaosClothEditor
LogPluginManager: Mounting plugin ChaosEditor
LogPluginManager: Mounting plugin ChaosNiagara
LogPluginManager: Mounting plugin ChaosSolverPlugin
LogPluginManager: Mounting plugin CharacterAI
LogPluginManager: Mounting plugin GeometryCache
LogPluginManager: Mounting plugin GeometryCollectionPlugin
LogPluginManager: Mounting plugin GeometryProcessing
LogPluginManager: Mounting plugin PlanarCut
LogPluginManager: Mounting plugin PlatformCrypto
LogPluginManager: Mounting plugin ProxyLODPlugin
LogPluginManager: Mounting plugin SkeletalReduction
LogPluginManager: Mounting plugin Niagara
LogPluginManager: Mounting plugin MagicLeap
LogPluginManager: Mounting plugin MagicLeapLightEstimation
LogPluginManager: Mounting plugin MagicLeapMedia
LogPluginManager: Mounting plugin MagicLeapPassableWorld
LogPluginManager: Mounting plugin MLSDK
LogPluginManager: Mounting plugin AndroidMedia
LogPluginManager: Mounting plugin AvfMedia
LogPluginManager: Mounting plugin ImgMedia
LogPluginManager: Mounting plugin MediaCompositing
LogPluginManager: Mounting plugin MediaPlayerEditor
LogPluginManager: Mounting plugin WebMMedia
LogPluginManager: Mounting plugin WmfMedia
LogPluginManager: Mounting plugin MeshPainting
LogPluginManager: Mounting plugin TcpMessaging
LogPluginManager: Mounting plugin UdpMessaging
LogPluginManager: Mounting plugin ActorSequence
LogPluginManager: Mounting plugin LevelSequenceEditor
LogPluginManager: Mounting plugin MatineeToLevelSequence
LogPluginManager: Mounting plugin MovieRenderPipeline
LogPluginManager: Mounting plugin TemplateSequence
LogPluginManager: Mounting plugin NetcodeUnitTest
LogPluginManager: Mounting plugin NUTUnrealEngine4
LogPluginManager: Mounting plugin OnlineSubsystemGooglePlay
LogPluginManager: Mounting plugin OnlineSubsystemIOS
LogPluginManager: Mounting plugin OnlineSubsystem
LogPluginManager: Mounting plugin OnlineSubsystemNull
LogPluginManager: Mounting plugin OnlineSubsystemUtils
LogPluginManager: Mounting plugin LauncherChunkInstaller
LogPluginManager: Mounting plugin AndroidDeviceProfileSelector
LogPluginManager: Mounting plugin AndroidMoviePlayer
LogPluginManager: Mounting plugin AndroidPermission
LogPluginManager: Mounting plugin AppleImageUtils
LogPluginManager: Mounting plugin AppleMoviePlayer
LogPluginManager: Mounting plugin ArchVisCharacter
LogPluginManager: Mounting plugin AssetTags
LogPluginManager: Mounting plugin AudioCapture
LogPluginManager: Mounting plugin CableComponent
LogPluginManager: Mounting plugin CustomMeshComponent
LogPluginManager: Mounting plugin EditableMesh
LogPluginManager: Mounting plugin ExampleDeviceProfileSelector
LogPluginManager: Mounting plugin GoogleCloudMessaging
LogPluginManager: Mounting plugin GooglePAD
LogPluginManager: Mounting plugin IOSDeviceProfileSelector
LogPluginManager: Mounting plugin LinuxDeviceProfileSelector
LogPluginManager: Mounting plugin LocationServicesBPLibrary
LogPluginManager: Mounting plugin MobilePatchingUtils
LogPluginManager: Mounting plugin OculusVR
LogPluginManager: Mounting plugin PhysXVehicles
LogPluginManager: Mounting plugin PostSplashScreen
LogPluginManager: Mounting plugin ProceduralMeshComponent
LogPluginManager: Mounting plugin RuntimePhysXCooking
LogPluginManager: Mounting plugin SignificanceManager
LogPluginManager: Mounting plugin SoundFields
LogPluginManager: Mounting plugin SteamVR
LogPluginManager: Mounting plugin Synthesis
LogPluginManager: Mounting plugin WebMMoviePlayer
LogPluginManager: Mounting plugin WindowsMoviePlayer
LogPluginManager: Mounting plugin ScreenshotTools
LogInit: Using libcurl 7.55.1-DEV
LogInit:  - built for x86_64-pc-win32
LogInit:  - supports SSL with OpenSSL/1.1.1
LogInit:  - supports HTTP deflate (compression) using libz 1.2.8
LogInit:  - other features:
LogInit:      CURL_VERSION_SSL
LogInit:      CURL_VERSION_LIBZ
LogInit:      CURL_VERSION_IPV6
LogInit:      CURL_VERSION_ASYNCHDNS
LogInit:      CURL_VERSION_LARGEFILE
LogInit:      CURL_VERSION_IDN
LogInit:  CurlRequestOptions (configurable via config and command line):
LogInit:  - bVerifyPeer = true  - Libcurl will verify peer certificate
LogInit:  - bUseHttpProxy = false  - Libcurl will NOT use HTTP proxy
LogInit:  - bDontReuseConnections = false  - Libcurl will reuse connections
LogInit:  - MaxHostConnections = 16  - Libcurl will limit the number of connections to a host
LogInit:  - LocalHostAddr = Default
LogInit:  - BufferSize = 65536
LogOnline: OSS: Creating online subsystem instance for: NULL
LogInit: WinSock: version 1.1 (2.2), MaxSocks=32767, MaxUdp=65467
LogOnline: OSS: TryLoadSubsystemAndSetDefault: Loaded subsystem for module [NULL]
LogInit: Build: ++UE4+Release-4.25-CL-14469661
LogInit: Engine Version: 4.25.4-14469661+++UE4+Release-4.25
LogInit: Compatible Engine Version: 4.25.0-13144385+++UE4+Release-4.25
LogInit: Net CL: 13144385
LogInit: OS: Windows 10 (Release 2004) (), CPU: Intel(R) Core(TM) i5-8400 CPU @ 2.80GHz, GPU: NVIDIA GeForce GTX 1050 Ti
LogInit: Compiled (64-bit): Oct 11 2020 08:10:49
LogInit: Compiled with Visual C++: 19.24.28315.00
LogInit: Build Configuration: Development
LogInit: Branch Name: ++UE4+Release-4.25
LogInit: Command Line:  -skipcompile
LogInit: Base Directory: C:/Program Files/Epic Games/UE_4.25/Engine/Binaries/Win64/
LogInit: Allocator: TBB
LogInit: Installed Engine Build: 1
LogDevObjectVersion: Number of dev versions registered: 26
LogDevObjectVersion:   Dev-Blueprints (B0D832E4-1F89-4F0D-ACCF-7EB736FD4AA2): 10
LogDevObjectVersion:   Dev-Build (E1C64328-A22C-4D53-A36C-8E866417BD8C): 0
LogDevObjectVersion:   Dev-Core (375EC13C-06E4-48FB-B500-84F0262A717E): 4
LogDevObjectVersion:   Dev-Editor (E4B068ED-F494-42E9-A231-DA0B2E46BB41): 38
LogDevObjectVersion:   Dev-Framework (CFFC743F-43B0-4480-9391-14DF171D2073): 37
LogDevObjectVersion:   Dev-Mobile (B02B49B5-BB20-44E9-A304-32B752E40360): 2
LogDevObjectVersion:   Dev-Networking (A4E4105C-59A1-49B5-A7C5-40C4547EDFEE): 0
LogDevObjectVersion:   Dev-Online (39C831C9-5AE6-47DC-9A44-9C173E1C8E7C): 0
LogDevObjectVersion:   Dev-Physics (78F01B33-EBEA-4F98-B9B4-84EACCB95AA2): 4
LogDevObjectVersion:   Dev-Platform (6631380F-2D4D-43E0-8009-CF276956A95A): 0
LogDevObjectVersion:   Dev-Rendering (12F88B9F-8875-4AFC-A67C-D90C383ABD29): 43
LogDevObjectVersion:   Dev-Sequencer (7B5AE74C-D270-4C10-A958-57980B212A5A): 12
LogDevObjectVersion:   Dev-VR (D7296918-1DD6-4BDD-9DE2-64A83CC13884): 3
LogDevObjectVersion:   Dev-LoadTimes (C2A15278-BFE7-4AFE-6C17-90FF531DF755): 1
LogDevObjectVersion:   Private-Geometry (6EACA3D4-40EC-4CC1-B786-8BED09428FC5): 3
LogDevObjectVersion:   Dev-AnimPhys (29E575DD-E0A3-4627-9D10-D276232CDCEA): 17
LogDevObjectVersion:   Dev-Anim (AF43A65D-7FD3-4947-9873-3E8ED9C1BB05): 7
LogDevObjectVersion:   Dev-ReflectionCapture (6B266CEC-1EC7-4B8F-A30B-E4D90942FC07): 1
LogDevObjectVersion:   Dev-Automation (0DF73D61-A23F-47EA-B727-89E90C41499A): 1
LogDevObjectVersion:   FortniteMain (601D1886-AC64-4F84-AA16-D3DE0DEAC7D6): 31
LogDevObjectVersion:   Dev-Enterprise (9DFFBCD6-494F-0158-E221-12823C92A888): 10
LogDevObjectVersion:   Dev-Niagara (F2AED0AC-9AFE-416F-8664-AA7FFA26D6FC): 1
LogDevObjectVersion:   Dev-Destruction (174F1F0B-B4C6-45A5-B13F-2EE8D0FB917D): 10
LogDevObjectVersion:   Dev-Physics-Ext (35F94A83-E258-406C-A318-09F59610247C): 37
LogDevObjectVersion:   Dev-PhysicsMaterial-Chaos (B68FC16E-8B1B-42E2-B453-215C058844FE): 1
LogDevObjectVersion:   Dev-CineCamera (B2E18506-4273-CFC2-A54E-F4BB758BBA07): 1
LogInit: Presizing for max 25165824 objects, including 0 objects not considered by GC, pre-allocating 0 bytes for permanent pool.
LogConfig: Applying CVar settings from Section [/Script/Engine.StreamingSettings] File [C:/Users/onlyr/OneDrive - Staffordshire University/GameJam/WORKINGONE/-raisethegamejam-2020/RaiseTheGameJame2020/Saved/Config/Windows/Engine.ini]
LogConfig: Setting CVar [[s.MinBulkDataSizeForAsyncLoading:131072]]
LogConfig: Setting CVar [[s.AsyncLoadingThreadEnabled:0]]
LogConfig: Setting CVar [[s.EventDrivenLoaderEnabled:1]]
LogConfig: Setting CVar [[s.WarnIfTimeLimitExceeded:0]]
LogConfig: Setting CVar [[s.TimeLimitExceededMultiplier:1.5]]
LogConfig: Setting CVar [[s.TimeLimitExceededMinTime:0.005]]
LogConfig: Setting CVar [[s.UseBackgroundLevelStreaming:1]]
LogConfig: Setting CVar [[s.PriorityAsyncLoadingExtraTime:15.0]]
LogConfig: Setting CVar [[s.LevelStreamingActorsUpdateTimeLimit:5.0]]
LogConfig: Setting CVar [[s.PriorityLevelStreamingActorsUpdateExtraTime:5.0]]
LogConfig: Setting CVar [[s.LevelStreamingComponentsRegistrationGranularity:10]]
LogConfig: Setting CVar [[s.UnregisterComponentsTimeLimit:1.0]]
LogConfig: Setting CVar [[s.LevelStreamingComponentsUnregistrationGranularity:5]]
LogConfig: Setting CVar [[s.FlushStreamingOnExit:1]]
LogInit: Object subsystem initialized
LogConfig: Setting CVar [[con.DebugEarlyDefault:1]]
LogConfig: Setting CVar [[r.setres:1280x720]]
[2020.11.18-22.44.02:547][  0]LogConfig: Setting CVar [[r.VSync:0]]
[2020.11.18-22.44.02:547][  0]LogConfig: Setting CVar [[r.RHICmdBypass:0]]
[2020.11.18-22.44.02:548][  0]LogConfig: Applying CVar settings from Section [/Script/Engine.RendererSettings] File [C:/Users/onlyr/OneDrive - Staffordshire University/GameJam/WORKINGONE/-raisethegamejam-2020/RaiseTheGameJame2020/Saved/Config/Windows/Engine.ini]
[2020.11.18-22.44.02:548][  0]LogConfig: Setting CVar [[r.GPUCrashDebugging:0]]
[2020.11.18-22.44.02:548][  0]LogConfig: Applying CVar settings from Section [/Script/Engine.RendererOverrideSettings] File [C:/Users/onlyr/OneDrive - Staffordshire University/GameJam/WORKINGONE/-raisethegamejam-2020/RaiseTheGameJame2020/Saved/Config/Windows/Engine.ini]
[2020.11.18-22.44.02:548][  0]LogConfig: Applying CVar settings from Section [/Script/Engine.StreamingSettings] File [C:/Users/onlyr/OneDrive - Staffordshire University/GameJam/WORKINGONE/-raisethegamejam-2020/RaiseTheGameJame2020/Saved/Config/Windows/Engine.ini]
[2020.11.18-22.44.02:548][  0]LogConfig: Setting CVar [[s.MinBulkDataSizeForAsyncLoading:131072]]
[2020.11.18-22.44.02:548][  0]LogConfig: Setting CVar [[s.AsyncLoadingThreadEnabled:0]]
[2020.11.18-22.44.02:548][  0]LogConfig: Setting CVar [[s.EventDrivenLoaderEnabled:1]]
[2020.11.18-22.44.02:548][  0]LogConfig: Setting CVar [[s.WarnIfTimeLimitExceeded:0]]
[2020.11.18-22.44.02:548][  0]LogConfig: Setting CVar [[s.TimeLimitExceededMultiplier:1.5]]
[2020.11.18-22.44.02:548][  0]LogConfig: Setting CVar [[s.TimeLimitExceededMinTime:0.005]]
[2020.11.18-22.44.02:548][  0]LogConfig: Setting CVar [[s.UseBackgroundLevelStreaming:1]]
[2020.11.18-22.44.02:548][  0]LogConfig: Setting CVar [[s.PriorityAsyncLoadingExtraTime:15.0]]
[2020.11.18-22.44.02:548][  0]LogConfig: Setting CVar [[s.LevelStreamingActorsUpdateTimeLimit:5.0]]
[2020.11.18-22.44.02:548][  0]LogConfig: Setting CVar [[s.PriorityLevelStreamingActorsUpdateExtraTime:5.0]]
[2020.11.18-22.44.02:548][  0]LogConfig: Setting CVar [[s.LevelStreamingComponentsRegistrationGranularity:10]]
[2020.11.18-22.44.02:548][  0]LogConfig: Setting CVar [[s.UnregisterComponentsTimeLimit:1.0]]
[2020.11.18-22.44.02:549][  0]LogConfig: Setting CVar [[s.LevelStreamingComponentsUnregistrationGranularity:5]]
[2020.11.18-22.44.02:549][  0]LogConfig: Setting CVar [[s.FlushStreamingOnExit:1]]
[2020.11.18-22.44.02:549][  0]LogConfig: Applying CVar settings from Section [/Script/Engine.GarbageCollectionSettings] File [C:/Users/onlyr/OneDrive - Staffordshire University/GameJam/WORKINGONE/-raisethegamejam-2020/RaiseTheGameJame2020/Saved/Config/Windows/Engine.ini]
[2020.11.18-22.44.02:549][  0]LogConfig: Setting CVar [[gc.MaxObjectsNotConsideredByGC:1]]
[2020.11.18-22.44.02:549][  0]LogConfig: Setting CVar [[gc.SizeOfPermanentObjectPool:0]]
[2020.11.18-22.44.02:549][  0]LogConfig: Setting CVar [[gc.FlushStreamingOnGC:0]]
[2020.11.18-22.44.02:549][  0]LogConfig: Setting CVar [[gc.NumRetriesBeforeForcingGC:10]]
[2020.11.18-22.44.02:549][  0]LogConfig: Setting CVar [[gc.AllowParallelGC:1]]
[2020.11.18-22.44.02:549][  0]LogConfig: Setting CVar [[gc.TimeBetweenPurgingPendingKillObjects:61.1]]
[2020.11.18-22.44.02:549][  0]LogConfig: Setting CVar [[gc.MaxObjectsInEditor:25165824]]
[2020.11.18-22.44.02:549][  0]LogConfig: Setting CVar [[gc.IncrementalBeginDestroyEnabled:1]]
[2020.11.18-22.44.02:549][  0]LogConfig: Setting CVar [[gc.CreateGCClusters:1]]
[2020.11.18-22.44.02:549][  0]LogConfig: Setting CVar [[gc.MinGCClusterSize:5]]
[2020.11.18-22.44.02:549][  0]LogConfig: Setting CVar [[gc.ActorClusteringEnabled:0]]
[2020.11.18-22.44.02:549][  0]LogConfig: Setting CVar [[gc.BlueprintClusteringEnabled:0]]
[2020.11.18-22.44.02:549][  0]LogConfig: Setting CVar [[gc.UseDisregardForGCOnDedicatedServers:0]]
[2020.11.18-22.44.02:549][  0]LogConfig: Applying CVar settings from Section [/Script/Engine.NetworkSettings] File [C:/Users/onlyr/OneDrive - Staffordshire University/GameJam/WORKINGONE/-raisethegamejam-2020/RaiseTheGameJame2020/Saved/Config/Windows/Engine.ini]
[2020.11.18-22.44.02:549][  0]LogConfig: Applying CVar settings from Section [/Script/UnrealEd.CookerSettings] File [C:/Users/onlyr/OneDrive - Staffordshire University/GameJam/WORKINGONE/-raisethegamejam-2020/RaiseTheGameJame2020/Saved/Config/Windows/Engine.ini]
[2020.11.18-22.44.02:555][  0]LogConfig: Applying CVar settings from Section [ViewDistanceQuality@3] File [C:/Users/onlyr/OneDrive - Staffordshire University/GameJam/WORKINGONE/-raisethegamejam-2020/RaiseTheGameJame2020/Saved/Config/Windows/Scalability.ini]
[2020.11.18-22.44.02:555][  0]LogConfig: Setting CVar [[r.SkeletalMeshLODBias:0]]
[2020.11.18-22.44.02:555][  0]LogConfig: Setting CVar [[r.ViewDistanceScale:1.0]]
[2020.11.18-22.44.02:555][  0]LogConfig: Applying CVar settings from Section [AntiAliasingQuality@3] File [C:/Users/onlyr/OneDrive - Staffordshire University/GameJam/WORKINGONE/-raisethegamejam-2020/RaiseTheGameJame2020/Saved/Config/Windows/Scalability.ini]
[2020.11.18-22.44.02:555][  0]LogConfig: Setting CVar [[r.PostProcessAAQuality:4]]
[2020.11.18-22.44.02:555][  0]LogConfig: Applying CVar settings from Section [ShadowQuality@3] File [C:/Users/onlyr/OneDrive - Staffordshire University/GameJam/WORKINGONE/-raisethegamejam-2020/RaiseTheGameJame2020/Saved/Config/Windows/Scalability.ini]
[2020.11.18-22.44.02:556][  0]LogConfig: Setting CVar [[r.LightFunctionQuality:1]]
[2020.11.18-22.44.02:556][  0]LogConfig: Setting CVar [[r.ShadowQuality:5]]
[2020.11.18-22.44.02:556][  0]LogConfig: Setting CVar [[r.Shadow.CSM.MaxCascades:10]]
[2020.11.18-22.44.02:556][  0]LogConfig: Setting CVar [[r.Shadow.MaxResolution:2048]]
[2020.11.18-22.44.02:556][  0]LogConfig: Setting CVar [[r.Shadow.MaxCSMResolution:2048]]
[2020.11.18-22.44.02:556][  0]LogConfig: Setting CVar [[r.Shadow.RadiusThreshold:0.01]]
[2020.11.18-22.44.02:556][  0]LogConfig: Setting CVar [[r.Shadow.DistanceScale:1.0]]
[2020.11.18-22.44.02:556][  0]LogConfig: Setting CVar [[r.Shadow.CSM.TransitionScale:1.0]]
[2020.11.18-22.44.02:556][  0]LogConfig: Setting CVar [[r.Shadow.PreShadowResolutionFactor:1.0]]
[2020.11.18-22.44.02:556][  0]LogConfig: Setting CVar [[r.DistanceFieldShadowing:1]]
[2020.11.18-22.44.02:556][  0]LogConfig: Setting CVar [[r.DistanceFieldAO:1]]
[2020.11.18-22.44.02:556][  0]LogConfig: Setting CVar [[r.AOQuality:2]]
[2020.11.18-22.44.02:556][  0]LogConfig: Setting CVar [[r.VolumetricFog:1]]
[2020.11.18-22.44.02:556][  0]LogConfig: Setting CVar [[r.VolumetricFog.GridPixelSize:8]]
[2020.11.18-22.44.02:556][  0]LogConfig: Setting CVar [[r.VolumetricFog.GridSizeZ:128]]
[2020.11.18-22.44.02:556][  0]LogConfig: Setting CVar [[r.VolumetricFog.HistoryMissSupersampleCount:4]]
[2020.11.18-22.44.02:556][  0]LogConfig: Setting CVar [[r.LightMaxDrawDistanceScale:1]]
[2020.11.18-22.44.02:556][  0]LogConfig: Setting CVar [[r.CapsuleShadows:1]]
[2020.11.18-22.44.02:556][  0]LogConfig: Applying CVar settings from Section [PostProcessQuality@3] File [C:/Users/onlyr/OneDrive - Staffordshire University/GameJam/WORKINGONE/-raisethegamejam-2020/RaiseTheGameJame2020/Saved/Config/Windows/Scalability.ini]
[2020.11.18-22.44.02:556][  0]LogConfig: Setting CVar [[r.MotionBlurQuality:4]]
[2020.11.18-22.44.02:556][  0]LogConfig: Setting CVar [[r.AmbientOcclusionMipLevelFactor:0.4]]
[2020.11.18-22.44.02:556][  0]LogConfig: Setting CVar [[r.AmbientOcclusionMaxQuality:100]]
[2020.11.18-22.44.02:556][  0]LogConfig: Setting CVar [[r.AmbientOcclusionLevels:-1]]
[2020.11.18-22.44.02:556][  0]LogConfig: Setting CVar [[r.AmbientOcclusionRadiusScale:1.0]]
[2020.11.18-22.44.02:557][  0]LogConfig: Setting CVar [[r.DepthOfFieldQuality:2]]
[2020.11.18-22.44.02:557][  0]LogConfig: Setting CVar [[r.RenderTargetPoolMin:400]]
[2020.11.18-22.44.02:557][  0]LogConfig: Setting CVar [[r.LensFlareQuality:2]]
[2020.11.18-22.44.02:557][  0]LogConfig: Setting CVar [[r.SceneColorFringeQuality:1]]
[2020.11.18-22.44.02:557][  0]LogConfig: Setting CVar [[r.EyeAdaptationQuality:2]]
[2020.11.18-22.44.02:557][  0]LogConfig: Setting CVar [[r.BloomQuality:5]]
[2020.11.18-22.44.02:557][  0]LogConfig: Setting CVar [[r.FastBlurThreshold:100]]
[2020.11.18-22.44.02:557][  0]LogConfig: Setting CVar [[r.Upscale.Quality:3]]
[2020.11.18-22.44.02:557][  0]LogConfig: Setting CVar [[r.Tonemapper.GrainQuantization:1]]
[2020.11.18-22.44.02:557][  0]LogConfig: Setting CVar [[r.LightShaftQuality:1]]
[2020.11.18-22.44.02:557][  0]LogConfig: Setting CVar [[r.Filter.SizeScale:1]]
[2020.11.18-22.44.02:557][  0]LogConfig: Setting CVar [[r.Tonemapper.Quality:5]]
[2020.11.18-22.44.02:557][  0]LogConfig: Setting CVar [[r.DOF.Gather.AccumulatorQuality:1        ; higher gathering accumulator quality]]
[2020.11.18-22.44.02:557][  0]LogConfig: Setting CVar [[r.DOF.Gather.PostfilterMethod:1          ; Median3x3 postfilering method]]
[2020.11.18-22.44.02:557][  0]LogConfig: Setting CVar [[r.DOF.Gather.EnableBokehSettings:0       ; no bokeh simulation when gathering]]
[2020.11.18-22.44.02:557][  0]LogConfig: Setting CVar [[r.DOF.Gather.RingCount:4                 ; medium number of samples when gathering]]
[2020.11.18-22.44.02:557][  0]LogConfig: Setting CVar [[r.DOF.Scatter.ForegroundCompositing:1    ; additive foreground scattering]]
[2020.11.18-22.44.02:557][  0]LogConfig: Setting CVar [[r.DOF.Scatter.BackgroundCompositing:2    ; additive background scattering]]
[2020.11.18-22.44.02:557][  0]LogConfig: Setting CVar [[r.DOF.Scatter.EnableBokehSettings:1      ; bokeh simulation when scattering]]
[2020.11.18-22.44.02:557][  0]LogConfig: Setting CVar [[r.DOF.Scatter.MaxSpriteRatio:0.1         ; only a maximum of 10% of scattered bokeh]]
[2020.11.18-22.44.02:557][  0]LogConfig: Setting CVar [[r.DOF.Recombine.Quality:1                ; cheap slight out of focus]]
[2020.11.18-22.44.02:557][  0]LogConfig: Setting CVar [[r.DOF.Recombine.EnableBokehSettings:0    ; no bokeh simulation on slight out of focus]]
[2020.11.18-22.44.02:557][  0]LogConfig: Setting CVar [[r.DOF.TemporalAAQuality:1                ; more stable temporal accumulation]]
[2020.11.18-22.44.02:557][  0]LogConfig: Setting CVar [[r.DOF.Kernel.MaxForegroundRadius:0.025]]
[2020.11.18-22.44.02:557][  0]LogConfig: Setting CVar [[r.DOF.Kernel.MaxBackgroundRadius:0.025]]
[2020.11.18-22.44.02:558][  0]LogConfig: Applying CVar settings from Section [TextureQuality@3] File [C:/Users/onlyr/OneDrive - Staffordshire University/GameJam/WORKINGONE/-raisethegamejam-2020/RaiseTheGameJame2020/Saved/Config/Windows/Scalability.ini]
[2020.11.18-22.44.02:558][  0]LogConfig: Setting CVar [[r.Streaming.MipBias:0]]
[2020.11.18-22.44.02:558][  0]LogConfig: Setting CVar [[r.Streaming.AmortizeCPUToGPUCopy:0]]
[2020.11.18-22.44.02:558][  0]LogConfig: Setting CVar [[r.Streaming.MaxNumTexturesToStreamPerFrame:0]]
[2020.11.18-22.44.02:558][  0]LogConfig: Setting CVar [[r.Streaming.Boost:1]]
[2020.11.18-22.44.02:558][  0]LogConfig: Setting CVar [[r.MaxAnisotropy:8]]
[2020.11.18-22.44.02:558][  0]LogConfig: Setting CVar [[r.VT.MaxAnisotropy:8]]
[2020.11.18-22.44.02:558][  0]LogConfig: Setting CVar [[r.Streaming.LimitPoolSizeToVRAM:0]]
[2020.11.18-22.44.02:558][  0]LogConfig: Setting CVar [[r.Streaming.PoolSize:1000]]
[2020.11.18-22.44.02:558][  0]LogConfig: Setting CVar [[r.Streaming.MaxEffectiveScreenSize:0]]
[2020.11.18-22.44.02:558][  0]LogConfig: Applying CVar settings from Section [EffectsQuality@3] File [C:/Users/onlyr/OneDrive - Staffordshire University/GameJam/WORKINGONE/-raisethegamejam-2020/RaiseTheGameJame2020/Saved/Config/Windows/Scalability.ini]
[2020.11.18-22.44.02:558][  0]LogConfig: Setting CVar [[r.TranslucencyLightingVolumeDim:64]]
[2020.11.18-22.44.02:558][  0]LogConfig: Setting CVar [[r.RefractionQuality:2]]
[2020.11.18-22.44.02:558][  0]LogConfig: Setting CVar [[r.SSR.Quality:3]]
[2020.11.18-22.44.02:558][  0]LogConfig: Setting CVar [[r.SSR.HalfResSceneColor:0]]
[2020.11.18-22.44.02:558][  0]LogConfig: Setting CVar [[r.SceneColorFormat:4]]
[2020.11.18-22.44.02:558][  0]LogConfig: Setting CVar [[r.DetailMode:2]]
[2020.11.18-22.44.02:558][  0]LogConfig: Setting CVar [[r.TranslucencyVolumeBlur:1]]
[2020.11.18-22.44.02:558][  0]LogConfig: Setting CVar [[r.MaterialQualityLevel:1 ; High quality]]
[2020.11.18-22.44.02:558][  0]LogConfig: Setting CVar [[r.SSS.Scale:1]]
[2020.11.18-22.44.02:558][  0]LogConfig: Setting CVar [[r.SSS.SampleSet:2]]
[2020.11.18-22.44.02:558][  0]LogConfig: Setting CVar [[r.SSS.Quality:1]]
[2020.11.18-22.44.02:558][  0]LogConfig: Setting CVar [[r.SSS.HalfRes:0]]
[2020.11.18-22.44.02:558][  0]LogConfig: Setting CVar [[r.SSGI.Quality:3]]
[2020.11.18-22.44.02:559][  0]LogConfig: Setting CVar [[r.EmitterSpawnRateScale:1.0]]
[2020.11.18-22.44.02:559][  0]LogConfig: Setting CVar [[r.ParticleLightQuality:2]]
[2020.11.18-22.44.02:559][  0]LogConfig: Setting CVar [[r.SkyAtmosphere.AerialPerspectiveLUT.FastApplyOnOpaque:1 ; Always have FastSkyLUT 1 in this case to avoid wrong sky]]
[2020.11.18-22.44.02:559][  0]LogConfig: Setting CVar [[r.SkyAtmosphere.AerialPerspectiveLUT.SampleCountPerSlice:1]]
[2020.11.18-22.44.02:559][  0]LogConfig: Setting CVar [[r.SkyAtmosphere.AerialPerspectiveLUT.DepthResolution:16.0]]
[2020.11.18-22.44.02:559][  0]LogConfig: Setting CVar [[r.SkyAtmosphere.FastSkyLUT:1]]
[2020.11.18-22.44.02:559][  0]LogConfig: Setting CVar [[r.SkyAtmosphere.FastSkyLUT.SampleCountMin:4.0]]
[2020.11.18-22.44.02:559][  0]LogConfig: Setting CVar [[r.SkyAtmosphere.FastSkyLUT.SampleCountMax:32.0]]
[2020.11.18-22.44.02:559][  0]LogConfig: Setting CVar [[r.SkyAtmosphere.SampleCountMin:4.0]]
[2020.11.18-22.44.02:559][  0]LogConfig: Setting CVar [[r.SkyAtmosphere.SampleCountMax:32.0]]
[2020.11.18-22.44.02:559][  0]LogConfig: Setting CVar [[r.SkyAtmosphere.TransmittanceLUT.UseSmallFormat:0]]
[2020.11.18-22.44.02:559][  0]LogConfig: Setting CVar [[r.SkyAtmosphere.TransmittanceLUT.SampleCount:10.0]]
[2020.11.18-22.44.02:559][  0]LogConfig: Setting CVar [[r.SkyAtmosphere.MultiScatteringLUT.SampleCount:15.0]]
[2020.11.18-22.44.02:559][  0]LogConfig: Applying CVar settings from Section [FoliageQuality@3] File [C:/Users/onlyr/OneDrive - Staffordshire University/GameJam/WORKINGONE/-raisethegamejam-2020/RaiseTheGameJame2020/Saved/Config/Windows/Scalability.ini]
[2020.11.18-22.44.02:559][  0]LogConfig: Setting CVar [[foliage.DensityScale:1.0]]
[2020.11.18-22.44.02:559][  0]LogConfig: Setting CVar [[grass.DensityScale:1.0]]
[2020.11.18-22.44.02:559][  0]LogConfig: Applying CVar settings from Section [ShadingQuality@3] File [C:/Users/onlyr/OneDrive - Staffordshire University/GameJam/WORKINGONE/-raisethegamejam-2020/RaiseTheGameJame2020/Saved/Config/Windows/Scalability.ini]
[2020.11.18-22.44.02:559][  0]LogConfig: Setting CVar [[r.HairStrands.SkyLighting.SampleCount:16]]
[2020.11.18-22.44.02:559][  0]LogConfig: Setting CVar [[r.HairStrands.SkyLighting.JitterIntegration:0]]
[2020.11.18-22.44.02:559][  0]LogConfig: Setting CVar [[r.HairStrands.SkyAO.SampleCount:16]]
[2020.11.18-22.44.02:559][  0]LogConfig: Setting CVar [[r.HairStrands.DeepShadow.SuperSampling:0]]
[2020.11.18-22.44.02:559][  0]LogConfig: Setting CVar [[r.HairStrands.VisibilityPPLL:0]]
[2020.11.18-22.44.02:559][  0]LogConfig: Setting CVar [[r.HairStrands.RasterizationScale:0.5]]
[2020.11.18-22.44.02:559][  0]LogConfig: Setting CVar [[r.HairStrands.VelocityRasterizationScale:1]]
[2020.11.18-22.44.02:560][  0]LogInit: Selected Device Profile: [Windows]
[2020.11.18-22.44.02:560][  0]LogInit: Applying CVar settings loaded from the selected device profile: [Windows]
[2020.11.18-22.44.02:561][  0]LogHAL: Display: Platform has ~ 16 GB [17118105600 / 17179869184 / 16], which maps to Larger [LargestMinGB=32, LargerMinGB=12, DefaultMinGB=8, SmallerMinGB=6, SmallestMinGB=0)
[2020.11.18-22.44.02:561][  0]LogInit: Going up to parent DeviceProfile []
[2020.11.18-22.44.02:561][  0]LogConfig: Applying CVar settings from Section [ViewDistanceQuality@3] File [C:/Users/onlyr/OneDrive - Staffordshire University/GameJam/WORKINGONE/-raisethegamejam-2020/RaiseTheGameJame2020/Saved/Config/Windows/Scalability.ini]
[2020.11.18-22.44.02:561][  0]LogConfig: Setting CVar [[r.SkeletalMeshLODBias:0]]
[2020.11.18-22.44.02:561][  0]LogConfig: Setting CVar [[r.ViewDistanceScale:1.0]]
[2020.11.18-22.44.02:561][  0]LogConfig: Applying CVar settings from Section [AntiAliasingQuality@3] File [C:/Users/onlyr/OneDrive - Staffordshire University/GameJam/WORKINGONE/-raisethegamejam-2020/RaiseTheGameJame2020/Saved/Config/Windows/Scalability.ini]
[2020.11.18-22.44.02:561][  0]LogConfig: Setting CVar [[r.PostProcessAAQuality:4]]
[2020.11.18-22.44.02:561][  0]LogConfig: Applying CVar settings from Section [ShadowQuality@3] File [C:/Users/onlyr/OneDrive - Staffordshire University/GameJam/WORKINGONE/-raisethegamejam-2020/RaiseTheGameJame2020/Saved/Config/Windows/Scalability.ini]
[2020.11.18-22.44.02:561][  0]LogConfig: Setting CVar [[r.LightFunctionQuality:1]]
[2020.11.18-22.44.02:561][  0]LogConfig: Setting CVar [[r.ShadowQuality:5]]
[2020.11.18-22.44.02:561][  0]LogConfig: Setting CVar [[r.Shadow.CSM.MaxCascades:10]]
[2020.11.18-22.44.02:561][  0]LogConfig: Setting CVar [[r.Shadow.MaxResolution:2048]]
[2020.11.18-22.44.02:561][  0]LogConfig: Setting CVar [[r.Shadow.MaxCSMResolution:2048]]
[2020.11.18-22.44.02:562][  0]LogConfig: Setting CVar [[r.Shadow.RadiusThreshold:0.01]]
[2020.11.18-22.44.02:562][  0]LogConfig: Setting CVar [[r.Shadow.DistanceScale:1.0]]
[2020.11.18-22.44.02:562][  0]LogConfig: Setting CVar [[r.Shadow.CSM.TransitionScale:1.0]]
[2020.11.18-22.44.02:562][  0]LogConfig: Setting CVar [[r.Shadow.PreShadowResolutionFactor:1.0]]
[2020.11.18-22.44.02:562][  0]LogConfig: Setting CVar [[r.DistanceFieldShadowing:1]]
[2020.11.18-22.44.02:562][  0]LogConfig: Setting CVar [[r.DistanceFieldAO:1]]
[2020.11.18-22.44.02:562][  0]LogConfig: Setting CVar [[r.AOQuality:2]]
[2020.11.18-22.44.02:562][  0]LogConfig: Setting CVar [[r.VolumetricFog:1]]
[2020.11.18-22.44.02:562][  0]LogConfig: Setting CVar [[r.VolumetricFog.GridPixelSize:8]]
[2020.11.18-22.44.02:562][  0]LogConfig: Setting CVar [[r.VolumetricFog.GridSizeZ:128]]
[2020.11.18-22.44.02:562][  0]LogConfig: Setting CVar [[r.VolumetricFog.HistoryMissSupersampleCount:4]]
[2020.11.18-22.44.02:562][  0]LogConfig: Setting CVar [[r.LightMaxDrawDistanceScale:1]]
[2020.11.18-22.44.02:562][  0]LogConfig: Setting CVar [[r.CapsuleShadows:1]]
[2020.11.18-22.44.02:562][  0]LogConfig: Applying CVar settings from Section [PostProcessQuality@3] File [C:/Users/onlyr/OneDrive - Staffordshire University/GameJam/WORKINGONE/-raisethegamejam-2020/RaiseTheGameJame2020/Saved/Config/Windows/Scalability.ini]
[2020.11.18-22.44.02:562][  0]LogConfig: Setting CVar [[r.MotionBlurQuality:4]]
[2020.11.18-22.44.02:562][  0]LogConfig: Setting CVar [[r.AmbientOcclusionMipLevelFactor:0.4]]
[2020.11.18-22.44.02:562][  0]LogConfig: Setting CVar [[r.AmbientOcclusionMaxQuality:100]]
[2020.11.18-22.44.02:562][  0]LogConfig: Setting CVar [[r.AmbientOcclusionLevels:-1]]
[2020.11.18-22.44.02:562][  0]LogConfig: Setting CVar [[r.AmbientOcclusionRadiusScale:1.0]]
[2020.11.18-22.44.02:562][  0]LogConfig: Setting CVar [[r.DepthOfFieldQuality:2]]
[2020.11.18-22.44.02:562][  0]LogConfig: Setting CVar [[r.RenderTargetPoolMin:400]]
[2020.11.18-22.44.02:562][  0]LogConfig: Setting CVar [[r.LensFlareQuality:2]]
[2020.11.18-22.44.02:562][  0]LogConfig: Setting CVar [[r.SceneColorFringeQuality:1]]
[2020.11.18-22.44.02:562][  0]LogConfig: Setting CVar [[r.EyeAdaptationQuality:2]]
[2020.11.18-22.44.02:563][  0]LogConfig: Setting CVar [[r.BloomQuality:5]]
[2020.11.18-22.44.02:563][  0]LogConfig: Setting CVar [[r.FastBlurThreshold:100]]
[2020.11.18-22.44.02:563][  0]LogConfig: Setting CVar [[r.Upscale.Quality:3]]
[2020.11.18-22.44.02:563][  0]LogConfig: Setting CVar [[r.Tonemapper.GrainQuantization:1]]
[2020.11.18-22.44.02:563][  0]LogConfig: Setting CVar [[r.LightShaftQuality:1]]
[2020.11.18-22.44.02:563][  0]LogConfig: Setting CVar [[r.Filter.SizeScale:1]]
[2020.11.18-22.44.02:563][  0]LogConfig: Setting CVar [[r.Tonemapper.Quality:5]]
[2020.11.18-22.44.02:563][  0]LogConfig: Setting CVar [[r.DOF.Gather.AccumulatorQuality:1        ; higher gathering accumulator quality]]
[2020.11.18-22.44.02:563][  0]LogConfig: Setting CVar [[r.DOF.Gather.PostfilterMethod:1          ; Median3x3 postfilering method]]
[2020.11.18-22.44.02:563][  0]LogConfig: Setting CVar [[r.DOF.Gather.EnableBokehSettings:0       ; no bokeh simulation when gathering]]
[2020.11.18-22.44.02:563][  0]LogConfig: Setting CVar [[r.DOF.Gather.RingCount:4                 ; medium number of samples when gathering]]
[2020.11.18-22.44.02:563][  0]LogConfig: Setting CVar [[r.DOF.Scatter.ForegroundCompositing:1    ; additive foreground scattering]]
[2020.11.18-22.44.02:563][  0]LogConfig: Setting CVar [[r.DOF.Scatter.BackgroundCompositing:2    ; additive background scattering]]
[2020.11.18-22.44.02:563][  0]LogConfig: Setting CVar [[r.DOF.Scatter.EnableBokehSettings:1      ; bokeh simulation when scattering]]
[2020.11.18-22.44.02:563][  0]LogConfig: Setting CVar [[r.DOF.Scatter.MaxSpriteRatio:0.1         ; only a maximum of 10% of scattered bokeh]]
[2020.11.18-22.44.02:563][  0]LogConfig: Setting CVar [[r.DOF.Recombine.Quality:1                ; cheap slight out of focus]]
[2020.11.18-22.44.02:563][  0]LogConfig: Setting CVar [[r.DOF.Recombine.EnableBokehSettings:0    ; no bokeh simulation on slight out of focus]]
[2020.11.18-22.44.02:563][  0]LogConfig: Setting CVar [[r.DOF.TemporalAAQuality:1                ; more stable temporal accumulation]]
[2020.11.18-22.44.02:563][  0]LogConfig: Setting CVar [[r.DOF.Kernel.MaxForegroundRadius:0.025]]
[2020.11.18-22.44.02:563][  0]LogConfig: Setting CVar [[r.DOF.Kernel.MaxBackgroundRadius:0.025]]
[2020.11.18-22.44.02:563][  0]LogConfig: Applying CVar settings from Section [TextureQuality@3] File [C:/Users/onlyr/OneDrive - Staffordshire University/GameJam/WORKINGONE/-raisethegamejam-2020/RaiseTheGameJame2020/Saved/Config/Windows/Scalability.ini]
[2020.11.18-22.44.02:563][  0]LogConfig: Setting CVar [[r.Streaming.MipBias:0]]
[2020.11.18-22.44.02:563][  0]LogConfig: Setting CVar [[r.Streaming.AmortizeCPUToGPUCopy:0]]
[2020.11.18-22.44.02:563][  0]LogConfig: Setting CVar [[r.Streaming.MaxNumTexturesToStreamPerFrame:0]]
[2020.11.18-22.44.02:563][  0]LogConfig: Setting CVar [[r.Streaming.Boost:1]]
[2020.11.18-22.44.02:564][  0]LogConfig: Setting CVar [[r.MaxAnisotropy:8]]
[2020.11.18-22.44.02:564][  0]LogConfig: Setting CVar [[r.VT.MaxAnisotropy:8]]
[2020.11.18-22.44.02:564][  0]LogConfig: Setting CVar [[r.Streaming.LimitPoolSizeToVRAM:0]]
[2020.11.18-22.44.02:564][  0]LogConfig: Setting CVar [[r.Streaming.PoolSize:1000]]
[2020.11.18-22.44.02:564][  0]LogConfig: Setting CVar [[r.Streaming.MaxEffectiveScreenSize:0]]
[2020.11.18-22.44.02:564][  0]LogConfig: Applying CVar settings from Section [EffectsQuality@3] File [C:/Users/onlyr/OneDrive - Staffordshire University/GameJam/WORKINGONE/-raisethegamejam-2020/RaiseTheGameJame2020/Saved/Config/Windows/Scalability.ini]
[2020.11.18-22.44.02:564][  0]LogConfig: Setting CVar [[r.TranslucencyLightingVolumeDim:64]]
[2020.11.18-22.44.02:564][  0]LogConfig: Setting CVar [[r.RefractionQuality:2]]
[2020.11.18-22.44.02:564][  0]LogConfig: Setting CVar [[r.SSR.Quality:3]]
[2020.11.18-22.44.02:564][  0]LogConfig: Setting CVar [[r.SSR.HalfResSceneColor:0]]
[2020.11.18-22.44.02:564][  0]LogConfig: Setting CVar [[r.SceneColorFormat:4]]
[2020.11.18-22.44.02:564][  0]LogConfig: Setting CVar [[r.DetailMode:2]]
[2020.11.18-22.44.02:564][  0]LogConfig: Setting CVar [[r.TranslucencyVolumeBlur:1]]
[2020.11.18-22.44.02:564][  0]LogConfig: Setting CVar [[r.MaterialQualityLevel:1 ; High quality]]
[2020.11.18-22.44.02:564][  0]LogConfig: Setting CVar [[r.SSS.Scale:1]]
[2020.11.18-22.44.02:564][  0]LogConfig: Setting CVar [[r.SSS.SampleSet:2]]
[2020.11.18-22.44.02:564][  0]LogConfig: Setting CVar [[r.SSS.Quality:1]]
[2020.11.18-22.44.02:564][  0]LogConfig: Setting CVar [[r.SSS.HalfRes:0]]
[2020.11.18-22.44.02:564][  0]LogConfig: Setting CVar [[r.SSGI.Quality:3]]
[2020.11.18-22.44.02:564][  0]LogConfig: Setting CVar [[r.EmitterSpawnRateScale:1.0]]
[2020.11.18-22.44.02:564][  0]LogConfig: Setting CVar [[r.ParticleLightQuality:2]]
[2020.11.18-22.44.02:564][  0]LogConfig: Setting CVar [[r.SkyAtmosphere.AerialPerspectiveLUT.FastApplyOnOpaque:1 ; Always have FastSkyLUT 1 in this case to avoid wrong sky]]
[2020.11.18-22.44.02:564][  0]LogConfig: Setting CVar [[r.SkyAtmosphere.AerialPerspectiveLUT.SampleCountPerSlice:1]]
[2020.11.18-22.44.02:564][  0]LogConfig: Setting CVar [[r.SkyAtmosphere.AerialPerspectiveLUT.DepthResolution:16.0]]
[2020.11.18-22.44.02:565][  0]LogConfig: Setting CVar [[r.SkyAtmosphere.FastSkyLUT:1]]
[2020.11.18-22.44.02:565][  0]LogConfig: Setting CVar [[r.SkyAtmosphere.FastSkyLUT.SampleCountMin:4.0]]
[2020.11.18-22.44.02:565][  0]LogConfig: Setting CVar [[r.SkyAtmosphere.FastSkyLUT.SampleCountMax:32.0]]
[2020.11.18-22.44.02:565][  0]LogConfig: Setting CVar [[r.SkyAtmosphere.SampleCountMin:4.0]]
[2020.11.18-22.44.02:565][  0]LogConfig: Setting CVar [[r.SkyAtmosphere.SampleCountMax:32.0]]
[2020.11.18-22.44.02:565][  0]LogConfig: Setting CVar [[r.SkyAtmosphere.TransmittanceLUT.UseSmallFormat:0]]
[2020.11.18-22.44.02:565][  0]LogConfig: Setting CVar [[r.SkyAtmosphere.TransmittanceLUT.SampleCount:10.0]]
[2020.11.18-22.44.02:565][  0]LogConfig: Setting CVar [[r.SkyAtmosphere.MultiScatteringLUT.SampleCount:15.0]]
[2020.11.18-22.44.02:565][  0]LogConfig: Applying CVar settings from Section [FoliageQuality@3] File [C:/Users/onlyr/OneDrive - Staffordshire University/GameJam/WORKINGONE/-raisethegamejam-2020/RaiseTheGameJame2020/Saved/Config/Windows/Scalability.ini]
[2020.11.18-22.44.02:565][  0]LogConfig: Setting CVar [[foliage.DensityScale:1.0]]
[2020.11.18-22.44.02:565][  0]LogConfig: Setting CVar [[grass.DensityScale:1.0]]
[2020.11.18-22.44.02:565][  0]LogConfig: Applying CVar settings from Section [ShadingQuality@3] File [C:/Users/onlyr/OneDrive - Staffordshire University/GameJam/WORKINGONE/-raisethegamejam-2020/RaiseTheGameJame2020/Saved/Config/Windows/Scalability.ini]
[2020.11.18-22.44.02:565][  0]LogConfig: Setting CVar [[r.HairStrands.SkyLighting.SampleCount:16]]
[2020.11.18-22.44.02:565][  0]LogConfig: Setting CVar [[r.HairStrands.SkyLighting.JitterIntegration:0]]
[2020.11.18-22.44.02:565][  0]LogConfig: Setting CVar [[r.HairStrands.SkyAO.SampleCount:16]]
[2020.11.18-22.44.02:565][  0]LogConfig: Setting CVar [[r.HairStrands.DeepShadow.SuperSampling:0]]
[2020.11.18-22.44.02:565][  0]LogConfig: Setting CVar [[r.HairStrands.VisibilityPPLL:0]]
[2020.11.18-22.44.02:565][  0]LogConfig: Setting CVar [[r.HairStrands.RasterizationScale:0.5]]
[2020.11.18-22.44.02:566][  0]LogConfig: Setting CVar [[r.HairStrands.VelocityRasterizationScale:1]]
[2020.11.18-22.44.02:566][  0]LogConfig: Applying CVar settings from Section [Startup] File [../../../Engine/Config/ConsoleVariables.ini]
[2020.11.18-22.44.02:566][  0]LogConfig: Setting CVar [[net.UseAdaptiveNetUpdateFrequency:0]]
[2020.11.18-22.44.02:566][  0]LogConfig: Setting CVar [[p.chaos.AllowCreatePhysxBodies:1]]
[2020.11.18-22.44.02:566][  0]LogConfig: Setting CVar [[fx.SkipVectorVMBackendOptimizations:1]]
[2020.11.18-22.44.02:566][  0]LogConfig: Applying CVar settings from Section [ConsoleVariables] File [C:/Users/onlyr/OneDrive - Staffordshire University/GameJam/WORKINGONE/-raisethegamejam-2020/RaiseTheGameJame2020/Saved/Config/Windows/Engine.ini]
[2020.11.18-22.44.02:568][  0]LogInit: Computer: DESKTOP-C123S3I
[2020.11.18-22.44.02:568][  0]LogInit: User: onlyr
[2020.11.18-22.44.02:568][  0]LogInit: CPU Page size=4096, Cores=6
[2020.11.18-22.44.02:568][  0]LogInit: High frequency timer resolution =10.000000 MHz
[2020.11.18-22.44.02:568][  0]LogMemory: Memory total: Physical=15.9GB (16GB approx)
[2020.11.18-22.44.02:568][  0]LogMemory: Platform Memory Stats for Windows
[2020.11.18-22.44.02:568][  0]LogMemory: Process Physical Memory: 116.20 MB used, 116.20 MB peak
[2020.11.18-22.44.02:568][  0]LogMemory: Process Virtual Memory: 97.61 MB used, 97.61 MB peak
[2020.11.18-22.44.02:568][  0]LogMemory: Physical Memory: 10345.93 MB used,  5979.16 MB free, 16325.10 MB total
[2020.11.18-22.44.02:568][  0]LogMemory: Virtual Memory: 5140.90 MB used,  134212584.00 MB free, 134217728.00 MB total
[2020.11.18-22.44.02:577][  0]LogWindows: WindowsPlatformFeatures enabled
[2020.11.18-22.44.03:029][  0]LogInit: Physics initialised using underlying interface: PhysX
[2020.11.18-22.44.03:033][  0]LogInit: Using OS detected language (en-GB).
[2020.11.18-22.44.03:033][  0]LogInit: Using OS detected locale (en-GB).
[2020.11.18-22.44.03:053][  0]LogTextLocalizationManager: No specific localization for 'en-GB' exists, so the 'en' localization will be used.
[2020.11.18-22.44.03:376][  0]LogInit: Setting process to per monitor DPI aware
[2020.11.18-22.44.03:498][  0]LogSlate: New Slate User Created.  User Index 0, Is Virtual User: 0
[2020.11.18-22.44.03:498][  0]LogSlate: Slate User Registered.  User Index 0, Is Virtual User: 0
[2020.11.18-22.44.06:158][  0]LogHMD: Failed to initialize OpenVR with code 110
[2020.11.18-22.44.06:158][  0]LogD3D11RHI: D3D11 min allowed feature level: 11_0
[2020.11.18-22.44.06:158][  0]LogD3D11RHI: D3D11 max allowed feature level: 11_0
[2020.11.18-22.44.06:158][  0]LogD3D11RHI: D3D11 adapters:
[2020.11.18-22.44.06:270][  0]LogD3D11RHI:    0. 'NVIDIA GeForce GTX 1050 Ti' (Feature Level 11_0)
[2020.11.18-22.44.06:270][  0]LogD3D11RHI:       4018/0/8162 MB DedicatedVideo/DedicatedSystem/SharedSystem, Outputs:1, VendorId:0x10de
[2020.11.18-22.44.06:278][  0]LogD3D11RHI:    1. 'Microsoft Basic Render Driver' (Feature Level 11_0)
[2020.11.18-22.44.06:278][  0]LogD3D11RHI:       0/0/8162 MB DedicatedVideo/DedicatedSystem/SharedSystem, Outputs:0, VendorId:0x1414
[2020.11.18-22.44.06:278][  0]LogD3D11RHI: Chosen D3D11 Adapter: 0
[2020.11.18-22.44.06:285][  0]LogD3D11RHI: Creating new Direct3DDevice
[2020.11.18-22.44.06:285][  0]LogD3D11RHI:     GPU DeviceId: 0x1c82 (for the marketing name, search the web for "GPU Device Id")
[2020.11.18-22.44.06:285][  0]LogWindows: EnumDisplayDevices:
[2020.11.18-22.44.06:285][  0]LogWindows:    0. 'NVIDIA GeForce GTX 1050 Ti' (P:1 D:1)
[2020.11.18-22.44.06:286][  0]LogWindows:    1. 'NVIDIA GeForce GTX 1050 Ti' (P:0 D:0)
[2020.11.18-22.44.06:286][  0]LogWindows:    2. 'NVIDIA GeForce GTX 1050 Ti' (P:0 D:0)
[2020.11.18-22.44.06:286][  0]LogWindows:    3. 'NVIDIA GeForce GTX 1050 Ti' (P:0 D:0)
[2020.11.18-22.44.06:286][  0]LogWindows: DebugString: FoundDriverCount:4 
[2020.11.18-22.44.06:286][  0]LogD3D11RHI:     Adapter Name: NVIDIA GeForce GTX 1050 Ti
[2020.11.18-22.44.06:286][  0]LogD3D11RHI:   Driver Version: 457.30 (internal:27.21.14.5730, unified:457.30)
[2020.11.18-22.44.06:286][  0]LogD3D11RHI:      Driver Date: 11-6-2020
[2020.11.18-22.44.06:287][  0]LogRHI: Texture pool is 2812 MB (70% of 4018 MB)
[2020.11.18-22.44.06:356][  0]LogD3D11RHI: RHI has support for 64 bit atomics
[2020.11.18-22.44.06:356][  0]LogD3D11RHI: Async texture creation enabled
[2020.11.18-22.44.06:357][  0]LogD3D11RHI: Array index from any shader is supported
[2020.11.18-22.44.06:402][  0]LogD3D11RHI: GPU Timing Frequency: 1000.000000 (Debug: 2 1)
[2020.11.18-22.44.06:662][  0]LogTargetPlatformManager: Display: Loaded TargetPlatform 'AllDesktop'
[2020.11.18-22.44.06:686][  0]LogTargetPlatformManager: Display: Loaded TargetPlatform 'Android'
[2020.11.18-22.44.06:687][  0]LogTargetPlatformManager: Display: Loaded TargetPlatform 'Android_ASTC'
[2020.11.18-22.44.06:687][  0]LogTargetPlatformManager: Display: Loaded TargetPlatform 'Android_DXT'
[2020.11.18-22.44.06:687][  0]LogTargetPlatformManager: Display: Loaded TargetPlatform 'Android_ETC2'
[2020.11.18-22.44.06:687][  0]LogTargetPlatformManager: Display: Loaded TargetPlatform 'AndroidClient'
[2020.11.18-22.44.06:687][  0]LogTargetPlatformManager: Display: Loaded TargetPlatform 'Android_ASTCClient'
[2020.11.18-22.44.06:687][  0]LogTargetPlatformManager: Display: Loaded TargetPlatform 'Android_DXTClient'
[2020.11.18-22.44.06:687][  0]LogTargetPlatformManager: Display: Loaded TargetPlatform 'Android_ETC2Client'
[2020.11.18-22.44.06:687][  0]LogTargetPlatformManager: Display: Loaded TargetPlatform 'Android_Multi'
[2020.11.18-22.44.06:688][  0]LogTargetPlatformManager: Display: Loaded TargetPlatform 'Android_MultiClient'
[2020.11.18-22.44.06:730][  0]LogTargetPlatformManager: Display: Loaded TargetPlatform 'IOSClient'
[2020.11.18-22.44.06:730][  0]LogTargetPlatformManager: Display: Loaded TargetPlatform 'IOS'
[2020.11.18-22.44.06:752][  0]LogTargetPlatformManager: Display: Loaded TargetPlatform 'Linux'
[2020.11.18-22.44.06:764][  0]LogTargetPlatformManager: Display: Loaded TargetPlatform 'LinuxNoEditor'
[2020.11.18-22.44.06:776][  0]LogTargetPlatformManager: Display: Loaded TargetPlatform 'LinuxClient'
[2020.11.18-22.44.06:788][  0]LogTargetPlatformManager: Display: Loaded TargetPlatform 'LinuxServer'
[2020.11.18-22.44.06:801][  0]LogTargetPlatformManager: Display: Loaded TargetPlatform 'LinuxAArch64NoEditor'
[2020.11.18-22.44.06:813][  0]LogTargetPlatformManager: Display: Loaded TargetPlatform 'LinuxAArch64Client'
[2020.11.18-22.44.06:825][  0]LogTargetPlatformManager: Display: Loaded TargetPlatform 'LinuxAArch64Server'
[2020.11.18-22.44.06:858][  0]LogTargetPlatformManager: Display: Loaded TargetPlatform 'Lumin'
[2020.11.18-22.44.06:858][  0]LogTargetPlatformManager: Display: Loaded TargetPlatform 'LuminClient'
[2020.11.18-22.44.06:876][  0]LogTargetPlatformManager: Display: Loaded TargetPlatform 'TVOSClient'
[2020.11.18-22.44.06:876][  0]LogTargetPlatformManager: Display: Loaded TargetPlatform 'TVOS'
[2020.11.18-22.44.06:889][  0]LogTargetPlatformManager: Display: Loaded TargetPlatform 'WindowsNoEditor'
[2020.11.18-22.44.06:901][  0]LogTargetPlatformManager: Display: Loaded TargetPlatform 'Windows'
[2020.11.18-22.44.06:913][  0]LogTargetPlatformManager: Display: Loaded TargetPlatform 'WindowsClient'
[2020.11.18-22.44.06:925][  0]LogTargetPlatformManager: Display: Loaded TargetPlatform 'WindowsServer'
[2020.11.18-22.44.06:925][  0]LogTargetPlatformManager: Display: Building Assets For Windows
[2020.11.18-22.44.06:943][  0]LogAudioDebug: Display: Lib vorbis DLL was dynamically loaded.
[2020.11.18-22.44.07:096][  0]LogShaderCompilers: Guid format shader working directory is -81 characters bigger than the processId version (../../../../../../Users/onlyr/OneDrive - Staffordshire University/GameJam/WORKINGONE/-raisethegamejam-2020/RaiseTheGameJame2020/Intermediate/Shaders/WorkingDirectory/6548/).
[2020.11.18-22.44.07:096][  0]LogShaderCompilers: Cleaned the shader compiler working directory 'C:/Users/onlyr/AppData/Local/Temp/UnrealShaderWorkingDir/36BCCD6245708E62A0DC16AFFB64228E/'.
[2020.11.18-22.44.07:096][  0]LogXGEController: Cleaning working directory: C:/Users/onlyr/AppData/Local/Temp/UnrealXGEWorkingDir/
[2020.11.18-22.44.07:097][  0]LogXGEController: Cannot use XGE Controller as Incredibuild is not installed on this machine.
[2020.11.18-22.44.07:097][  0]LogShaderCompilers: Cannot use XGE Shader Compiler as Incredibuild is not installed on this machine.
[2020.11.18-22.44.07:097][  0]LogShaderCompilers: Display: Using Local Shader Compiler.
[2020.11.18-22.44.10:034][  0]LogDerivedDataCache: Display: Max Cache Size: 512 MB
[2020.11.18-22.44.10:256][  0]LogDerivedDataCache: Loaded boot cache 0.22s 79MB C:/Users/onlyr/AppData/Local/UnrealEngine/4.25/DerivedDataCache/Boot.ddc.
[2020.11.18-22.44.10:256][  0]LogDerivedDataCache: Display: Loaded Boot cache: C:/Users/onlyr/AppData/Local/UnrealEngine/4.25/DerivedDataCache/Boot.ddc
[2020.11.18-22.44.10:256][  0]LogDerivedDataCache: FDerivedDataBackendGraph:  Pak pak cache file ../../../../../../Users/onlyr/OneDrive - Staffordshire University/GameJam/WORKINGONE/-raisethegamejam-2020/RaiseTheGameJame2020/DerivedDataCache/DDC.ddp not found, will not use a pak cache.
[2020.11.18-22.44.10:256][  0]LogDerivedDataCache: Unable to find inner node Pak for hierarchical cache Hierarchy.
[2020.11.18-22.44.10:256][  0]LogDerivedDataCache: FDerivedDataBackendGraph:  CompressedPak pak cache file ../../../../../../Users/onlyr/OneDrive - Staffordshire University/GameJam/WORKINGONE/-raisethegamejam-2020/RaiseTheGameJame2020/DerivedDataCache/Compressed.ddp not found, will not use a pak cache.
[2020.11.18-22.44.10:256][  0]LogDerivedDataCache: Unable to find inner node CompressedPak for hierarchical cache Hierarchy.
[2020.11.18-22.44.10:266][  0]LogDerivedDataCache: Display: Pak cache opened for reading ../../../Engine/DerivedDataCache/Compressed.ddp.
[2020.11.18-22.44.10:267][  0]LogDerivedDataCache: FDerivedDataBackendGraph:  EnterprisePak pak cache file ../../../Enterprise/DerivedDataCache/Compressed.ddp not found, will not use a pak cache.
[2020.11.18-22.44.10:267][  0]LogDerivedDataCache: Unable to find inner node EnterprisePak for hierarchical cache Hierarchy.
[2020.11.18-22.44.10:269][  0]LogDerivedDataCache: Using Local data cache path C:/Users/onlyr/AppData/Local/UnrealEngine/Common/DerivedDataCache: Writable
[2020.11.18-22.44.10:269][  0]LogDerivedDataCache: Shared data cache path not found in *engine.ini, will not use an Shared cache.
[2020.11.18-22.44.10:269][  0]LogDerivedDataCache: Unable to find inner node Shared for hierarchical cache Hierarchy.
[2020.11.18-22.44.10:326][  0]LogSlate: Using FreeType 2.10.0
[2020.11.18-22.44.10:341][  0]LogSlate: SlateFontServices - WITH_FREETYPE: 1, WITH_HARFBUZZ: 1
[2020.11.18-22.44.10:388][  0]LogAssetRegistry: FAssetRegistry took 0.0053 seconds to start up
[2020.11.18-22.44.10:721][  0]LogInit: Selected Device Profile: [Windows]
[2020.11.18-22.44.10:927][  0]LogMeshReduction: Using QuadricMeshReduction for automatic static mesh reduction
[2020.11.18-22.44.10:927][  0]LogMeshReduction: Using SimplygonMeshReduction for automatic skeletal mesh reduction
[2020.11.18-22.44.10:927][  0]LogMeshReduction: Using ProxyLODMeshReduction for automatic mesh merging
[2020.11.18-22.44.10:927][  0]LogMeshReduction: No distributed automatic mesh merging module available
[2020.11.18-22.44.10:927][  0]LogMeshMerging: No distributed automatic mesh merging module available
[2020.11.18-22.44.10:963][  0]LogNetVersion: RaiseTheGameJame2020 1.0.0, NetCL: 13144385, EngineNetVer: 14, GameNetVer: 0 (Checksum: 1455622770)
[2020.11.18-22.44.11:671][  0]LogAISub: UAISubsystem::UAISubsystem AISubsystem (000001E3EA479380), frame # 0
[2020.11.18-22.44.11:671][  0]LogAISub: UAISubsystem::UAISubsystem AIPerceptionSystem (000001E3EA3C5A80), frame # 0
[2020.11.18-22.44.11:676][  0]LogAISub: UAISubsystem::UAISubsystem EnvQueryManager (000001E3EA421C00), frame # 0
[2020.11.18-22.44.11:754][  0]LogPackageLocalizationCache: Processed 19 localized package path(s) for 1 prioritized culture(s) in 0.054598 seconds
[2020.11.18-22.44.11:759][  0]LogUObjectArray: 15917 objects as part of root set at end of initial load.
[2020.11.18-22.44.11:759][  0]LogUObjectAllocator: 3965568 out of 0 bytes used by permanent object pool.
[2020.11.18-22.44.11:759][  0]LogUObjectArray: CloseDisregardForGC: 0/0 objects in disregard for GC pool
[2020.11.18-22.44.12:647][  0]LogTcpMessaging: Initializing TcpMessaging bridge
[2020.11.18-22.44.12:654][  0]LogUdpMessaging: Initializing bridge on interface 0.0.0.0:0 to multicast group 230.0.0.1:6666.
[2020.11.18-22.44.13:013][  0]SourceControl: Source control is disabled
[2020.11.18-22.44.13:013][  0]SourceControl: Source control is disabled
[2020.11.18-22.44.13:027][  0]SourceControl: Source control is disabled
[2020.11.18-22.44.13:035][  0]SourceControl: Source control is disabled
[2020.11.18-22.44.13:051][  0]SourceControl: Source control is disabled
[2020.11.18-22.44.13:643][  0]LogAndroidPermission: UAndroidPermissionCallbackProxy::GetInstance
[2020.11.18-22.44.13:693][  0]LogAudioCaptureCore: Display: No Audio Capture implementations found. Audio input will be silent.
[2020.11.18-22.44.13:694][  0]LogAudioCaptureCore: Display: No Audio Capture implementations found. Audio input will be silent.
[2020.11.18-22.44.13:777][  0]LogOcInput: OculusInput pre-init called
[2020.11.18-22.44.13:798][  0]LogWindows: Failed to load 'OVRPlugin.dll' (GetLastError=126)
[2020.11.18-22.44.13:798][  0]LogWindows: File 'OVRPlugin.dll' does not exist
[2020.11.18-22.44.13:960][  0]LogEngine: Initializing Engine...
[2020.11.18-22.44.13:961][  0]LogHMD: Failed to initialize OpenVR with code 110
[2020.11.18-22.44.13:961][  0]LogMagicLeap: Warning: VR disabled because ZI is not enabled.  To enable, in the editor, Edit -> Project Settings -> Plugins -> Magic Leap Plugin -> Enable Zero Iteration
[2020.11.18-22.44.13:964][  0]LogStats: UGameplayTagsManager::InitializeManager -  0.001 s
[2020.11.18-22.44.14:094][  0]LogInit: Initializing FReadOnlyCVARCache
[2020.11.18-22.44.14:133][  0]LogAIModule: Creating AISystem for world Untitled
[2020.11.18-22.44.14:133][  0]LogAISub: UAISubsystem::UAISubsystem EnvQueryManager (000001E3ECE50600), frame # 0
[2020.11.18-22.44.14:133][  0]LogAISub: UAISubsystem::UAISubsystem AIPerceptionSystem (000001E3ECE3AAC0), frame # 0
[2020.11.18-22.44.14:145][  0]LogAudioMixer: Display: Audio Mixer Platform Settings:
[2020.11.18-22.44.14:145][  0]LogAudioMixer: Display: 	Sample Rate:						  48000
[2020.11.18-22.44.14:145][  0]LogAudioMixer: Display: 	Callback Buffer Frame Size Requested: 1024
[2020.11.18-22.44.14:145][  0]LogAudioMixer: Display: 	Callback Buffer Frame Size To Use:	  1024
[2020.11.18-22.44.14:145][  0]LogAudioMixer: Display: 	Number of buffers to queue:			  2
[2020.11.18-22.44.14:146][  0]LogAudioMixer: Display: 	Max Channels (voices):				  32
[2020.11.18-22.44.14:146][  0]LogAudioMixer: Display: 	Number of Async Source Workers:		  0
[2020.11.18-22.44.14:146][  0]LogAudio: Display: AudioDevice MaxSources: 32
[2020.11.18-22.44.14:147][  0]LogAudio: Display: Using built-in audio occlusion.
[2020.11.18-22.44.14:147][  0]LogAudioMixer: Display: Initializing audio mixer.
[2020.11.18-22.44.14:175][  0]LogAudioMixer: Display: 0: FrontLeft
[2020.11.18-22.44.14:175][  0]LogAudioMixer: Display: 1: FrontRight
[2020.11.18-22.44.14:175][  0]LogAudioMixer: Display: 2: FrontCenter
[2020.11.18-22.44.14:175][  0]LogAudioMixer: Display: 3: LowFrequency
[2020.11.18-22.44.14:175][  0]LogAudioMixer: Display: 4: BackLeft
[2020.11.18-22.44.14:175][  0]LogAudioMixer: Display: 5: BackRight
[2020.11.18-22.44.14:175][  0]LogAudioMixer: Display: 6: SideLeft
[2020.11.18-22.44.14:175][  0]LogAudioMixer: Display: 7: SideRight
[2020.11.18-22.44.14:228][  0]LogAudioMixer: Display: Using Audio Device Speakers (2- Logitech G430 Gaming Headset)
[2020.11.18-22.44.14:228][  0]LogAudioMixer: Display: Initializing Sound Submixes...
[2020.11.18-22.44.14:230][  0]LogAudioMixer: Display: Creating Master Submix 'MasterSubmixDefault'
[2020.11.18-22.44.14:231][  0]LogAudioMixer: Display: Creating Master Submix 'MasterReverbSubmixDefault'
[2020.11.18-22.44.14:232][  0]LogAudioMixer: Display: Creating Master Submix 'MasterEQSubmixDefault'
[2020.11.18-22.44.14:234][  0]LogInit: FAudioDevice initialized.
[2020.11.18-22.44.14:234][  0]LogNetVersion: Set ProjectVersion to 1.0.0.0. Version Checksum will be recalculated on next use.
[2020.11.18-22.44.14:303][  0]LogDerivedDataCache: Saved boot cache 0.07s 79MB C:/Users/onlyr/AppData/Local/UnrealEngine/4.25/DerivedDataCache/Boot.ddc.
[2020.11.18-22.44.14:308][  0]LogInit: Texture streaming: Enabled
[2020.11.18-22.44.14:361][  0]LogEngineSessionManager: EngineSessionManager initialized
[2020.11.18-22.44.14:361][  0]LogEditorSessionSummary: Verbose: Initializing EditorSessionSummaryWriter for editor session tracking
[2020.11.18-22.44.14:364][  0]LogEditorSessionSummary: EditorSessionSummaryWriter initialized
[2020.11.18-22.44.14:433][  0]LogInit: Transaction tracking system initialized
[2020.11.18-22.44.14:491][  0]BlueprintLog: New page: Editor Load
[2020.11.18-22.44.14:687][  0]LocalizationService: Localization service is disabled
[2020.11.18-22.44.14:953][  0]LogCook: Display: Max memory allowance for cook 16384mb min free memory 0mb
[2020.11.18-22.44.14:954][  0]LogCook: Display: Mobile HDR setting 1
[2020.11.18-22.44.15:215][  0]LogFileCache: Scanning file cache for directory 'C:/Users/onlyr/OneDrive - Staffordshire University/GameJam/WORKINGONE/-raisethegamejam-2020/RaiseTheGameJame2020/Content/' took 0.01s
[2020.11.18-22.44.15:448][  0]SourceControl: Source control is disabled
[2020.11.18-22.44.15:589][  0]LogSlate: Took 0.006188 seconds to synchronously load lazily loaded font '../../../Engine/Content/Slate/Fonts/Roboto-Regular.ttf' (155K)
[2020.11.18-22.44.21:797][  0]LogSlate: Window 'Restore Packages' being destroyed
[2020.11.18-22.44.21:798][  0]LogWindowsTextInputMethodSystem: Display: IME system now deactivated.
[2020.11.18-22.44.21:801][  0]LogWindowsTextInputMethodSystem: Display: IME system now deactivated.
[2020.11.18-22.44.21:827][  0]LogUnrealEdMisc: Loading editor; pre map load, took 23.251
[2020.11.18-22.44.21:829][  0]LightingResults: New page: Lighting Build
[2020.11.18-22.44.21:842][  0]LogWorld: UWorld::CleanupWorld for Untitled, bSessionEnded=true, bCleanupResources=true
[2020.11.18-22.44.21:845][  0]LogSlate: InvalidateAllWidgets triggered.  All widgets were invalidated
[2020.11.18-22.44.21:846][  0]MapCheck: New page: Map Check
[2020.11.18-22.44.21:847][  0]LightingResults: New page: Lighting Build
[2020.11.18-22.44.21:862][  0]LogAISub: UAISubsystem::~UAISubsystem EnvQueryManager (000001E3ECE50600), frame # 0
[2020.11.18-22.44.21:862][  0]LogAISub: UAISubsystem::~UAISubsystem AIPerceptionSystem (000001E3ECE3AAC0), frame # 0
[2020.11.18-22.44.21:864][  0]LogUObjectHash: Compacting FUObjectHashTables data took   0.79ms
[2020.11.18-22.44.21:967][  0]LogAIModule: Creating AISystem for world ThirdPersonExampleMap
[2020.11.18-22.44.21:967][  0]LogAISub: UAISubsystem::UAISubsystem EnvQueryManager (000001E3E083D600), frame # 0
[2020.11.18-22.44.21:967][  0]LogAISub: UAISubsystem::UAISubsystem AIPerceptionSystem (000001E3D8EFAAC0), frame # 0
[2020.11.18-22.44.21:997][  0]LogEditorServer: Finished looking for orphan Actors (0.000 secs)
[2020.11.18-22.44.22:010][  0]LogUObjectHash: Compacting FUObjectHashTables data took   0.69ms
[2020.11.18-22.44.22:010][  0]Cmd: MAP CHECKDEP NOCLEARLOG
[2020.11.18-22.44.22:011][  0]MapCheck: Map check complete: 0 Error(s), 0 Warning(s), took 0.44ms to complete.
[2020.11.18-22.44.22:011][  0]LogFileHelpers: Loading map 'ThirdPersonExampleMap' took 0.183
[2020.11.18-22.44.22:036][  0]LogUnrealEdMisc: Total Editor Startup Time, took 23.460
[2020.11.18-22.44.22:141][  0]LogSlate: Updating window title bar state: overlay mode, drag disabled, window buttons hidden, title bar hidden
[2020.11.18-22.44.22:148][  0]LogSlate: Updating window title bar state: overlay mode, drag disabled, window buttons hidden, title bar hidden
[2020.11.18-22.44.22:154][  0]LogSlate: Updating window title bar state: overlay mode, drag disabled, window buttons hidden, title bar hidden
[2020.11.18-22.44.22:161][  0]LogSlate: Updating window title bar state: overlay mode, drag disabled, window buttons hidden, title bar hidden
[2020.11.18-22.44.22:177][  0]LogCollectionManager: Loaded 0 collections in 0.002030 seconds
[2020.11.18-22.44.22:214][  0]LogFileCache: Scanning file cache for directory 'C:/Users/onlyr/OneDrive - Staffordshire University/GameJam/WORKINGONE/-raisethegamejam-2020/RaiseTheGameJame2020/Saved/Collections/' took 0.00s
[2020.11.18-22.44.22:214][  0]LogFileCache: Scanning file cache for directory 'C:/Users/onlyr/OneDrive - Staffordshire University/GameJam/WORKINGONE/-raisethegamejam-2020/RaiseTheGameJame2020/Content/Developers/onlyr/Collections/' took 0.00s
[2020.11.18-22.44.22:214][  0]LogFileCache: Scanning file cache for directory 'C:/Users/onlyr/OneDrive - Staffordshire University/GameJam/WORKINGONE/-raisethegamejam-2020/RaiseTheGameJame2020/Content/Collections/' took 0.00s
[2020.11.18-22.44.22:214][  0]LogContentBrowser: Native class hierarchy populated in 0.0100 seconds. Added 3431 classes and 824 folders.
[2020.11.18-22.44.22:221][  0]LogContentBrowser: Native class hierarchy updated for 'WidgetCarousel' in 0.0005 seconds. Added 0 classes and 0 folders.
[2020.11.18-22.44.22:583][  0]LogContentBrowser: Native class hierarchy updated for 'AddContentDialog' in 0.0004 seconds. Added 0 classes and 0 folders.
[2020.11.18-22.44.22:590][  0]LogContentBrowser: Native class hierarchy updated for 'SceneOutliner' in 0.0005 seconds. Added 2 classes and 0 folders.
[2020.11.18-22.44.22:676][  0]LogSlate: Took 0.005883 seconds to synchronously load lazily loaded font '../../../Engine/Content/Slate/Fonts/Roboto-Bold.ttf' (160K)
[2020.11.18-22.44.22:688][  0]LogSlate: Took 0.006382 seconds to synchronously load lazily loaded font '../../../Engine/Content/Editor/Slate/Fonts/FontAwesome.ttf' (139K)
[2020.11.18-22.44.22:725][  0]LogRenderer: Reallocating scene render targets to support 1288x580 Format 10 NumSamples 1 (Frame:1).
[2020.11.18-22.44.23:249][  0]LogContentBrowser: Native class hierarchy updated for 'HierarchicalLODOutliner' in 0.0005 seconds. Added 0 classes and 0 folders.
[2020.11.18-22.44.23:250][  0]LogLoad: (Engine Initialization) Total time: 24.67 seconds
[2020.11.18-22.44.23:250][  0]LogLoad: (Engine Initialization) Total Blueprint compile time: 0.00 seconds
[2020.11.18-22.44.23:286][  0]LogAssetRegistry: Asset discovery search completed in 12.9001 seconds
[2020.11.18-22.44.23:289][  0]LogCollectionManager: Fixed up redirectors for 0 collections in 0.000003 seconds (updated 0 objects)
[2020.11.18-22.44.23:297][  0]LogContentStreaming: Texture pool size now 1000 MB
[2020.11.18-22.44.23:326][  0]LogSlate: Took 0.006170 seconds to synchronously load lazily loaded font '../../../Engine/Content/Slate/Fonts/Roboto-Light.ttf' (167K)
[2020.11.18-22.44.24:277][ 96]LogSlate: Took 0.000151 seconds to synchronously load lazily loaded font '../../../Engine/Content/Slate/Fonts/Roboto-Light.ttf' (167K)
[2020.11.18-22.44.28:555][534]LogTemp: Repeating last play command: Selected Viewport
[2020.11.18-22.44.28:572][534]LogPlayLevel: PlayLevel: No blueprints needed recompiling
[2020.11.18-22.44.28:580][534]PIE: New page: PIE session: ThirdPersonExampleMap (18 Nov 2020, 22:44:28)
[2020.11.18-22.44.28:582][534]LogOnline: OSS: Creating online subsystem instance for: NULL
[2020.11.18-22.44.28:584][534]LogOnline: OSS: TryLoadSubsystemAndSetDefault: Loaded subsystem for module [NULL]
[2020.11.18-22.44.28:584][534]LogPlayLevel: Creating play world package: /Game/ThirdPersonCPP/Maps/UEDPIE_0_ThirdPersonExampleMap
[2020.11.18-22.44.28:597][534]LogPlayLevel: PIE: StaticDuplicateObject took: (0.012924s)
[2020.11.18-22.44.28:599][534]LogAIModule: Creating AISystem for world ThirdPersonExampleMap
[2020.11.18-22.44.28:599][534]LogAISub: UAISubsystem::UAISubsystem EnvQueryManager (000001E38E5DC800), frame # 534
[2020.11.18-22.44.28:599][534]LogAISub: UAISubsystem::UAISubsystem AIPerceptionSystem (000001E38E9DCE00), frame # 534
[2020.11.18-22.44.28:599][534]LogPlayLevel: PIE: World Init took: (0.001341s)
[2020.11.18-22.44.28:599][534]LogPlayLevel: PIE: Created PIE world by copying editor world from /Game/ThirdPersonCPP/Maps/ThirdPersonExampleMap.ThirdPersonExampleMap to /Game/ThirdPersonCPP/Maps/UEDPIE_0_ThirdPersonExampleMap.ThirdPersonExampleMap (0.014647s)
[2020.11.18-22.44.28:608][534]LogUObjectHash: Compacting FUObjectHashTables data took   0.56ms
[2020.11.18-22.44.28:610][534]LogAudioMixer: Display: Audio Mixer Platform Settings:
[2020.11.18-22.44.28:610][534]LogAudioMixer: Display: 	Sample Rate:						  48000
[2020.11.18-22.44.28:610][534]LogAudioMixer: Display: 	Callback Buffer Frame Size Requested: 1024
[2020.11.18-22.44.28:610][534]LogAudioMixer: Display: 	Callback Buffer Frame Size To Use:	  1024
[2020.11.18-22.44.28:610][534]LogAudioMixer: Display: 	Number of buffers to queue:			  2
[2020.11.18-22.44.28:610][534]LogAudioMixer: Display: 	Max Channels (voices):				  32
[2020.11.18-22.44.28:610][534]LogAudioMixer: Display: 	Number of Async Source Workers:		  0
[2020.11.18-22.44.28:610][534]LogAudio: Display: AudioDevice MaxSources: 32
[2020.11.18-22.44.28:611][534]LogAudio: Display: Using built-in audio occlusion.
[2020.11.18-22.44.28:611][534]LogAudioMixer: Display: Initializing audio mixer.
[2020.11.18-22.44.28:614][534]LogAudioMixer: Display: 0: FrontLeft
[2020.11.18-22.44.28:614][534]LogAudioMixer: Display: 1: FrontRight
[2020.11.18-22.44.28:614][534]LogAudioMixer: Display: 2: FrontCenter
[2020.11.18-22.44.28:614][534]LogAudioMixer: Display: 3: LowFrequency
[2020.11.18-22.44.28:614][534]LogAudioMixer: Display: 4: BackLeft
[2020.11.18-22.44.28:614][534]LogAudioMixer: Display: 5: BackRight
[2020.11.18-22.44.28:614][534]LogAudioMixer: Display: 6: SideLeft
[2020.11.18-22.44.28:614][534]LogAudioMixer: Display: 7: SideRight
[2020.11.18-22.44.28:650][534]LogAudioMixer: Display: Using Audio Device Speakers (2- Logitech G430 Gaming Headset)
[2020.11.18-22.44.28:650][534]LogAudioMixer: Display: Initializing Sound Submixes...
[2020.11.18-22.44.28:650][534]LogAudioMixer: Display: Creating Master Submix 'MasterSubmixDefault'
[2020.11.18-22.44.28:650][534]LogAudioMixer: Display: Creating Master Submix 'MasterReverbSubmixDefault'
[2020.11.18-22.44.28:650][534]LogAudioMixer: Display: Creating Master Submix 'MasterEQSubmixDefault'
[2020.11.18-22.44.28:664][534]LogInit: FAudioDevice initialized.
[2020.11.18-22.44.28:675][534]LogLoad: Game class is 'RaiseTheGameJame2020GameMode'
[2020.11.18-22.44.28:678][534]LogWorld: Bringing World /Game/ThirdPersonCPP/Maps/UEDPIE_0_ThirdPersonExampleMap.ThirdPersonExampleMap up for play (max tick rate 0) at 2020.11.18-22.44.28
[2020.11.18-22.44.28:679][534]LogWorld: Bringing up level for play took: 0.001998
[2020.11.18-22.44.28:679][534]LogOnline: OSS: Creating online subsystem instance for: :Context_1
[2020.11.18-22.44.28:689][534]LogContentBrowser: Native class hierarchy updated for 'MovieSceneCapture' in 0.0005 seconds. Added 20 classes and 0 folders.
[2020.11.18-22.44.28:690][534]PIE: Server logged in
[2020.11.18-22.44.28:692][534]PIE: Play in editor total start time 0.121 seconds.
[2020.11.18-22.44.31:383][842]LogSlate: Updating window title bar state: overlay mode, drag disabled, window buttons hidden, title bar hidden
[2020.11.18-22.44.31:384][842]LogWorld: BeginTearingDown for /Game/ThirdPersonCPP/Maps/UEDPIE_0_ThirdPersonExampleMap
[2020.11.18-22.44.31:384][842]LogWorld: UWorld::CleanupWorld for ThirdPersonExampleMap, bSessionEnded=true, bCleanupResources=true
[2020.11.18-22.44.31:385][842]LogSlate: InvalidateAllWidgets triggered.  All widgets were invalidated
[2020.11.18-22.44.31:394][842]LogPlayLevel: Display: Shutting down PIE online subsystems
[2020.11.18-22.44.31:396][842]LogSlate: InvalidateAllWidgets triggered.  All widgets were invalidated
[2020.11.18-22.44.31:440][842]LogSlate: Updating window title bar state: overlay mode, drag disabled, window buttons hidden, title bar hidden
[2020.11.18-22.44.31:441][842]LogAISub: UAISubsystem::~UAISubsystem EnvQueryManager (000001E38E5DC800), frame # 842
[2020.11.18-22.44.31:442][842]LogAISub: UAISubsystem::~UAISubsystem AIPerceptionSystem (000001E38E9DCE00), frame # 842
[2020.11.18-22.44.31:442][842]LogUObjectHash: Compacting FUObjectHashTables data took   0.50ms
[2020.11.18-22.44.31:468][843]LogPlayLevel: Display: Destroying online subsystem :Context_1
[2020.11.18-22.44.35:127][264]LogEditorViewport: Clicking on Actor (LMB): ThirdPersonCharacter_C (ThirdPersonCharacter)
[2020.11.18-22.44.40:396][796]Candidate modules for hot reload:
[2020.11.18-22.44.40:396][796]  RaiseTheGameJame2020
[2020.11.18-22.44.40:396][796]Launching UnrealBuildTool... [C:/Program Files/Epic Games/UE_4.25/Engine/Binaries/DotNET/UnrealBuildTool.exe  -ModuleWithSuffix=RaiseTheGameJame2020,8205 RaiseTheGameJame2020Editor Win64 Development -Project="C:/Users/onlyr/OneDrive - Staffordshire University/GameJam/WORKINGONE/-raisethegamejam-2020/RaiseTheGameJame2020/RaiseTheGameJame2020.uproject" "C:/Users/onlyr/OneDrive - Staffordshire University/GameJam/WORKINGONE/-raisethegamejam-2020/RaiseTheGameJame2020/RaiseTheGameJame2020.uproject"  -IgnoreJunk]
[2020.11.18-22.44.40:398][796]Warning: Starting HotReload took  0.0s.
[2020.11.18-22.44.42:438][970]CompilerResultsLog: New page: Compilation - 18 Nov 2020, 22:44:42
[2020.11.18-22.44.42:438][970]CompilerResultsLog: Using 'git status' to determine working set for adaptive non-unity build (C:\Users\onlyr\OneDrive - Staffordshire University\GameJam\WORKINGONE\-raisethegamejam-2020).
[2020.11.18-22.44.42:438][970]CompilerResultsLog: Building RaiseTheGameJame2020Editor...
[2020.11.18-22.44.42:439][970]CompilerResultsLog: Using Visual Studio 2019 14.27.29112 toolchain (C:\Program Files (x86)\Microsoft Visual Studio\2019\Community\VC\Tools\MSVC\14.27.29110) and Windows 10.0.18362.0 SDK (C:\Program Files (x86)\Windows Kits\10).
[2020.11.18-22.44.42:439][970]CompilerResultsLog: Building 3 actions with 6 processes...
[2020.11.18-22.44.42:439][970]CompilerResultsLog:   [1/3] UE4Editor-RaiseTheGameJame2020-8205.lib
[2020.11.18-22.44.42:439][970]CompilerResultsLog:      Creating library C:\Users\onlyr\OneDrive - Staffordshire University\GameJam\WORKINGONE\-raisethegamejam-2020\RaiseTheGameJame2020\Intermediate\Build\Win64\UE4Editor\Development\RaiseTheGameJame2020\UE4Editor-RaiseTheGameJame2020-8205.lib and object C:\Users\onlyr\OneDrive - Staffordshire University\GameJam\WORKINGONE\-raisethegamejam-2020\RaiseTheGameJame2020\Intermediate\Build\Win64\UE4Editor\Development\RaiseTheGameJame2020\UE4Editor-RaiseTheGameJame2020-8205.exp
[2020.11.18-22.44.42:439][970]CompilerResultsLog:   [2/3] UE4Editor-RaiseTheGameJame2020-8205.dll
[2020.11.18-22.44.42:439][970]CompilerResultsLog:      Creating library C:\Users\onlyr\OneDrive - Staffordshire University\GameJam\WORKINGONE\-raisethegamejam-2020\RaiseTheGameJame2020\Intermediate\Build\Win64\UE4Editor\Development\RaiseTheGameJame2020\UE4Editor-RaiseTheGameJame2020-8205.suppressed.lib and object C:\Users\onlyr\OneDrive - Staffordshire University\GameJam\WORKINGONE\-raisethegamejam-2020\RaiseTheGameJame2020\Intermediate\Build\Win64\UE4Editor\Development\RaiseTheGameJame2020\UE4Editor-RaiseTheGameJame2020-8205.suppressed.exp
[2020.11.18-22.44.42:439][970]CompilerResultsLog:   [3/3] RaiseTheGameJame2020Editor.target
[2020.11.18-22.44.42:439][970]CompilerResultsLog: Total time in Parallel executor: 0.98 seconds
[2020.11.18-22.44.42:439][970]CompilerResultsLog: Total execution time: 1.94 seconds
[2020.11.18-22.44.42:440][970]LogMainFrame: MainFrame: Module compiling took 2.047 seconds
[2020.11.18-22.44.42:476][970]LogContentBrowser: Native class hierarchy updated for 'RaiseTheGameJame2020' in 0.0005 seconds. Added 4 classes and 3 folders.
[2020.11.18-22.44.42:478][970]Display: HotReload successful (7 functions remapped  0 scriptstructs remapped)
[2020.11.18-22.44.42:535][970]LogContentBrowser: Native class hierarchy populated in 0.0081 seconds. Added 3431 classes and 824 folders.
[2020.11.18-22.44.42:535][970]Display: HotReload took  2.2s.
[2020.11.18-22.44.43:441][ 64]LogTemp: Repeating last play command: Selected Viewport
[2020.11.18-22.44.43:460][ 64]LogPlayLevel: PlayLevel: No blueprints needed recompiling
[2020.11.18-22.44.43:460][ 64]PIE: New page: PIE session: ThirdPersonExampleMap (18 Nov 2020, 22:44:43)
[2020.11.18-22.44.43:498][ 64]LogPlayLevel: Creating play world package: /Game/ThirdPersonCPP/Maps/UEDPIE_0_ThirdPersonExampleMap
[2020.11.18-22.44.43:509][ 64]LogPlayLevel: PIE: StaticDuplicateObject took: (0.009957s)
[2020.11.18-22.44.43:510][ 64]LogAIModule: Creating AISystem for world ThirdPersonExampleMap
[2020.11.18-22.44.43:510][ 64]LogAISub: UAISubsystem::UAISubsystem EnvQueryManager (000001E38E35A600), frame # 2064
[2020.11.18-22.44.43:510][ 64]LogAISub: UAISubsystem::UAISubsystem AIPerceptionSystem (000001E38E493EC0), frame # 2064
[2020.11.18-22.44.43:510][ 64]LogPlayLevel: PIE: World Init took: (0.001494s)
[2020.11.18-22.44.43:510][ 64]LogPlayLevel: PIE: Created PIE world by copying editor world from /Game/ThirdPersonCPP/Maps/ThirdPersonExampleMap.ThirdPersonExampleMap to /Game/ThirdPersonCPP/Maps/UEDPIE_0_ThirdPersonExampleMap.ThirdPersonExampleMap (0.011874s)
[2020.11.18-22.44.43:525][ 64]LogUObjectHash: Compacting FUObjectHashTables data took   0.61ms
[2020.11.18-22.44.43:526][ 64]LogAudioMixer: Display: Audio Mixer Platform Settings:
[2020.11.18-22.44.43:527][ 64]LogAudioMixer: Display: 	Sample Rate:						  48000
[2020.11.18-22.44.43:527][ 64]LogAudioMixer: Display: 	Callback Buffer Frame Size Requested: 1024
[2020.11.18-22.44.43:527][ 64]LogAudioMixer: Display: 	Callback Buffer Frame Size To Use:	  1024
[2020.11.18-22.44.43:527][ 64]LogAudioMixer: Display: 	Number of buffers to queue:			  2
[2020.11.18-22.44.43:527][ 64]LogAudioMixer: Display: 	Max Channels (voices):				  32
[2020.11.18-22.44.43:527][ 64]LogAudioMixer: Display: 	Number of Async Source Workers:		  0
[2020.11.18-22.44.43:527][ 64]LogAudio: Display: AudioDevice MaxSources: 32
[2020.11.18-22.44.43:527][ 64]LogAudio: Display: Using built-in audio occlusion.
[2020.11.18-22.44.43:527][ 64]LogAudioMixer: Display: Initializing audio mixer.
[2020.11.18-22.44.43:530][ 64]LogAudioMixer: Display: 0: FrontLeft
[2020.11.18-22.44.43:530][ 64]LogAudioMixer: Display: 1: FrontRight
[2020.11.18-22.44.43:530][ 64]LogAudioMixer: Display: 2: FrontCenter
[2020.11.18-22.44.43:530][ 64]LogAudioMixer: Display: 3: LowFrequency
[2020.11.18-22.44.43:531][ 64]LogAudioMixer: Display: 4: BackLeft
[2020.11.18-22.44.43:531][ 64]LogAudioMixer: Display: 5: BackRight
[2020.11.18-22.44.43:531][ 64]LogAudioMixer: Display: 6: SideLeft
[2020.11.18-22.44.43:531][ 64]LogAudioMixer: Display: 7: SideRight
[2020.11.18-22.44.43:559][ 64]LogAudioMixer: Display: Using Audio Device Speakers (2- Logitech G430 Gaming Headset)
[2020.11.18-22.44.43:560][ 64]LogAudioMixer: Display: Initializing Sound Submixes...
[2020.11.18-22.44.43:560][ 64]LogAudioMixer: Display: Creating Master Submix 'MasterSubmixDefault'
[2020.11.18-22.44.43:560][ 64]LogAudioMixer: Display: Creating Master Submix 'MasterReverbSubmixDefault'
[2020.11.18-22.44.43:560][ 64]LogAudioMixer: Display: Creating Master Submix 'MasterEQSubmixDefault'
[2020.11.18-22.44.43:573][ 64]LogInit: FAudioDevice initialized.
[2020.11.18-22.44.43:586][ 64]LogLoad: Game class is 'RaiseTheGameJame2020GameMode'
[2020.11.18-22.44.43:588][ 64]LogWorld: Bringing World /Game/ThirdPersonCPP/Maps/UEDPIE_0_ThirdPersonExampleMap.ThirdPersonExampleMap up for play (max tick rate 0) at 2020.11.18-22.44.43
[2020.11.18-22.44.43:588][ 64]LogWorld: Bringing up level for play took: 0.001327
[2020.11.18-22.44.43:588][ 64]LogOnline: OSS: Creating online subsystem instance for: :Context_3
[2020.11.18-22.44.43:591][ 64]PIE: Server logged in
[2020.11.18-22.44.43:592][ 64]PIE: Play in editor total start time 0.134 seconds.
[2020.11.18-22.44.47:592][522]LogSlate: Updating window title bar state: overlay mode, drag disabled, window buttons hidden, title bar hidden
[2020.11.18-22.44.47:592][522]LogWorld: BeginTearingDown for /Game/ThirdPersonCPP/Maps/UEDPIE_0_ThirdPersonExampleMap
[2020.11.18-22.44.47:592][522]LogWorld: UWorld::CleanupWorld for ThirdPersonExampleMap, bSessionEnded=true, bCleanupResources=true
[2020.11.18-22.44.47:593][522]LogSlate: InvalidateAllWidgets triggered.  All widgets were invalidated
[2020.11.18-22.44.47:606][522]LogPlayLevel: Display: Shutting down PIE online subsystems
[2020.11.18-22.44.47:607][522]LogSlate: InvalidateAllWidgets triggered.  All widgets were invalidated
[2020.11.18-22.44.47:646][522]LogSlate: Updating window title bar state: overlay mode, drag disabled, window buttons hidden, title bar hidden
[2020.11.18-22.44.47:647][522]LogAISub: UAISubsystem::~UAISubsystem AIPerceptionSystem (000001E38E493EC0), frame # 2522
[2020.11.18-22.44.47:647][522]LogAISub: UAISubsystem::~UAISubsystem EnvQueryManager (000001E38E35A600), frame # 2522
[2020.11.18-22.44.47:648][522]LogUObjectHash: Compacting FUObjectHashTables data took   0.54ms
[2020.11.18-22.44.47:689][523]LogPlayLevel: Display: Destroying online subsystem :Context_3
[2020.11.18-22.44.54:145][276]LogAssetEditorSubsystem: Opening Asset editor for WidgetBlueprint /Game/UserInterface/GameUI.GameUI
[2020.11.18-22.44.54:371][276]LogContentBrowser: Native class hierarchy updated for 'BlueprintGraph' in 0.0007 seconds. Added 125 classes and 0 folders.
[2020.11.18-22.44.55:543][276]LogSlate: Took 0.005794 seconds to synchronously load lazily loaded font '../../../Engine/Content/Slate/Fonts/Roboto-BoldCondensed.ttf' (158K)
[2020.11.18-22.44.57:777][522]LogSlate: Window 'GameUI' being destroyed
[2020.11.18-22.45.05:248][386]LogAssetEditorSubsystem: Opening Asset editor for World /Game/Maps/RhiannonTest.RhiannonTest
[2020.11.18-22.45.05:291][386]LogUObjectHash: Compacting FUObjectHashTables data took   3.07ms
[2020.11.18-22.45.07:201][386]LogSlate: Window 'Save Content' being destroyed
[2020.11.18-22.45.07:209][386]LightingResults: New page: Lighting Build
[2020.11.18-22.45.07:209][386]LoadErrors: New page: Loading map: RhiannonTest.umap
[2020.11.18-22.45.07:211][386]LogWorld: UWorld::CleanupWorld for ThirdPersonExampleMap, bSessionEnded=true, bCleanupResources=true
[2020.11.18-22.45.07:211][386]LogSlate: InvalidateAllWidgets triggered.  All widgets were invalidated
[2020.11.18-22.45.07:212][386]MapCheck: New page: Map Check
[2020.11.18-22.45.07:212][386]LightingResults: New page: Lighting Build
[2020.11.18-22.45.07:234][386]LogAISub: UAISubsystem::~UAISubsystem EnvQueryManager (000001E3E083D600), frame # 4386
[2020.11.18-22.45.07:234][386]LogAISub: UAISubsystem::~UAISubsystem AIPerceptionSystem (000001E3D8EFAAC0), frame # 4386
[2020.11.18-22.45.07:238][386]LogUObjectHash: Compacting FUObjectHashTables data took   2.87ms
[2020.11.18-22.45.07:243][386]LogEditorServer: Finished looking for orphan Actors (0.000 secs)
[2020.11.18-22.45.07:243][386]LogAIModule: Creating AISystem for world RhiannonTest
[2020.11.18-22.45.07:243][386]LogAISub: UAISubsystem::UAISubsystem EnvQueryManager (000001E39B6F2400), frame # 4386
[2020.11.18-22.45.07:243][386]LogAISub: UAISubsystem::UAISubsystem AIPerceptionSystem (000001E3D8EFA5C0), frame # 4386
[2020.11.18-22.45.07:270][386]LogUObjectHash: Compacting FUObjectHashTables data took   2.80ms
[2020.11.18-22.45.07:301][386]Cmd: MAP CHECKDEP NOCLEARLOG
[2020.11.18-22.45.07:301][386]MapCheck: Map check complete: 0 Error(s), 0 Warning(s), took 0.149ms to complete.
[2020.11.18-22.45.07:301][386]LogFileHelpers: Loading map 'RhiannonTest' took 0.093
[2020.11.18-22.45.12:207][948]LogEditorViewport: Clicking on Actor (LMB): ThirdPersonCharacter_C (ThirdPersonCharacter)
[2020.11.18-22.45.25:612][511]Candidate modules for hot reload:
[2020.11.18-22.45.25:612][511]  RaiseTheGameJame2020
[2020.11.18-22.45.25:612][511]Launching UnrealBuildTool... [C:/Program Files/Epic Games/UE_4.25/Engine/Binaries/DotNET/UnrealBuildTool.exe  -ModuleWithSuffix=RaiseTheGameJame2020,4585 RaiseTheGameJame2020Editor Win64 Development -Project="C:/Users/onlyr/OneDrive - Staffordshire University/GameJam/WORKINGONE/-raisethegamejam-2020/RaiseTheGameJame2020/RaiseTheGameJame2020.uproject" "C:/Users/onlyr/OneDrive - Staffordshire University/GameJam/WORKINGONE/-raisethegamejam-2020/RaiseTheGameJame2020/RaiseTheGameJame2020.uproject"  -IgnoreJunk]
[2020.11.18-22.45.25:614][511]Warning: Starting HotReload took  0.0s.
[2020.11.18-22.45.27:745][707]CompilerResultsLog: New page: Compilation - 18 Nov 2020, 22:45:27
[2020.11.18-22.45.27:745][707]CompilerResultsLog: Using 'git status' to determine working set for adaptive non-unity build (C:\Users\onlyr\OneDrive - Staffordshire University\GameJam\WORKINGONE\-raisethegamejam-2020).
[2020.11.18-22.45.27:746][707]CompilerResultsLog: Building RaiseTheGameJame2020Editor...
[2020.11.18-22.45.27:746][707]CompilerResultsLog: Using Visual Studio 2019 14.27.29112 toolchain (C:\Program Files (x86)\Microsoft Visual Studio\2019\Community\VC\Tools\MSVC\14.27.29110) and Windows 10.0.18362.0 SDK (C:\Program Files (x86)\Windows Kits\10).
[2020.11.18-22.45.27:746][707]CompilerResultsLog: Building 3 actions with 6 processes...
[2020.11.18-22.45.27:746][707]CompilerResultsLog:   [1/3] UE4Editor-RaiseTheGameJame2020-4585.lib
[2020.11.18-22.45.27:746][707]CompilerResultsLog:      Creating library C:\Users\onlyr\OneDrive - Staffordshire University\GameJam\WORKINGONE\-raisethegamejam-2020\RaiseTheGameJame2020\Intermediate\Build\Win64\UE4Editor\Development\RaiseTheGameJame2020\UE4Editor-RaiseTheGameJame2020-4585.lib and object C:\Users\onlyr\OneDrive - Staffordshire University\GameJam\WORKINGONE\-raisethegamejam-2020\RaiseTheGameJame2020\Intermediate\Build\Win64\UE4Editor\Development\RaiseTheGameJame2020\UE4Editor-RaiseTheGameJame2020-4585.exp
[2020.11.18-22.45.27:746][707]CompilerResultsLog:   [2/3] UE4Editor-RaiseTheGameJame2020-4585.dll
[2020.11.18-22.45.27:746][707]CompilerResultsLog:      Creating library C:\Users\onlyr\OneDrive - Staffordshire University\GameJam\WORKINGONE\-raisethegamejam-2020\RaiseTheGameJame2020\Intermediate\Build\Win64\UE4Editor\Development\RaiseTheGameJame2020\UE4Editor-RaiseTheGameJame2020-4585.suppressed.lib and object C:\Users\onlyr\OneDrive - Staffordshire University\GameJam\WORKINGONE\-raisethegamejam-2020\RaiseTheGameJame2020\Intermediate\Build\Win64\UE4Editor\Development\RaiseTheGameJame2020\UE4Editor-RaiseTheGameJame2020-4585.suppressed.exp
[2020.11.18-22.45.27:746][707]CompilerResultsLog:   [3/3] RaiseTheGameJame2020Editor.target
[2020.11.18-22.45.27:747][707]CompilerResultsLog: Total time in Parallel executor: 1.09 seconds
[2020.11.18-22.45.27:747][707]CompilerResultsLog: Total execution time: 2.04 seconds
[2020.11.18-22.45.27:747][707]LogMainFrame: MainFrame: Module compiling took 2.138 seconds
[2020.11.18-22.45.27:792][707]LogContentBrowser: Native class hierarchy updated for 'RaiseTheGameJame2020' in 0.0005 seconds. Added 4 classes and 3 folders.
[2020.11.18-22.45.27:797][707]Display: HotReload successful (7 functions remapped  0 scriptstructs remapped)
[2020.11.18-22.45.27:872][707]LogContentBrowser: Native class hierarchy populated in 0.0088 seconds. Added 3431 classes and 824 folders.
[2020.11.18-22.45.27:873][707]Display: HotReload took  2.3s.
[2020.11.18-22.45.30:214][907]LogTemp: Repeating last play command: Selected Viewport
[2020.11.18-22.45.30:233][907]LogPlayLevel: PlayLevel: No blueprints needed recompiling
[2020.11.18-22.45.30:233][907]PIE: New page: PIE session: RhiannonTest (18 Nov 2020, 22:45:30)
[2020.11.18-22.45.30:268][907]LogPlayLevel: Creating play world package: /Game/Maps/UEDPIE_0_RhiannonTest
[2020.11.18-22.45.30:281][907]LogPlayLevel: PIE: StaticDuplicateObject took: (0.012583s)
[2020.11.18-22.45.30:282][907]LogAIModule: Creating AISystem for world RhiannonTest
[2020.11.18-22.45.30:283][907]LogAISub: UAISubsystem::UAISubsystem EnvQueryManager (000001E40D0E9600), frame # 6907
[2020.11.18-22.45.30:283][907]LogAISub: UAISubsystem::UAISubsystem AIPerceptionSystem (000001E40D0FA480), frame # 6907
[2020.11.18-22.45.30:283][907]LogPlayLevel: PIE: World Init took: (0.001582s)
[2020.11.18-22.45.30:283][907]LogPlayLevel: PIE: Created PIE world by copying editor world from /Game/Maps/RhiannonTest.RhiannonTest to /Game/Maps/UEDPIE_0_RhiannonTest.RhiannonTest (0.014622s)
[2020.11.18-22.45.30:343][907]LogUObjectHash: Compacting FUObjectHashTables data took   3.18ms
[2020.11.18-22.45.30:345][907]LogAudioMixer: Display: Audio Mixer Platform Settings:
[2020.11.18-22.45.30:345][907]LogAudioMixer: Display: 	Sample Rate:						  48000
[2020.11.18-22.45.30:345][907]LogAudioMixer: Display: 	Callback Buffer Frame Size Requested: 1024
[2020.11.18-22.45.30:345][907]LogAudioMixer: Display: 	Callback Buffer Frame Size To Use:	  1024
[2020.11.18-22.45.30:345][907]LogAudioMixer: Display: 	Number of buffers to queue:			  2
[2020.11.18-22.45.30:346][907]LogAudioMixer: Display: 	Max Channels (voices):				  32
[2020.11.18-22.45.30:346][907]LogAudioMixer: Display: 	Number of Async Source Workers:		  0
[2020.11.18-22.45.30:346][907]LogAudio: Display: AudioDevice MaxSources: 32
[2020.11.18-22.45.30:347][907]LogAudio: Display: Using built-in audio occlusion.
[2020.11.18-22.45.30:347][907]LogAudioMixer: Display: Initializing audio mixer.
[2020.11.18-22.45.30:349][907]LogAudioMixer: Display: 0: FrontLeft
[2020.11.18-22.45.30:349][907]LogAudioMixer: Display: 1: FrontRight
[2020.11.18-22.45.30:350][907]LogAudioMixer: Display: 2: FrontCenter
[2020.11.18-22.45.30:350][907]LogAudioMixer: Display: 3: LowFrequency
[2020.11.18-22.45.30:350][907]LogAudioMixer: Display: 4: BackLeft
[2020.11.18-22.45.30:350][907]LogAudioMixer: Display: 5: BackRight
[2020.11.18-22.45.30:350][907]LogAudioMixer: Display: 6: SideLeft
[2020.11.18-22.45.30:350][907]LogAudioMixer: Display: 7: SideRight
[2020.11.18-22.45.30:375][907]LogAudioMixer: Display: Using Audio Device Speakers (2- Logitech G430 Gaming Headset)
[2020.11.18-22.45.30:375][907]LogAudioMixer: Display: Initializing Sound Submixes...
[2020.11.18-22.45.30:376][907]LogAudioMixer: Display: Creating Master Submix 'MasterSubmixDefault'
[2020.11.18-22.45.30:376][907]LogAudioMixer: Display: Creating Master Submix 'MasterReverbSubmixDefault'
[2020.11.18-22.45.30:376][907]LogAudioMixer: Display: Creating Master Submix 'MasterEQSubmixDefault'
[2020.11.18-22.45.30:388][907]LogInit: FAudioDevice initialized.
[2020.11.18-22.45.30:406][907]LogLoad: Game class is 'RaiseTheGameJame2020GameMode'
[2020.11.18-22.45.30:408][907]LogWorld: Bringing World /Game/Maps/UEDPIE_0_RhiannonTest.RhiannonTest up for play (max tick rate 0) at 2020.11.18-22.45.30
[2020.11.18-22.45.30:408][907]LogWorld: Bringing up level for play took: 0.001462
[2020.11.18-22.45.30:409][907]LogOnline: OSS: Creating online subsystem instance for: :Context_6
[2020.11.18-22.45.30:412][907]PIE: Server logged in
[2020.11.18-22.45.30:413][907]PIE: Play in editor total start time 0.182 seconds.
[2020.11.18-22.45.34:421][373]LogSlate: Updating window title bar state: overlay mode, drag disabled, window buttons hidden, title bar hidden
[2020.11.18-22.45.34:421][373]LogWorld: BeginTearingDown for /Game/Maps/UEDPIE_0_RhiannonTest
[2020.11.18-22.45.34:421][373]LogWorld: UWorld::CleanupWorld for RhiannonTest, bSessionEnded=true, bCleanupResources=true
[2020.11.18-22.45.34:421][373]LogSlate: InvalidateAllWidgets triggered.  All widgets were invalidated
[2020.11.18-22.45.34:435][373]LogPlayLevel: Display: Shutting down PIE online subsystems
[2020.11.18-22.45.34:438][373]LogSlate: InvalidateAllWidgets triggered.  All widgets were invalidated
[2020.11.18-22.45.34:457][373]LogSlate: Updating window title bar state: overlay mode, drag disabled, window buttons hidden, title bar hidden
[2020.11.18-22.45.34:505][373]LogAISub: UAISubsystem::~UAISubsystem EnvQueryManager (000001E40D0E9600), frame # 7373
[2020.11.18-22.45.34:505][373]LogAISub: UAISubsystem::~UAISubsystem AIPerceptionSystem (000001E40D0FA480), frame # 7373
[2020.11.18-22.45.34:508][373]LogUObjectHash: Compacting FUObjectHashTables data took   2.46ms
[2020.11.18-22.45.34:545][374]LogPlayLevel: Display: Destroying online subsystem :Context_6
[2020.11.18-22.45.38:195][809]LogEditorViewport: Clicking on Actor (LMB): ThirdPersonCharacter_C (ThirdPersonCharacter)
[2020.11.18-22.45.42:624][322]LogTemp: Repeating last play command: Selected Viewport
[2020.11.18-22.45.42:643][322]LogPlayLevel: PlayLevel: No blueprints needed recompiling
[2020.11.18-22.45.42:644][322]PIE: New page: PIE session: RhiannonTest (18 Nov 2020, 22:45:42)
[2020.11.18-22.45.42:679][322]LogPlayLevel: Creating play world package: /Game/Maps/UEDPIE_0_RhiannonTest
[2020.11.18-22.45.42:689][322]LogPlayLevel: PIE: StaticDuplicateObject took: (0.010301s)
[2020.11.18-22.45.42:690][322]LogAIModule: Creating AISystem for world RhiannonTest
[2020.11.18-22.45.42:690][322]LogAISub: UAISubsystem::UAISubsystem EnvQueryManager (000001E406EC4A00), frame # 8322
[2020.11.18-22.45.42:690][322]LogAISub: UAISubsystem::UAISubsystem AIPerceptionSystem (000001E3A5222AC0), frame # 8322
[2020.11.18-22.45.42:691][322]LogPlayLevel: PIE: World Init took: (0.001495s)
[2020.11.18-22.45.42:691][322]LogPlayLevel: PIE: Created PIE world by copying editor world from /Game/Maps/RhiannonTest.RhiannonTest to /Game/Maps/UEDPIE_0_RhiannonTest.RhiannonTest (0.012236s)
[2020.11.18-22.45.42:715][322]LogUObjectHash: Compacting FUObjectHashTables data took   1.94ms
[2020.11.18-22.45.42:718][322]LogAudioMixer: Display: Audio Mixer Platform Settings:
[2020.11.18-22.45.42:718][322]LogAudioMixer: Display: 	Sample Rate:						  48000
[2020.11.18-22.45.42:718][322]LogAudioMixer: Display: 	Callback Buffer Frame Size Requested: 1024
[2020.11.18-22.45.42:718][322]LogAudioMixer: Display: 	Callback Buffer Frame Size To Use:	  1024
[2020.11.18-22.45.42:718][322]LogAudioMixer: Display: 	Number of buffers to queue:			  2
[2020.11.18-22.45.42:718][322]LogAudioMixer: Display: 	Max Channels (voices):				  32
[2020.11.18-22.45.42:718][322]LogAudioMixer: Display: 	Number of Async Source Workers:		  0
[2020.11.18-22.45.42:718][322]LogAudio: Display: AudioDevice MaxSources: 32
[2020.11.18-22.45.42:719][322]LogAudio: Display: Using built-in audio occlusion.
[2020.11.18-22.45.42:719][322]LogAudioMixer: Display: Initializing audio mixer.
[2020.11.18-22.45.42:721][322]LogAudioMixer: Display: 0: FrontLeft
[2020.11.18-22.45.42:722][322]LogAudioMixer: Display: 1: FrontRight
[2020.11.18-22.45.42:722][322]LogAudioMixer: Display: 2: FrontCenter
[2020.11.18-22.45.42:722][322]LogAudioMixer: Display: 3: LowFrequency
[2020.11.18-22.45.42:722][322]LogAudioMixer: Display: 4: BackLeft
[2020.11.18-22.45.42:722][322]LogAudioMixer: Display: 5: BackRight
[2020.11.18-22.45.42:722][322]LogAudioMixer: Display: 6: SideLeft
[2020.11.18-22.45.42:722][322]LogAudioMixer: Display: 7: SideRight
[2020.11.18-22.45.42:753][322]LogAudioMixer: Display: Using Audio Device Speakers (2- Logitech G430 Gaming Headset)
[2020.11.18-22.45.42:753][322]LogAudioMixer: Display: Initializing Sound Submixes...
[2020.11.18-22.45.42:753][322]LogAudioMixer: Display: Creating Master Submix 'MasterSubmixDefault'
[2020.11.18-22.45.42:753][322]LogAudioMixer: Display: Creating Master Submix 'MasterReverbSubmixDefault'
[2020.11.18-22.45.42:754][322]LogAudioMixer: Display: Creating Master Submix 'MasterEQSubmixDefault'
[2020.11.18-22.45.42:767][322]LogInit: FAudioDevice initialized.
[2020.11.18-22.45.42:775][322]LogLoad: Game class is 'RaiseTheGameJame2020GameMode'
[2020.11.18-22.45.42:776][322]LogWorld: Bringing World /Game/Maps/UEDPIE_0_RhiannonTest.RhiannonTest up for play (max tick rate 0) at 2020.11.18-22.45.42
[2020.11.18-22.45.42:777][322]LogWorld: Bringing up level for play took: 0.001299
[2020.11.18-22.45.42:777][322]LogOnline: OSS: Creating online subsystem instance for: :Context_7
[2020.11.18-22.45.42:780][322]PIE: Server logged in
[2020.11.18-22.45.42:781][322]PIE: Play in editor total start time 0.141 seconds.
[2020.11.18-22.45.55:220][808]LogSlate: Updating window title bar state: overlay mode, drag disabled, window buttons hidden, title bar hidden
[2020.11.18-22.45.55:221][808]LogWorld: BeginTearingDown for /Game/Maps/UEDPIE_0_RhiannonTest
[2020.11.18-22.45.55:221][808]LogWorld: UWorld::CleanupWorld for RhiannonTest, bSessionEnded=true, bCleanupResources=true
[2020.11.18-22.45.55:222][808]LogSlate: InvalidateAllWidgets triggered.  All widgets were invalidated
[2020.11.18-22.45.55:233][808]LogPlayLevel: Display: Shutting down PIE online subsystems
[2020.11.18-22.45.55:236][808]LogSlate: InvalidateAllWidgets triggered.  All widgets were invalidated
[2020.11.18-22.45.55:287][808]LogSlate: Updating window title bar state: overlay mode, drag disabled, window buttons hidden, title bar hidden
[2020.11.18-22.45.55:287][808]LogAISub: UAISubsystem::~UAISubsystem AIPerceptionSystem (000001E3A5222AC0), frame # 9808
[2020.11.18-22.45.55:288][808]LogAISub: UAISubsystem::~UAISubsystem EnvQueryManager (000001E406EC4A00), frame # 9808
[2020.11.18-22.45.55:290][808]LogUObjectHash: Compacting FUObjectHashTables data took   2.53ms
[2020.11.18-22.45.55:334][809]LogPlayLevel: Display: Destroying online subsystem :Context_7
[2020.11.18-22.46.00:039][360]LogEditorViewport: Clicking on Actor (LMB): ThirdPersonCharacter_C (ThirdPersonCharacter)
[2020.11.18-22.46.02:999][684]LogTemp: Repeating last play command: Selected Viewport
[2020.11.18-22.46.03:017][684]LogPlayLevel: PlayLevel: No blueprints needed recompiling
[2020.11.18-22.46.03:017][684]PIE: New page: PIE session: RhiannonTest (18 Nov 2020, 22:46:03)
[2020.11.18-22.46.03:018][684]LogPlayLevel: Creating play world package: /Game/Maps/UEDPIE_0_RhiannonTest
[2020.11.18-22.46.03:028][684]LogPlayLevel: PIE: StaticDuplicateObject took: (0.010397s)
[2020.11.18-22.46.03:029][684]LogAIModule: Creating AISystem for world RhiannonTest
[2020.11.18-22.46.03:029][684]LogAISub: UAISubsystem::UAISubsystem EnvQueryManager (000001E390ADE600), frame # 10684
[2020.11.18-22.46.03:029][684]LogAISub: UAISubsystem::UAISubsystem AIPerceptionSystem (000001E3E1442D40), frame # 10684
[2020.11.18-22.46.03:030][684]LogPlayLevel: PIE: World Init took: (0.001763s)
[2020.11.18-22.46.03:030][684]LogPlayLevel: PIE: Created PIE world by copying editor world from /Game/Maps/RhiannonTest.RhiannonTest to /Game/Maps/UEDPIE_0_RhiannonTest.RhiannonTest (0.012529s)
[2020.11.18-22.46.03:055][684]LogUObjectHash: Compacting FUObjectHashTables data took   2.19ms
[2020.11.18-22.46.03:058][684]LogAudioMixer: Display: Audio Mixer Platform Settings:
[2020.11.18-22.46.03:058][684]LogAudioMixer: Display: 	Sample Rate:						  48000
[2020.11.18-22.46.03:058][684]LogAudioMixer: Display: 	Callback Buffer Frame Size Requested: 1024
[2020.11.18-22.46.03:058][684]LogAudioMixer: Display: 	Callback Buffer Frame Size To Use:	  1024
[2020.11.18-22.46.03:058][684]LogAudioMixer: Display: 	Number of buffers to queue:			  2
[2020.11.18-22.46.03:058][684]LogAudioMixer: Display: 	Max Channels (voices):				  32
[2020.11.18-22.46.03:058][684]LogAudioMixer: Display: 	Number of Async Source Workers:		  0
[2020.11.18-22.46.03:058][684]LogAudio: Display: AudioDevice MaxSources: 32
[2020.11.18-22.46.03:059][684]LogAudio: Display: Using built-in audio occlusion.
[2020.11.18-22.46.03:059][684]LogAudioMixer: Display: Initializing audio mixer.
[2020.11.18-22.46.03:062][684]LogAudioMixer: Display: 0: FrontLeft
[2020.11.18-22.46.03:062][684]LogAudioMixer: Display: 1: FrontRight
[2020.11.18-22.46.03:062][684]LogAudioMixer: Display: 2: FrontCenter
[2020.11.18-22.46.03:062][684]LogAudioMixer: Display: 3: LowFrequency
[2020.11.18-22.46.03:062][684]LogAudioMixer: Display: 4: BackLeft
[2020.11.18-22.46.03:062][684]LogAudioMixer: Display: 5: BackRight
[2020.11.18-22.46.03:062][684]LogAudioMixer: Display: 6: SideLeft
[2020.11.18-22.46.03:062][684]LogAudioMixer: Display: 7: SideRight
[2020.11.18-22.46.03:093][684]LogAudioMixer: Display: Using Audio Device Speakers (2- Logitech G430 Gaming Headset)
[2020.11.18-22.46.03:093][684]LogAudioMixer: Display: Initializing Sound Submixes...
[2020.11.18-22.46.03:093][684]LogAudioMixer: Display: Creating Master Submix 'MasterSubmixDefault'
[2020.11.18-22.46.03:093][684]LogAudioMixer: Display: Creating Master Submix 'MasterReverbSubmixDefault'
[2020.11.18-22.46.03:093][684]LogAudioMixer: Display: Creating Master Submix 'MasterEQSubmixDefault'
[2020.11.18-22.46.03:105][684]LogInit: FAudioDevice initialized.
[2020.11.18-22.46.03:113][684]LogLoad: Game class is 'RaiseTheGameJame2020GameMode'
[2020.11.18-22.46.03:115][684]LogWorld: Bringing World /Game/Maps/UEDPIE_0_RhiannonTest.RhiannonTest up for play (max tick rate 0) at 2020.11.18-22.46.03
[2020.11.18-22.46.03:115][684]LogWorld: Bringing up level for play took: 0.001439
[2020.11.18-22.46.03:115][684]LogOnline: OSS: Creating online subsystem instance for: :Context_8
[2020.11.18-22.46.03:119][684]PIE: Server logged in
[2020.11.18-22.46.03:120][684]PIE: Play in editor total start time 0.107 seconds.
[2020.11.18-22.46.29:300][817]LogSlate: Updating window title bar state: overlay mode, drag disabled, window buttons hidden, title bar hidden
[2020.11.18-22.46.29:301][817]LogWorld: BeginTearingDown for /Game/Maps/UEDPIE_0_RhiannonTest
[2020.11.18-22.46.29:301][817]LogWorld: UWorld::CleanupWorld for RhiannonTest, bSessionEnded=true, bCleanupResources=true
[2020.11.18-22.46.29:301][817]LogSlate: InvalidateAllWidgets triggered.  All widgets were invalidated
[2020.11.18-22.46.29:312][817]LogPlayLevel: Display: Shutting down PIE online subsystems
[2020.11.18-22.46.29:316][817]LogSlate: InvalidateAllWidgets triggered.  All widgets were invalidated
[2020.11.18-22.46.29:371][817]LogSlate: Updating window title bar state: overlay mode, drag disabled, window buttons hidden, title bar hidden
[2020.11.18-22.46.29:371][817]LogAISub: UAISubsystem::~UAISubsystem AIPerceptionSystem (000001E3E1442D40), frame # 13817
[2020.11.18-22.46.29:372][817]LogAISub: UAISubsystem::~UAISubsystem EnvQueryManager (000001E390ADE600), frame # 13817
[2020.11.18-22.46.29:374][817]LogUObjectHash: Compacting FUObjectHashTables data took   1.95ms
[2020.11.18-22.46.29:414][818]LogPlayLevel: Display: Destroying online subsystem :Context_8
[2020.11.18-22.46.31:835][101]LogUObjectHash: Compacting FUObjectHashTables data took   2.03ms
[2020.11.18-22.46.31:874][101]LogSavePackage: Moving '../../../../../../Users/onlyr/OneDrive - Staffordshire University/GameJam/WORKINGONE/-raisethegamejam-2020/RaiseTheGameJame2020/Saved/RhiannonTestD990D6B1403C21E04FF1D098E1667640.tmp' to '../../../../../../Users/onlyr/OneDrive - Staffordshire University/GameJam/WORKINGONE/-raisethegamejam-2020/RaiseTheGameJame2020/Content/Maps/RhiannonTest.umap'
[2020.11.18-22.46.31:919][101]AssetCheck: New page: Asset Save: RhiannonTest
[2020.11.18-22.46.31:919][101]LogContentValidation: Display: Validating World /Game/Maps/RhiannonTest.RhiannonTest
