Log file open, 11/19/20 00:13:29
LogInit: Display: Running engine for game: RaiseTheGameJame2020
LogPlatformFile: Not using cached read wrapper
LogTaskGraph: Started task graph with 5 named threads and 47 total threads with 3 sets of task threads.
LogStats: Stats thread started at 0.598507
LogD3D11RHI: Loaded GFSDK_Aftermath_Lib.x64.dll
LogICUInternationalization: ICU TimeZone Detection - Raw Offset: +0:00, Platform Override: ''
LogPluginManager: Mounting plugin Paper2D
LogPluginManager: Mounting plugin AISupport
LogPluginManager: Mounting plugin LightPropagationVolume
LogPluginManager: Mounting plugin CameraShakePreviewer
LogPluginManager: Mounting plugin ActorLayerUtilities
LogPluginManager: Mounting plugin AnimationSharing
LogPluginManager: Mounting plugin CLionSourceCodeAccess
LogPluginManager: Mounting plugin CodeLiteSourceCodeAccess
LogPluginManager: Mounting plugin GitSourceControl
LogPluginManager: Mounting plugin KDevelopSourceCodeAccess
LogPluginManager: Mounting plugin NullSourceCodeAccess
LogPluginManager: Mounting plugin PerforceSourceControl
LogPluginManager: Mounting plugin PlasticSourceControl
LogPluginManager: Mounting plugin RiderSourceCodeAccess
LogPluginManager: Mounting plugin SubversionSourceControl
LogPluginManager: Mounting plugin UObjectPlugin
LogPluginManager: Mounting plugin VisualStudioCodeSourceCodeAccess
LogPluginManager: Mounting plugin VisualStudioSourceCodeAccess
LogPluginManager: Mounting plugin XCodeSourceCodeAccess
LogPluginManager: Mounting plugin AssetManagerEditor
LogPluginManager: Mounting plugin CryptoKeys
LogPluginManager: Mounting plugin CurveEditorTools
LogPluginManager: Mounting plugin DataValidation
LogPluginManager: Mounting plugin EditorScriptingUtilities
LogPluginManager: Mounting plugin FacialAnimation
LogPluginManager: Mounting plugin GameplayTagsEditor
LogPluginManager: Mounting plugin GeometryMode
LogPluginManager: Mounting plugin MacGraphicsSwitching
LogPluginManager: Mounting plugin MaterialAnalyzer
LogPluginManager: Mounting plugin MobileLauncherProfileWizard
LogPluginManager: Mounting plugin PluginBrowser
LogPluginManager: Mounting plugin SpeedTreeImporter
LogPluginManager: Mounting plugin DatasmithContent
LogPluginManager: Mounting plugin VariantManagerContent
LogPluginManager: Mounting plugin AlembicImporter
LogPluginManager: Mounting plugin AutomationUtils
LogPluginManager: Mounting plugin BackChannel
LogPluginManager: Mounting plugin ChaosCloth
LogPluginManager: Mounting plugin ChaosClothEditor
LogPluginManager: Mounting plugin ChaosEditor
LogPluginManager: Mounting plugin ChaosNiagara
LogPluginManager: Mounting plugin ChaosSolverPlugin
LogPluginManager: Mounting plugin CharacterAI
LogPluginManager: Mounting plugin GeometryCache
LogPluginManager: Mounting plugin GeometryCollectionPlugin
LogPluginManager: Mounting plugin GeometryProcessing
LogPluginManager: Mounting plugin PlanarCut
LogPluginManager: Mounting plugin PlatformCrypto
LogPluginManager: Mounting plugin ProxyLODPlugin
LogPluginManager: Mounting plugin SkeletalReduction
LogPluginManager: Mounting plugin Niagara
LogPluginManager: Mounting plugin MagicLeap
LogPluginManager: Mounting plugin MagicLeapLightEstimation
LogPluginManager: Mounting plugin MagicLeapMedia
LogPluginManager: Mounting plugin MagicLeapPassableWorld
LogPluginManager: Mounting plugin MLSDK
LogPluginManager: Mounting plugin AndroidMedia
LogPluginManager: Mounting plugin AvfMedia
LogPluginManager: Mounting plugin ImgMedia
LogPluginManager: Mounting plugin MediaCompositing
LogPluginManager: Mounting plugin MediaPlayerEditor
LogPluginManager: Mounting plugin WebMMedia
LogPluginManager: Mounting plugin WmfMedia
LogPluginManager: Mounting plugin MeshPainting
LogPluginManager: Mounting plugin TcpMessaging
LogPluginManager: Mounting plugin UdpMessaging
LogPluginManager: Mounting plugin ActorSequence
LogPluginManager: Mounting plugin LevelSequenceEditor
LogPluginManager: Mounting plugin MatineeToLevelSequence
LogPluginManager: Mounting plugin MovieRenderPipeline
LogPluginManager: Mounting plugin TemplateSequence
LogPluginManager: Mounting plugin NetcodeUnitTest
LogPluginManager: Mounting plugin NUTUnrealEngine4
LogPluginManager: Mounting plugin OnlineSubsystemGooglePlay
LogPluginManager: Mounting plugin OnlineSubsystemIOS
LogPluginManager: Mounting plugin OnlineSubsystem
LogPluginManager: Mounting plugin OnlineSubsystemNull
LogPluginManager: Mounting plugin OnlineSubsystemUtils
LogPluginManager: Mounting plugin LauncherChunkInstaller
LogPluginManager: Mounting plugin AndroidDeviceProfileSelector
LogPluginManager: Mounting plugin AndroidMoviePlayer
LogPluginManager: Mounting plugin AndroidPermission
LogPluginManager: Mounting plugin AppleImageUtils
LogPluginManager: Mounting plugin AppleMoviePlayer
LogPluginManager: Mounting plugin ArchVisCharacter
LogPluginManager: Mounting plugin AssetTags
LogPluginManager: Mounting plugin AudioCapture
LogPluginManager: Mounting plugin CableComponent
LogPluginManager: Mounting plugin CustomMeshComponent
LogPluginManager: Mounting plugin EditableMesh
LogPluginManager: Mounting plugin ExampleDeviceProfileSelector
LogPluginManager: Mounting plugin GoogleCloudMessaging
LogPluginManager: Mounting plugin GooglePAD
LogPluginManager: Mounting plugin IOSDeviceProfileSelector
LogPluginManager: Mounting plugin LinuxDeviceProfileSelector
LogPluginManager: Mounting plugin LocationServicesBPLibrary
LogPluginManager: Mounting plugin MobilePatchingUtils
LogPluginManager: Mounting plugin OculusVR
LogPluginManager: Mounting plugin PhysXVehicles
LogPluginManager: Mounting plugin PostSplashScreen
LogPluginManager: Mounting plugin ProceduralMeshComponent
LogPluginManager: Mounting plugin RuntimePhysXCooking
LogPluginManager: Mounting plugin SignificanceManager
LogPluginManager: Mounting plugin SoundFields
LogPluginManager: Mounting plugin SteamVR
LogPluginManager: Mounting plugin Synthesis
LogPluginManager: Mounting plugin WebMMoviePlayer
LogPluginManager: Mounting plugin WindowsMoviePlayer
LogPluginManager: Mounting plugin ScreenshotTools
LogInit: Using libcurl 7.55.1-DEV
LogInit:  - built for x86_64-pc-win32
LogInit:  - supports SSL with OpenSSL/1.1.1
LogInit:  - supports HTTP deflate (compression) using libz 1.2.8
LogInit:  - other features:
LogInit:      CURL_VERSION_SSL
LogInit:      CURL_VERSION_LIBZ
LogInit:      CURL_VERSION_IPV6
LogInit:      CURL_VERSION_ASYNCHDNS
LogInit:      CURL_VERSION_LARGEFILE
LogInit:      CURL_VERSION_IDN
LogInit:  CurlRequestOptions (configurable via config and command line):
LogInit:  - bVerifyPeer = true  - Libcurl will verify peer certificate
LogInit:  - bUseHttpProxy = false  - Libcurl will NOT use HTTP proxy
LogInit:  - bDontReuseConnections = false  - Libcurl will reuse connections
LogInit:  - MaxHostConnections = 16  - Libcurl will limit the number of connections to a host
LogInit:  - LocalHostAddr = Default
LogInit:  - BufferSize = 65536
LogOnline: OSS: Creating online subsystem instance for: NULL
LogInit: WinSock: version 1.1 (2.2), MaxSocks=32767, MaxUdp=65467
LogOnline: OSS: TryLoadSubsystemAndSetDefault: Loaded subsystem for module [NULL]
LogInit: Build: ++UE4+Release-4.25-CL-14469661
LogInit: Engine Version: 4.25.4-14469661+++UE4+Release-4.25
LogInit: Compatible Engine Version: 4.25.0-13144385+++UE4+Release-4.25
LogInit: Net CL: 13144385
LogInit: OS: Windows 10 (Release 2004) (), CPU: Intel(R) Core(TM) i7-5960X CPU @ 3.00GHz, GPU: NVIDIA GeForce RTX 2080 Ti
LogInit: Compiled (64-bit): Oct 11 2020 08:10:49
LogInit: Compiled with Visual C++: 19.24.28315.00
LogInit: Build Configuration: Development
LogInit: Branch Name: ++UE4+Release-4.25
LogInit: Command Line:  -skipcompile
LogInit: Base Directory: C:/Program Files/Epic Games/UE_4.25/Engine/Binaries/Win64/
LogInit: Allocator: TBB
LogInit: Installed Engine Build: 1
LogDevObjectVersion: Number of dev versions registered: 26
LogDevObjectVersion:   Dev-Blueprints (B0D832E4-1F89-4F0D-ACCF-7EB736FD4AA2): 10
LogDevObjectVersion:   Dev-Build (E1C64328-A22C-4D53-A36C-8E866417BD8C): 0
LogDevObjectVersion:   Dev-Core (375EC13C-06E4-48FB-B500-84F0262A717E): 4
LogDevObjectVersion:   Dev-Editor (E4B068ED-F494-42E9-A231-DA0B2E46BB41): 38
LogDevObjectVersion:   Dev-Framework (CFFC743F-43B0-4480-9391-14DF171D2073): 37
LogDevObjectVersion:   Dev-Mobile (B02B49B5-BB20-44E9-A304-32B752E40360): 2
LogDevObjectVersion:   Dev-Networking (A4E4105C-59A1-49B5-A7C5-40C4547EDFEE): 0
LogDevObjectVersion:   Dev-Online (39C831C9-5AE6-47DC-9A44-9C173E1C8E7C): 0
LogDevObjectVersion:   Dev-Physics (78F01B33-EBEA-4F98-B9B4-84EACCB95AA2): 4
LogDevObjectVersion:   Dev-Platform (6631380F-2D4D-43E0-8009-CF276956A95A): 0
LogDevObjectVersion:   Dev-Rendering (12F88B9F-8875-4AFC-A67C-D90C383ABD29): 43
LogDevObjectVersion:   Dev-Sequencer (7B5AE74C-D270-4C10-A958-57980B212A5A): 12
LogDevObjectVersion:   Dev-VR (D7296918-1DD6-4BDD-9DE2-64A83CC13884): 3
LogDevObjectVersion:   Dev-LoadTimes (C2A15278-BFE7-4AFE-6C17-90FF531DF755): 1
LogDevObjectVersion:   Private-Geometry (6EACA3D4-40EC-4CC1-B786-8BED09428FC5): 3
LogDevObjectVersion:   Dev-AnimPhys (29E575DD-E0A3-4627-9D10-D276232CDCEA): 17
LogDevObjectVersion:   Dev-Anim (AF43A65D-7FD3-4947-9873-3E8ED9C1BB05): 7
LogDevObjectVersion:   Dev-ReflectionCapture (6B266CEC-1EC7-4B8F-A30B-E4D90942FC07): 1
LogDevObjectVersion:   Dev-Automation (0DF73D61-A23F-47EA-B727-89E90C41499A): 1
LogDevObjectVersion:   FortniteMain (601D1886-AC64-4F84-AA16-D3DE0DEAC7D6): 31
LogDevObjectVersion:   Dev-Enterprise (9DFFBCD6-494F-0158-E221-12823C92A888): 10
LogDevObjectVersion:   Dev-Niagara (F2AED0AC-9AFE-416F-8664-AA7FFA26D6FC): 1
LogDevObjectVersion:   Dev-Destruction (174F1F0B-B4C6-45A5-B13F-2EE8D0FB917D): 10
LogDevObjectVersion:   Dev-Physics-Ext (35F94A83-E258-406C-A318-09F59610247C): 37
LogDevObjectVersion:   Dev-PhysicsMaterial-Chaos (B68FC16E-8B1B-42E2-B453-215C058844FE): 1
LogDevObjectVersion:   Dev-CineCamera (B2E18506-4273-CFC2-A54E-F4BB758BBA07): 1
LogInit: Presizing for max 25165824 objects, including 0 objects not considered by GC, pre-allocating 0 bytes for permanent pool.
LogConfig: Applying CVar settings from Section [/Script/Engine.StreamingSettings] File [E:/Documents/Uni Projects/Game Jam/-raisethegamejam-2020/RaiseTheGameJame2020/Saved/Config/Windows/Engine.ini]
LogConfig: Setting CVar [[s.MinBulkDataSizeForAsyncLoading:131072]]
LogConfig: Setting CVar [[s.AsyncLoadingThreadEnabled:0]]
LogConfig: Setting CVar [[s.EventDrivenLoaderEnabled:1]]
LogConfig: Setting CVar [[s.WarnIfTimeLimitExceeded:0]]
LogConfig: Setting CVar [[s.TimeLimitExceededMultiplier:1.5]]
LogConfig: Setting CVar [[s.TimeLimitExceededMinTime:0.005]]
LogConfig: Setting CVar [[s.UseBackgroundLevelStreaming:1]]
LogConfig: Setting CVar [[s.PriorityAsyncLoadingExtraTime:15.0]]
LogConfig: Setting CVar [[s.LevelStreamingActorsUpdateTimeLimit:5.0]]
LogConfig: Setting CVar [[s.PriorityLevelStreamingActorsUpdateExtraTime:5.0]]
LogConfig: Setting CVar [[s.LevelStreamingComponentsRegistrationGranularity:10]]
LogConfig: Setting CVar [[s.UnregisterComponentsTimeLimit:1.0]]
LogConfig: Setting CVar [[s.LevelStreamingComponentsUnregistrationGranularity:5]]
LogConfig: Setting CVar [[s.FlushStreamingOnExit:1]]
LogInit: Object subsystem initialized
LogConfig: Setting CVar [[con.DebugEarlyDefault:1]]
LogConfig: Setting CVar [[r.setres:1280x720]]
[2020.11.19-00.13.29:902][  0]LogConfig: Setting CVar [[r.VSync:0]]
[2020.11.19-00.13.29:902][  0]LogConfig: Setting CVar [[r.RHICmdBypass:0]]
[2020.11.19-00.13.29:902][  0]LogConfig: Applying CVar settings from Section [/Script/Engine.RendererSettings] File [E:/Documents/Uni Projects/Game Jam/-raisethegamejam-2020/RaiseTheGameJame2020/Saved/Config/Windows/Engine.ini]
[2020.11.19-00.13.29:902][  0]LogConfig: Setting CVar [[r.GPUCrashDebugging:0]]
[2020.11.19-00.13.29:902][  0]LogConfig: Applying CVar settings from Section [/Script/Engine.RendererOverrideSettings] File [E:/Documents/Uni Projects/Game Jam/-raisethegamejam-2020/RaiseTheGameJame2020/Saved/Config/Windows/Engine.ini]
[2020.11.19-00.13.29:902][  0]LogConfig: Applying CVar settings from Section [/Script/Engine.StreamingSettings] File [E:/Documents/Uni Projects/Game Jam/-raisethegamejam-2020/RaiseTheGameJame2020/Saved/Config/Windows/Engine.ini]
[2020.11.19-00.13.29:902][  0]LogConfig: Setting CVar [[s.MinBulkDataSizeForAsyncLoading:131072]]
[2020.11.19-00.13.29:902][  0]LogConfig: Setting CVar [[s.AsyncLoadingThreadEnabled:0]]
[2020.11.19-00.13.29:902][  0]LogConfig: Setting CVar [[s.EventDrivenLoaderEnabled:1]]
[2020.11.19-00.13.29:902][  0]LogConfig: Setting CVar [[s.WarnIfTimeLimitExceeded:0]]
[2020.11.19-00.13.29:902][  0]LogConfig: Setting CVar [[s.TimeLimitExceededMultiplier:1.5]]
[2020.11.19-00.13.29:902][  0]LogConfig: Setting CVar [[s.TimeLimitExceededMinTime:0.005]]
[2020.11.19-00.13.29:902][  0]LogConfig: Setting CVar [[s.UseBackgroundLevelStreaming:1]]
[2020.11.19-00.13.29:902][  0]LogConfig: Setting CVar [[s.PriorityAsyncLoadingExtraTime:15.0]]
[2020.11.19-00.13.29:902][  0]LogConfig: Setting CVar [[s.LevelStreamingActorsUpdateTimeLimit:5.0]]
[2020.11.19-00.13.29:903][  0]LogConfig: Setting CVar [[s.PriorityLevelStreamingActorsUpdateExtraTime:5.0]]
[2020.11.19-00.13.29:903][  0]LogConfig: Setting CVar [[s.LevelStreamingComponentsRegistrationGranularity:10]]
[2020.11.19-00.13.29:903][  0]LogConfig: Setting CVar [[s.UnregisterComponentsTimeLimit:1.0]]
[2020.11.19-00.13.29:903][  0]LogConfig: Setting CVar [[s.LevelStreamingComponentsUnregistrationGranularity:5]]
[2020.11.19-00.13.29:903][  0]LogConfig: Setting CVar [[s.FlushStreamingOnExit:1]]
[2020.11.19-00.13.29:903][  0]LogConfig: Applying CVar settings from Section [/Script/Engine.GarbageCollectionSettings] File [E:/Documents/Uni Projects/Game Jam/-raisethegamejam-2020/RaiseTheGameJame2020/Saved/Config/Windows/Engine.ini]
[2020.11.19-00.13.29:903][  0]LogConfig: Setting CVar [[gc.MaxObjectsNotConsideredByGC:1]]
[2020.11.19-00.13.29:903][  0]LogConfig: Setting CVar [[gc.SizeOfPermanentObjectPool:0]]
[2020.11.19-00.13.29:903][  0]LogConfig: Setting CVar [[gc.FlushStreamingOnGC:0]]
[2020.11.19-00.13.29:903][  0]LogConfig: Setting CVar [[gc.NumRetriesBeforeForcingGC:10]]
[2020.11.19-00.13.29:903][  0]LogConfig: Setting CVar [[gc.AllowParallelGC:1]]
[2020.11.19-00.13.29:903][  0]LogConfig: Setting CVar [[gc.TimeBetweenPurgingPendingKillObjects:61.1]]
[2020.11.19-00.13.29:903][  0]LogConfig: Setting CVar [[gc.MaxObjectsInEditor:25165824]]
[2020.11.19-00.13.29:903][  0]LogConfig: Setting CVar [[gc.IncrementalBeginDestroyEnabled:1]]
[2020.11.19-00.13.29:903][  0]LogConfig: Setting CVar [[gc.CreateGCClusters:1]]
[2020.11.19-00.13.29:903][  0]LogConfig: Setting CVar [[gc.MinGCClusterSize:5]]
[2020.11.19-00.13.29:903][  0]LogConfig: Setting CVar [[gc.ActorClusteringEnabled:0]]
[2020.11.19-00.13.29:903][  0]LogConfig: Setting CVar [[gc.BlueprintClusteringEnabled:0]]
[2020.11.19-00.13.29:904][  0]LogConfig: Setting CVar [[gc.UseDisregardForGCOnDedicatedServers:0]]
[2020.11.19-00.13.29:904][  0]LogConfig: Applying CVar settings from Section [/Script/Engine.NetworkSettings] File [E:/Documents/Uni Projects/Game Jam/-raisethegamejam-2020/RaiseTheGameJame2020/Saved/Config/Windows/Engine.ini]
[2020.11.19-00.13.29:904][  0]LogConfig: Applying CVar settings from Section [/Script/UnrealEd.CookerSettings] File [E:/Documents/Uni Projects/Game Jam/-raisethegamejam-2020/RaiseTheGameJame2020/Saved/Config/Windows/Engine.ini]
[2020.11.19-00.13.29:912][  0]LogConfig: Applying CVar settings from Section [ViewDistanceQuality@3] File [E:/Documents/Uni Projects/Game Jam/-raisethegamejam-2020/RaiseTheGameJame2020/Saved/Config/Windows/Scalability.ini]
[2020.11.19-00.13.29:912][  0]LogConfig: Setting CVar [[r.SkeletalMeshLODBias:0]]
[2020.11.19-00.13.29:912][  0]LogConfig: Setting CVar [[r.ViewDistanceScale:1.0]]
[2020.11.19-00.13.29:912][  0]LogConfig: Applying CVar settings from Section [AntiAliasingQuality@3] File [E:/Documents/Uni Projects/Game Jam/-raisethegamejam-2020/RaiseTheGameJame2020/Saved/Config/Windows/Scalability.ini]
[2020.11.19-00.13.29:912][  0]LogConfig: Setting CVar [[r.PostProcessAAQuality:4]]
[2020.11.19-00.13.29:912][  0]LogConfig: Applying CVar settings from Section [ShadowQuality@3] File [E:/Documents/Uni Projects/Game Jam/-raisethegamejam-2020/RaiseTheGameJame2020/Saved/Config/Windows/Scalability.ini]
[2020.11.19-00.13.29:912][  0]LogConfig: Setting CVar [[r.LightFunctionQuality:1]]
[2020.11.19-00.13.29:912][  0]LogConfig: Setting CVar [[r.ShadowQuality:5]]
[2020.11.19-00.13.29:912][  0]LogConfig: Setting CVar [[r.Shadow.CSM.MaxCascades:10]]
[2020.11.19-00.13.29:912][  0]LogConfig: Setting CVar [[r.Shadow.MaxResolution:2048]]
[2020.11.19-00.13.29:912][  0]LogConfig: Setting CVar [[r.Shadow.MaxCSMResolution:2048]]
[2020.11.19-00.13.29:912][  0]LogConfig: Setting CVar [[r.Shadow.RadiusThreshold:0.01]]
[2020.11.19-00.13.29:913][  0]LogConfig: Setting CVar [[r.Shadow.DistanceScale:1.0]]
[2020.11.19-00.13.29:913][  0]LogConfig: Setting CVar [[r.Shadow.CSM.TransitionScale:1.0]]
[2020.11.19-00.13.29:913][  0]LogConfig: Setting CVar [[r.Shadow.PreShadowResolutionFactor:1.0]]
[2020.11.19-00.13.29:913][  0]LogConfig: Setting CVar [[r.DistanceFieldShadowing:1]]
[2020.11.19-00.13.29:913][  0]LogConfig: Setting CVar [[r.DistanceFieldAO:1]]
[2020.11.19-00.13.29:913][  0]LogConfig: Setting CVar [[r.AOQuality:2]]
[2020.11.19-00.13.29:913][  0]LogConfig: Setting CVar [[r.VolumetricFog:1]]
[2020.11.19-00.13.29:913][  0]LogConfig: Setting CVar [[r.VolumetricFog.GridPixelSize:8]]
[2020.11.19-00.13.29:913][  0]LogConfig: Setting CVar [[r.VolumetricFog.GridSizeZ:128]]
[2020.11.19-00.13.29:913][  0]LogConfig: Setting CVar [[r.VolumetricFog.HistoryMissSupersampleCount:4]]
[2020.11.19-00.13.29:913][  0]LogConfig: Setting CVar [[r.LightMaxDrawDistanceScale:1]]
[2020.11.19-00.13.29:913][  0]LogConfig: Setting CVar [[r.CapsuleShadows:1]]
[2020.11.19-00.13.29:913][  0]LogConfig: Applying CVar settings from Section [PostProcessQuality@3] File [E:/Documents/Uni Projects/Game Jam/-raisethegamejam-2020/RaiseTheGameJame2020/Saved/Config/Windows/Scalability.ini]
[2020.11.19-00.13.29:913][  0]LogConfig: Setting CVar [[r.MotionBlurQuality:4]]
[2020.11.19-00.13.29:913][  0]LogConfig: Setting CVar [[r.AmbientOcclusionMipLevelFactor:0.4]]
[2020.11.19-00.13.29:913][  0]LogConfig: Setting CVar [[r.AmbientOcclusionMaxQuality:100]]
[2020.11.19-00.13.29:913][  0]LogConfig: Setting CVar [[r.AmbientOcclusionLevels:-1]]
[2020.11.19-00.13.29:913][  0]LogConfig: Setting CVar [[r.AmbientOcclusionRadiusScale:1.0]]
[2020.11.19-00.13.29:914][  0]LogConfig: Setting CVar [[r.DepthOfFieldQuality:2]]
[2020.11.19-00.13.29:914][  0]LogConfig: Setting CVar [[r.RenderTargetPoolMin:400]]
[2020.11.19-00.13.29:914][  0]LogConfig: Setting CVar [[r.LensFlareQuality:2]]
[2020.11.19-00.13.29:914][  0]LogConfig: Setting CVar [[r.SceneColorFringeQuality:1]]
[2020.11.19-00.13.29:914][  0]LogConfig: Setting CVar [[r.EyeAdaptationQuality:2]]
[2020.11.19-00.13.29:914][  0]LogConfig: Setting CVar [[r.BloomQuality:5]]
[2020.11.19-00.13.29:914][  0]LogConfig: Setting CVar [[r.FastBlurThreshold:100]]
[2020.11.19-00.13.29:914][  0]LogConfig: Setting CVar [[r.Upscale.Quality:3]]
[2020.11.19-00.13.29:914][  0]LogConfig: Setting CVar [[r.Tonemapper.GrainQuantization:1]]
[2020.11.19-00.13.29:914][  0]LogConfig: Setting CVar [[r.LightShaftQuality:1]]
[2020.11.19-00.13.29:914][  0]LogConfig: Setting CVar [[r.Filter.SizeScale:1]]
[2020.11.19-00.13.29:914][  0]LogConfig: Setting CVar [[r.Tonemapper.Quality:5]]
[2020.11.19-00.13.29:914][  0]LogConfig: Setting CVar [[r.DOF.Gather.AccumulatorQuality:1        ; higher gathering accumulator quality]]
[2020.11.19-00.13.29:914][  0]LogConfig: Setting CVar [[r.DOF.Gather.PostfilterMethod:1          ; Median3x3 postfilering method]]
[2020.11.19-00.13.29:914][  0]LogConfig: Setting CVar [[r.DOF.Gather.EnableBokehSettings:0       ; no bokeh simulation when gathering]]
[2020.11.19-00.13.29:914][  0]LogConfig: Setting CVar [[r.DOF.Gather.RingCount:4                 ; medium number of samples when gathering]]
[2020.11.19-00.13.29:914][  0]LogConfig: Setting CVar [[r.DOF.Scatter.ForegroundCompositing:1    ; additive foreground scattering]]
[2020.11.19-00.13.29:914][  0]LogConfig: Setting CVar [[r.DOF.Scatter.BackgroundCompositing:2    ; additive background scattering]]
[2020.11.19-00.13.29:915][  0]LogConfig: Setting CVar [[r.DOF.Scatter.EnableBokehSettings:1      ; bokeh simulation when scattering]]
[2020.11.19-00.13.29:915][  0]LogConfig: Setting CVar [[r.DOF.Scatter.MaxSpriteRatio:0.1         ; only a maximum of 10% of scattered bokeh]]
[2020.11.19-00.13.29:915][  0]LogConfig: Setting CVar [[r.DOF.Recombine.Quality:1                ; cheap slight out of focus]]
[2020.11.19-00.13.29:915][  0]LogConfig: Setting CVar [[r.DOF.Recombine.EnableBokehSettings:0    ; no bokeh simulation on slight out of focus]]
[2020.11.19-00.13.29:915][  0]LogConfig: Setting CVar [[r.DOF.TemporalAAQuality:1                ; more stable temporal accumulation]]
[2020.11.19-00.13.29:915][  0]LogConfig: Setting CVar [[r.DOF.Kernel.MaxForegroundRadius:0.025]]
[2020.11.19-00.13.29:915][  0]LogConfig: Setting CVar [[r.DOF.Kernel.MaxBackgroundRadius:0.025]]
[2020.11.19-00.13.29:915][  0]LogConfig: Applying CVar settings from Section [TextureQuality@3] File [E:/Documents/Uni Projects/Game Jam/-raisethegamejam-2020/RaiseTheGameJame2020/Saved/Config/Windows/Scalability.ini]
[2020.11.19-00.13.29:915][  0]LogConfig: Setting CVar [[r.Streaming.MipBias:0]]
[2020.11.19-00.13.29:915][  0]LogConfig: Setting CVar [[r.Streaming.AmortizeCPUToGPUCopy:0]]
[2020.11.19-00.13.29:915][  0]LogConfig: Setting CVar [[r.Streaming.MaxNumTexturesToStreamPerFrame:0]]
[2020.11.19-00.13.29:915][  0]LogConfig: Setting CVar [[r.Streaming.Boost:1]]
[2020.11.19-00.13.29:915][  0]LogConfig: Setting CVar [[r.MaxAnisotropy:8]]
[2020.11.19-00.13.29:915][  0]LogConfig: Setting CVar [[r.VT.MaxAnisotropy:8]]
[2020.11.19-00.13.29:915][  0]LogConfig: Setting CVar [[r.Streaming.LimitPoolSizeToVRAM:0]]
[2020.11.19-00.13.29:915][  0]LogConfig: Setting CVar [[r.Streaming.PoolSize:1000]]
[2020.11.19-00.13.29:915][  0]LogConfig: Setting CVar [[r.Streaming.MaxEffectiveScreenSize:0]]
[2020.11.19-00.13.29:915][  0]LogConfig: Applying CVar settings from Section [EffectsQuality@3] File [E:/Documents/Uni Projects/Game Jam/-raisethegamejam-2020/RaiseTheGameJame2020/Saved/Config/Windows/Scalability.ini]
[2020.11.19-00.13.29:916][  0]LogConfig: Setting CVar [[r.TranslucencyLightingVolumeDim:64]]
[2020.11.19-00.13.29:916][  0]LogConfig: Setting CVar [[r.RefractionQuality:2]]
[2020.11.19-00.13.29:916][  0]LogConfig: Setting CVar [[r.SSR.Quality:3]]
[2020.11.19-00.13.29:916][  0]LogConfig: Setting CVar [[r.SSR.HalfResSceneColor:0]]
[2020.11.19-00.13.29:916][  0]LogConfig: Setting CVar [[r.SceneColorFormat:4]]
[2020.11.19-00.13.29:916][  0]LogConfig: Setting CVar [[r.DetailMode:2]]
[2020.11.19-00.13.29:916][  0]LogConfig: Setting CVar [[r.TranslucencyVolumeBlur:1]]
[2020.11.19-00.13.29:916][  0]LogConfig: Setting CVar [[r.MaterialQualityLevel:1 ; High quality]]
[2020.11.19-00.13.29:916][  0]LogConfig: Setting CVar [[r.SSS.Scale:1]]
[2020.11.19-00.13.29:916][  0]LogConfig: Setting CVar [[r.SSS.SampleSet:2]]
[2020.11.19-00.13.29:916][  0]LogConfig: Setting CVar [[r.SSS.Quality:1]]
[2020.11.19-00.13.29:916][  0]LogConfig: Setting CVar [[r.SSS.HalfRes:0]]
[2020.11.19-00.13.29:916][  0]LogConfig: Setting CVar [[r.SSGI.Quality:3]]
[2020.11.19-00.13.29:916][  0]LogConfig: Setting CVar [[r.EmitterSpawnRateScale:1.0]]
[2020.11.19-00.13.29:916][  0]LogConfig: Setting CVar [[r.ParticleLightQuality:2]]
[2020.11.19-00.13.29:916][  0]LogConfig: Setting CVar [[r.SkyAtmosphere.AerialPerspectiveLUT.FastApplyOnOpaque:1 ; Always have FastSkyLUT 1 in this case to avoid wrong sky]]
[2020.11.19-00.13.29:916][  0]LogConfig: Setting CVar [[r.SkyAtmosphere.AerialPerspectiveLUT.SampleCountPerSlice:1]]
[2020.11.19-00.13.29:916][  0]LogConfig: Setting CVar [[r.SkyAtmosphere.AerialPerspectiveLUT.DepthResolution:16.0]]
[2020.11.19-00.13.29:917][  0]LogConfig: Setting CVar [[r.SkyAtmosphere.FastSkyLUT:1]]
[2020.11.19-00.13.29:917][  0]LogConfig: Setting CVar [[r.SkyAtmosphere.FastSkyLUT.SampleCountMin:4.0]]
[2020.11.19-00.13.29:917][  0]LogConfig: Setting CVar [[r.SkyAtmosphere.FastSkyLUT.SampleCountMax:32.0]]
[2020.11.19-00.13.29:917][  0]LogConfig: Setting CVar [[r.SkyAtmosphere.SampleCountMin:4.0]]
[2020.11.19-00.13.29:917][  0]LogConfig: Setting CVar [[r.SkyAtmosphere.SampleCountMax:32.0]]
[2020.11.19-00.13.29:917][  0]LogConfig: Setting CVar [[r.SkyAtmosphere.TransmittanceLUT.UseSmallFormat:0]]
[2020.11.19-00.13.29:917][  0]LogConfig: Setting CVar [[r.SkyAtmosphere.TransmittanceLUT.SampleCount:10.0]]
[2020.11.19-00.13.29:917][  0]LogConfig: Setting CVar [[r.SkyAtmosphere.MultiScatteringLUT.SampleCount:15.0]]
[2020.11.19-00.13.29:917][  0]LogConfig: Applying CVar settings from Section [FoliageQuality@3] File [E:/Documents/Uni Projects/Game Jam/-raisethegamejam-2020/RaiseTheGameJame2020/Saved/Config/Windows/Scalability.ini]
[2020.11.19-00.13.29:917][  0]LogConfig: Setting CVar [[foliage.DensityScale:1.0]]
[2020.11.19-00.13.29:917][  0]LogConfig: Setting CVar [[grass.DensityScale:1.0]]
[2020.11.19-00.13.29:917][  0]LogConfig: Applying CVar settings from Section [ShadingQuality@3] File [E:/Documents/Uni Projects/Game Jam/-raisethegamejam-2020/RaiseTheGameJame2020/Saved/Config/Windows/Scalability.ini]
[2020.11.19-00.13.29:917][  0]LogConfig: Setting CVar [[r.HairStrands.SkyLighting.SampleCount:16]]
[2020.11.19-00.13.29:917][  0]LogConfig: Setting CVar [[r.HairStrands.SkyLighting.JitterIntegration:0]]
[2020.11.19-00.13.29:917][  0]LogConfig: Setting CVar [[r.HairStrands.SkyAO.SampleCount:16]]
[2020.11.19-00.13.29:917][  0]LogConfig: Setting CVar [[r.HairStrands.DeepShadow.SuperSampling:0]]
[2020.11.19-00.13.29:917][  0]LogConfig: Setting CVar [[r.HairStrands.VisibilityPPLL:0]]
[2020.11.19-00.13.29:917][  0]LogConfig: Setting CVar [[r.HairStrands.RasterizationScale:0.5]]
[2020.11.19-00.13.29:918][  0]LogConfig: Setting CVar [[r.HairStrands.VelocityRasterizationScale:1]]
[2020.11.19-00.13.29:918][  0]LogInit: Selected Device Profile: [Windows]
[2020.11.19-00.13.29:918][  0]LogInit: Applying CVar settings loaded from the selected device profile: [Windows]
[2020.11.19-00.13.29:918][  0]LogHAL: Display: Platform has ~ 16 GB [17086033920 / 17179869184 / 16], which maps to Larger [LargestMinGB=32, LargerMinGB=12, DefaultMinGB=8, SmallerMinGB=6, SmallestMinGB=0)
[2020.11.19-00.13.29:918][  0]LogInit: Going up to parent DeviceProfile []
[2020.11.19-00.13.29:918][  0]LogConfig: Applying CVar settings from Section [ViewDistanceQuality@3] File [E:/Documents/Uni Projects/Game Jam/-raisethegamejam-2020/RaiseTheGameJame2020/Saved/Config/Windows/Scalability.ini]
[2020.11.19-00.13.29:918][  0]LogConfig: Setting CVar [[r.SkeletalMeshLODBias:0]]
[2020.11.19-00.13.29:918][  0]LogConfig: Setting CVar [[r.ViewDistanceScale:1.0]]
[2020.11.19-00.13.29:918][  0]LogConfig: Applying CVar settings from Section [AntiAliasingQuality@3] File [E:/Documents/Uni Projects/Game Jam/-raisethegamejam-2020/RaiseTheGameJame2020/Saved/Config/Windows/Scalability.ini]
[2020.11.19-00.13.29:918][  0]LogConfig: Setting CVar [[r.PostProcessAAQuality:4]]
[2020.11.19-00.13.29:918][  0]LogConfig: Applying CVar settings from Section [ShadowQuality@3] File [E:/Documents/Uni Projects/Game Jam/-raisethegamejam-2020/RaiseTheGameJame2020/Saved/Config/Windows/Scalability.ini]
[2020.11.19-00.13.29:918][  0]LogConfig: Setting CVar [[r.LightFunctionQuality:1]]
[2020.11.19-00.13.29:918][  0]LogConfig: Setting CVar [[r.ShadowQuality:5]]
[2020.11.19-00.13.29:918][  0]LogConfig: Setting CVar [[r.Shadow.CSM.MaxCascades:10]]
[2020.11.19-00.13.29:918][  0]LogConfig: Setting CVar [[r.Shadow.MaxResolution:2048]]
[2020.11.19-00.13.29:918][  0]LogConfig: Setting CVar [[r.Shadow.MaxCSMResolution:2048]]
[2020.11.19-00.13.29:919][  0]LogConfig: Setting CVar [[r.Shadow.RadiusThreshold:0.01]]
[2020.11.19-00.13.29:919][  0]LogConfig: Setting CVar [[r.Shadow.DistanceScale:1.0]]
[2020.11.19-00.13.29:919][  0]LogConfig: Setting CVar [[r.Shadow.CSM.TransitionScale:1.0]]
[2020.11.19-00.13.29:919][  0]LogConfig: Setting CVar [[r.Shadow.PreShadowResolutionFactor:1.0]]
[2020.11.19-00.13.29:919][  0]LogConfig: Setting CVar [[r.DistanceFieldShadowing:1]]
[2020.11.19-00.13.29:919][  0]LogConfig: Setting CVar [[r.DistanceFieldAO:1]]
[2020.11.19-00.13.29:919][  0]LogConfig: Setting CVar [[r.AOQuality:2]]
[2020.11.19-00.13.29:919][  0]LogConfig: Setting CVar [[r.VolumetricFog:1]]
[2020.11.19-00.13.29:919][  0]LogConfig: Setting CVar [[r.VolumetricFog.GridPixelSize:8]]
[2020.11.19-00.13.29:919][  0]LogConfig: Setting CVar [[r.VolumetricFog.GridSizeZ:128]]
[2020.11.19-00.13.29:919][  0]LogConfig: Setting CVar [[r.VolumetricFog.HistoryMissSupersampleCount:4]]
[2020.11.19-00.13.29:919][  0]LogConfig: Setting CVar [[r.LightMaxDrawDistanceScale:1]]
[2020.11.19-00.13.29:919][  0]LogConfig: Setting CVar [[r.CapsuleShadows:1]]
[2020.11.19-00.13.29:919][  0]LogConfig: Applying CVar settings from Section [PostProcessQuality@3] File [E:/Documents/Uni Projects/Game Jam/-raisethegamejam-2020/RaiseTheGameJame2020/Saved/Config/Windows/Scalability.ini]
[2020.11.19-00.13.29:919][  0]LogConfig: Setting CVar [[r.MotionBlurQuality:4]]
[2020.11.19-00.13.29:919][  0]LogConfig: Setting CVar [[r.AmbientOcclusionMipLevelFactor:0.4]]
[2020.11.19-00.13.29:919][  0]LogConfig: Setting CVar [[r.AmbientOcclusionMaxQuality:100]]
[2020.11.19-00.13.29:919][  0]LogConfig: Setting CVar [[r.AmbientOcclusionLevels:-1]]
[2020.11.19-00.13.29:919][  0]LogConfig: Setting CVar [[r.AmbientOcclusionRadiusScale:1.0]]
[2020.11.19-00.13.29:920][  0]LogConfig: Setting CVar [[r.DepthOfFieldQuality:2]]
[2020.11.19-00.13.29:920][  0]LogConfig: Setting CVar [[r.RenderTargetPoolMin:400]]
[2020.11.19-00.13.29:920][  0]LogConfig: Setting CVar [[r.LensFlareQuality:2]]
[2020.11.19-00.13.29:920][  0]LogConfig: Setting CVar [[r.SceneColorFringeQuality:1]]
[2020.11.19-00.13.29:920][  0]LogConfig: Setting CVar [[r.EyeAdaptationQuality:2]]
[2020.11.19-00.13.29:920][  0]LogConfig: Setting CVar [[r.BloomQuality:5]]
[2020.11.19-00.13.29:920][  0]LogConfig: Setting CVar [[r.FastBlurThreshold:100]]
[2020.11.19-00.13.29:920][  0]LogConfig: Setting CVar [[r.Upscale.Quality:3]]
[2020.11.19-00.13.29:920][  0]LogConfig: Setting CVar [[r.Tonemapper.GrainQuantization:1]]
[2020.11.19-00.13.29:920][  0]LogConfig: Setting CVar [[r.LightShaftQuality:1]]
[2020.11.19-00.13.29:920][  0]LogConfig: Setting CVar [[r.Filter.SizeScale:1]]
[2020.11.19-00.13.29:920][  0]LogConfig: Setting CVar [[r.Tonemapper.Quality:5]]
[2020.11.19-00.13.29:920][  0]LogConfig: Setting CVar [[r.DOF.Gather.AccumulatorQuality:1        ; higher gathering accumulator quality]]
[2020.11.19-00.13.29:920][  0]LogConfig: Setting CVar [[r.DOF.Gather.PostfilterMethod:1          ; Median3x3 postfilering method]]
[2020.11.19-00.13.29:920][  0]LogConfig: Setting CVar [[r.DOF.Gather.EnableBokehSettings:0       ; no bokeh simulation when gathering]]
[2020.11.19-00.13.29:920][  0]LogConfig: Setting CVar [[r.DOF.Gather.RingCount:4                 ; medium number of samples when gathering]]
[2020.11.19-00.13.29:920][  0]LogConfig: Setting CVar [[r.DOF.Scatter.ForegroundCompositing:1    ; additive foreground scattering]]
[2020.11.19-00.13.29:920][  0]LogConfig: Setting CVar [[r.DOF.Scatter.BackgroundCompositing:2    ; additive background scattering]]
[2020.11.19-00.13.29:920][  0]LogConfig: Setting CVar [[r.DOF.Scatter.EnableBokehSettings:1      ; bokeh simulation when scattering]]
[2020.11.19-00.13.29:921][  0]LogConfig: Setting CVar [[r.DOF.Scatter.MaxSpriteRatio:0.1         ; only a maximum of 10% of scattered bokeh]]
[2020.11.19-00.13.29:921][  0]LogConfig: Setting CVar [[r.DOF.Recombine.Quality:1                ; cheap slight out of focus]]
[2020.11.19-00.13.29:921][  0]LogConfig: Setting CVar [[r.DOF.Recombine.EnableBokehSettings:0    ; no bokeh simulation on slight out of focus]]
[2020.11.19-00.13.29:921][  0]LogConfig: Setting CVar [[r.DOF.TemporalAAQuality:1                ; more stable temporal accumulation]]
[2020.11.19-00.13.29:921][  0]LogConfig: Setting CVar [[r.DOF.Kernel.MaxForegroundRadius:0.025]]
[2020.11.19-00.13.29:921][  0]LogConfig: Setting CVar [[r.DOF.Kernel.MaxBackgroundRadius:0.025]]
[2020.11.19-00.13.29:921][  0]LogConfig: Applying CVar settings from Section [TextureQuality@3] File [E:/Documents/Uni Projects/Game Jam/-raisethegamejam-2020/RaiseTheGameJame2020/Saved/Config/Windows/Scalability.ini]
[2020.11.19-00.13.29:921][  0]LogConfig: Setting CVar [[r.Streaming.MipBias:0]]
[2020.11.19-00.13.29:921][  0]LogConfig: Setting CVar [[r.Streaming.AmortizeCPUToGPUCopy:0]]
[2020.11.19-00.13.29:921][  0]LogConfig: Setting CVar [[r.Streaming.MaxNumTexturesToStreamPerFrame:0]]
[2020.11.19-00.13.29:921][  0]LogConfig: Setting CVar [[r.Streaming.Boost:1]]
[2020.11.19-00.13.29:921][  0]LogConfig: Setting CVar [[r.MaxAnisotropy:8]]
[2020.11.19-00.13.29:921][  0]LogConfig: Setting CVar [[r.VT.MaxAnisotropy:8]]
[2020.11.19-00.13.29:921][  0]LogConfig: Setting CVar [[r.Streaming.LimitPoolSizeToVRAM:0]]
[2020.11.19-00.13.29:921][  0]LogConfig: Setting CVar [[r.Streaming.PoolSize:1000]]
[2020.11.19-00.13.29:921][  0]LogConfig: Setting CVar [[r.Streaming.MaxEffectiveScreenSize:0]]
[2020.11.19-00.13.29:921][  0]LogConfig: Applying CVar settings from Section [EffectsQuality@3] File [E:/Documents/Uni Projects/Game Jam/-raisethegamejam-2020/RaiseTheGameJame2020/Saved/Config/Windows/Scalability.ini]
[2020.11.19-00.13.29:921][  0]LogConfig: Setting CVar [[r.TranslucencyLightingVolumeDim:64]]
[2020.11.19-00.13.29:921][  0]LogConfig: Setting CVar [[r.RefractionQuality:2]]
[2020.11.19-00.13.29:922][  0]LogConfig: Setting CVar [[r.SSR.Quality:3]]
[2020.11.19-00.13.29:922][  0]LogConfig: Setting CVar [[r.SSR.HalfResSceneColor:0]]
[2020.11.19-00.13.29:922][  0]LogConfig: Setting CVar [[r.SceneColorFormat:4]]
[2020.11.19-00.13.29:922][  0]LogConfig: Setting CVar [[r.DetailMode:2]]
[2020.11.19-00.13.29:922][  0]LogConfig: Setting CVar [[r.TranslucencyVolumeBlur:1]]
[2020.11.19-00.13.29:922][  0]LogConfig: Setting CVar [[r.MaterialQualityLevel:1 ; High quality]]
[2020.11.19-00.13.29:922][  0]LogConfig: Setting CVar [[r.SSS.Scale:1]]
[2020.11.19-00.13.29:922][  0]LogConfig: Setting CVar [[r.SSS.SampleSet:2]]
[2020.11.19-00.13.29:922][  0]LogConfig: Setting CVar [[r.SSS.Quality:1]]
[2020.11.19-00.13.29:922][  0]LogConfig: Setting CVar [[r.SSS.HalfRes:0]]
[2020.11.19-00.13.29:922][  0]LogConfig: Setting CVar [[r.SSGI.Quality:3]]
[2020.11.19-00.13.29:922][  0]LogConfig: Setting CVar [[r.EmitterSpawnRateScale:1.0]]
[2020.11.19-00.13.29:922][  0]LogConfig: Setting CVar [[r.ParticleLightQuality:2]]
[2020.11.19-00.13.29:922][  0]LogConfig: Setting CVar [[r.SkyAtmosphere.AerialPerspectiveLUT.FastApplyOnOpaque:1 ; Always have FastSkyLUT 1 in this case to avoid wrong sky]]
[2020.11.19-00.13.29:922][  0]LogConfig: Setting CVar [[r.SkyAtmosphere.AerialPerspectiveLUT.SampleCountPerSlice:1]]
[2020.11.19-00.13.29:922][  0]LogConfig: Setting CVar [[r.SkyAtmosphere.AerialPerspectiveLUT.DepthResolution:16.0]]
[2020.11.19-00.13.29:922][  0]LogConfig: Setting CVar [[r.SkyAtmosphere.FastSkyLUT:1]]
[2020.11.19-00.13.29:922][  0]LogConfig: Setting CVar [[r.SkyAtmosphere.FastSkyLUT.SampleCountMin:4.0]]
[2020.11.19-00.13.29:922][  0]LogConfig: Setting CVar [[r.SkyAtmosphere.FastSkyLUT.SampleCountMax:32.0]]
[2020.11.19-00.13.29:923][  0]LogConfig: Setting CVar [[r.SkyAtmosphere.SampleCountMin:4.0]]
[2020.11.19-00.13.29:923][  0]LogConfig: Setting CVar [[r.SkyAtmosphere.SampleCountMax:32.0]]
[2020.11.19-00.13.29:923][  0]LogConfig: Setting CVar [[r.SkyAtmosphere.TransmittanceLUT.UseSmallFormat:0]]
[2020.11.19-00.13.29:923][  0]LogConfig: Setting CVar [[r.SkyAtmosphere.TransmittanceLUT.SampleCount:10.0]]
[2020.11.19-00.13.29:923][  0]LogConfig: Setting CVar [[r.SkyAtmosphere.MultiScatteringLUT.SampleCount:15.0]]
[2020.11.19-00.13.29:923][  0]LogConfig: Applying CVar settings from Section [FoliageQuality@3] File [E:/Documents/Uni Projects/Game Jam/-raisethegamejam-2020/RaiseTheGameJame2020/Saved/Config/Windows/Scalability.ini]
[2020.11.19-00.13.29:923][  0]LogConfig: Setting CVar [[foliage.DensityScale:1.0]]
[2020.11.19-00.13.29:923][  0]LogConfig: Setting CVar [[grass.DensityScale:1.0]]
[2020.11.19-00.13.29:923][  0]LogConfig: Applying CVar settings from Section [ShadingQuality@3] File [E:/Documents/Uni Projects/Game Jam/-raisethegamejam-2020/RaiseTheGameJame2020/Saved/Config/Windows/Scalability.ini]
[2020.11.19-00.13.29:923][  0]LogConfig: Setting CVar [[r.HairStrands.SkyLighting.SampleCount:16]]
[2020.11.19-00.13.29:923][  0]LogConfig: Setting CVar [[r.HairStrands.SkyLighting.JitterIntegration:0]]
[2020.11.19-00.13.29:923][  0]LogConfig: Setting CVar [[r.HairStrands.SkyAO.SampleCount:16]]
[2020.11.19-00.13.29:923][  0]LogConfig: Setting CVar [[r.HairStrands.DeepShadow.SuperSampling:0]]
[2020.11.19-00.13.29:923][  0]LogConfig: Setting CVar [[r.HairStrands.VisibilityPPLL:0]]
[2020.11.19-00.13.29:923][  0]LogConfig: Setting CVar [[r.HairStrands.RasterizationScale:0.5]]
[2020.11.19-00.13.29:923][  0]LogConfig: Setting CVar [[r.HairStrands.VelocityRasterizationScale:1]]
[2020.11.19-00.13.29:923][  0]LogConfig: Applying CVar settings from Section [Startup] File [../../../Engine/Config/ConsoleVariables.ini]
[2020.11.19-00.13.29:924][  0]LogConfig: Setting CVar [[net.UseAdaptiveNetUpdateFrequency:0]]
[2020.11.19-00.13.29:924][  0]LogConfig: Setting CVar [[p.chaos.AllowCreatePhysxBodies:1]]
[2020.11.19-00.13.29:924][  0]LogConfig: Setting CVar [[fx.SkipVectorVMBackendOptimizations:1]]
[2020.11.19-00.13.29:924][  0]LogConfig: Applying CVar settings from Section [ConsoleVariables] File [E:/Documents/Uni Projects/Game Jam/-raisethegamejam-2020/RaiseTheGameJame2020/Saved/Config/Windows/Engine.ini]
[2020.11.19-00.13.29:924][  0]LogInit: Computer: TAYZPC
[2020.11.19-00.13.29:924][  0]LogInit: User: Tayz
[2020.11.19-00.13.29:924][  0]LogInit: CPU Page size=4096, Cores=8
[2020.11.19-00.13.29:924][  0]LogInit: High frequency timer resolution =10.000000 MHz
[2020.11.19-00.13.29:924][  0]LogMemory: Memory total: Physical=15.9GB (16GB approx)
[2020.11.19-00.13.29:924][  0]LogMemory: Platform Memory Stats for Windows
[2020.11.19-00.13.29:924][  0]LogMemory: Process Physical Memory: 117.25 MB used, 117.25 MB peak
[2020.11.19-00.13.29:924][  0]LogMemory: Process Virtual Memory: 106.12 MB used, 106.12 MB peak
[2020.11.19-00.13.29:925][  0]LogMemory: Physical Memory: 10710.76 MB used,  5583.75 MB free, 16294.51 MB total
[2020.11.19-00.13.29:925][  0]LogMemory: Virtual Memory: 5194.85 MB used,  134212536.00 MB free, 134217728.00 MB total
[2020.11.19-00.13.29:936][  0]LogWindows: WindowsPlatformFeatures enabled
[2020.11.19-00.13.30:248][  0]LogInit: Physics initialised using underlying interface: PhysX
[2020.11.19-00.13.30:252][  0]LogInit: Using OS detected language (en-GB).
[2020.11.19-00.13.30:252][  0]LogInit: Using OS detected locale (en-GB).
[2020.11.19-00.13.30:263][  0]LogTextLocalizationManager: No specific localization for 'en-GB' exists, so the 'en' localization will be used.
[2020.11.19-00.13.30:491][  0]LogInit: Setting process to per monitor DPI aware
[2020.11.19-00.13.30:551][  0]LogSlate: New Slate User Created.  User Index 0, Is Virtual User: 0
[2020.11.19-00.13.30:551][  0]LogSlate: Slate User Registered.  User Index 0, Is Virtual User: 0
[2020.11.19-00.13.30:820][  0]LogHMD: Failed to initialize OpenVR with code 110
[2020.11.19-00.13.30:820][  0]LogD3D11RHI: D3D11 min allowed feature level: 11_0
[2020.11.19-00.13.30:820][  0]LogD3D11RHI: D3D11 max allowed feature level: 11_0
[2020.11.19-00.13.30:820][  0]LogD3D11RHI: D3D11 adapters:
[2020.11.19-00.13.30:957][  0]LogD3D11RHI:    0. 'NVIDIA GeForce RTX 2080 Ti' (Feature Level 11_0)
[2020.11.19-00.13.30:957][  0]LogD3D11RHI:       11048/0/8147 MB DedicatedVideo/DedicatedSystem/SharedSystem, Outputs:2, VendorId:0x10de
[2020.11.19-00.13.30:964][  0]LogD3D11RHI:    1. 'Microsoft Basic Render Driver' (Feature Level 11_0)
[2020.11.19-00.13.30:964][  0]LogD3D11RHI:       0/0/8147 MB DedicatedVideo/DedicatedSystem/SharedSystem, Outputs:0, VendorId:0x1414
[2020.11.19-00.13.30:964][  0]LogD3D11RHI: Chosen D3D11 Adapter: 0
[2020.11.19-00.13.30:973][  0]LogD3D11RHI: Creating new Direct3DDevice
[2020.11.19-00.13.30:973][  0]LogD3D11RHI:     GPU DeviceId: 0x1e07 (for the marketing name, search the web for "GPU Device Id")
[2020.11.19-00.13.30:973][  0]LogWindows: EnumDisplayDevices:
[2020.11.19-00.13.30:973][  0]LogWindows:    0. 'NVIDIA GeForce RTX 2080 Ti' (P:1 D:1)
[2020.11.19-00.13.30:974][  0]LogWindows:    1. 'NVIDIA GeForce RTX 2080 Ti' (P:0 D:1)
[2020.11.19-00.13.30:974][  0]LogWindows:    2. 'NVIDIA GeForce RTX 2080 Ti' (P:0 D:0)
[2020.11.19-00.13.30:974][  0]LogWindows:    3. 'NVIDIA GeForce RTX 2080 Ti' (P:0 D:0)
[2020.11.19-00.13.30:975][  0]LogWindows: DebugString: FoundDriverCount:4 
[2020.11.19-00.13.30:975][  0]LogD3D11RHI:     Adapter Name: NVIDIA GeForce RTX 2080 Ti
[2020.11.19-00.13.30:975][  0]LogD3D11RHI:   Driver Version: 457.30 (internal:27.21.14.5730, unified:457.30)
[2020.11.19-00.13.30:975][  0]LogD3D11RHI:      Driver Date: 11-6-2020
[2020.11.19-00.13.30:975][  0]LogRHI: Texture pool is 7733 MB (70% of 11048 MB)
[2020.11.19-00.13.31:056][  0]LogD3D11RHI: RHI has support for 64 bit atomics
[2020.11.19-00.13.31:056][  0]LogD3D11RHI: Async texture creation enabled
[2020.11.19-00.13.31:056][  0]LogD3D11RHI: Array index from any shader is supported
[2020.11.19-00.13.31:087][  0]LogD3D11RHI: GPU Timing Frequency: 1000.000000 (Debug: 2 1)
[2020.11.19-00.13.31:426][  0]LogTargetPlatformManager: Display: Loaded TargetPlatform 'AllDesktop'
[2020.11.19-00.13.31:450][  0]LogTargetPlatformManager: Display: Loaded TargetPlatform 'Android'
[2020.11.19-00.13.31:450][  0]LogTargetPlatformManager: Display: Loaded TargetPlatform 'Android_ASTC'
[2020.11.19-00.13.31:450][  0]LogTargetPlatformManager: Display: Loaded TargetPlatform 'Android_DXT'
[2020.11.19-00.13.31:450][  0]LogTargetPlatformManager: Display: Loaded TargetPlatform 'Android_ETC2'
[2020.11.19-00.13.31:450][  0]LogTargetPlatformManager: Display: Loaded TargetPlatform 'AndroidClient'
[2020.11.19-00.13.31:450][  0]LogTargetPlatformManager: Display: Loaded TargetPlatform 'Android_ASTCClient'
[2020.11.19-00.13.31:450][  0]LogTargetPlatformManager: Display: Loaded TargetPlatform 'Android_DXTClient'
[2020.11.19-00.13.31:450][  0]LogTargetPlatformManager: Display: Loaded TargetPlatform 'Android_ETC2Client'
[2020.11.19-00.13.31:450][  0]LogTargetPlatformManager: Display: Loaded TargetPlatform 'Android_Multi'
[2020.11.19-00.13.31:450][  0]LogTargetPlatformManager: Display: Loaded TargetPlatform 'Android_MultiClient'
[2020.11.19-00.13.31:484][  0]LogTargetPlatformManager: Display: Loaded TargetPlatform 'IOSClient'
[2020.11.19-00.13.31:484][  0]LogTargetPlatformManager: Display: Loaded TargetPlatform 'IOS'
[2020.11.19-00.13.31:497][  0]LogTargetPlatformManager: Display: Loaded TargetPlatform 'Linux'
[2020.11.19-00.13.31:509][  0]LogTargetPlatformManager: Display: Loaded TargetPlatform 'LinuxNoEditor'
[2020.11.19-00.13.31:521][  0]LogTargetPlatformManager: Display: Loaded TargetPlatform 'LinuxClient'
[2020.11.19-00.13.31:532][  0]LogTargetPlatformManager: Display: Loaded TargetPlatform 'LinuxServer'
[2020.11.19-00.13.31:544][  0]LogTargetPlatformManager: Display: Loaded TargetPlatform 'LinuxAArch64NoEditor'
[2020.11.19-00.13.31:556][  0]LogTargetPlatformManager: Display: Loaded TargetPlatform 'LinuxAArch64Client'
[2020.11.19-00.13.31:568][  0]LogTargetPlatformManager: Display: Loaded TargetPlatform 'LinuxAArch64Server'
[2020.11.19-00.13.31:597][  0]LogTargetPlatformManager: Display: Loaded TargetPlatform 'Lumin'
[2020.11.19-00.13.31:597][  0]LogTargetPlatformManager: Display: Loaded TargetPlatform 'LuminClient'
[2020.11.19-00.13.31:615][  0]LogTargetPlatformManager: Display: Loaded TargetPlatform 'TVOSClient'
[2020.11.19-00.13.31:615][  0]LogTargetPlatformManager: Display: Loaded TargetPlatform 'TVOS'
[2020.11.19-00.13.31:626][  0]LogTargetPlatformManager: Display: Loaded TargetPlatform 'WindowsNoEditor'
[2020.11.19-00.13.31:639][  0]LogTargetPlatformManager: Display: Loaded TargetPlatform 'Windows'
[2020.11.19-00.13.31:652][  0]LogTargetPlatformManager: Display: Loaded TargetPlatform 'WindowsClient'
[2020.11.19-00.13.31:666][  0]LogTargetPlatformManager: Display: Loaded TargetPlatform 'WindowsServer'
[2020.11.19-00.13.31:666][  0]LogTargetPlatformManager: Display: Building Assets For Windows
[2020.11.19-00.13.31:684][  0]LogAudioDebug: Display: Lib vorbis DLL was dynamically loaded.
[2020.11.19-00.13.31:801][  0]LogShaderCompilers: Guid format shader working directory is -33 characters bigger than the processId version (E:/Documents/Uni Projects/Game Jam/-raisethegamejam-2020/RaiseTheGameJame2020/Intermediate/Shaders/WorkingDirectory/22896/).
[2020.11.19-00.13.31:802][  0]LogShaderCompilers: Cleaned the shader compiler working directory 'C:/Users/Tayz/AppData/Local/Temp/UnrealShaderWorkingDir/F6EE82514AA8E723E4DF35B90E90FDE9/'.
[2020.11.19-00.13.31:803][  0]LogXGEController: Cleaning working directory: C:/Users/Tayz/AppData/Local/Temp/UnrealXGEWorkingDir/
[2020.11.19-00.13.31:803][  0]LogXGEController: Cannot use XGE Controller as Incredibuild is not installed on this machine.
[2020.11.19-00.13.31:803][  0]LogShaderCompilers: Cannot use XGE Shader Compiler as Incredibuild is not installed on this machine.
[2020.11.19-00.13.31:803][  0]LogShaderCompilers: Display: Using Local Shader Compiler.
[2020.11.19-00.13.32:626][  0]LogDerivedDataCache: Display: Max Cache Size: 512 MB
[2020.11.19-00.13.32:706][  0]LogDerivedDataCache: Loaded boot cache 0.08s 79MB C:/Users/Tayz/AppData/Local/UnrealEngine/4.25/DerivedDataCache/Boot.ddc.
[2020.11.19-00.13.32:706][  0]LogDerivedDataCache: Display: Loaded Boot cache: C:/Users/Tayz/AppData/Local/UnrealEngine/4.25/DerivedDataCache/Boot.ddc
[2020.11.19-00.13.32:706][  0]LogDerivedDataCache: FDerivedDataBackendGraph:  Pak pak cache file E:/Documents/Uni Projects/Game Jam/-raisethegamejam-2020/RaiseTheGameJame2020/DerivedDataCache/DDC.ddp not found, will not use a pak cache.
[2020.11.19-00.13.32:706][  0]LogDerivedDataCache: Unable to find inner node Pak for hierarchical cache Hierarchy.
[2020.11.19-00.13.32:706][  0]LogDerivedDataCache: FDerivedDataBackendGraph:  CompressedPak pak cache file E:/Documents/Uni Projects/Game Jam/-raisethegamejam-2020/RaiseTheGameJame2020/DerivedDataCache/Compressed.ddp not found, will not use a pak cache.
[2020.11.19-00.13.32:706][  0]LogDerivedDataCache: Unable to find inner node CompressedPak for hierarchical cache Hierarchy.
[2020.11.19-00.13.32:715][  0]LogDerivedDataCache: Display: Pak cache opened for reading ../../../Engine/DerivedDataCache/Compressed.ddp.
[2020.11.19-00.13.32:716][  0]LogDerivedDataCache: FDerivedDataBackendGraph:  EnterprisePak pak cache file ../../../Enterprise/DerivedDataCache/Compressed.ddp not found, will not use a pak cache.
[2020.11.19-00.13.32:716][  0]LogDerivedDataCache: Unable to find inner node EnterprisePak for hierarchical cache Hierarchy.
[2020.11.19-00.13.32:718][  0]LogDerivedDataCache: Using Local data cache path C:/Users/Tayz/AppData/Local/UnrealEngine/Common/DerivedDataCache: Writable
[2020.11.19-00.13.32:718][  0]LogDerivedDataCache: Shared data cache path not found in *engine.ini, will not use an Shared cache.
[2020.11.19-00.13.32:718][  0]LogDerivedDataCache: Unable to find inner node Shared for hierarchical cache Hierarchy.
[2020.11.19-00.13.32:765][  0]LogSlate: Using FreeType 2.10.0
[2020.11.19-00.13.32:766][  0]LogSlate: SlateFontServices - WITH_FREETYPE: 1, WITH_HARFBUZZ: 1
[2020.11.19-00.13.32:795][  0]LogAssetRegistry: FAssetRegistry took 0.0040 seconds to start up
[2020.11.19-00.13.33:006][  0]LogInit: Selected Device Profile: [Windows]
[2020.11.19-00.13.33:159][  0]LogMeshReduction: Using QuadricMeshReduction for automatic static mesh reduction
[2020.11.19-00.13.33:159][  0]LogMeshReduction: Using SimplygonMeshReduction for automatic skeletal mesh reduction
[2020.11.19-00.13.33:159][  0]LogMeshReduction: Using ProxyLODMeshReduction for automatic mesh merging
[2020.11.19-00.13.33:159][  0]LogMeshReduction: No distributed automatic mesh merging module available
[2020.11.19-00.13.33:159][  0]LogMeshMerging: No distributed automatic mesh merging module available
[2020.11.19-00.13.33:180][  0]LogNetVersion: RaiseTheGameJame2020 1.0.0, NetCL: 13144385, EngineNetVer: 14, GameNetVer: 0 (Checksum: 1455622770)
[2020.11.19-00.13.33:588][  0]LogAISub: UAISubsystem::UAISubsystem AISubsystem (000001A567331340), frame # 0
[2020.11.19-00.13.33:588][  0]LogAISub: UAISubsystem::UAISubsystem AIPerceptionSystem (000001A567279E40), frame # 0
[2020.11.19-00.13.33:590][  0]LogAISub: UAISubsystem::UAISubsystem EnvQueryManager (000001A5672E4800), frame # 0
[2020.11.19-00.13.33:637][  0]LogPackageLocalizationCache: Processed 19 localized package path(s) for 1 prioritized culture(s) in 0.041920 seconds
[2020.11.19-00.13.33:643][  0]LogUObjectArray: 15917 objects as part of root set at end of initial load.
[2020.11.19-00.13.33:644][  0]LogUObjectAllocator: 3965568 out of 0 bytes used by permanent object pool.
[2020.11.19-00.13.33:644][  0]LogUObjectArray: CloseDisregardForGC: 0/0 objects in disregard for GC pool
[2020.11.19-00.13.34:207][  0]LogTcpMessaging: Initializing TcpMessaging bridge
[2020.11.19-00.13.34:215][  0]LogUdpMessaging: Initializing bridge on interface 0.0.0.0:0 to multicast group 230.0.0.1:6666.
[2020.11.19-00.13.34:488][  0]SourceControl: Source control is disabled
[2020.11.19-00.13.34:488][  0]SourceControl: Source control is disabled
[2020.11.19-00.13.34:494][  0]SourceControl: Source control is disabled
[2020.11.19-00.13.34:499][  0]SourceControl: Source control is disabled
[2020.11.19-00.13.34:512][  0]SourceControl: Source control is disabled
[2020.11.19-00.13.34:937][  0]LogAndroidPermission: UAndroidPermissionCallbackProxy::GetInstance
[2020.11.19-00.13.34:973][  0]LogAudioCaptureCore: Display: No Audio Capture implementations found. Audio input will be silent.
[2020.11.19-00.13.34:973][  0]LogAudioCaptureCore: Display: No Audio Capture implementations found. Audio input will be silent.
[2020.11.19-00.13.35:047][  0]LogOcInput: OculusInput pre-init called
[2020.11.19-00.13.35:066][  0]LogWindows: Failed to load 'OVRPlugin.dll' (GetLastError=126)
[2020.11.19-00.13.35:066][  0]LogWindows: File 'OVRPlugin.dll' does not exist
[2020.11.19-00.13.35:149][  0]LogEngine: Initializing Engine...
[2020.11.19-00.13.35:150][  0]LogHMD: Failed to initialize OpenVR with code 110
[2020.11.19-00.13.35:150][  0]LogMagicLeap: Warning: VR disabled because ZI is not enabled.  To enable, in the editor, Edit -> Project Settings -> Plugins -> Magic Leap Plugin -> Enable Zero Iteration
[2020.11.19-00.13.35:151][  0]LogStats: UGameplayTagsManager::InitializeManager -  0.000 s
[2020.11.19-00.13.35:271][  0]LogInit: Initializing FReadOnlyCVARCache
[2020.11.19-00.13.35:285][  0]LogAIModule: Creating AISystem for world Untitled
[2020.11.19-00.13.35:285][  0]LogAISub: UAISubsystem::UAISubsystem EnvQueryManager (000001A56ECEBC00), frame # 0
[2020.11.19-00.13.35:285][  0]LogAISub: UAISubsystem::UAISubsystem AIPerceptionSystem (000001A56ED1ED40), frame # 0
[2020.11.19-00.13.35:298][  0]LogAudioMixer: Display: Audio Mixer Platform Settings:
[2020.11.19-00.13.35:298][  0]LogAudioMixer: Display: 	Sample Rate:						  48000
[2020.11.19-00.13.35:298][  0]LogAudioMixer: Display: 	Callback Buffer Frame Size Requested: 1024
[2020.11.19-00.13.35:298][  0]LogAudioMixer: Display: 	Callback Buffer Frame Size To Use:	  1024
[2020.11.19-00.13.35:298][  0]LogAudioMixer: Display: 	Number of buffers to queue:			  2
[2020.11.19-00.13.35:299][  0]LogAudioMixer: Display: 	Max Channels (voices):				  32
[2020.11.19-00.13.35:299][  0]LogAudioMixer: Display: 	Number of Async Source Workers:		  0
[2020.11.19-00.13.35:299][  0]LogAudio: Display: AudioDevice MaxSources: 32
[2020.11.19-00.13.35:299][  0]LogAudio: Display: Using built-in audio occlusion.
[2020.11.19-00.13.35:299][  0]LogAudioMixer: Display: Initializing audio mixer.
[2020.11.19-00.13.35:329][  0]LogAudioMixer: Display: 0: FrontLeft
[2020.11.19-00.13.35:329][  0]LogAudioMixer: Display: 1: FrontRight
[2020.11.19-00.13.35:395][  0]LogAudioMixer: Display: Using Audio Device Speakers (AudioQuest Dragonfly Black)
[2020.11.19-00.13.35:398][  0]LogAudioMixer: Display: Initializing Sound Submixes...
[2020.11.19-00.13.35:400][  0]LogAudioMixer: Display: Creating Master Submix 'MasterSubmixDefault'
[2020.11.19-00.13.35:400][  0]LogAudioMixer: Display: Creating Master Submix 'MasterReverbSubmixDefault'
[2020.11.19-00.13.35:401][  0]LogAudioMixer: Display: Creating Master Submix 'MasterEQSubmixDefault'
[2020.11.19-00.13.35:403][  0]LogInit: FAudioDevice initialized.
[2020.11.19-00.13.35:404][  0]LogNetVersion: Set ProjectVersion to 1.0.0.0. Version Checksum will be recalculated on next use.
[2020.11.19-00.13.35:448][  0]LogDerivedDataCache: Saved boot cache 0.04s 79MB C:/Users/Tayz/AppData/Local/UnrealEngine/4.25/DerivedDataCache/Boot.ddc.
[2020.11.19-00.13.35:456][  0]LogInit: Texture streaming: Enabled
[2020.11.19-00.13.35:485][  0]LogEngineSessionManager: EngineSessionManager initialized
[2020.11.19-00.13.35:485][  0]LogEngineSessionManager: EngineSessionManager sent abnormal shutdown report. Type=Debugger, SessionId={A52C10EE-483E-19A5-7DD3-4F8F51486E81}
[2020.11.19-00.13.35:485][  0]LogEngineSessionManager: EngineSessionManager sent abnormal shutdown report. Type=Debugger, SessionId={9D984810-404A-BB63-D73D-388EE63F35ED}
[2020.11.19-00.13.35:485][  0]LogEditorSessionSummary: Verbose: Initializing EditorSessionSummaryWriter for editor session tracking
[2020.11.19-00.13.35:488][  0]LogEditorSessionSummary: EditorSessionSummaryWriter initialized
[2020.11.19-00.13.35:542][  0]LogInit: Transaction tracking system initialized
[2020.11.19-00.13.35:584][  0]BlueprintLog: New page: Editor Load
[2020.11.19-00.13.35:714][  0]LocalizationService: Localization service is disabled
[2020.11.19-00.13.35:921][  0]LogCook: Display: Max memory allowance for cook 16384mb min free memory 0mb
[2020.11.19-00.13.35:921][  0]LogCook: Display: Mobile HDR setting 1
[2020.11.19-00.13.36:134][  0]LogFileCache: Scanning file cache for directory 'E:/Documents/Uni Projects/Game Jam/-raisethegamejam-2020/RaiseTheGameJame2020/Content/' took 0.00s
[2020.11.19-00.13.36:329][  0]SourceControl: Source control is disabled
[2020.11.19-00.13.36:329][  0]LogUnrealEdMisc: Loading editor; pre map load, took 8.588
[2020.11.19-00.13.36:329][  0]Cmd: MAP LOAD FILE="E:/Documents/Uni Projects/Game Jam/-raisethegamejam-2020/RaiseTheGameJame2020/Content/ThirdPersonCPP/Maps/ThirdPersonExampleMap.umap" TEMPLATE=0 SHOWPROGRESS=1 FEATURELEVEL=3
[2020.11.19-00.13.36:329][  0]LightingResults: New page: Lighting Build
[2020.11.19-00.13.36:331][  0]LogWorld: UWorld::CleanupWorld for Untitled, bSessionEnded=true, bCleanupResources=true
[2020.11.19-00.13.36:331][  0]LogSlate: InvalidateAllWidgets triggered.  All widgets were invalidated
[2020.11.19-00.13.36:331][  0]MapCheck: New page: Map Check
[2020.11.19-00.13.36:331][  0]LightingResults: New page: Lighting Build
[2020.11.19-00.13.36:351][  0]LogAISub: UAISubsystem::~UAISubsystem EnvQueryManager (000001A56ECEBC00), frame # 0
[2020.11.19-00.13.36:351][  0]LogAISub: UAISubsystem::~UAISubsystem AIPerceptionSystem (000001A56ED1ED40), frame # 0
[2020.11.19-00.13.36:352][  0]LogUObjectHash: Compacting FUObjectHashTables data took   0.77ms
[2020.11.19-00.13.36:384][  0]LogLinker: Warning: While loading 'E:/Documents/Uni Projects/Game Jam/-raisethegamejam-2020/RaiseTheGameJame2020/Content/ThirdPersonCPP/Maps/ThirdPersonExampleMap.umap' failed to load '/Game/ThirdPersonCPP/Maps/ThirdPersonExampleMap_BuiltData': Can't find file.
[2020.11.19-00.13.36:384][  0]LogLinker: Warning: While loading 'E:/Documents/Uni Projects/Game Jam/-raisethegamejam-2020/RaiseTheGameJame2020/Content/ThirdPersonCPP/Maps/ThirdPersonExampleMap.umap' failed to load '/Game/ThirdPersonCPP/Maps/ThirdPersonExampleMap_BuiltData': Can't find file.
[2020.11.19-00.13.36:388][  0]LogLinker: Warning: While loading 'E:/Documents/Uni Projects/Game Jam/-raisethegamejam-2020/RaiseTheGameJame2020/Content/ThirdPersonCPP/Maps/ThirdPersonExampleMap.umap' failed to load '/Game/ThirdPersonCPP/Maps/ThirdPersonExampleMap_BuiltData': Can't find file.
[2020.11.19-00.13.36:389][  0]LogLinker: Warning: While loading 'E:/Documents/Uni Projects/Game Jam/-raisethegamejam-2020/RaiseTheGameJame2020/Content/ThirdPersonCPP/Maps/ThirdPersonExampleMap.umap' failed to load '/Game/ThirdPersonCPP/Maps/ThirdPersonExampleMap_BuiltData': Can't find file.
[2020.11.19-00.13.36:389][  0]LogLinker: Warning: Failed to load '/Game/ThirdPersonCPP/Maps/ThirdPersonExampleMap_BuiltData': Can't find file.
[2020.11.19-00.13.36:390][  0]LogLinker: Warning: Failed to load '/Game/ThirdPersonCPP/Maps/ThirdPersonExampleMap_BuiltData': Can't find file.
[2020.11.19-00.13.36:390][  0]LogLinker: Warning: Failed to load '/Game/ThirdPersonCPP/Maps/ThirdPersonExampleMap_BuiltData': Can't find file.
[2020.11.19-00.13.36:390][  0]LogLinker: Warning: Failed to load '/Game/ThirdPersonCPP/Maps/ThirdPersonExampleMap_BuiltData': Can't find file.
[2020.11.19-00.13.36:393][  0]LogLinker: Warning: While loading 'E:/Documents/Uni Projects/Game Jam/-raisethegamejam-2020/RaiseTheGameJame2020/Content/ThirdPersonCPP/Maps/ThirdPersonExampleMap.umap' failed to load '/Game/ThirdPersonCPP/Maps/ThirdPersonExampleMap_BuiltData': Can't find file.
[2020.11.19-00.13.36:393][  0]LoadErrors: Failed to load /Game/ThirdPersonCPP/Maps/ThirdPersonExampleMap_BuiltData.ThirdPersonExampleMap_BuiltData Referenced by PersistentLevel
[2020.11.19-00.13.36:393][  0]LogLinker: Warning: While loading 'E:/Documents/Uni Projects/Game Jam/-raisethegamejam-2020/RaiseTheGameJame2020/Content/ThirdPersonCPP/Maps/ThirdPersonExampleMap.umap' failed to load '/Game/ThirdPersonCPP/Maps/ThirdPersonExampleMap_BuiltData': Can't find file.
[2020.11.19-00.13.36:393][  0]LoadErrors: Failed to load /Game/ThirdPersonCPP/Maps/ThirdPersonExampleMap_BuiltData.ThirdPersonExampleMap_BuiltData Referenced by PersistentLevel
[2020.11.19-00.13.36:418][  0]LogAIModule: Creating AISystem for world ThirdPersonExampleMap
[2020.11.19-00.13.36:418][  0]LogAISub: UAISubsystem::UAISubsystem EnvQueryManager (000001A55F9A8E00), frame # 0
[2020.11.19-00.13.36:418][  0]LogAISub: UAISubsystem::UAISubsystem AIPerceptionSystem (000001A56BD85D00), frame # 0
[2020.11.19-00.13.36:431][  0]LogEditorServer: Finished looking for orphan Actors (0.000 secs)
[2020.11.19-00.13.36:449][  0]LogUObjectHash: Compacting FUObjectHashTables data took   0.78ms
[2020.11.19-00.13.36:449][  0]Cmd: MAP CHECKDEP NOCLEARLOG
[2020.11.19-00.13.36:449][  0]MapCheck: Map check complete: 0 Error(s), 0 Warning(s), took 0.101ms to complete.
[2020.11.19-00.13.36:449][  0]LogFileHelpers: Loading map 'ThirdPersonExampleMap' took 0.120
[2020.11.19-00.13.36:451][  0]LogUnrealEdMisc: Total Editor Startup Time, took 8.710
[2020.11.19-00.13.36:582][  0]LogSlate: Updating window title bar state: overlay mode, drag disabled, window buttons hidden, title bar hidden
[2020.11.19-00.13.36:590][  0]LogSlate: Updating window title bar state: overlay mode, drag disabled, window buttons hidden, title bar hidden
[2020.11.19-00.13.36:599][  0]LogSlate: Updating window title bar state: overlay mode, drag disabled, window buttons hidden, title bar hidden
[2020.11.19-00.13.36:606][  0]LogSlate: Updating window title bar state: overlay mode, drag disabled, window buttons hidden, title bar hidden
[2020.11.19-00.13.36:615][  0]LogCollectionManager: Loaded 0 collections in 0.001496 seconds
[2020.11.19-00.13.36:634][  0]LogFileCache: Scanning file cache for directory 'E:/Documents/Uni Projects/Game Jam/-raisethegamejam-2020/RaiseTheGameJame2020/Saved/Collections/' took 0.00s
[2020.11.19-00.13.36:634][  0]LogFileCache: Scanning file cache for directory 'E:/Documents/Uni Projects/Game Jam/-raisethegamejam-2020/RaiseTheGameJame2020/Content/Developers/Tayz/Collections/' took 0.00s
[2020.11.19-00.13.36:634][  0]LogFileCache: Scanning file cache for directory 'E:/Documents/Uni Projects/Game Jam/-raisethegamejam-2020/RaiseTheGameJame2020/Content/Collections/' took 0.00s
[2020.11.19-00.13.36:634][  0]LogContentBrowser: Native class hierarchy populated in 0.0094 seconds. Added 3435 classes and 824 folders.
[2020.11.19-00.13.36:638][  0]LogContentBrowser: Native class hierarchy updated for 'WidgetCarousel' in 0.0003 seconds. Added 0 classes and 0 folders.
[2020.11.19-00.13.36:794][  0]LogContentBrowser: Native class hierarchy updated for 'AddContentDialog' in 0.0004 seconds. Added 0 classes and 0 folders.
[2020.11.19-00.13.36:796][  0]LogContentBrowser: Native class hierarchy updated for 'SceneOutliner' in 0.0003 seconds. Added 2 classes and 0 folders.
[2020.11.19-00.13.36:878][  0]LogSlate: Took 0.000131 seconds to synchronously load lazily loaded font '../../../Engine/Content/Slate/Fonts/Roboto-Regular.ttf' (155K)
[2020.11.19-00.13.36:881][  0]LogSlate: Took 0.000643 seconds to synchronously load lazily loaded font '../../../Engine/Content/Slate/Fonts/Roboto-Bold.ttf' (160K)
[2020.11.19-00.13.36:885][  0]LogSlate: Took 0.000598 seconds to synchronously load lazily loaded font '../../../Engine/Content/Editor/Slate/Fonts/FontAwesome.ttf' (139K)
[2020.11.19-00.13.36:954][  0]LogRenderer: Reallocating scene render targets to support 1616x816 Format 10 NumSamples 1 (Frame:1).
[2020.11.19-00.13.37:067][  0]LogContentBrowser: Native class hierarchy updated for 'HierarchicalLODOutliner' in 0.0006 seconds. Added 0 classes and 0 folders.
[2020.11.19-00.13.37:067][  0]LogLoad: (Engine Initialization) Total time: 9.33 seconds
[2020.11.19-00.13.37:067][  0]LogLoad: (Engine Initialization) Total Blueprint compile time: 0.00 seconds
[2020.11.19-00.13.37:111][  0]LogAssetRegistry: Asset discovery search completed in 4.3183 seconds
[2020.11.19-00.13.37:115][  0]LogCollectionManager: Fixed up redirectors for 0 collections in 0.000003 seconds (updated 0 objects)
[2020.11.19-00.13.37:116][  0]LogContentStreaming: Texture pool size now 1000 MB
[2020.11.19-00.13.37:177][  0]LogSlate: Took 0.000789 seconds to synchronously load lazily loaded font '../../../Engine/Content/Slate/Fonts/DroidSansMono.ttf' (77K)
[2020.11.19-00.13.39:762][307]LogSlate: Window 'Message Log' being destroyed
[2020.11.19-00.13.39:766][307]LogSlate: Window 'Message Log' being destroyed
[2020.11.19-00.13.44:741][893]LogEditor: Attempting to add actor of class 'DetectionZone' to level at -1140.00,-500.00,130.00
[2020.11.19-00.13.45:331][956]LogEditor: Attempting to add actor of class 'DetectionZone' to level at -560.00,-220.00,130.00
[2020.11.19-00.13.46:137][ 44]LogTemp: Repeating last play command: Selected Viewport
[2020.11.19-00.13.46:152][ 44]LogPlayLevel: PlayLevel: No blueprints needed recompiling
[2020.11.19-00.13.46:153][ 44]PIE: New page: PIE session: ThirdPersonExampleMap (19 Nov 2020, 00:13:46)
[2020.11.19-00.13.46:155][ 44]LogOnline: OSS: Creating online subsystem instance for: NULL
[2020.11.19-00.13.46:156][ 44]LogOnline: OSS: TryLoadSubsystemAndSetDefault: Loaded subsystem for module [NULL]
[2020.11.19-00.13.46:157][ 44]LogPlayLevel: Creating play world package: /Game/ThirdPersonCPP/Maps/UEDPIE_0_ThirdPersonExampleMap
[2020.11.19-00.13.46:172][ 44]LogPlayLevel: PIE: StaticDuplicateObject took: (0.015362s)
[2020.11.19-00.13.46:173][ 44]LogAIModule: Creating AISystem for world ThirdPersonExampleMap
[2020.11.19-00.13.46:173][ 44]LogAISub: UAISubsystem::UAISubsystem EnvQueryManager (000001A51E024C00), frame # 1044
[2020.11.19-00.13.46:173][ 44]LogAISub: UAISubsystem::UAISubsystem AIPerceptionSystem (000001A51E01AE80), frame # 1044
[2020.11.19-00.13.46:174][ 44]LogPlayLevel: PIE: World Init took: (0.001558s)
[2020.11.19-00.13.46:174][ 44]LogPlayLevel: PIE: Created PIE world by copying editor world from /Game/ThirdPersonCPP/Maps/ThirdPersonExampleMap.ThirdPersonExampleMap to /Game/ThirdPersonCPP/Maps/UEDPIE_0_ThirdPersonExampleMap.ThirdPersonExampleMap (0.017363s)
[2020.11.19-00.13.46:199][ 44]LogUObjectHash: Compacting FUObjectHashTables data took   0.64ms
[2020.11.19-00.13.46:200][ 44]LogAudioMixer: Display: Audio Mixer Platform Settings:
[2020.11.19-00.13.46:200][ 44]LogAudioMixer: Display: 	Sample Rate:						  48000
[2020.11.19-00.13.46:200][ 44]LogAudioMixer: Display: 	Callback Buffer Frame Size Requested: 1024
[2020.11.19-00.13.46:200][ 44]LogAudioMixer: Display: 	Callback Buffer Frame Size To Use:	  1024
[2020.11.19-00.13.46:200][ 44]LogAudioMixer: Display: 	Number of buffers to queue:			  2
[2020.11.19-00.13.46:201][ 44]LogAudioMixer: Display: 	Max Channels (voices):				  32
[2020.11.19-00.13.46:201][ 44]LogAudioMixer: Display: 	Number of Async Source Workers:		  0
[2020.11.19-00.13.46:201][ 44]LogAudio: Display: AudioDevice MaxSources: 32
[2020.11.19-00.13.46:201][ 44]LogAudio: Display: Using built-in audio occlusion.
[2020.11.19-00.13.46:201][ 44]LogAudioMixer: Display: Initializing audio mixer.
[2020.11.19-00.13.46:207][ 44]LogAudioMixer: Display: 0: FrontLeft
[2020.11.19-00.13.46:207][ 44]LogAudioMixer: Display: 1: FrontRight
[2020.11.19-00.13.46:246][ 44]LogAudioMixer: Display: Using Audio Device Speakers (AudioQuest Dragonfly Black)
[2020.11.19-00.13.46:246][ 44]LogAudioMixer: Display: Initializing Sound Submixes...
[2020.11.19-00.13.46:247][ 44]LogAudioMixer: Display: Creating Master Submix 'MasterSubmixDefault'
[2020.11.19-00.13.46:247][ 44]LogAudioMixer: Display: Creating Master Submix 'MasterReverbSubmixDefault'
[2020.11.19-00.13.46:247][ 44]LogAudioMixer: Display: Creating Master Submix 'MasterEQSubmixDefault'
[2020.11.19-00.13.46:259][ 44]LogInit: FAudioDevice initialized.
[2020.11.19-00.13.46:274][ 44]LogLoad: Game class is 'RaiseTheGameJame2020GameMode'
[2020.11.19-00.13.46:276][ 44]LogWorld: Bringing World /Game/ThirdPersonCPP/Maps/UEDPIE_0_ThirdPersonExampleMap.ThirdPersonExampleMap up for play (max tick rate 0) at 2020.11.19-00.13.46
[2020.11.19-00.13.46:277][ 44]LogWorld: Bringing up level for play took: 0.002017
[2020.11.19-00.13.46:277][ 44]LogOnline: OSS: Creating online subsystem instance for: :Context_1
[2020.11.19-00.13.46:283][ 44]LogContentBrowser: Native class hierarchy updated for 'MovieSceneCapture' in 0.0005 seconds. Added 20 classes and 0 folders.
[2020.11.19-00.13.46:283][ 44]PIE: Server logged in
[2020.11.19-00.13.46:285][ 44]PIE: Play in editor total start time 0.133 seconds.
[2020.11.19-00.13.47:517][186]LogTemp: Overlapped with danger zone
[2020.11.19-00.13.49:628][439]LogTemp: Overlapped with danger zone
[2020.11.19-00.13.50:150][495]LogSlate: Updating window title bar state: overlay mode, drag disabled, window buttons hidden, title bar hidden
[2020.11.19-00.13.50:150][495]LogWorld: BeginTearingDown for /Game/ThirdPersonCPP/Maps/UEDPIE_0_ThirdPersonExampleMap
[2020.11.19-00.13.50:150][495]LogWorld: UWorld::CleanupWorld for ThirdPersonExampleMap, bSessionEnded=true, bCleanupResources=true
[2020.11.19-00.13.50:151][495]LogSlate: InvalidateAllWidgets triggered.  All widgets were invalidated
[2020.11.19-00.13.50:161][495]LogPlayLevel: Display: Shutting down PIE online subsystems
[2020.11.19-00.13.50:163][495]LogSlate: InvalidateAllWidgets triggered.  All widgets were invalidated
[2020.11.19-00.13.50:174][495]LogSlate: Updating window title bar state: overlay mode, drag disabled, window buttons hidden, title bar hidden
[2020.11.19-00.13.50:200][495]LogAISub: UAISubsystem::~UAISubsystem EnvQueryManager (000001A51E024C00), frame # 1495
[2020.11.19-00.13.50:201][495]LogAISub: UAISubsystem::~UAISubsystem AIPerceptionSystem (000001A51E01AE80), frame # 1495
[2020.11.19-00.13.50:201][495]LogUObjectHash: Compacting FUObjectHashTables data took   0.59ms
[2020.11.19-00.13.50:236][496]LogPlayLevel: Display: Destroying online subsystem :Context_1
[2020.11.19-00.13.52:223][732]LogEditorViewport: Clicking on Actor (LMB): DetectionZone (DetectionZone1)
[2020.11.19-00.13.54:463][995]Cmd: DELETE
[2020.11.19-00.13.54:463][995]Cmd: ACTOR DELETE
[2020.11.19-00.13.54:478][995]LogEditorActor: Deleted Actor: DetectionZone
[2020.11.19-00.13.54:489][995]LogUObjectHash: Compacting FUObjectHashTables data took   0.55ms
[2020.11.19-00.13.54:491][995]LogEditorActor: Deleted 1 Actors (0.019 secs)
[2020.11.19-00.23.25:254][662]LogSlate: Took 0.000166 seconds to synchronously load lazily loaded font '../../../Engine/Content/Slate/Fonts/Roboto-Light.ttf' (167K)
[2020.11.19-00.23.26:598][662]LogAssetEditorSubsystem: Opening Asset editor for World /Game/PolygonTown/Maps/Demonstration.Demonstration
[2020.11.19-00.23.26:636][662]LogUObjectHash: Compacting FUObjectHashTables data took   1.51ms
[2020.11.19-00.23.27:651][662]LogSlate: Window 'Save Content' being destroyed
[2020.11.19-00.23.27:655][662]Cmd: MAP LOAD FILE="E:/Documents/Uni Projects/Game Jam/-raisethegamejam-2020/RaiseTheGameJame2020/Content/PolygonTown/Maps/Demonstration.umap" TEMPLATE=0 SHOWPROGRESS=1 FEATURELEVEL=3
[2020.11.19-00.23.27:656][662]LightingResults: New page: Lighting Build
[2020.11.19-00.23.27:656][662]LoadErrors: New page: Loading map: Demonstration.umap
[2020.11.19-00.23.27:688][662]LogWorld: UWorld::CleanupWorld for ThirdPersonExampleMap, bSessionEnded=true, bCleanupResources=true
[2020.11.19-00.23.27:688][662]LogSlate: InvalidateAllWidgets triggered.  All widgets were invalidated
[2020.11.19-00.23.27:688][662]MapCheck: New page: Map Check
[2020.11.19-00.23.27:688][662]LightingResults: New page: Lighting Build
[2020.11.19-00.23.27:701][662]LogAISub: UAISubsystem::~UAISubsystem EnvQueryManager (000001A55F9A8E00), frame # 4662
[2020.11.19-00.23.27:701][662]LogAISub: UAISubsystem::~UAISubsystem AIPerceptionSystem (000001A56BD85D00), frame # 4662
[2020.11.19-00.23.27:703][662]LogUObjectHash: Compacting FUObjectHashTables data took   1.19ms
[2020.11.19-00.23.28:172][662]LogEditorServer: Finished looking for orphan Actors (0.000 secs)
[2020.11.19-00.23.28:173][662]LogAIModule: Creating AISystem for world Demonstration
[2020.11.19-00.23.28:173][662]LogAISub: UAISubsystem::UAISubsystem EnvQueryManager (000001A51C31C400), frame # 4662
[2020.11.19-00.23.28:173][662]LogAISub: UAISubsystem::UAISubsystem AIPerceptionSystem (000001A515EBA200), frame # 4662
[2020.11.19-00.23.28:208][662]LogUObjectHash: Compacting FUObjectHashTables data took   0.79ms
[2020.11.19-00.23.28:234][662]Cmd: MAP CHECKDEP NOCLEARLOG
[2020.11.19-00.23.28:234][662]MapCheck: Map check complete: 0 Error(s), 0 Warning(s), took 0.682ms to complete.
[2020.11.19-00.23.28:235][662]LogFileHelpers: Loading map 'Demonstration' took 0.580
[2020.11.19-00.24.00:603][873]LogTemp: Repeating last play command: Selected Viewport
[2020.11.19-00.24.00:618][873]LogPlayLevel: PlayLevel: No blueprints needed recompiling
[2020.11.19-00.24.00:618][873]PIE: New page: PIE session: Demonstration (19 Nov 2020, 00:24:00)
[2020.11.19-00.24.00:618][873]LogPlayLevel: Creating play world package: /Game/PolygonTown/Maps/UEDPIE_0_Demonstration
[2020.11.19-00.24.00:800][873]LogPlayLevel: PIE: StaticDuplicateObject took: (0.181978s)
[2020.11.19-00.24.00:803][873]LogAIModule: Creating AISystem for world Demonstration
[2020.11.19-00.24.00:803][873]LogAISub: UAISubsystem::UAISubsystem EnvQueryManager (000001A520CA3E00), frame # 6873
[2020.11.19-00.24.00:803][873]LogAISub: UAISubsystem::UAISubsystem AIPerceptionSystem (000001A5210FAD40), frame # 6873
[2020.11.19-00.24.00:804][873]LogPlayLevel: PIE: World Init took: (0.003342s)
[2020.11.19-00.24.00:805][873]LogPlayLevel: PIE: Created PIE world by copying editor world from /Game/PolygonTown/Maps/Demonstration.Demonstration to /Game/PolygonTown/Maps/UEDPIE_0_Demonstration.Demonstration (0.186353s)
[2020.11.19-00.24.00:817][873]LogUObjectHash: Compacting FUObjectHashTables data took   0.91ms
[2020.11.19-00.24.00:821][873]LogAudioMixer: Display: Audio Mixer Platform Settings:
[2020.11.19-00.24.00:821][873]LogAudioMixer: Display: 	Sample Rate:						  48000
[2020.11.19-00.24.00:821][873]LogAudioMixer: Display: 	Callback Buffer Frame Size Requested: 1024
[2020.11.19-00.24.00:821][873]LogAudioMixer: Display: 	Callback Buffer Frame Size To Use:	  1024
[2020.11.19-00.24.00:821][873]LogAudioMixer: Display: 	Number of buffers to queue:			  2
[2020.11.19-00.24.00:821][873]LogAudioMixer: Display: 	Max Channels (voices):				  32
[2020.11.19-00.24.00:821][873]LogAudioMixer: Display: 	Number of Async Source Workers:		  0
[2020.11.19-00.24.00:821][873]LogAudio: Display: AudioDevice MaxSources: 32
[2020.11.19-00.24.00:822][873]LogAudio: Display: Using built-in audio occlusion.
[2020.11.19-00.24.00:822][873]LogAudioMixer: Display: Initializing audio mixer.
[2020.11.19-00.24.00:828][873]LogAudioMixer: Display: 0: FrontLeft
[2020.11.19-00.24.00:829][873]LogAudioMixer: Display: 1: FrontRight
[2020.11.19-00.24.00:871][873]LogAudioMixer: Display: Using Audio Device Speakers (AudioQuest Dragonfly Black)
[2020.11.19-00.24.00:871][873]LogAudioMixer: Display: Initializing Sound Submixes...
[2020.11.19-00.24.00:871][873]LogAudioMixer: Display: Creating Master Submix 'MasterSubmixDefault'
[2020.11.19-00.24.00:871][873]LogAudioMixer: Display: Creating Master Submix 'MasterReverbSubmixDefault'
[2020.11.19-00.24.00:872][873]LogAudioMixer: Display: Creating Master Submix 'MasterEQSubmixDefault'
[2020.11.19-00.24.00:884][873]LogInit: FAudioDevice initialized.
[2020.11.19-00.24.00:892][873]LogLoad: Game class is 'RaiseTheGameJame2020GameMode'
[2020.11.19-00.24.01:002][873]LogWorld: Bringing World /Game/PolygonTown/Maps/UEDPIE_0_Demonstration.Demonstration up for play (max tick rate 0) at 2020.11.19-00.24.01
[2020.11.19-00.24.01:004][873]LogWorld: Bringing up level for play took: 0.110983
[2020.11.19-00.24.01:004][873]LogOnline: OSS: Creating online subsystem instance for: :Context_2
[2020.11.19-00.24.01:012][873]PIE: Server logged in
[2020.11.19-00.24.01:013][873]PIE: Play in editor total start time 0.396 seconds.
[2020.11.19-00.24.06:181][478]LogTemp: Overlapped with danger zone
[2020.11.19-00.24.11:514][115]LogSlate: Updating window title bar state: overlay mode, drag disabled, window buttons hidden, title bar hidden
[2020.11.19-00.24.11:514][115]LogWorld: BeginTearingDown for /Game/PolygonTown/Maps/UEDPIE_0_Demonstration
[2020.11.19-00.24.11:516][115]LogWorld: UWorld::CleanupWorld for Demonstration, bSessionEnded=true, bCleanupResources=true
[2020.11.19-00.24.11:532][115]LogSlate: InvalidateAllWidgets triggered.  All widgets were invalidated
[2020.11.19-00.24.11:545][115]LogPlayLevel: Display: Shutting down PIE online subsystems
[2020.11.19-00.24.11:549][115]LogSlate: InvalidateAllWidgets triggered.  All widgets were invalidated
[2020.11.19-00.24.11:596][115]LogSlate: Updating window title bar state: overlay mode, drag disabled, window buttons hidden, title bar hidden
[2020.11.19-00.24.11:612][115]LogAISub: UAISubsystem::~UAISubsystem EnvQueryManager (000001A520CA3E00), frame # 8115
[2020.11.19-00.24.11:612][115]LogAISub: UAISubsystem::~UAISubsystem AIPerceptionSystem (000001A5210FAD40), frame # 8115
[2020.11.19-00.24.11:619][115]LogUObjectHash: Compacting FUObjectHashTables data took   1.37ms
[2020.11.19-00.24.11:660][116]LogPlayLevel: Display: Destroying online subsystem :Context_2
[2020.11.19-00.25.12:553][435]LogTemp: Repeating last play command: Selected Viewport
[2020.11.19-00.25.12:570][435]LogPlayLevel: PlayLevel: No blueprints needed recompiling
[2020.11.19-00.25.12:570][435]PIE: New page: PIE session: Demonstration (19 Nov 2020, 00:25:12)
[2020.11.19-00.25.12:605][435]LogPlayLevel: Creating play world package: /Game/PolygonTown/Maps/UEDPIE_0_Demonstration
[2020.11.19-00.25.12:775][435]LogPlayLevel: PIE: StaticDuplicateObject took: (0.169183s)
[2020.11.19-00.25.12:776][435]LogAIModule: Creating AISystem for world Demonstration
[2020.11.19-00.25.12:776][435]LogAISub: UAISubsystem::UAISubsystem EnvQueryManager (000001A5238FBE00), frame # 8435
[2020.11.19-00.25.12:776][435]LogAISub: UAISubsystem::UAISubsystem AIPerceptionSystem (000001A57A3E4400), frame # 8435
[2020.11.19-00.25.12:777][435]LogPlayLevel: PIE: World Init took: (0.002039s)
[2020.11.19-00.25.12:777][435]LogPlayLevel: PIE: Created PIE world by copying editor world from /Game/PolygonTown/Maps/Demonstration.Demonstration to /Game/PolygonTown/Maps/UEDPIE_0_Demonstration.Demonstration (0.171990s)
[2020.11.19-00.25.12:790][435]LogUObjectHash: Compacting FUObjectHashTables data took   0.88ms
[2020.11.19-00.25.12:793][435]LogAudioMixer: Display: Audio Mixer Platform Settings:
[2020.11.19-00.25.12:793][435]LogAudioMixer: Display: 	Sample Rate:						  48000
[2020.11.19-00.25.12:793][435]LogAudioMixer: Display: 	Callback Buffer Frame Size Requested: 1024
[2020.11.19-00.25.12:793][435]LogAudioMixer: Display: 	Callback Buffer Frame Size To Use:	  1024
[2020.11.19-00.25.12:794][435]LogAudioMixer: Display: 	Number of buffers to queue:			  2
[2020.11.19-00.25.12:794][435]LogAudioMixer: Display: 	Max Channels (voices):				  32
[2020.11.19-00.25.12:794][435]LogAudioMixer: Display: 	Number of Async Source Workers:		  0
[2020.11.19-00.25.12:794][435]LogAudio: Display: AudioDevice MaxSources: 32
[2020.11.19-00.25.12:794][435]LogAudio: Display: Using built-in audio occlusion.
[2020.11.19-00.25.12:794][435]LogAudioMixer: Display: Initializing audio mixer.
[2020.11.19-00.25.12:802][435]LogAudioMixer: Display: 0: FrontLeft
[2020.11.19-00.25.12:802][435]LogAudioMixer: Display: 1: FrontRight
[2020.11.19-00.25.12:844][435]LogAudioMixer: Display: Using Audio Device Speakers (AudioQuest Dragonfly Black)
[2020.11.19-00.25.12:845][435]LogAudioMixer: Display: Initializing Sound Submixes...
[2020.11.19-00.25.12:845][435]LogAudioMixer: Display: Creating Master Submix 'MasterSubmixDefault'
[2020.11.19-00.25.12:845][435]LogAudioMixer: Display: Creating Master Submix 'MasterReverbSubmixDefault'
[2020.11.19-00.25.12:845][435]LogAudioMixer: Display: Creating Master Submix 'MasterEQSubmixDefault'
[2020.11.19-00.25.12:858][435]LogInit: FAudioDevice initialized.
[2020.11.19-00.25.12:869][435]LogLoad: Game class is 'RaiseTheGameJame2020GameMode'
[2020.11.19-00.25.12:971][435]LogWorld: Bringing World /Game/PolygonTown/Maps/UEDPIE_0_Demonstration.Demonstration up for play (max tick rate 0) at 2020.11.19-00.25.12
[2020.11.19-00.25.12:973][435]LogWorld: Bringing up level for play took: 0.103047
[2020.11.19-00.25.12:974][435]LogOnline: OSS: Creating online subsystem instance for: :Context_3
[2020.11.19-00.25.12:981][435]PIE: Server logged in
[2020.11.19-00.25.12:982][435]PIE: Play in editor total start time 0.413 seconds.
[2020.11.19-00.25.19:576][211]LogSlate: Updating window title bar state: overlay mode, drag disabled, window buttons hidden, title bar hidden
[2020.11.19-00.25.19:577][211]LogWorld: BeginTearingDown for /Game/PolygonTown/Maps/UEDPIE_0_Demonstration
[2020.11.19-00.25.19:579][211]LogWorld: UWorld::CleanupWorld for Demonstration, bSessionEnded=true, bCleanupResources=true
[2020.11.19-00.25.19:596][211]LogSlate: InvalidateAllWidgets triggered.  All widgets were invalidated
[2020.11.19-00.25.19:607][211]LogPlayLevel: Display: Shutting down PIE online subsystems
[2020.11.19-00.25.19:613][211]LogSlate: InvalidateAllWidgets triggered.  All widgets were invalidated
[2020.11.19-00.25.19:662][211]LogSlate: Updating window title bar state: overlay mode, drag disabled, window buttons hidden, title bar hidden
[2020.11.19-00.25.19:667][211]LogAISub: UAISubsystem::~UAISubsystem AIPerceptionSystem (000001A57A3E4400), frame # 9211
[2020.11.19-00.25.19:668][211]LogAISub: UAISubsystem::~UAISubsystem EnvQueryManager (000001A5238FBE00), frame # 9211
[2020.11.19-00.25.19:678][211]LogUObjectHash: Compacting FUObjectHashTables data took   0.89ms
[2020.11.19-00.25.19:720][212]LogPlayLevel: Display: Destroying online subsystem :Context_3
[2020.11.19-00.25.28:738][289]LogTemp: Repeating last play command: Selected Viewport
[2020.11.19-00.25.28:753][289]LogPlayLevel: PlayLevel: No blueprints needed recompiling
[2020.11.19-00.25.28:754][289]PIE: New page: PIE session: Demonstration (19 Nov 2020, 00:25:28)
[2020.11.19-00.25.28:776][289]LogPlayLevel: Creating play world package: /Game/PolygonTown/Maps/UEDPIE_0_Demonstration
[2020.11.19-00.25.28:942][289]LogPlayLevel: PIE: StaticDuplicateObject took: (0.165949s)
[2020.11.19-00.25.28:943][289]LogAIModule: Creating AISystem for world Demonstration
[2020.11.19-00.25.28:943][289]LogAISub: UAISubsystem::UAISubsystem EnvQueryManager (000001A519278E00), frame # 10289
[2020.11.19-00.25.28:943][289]LogAISub: UAISubsystem::UAISubsystem AIPerceptionSystem (000001A51343E0C0), frame # 10289
[2020.11.19-00.25.28:944][289]LogPlayLevel: PIE: World Init took: (0.001863s)
[2020.11.19-00.25.28:944][289]LogPlayLevel: PIE: Created PIE world by copying editor world from /Game/PolygonTown/Maps/Demonstration.Demonstration to /Game/PolygonTown/Maps/UEDPIE_0_Demonstration.Demonstration (0.168619s)
[2020.11.19-00.25.28:957][289]LogUObjectHash: Compacting FUObjectHashTables data took   0.91ms
[2020.11.19-00.25.28:959][289]LogAudioMixer: Display: Audio Mixer Platform Settings:
[2020.11.19-00.25.28:959][289]LogAudioMixer: Display: 	Sample Rate:						  48000
[2020.11.19-00.25.28:959][289]LogAudioMixer: Display: 	Callback Buffer Frame Size Requested: 1024
[2020.11.19-00.25.28:959][289]LogAudioMixer: Display: 	Callback Buffer Frame Size To Use:	  1024
[2020.11.19-00.25.28:959][289]LogAudioMixer: Display: 	Number of buffers to queue:			  2
[2020.11.19-00.25.28:960][289]LogAudioMixer: Display: 	Max Channels (voices):				  32
[2020.11.19-00.25.28:960][289]LogAudioMixer: Display: 	Number of Async Source Workers:		  0
[2020.11.19-00.25.28:960][289]LogAudio: Display: AudioDevice MaxSources: 32
[2020.11.19-00.25.28:960][289]LogAudio: Display: Using built-in audio occlusion.
[2020.11.19-00.25.28:960][289]LogAudioMixer: Display: Initializing audio mixer.
[2020.11.19-00.25.28:966][289]LogAudioMixer: Display: 0: FrontLeft
[2020.11.19-00.25.28:966][289]LogAudioMixer: Display: 1: FrontRight
[2020.11.19-00.25.29:006][289]LogAudioMixer: Display: Using Audio Device Speakers (AudioQuest Dragonfly Black)
[2020.11.19-00.25.29:007][289]LogAudioMixer: Display: Initializing Sound Submixes...
[2020.11.19-00.25.29:007][289]LogAudioMixer: Display: Creating Master Submix 'MasterSubmixDefault'
[2020.11.19-00.25.29:007][289]LogAudioMixer: Display: Creating Master Submix 'MasterReverbSubmixDefault'
[2020.11.19-00.25.29:007][289]LogAudioMixer: Display: Creating Master Submix 'MasterEQSubmixDefault'
[2020.11.19-00.25.29:020][289]LogInit: FAudioDevice initialized.
[2020.11.19-00.25.29:033][289]LogLoad: Game class is 'RaiseTheGameJame2020GameMode'
[2020.11.19-00.25.29:134][289]LogWorld: Bringing World /Game/PolygonTown/Maps/UEDPIE_0_Demonstration.Demonstration up for play (max tick rate 0) at 2020.11.19-00.25.29
[2020.11.19-00.25.29:136][289]LogWorld: Bringing up level for play took: 0.102279
[2020.11.19-00.25.29:136][289]LogOnline: OSS: Creating online subsystem instance for: :Context_4
[2020.11.19-00.25.29:144][289]PIE: Server logged in
[2020.11.19-00.25.29:145][289]PIE: Play in editor total start time 0.392 seconds.
[2020.11.19-00.25.37:686][297]LogSlate: Updating window title bar state: overlay mode, drag disabled, window buttons hidden, title bar hidden
[2020.11.19-00.25.37:686][297]LogWorld: BeginTearingDown for /Game/PolygonTown/Maps/UEDPIE_0_Demonstration
[2020.11.19-00.25.37:688][297]LogWorld: UWorld::CleanupWorld for Demonstration, bSessionEnded=true, bCleanupResources=true
[2020.11.19-00.25.37:704][297]LogSlate: InvalidateAllWidgets triggered.  All widgets were invalidated
[2020.11.19-00.25.37:721][297]LogPlayLevel: Display: Shutting down PIE online subsystems
[2020.11.19-00.25.37:725][297]LogSlate: InvalidateAllWidgets triggered.  All widgets were invalidated
[2020.11.19-00.25.37:742][297]LogSlate: Updating window title bar state: overlay mode, drag disabled, window buttons hidden, title bar hidden
[2020.11.19-00.25.37:779][297]LogAISub: UAISubsystem::~UAISubsystem AIPerceptionSystem (000001A51343E0C0), frame # 11297
[2020.11.19-00.25.37:780][297]LogAISub: UAISubsystem::~UAISubsystem EnvQueryManager (000001A519278E00), frame # 11297
[2020.11.19-00.25.37:791][297]LogUObjectHash: Compacting FUObjectHashTables data took   0.91ms
[2020.11.19-00.25.37:834][298]LogPlayLevel: Display: Destroying online subsystem :Context_4
[2020.11.19-00.25.44:625][101]LogActorFactory: Actor Factory created Cube
[2020.11.19-00.25.45:818][206]LogActorFactory: Actor Factory created Cube
[2020.11.19-00.26.17:435][824]LogTemp: Repeating last play command: Selected Viewport
[2020.11.19-00.26.17:450][824]LogPlayLevel: PlayLevel: No blueprints needed recompiling
[2020.11.19-00.26.17:450][824]PIE: New page: PIE session: Demonstration (19 Nov 2020, 00:26:17)
[2020.11.19-00.26.17:478][824]LogPlayLevel: Creating play world package: /Game/PolygonTown/Maps/UEDPIE_0_Demonstration
[2020.11.19-00.26.17:640][824]LogPlayLevel: PIE: StaticDuplicateObject took: (0.161970s)
[2020.11.19-00.26.17:641][824]LogAIModule: Creating AISystem for world Demonstration
[2020.11.19-00.26.17:641][824]LogAISub: UAISubsystem::UAISubsystem EnvQueryManager (000001A57A2BCE00), frame # 15824
[2020.11.19-00.26.17:641][824]LogAISub: UAISubsystem::UAISubsystem AIPerceptionSystem (000001A598C3A980), frame # 15824
[2020.11.19-00.26.17:642][824]LogPlayLevel: PIE: World Init took: (0.001857s)
[2020.11.19-00.26.17:642][824]LogPlayLevel: PIE: Created PIE world by copying editor world from /Game/PolygonTown/Maps/Demonstration.Demonstration to /Game/PolygonTown/Maps/UEDPIE_0_Demonstration.Demonstration (0.164528s)
[2020.11.19-00.26.17:655][824]LogUObjectHash: Compacting FUObjectHashTables data took   1.44ms
[2020.11.19-00.26.17:658][824]LogAudioMixer: Display: Audio Mixer Platform Settings:
[2020.11.19-00.26.17:658][824]LogAudioMixer: Display: 	Sample Rate:						  48000
[2020.11.19-00.26.17:658][824]LogAudioMixer: Display: 	Callback Buffer Frame Size Requested: 1024
[2020.11.19-00.26.17:658][824]LogAudioMixer: Display: 	Callback Buffer Frame Size To Use:	  1024
[2020.11.19-00.26.17:658][824]LogAudioMixer: Display: 	Number of buffers to queue:			  2
[2020.11.19-00.26.17:659][824]LogAudioMixer: Display: 	Max Channels (voices):				  32
[2020.11.19-00.26.17:659][824]LogAudioMixer: Display: 	Number of Async Source Workers:		  0
[2020.11.19-00.26.17:659][824]LogAudio: Display: AudioDevice MaxSources: 32
[2020.11.19-00.26.17:659][824]LogAudio: Display: Using built-in audio occlusion.
[2020.11.19-00.26.17:659][824]LogAudioMixer: Display: Initializing audio mixer.
[2020.11.19-00.26.17:665][824]LogAudioMixer: Display: 0: FrontLeft
[2020.11.19-00.26.17:665][824]LogAudioMixer: Display: 1: FrontRight
[2020.11.19-00.26.17:706][824]LogAudioMixer: Display: Using Audio Device Speakers (AudioQuest Dragonfly Black)
[2020.11.19-00.26.17:706][824]LogAudioMixer: Display: Initializing Sound Submixes...
[2020.11.19-00.26.17:706][824]LogAudioMixer: Display: Creating Master Submix 'MasterSubmixDefault'
[2020.11.19-00.26.17:706][824]LogAudioMixer: Display: Creating Master Submix 'MasterReverbSubmixDefault'
[2020.11.19-00.26.17:707][824]LogAudioMixer: Display: Creating Master Submix 'MasterEQSubmixDefault'
[2020.11.19-00.26.17:719][824]LogInit: FAudioDevice initialized.
[2020.11.19-00.26.17:730][824]LogLoad: Game class is 'RaiseTheGameJame2020GameMode'
[2020.11.19-00.26.17:830][824]LogWorld: Bringing World /Game/PolygonTown/Maps/UEDPIE_0_Demonstration.Demonstration up for play (max tick rate 0) at 2020.11.19-00.26.17
[2020.11.19-00.26.17:832][824]LogWorld: Bringing up level for play took: 0.101237
[2020.11.19-00.26.17:832][824]LogOnline: OSS: Creating online subsystem instance for: :Context_7
[2020.11.19-00.26.17:839][824]PIE: Server logged in
[2020.11.19-00.26.17:840][824]PIE: Play in editor total start time 0.391 seconds.
[2020.11.19-00.26.22:204][334]LogTemp: Overlapped with danger zone
[2020.11.19-00.26.24:505][610]LogTemp: Overlapped with danger zone
[2020.11.19-00.26.28:179][ 48]LogSlate: Updating window title bar state: overlay mode, drag disabled, window buttons hidden, title bar hidden
[2020.11.19-00.26.28:179][ 48]LogWorld: BeginTearingDown for /Game/PolygonTown/Maps/UEDPIE_0_Demonstration
[2020.11.19-00.26.28:181][ 48]LogWorld: UWorld::CleanupWorld for Demonstration, bSessionEnded=true, bCleanupResources=true
[2020.11.19-00.26.28:198][ 48]LogSlate: InvalidateAllWidgets triggered.  All widgets were invalidated
[2020.11.19-00.26.28:212][ 48]LogPlayLevel: Display: Shutting down PIE online subsystems
[2020.11.19-00.26.28:217][ 48]LogSlate: InvalidateAllWidgets triggered.  All widgets were invalidated
[2020.11.19-00.26.28:266][ 48]LogSlate: Updating window title bar state: overlay mode, drag disabled, window buttons hidden, title bar hidden
[2020.11.19-00.26.28:271][ 48]LogAISub: UAISubsystem::~UAISubsystem EnvQueryManager (000001A57A2BCE00), frame # 17048
[2020.11.19-00.26.28:280][ 48]LogAISub: UAISubsystem::~UAISubsystem AIPerceptionSystem (000001A598C3A980), frame # 17048
[2020.11.19-00.26.28:282][ 48]LogUObjectHash: Compacting FUObjectHashTables data took   1.33ms
[2020.11.19-00.26.28:326][ 49]LogPlayLevel: Display: Destroying online subsystem :Context_7
