Log file open, 11/18/20 23:35:48
LogInit: Display: Running engine for game: RaiseTheGameJame2020
LogPlatformFile: Not using cached read wrapper
LogTaskGraph: Started task graph with 5 named threads and 23 total threads with 3 sets of task threads.
LogStats: Stats thread started at 39.266097
LogD3D11RHI: Loaded GFSDK_Aftermath_Lib.x64.dll
LogICUInternationalization: ICU TimeZone Detection - Raw Offset: +0:00, Platform Override: ''
LogPluginManager: Mounting plugin Paper2D
LogPluginManager: Mounting plugin AISupport
LogPluginManager: Mounting plugin LightPropagationVolume
LogPluginManager: Mounting plugin CameraShakePreviewer
LogPluginManager: Mounting plugin ActorLayerUtilities
LogPluginManager: Mounting plugin AnimationSharing
LogPluginManager: Mounting plugin CLionSourceCodeAccess
LogPluginManager: Mounting plugin CodeLiteSourceCodeAccess
LogPluginManager: Mounting plugin GitSourceControl
LogPluginManager: Mounting plugin KDevelopSourceCodeAccess
LogPluginManager: Mounting plugin NullSourceCodeAccess
LogPluginManager: Mounting plugin PerforceSourceControl
LogPluginManager: Mounting plugin PlasticSourceControl
LogPluginManager: Mounting plugin RiderSourceCodeAccess
LogPluginManager: Mounting plugin SubversionSourceControl
LogPluginManager: Mounting plugin UObjectPlugin
LogPluginManager: Mounting plugin VisualStudioCodeSourceCodeAccess
LogPluginManager: Mounting plugin VisualStudioSourceCodeAccess
LogPluginManager: Mounting plugin XCodeSourceCodeAccess
LogPluginManager: Mounting plugin AssetManagerEditor
LogPluginManager: Mounting plugin CryptoKeys
LogPluginManager: Mounting plugin CurveEditorTools
LogPluginManager: Mounting plugin DataValidation
LogPluginManager: Mounting plugin EditorScriptingUtilities
LogPluginManager: Mounting plugin FacialAnimation
LogPluginManager: Mounting plugin GameplayTagsEditor
LogPluginManager: Mounting plugin GeometryMode
LogPluginManager: Mounting plugin MacGraphicsSwitching
LogPluginManager: Mounting plugin MaterialAnalyzer
LogPluginManager: Mounting plugin MobileLauncherProfileWizard
LogPluginManager: Mounting plugin PluginBrowser
LogPluginManager: Mounting plugin SpeedTreeImporter
LogPluginManager: Mounting plugin DatasmithContent
LogPluginManager: Mounting plugin VariantManagerContent
LogPluginManager: Mounting plugin AlembicImporter
LogPluginManager: Mounting plugin AutomationUtils
LogPluginManager: Mounting plugin BackChannel
LogPluginManager: Mounting plugin ChaosCloth
LogPluginManager: Mounting plugin ChaosClothEditor
LogPluginManager: Mounting plugin ChaosEditor
LogPluginManager: Mounting plugin ChaosNiagara
LogPluginManager: Mounting plugin ChaosSolverPlugin
LogPluginManager: Mounting plugin CharacterAI
LogPluginManager: Mounting plugin GeometryCache
LogPluginManager: Mounting plugin GeometryCollectionPlugin
LogPluginManager: Mounting plugin GeometryProcessing
LogPluginManager: Mounting plugin PlanarCut
LogPluginManager: Mounting plugin PlatformCrypto
LogPluginManager: Mounting plugin ProxyLODPlugin
LogPluginManager: Mounting plugin SkeletalReduction
LogPluginManager: Mounting plugin Niagara
LogPluginManager: Mounting plugin MagicLeap
LogPluginManager: Mounting plugin MagicLeapLightEstimation
LogPluginManager: Mounting plugin MagicLeapMedia
LogPluginManager: Mounting plugin MagicLeapPassableWorld
LogPluginManager: Mounting plugin MLSDK
LogPluginManager: Mounting plugin AndroidMedia
LogPluginManager: Mounting plugin AvfMedia
LogPluginManager: Mounting plugin ImgMedia
LogPluginManager: Mounting plugin MediaCompositing
LogPluginManager: Mounting plugin MediaPlayerEditor
LogPluginManager: Mounting plugin WebMMedia
LogPluginManager: Mounting plugin WmfMedia
LogPluginManager: Mounting plugin MeshPainting
LogPluginManager: Mounting plugin TcpMessaging
LogPluginManager: Mounting plugin UdpMessaging
LogPluginManager: Mounting plugin ActorSequence
LogPluginManager: Mounting plugin LevelSequenceEditor
LogPluginManager: Mounting plugin MatineeToLevelSequence
LogPluginManager: Mounting plugin MovieRenderPipeline
LogPluginManager: Mounting plugin TemplateSequence
LogPluginManager: Mounting plugin NetcodeUnitTest
LogPluginManager: Mounting plugin NUTUnrealEngine4
LogPluginManager: Mounting plugin OnlineSubsystemGooglePlay
LogPluginManager: Mounting plugin OnlineSubsystemIOS
LogPluginManager: Mounting plugin OnlineSubsystem
LogPluginManager: Mounting plugin OnlineSubsystemNull
LogPluginManager: Mounting plugin OnlineSubsystemUtils
LogPluginManager: Mounting plugin LauncherChunkInstaller
LogPluginManager: Mounting plugin AndroidDeviceProfileSelector
LogPluginManager: Mounting plugin AndroidMoviePlayer
LogPluginManager: Mounting plugin AndroidPermission
LogPluginManager: Mounting plugin AppleImageUtils
LogPluginManager: Mounting plugin AppleMoviePlayer
LogPluginManager: Mounting plugin ArchVisCharacter
LogPluginManager: Mounting plugin AssetTags
LogPluginManager: Mounting plugin AudioCapture
LogPluginManager: Mounting plugin CableComponent
LogPluginManager: Mounting plugin CustomMeshComponent
LogPluginManager: Mounting plugin EditableMesh
LogPluginManager: Mounting plugin ExampleDeviceProfileSelector
LogPluginManager: Mounting plugin GoogleCloudMessaging
LogPluginManager: Mounting plugin GooglePAD
LogPluginManager: Mounting plugin IOSDeviceProfileSelector
LogPluginManager: Mounting plugin LinuxDeviceProfileSelector
LogPluginManager: Mounting plugin LocationServicesBPLibrary
LogPluginManager: Mounting plugin MobilePatchingUtils
LogPluginManager: Mounting plugin OculusVR
LogPluginManager: Mounting plugin PhysXVehicles
LogPluginManager: Mounting plugin PostSplashScreen
LogPluginManager: Mounting plugin ProceduralMeshComponent
LogPluginManager: Mounting plugin RuntimePhysXCooking
LogPluginManager: Mounting plugin SignificanceManager
LogPluginManager: Mounting plugin SoundFields
LogPluginManager: Mounting plugin SteamVR
LogPluginManager: Mounting plugin Synthesis
LogPluginManager: Mounting plugin WebMMoviePlayer
LogPluginManager: Mounting plugin WindowsMoviePlayer
LogPluginManager: Mounting plugin ScreenshotTools
LogInit: Using libcurl 7.55.1-DEV
LogInit:  - built for x86_64-pc-win32
LogInit:  - supports SSL with OpenSSL/1.1.1
LogInit:  - supports HTTP deflate (compression) using libz 1.2.8
LogInit:  - other features:
LogInit:      CURL_VERSION_SSL
LogInit:      CURL_VERSION_LIBZ
LogInit:      CURL_VERSION_IPV6
LogInit:      CURL_VERSION_ASYNCHDNS
LogInit:      CURL_VERSION_LARGEFILE
LogInit:      CURL_VERSION_IDN
LogInit:  CurlRequestOptions (configurable via config and command line):
LogInit:  - bVerifyPeer = true  - Libcurl will verify peer certificate
LogInit:  - bUseHttpProxy = false  - Libcurl will NOT use HTTP proxy
LogInit:  - bDontReuseConnections = false  - Libcurl will reuse connections
LogInit:  - MaxHostConnections = 16  - Libcurl will limit the number of connections to a host
LogInit:  - LocalHostAddr = Default
LogInit:  - BufferSize = 65536
LogOnline: OSS: Creating online subsystem instance for: NULL
LogInit: WinSock: version 1.1 (2.2), MaxSocks=32767, MaxUdp=65467
LogOnline: OSS: TryLoadSubsystemAndSetDefault: Loaded subsystem for module [NULL]
LogInit: Build: ++UE4+Release-4.25-CL-14469661
LogInit: Engine Version: 4.25.4-14469661+++UE4+Release-4.25
LogInit: Compatible Engine Version: 4.25.0-13144385+++UE4+Release-4.25
LogInit: Net CL: 13144385
LogInit: OS: Windows 10 (Release 2004) (), CPU: Intel(R) Core(TM) i7-6700K CPU @ 4.00GHz, GPU: NVIDIA GeForce GTX 1060 6GB
LogInit: Compiled (64-bit): Oct 11 2020 08:10:49
LogInit: Compiled with Visual C++: 19.24.28315.00
LogInit: Build Configuration: Development
LogInit: Branch Name: ++UE4+Release-4.25
LogInit: Command Line:  -skipcompile
LogInit: Base Directory: D:/Program Files/Epic Games/UE_4.25/Engine/Binaries/Win64/
LogInit: Allocator: TBB
LogInit: Installed Engine Build: 1
LogDevObjectVersion: Number of dev versions registered: 26
LogDevObjectVersion:   Dev-Blueprints (B0D832E4-1F89-4F0D-ACCF-7EB736FD4AA2): 10
LogDevObjectVersion:   Dev-Build (E1C64328-A22C-4D53-A36C-8E866417BD8C): 0
LogDevObjectVersion:   Dev-Core (375EC13C-06E4-48FB-B500-84F0262A717E): 4
LogDevObjectVersion:   Dev-Editor (E4B068ED-F494-42E9-A231-DA0B2E46BB41): 38
LogDevObjectVersion:   Dev-Framework (CFFC743F-43B0-4480-9391-14DF171D2073): 37
LogDevObjectVersion:   Dev-Mobile (B02B49B5-BB20-44E9-A304-32B752E40360): 2
LogDevObjectVersion:   Dev-Networking (A4E4105C-59A1-49B5-A7C5-40C4547EDFEE): 0
LogDevObjectVersion:   Dev-Online (39C831C9-5AE6-47DC-9A44-9C173E1C8E7C): 0
LogDevObjectVersion:   Dev-Physics (78F01B33-EBEA-4F98-B9B4-84EACCB95AA2): 4
LogDevObjectVersion:   Dev-Platform (6631380F-2D4D-43E0-8009-CF276956A95A): 0
LogDevObjectVersion:   Dev-Rendering (12F88B9F-8875-4AFC-A67C-D90C383ABD29): 43
LogDevObjectVersion:   Dev-Sequencer (7B5AE74C-D270-4C10-A958-57980B212A5A): 12
LogDevObjectVersion:   Dev-VR (D7296918-1DD6-4BDD-9DE2-64A83CC13884): 3
LogDevObjectVersion:   Dev-LoadTimes (C2A15278-BFE7-4AFE-6C17-90FF531DF755): 1
LogDevObjectVersion:   Private-Geometry (6EACA3D4-40EC-4CC1-B786-8BED09428FC5): 3
LogDevObjectVersion:   Dev-AnimPhys (29E575DD-E0A3-4627-9D10-D276232CDCEA): 17
LogDevObjectVersion:   Dev-Anim (AF43A65D-7FD3-4947-9873-3E8ED9C1BB05): 7
LogDevObjectVersion:   Dev-ReflectionCapture (6B266CEC-1EC7-4B8F-A30B-E4D90942FC07): 1
LogDevObjectVersion:   Dev-Automation (0DF73D61-A23F-47EA-B727-89E90C41499A): 1
LogDevObjectVersion:   FortniteMain (601D1886-AC64-4F84-AA16-D3DE0DEAC7D6): 31
LogDevObjectVersion:   Dev-Enterprise (9DFFBCD6-494F-0158-E221-12823C92A888): 10
LogDevObjectVersion:   Dev-Niagara (F2AED0AC-9AFE-416F-8664-AA7FFA26D6FC): 1
LogDevObjectVersion:   Dev-Destruction (174F1F0B-B4C6-45A5-B13F-2EE8D0FB917D): 10
LogDevObjectVersion:   Dev-Physics-Ext (35F94A83-E258-406C-A318-09F59610247C): 37
LogDevObjectVersion:   Dev-PhysicsMaterial-Chaos (B68FC16E-8B1B-42E2-B453-215C058844FE): 1
LogDevObjectVersion:   Dev-CineCamera (B2E18506-4273-CFC2-A54E-F4BB758BBA07): 1
LogInit: Presizing for max 25165824 objects, including 0 objects not considered by GC, pre-allocating 0 bytes for permanent pool.
LogConfig: Applying CVar settings from Section [/Script/Engine.StreamingSettings] File [E:/Projects/Personal Projects/-raisethegamejam-2020/RaiseTheGameJame2020/Saved/Config/Windows/Engine.ini]
LogConfig: Setting CVar [[s.MinBulkDataSizeForAsyncLoading:131072]]
LogConfig: Setting CVar [[s.AsyncLoadingThreadEnabled:0]]
LogConfig: Setting CVar [[s.EventDrivenLoaderEnabled:1]]
LogConfig: Setting CVar [[s.WarnIfTimeLimitExceeded:0]]
LogConfig: Setting CVar [[s.TimeLimitExceededMultiplier:1.5]]
LogConfig: Setting CVar [[s.TimeLimitExceededMinTime:0.005]]
LogConfig: Setting CVar [[s.UseBackgroundLevelStreaming:1]]
LogConfig: Setting CVar [[s.PriorityAsyncLoadingExtraTime:15.0]]
LogConfig: Setting CVar [[s.LevelStreamingActorsUpdateTimeLimit:5.0]]
LogConfig: Setting CVar [[s.PriorityLevelStreamingActorsUpdateExtraTime:5.0]]
LogConfig: Setting CVar [[s.LevelStreamingComponentsRegistrationGranularity:10]]
LogConfig: Setting CVar [[s.UnregisterComponentsTimeLimit:1.0]]
LogConfig: Setting CVar [[s.LevelStreamingComponentsUnregistrationGranularity:5]]
LogConfig: Setting CVar [[s.FlushStreamingOnExit:1]]
LogInit: Object subsystem initialized
LogConfig: Setting CVar [[con.DebugEarlyDefault:1]]
LogConfig: Setting CVar [[r.setres:1280x720]]
[2020.11.18-23.36.10:214][  0]LogConfig: Setting CVar [[r.VSync:0]]
[2020.11.18-23.36.10:214][  0]LogConfig: Setting CVar [[r.RHICmdBypass:0]]
[2020.11.18-23.36.10:214][  0]LogConfig: Applying CVar settings from Section [/Script/Engine.RendererSettings] File [E:/Projects/Personal Projects/-raisethegamejam-2020/RaiseTheGameJame2020/Saved/Config/Windows/Engine.ini]
[2020.11.18-23.36.10:214][  0]LogConfig: Setting CVar [[r.GPUCrashDebugging:0]]
[2020.11.18-23.36.10:214][  0]LogConfig: Applying CVar settings from Section [/Script/Engine.RendererOverrideSettings] File [E:/Projects/Personal Projects/-raisethegamejam-2020/RaiseTheGameJame2020/Saved/Config/Windows/Engine.ini]
[2020.11.18-23.36.10:215][  0]LogConfig: Applying CVar settings from Section [/Script/Engine.StreamingSettings] File [E:/Projects/Personal Projects/-raisethegamejam-2020/RaiseTheGameJame2020/Saved/Config/Windows/Engine.ini]
[2020.11.18-23.36.10:215][  0]LogConfig: Setting CVar [[s.MinBulkDataSizeForAsyncLoading:131072]]
[2020.11.18-23.36.10:215][  0]LogConfig: Setting CVar [[s.AsyncLoadingThreadEnabled:0]]
[2020.11.18-23.36.10:215][  0]LogConfig: Setting CVar [[s.EventDrivenLoaderEnabled:1]]
[2020.11.18-23.36.10:215][  0]LogConfig: Setting CVar [[s.WarnIfTimeLimitExceeded:0]]
[2020.11.18-23.36.10:215][  0]LogConfig: Setting CVar [[s.TimeLimitExceededMultiplier:1.5]]
[2020.11.18-23.36.10:215][  0]LogConfig: Setting CVar [[s.TimeLimitExceededMinTime:0.005]]
[2020.11.18-23.36.10:215][  0]LogConfig: Setting CVar [[s.UseBackgroundLevelStreaming:1]]
[2020.11.18-23.36.10:215][  0]LogConfig: Setting CVar [[s.PriorityAsyncLoadingExtraTime:15.0]]
[2020.11.18-23.36.10:215][  0]LogConfig: Setting CVar [[s.LevelStreamingActorsUpdateTimeLimit:5.0]]
[2020.11.18-23.36.10:215][  0]LogConfig: Setting CVar [[s.PriorityLevelStreamingActorsUpdateExtraTime:5.0]]
[2020.11.18-23.36.10:215][  0]LogConfig: Setting CVar [[s.LevelStreamingComponentsRegistrationGranularity:10]]
[2020.11.18-23.36.10:215][  0]LogConfig: Setting CVar [[s.UnregisterComponentsTimeLimit:1.0]]
[2020.11.18-23.36.10:215][  0]LogConfig: Setting CVar [[s.LevelStreamingComponentsUnregistrationGranularity:5]]
[2020.11.18-23.36.10:215][  0]LogConfig: Setting CVar [[s.FlushStreamingOnExit:1]]
[2020.11.18-23.36.10:216][  0]LogConfig: Applying CVar settings from Section [/Script/Engine.GarbageCollectionSettings] File [E:/Projects/Personal Projects/-raisethegamejam-2020/RaiseTheGameJame2020/Saved/Config/Windows/Engine.ini]
[2020.11.18-23.36.10:216][  0]LogConfig: Setting CVar [[gc.MaxObjectsNotConsideredByGC:1]]
[2020.11.18-23.36.10:216][  0]LogConfig: Setting CVar [[gc.SizeOfPermanentObjectPool:0]]
[2020.11.18-23.36.10:216][  0]LogConfig: Setting CVar [[gc.FlushStreamingOnGC:0]]
[2020.11.18-23.36.10:216][  0]LogConfig: Setting CVar [[gc.NumRetriesBeforeForcingGC:10]]
[2020.11.18-23.36.10:216][  0]LogConfig: Setting CVar [[gc.AllowParallelGC:1]]
[2020.11.18-23.36.10:216][  0]LogConfig: Setting CVar [[gc.TimeBetweenPurgingPendingKillObjects:61.1]]
[2020.11.18-23.36.10:216][  0]LogConfig: Setting CVar [[gc.MaxObjectsInEditor:25165824]]
[2020.11.18-23.36.10:216][  0]LogConfig: Setting CVar [[gc.IncrementalBeginDestroyEnabled:1]]
[2020.11.18-23.36.10:216][  0]LogConfig: Setting CVar [[gc.CreateGCClusters:1]]
[2020.11.18-23.36.10:216][  0]LogConfig: Setting CVar [[gc.MinGCClusterSize:5]]
[2020.11.18-23.36.10:216][  0]LogConfig: Setting CVar [[gc.ActorClusteringEnabled:0]]
[2020.11.18-23.36.10:216][  0]LogConfig: Setting CVar [[gc.BlueprintClusteringEnabled:0]]
[2020.11.18-23.36.10:216][  0]LogConfig: Setting CVar [[gc.UseDisregardForGCOnDedicatedServers:0]]
[2020.11.18-23.36.10:216][  0]LogConfig: Applying CVar settings from Section [/Script/Engine.NetworkSettings] File [E:/Projects/Personal Projects/-raisethegamejam-2020/RaiseTheGameJame2020/Saved/Config/Windows/Engine.ini]
[2020.11.18-23.36.10:216][  0]LogConfig: Applying CVar settings from Section [/Script/UnrealEd.CookerSettings] File [E:/Projects/Personal Projects/-raisethegamejam-2020/RaiseTheGameJame2020/Saved/Config/Windows/Engine.ini]
[2020.11.18-23.36.10:317][  0]LogConfig: Applying CVar settings from Section [ViewDistanceQuality@3] File [E:/Projects/Personal Projects/-raisethegamejam-2020/RaiseTheGameJame2020/Saved/Config/Windows/Scalability.ini]
[2020.11.18-23.36.10:317][  0]LogConfig: Setting CVar [[r.SkeletalMeshLODBias:0]]
[2020.11.18-23.36.10:317][  0]LogConfig: Setting CVar [[r.ViewDistanceScale:1.0]]
[2020.11.18-23.36.10:317][  0]LogConfig: Applying CVar settings from Section [AntiAliasingQuality@3] File [E:/Projects/Personal Projects/-raisethegamejam-2020/RaiseTheGameJame2020/Saved/Config/Windows/Scalability.ini]
[2020.11.18-23.36.10:317][  0]LogConfig: Setting CVar [[r.PostProcessAAQuality:4]]
[2020.11.18-23.36.10:317][  0]LogConfig: Applying CVar settings from Section [ShadowQuality@3] File [E:/Projects/Personal Projects/-raisethegamejam-2020/RaiseTheGameJame2020/Saved/Config/Windows/Scalability.ini]
[2020.11.18-23.36.10:317][  0]LogConfig: Setting CVar [[r.LightFunctionQuality:1]]
[2020.11.18-23.36.10:317][  0]LogConfig: Setting CVar [[r.ShadowQuality:5]]
[2020.11.18-23.36.10:317][  0]LogConfig: Setting CVar [[r.Shadow.CSM.MaxCascades:10]]
[2020.11.18-23.36.10:317][  0]LogConfig: Setting CVar [[r.Shadow.MaxResolution:2048]]
[2020.11.18-23.36.10:318][  0]LogConfig: Setting CVar [[r.Shadow.MaxCSMResolution:2048]]
[2020.11.18-23.36.10:318][  0]LogConfig: Setting CVar [[r.Shadow.RadiusThreshold:0.01]]
[2020.11.18-23.36.10:318][  0]LogConfig: Setting CVar [[r.Shadow.DistanceScale:1.0]]
[2020.11.18-23.36.10:318][  0]LogConfig: Setting CVar [[r.Shadow.CSM.TransitionScale:1.0]]
[2020.11.18-23.36.10:318][  0]LogConfig: Setting CVar [[r.Shadow.PreShadowResolutionFactor:1.0]]
[2020.11.18-23.36.10:318][  0]LogConfig: Setting CVar [[r.DistanceFieldShadowing:1]]
[2020.11.18-23.36.10:318][  0]LogConfig: Setting CVar [[r.DistanceFieldAO:1]]
[2020.11.18-23.36.10:318][  0]LogConfig: Setting CVar [[r.AOQuality:2]]
[2020.11.18-23.36.10:318][  0]LogConfig: Setting CVar [[r.VolumetricFog:1]]
[2020.11.18-23.36.10:318][  0]LogConfig: Setting CVar [[r.VolumetricFog.GridPixelSize:8]]
[2020.11.18-23.36.10:318][  0]LogConfig: Setting CVar [[r.VolumetricFog.GridSizeZ:128]]
[2020.11.18-23.36.10:318][  0]LogConfig: Setting CVar [[r.VolumetricFog.HistoryMissSupersampleCount:4]]
[2020.11.18-23.36.10:318][  0]LogConfig: Setting CVar [[r.LightMaxDrawDistanceScale:1]]
[2020.11.18-23.36.10:318][  0]LogConfig: Setting CVar [[r.CapsuleShadows:1]]
[2020.11.18-23.36.10:318][  0]LogConfig: Applying CVar settings from Section [PostProcessQuality@3] File [E:/Projects/Personal Projects/-raisethegamejam-2020/RaiseTheGameJame2020/Saved/Config/Windows/Scalability.ini]
[2020.11.18-23.36.10:318][  0]LogConfig: Setting CVar [[r.MotionBlurQuality:4]]
[2020.11.18-23.36.10:318][  0]LogConfig: Setting CVar [[r.AmbientOcclusionMipLevelFactor:0.4]]
[2020.11.18-23.36.10:319][  0]LogConfig: Setting CVar [[r.AmbientOcclusionMaxQuality:100]]
[2020.11.18-23.36.10:319][  0]LogConfig: Setting CVar [[r.AmbientOcclusionLevels:-1]]
[2020.11.18-23.36.10:319][  0]LogConfig: Setting CVar [[r.AmbientOcclusionRadiusScale:1.0]]
[2020.11.18-23.36.10:319][  0]LogConfig: Setting CVar [[r.DepthOfFieldQuality:2]]
[2020.11.18-23.36.10:319][  0]LogConfig: Setting CVar [[r.RenderTargetPoolMin:400]]
[2020.11.18-23.36.10:319][  0]LogConfig: Setting CVar [[r.LensFlareQuality:2]]
[2020.11.18-23.36.10:319][  0]LogConfig: Setting CVar [[r.SceneColorFringeQuality:1]]
[2020.11.18-23.36.10:319][  0]LogConfig: Setting CVar [[r.EyeAdaptationQuality:2]]
[2020.11.18-23.36.10:319][  0]LogConfig: Setting CVar [[r.BloomQuality:5]]
[2020.11.18-23.36.10:319][  0]LogConfig: Setting CVar [[r.FastBlurThreshold:100]]
[2020.11.18-23.36.10:319][  0]LogConfig: Setting CVar [[r.Upscale.Quality:3]]
[2020.11.18-23.36.10:319][  0]LogConfig: Setting CVar [[r.Tonemapper.GrainQuantization:1]]
[2020.11.18-23.36.10:319][  0]LogConfig: Setting CVar [[r.LightShaftQuality:1]]
[2020.11.18-23.36.10:319][  0]LogConfig: Setting CVar [[r.Filter.SizeScale:1]]
[2020.11.18-23.36.10:319][  0]LogConfig: Setting CVar [[r.Tonemapper.Quality:5]]
[2020.11.18-23.36.10:319][  0]LogConfig: Setting CVar [[r.DOF.Gather.AccumulatorQuality:1        ; higher gathering accumulator quality]]
[2020.11.18-23.36.10:320][  0]LogConfig: Setting CVar [[r.DOF.Gather.PostfilterMethod:1          ; Median3x3 postfilering method]]
[2020.11.18-23.36.10:320][  0]LogConfig: Setting CVar [[r.DOF.Gather.EnableBokehSettings:0       ; no bokeh simulation when gathering]]
[2020.11.18-23.36.10:320][  0]LogConfig: Setting CVar [[r.DOF.Gather.RingCount:4                 ; medium number of samples when gathering]]
[2020.11.18-23.36.10:320][  0]LogConfig: Setting CVar [[r.DOF.Scatter.ForegroundCompositing:1    ; additive foreground scattering]]
[2020.11.18-23.36.10:320][  0]LogConfig: Setting CVar [[r.DOF.Scatter.BackgroundCompositing:2    ; additive background scattering]]
[2020.11.18-23.36.10:320][  0]LogConfig: Setting CVar [[r.DOF.Scatter.EnableBokehSettings:1      ; bokeh simulation when scattering]]
[2020.11.18-23.36.10:320][  0]LogConfig: Setting CVar [[r.DOF.Scatter.MaxSpriteRatio:0.1         ; only a maximum of 10% of scattered bokeh]]
[2020.11.18-23.36.10:320][  0]LogConfig: Setting CVar [[r.DOF.Recombine.Quality:1                ; cheap slight out of focus]]
[2020.11.18-23.36.10:320][  0]LogConfig: Setting CVar [[r.DOF.Recombine.EnableBokehSettings:0    ; no bokeh simulation on slight out of focus]]
[2020.11.18-23.36.10:320][  0]LogConfig: Setting CVar [[r.DOF.TemporalAAQuality:1                ; more stable temporal accumulation]]
[2020.11.18-23.36.10:320][  0]LogConfig: Setting CVar [[r.DOF.Kernel.MaxForegroundRadius:0.025]]
[2020.11.18-23.36.10:320][  0]LogConfig: Setting CVar [[r.DOF.Kernel.MaxBackgroundRadius:0.025]]
[2020.11.18-23.36.10:321][  0]LogConfig: Applying CVar settings from Section [TextureQuality@3] File [E:/Projects/Personal Projects/-raisethegamejam-2020/RaiseTheGameJame2020/Saved/Config/Windows/Scalability.ini]
[2020.11.18-23.36.10:321][  0]LogConfig: Setting CVar [[r.Streaming.MipBias:0]]
[2020.11.18-23.36.10:321][  0]LogConfig: Setting CVar [[r.Streaming.AmortizeCPUToGPUCopy:0]]
[2020.11.18-23.36.10:321][  0]LogConfig: Setting CVar [[r.Streaming.MaxNumTexturesToStreamPerFrame:0]]
[2020.11.18-23.36.10:321][  0]LogConfig: Setting CVar [[r.Streaming.Boost:1]]
[2020.11.18-23.36.10:321][  0]LogConfig: Setting CVar [[r.MaxAnisotropy:8]]
[2020.11.18-23.36.10:321][  0]LogConfig: Setting CVar [[r.VT.MaxAnisotropy:8]]
[2020.11.18-23.36.10:321][  0]LogConfig: Setting CVar [[r.Streaming.LimitPoolSizeToVRAM:0]]
[2020.11.18-23.36.10:321][  0]LogConfig: Setting CVar [[r.Streaming.PoolSize:1000]]
[2020.11.18-23.36.10:321][  0]LogConfig: Setting CVar [[r.Streaming.MaxEffectiveScreenSize:0]]
[2020.11.18-23.36.10:321][  0]LogConfig: Applying CVar settings from Section [EffectsQuality@3] File [E:/Projects/Personal Projects/-raisethegamejam-2020/RaiseTheGameJame2020/Saved/Config/Windows/Scalability.ini]
[2020.11.18-23.36.10:321][  0]LogConfig: Setting CVar [[r.TranslucencyLightingVolumeDim:64]]
[2020.11.18-23.36.10:321][  0]LogConfig: Setting CVar [[r.RefractionQuality:2]]
[2020.11.18-23.36.10:321][  0]LogConfig: Setting CVar [[r.SSR.Quality:3]]
[2020.11.18-23.36.10:321][  0]LogConfig: Setting CVar [[r.SSR.HalfResSceneColor:0]]
[2020.11.18-23.36.10:321][  0]LogConfig: Setting CVar [[r.SceneColorFormat:4]]
[2020.11.18-23.36.10:321][  0]LogConfig: Setting CVar [[r.DetailMode:2]]
[2020.11.18-23.36.10:322][  0]LogConfig: Setting CVar [[r.TranslucencyVolumeBlur:1]]
[2020.11.18-23.36.10:322][  0]LogConfig: Setting CVar [[r.MaterialQualityLevel:1 ; High quality]]
[2020.11.18-23.36.10:322][  0]LogConfig: Setting CVar [[r.SSS.Scale:1]]
[2020.11.18-23.36.10:322][  0]LogConfig: Setting CVar [[r.SSS.SampleSet:2]]
[2020.11.18-23.36.10:322][  0]LogConfig: Setting CVar [[r.SSS.Quality:1]]
[2020.11.18-23.36.10:322][  0]LogConfig: Setting CVar [[r.SSS.HalfRes:0]]
[2020.11.18-23.36.10:322][  0]LogConfig: Setting CVar [[r.SSGI.Quality:3]]
[2020.11.18-23.36.10:322][  0]LogConfig: Setting CVar [[r.EmitterSpawnRateScale:1.0]]
[2020.11.18-23.36.10:322][  0]LogConfig: Setting CVar [[r.ParticleLightQuality:2]]
[2020.11.18-23.36.10:322][  0]LogConfig: Setting CVar [[r.SkyAtmosphere.AerialPerspectiveLUT.FastApplyOnOpaque:1 ; Always have FastSkyLUT 1 in this case to avoid wrong sky]]
[2020.11.18-23.36.10:322][  0]LogConfig: Setting CVar [[r.SkyAtmosphere.AerialPerspectiveLUT.SampleCountPerSlice:1]]
[2020.11.18-23.36.10:322][  0]LogConfig: Setting CVar [[r.SkyAtmosphere.AerialPerspectiveLUT.DepthResolution:16.0]]
[2020.11.18-23.36.10:322][  0]LogConfig: Setting CVar [[r.SkyAtmosphere.FastSkyLUT:1]]
[2020.11.18-23.36.10:322][  0]LogConfig: Setting CVar [[r.SkyAtmosphere.FastSkyLUT.SampleCountMin:4.0]]
[2020.11.18-23.36.10:323][  0]LogConfig: Setting CVar [[r.SkyAtmosphere.FastSkyLUT.SampleCountMax:32.0]]
[2020.11.18-23.36.10:323][  0]LogConfig: Setting CVar [[r.SkyAtmosphere.SampleCountMin:4.0]]
[2020.11.18-23.36.10:323][  0]LogConfig: Setting CVar [[r.SkyAtmosphere.SampleCountMax:32.0]]
[2020.11.18-23.36.10:323][  0]LogConfig: Setting CVar [[r.SkyAtmosphere.TransmittanceLUT.UseSmallFormat:0]]
[2020.11.18-23.36.10:323][  0]LogConfig: Setting CVar [[r.SkyAtmosphere.TransmittanceLUT.SampleCount:10.0]]
[2020.11.18-23.36.10:323][  0]LogConfig: Setting CVar [[r.SkyAtmosphere.MultiScatteringLUT.SampleCount:15.0]]
[2020.11.18-23.36.10:323][  0]LogConfig: Applying CVar settings from Section [FoliageQuality@3] File [E:/Projects/Personal Projects/-raisethegamejam-2020/RaiseTheGameJame2020/Saved/Config/Windows/Scalability.ini]
[2020.11.18-23.36.10:323][  0]LogConfig: Setting CVar [[foliage.DensityScale:1.0]]
[2020.11.18-23.36.10:323][  0]LogConfig: Setting CVar [[grass.DensityScale:1.0]]
[2020.11.18-23.36.10:323][  0]LogConfig: Applying CVar settings from Section [ShadingQuality@3] File [E:/Projects/Personal Projects/-raisethegamejam-2020/RaiseTheGameJame2020/Saved/Config/Windows/Scalability.ini]
[2020.11.18-23.36.10:323][  0]LogConfig: Setting CVar [[r.HairStrands.SkyLighting.SampleCount:16]]
[2020.11.18-23.36.10:323][  0]LogConfig: Setting CVar [[r.HairStrands.SkyLighting.JitterIntegration:0]]
[2020.11.18-23.36.10:323][  0]LogConfig: Setting CVar [[r.HairStrands.SkyAO.SampleCount:16]]
[2020.11.18-23.36.10:323][  0]LogConfig: Setting CVar [[r.HairStrands.DeepShadow.SuperSampling:0]]
[2020.11.18-23.36.10:323][  0]LogConfig: Setting CVar [[r.HairStrands.VisibilityPPLL:0]]
[2020.11.18-23.36.10:323][  0]LogConfig: Setting CVar [[r.HairStrands.RasterizationScale:0.5]]
[2020.11.18-23.36.10:324][  0]LogConfig: Setting CVar [[r.HairStrands.VelocityRasterizationScale:1]]
[2020.11.18-23.36.10:349][  0]LogInit: Selected Device Profile: [Windows]
[2020.11.18-23.36.10:359][  0]LogInit: Applying CVar settings loaded from the selected device profile: [Windows]
[2020.11.18-23.36.10:382][  0]LogHAL: Display: Platform has ~ 16 GB [17126543360 / 17179869184 / 16], which maps to Larger [LargestMinGB=32, LargerMinGB=12, DefaultMinGB=8, SmallerMinGB=6, SmallestMinGB=0)
[2020.11.18-23.36.10:382][  0]LogInit: Going up to parent DeviceProfile []
[2020.11.18-23.36.10:382][  0]LogConfig: Applying CVar settings from Section [ViewDistanceQuality@3] File [E:/Projects/Personal Projects/-raisethegamejam-2020/RaiseTheGameJame2020/Saved/Config/Windows/Scalability.ini]
[2020.11.18-23.36.10:382][  0]LogConfig: Setting CVar [[r.SkeletalMeshLODBias:0]]
[2020.11.18-23.36.10:383][  0]LogConfig: Setting CVar [[r.ViewDistanceScale:1.0]]
[2020.11.18-23.36.10:383][  0]LogConfig: Applying CVar settings from Section [AntiAliasingQuality@3] File [E:/Projects/Personal Projects/-raisethegamejam-2020/RaiseTheGameJame2020/Saved/Config/Windows/Scalability.ini]
[2020.11.18-23.36.10:383][  0]LogConfig: Setting CVar [[r.PostProcessAAQuality:4]]
[2020.11.18-23.36.10:383][  0]LogConfig: Applying CVar settings from Section [ShadowQuality@3] File [E:/Projects/Personal Projects/-raisethegamejam-2020/RaiseTheGameJame2020/Saved/Config/Windows/Scalability.ini]
[2020.11.18-23.36.10:383][  0]LogConfig: Setting CVar [[r.LightFunctionQuality:1]]
[2020.11.18-23.36.10:383][  0]LogConfig: Setting CVar [[r.ShadowQuality:5]]
[2020.11.18-23.36.10:383][  0]LogConfig: Setting CVar [[r.Shadow.CSM.MaxCascades:10]]
[2020.11.18-23.36.10:383][  0]LogConfig: Setting CVar [[r.Shadow.MaxResolution:2048]]
[2020.11.18-23.36.10:383][  0]LogConfig: Setting CVar [[r.Shadow.MaxCSMResolution:2048]]
[2020.11.18-23.36.10:383][  0]LogConfig: Setting CVar [[r.Shadow.RadiusThreshold:0.01]]
[2020.11.18-23.36.10:383][  0]LogConfig: Setting CVar [[r.Shadow.DistanceScale:1.0]]
[2020.11.18-23.36.10:383][  0]LogConfig: Setting CVar [[r.Shadow.CSM.TransitionScale:1.0]]
[2020.11.18-23.36.10:383][  0]LogConfig: Setting CVar [[r.Shadow.PreShadowResolutionFactor:1.0]]
[2020.11.18-23.36.10:383][  0]LogConfig: Setting CVar [[r.DistanceFieldShadowing:1]]
[2020.11.18-23.36.10:383][  0]LogConfig: Setting CVar [[r.DistanceFieldAO:1]]
[2020.11.18-23.36.10:383][  0]LogConfig: Setting CVar [[r.AOQuality:2]]
[2020.11.18-23.36.10:383][  0]LogConfig: Setting CVar [[r.VolumetricFog:1]]
[2020.11.18-23.36.10:383][  0]LogConfig: Setting CVar [[r.VolumetricFog.GridPixelSize:8]]
[2020.11.18-23.36.10:384][  0]LogConfig: Setting CVar [[r.VolumetricFog.GridSizeZ:128]]
[2020.11.18-23.36.10:384][  0]LogConfig: Setting CVar [[r.VolumetricFog.HistoryMissSupersampleCount:4]]
[2020.11.18-23.36.10:384][  0]LogConfig: Setting CVar [[r.LightMaxDrawDistanceScale:1]]
[2020.11.18-23.36.10:384][  0]LogConfig: Setting CVar [[r.CapsuleShadows:1]]
[2020.11.18-23.36.10:384][  0]LogConfig: Applying CVar settings from Section [PostProcessQuality@3] File [E:/Projects/Personal Projects/-raisethegamejam-2020/RaiseTheGameJame2020/Saved/Config/Windows/Scalability.ini]
[2020.11.18-23.36.10:384][  0]LogConfig: Setting CVar [[r.MotionBlurQuality:4]]
[2020.11.18-23.36.10:384][  0]LogConfig: Setting CVar [[r.AmbientOcclusionMipLevelFactor:0.4]]
[2020.11.18-23.36.10:384][  0]LogConfig: Setting CVar [[r.AmbientOcclusionMaxQuality:100]]
[2020.11.18-23.36.10:384][  0]LogConfig: Setting CVar [[r.AmbientOcclusionLevels:-1]]
[2020.11.18-23.36.10:384][  0]LogConfig: Setting CVar [[r.AmbientOcclusionRadiusScale:1.0]]
[2020.11.18-23.36.10:384][  0]LogConfig: Setting CVar [[r.DepthOfFieldQuality:2]]
[2020.11.18-23.36.10:384][  0]LogConfig: Setting CVar [[r.RenderTargetPoolMin:400]]
[2020.11.18-23.36.10:384][  0]LogConfig: Setting CVar [[r.LensFlareQuality:2]]
[2020.11.18-23.36.10:384][  0]LogConfig: Setting CVar [[r.SceneColorFringeQuality:1]]
[2020.11.18-23.36.10:384][  0]LogConfig: Setting CVar [[r.EyeAdaptationQuality:2]]
[2020.11.18-23.36.10:384][  0]LogConfig: Setting CVar [[r.BloomQuality:5]]
[2020.11.18-23.36.10:384][  0]LogConfig: Setting CVar [[r.FastBlurThreshold:100]]
[2020.11.18-23.36.10:384][  0]LogConfig: Setting CVar [[r.Upscale.Quality:3]]
[2020.11.18-23.36.10:385][  0]LogConfig: Setting CVar [[r.Tonemapper.GrainQuantization:1]]
[2020.11.18-23.36.10:385][  0]LogConfig: Setting CVar [[r.LightShaftQuality:1]]
[2020.11.18-23.36.10:385][  0]LogConfig: Setting CVar [[r.Filter.SizeScale:1]]
[2020.11.18-23.36.10:385][  0]LogConfig: Setting CVar [[r.Tonemapper.Quality:5]]
[2020.11.18-23.36.10:385][  0]LogConfig: Setting CVar [[r.DOF.Gather.AccumulatorQuality:1        ; higher gathering accumulator quality]]
[2020.11.18-23.36.10:385][  0]LogConfig: Setting CVar [[r.DOF.Gather.PostfilterMethod:1          ; Median3x3 postfilering method]]
[2020.11.18-23.36.10:385][  0]LogConfig: Setting CVar [[r.DOF.Gather.EnableBokehSettings:0       ; no bokeh simulation when gathering]]
[2020.11.18-23.36.10:385][  0]LogConfig: Setting CVar [[r.DOF.Gather.RingCount:4                 ; medium number of samples when gathering]]
[2020.11.18-23.36.10:385][  0]LogConfig: Setting CVar [[r.DOF.Scatter.ForegroundCompositing:1    ; additive foreground scattering]]
[2020.11.18-23.36.10:385][  0]LogConfig: Setting CVar [[r.DOF.Scatter.BackgroundCompositing:2    ; additive background scattering]]
[2020.11.18-23.36.10:385][  0]LogConfig: Setting CVar [[r.DOF.Scatter.EnableBokehSettings:1      ; bokeh simulation when scattering]]
[2020.11.18-23.36.10:385][  0]LogConfig: Setting CVar [[r.DOF.Scatter.MaxSpriteRatio:0.1         ; only a maximum of 10% of scattered bokeh]]
[2020.11.18-23.36.10:385][  0]LogConfig: Setting CVar [[r.DOF.Recombine.Quality:1                ; cheap slight out of focus]]
[2020.11.18-23.36.10:385][  0]LogConfig: Setting CVar [[r.DOF.Recombine.EnableBokehSettings:0    ; no bokeh simulation on slight out of focus]]
[2020.11.18-23.36.10:385][  0]LogConfig: Setting CVar [[r.DOF.TemporalAAQuality:1                ; more stable temporal accumulation]]
[2020.11.18-23.36.10:385][  0]LogConfig: Setting CVar [[r.DOF.Kernel.MaxForegroundRadius:0.025]]
[2020.11.18-23.36.10:386][  0]LogConfig: Setting CVar [[r.DOF.Kernel.MaxBackgroundRadius:0.025]]
[2020.11.18-23.36.10:386][  0]LogConfig: Applying CVar settings from Section [TextureQuality@3] File [E:/Projects/Personal Projects/-raisethegamejam-2020/RaiseTheGameJame2020/Saved/Config/Windows/Scalability.ini]
[2020.11.18-23.36.10:386][  0]LogConfig: Setting CVar [[r.Streaming.MipBias:0]]
[2020.11.18-23.36.10:386][  0]LogConfig: Setting CVar [[r.Streaming.AmortizeCPUToGPUCopy:0]]
[2020.11.18-23.36.10:386][  0]LogConfig: Setting CVar [[r.Streaming.MaxNumTexturesToStreamPerFrame:0]]
[2020.11.18-23.36.10:386][  0]LogConfig: Setting CVar [[r.Streaming.Boost:1]]
[2020.11.18-23.36.10:386][  0]LogConfig: Setting CVar [[r.MaxAnisotropy:8]]
[2020.11.18-23.36.10:386][  0]LogConfig: Setting CVar [[r.VT.MaxAnisotropy:8]]
[2020.11.18-23.36.10:386][  0]LogConfig: Setting CVar [[r.Streaming.LimitPoolSizeToVRAM:0]]
[2020.11.18-23.36.10:386][  0]LogConfig: Setting CVar [[r.Streaming.PoolSize:1000]]
[2020.11.18-23.36.10:386][  0]LogConfig: Setting CVar [[r.Streaming.MaxEffectiveScreenSize:0]]
[2020.11.18-23.36.10:386][  0]LogConfig: Applying CVar settings from Section [EffectsQuality@3] File [E:/Projects/Personal Projects/-raisethegamejam-2020/RaiseTheGameJame2020/Saved/Config/Windows/Scalability.ini]
[2020.11.18-23.36.10:386][  0]LogConfig: Setting CVar [[r.TranslucencyLightingVolumeDim:64]]
[2020.11.18-23.36.10:386][  0]LogConfig: Setting CVar [[r.RefractionQuality:2]]
[2020.11.18-23.36.10:386][  0]LogConfig: Setting CVar [[r.SSR.Quality:3]]
[2020.11.18-23.36.10:386][  0]LogConfig: Setting CVar [[r.SSR.HalfResSceneColor:0]]
[2020.11.18-23.36.10:386][  0]LogConfig: Setting CVar [[r.SceneColorFormat:4]]
[2020.11.18-23.36.10:386][  0]LogConfig: Setting CVar [[r.DetailMode:2]]
[2020.11.18-23.36.10:386][  0]LogConfig: Setting CVar [[r.TranslucencyVolumeBlur:1]]
[2020.11.18-23.36.10:386][  0]LogConfig: Setting CVar [[r.MaterialQualityLevel:1 ; High quality]]
[2020.11.18-23.36.10:387][  0]LogConfig: Setting CVar [[r.SSS.Scale:1]]
[2020.11.18-23.36.10:387][  0]LogConfig: Setting CVar [[r.SSS.SampleSet:2]]
[2020.11.18-23.36.10:387][  0]LogConfig: Setting CVar [[r.SSS.Quality:1]]
[2020.11.18-23.36.10:387][  0]LogConfig: Setting CVar [[r.SSS.HalfRes:0]]
[2020.11.18-23.36.10:387][  0]LogConfig: Setting CVar [[r.SSGI.Quality:3]]
[2020.11.18-23.36.10:387][  0]LogConfig: Setting CVar [[r.EmitterSpawnRateScale:1.0]]
[2020.11.18-23.36.10:387][  0]LogConfig: Setting CVar [[r.ParticleLightQuality:2]]
[2020.11.18-23.36.10:387][  0]LogConfig: Setting CVar [[r.SkyAtmosphere.AerialPerspectiveLUT.FastApplyOnOpaque:1 ; Always have FastSkyLUT 1 in this case to avoid wrong sky]]
[2020.11.18-23.36.10:387][  0]LogConfig: Setting CVar [[r.SkyAtmosphere.AerialPerspectiveLUT.SampleCountPerSlice:1]]
[2020.11.18-23.36.10:387][  0]LogConfig: Setting CVar [[r.SkyAtmosphere.AerialPerspectiveLUT.DepthResolution:16.0]]
[2020.11.18-23.36.10:387][  0]LogConfig: Setting CVar [[r.SkyAtmosphere.FastSkyLUT:1]]
[2020.11.18-23.36.10:387][  0]LogConfig: Setting CVar [[r.SkyAtmosphere.FastSkyLUT.SampleCountMin:4.0]]
[2020.11.18-23.36.10:387][  0]LogConfig: Setting CVar [[r.SkyAtmosphere.FastSkyLUT.SampleCountMax:32.0]]
[2020.11.18-23.36.10:387][  0]LogConfig: Setting CVar [[r.SkyAtmosphere.SampleCountMin:4.0]]
[2020.11.18-23.36.10:388][  0]LogConfig: Setting CVar [[r.SkyAtmosphere.SampleCountMax:32.0]]
[2020.11.18-23.36.10:388][  0]LogConfig: Setting CVar [[r.SkyAtmosphere.TransmittanceLUT.UseSmallFormat:0]]
[2020.11.18-23.36.10:388][  0]LogConfig: Setting CVar [[r.SkyAtmosphere.TransmittanceLUT.SampleCount:10.0]]
[2020.11.18-23.36.10:388][  0]LogConfig: Setting CVar [[r.SkyAtmosphere.MultiScatteringLUT.SampleCount:15.0]]
[2020.11.18-23.36.10:388][  0]LogConfig: Applying CVar settings from Section [FoliageQuality@3] File [E:/Projects/Personal Projects/-raisethegamejam-2020/RaiseTheGameJame2020/Saved/Config/Windows/Scalability.ini]
[2020.11.18-23.36.10:388][  0]LogConfig: Setting CVar [[foliage.DensityScale:1.0]]
[2020.11.18-23.36.10:388][  0]LogConfig: Setting CVar [[grass.DensityScale:1.0]]
[2020.11.18-23.36.10:388][  0]LogConfig: Applying CVar settings from Section [ShadingQuality@3] File [E:/Projects/Personal Projects/-raisethegamejam-2020/RaiseTheGameJame2020/Saved/Config/Windows/Scalability.ini]
[2020.11.18-23.36.10:388][  0]LogConfig: Setting CVar [[r.HairStrands.SkyLighting.SampleCount:16]]
[2020.11.18-23.36.10:388][  0]LogConfig: Setting CVar [[r.HairStrands.SkyLighting.JitterIntegration:0]]
[2020.11.18-23.36.10:388][  0]LogConfig: Setting CVar [[r.HairStrands.SkyAO.SampleCount:16]]
[2020.11.18-23.36.10:388][  0]LogConfig: Setting CVar [[r.HairStrands.DeepShadow.SuperSampling:0]]
[2020.11.18-23.36.10:388][  0]LogConfig: Setting CVar [[r.HairStrands.VisibilityPPLL:0]]
[2020.11.18-23.36.10:388][  0]LogConfig: Setting CVar [[r.HairStrands.RasterizationScale:0.5]]
[2020.11.18-23.36.10:388][  0]LogConfig: Setting CVar [[r.HairStrands.VelocityRasterizationScale:1]]
[2020.11.18-23.36.10:388][  0]LogConfig: Applying CVar settings from Section [Startup] File [../../../Engine/Config/ConsoleVariables.ini]
[2020.11.18-23.36.10:389][  0]LogConfig: Setting CVar [[net.UseAdaptiveNetUpdateFrequency:0]]
[2020.11.18-23.36.10:389][  0]LogConfig: Setting CVar [[p.chaos.AllowCreatePhysxBodies:1]]
[2020.11.18-23.36.10:389][  0]LogConfig: Setting CVar [[fx.SkipVectorVMBackendOptimizations:1]]
[2020.11.18-23.36.10:389][  0]LogConfig: Applying CVar settings from Section [ConsoleVariables] File [E:/Projects/Personal Projects/-raisethegamejam-2020/RaiseTheGameJame2020/Saved/Config/Windows/Engine.ini]
[2020.11.18-23.36.10:438][  0]LogInit: Computer: EDWARD
[2020.11.18-23.36.10:438][  0]LogInit: User: John
[2020.11.18-23.36.10:450][  0]LogInit: CPU Page size=4096, Cores=4
[2020.11.18-23.36.10:450][  0]LogInit: High frequency timer resolution =10.000000 MHz
[2020.11.18-23.36.10:451][  0]LogMemory: Memory total: Physical=16.0GB (16GB approx)
[2020.11.18-23.36.10:451][  0]LogMemory: Platform Memory Stats for Windows
[2020.11.18-23.36.10:451][  0]LogMemory: Process Physical Memory: 116.74 MB used, 116.74 MB peak
[2020.11.18-23.36.10:451][  0]LogMemory: Process Virtual Memory: 104.26 MB used, 104.26 MB peak
[2020.11.18-23.36.10:451][  0]LogMemory: Physical Memory: 10289.83 MB used,  6043.32 MB free, 16333.14 MB total
[2020.11.18-23.36.10:451][  0]LogMemory: Virtual Memory: 5153.10 MB used,  134212576.00 MB free, 134217728.00 MB total
[2020.11.18-23.36.10:496][  0]LogWindows: WindowsPlatformFeatures enabled
[2020.11.18-23.36.15:302][  0]LogInit: Physics initialised using underlying interface: PhysX
[2020.11.18-23.36.15:377][  0]LogInit: Using OS detected language (en-US).
[2020.11.18-23.36.15:378][  0]LogInit: Using OS detected locale (en-US).
[2020.11.18-23.36.15:493][  0]LogTextLocalizationManager: No specific localization for 'en-US' exists, so the 'en' localization will be used.
[2020.11.18-23.36.16:154][  0]LogInit: Setting process to per monitor DPI aware
[2020.11.18-23.36.17:492][  0]LogSlate: New Slate User Created.  User Index 0, Is Virtual User: 0
[2020.11.18-23.36.17:492][  0]LogSlate: Slate User Registered.  User Index 0, Is Virtual User: 0
[2020.11.18-23.36.20:433][  0]LogHMD: Failed to initialize OpenVR with code 102
[2020.11.18-23.36.20:433][  0]LogD3D11RHI: D3D11 min allowed feature level: 11_0
[2020.11.18-23.36.20:433][  0]LogD3D11RHI: D3D11 max allowed feature level: 11_0
[2020.11.18-23.36.20:433][  0]LogD3D11RHI: D3D11 adapters:
[2020.11.18-23.36.22:025][  0]LogD3D11RHI:    0. 'NVIDIA GeForce GTX 1060 6GB' (Feature Level 11_0)
[2020.11.18-23.36.22:025][  0]LogD3D11RHI:       6052/0/8166 MB DedicatedVideo/DedicatedSystem/SharedSystem, Outputs:2, VendorId:0x10de
[2020.11.18-23.36.45:001][  0]LogD3D11RHI:    1. 'Microsoft Basic Render Driver' (Feature Level 11_0)
[2020.11.18-23.36.45:001][  0]LogD3D11RHI:       0/0/8166 MB DedicatedVideo/DedicatedSystem/SharedSystem, Outputs:0, VendorId:0x1414
[2020.11.18-23.36.45:001][  0]LogD3D11RHI: Chosen D3D11 Adapter: 0
[2020.11.18-23.36.50:737][  0]LogD3D11RHI: Creating new Direct3DDevice
[2020.11.18-23.36.50:737][  0]LogD3D11RHI:     GPU DeviceId: 0x1c03 (for the marketing name, search the web for "GPU Device Id")
[2020.11.18-23.36.51:351][  0]LogWindows: EnumDisplayDevices:
[2020.11.18-23.36.51:351][  0]LogWindows:    0. 'NVIDIA GeForce GTX 1060 6GB' (P:1 D:1)
[2020.11.18-23.36.51:351][  0]LogWindows:    1. 'NVIDIA GeForce GTX 1060 6GB' (P:0 D:1)
[2020.11.18-23.36.51:351][  0]LogWindows:    2. 'NVIDIA GeForce GTX 1060 6GB' (P:0 D:0)
[2020.11.18-23.36.51:352][  0]LogWindows:    3. 'NVIDIA GeForce GTX 1060 6GB' (P:0 D:0)
[2020.11.18-23.36.51:352][  0]LogWindows: DebugString: FoundDriverCount:4 
[2020.11.18-23.36.51:352][  0]LogD3D11RHI:     Adapter Name: NVIDIA GeForce GTX 1060 6GB
[2020.11.18-23.36.51:352][  0]LogD3D11RHI:   Driver Version: 451.67 (internal:27.21.14.5167, unified:451.67)
[2020.11.18-23.36.51:352][  0]LogD3D11RHI:      Driver Date: 7-5-2020
[2020.11.18-23.36.51:353][  0]LogRHI: Texture pool is 4236 MB (70% of 6052 MB)
[2020.11.18-23.36.52:898][  0]LogD3D11RHI: RHI has support for 64 bit atomics
[2020.11.18-23.36.52:899][  0]LogD3D11RHI: Async texture creation enabled
[2020.11.18-23.36.52:899][  0]LogD3D11RHI: Array index from any shader is supported
[2020.11.18-23.37.06:602][  0]LogD3D11RHI: GPU Timing Frequency: 1000.000000 (Debug: 2 2)
[2020.11.18-23.37.09:438][  0]LogTargetPlatformManager: Display: Loaded TargetPlatform 'AllDesktop'
[2020.11.18-23.37.10:047][  0]LogTargetPlatformManager: Display: Loaded TargetPlatform 'Android'
[2020.11.18-23.37.10:047][  0]LogTargetPlatformManager: Display: Loaded TargetPlatform 'Android_ASTC'
[2020.11.18-23.37.10:047][  0]LogTargetPlatformManager: Display: Loaded TargetPlatform 'Android_DXT'
[2020.11.18-23.37.10:047][  0]LogTargetPlatformManager: Display: Loaded TargetPlatform 'Android_ETC2'
[2020.11.18-23.37.10:047][  0]LogTargetPlatformManager: Display: Loaded TargetPlatform 'AndroidClient'
[2020.11.18-23.37.10:047][  0]LogTargetPlatformManager: Display: Loaded TargetPlatform 'Android_ASTCClient'
[2020.11.18-23.37.10:047][  0]LogTargetPlatformManager: Display: Loaded TargetPlatform 'Android_DXTClient'
[2020.11.18-23.37.10:047][  0]LogTargetPlatformManager: Display: Loaded TargetPlatform 'Android_ETC2Client'
[2020.11.18-23.37.10:047][  0]LogTargetPlatformManager: Display: Loaded TargetPlatform 'Android_Multi'
[2020.11.18-23.37.10:047][  0]LogTargetPlatformManager: Display: Loaded TargetPlatform 'Android_MultiClient'
[2020.11.18-23.37.11:676][  0]LogTargetPlatformManager: Display: Loaded TargetPlatform 'IOSClient'
[2020.11.18-23.37.11:676][  0]LogTargetPlatformManager: Display: Loaded TargetPlatform 'IOS'
[2020.11.18-23.37.12:197][  0]LogTargetPlatformManager: Display: Loaded TargetPlatform 'Linux'
[2020.11.18-23.37.12:600][  0]LogTargetPlatformManager: Display: Loaded TargetPlatform 'LinuxNoEditor'
[2020.11.18-23.37.13:016][  0]LogTargetPlatformManager: Display: Loaded TargetPlatform 'LinuxClient'
[2020.11.18-23.37.13:656][  0]LogTargetPlatformManager: Display: Loaded TargetPlatform 'LinuxServer'
[2020.11.18-23.37.14:073][  0]LogTargetPlatformManager: Display: Loaded TargetPlatform 'LinuxAArch64NoEditor'
[2020.11.18-23.37.14:570][  0]LogTargetPlatformManager: Display: Loaded TargetPlatform 'LinuxAArch64Client'
[2020.11.18-23.37.15:116][  0]LogTargetPlatformManager: Display: Loaded TargetPlatform 'LinuxAArch64Server'
[2020.11.18-23.37.15:793][  0]LogTargetPlatformManager: Display: Loaded TargetPlatform 'Lumin'
[2020.11.18-23.37.15:793][  0]LogTargetPlatformManager: Display: Loaded TargetPlatform 'LuminClient'
[2020.11.18-23.37.16:173][  0]LogTargetPlatformManager: Display: Loaded TargetPlatform 'TVOSClient'
[2020.11.18-23.37.16:173][  0]LogTargetPlatformManager: Display: Loaded TargetPlatform 'TVOS'
[2020.11.18-23.37.16:607][  0]LogTargetPlatformManager: Display: Loaded TargetPlatform 'WindowsNoEditor'
[2020.11.18-23.37.17:110][  0]LogTargetPlatformManager: Display: Loaded TargetPlatform 'Windows'
[2020.11.18-23.37.17:527][  0]LogTargetPlatformManager: Display: Loaded TargetPlatform 'WindowsClient'
[2020.11.18-23.37.17:928][  0]LogTargetPlatformManager: Display: Loaded TargetPlatform 'WindowsServer'
[2020.11.18-23.37.17:928][  0]LogTargetPlatformManager: Display: Building Assets For Windows
[2020.11.18-23.37.19:515][  0]LogAudioDebug: Display: Lib vorbis DLL was dynamically loaded.
[2020.11.18-23.37.29:522][  0]LogShaderCompilers: Guid format shader working directory is -28 characters bigger than the processId version (E:/Projects/Personal Projects/-raisethegamejam-2020/RaiseTheGameJame2020/Intermediate/Shaders/WorkingDirectory/23408/).
[2020.11.18-23.37.29:522][  0]LogShaderCompilers: Cleaned the shader compiler working directory 'C:/Users/John/AppData/Local/Temp/UnrealShaderWorkingDir/7FE9CD674CA42A802D7A71BEBD9585C6/'.
[2020.11.18-23.37.29:539][  0]LogXGEController: Cleaning working directory: C:/Users/John/AppData/Local/Temp/UnrealXGEWorkingDir/
[2020.11.18-23.37.29:540][  0]LogXGEController: Cannot use XGE Controller as Incredibuild is not installed on this machine.
[2020.11.18-23.37.29:540][  0]LogShaderCompilers: Cannot use XGE Shader Compiler as Incredibuild is not installed on this machine.
[2020.11.18-23.37.29:540][  0]LogShaderCompilers: Display: Using Local Shader Compiler.
[2020.11.18-23.37.31:881][  0]LogDerivedDataCache: Display: Max Cache Size: 512 MB
[2020.11.18-23.37.32:374][  0]LogDerivedDataCache: Loaded boot cache 0.49s 79MB C:/Users/John/AppData/Local/UnrealEngine/4.25/DerivedDataCache/Boot.ddc.
[2020.11.18-23.37.32:374][  0]LogDerivedDataCache: Display: Loaded Boot cache: C:/Users/John/AppData/Local/UnrealEngine/4.25/DerivedDataCache/Boot.ddc
[2020.11.18-23.37.32:374][  0]LogDerivedDataCache: FDerivedDataBackendGraph:  Pak pak cache file E:/Projects/Personal Projects/-raisethegamejam-2020/RaiseTheGameJame2020/DerivedDataCache/DDC.ddp not found, will not use a pak cache.
[2020.11.18-23.37.32:375][  0]LogDerivedDataCache: Unable to find inner node Pak for hierarchical cache Hierarchy.
[2020.11.18-23.37.32:375][  0]LogDerivedDataCache: FDerivedDataBackendGraph:  CompressedPak pak cache file E:/Projects/Personal Projects/-raisethegamejam-2020/RaiseTheGameJame2020/DerivedDataCache/Compressed.ddp not found, will not use a pak cache.
[2020.11.18-23.37.32:375][  0]LogDerivedDataCache: Unable to find inner node CompressedPak for hierarchical cache Hierarchy.
[2020.11.18-23.37.32:406][  0]LogDerivedDataCache: Display: Pak cache opened for reading ../../../Engine/DerivedDataCache/Compressed.ddp.
[2020.11.18-23.37.32:406][  0]LogDerivedDataCache: FDerivedDataBackendGraph:  EnterprisePak pak cache file ../../../Enterprise/DerivedDataCache/Compressed.ddp not found, will not use a pak cache.
[2020.11.18-23.37.32:406][  0]LogDerivedDataCache: Unable to find inner node EnterprisePak for hierarchical cache Hierarchy.
[2020.11.18-23.37.32:409][  0]LogDerivedDataCache: Using Local data cache path C:/Users/John/AppData/Local/UnrealEngine/Common/DerivedDataCache: Writable
[2020.11.18-23.37.32:409][  0]LogDerivedDataCache: Shared data cache path not found in *engine.ini, will not use an Shared cache.
[2020.11.18-23.37.32:409][  0]LogDerivedDataCache: Unable to find inner node Shared for hierarchical cache Hierarchy.
[2020.11.18-23.37.32:596][  0]LogSlate: Using FreeType 2.10.0
[2020.11.18-23.37.32:695][  0]LogSlate: SlateFontServices - WITH_FREETYPE: 1, WITH_HARFBUZZ: 1
[2020.11.18-23.37.34:362][  0]LogAssetRegistry: FAssetRegistry took 0.0076 seconds to start up
[2020.11.18-23.37.54:326][  0]LogInit: Selected Device Profile: [Windows]
[2020.11.18-23.38.05:786][  0]LogMeshReduction: Using QuadricMeshReduction for automatic static mesh reduction
[2020.11.18-23.38.05:786][  0]LogMeshReduction: Using SimplygonMeshReduction for automatic skeletal mesh reduction
[2020.11.18-23.38.05:786][  0]LogMeshReduction: Using ProxyLODMeshReduction for automatic mesh merging
[2020.11.18-23.38.05:786][  0]LogMeshReduction: No distributed automatic mesh merging module available
[2020.11.18-23.38.05:787][  0]LogMeshMerging: No distributed automatic mesh merging module available
[2020.11.18-23.38.09:168][  0]LogNetVersion: RaiseTheGameJame2020 1.0.0, NetCL: 13144385, EngineNetVer: 14, GameNetVer: 0 (Checksum: 1455622770)
[2020.11.18-23.38.42:251][  0]LogAISub: UAISubsystem::UAISubsystem AISubsystem (0000018D57D0A9C0), frame # 0
[2020.11.18-23.38.42:251][  0]LogAISub: UAISubsystem::UAISubsystem AIPerceptionSystem (0000018D57AC6AC0), frame # 0
[2020.11.18-23.38.42:306][  0]LogAISub: UAISubsystem::UAISubsystem EnvQueryManager (0000018D57B21C00), frame # 0
[2020.11.18-23.38.43:174][  0]LogPackageLocalizationCache: Processed 19 localized package path(s) for 1 prioritized culture(s) in 0.138496 seconds
[2020.11.18-23.38.43:268][  0]LogUObjectArray: 15917 objects as part of root set at end of initial load.
[2020.11.18-23.38.43:277][  0]LogUObjectAllocator: 3965568 out of 0 bytes used by permanent object pool.
[2020.11.18-23.38.43:277][  0]LogUObjectArray: CloseDisregardForGC: 0/0 objects in disregard for GC pool
[2020.11.18-23.39.23:370][  0]LogTcpMessaging: Initializing TcpMessaging bridge
[2020.11.18-23.39.23:913][  0]LogUdpMessaging: Initializing bridge on interface 0.0.0.0:0 to multicast group 230.0.0.1:6666.
[2020.11.18-23.39.33:857][  0]SourceControl: Source control is disabled
[2020.11.18-23.39.33:857][  0]SourceControl: Source control is disabled
[2020.11.18-23.39.34:326][  0]SourceControl: Source control is disabled
[2020.11.18-23.39.34:699][  0]SourceControl: Source control is disabled
[2020.11.18-23.39.35:458][  0]SourceControl: Source control is disabled
[2020.11.18-23.40.28:393][  0]LogAndroidPermission: UAndroidPermissionCallbackProxy::GetInstance
[2020.11.18-23.40.35:797][  0]LogAudioCaptureCore: Display: No Audio Capture implementations found. Audio input will be silent.
[2020.11.18-23.40.35:797][  0]LogAudioCaptureCore: Display: No Audio Capture implementations found. Audio input will be silent.
[2020.11.18-23.40.40:656][  0]LogOcInput: OculusInput pre-init called
[2020.11.18-23.40.41:468][  0]LogWindows: Failed to load 'OVRPlugin.dll' (GetLastError=126)
[2020.11.18-23.40.41:468][  0]LogWindows: File 'OVRPlugin.dll' does not exist
[2020.11.18-23.40.47:131][  0]LogAutomationTest: Warning: Smoke tests took > 2s to run: 2.28s
[2020.11.18-23.40.47:240][  0]LogEngine: Initializing Engine...
[2020.11.18-23.40.47:279][  0]LogHMD: Failed to initialize OpenVR with code 102
[2020.11.18-23.40.47:288][  0]LogMagicLeap: Warning: VR disabled because ZI is not enabled.  To enable, in the editor, Edit -> Project Settings -> Plugins -> Magic Leap Plugin -> Enable Zero Iteration
[2020.11.18-23.40.47:378][  0]LogStats: UGameplayTagsManager::InitializeManager -  0.030 s
[2020.11.18-23.40.47:613][  0]LogInit: Initializing FReadOnlyCVARCache
[2020.11.18-23.40.49:050][  0]LogAIModule: Creating AISystem for world Untitled
[2020.11.18-23.40.49:050][  0]LogAISub: UAISubsystem::UAISubsystem EnvQueryManager (0000018D5E699800), frame # 0
[2020.11.18-23.40.49:051][  0]LogAISub: UAISubsystem::UAISubsystem AIPerceptionSystem (0000018D5E6B25C0), frame # 0
[2020.11.18-23.40.49:661][  0]LogAudioMixer: Display: Audio Mixer Platform Settings:
[2020.11.18-23.40.49:661][  0]LogAudioMixer: Display: 	Sample Rate:						  48000
[2020.11.18-23.40.49:661][  0]LogAudioMixer: Display: 	Callback Buffer Frame Size Requested: 1024
[2020.11.18-23.40.49:661][  0]LogAudioMixer: Display: 	Callback Buffer Frame Size To Use:	  1024
[2020.11.18-23.40.49:661][  0]LogAudioMixer: Display: 	Number of buffers to queue:			  2
[2020.11.18-23.40.49:661][  0]LogAudioMixer: Display: 	Max Channels (voices):				  32
[2020.11.18-23.40.49:661][  0]LogAudioMixer: Display: 	Number of Async Source Workers:		  0
[2020.11.18-23.40.49:661][  0]LogAudio: Display: AudioDevice MaxSources: 32
[2020.11.18-23.40.49:678][  0]LogAudio: Display: Using built-in audio occlusion.
[2020.11.18-23.40.49:678][  0]LogAudioMixer: Display: Initializing audio mixer.
[2020.11.18-23.40.59:404][  0]LogAudioMixer: Display: 0: FrontLeft
[2020.11.18-23.40.59:404][  0]LogAudioMixer: Display: 1: FrontRight
[2020.11.18-23.40.59:404][  0]LogAudioMixer: Display: 2: FrontCenter
[2020.11.18-23.40.59:404][  0]LogAudioMixer: Display: 3: LowFrequency
[2020.11.18-23.40.59:404][  0]LogAudioMixer: Display: 4: BackLeft
[2020.11.18-23.40.59:404][  0]LogAudioMixer: Display: 5: BackRight
[2020.11.18-23.40.59:404][  0]LogAudioMixer: Display: 6: SideLeft
[2020.11.18-23.40.59:404][  0]LogAudioMixer: Display: 7: SideRight
[2020.11.18-23.41.06:109][  0]LogAudioMixer: Display: Using Audio Device Headset Earphone (Corsair VOID PRO Wireless Gaming Headset)
[2020.11.18-23.41.07:501][  0]LogAudioMixer: Display: Initializing Sound Submixes...
[2020.11.18-23.41.07:503][  0]LogAudioMixer: Display: Creating Master Submix 'MasterSubmixDefault'
[2020.11.18-23.41.08:192][  0]LogAudioMixer: Display: Creating Master Submix 'MasterReverbSubmixDefault'
[2020.11.18-23.41.08:606][  0]LogAudioMixer: Display: Creating Master Submix 'MasterEQSubmixDefault'
[2020.11.18-23.41.08:609][  0]LogInit: FAudioDevice initialized.
[2020.11.18-23.41.08:639][  0]LogNetVersion: Set ProjectVersion to 1.0.0.0. Version Checksum will be recalculated on next use.
[2020.11.18-23.41.08:895][  0]LogDerivedDataCache: Saved boot cache 0.26s 79MB C:/Users/John/AppData/Local/UnrealEngine/4.25/DerivedDataCache/Boot.ddc.
[2020.11.18-23.41.08:900][  0]LogInit: Texture streaming: Enabled
[2020.11.18-23.41.18:912][  0]LogEngineSessionManager: EngineSessionManager initialized
[2020.11.18-23.41.18:912][  0]LogEditorSessionSummary: Verbose: Initializing EditorSessionSummaryWriter for editor session tracking
[2020.11.18-23.41.21:362][  0]LogEditorSessionSummary: EditorSessionSummaryWriter initialized
[2020.11.18-23.41.24:209][  0]LogInit: Transaction tracking system initialized
[2020.11.18-23.41.27:233][  0]BlueprintLog: New page: Editor Load
[2020.11.18-23.41.36:385][  0]LocalizationService: Localization service is disabled
[2020.11.18-23.41.46:961][  0]LogFileCache: Scanning file cache for directory 'E:/Projects/Personal Projects/-raisethegamejam-2020/RaiseTheGameJame2020/Content/' took 0.02s
[2020.11.18-23.41.46:961][  0]LogCook: Display: Max memory allowance for cook 16384mb min free memory 0mb
[2020.11.18-23.41.46:962][  0]LogCook: Display: Mobile HDR setting 1
[2020.11.18-23.42.09:015][  0]SourceControl: Source control is disabled
[2020.11.18-23.42.09:029][  0]LogUnrealEdMisc: Loading editor; pre map load, took 428.576
[2020.11.18-23.42.09:084][  0]Cmd: MAP LOAD FILE="E:/Projects/Personal Projects/-raisethegamejam-2020/RaiseTheGameJame2020/Content/ThirdPersonCPP/Maps/ThirdPersonExampleMap.umap" TEMPLATE=0 SHOWPROGRESS=1 FEATURELEVEL=3
[2020.11.18-23.42.09:105][  0]LightingResults: New page: Lighting Build
[2020.11.18-23.42.09:232][  0]LogWorld: UWorld::CleanupWorld for Untitled, bSessionEnded=true, bCleanupResources=true
[2020.11.18-23.42.09:274][  0]LogSlate: InvalidateAllWidgets triggered.  All widgets were invalidated
[2020.11.18-23.42.09:340][  0]MapCheck: New page: Map Check
[2020.11.18-23.42.09:340][  0]LightingResults: New page: Lighting Build
[2020.11.18-23.42.10:087][  0]LogAISub: UAISubsystem::~UAISubsystem EnvQueryManager (0000018D5E699800), frame # 0
[2020.11.18-23.42.10:087][  0]LogAISub: UAISubsystem::~UAISubsystem AIPerceptionSystem (0000018D5E6B25C0), frame # 0
[2020.11.18-23.42.10:130][  0]LogUObjectHash: Compacting FUObjectHashTables data took   0.92ms
[2020.11.18-23.42.10:701][  0]LogAIModule: Creating AISystem for world ThirdPersonExampleMap
[2020.11.18-23.42.10:702][  0]LogAISub: UAISubsystem::UAISubsystem EnvQueryManager (0000018D5DBABE00), frame # 0
[2020.11.18-23.42.10:702][  0]LogAISub: UAISubsystem::UAISubsystem AIPerceptionSystem (0000018D5B8B56C0), frame # 0
[2020.11.18-23.42.11:874][  0]LogEditorServer: Finished looking for orphan Actors (0.000 secs)
[2020.11.18-23.42.12:020][  0]LogUObjectHash: Compacting FUObjectHashTables data took   0.63ms
[2020.11.18-23.42.12:029][  0]Cmd: MAP CHECKDEP NOCLEARLOG
[2020.11.18-23.42.12:029][  0]MapCheck: Map check complete: 0 Error(s), 0 Warning(s), took 0.117ms to complete.
[2020.11.18-23.42.12:029][  0]LogFileHelpers: Loading map 'ThirdPersonExampleMap' took 2.961
[2020.11.18-23.42.13:331][  0]LogUnrealEdMisc: Total Editor Startup Time, took 432.878
[2020.11.18-23.42.57:434][  0]LogSlate: Updating window title bar state: overlay mode, drag disabled, window buttons hidden, title bar hidden
[2020.11.18-23.42.57:442][  0]LogSlate: Updating window title bar state: overlay mode, drag disabled, window buttons hidden, title bar hidden
[2020.11.18-23.42.57:450][  0]LogSlate: Updating window title bar state: overlay mode, drag disabled, window buttons hidden, title bar hidden
[2020.11.18-23.42.57:457][  0]LogSlate: Updating window title bar state: overlay mode, drag disabled, window buttons hidden, title bar hidden
[2020.11.18-23.42.58:065][  0]LogCollectionManager: Loaded 0 collections in 0.002392 seconds
[2020.11.18-23.42.58:369][  0]LogFileCache: Scanning file cache for directory 'E:/Projects/Personal Projects/-raisethegamejam-2020/RaiseTheGameJame2020/Saved/Collections/' took 0.00s
[2020.11.18-23.42.58:369][  0]LogFileCache: Scanning file cache for directory 'E:/Projects/Personal Projects/-raisethegamejam-2020/RaiseTheGameJame2020/Content/Developers/John/Collections/' took 0.00s
[2020.11.18-23.42.58:369][  0]LogFileCache: Scanning file cache for directory 'E:/Projects/Personal Projects/-raisethegamejam-2020/RaiseTheGameJame2020/Content/Collections/' took 0.00s
[2020.11.18-23.42.58:369][  0]LogContentBrowser: Native class hierarchy populated in 0.0459 seconds. Added 3432 classes and 824 folders.
[2020.11.18-23.42.58:539][  0]LogContentBrowser: Native class hierarchy updated for 'WidgetCarousel' in 0.0007 seconds. Added 0 classes and 0 folders.
[2020.11.18-23.42.59:155][  0]LogContentBrowser: Native class hierarchy updated for 'AddContentDialog' in 0.0007 seconds. Added 0 classes and 0 folders.
[2020.11.18-23.42.59:199][  0]LogContentBrowser: Native class hierarchy updated for 'SceneOutliner' in 0.0008 seconds. Added 2 classes and 0 folders.
[2020.11.18-23.42.59:767][  0]LogSlate: Took 0.024405 seconds to synchronously load lazily loaded font '../../../Engine/Content/Slate/Fonts/Roboto-Regular.ttf' (155K)
[2020.11.18-23.42.59:817][  0]LogSlate: Took 0.014711 seconds to synchronously load lazily loaded font '../../../Engine/Content/Slate/Fonts/Roboto-Bold.ttf' (160K)
[2020.11.18-23.42.59:868][  0]LogSlate: Took 0.017388 seconds to synchronously load lazily loaded font '../../../Engine/Content/Editor/Slate/Fonts/FontAwesome.ttf' (139K)
[2020.11.18-23.43.00:255][  0]LogRenderer: Reallocating scene render targets to support 1208x652 Format 10 NumSamples 1 (Frame:1).
[2020.11.18-23.43.01:731][  0]LogContentBrowser: Native class hierarchy updated for 'HierarchicalLODOutliner' in 0.0008 seconds. Added 0 classes and 0 folders.
[2020.11.18-23.43.01:731][  0]LogLoad: (Engine Initialization) Total time: 481.28 seconds
[2020.11.18-23.43.01:731][  0]LogLoad: (Engine Initialization) Total Blueprint compile time: 0.00 seconds
[2020.11.18-23.43.02:463][  0]LogContentStreaming: Texture pool size now 1000 MB
[2020.11.18-23.43.02:746][  0]LogSlate: Took 0.017799 seconds to synchronously load lazily loaded font '../../../Engine/Content/Slate/Fonts/Roboto-Light.ttf' (167K)
[2020.11.18-23.43.02:938][  1]LogAssetRegistry: Asset discovery search completed in 328.5802 seconds
[2020.11.18-23.43.02:961][  1]LogCollectionManager: Fixed up redirectors for 0 collections in 0.000003 seconds (updated 0 objects)
[2020.11.18-23.45.07:582][442]LogEditorViewport: Clicking on Actor (context menu): StaticMeshActor (Floor)
[2020.11.18-23.45.08:607][442]LogEditorViewport: Clicking on Actor (context menu): StaticMeshActor (Floor)
[2020.11.18-23.45.08:672][442]LogEditorViewport: Clicking on Actor (context menu): StaticMeshActor (Floor)
[2020.11.18-23.45.17:868][790]LogSlate: Took 0.000195 seconds to synchronously load lazily loaded font '../../../Engine/Content/Slate/Fonts/Roboto-Light.ttf' (167K)
[2020.11.18-23.45.21:269][790]LogAssetEditorSubsystem: Opening Asset editor for World /Game/Maps/JohnsTestLevel.JohnsTestLevel
[2020.11.18-23.45.21:307][790]LogUObjectHash: Compacting FUObjectHashTables data took   0.65ms
[2020.11.18-23.45.21:310][790]Cmd: MAP LOAD FILE="E:/Projects/Personal Projects/-raisethegamejam-2020/RaiseTheGameJame2020/Content/Maps/JohnsTestLevel.umap" TEMPLATE=0 SHOWPROGRESS=1 FEATURELEVEL=3
[2020.11.18-23.45.21:310][790]LightingResults: New page: Lighting Build
[2020.11.18-23.45.21:310][790]LoadErrors: New page: Loading map: JohnsTestLevel.umap
[2020.11.18-23.45.21:408][790]LogWorld: UWorld::CleanupWorld for ThirdPersonExampleMap, bSessionEnded=true, bCleanupResources=true
[2020.11.18-23.45.21:420][790]LogSlate: InvalidateAllWidgets triggered.  All widgets were invalidated
[2020.11.18-23.45.21:420][790]MapCheck: New page: Map Check
[2020.11.18-23.45.21:420][790]LightingResults: New page: Lighting Build
[2020.11.18-23.45.22:880][790]LogAISub: UAISubsystem::~UAISubsystem EnvQueryManager (0000018D5DBABE00), frame # 790
[2020.11.18-23.45.22:880][790]LogAISub: UAISubsystem::~UAISubsystem AIPerceptionSystem (0000018D5B8B56C0), frame # 790
[2020.11.18-23.45.22:881][790]LogUObjectHash: Compacting FUObjectHashTables data took   0.64ms
[2020.11.18-23.45.24:464][790]LogEditorServer: Finished looking for orphan Actors (0.000 secs)
[2020.11.18-23.45.24:464][790]LogAIModule: Creating AISystem for world JohnsTestLevel
[2020.11.18-23.45.24:464][790]LogAISub: UAISubsystem::UAISubsystem EnvQueryManager (0000018D5DBA3000), frame # 790
[2020.11.18-23.45.24:974][790]LogAISub: UAISubsystem::UAISubsystem AIPerceptionSystem (0000018D5B8EDBC0), frame # 790
[2020.11.18-23.45.26:117][790]LogUObjectHash: Compacting FUObjectHashTables data took   0.62ms
[2020.11.18-23.45.26:146][790]Cmd: MAP CHECKDEP NOCLEARLOG
[2020.11.18-23.45.26:146][790]MapCheck: Map check complete: 0 Error(s), 0 Warning(s), took 0.137ms to complete.
[2020.11.18-23.45.26:147][790]LogFileHelpers: Loading map 'JohnsTestLevel' took 4.837
[2020.11.18-23.45.31:019][976]LogTemp: Repeating last play command: Selected Viewport
[2020.11.18-23.45.40:047][976]LogPlayLevel: PlayLevel: No blueprints needed recompiling
[2020.11.18-23.45.42:076][976]PIE: New page: PIE session: JohnsTestLevel (Nov 18, 2020, 11:45:41 PM)
[2020.11.18-23.45.46:716][976]LogOnline: OSS: Creating online subsystem instance for: NULL
[2020.11.18-23.45.46:744][976]LogOnline: OSS: TryLoadSubsystemAndSetDefault: Loaded subsystem for module [NULL]
[2020.11.18-23.45.46:775][976]LogPlayLevel: Creating play world package: /Game/Maps/UEDPIE_0_JohnsTestLevel
[2020.11.18-23.45.48:873][976]LogPlayLevel: PIE: StaticDuplicateObject took: (2.098729s)
[2020.11.18-23.45.48:893][976]LogAIModule: Creating AISystem for world JohnsTestLevel
[2020.11.18-23.45.48:893][976]LogAISub: UAISubsystem::UAISubsystem EnvQueryManager (0000018D69A53C00), frame # 976
[2020.11.18-23.45.48:893][976]LogAISub: UAISubsystem::UAISubsystem AIPerceptionSystem (0000018D35330E00), frame # 976
[2020.11.18-23.45.48:894][976]LogPlayLevel: PIE: World Init took: (0.019583s)
[2020.11.18-23.45.48:894][976]LogPlayLevel: PIE: Created PIE world by copying editor world from /Game/Maps/JohnsTestLevel.JohnsTestLevel to /Game/Maps/UEDPIE_0_JohnsTestLevel.JohnsTestLevel (2.119295s)
[2020.11.18-23.45.48:917][976]LogUObjectHash: Compacting FUObjectHashTables data took   0.56ms
[2020.11.18-23.45.49:466][976]LogAudioMixer: Display: Audio Mixer Platform Settings:
[2020.11.18-23.45.49:466][976]LogAudioMixer: Display: 	Sample Rate:						  48000
[2020.11.18-23.45.49:467][976]LogAudioMixer: Display: 	Callback Buffer Frame Size Requested: 1024
[2020.11.18-23.45.49:467][976]LogAudioMixer: Display: 	Callback Buffer Frame Size To Use:	  1024
[2020.11.18-23.45.49:467][976]LogAudioMixer: Display: 	Number of buffers to queue:			  2
[2020.11.18-23.45.49:467][976]LogAudioMixer: Display: 	Max Channels (voices):				  32
[2020.11.18-23.45.49:467][976]LogAudioMixer: Display: 	Number of Async Source Workers:		  0
[2020.11.18-23.45.49:467][976]LogAudio: Display: AudioDevice MaxSources: 32
[2020.11.18-23.45.49:468][976]LogAudio: Display: Using built-in audio occlusion.
[2020.11.18-23.45.49:468][976]LogAudioMixer: Display: Initializing audio mixer.
[2020.11.18-23.45.49:476][976]LogAudioMixer: Display: 0: FrontLeft
[2020.11.18-23.45.49:476][976]LogAudioMixer: Display: 1: FrontRight
[2020.11.18-23.45.49:477][976]LogAudioMixer: Display: 2: FrontCenter
[2020.11.18-23.45.49:477][976]LogAudioMixer: Display: 3: LowFrequency
[2020.11.18-23.45.49:477][976]LogAudioMixer: Display: 4: BackLeft
[2020.11.18-23.45.49:477][976]LogAudioMixer: Display: 5: BackRight
[2020.11.18-23.45.49:477][976]LogAudioMixer: Display: 6: SideLeft
[2020.11.18-23.45.49:477][976]LogAudioMixer: Display: 7: SideRight
[2020.11.18-23.45.49:521][976]LogAudioMixer: Display: Using Audio Device Headset Earphone (Corsair VOID PRO Wireless Gaming Headset)
[2020.11.18-23.45.49:521][976]LogAudioMixer: Display: Initializing Sound Submixes...
[2020.11.18-23.45.49:521][976]LogAudioMixer: Display: Creating Master Submix 'MasterSubmixDefault'
[2020.11.18-23.45.49:521][976]LogAudioMixer: Display: Creating Master Submix 'MasterReverbSubmixDefault'
[2020.11.18-23.45.49:522][976]LogAudioMixer: Display: Creating Master Submix 'MasterEQSubmixDefault'
[2020.11.18-23.45.49:534][976]LogInit: FAudioDevice initialized.
[2020.11.18-23.45.50:317][976]LogLoad: Game class is 'RaiseTheGameJame2020GameMode'
[2020.11.18-23.45.51:261][976]LogWorld: Bringing World /Game/Maps/UEDPIE_0_JohnsTestLevel.JohnsTestLevel up for play (max tick rate 3) at 2020.11.18-23.45.51
[2020.11.18-23.45.57:272][976]LogWorld: Bringing up level for play took: 6.776662
[2020.11.18-23.45.57:277][976]LogOnline: OSS: Creating online subsystem instance for: :Context_3
[2020.11.18-23.46.11:185][976]LogContentBrowser: Native class hierarchy updated for 'MovieSceneCapture' in 0.0007 seconds. Added 20 classes and 0 folders.
[2020.11.18-23.46.22:113][976]PIE: Server logged in
[2020.11.18-23.46.23:377][976]PIE: Play in editor total start time 51.479 seconds.
[2020.11.18-23.47.09:488][738]LogSlate: Updating window title bar state: overlay mode, drag disabled, window buttons hidden, title bar hidden
[2020.11.18-23.47.09:490][738]LogWorld: BeginTearingDown for /Game/Maps/UEDPIE_0_JohnsTestLevel
[2020.11.18-23.47.11:224][738]LogWorld: UWorld::CleanupWorld for JohnsTestLevel, bSessionEnded=true, bCleanupResources=true
[2020.11.18-23.47.11:225][738]LogSlate: InvalidateAllWidgets triggered.  All widgets were invalidated
[2020.11.18-23.47.11:327][738]LogPlayLevel: Display: Shutting down PIE online subsystems
[2020.11.18-23.47.11:357][738]LogSlate: InvalidateAllWidgets triggered.  All widgets were invalidated
[2020.11.18-23.47.11:367][738]LogSlate: Updating window title bar state: overlay mode, drag disabled, window buttons hidden, title bar hidden
[2020.11.18-23.47.11:630][738]LogAISub: UAISubsystem::~UAISubsystem AIPerceptionSystem (0000018D35330E00), frame # 1738
[2020.11.18-23.47.11:630][738]LogAISub: UAISubsystem::~UAISubsystem EnvQueryManager (0000018D69A53C00), frame # 1738
[2020.11.18-23.47.11:678][738]LogUObjectHash: Compacting FUObjectHashTables data took   1.09ms
[2020.11.18-23.47.11:748][739]LogPlayLevel: Display: Destroying online subsystem :Context_3
[2020.11.18-23.48.41:753][159]Candidate modules for hot reload:
[2020.11.18-23.48.41:754][159]  RaiseTheGameJame2020
[2020.11.18-23.48.41:754][159]Launching UnrealBuildTool... [D:/Program Files/Epic Games/UE_4.25/Engine/Binaries/DotNET/UnrealBuildTool.exe  -ModuleWithSuffix=RaiseTheGameJame2020,2033 RaiseTheGameJame2020Editor Win64 Development -Project="E:/Projects/Personal Projects/-raisethegamejam-2020/RaiseTheGameJame2020/RaiseTheGameJame2020.uproject" "E:/Projects/Personal Projects/-raisethegamejam-2020/RaiseTheGameJame2020/RaiseTheGameJame2020.uproject"  -IgnoreJunk]
[2020.11.18-23.48.44:058][159]Warning: Starting HotReload took 20.1s.
[2020.11.18-23.49.01:552][159]LogAudioMixer: Display: Audio Buffer Underrun detected.
[2020.11.18-23.49.27:818][254]LogEditorViewport: Clicking on Actor (LMB): StaticMeshActor (1M_Cube_Chamfer)
[2020.11.18-23.49.33:935][814]LogEditorViewport: Clicking on Actor (LMB): StaticMeshActor (LeftArm_StaticMesh)
[2020.11.18-23.49.34:702][879]LogEditorViewport: Clicking on Actor (LMB): StaticMeshActor (Bump_StaticMesh)
[2020.11.18-23.49.35:234][938]LogEditorViewport: Clicking on Actor (LMB): StaticMeshActor (RightArm_StaticMesh)
[2020.11.18-23.49.35:952][ 18]LogEditorViewport: Clicking on Actor (LMB): StaticMeshActor (Linear_Stair_StaticMesh)
[2020.11.18-23.49.37:176][155]LogEditorViewport: Clicking on Actor (LMB): StaticMeshActor (Ramp_StaticMesh)
[2020.11.18-23.49.41:717][660]CompilerResultsLog: New page: Compilation - Nov 18, 2020, 11:49:41 PM
[2020.11.18-23.49.41:740][660]CompilerResultsLog: Using 'git status' to determine working set for adaptive non-unity build (E:\Projects\Personal Projects\-raisethegamejam-2020).
[2020.11.18-23.49.41:740][660]CompilerResultsLog: Building RaiseTheGameJame2020Editor...
[2020.11.18-23.49.41:740][660]CompilerResultsLog: Using Visual Studio 2019 14.25.28614 toolchain (C:\Program Files (x86)\Microsoft Visual Studio\2019\Community\VC\Tools\MSVC\14.25.28610) and Windows 10.0.18362.0 SDK (C:\Program Files (x86)\Windows Kits\10).
[2020.11.18-23.49.41:740][660]CompilerResultsLog: Building 4 actions with 8 processes...
[2020.11.18-23.49.41:740][660]CompilerResultsLog:   [1/4] GoToLocationAgentTask.cpp
[2020.11.18-23.49.41:740][660]CompilerResultsLog:   E:\Projects\Personal Projects\-raisethegamejam-2020\RaiseTheGameJame2020\Source\RaiseTheGameJame2020\Public\IAgentTask.h(24): warning C4265: 'IAgentTask': class has virtual functions, but its non-trivial destructor is not virtual; instances of this class may not be destructed correctly
[2020.11.18-23.49.41:740][660]CompilerResultsLog:   E:\Projects\Personal Projects\-raisethegamejam-2020\RaiseTheGameJame2020\Source\RaiseTheGameJame2020\Public\GoToLocationAgentTask.h(20): warning C4265: 'GoToLocationAgentTask': class has virtual functions, but its non-trivial destructor is not virtual; instances of this class may not be destructed correctly
[2020.11.18-23.49.41:740][660]CompilerResultsLog:   [2/4] UE4Editor-RaiseTheGameJame2020-2033.lib
[2020.11.18-23.49.41:741][660]CompilerResultsLog:      Creating library E:\Projects\Personal Projects\-raisethegamejam-2020\RaiseTheGameJame2020\Intermediate\Build\Win64\UE4Editor\Development\RaiseTheGameJame2020\UE4Editor-RaiseTheGameJame2020-2033.lib and object E:\Projects\Personal Projects\-raisethegamejam-2020\RaiseTheGameJame2020\Intermediate\Build\Win64\UE4Editor\Development\RaiseTheGameJame2020\UE4Editor-RaiseTheGameJame2020-2033.exp
[2020.11.18-23.49.41:741][660]CompilerResultsLog:   [3/4] UE4Editor-RaiseTheGameJame2020-2033.dll
[2020.11.18-23.49.41:741][660]CompilerResultsLog:      Creating library E:\Projects\Personal Projects\-raisethegamejam-2020\RaiseTheGameJame2020\Intermediate\Build\Win64\UE4Editor\Development\RaiseTheGameJame2020\UE4Editor-RaiseTheGameJame2020-2033.suppressed.lib and object E:\Projects\Personal Projects\-raisethegamejam-2020\RaiseTheGameJame2020\Intermediate\Build\Win64\UE4Editor\Development\RaiseTheGameJame2020\UE4Editor-RaiseTheGameJame2020-2033.suppressed.exp
[2020.11.18-23.49.41:741][660]CompilerResultsLog:   [4/4] RaiseTheGameJame2020Editor.target
[2020.11.18-23.49.41:741][660]CompilerResultsLog: Total time in Parallel executor: 12.85 seconds
[2020.11.18-23.49.41:741][660]CompilerResultsLog: Total execution time: 21.16 seconds
[2020.11.18-23.49.41:741][660]LogMainFrame: MainFrame: Module compiling took 68.731 seconds
[2020.11.18-23.49.41:942][660]LogContentBrowser: Native class hierarchy updated for 'RaiseTheGameJame2020' in 0.0005 seconds. Added 5 classes and 3 folders.
[2020.11.18-23.49.41:948][660]Display: HotReload successful (0 functions remapped  0 scriptstructs remapped)
[2020.11.18-23.49.42:763][660]LogContentBrowser: Native class hierarchy populated in 0.0084 seconds. Added 3432 classes and 824 folders.
[2020.11.18-23.49.42:802][660]Display: HotReload took 78.8s.
[2020.11.18-23.49.46:570][ 89]LogTemp: Repeating last play command: Selected Viewport
[2020.11.18-23.49.46:588][ 89]LogPlayLevel: PlayLevel: No blueprints needed recompiling
[2020.11.18-23.49.46:589][ 89]PIE: New page: PIE session: JohnsTestLevel (Nov 18, 2020, 11:49:46 PM)
[2020.11.18-23.49.46:615][ 89]LogPlayLevel: Creating play world package: /Game/Maps/UEDPIE_0_JohnsTestLevel
[2020.11.18-23.49.46:628][ 89]LogPlayLevel: PIE: StaticDuplicateObject took: (0.012658s)
[2020.11.18-23.49.46:630][ 89]LogAIModule: Creating AISystem for world JohnsTestLevel
[2020.11.18-23.49.46:630][ 89]LogAISub: UAISubsystem::UAISubsystem EnvQueryManager (0000018D5E69BC00), frame # 6089
[2020.11.18-23.49.46:630][ 89]LogAISub: UAISubsystem::UAISubsystem AIPerceptionSystem (0000018D5B753380), frame # 6089
[2020.11.18-23.49.46:630][ 89]LogPlayLevel: PIE: World Init took: (0.002077s)
[2020.11.18-23.49.46:630][ 89]LogPlayLevel: PIE: Created PIE world by copying editor world from /Game/Maps/JohnsTestLevel.JohnsTestLevel to /Game/Maps/UEDPIE_0_JohnsTestLevel.JohnsTestLevel (0.015232s)
[2020.11.18-23.49.46:647][ 89]LogUObjectHash: Compacting FUObjectHashTables data took   0.91ms
[2020.11.18-23.49.46:649][ 89]LogAudioMixer: Display: Audio Mixer Platform Settings:
[2020.11.18-23.49.46:649][ 89]LogAudioMixer: Display: 	Sample Rate:						  48000
[2020.11.18-23.49.46:649][ 89]LogAudioMixer: Display: 	Callback Buffer Frame Size Requested: 1024
[2020.11.18-23.49.46:649][ 89]LogAudioMixer: Display: 	Callback Buffer Frame Size To Use:	  1024
[2020.11.18-23.49.46:649][ 89]LogAudioMixer: Display: 	Number of buffers to queue:			  2
[2020.11.18-23.49.46:649][ 89]LogAudioMixer: Display: 	Max Channels (voices):				  32
[2020.11.18-23.49.46:649][ 89]LogAudioMixer: Display: 	Number of Async Source Workers:		  0
[2020.11.18-23.49.46:649][ 89]LogAudio: Display: AudioDevice MaxSources: 32
[2020.11.18-23.49.46:650][ 89]LogAudio: Display: Using built-in audio occlusion.
[2020.11.18-23.49.46:650][ 89]LogAudioMixer: Display: Initializing audio mixer.
[2020.11.18-23.49.46:788][ 89]LogAudioMixer: Display: 0: FrontLeft
[2020.11.18-23.49.46:788][ 89]LogAudioMixer: Display: 1: FrontRight
[2020.11.18-23.49.46:788][ 89]LogAudioMixer: Display: 2: FrontCenter
[2020.11.18-23.49.46:788][ 89]LogAudioMixer: Display: 3: LowFrequency
[2020.11.18-23.49.46:788][ 89]LogAudioMixer: Display: 4: BackLeft
[2020.11.18-23.49.46:789][ 89]LogAudioMixer: Display: 5: BackRight
[2020.11.18-23.49.46:789][ 89]LogAudioMixer: Display: 6: SideLeft
[2020.11.18-23.49.46:789][ 89]LogAudioMixer: Display: 7: SideRight
[2020.11.18-23.49.46:821][ 89]LogAudioMixer: Display: Using Audio Device Headset Earphone (Corsair VOID PRO Wireless Gaming Headset)
[2020.11.18-23.49.46:821][ 89]LogAudioMixer: Display: Initializing Sound Submixes...
[2020.11.18-23.49.46:822][ 89]LogAudioMixer: Display: Creating Master Submix 'MasterSubmixDefault'
[2020.11.18-23.49.46:822][ 89]LogAudioMixer: Display: Creating Master Submix 'MasterReverbSubmixDefault'
[2020.11.18-23.49.46:822][ 89]LogAudioMixer: Display: Creating Master Submix 'MasterEQSubmixDefault'
[2020.11.18-23.49.46:834][ 89]LogInit: FAudioDevice initialized.
[2020.11.18-23.49.46:845][ 89]LogLoad: Game class is 'RaiseTheGameJame2020GameMode'
[2020.11.18-23.49.46:847][ 89]LogWorld: Bringing World /Game/Maps/UEDPIE_0_JohnsTestLevel.JohnsTestLevel up for play (max tick rate 0) at 2020.11.18-23.49.46
[2020.11.18-23.49.46:847][ 89]LogWorld: Bringing up level for play took: 0.001412
[2020.11.18-23.49.46:848][ 89]LogOnline: OSS: Creating online subsystem instance for: :Context_4
[2020.11.18-23.49.46:850][ 89]PIE: Server logged in
[2020.11.18-23.49.46:851][ 89]PIE: Play in editor total start time 0.269 seconds.
[2020.11.18-23.52.25:069][ 98]LogAudioMixer: Display: Audio Buffer Underrun detected.
[2020.11.18-23.52.30:488][ 98]LogAudioMixer: Display: Audio Buffer Underrun detected.
[2020.11.18-23.52.30:488][ 98]LogAudioMixer: Display: Audio Buffer Underrun detected.
[2020.11.18-23.52.30:488][ 98]LogAudioMixer: Display: Audio Buffer Underrun detected.
[2020.11.18-23.52.30:488][ 98]LogAudioMixer: Display: Audio Buffer Underrun detected.
[2020.11.18-23.52.30:488][ 98]LogAudioMixer: Display: Audio Buffer Underrun detected.
[2020.11.18-23.52.30:488][ 98]LogAudioMixer: Display: Audio Buffer Underrun detected.
[2020.11.18-23.52.30:489][ 98]LogAudioMixer: Display: Audio Buffer Underrun detected.
[2020.11.18-23.52.30:489][ 98]LogAudioMixer: Display: Audio Buffer Underrun detected.
[2020.11.18-23.52.30:489][ 98]LogAudioMixer: Display: Audio Buffer Underrun detected.
[2020.11.18-23.52.30:489][ 98]LogAudioMixer: Display: Audio Buffer Underrun detected.
[2020.11.18-23.52.30:489][ 98]LogAudioMixer: Display: Audio Buffer Underrun detected.
[2020.11.18-23.52.30:489][ 98]LogAudioMixer: Display: Audio Buffer Underrun detected.
[2020.11.18-23.52.30:489][ 98]LogAudioMixer: Display: Audio Buffer Underrun detected.
[2020.11.18-23.52.30:489][ 98]LogAudioMixer: Display: Audio Buffer Underrun detected.
[2020.11.18-23.52.30:489][ 98]LogAudioMixer: Display: Audio Buffer Underrun detected.
[2020.11.18-23.52.30:489][ 98]LogAudioMixer: Display: Audio Buffer Underrun detected.
[2020.11.18-23.52.30:490][ 98]LogAudioMixer: Display: Audio Buffer Underrun detected.
[2020.11.18-23.52.30:490][ 98]LogAudioMixer: Display: Audio Buffer Underrun detected.
[2020.11.18-23.52.30:490][ 98]LogAudioMixer: Display: Audio Buffer Underrun detected.
[2020.11.18-23.52.30:490][ 98]LogAudioMixer: Display: Audio Buffer Underrun detected.
[2020.11.18-23.52.30:490][ 98]LogAudioMixer: Display: Audio Buffer Underrun detected.
[2020.11.18-23.52.30:490][ 98]LogAudioMixer: Display: Audio Buffer Underrun detected.
[2020.11.18-23.52.30:490][ 98]LogAudioMixer: Display: Audio Buffer Underrun detected.
[2020.11.18-23.52.30:490][ 98]LogAudioMixer: Display: Audio Buffer Underrun detected.
[2020.11.18-23.52.30:490][ 98]LogAudioMixer: Display: Audio Buffer Underrun detected.
[2020.11.18-23.52.30:490][ 98]LogAudioMixer: Display: Audio Buffer Underrun detected.
[2020.11.18-23.52.30:490][ 98]LogAudioMixer: Display: Audio Buffer Underrun detected.
[2020.11.18-23.52.30:490][ 98]LogAudioMixer: Display: Audio Buffer Underrun detected.
[2020.11.18-23.52.30:490][ 98]LogAudioMixer: Display: Audio Buffer Underrun detected.
[2020.11.18-23.52.30:491][ 98]LogAudioMixer: Display: Audio Buffer Underrun detected.
[2020.11.18-23.52.30:491][ 98]LogAudioMixer: Display: Audio Buffer Underrun detected.
[2020.11.18-23.52.30:491][ 98]LogAudioMixer: Display: Audio Buffer Underrun detected.
[2020.11.18-23.52.30:491][ 98]LogAudioMixer: Display: Audio Buffer Underrun detected.
[2020.11.18-23.52.30:491][ 98]LogAudioMixer: Display: Audio Buffer Underrun detected.
[2020.11.18-23.52.30:491][ 98]LogAudioMixer: Display: Audio Buffer Underrun detected.
[2020.11.18-23.52.30:491][ 98]LogAudioMixer: Display: Audio Buffer Underrun detected.
[2020.11.18-23.52.30:491][ 98]LogAudioMixer: Display: Audio Buffer Underrun detected.
[2020.11.18-23.52.30:491][ 98]LogAudioMixer: Display: Audio Buffer Underrun detected.
[2020.11.18-23.52.30:491][ 98]LogAudioMixer: Display: Audio Buffer Underrun detected.
[2020.11.18-23.52.30:491][ 98]LogAudioMixer: Display: Audio Buffer Underrun detected.
[2020.11.18-23.52.30:492][ 98]LogAudioMixer: Display: Audio Buffer Underrun detected.
[2020.11.18-23.52.30:492][ 98]LogAudioMixer: Display: Audio Buffer Underrun detected.
[2020.11.18-23.52.30:492][ 98]LogAudioMixer: Display: Audio Buffer Underrun detected.
[2020.11.18-23.52.30:492][ 98]LogAudioMixer: Display: Audio Buffer Underrun detected.
[2020.11.18-23.52.30:492][ 98]LogMemory: Warning: Freeing 33554432 bytes from backup pool to handle out of memory.
[2020.11.18-23.52.30:741][ 98]LogAudioMixer: Display: Audio Buffer Underrun detected.
[2020.11.18-23.52.30:748][ 98]LogMemory: Warning: MemoryStats:
	AvailablePhysical 1770184704
	 AvailableVirtual 140716528082944
	     UsedPhysical 3586691072
	 PeakUsedPhysical 8603660288
	      UsedVirtual 14214422528
	  PeakUsedVirtual 24989130752
[2020.11.18-23.52.31:547][ 98]Allocator Stats for TBB: (not implemented)
[2020.11.18-23.52.33:451][ 98]LogOutputDevice: Warning: 

Script Stack (0 frames):

