Log file open, 11/18/20 23:08:18
LogInit: Display: Running engine for game: RaiseTheGameJame2020
LogPlatformFile: Not using cached read wrapper
LogTaskGraph: Started task graph with 5 named threads and 20 total threads with 3 sets of task threads.
LogStats: Stats thread started at 0.297702
LogD3D11RHI: Loaded GFSDK_Aftermath_Lib.x64.dll
LogICUInternationalization: ICU TimeZone Detection - Raw Offset: +0:00, Platform Override: ''
LogPluginManager: Mounting plugin Paper2D
LogPluginManager: Mounting plugin AISupport
LogPluginManager: Mounting plugin LightPropagationVolume
LogPluginManager: Mounting plugin CameraShakePreviewer
LogPluginManager: Mounting plugin ActorLayerUtilities
LogPluginManager: Mounting plugin AnimationSharing
LogPluginManager: Mounting plugin CLionSourceCodeAccess
LogPluginManager: Mounting plugin CodeLiteSourceCodeAccess
LogPluginManager: Mounting plugin GitSourceControl
LogPluginManager: Mounting plugin KDevelopSourceCodeAccess
LogPluginManager: Mounting plugin NullSourceCodeAccess
LogPluginManager: Mounting plugin PerforceSourceControl
LogPluginManager: Mounting plugin PlasticSourceControl
LogPluginManager: Mounting plugin RiderSourceCodeAccess
LogPluginManager: Mounting plugin SubversionSourceControl
LogPluginManager: Mounting plugin UObjectPlugin
LogPluginManager: Mounting plugin VisualStudioCodeSourceCodeAccess
LogPluginManager: Mounting plugin VisualStudioSourceCodeAccess
LogPluginManager: Mounting plugin XCodeSourceCodeAccess
LogPluginManager: Mounting plugin AssetManagerEditor
LogPluginManager: Mounting plugin CryptoKeys
LogPluginManager: Mounting plugin CurveEditorTools
LogPluginManager: Mounting plugin DataValidation
LogPluginManager: Mounting plugin EditorScriptingUtilities
LogPluginManager: Mounting plugin FacialAnimation
LogPluginManager: Mounting plugin GameplayTagsEditor
LogPluginManager: Mounting plugin GeometryMode
LogPluginManager: Mounting plugin MacGraphicsSwitching
LogPluginManager: Mounting plugin MaterialAnalyzer
LogPluginManager: Mounting plugin MobileLauncherProfileWizard
LogPluginManager: Mounting plugin PluginBrowser
LogPluginManager: Mounting plugin SpeedTreeImporter
LogPluginManager: Mounting plugin DatasmithContent
LogPluginManager: Mounting plugin VariantManagerContent
LogPluginManager: Mounting plugin AlembicImporter
LogPluginManager: Mounting plugin AutomationUtils
LogPluginManager: Mounting plugin BackChannel
LogPluginManager: Mounting plugin ChaosCloth
LogPluginManager: Mounting plugin ChaosClothEditor
LogPluginManager: Mounting plugin ChaosEditor
LogPluginManager: Mounting plugin ChaosNiagara
LogPluginManager: Mounting plugin ChaosSolverPlugin
LogPluginManager: Mounting plugin CharacterAI
LogPluginManager: Mounting plugin GeometryCache
LogPluginManager: Mounting plugin GeometryCollectionPlugin
LogPluginManager: Mounting plugin GeometryProcessing
LogPluginManager: Mounting plugin PlanarCut
LogPluginManager: Mounting plugin PlatformCrypto
LogPluginManager: Mounting plugin ProxyLODPlugin
LogPluginManager: Mounting plugin SkeletalReduction
LogPluginManager: Mounting plugin Niagara
LogPluginManager: Mounting plugin MagicLeap
LogPluginManager: Mounting plugin MagicLeapLightEstimation
LogPluginManager: Mounting plugin MagicLeapMedia
LogPluginManager: Mounting plugin MagicLeapPassableWorld
LogPluginManager: Mounting plugin MLSDK
LogPluginManager: Mounting plugin AndroidMedia
LogPluginManager: Mounting plugin AvfMedia
LogPluginManager: Mounting plugin ImgMedia
LogPluginManager: Mounting plugin MediaCompositing
LogPluginManager: Mounting plugin MediaPlayerEditor
LogPluginManager: Mounting plugin WebMMedia
LogPluginManager: Mounting plugin WmfMedia
LogPluginManager: Mounting plugin MeshPainting
LogPluginManager: Mounting plugin TcpMessaging
LogPluginManager: Mounting plugin UdpMessaging
LogPluginManager: Mounting plugin ActorSequence
LogPluginManager: Mounting plugin LevelSequenceEditor
LogPluginManager: Mounting plugin MatineeToLevelSequence
LogPluginManager: Mounting plugin MovieRenderPipeline
LogPluginManager: Mounting plugin TemplateSequence
LogPluginManager: Mounting plugin NetcodeUnitTest
LogPluginManager: Mounting plugin NUTUnrealEngine4
LogPluginManager: Mounting plugin OnlineSubsystemGooglePlay
LogPluginManager: Mounting plugin OnlineSubsystemIOS
LogPluginManager: Mounting plugin OnlineSubsystem
LogPluginManager: Mounting plugin OnlineSubsystemNull
LogPluginManager: Mounting plugin OnlineSubsystemUtils
LogPluginManager: Mounting plugin LauncherChunkInstaller
LogPluginManager: Mounting plugin AndroidDeviceProfileSelector
LogPluginManager: Mounting plugin AndroidMoviePlayer
LogPluginManager: Mounting plugin AndroidPermission
LogPluginManager: Mounting plugin AppleImageUtils
LogPluginManager: Mounting plugin AppleMoviePlayer
LogPluginManager: Mounting plugin ArchVisCharacter
LogPluginManager: Mounting plugin AssetTags
LogPluginManager: Mounting plugin AudioCapture
LogPluginManager: Mounting plugin CableComponent
LogPluginManager: Mounting plugin CustomMeshComponent
LogPluginManager: Mounting plugin EditableMesh
LogPluginManager: Mounting plugin ExampleDeviceProfileSelector
LogPluginManager: Mounting plugin GoogleCloudMessaging
LogPluginManager: Mounting plugin GooglePAD
LogPluginManager: Mounting plugin IOSDeviceProfileSelector
LogPluginManager: Mounting plugin LinuxDeviceProfileSelector
LogPluginManager: Mounting plugin LocationServicesBPLibrary
LogPluginManager: Mounting plugin MobilePatchingUtils
LogPluginManager: Mounting plugin OculusVR
LogPluginManager: Mounting plugin PhysXVehicles
LogPluginManager: Mounting plugin PostSplashScreen
LogPluginManager: Mounting plugin ProceduralMeshComponent
LogPluginManager: Mounting plugin RuntimePhysXCooking
LogPluginManager: Mounting plugin SignificanceManager
LogPluginManager: Mounting plugin SoundFields
LogPluginManager: Mounting plugin SteamVR
LogPluginManager: Mounting plugin Synthesis
LogPluginManager: Mounting plugin WebMMoviePlayer
LogPluginManager: Mounting plugin WindowsMoviePlayer
LogPluginManager: Mounting plugin ScreenshotTools
LogInit: Using libcurl 7.55.1-DEV
LogInit:  - built for x86_64-pc-win32
LogInit:  - supports SSL with OpenSSL/1.1.1
LogInit:  - supports HTTP deflate (compression) using libz 1.2.8
LogInit:  - other features:
LogInit:      CURL_VERSION_SSL
LogInit:      CURL_VERSION_LIBZ
LogInit:      CURL_VERSION_IPV6
LogInit:      CURL_VERSION_ASYNCHDNS
LogInit:      CURL_VERSION_LARGEFILE
LogInit:      CURL_VERSION_IDN
LogInit:  CurlRequestOptions (configurable via config and command line):
LogInit:  - bVerifyPeer = true  - Libcurl will verify peer certificate
LogInit:  - bUseHttpProxy = false  - Libcurl will NOT use HTTP proxy
LogInit:  - bDontReuseConnections = false  - Libcurl will reuse connections
LogInit:  - MaxHostConnections = 16  - Libcurl will limit the number of connections to a host
LogInit:  - LocalHostAddr = Default
LogInit:  - BufferSize = 65536
LogOnline: OSS: Creating online subsystem instance for: NULL
LogInit: WinSock: version 1.1 (2.2), MaxSocks=32767, MaxUdp=65467
LogOnline: OSS: TryLoadSubsystemAndSetDefault: Loaded subsystem for module [NULL]
LogInit: Build: ++UE4+Release-4.25-CL-14469661
LogInit: Engine Version: 4.25.4-14469661+++UE4+Release-4.25
LogInit: Compatible Engine Version: 4.25.0-13144385+++UE4+Release-4.25
LogInit: Net CL: 13144385
LogInit: OS: Windows 10 (Release 2004) (), CPU: Intel(R) Core(TM) i5-8400 CPU @ 2.80GHz, GPU: NVIDIA GeForce GTX 1050 Ti
LogInit: Compiled (64-bit): Oct 11 2020 08:10:49
LogInit: Compiled with Visual C++: 19.24.28315.00
LogInit: Build Configuration: Development
LogInit: Branch Name: ++UE4+Release-4.25
LogInit: Command Line:  -skipcompile
LogInit: Base Directory: C:/Program Files/Epic Games/UE_4.25/Engine/Binaries/Win64/
LogInit: Allocator: TBB
LogInit: Installed Engine Build: 1
LogDevObjectVersion: Number of dev versions registered: 26
LogDevObjectVersion:   Dev-Blueprints (B0D832E4-1F89-4F0D-ACCF-7EB736FD4AA2): 10
LogDevObjectVersion:   Dev-Build (E1C64328-A22C-4D53-A36C-8E866417BD8C): 0
LogDevObjectVersion:   Dev-Core (375EC13C-06E4-48FB-B500-84F0262A717E): 4
LogDevObjectVersion:   Dev-Editor (E4B068ED-F494-42E9-A231-DA0B2E46BB41): 38
LogDevObjectVersion:   Dev-Framework (CFFC743F-43B0-4480-9391-14DF171D2073): 37
LogDevObjectVersion:   Dev-Mobile (B02B49B5-BB20-44E9-A304-32B752E40360): 2
LogDevObjectVersion:   Dev-Networking (A4E4105C-59A1-49B5-A7C5-40C4547EDFEE): 0
LogDevObjectVersion:   Dev-Online (39C831C9-5AE6-47DC-9A44-9C173E1C8E7C): 0
LogDevObjectVersion:   Dev-Physics (78F01B33-EBEA-4F98-B9B4-84EACCB95AA2): 4
LogDevObjectVersion:   Dev-Platform (6631380F-2D4D-43E0-8009-CF276956A95A): 0
LogDevObjectVersion:   Dev-Rendering (12F88B9F-8875-4AFC-A67C-D90C383ABD29): 43
LogDevObjectVersion:   Dev-Sequencer (7B5AE74C-D270-4C10-A958-57980B212A5A): 12
LogDevObjectVersion:   Dev-VR (D7296918-1DD6-4BDD-9DE2-64A83CC13884): 3
LogDevObjectVersion:   Dev-LoadTimes (C2A15278-BFE7-4AFE-6C17-90FF531DF755): 1
LogDevObjectVersion:   Private-Geometry (6EACA3D4-40EC-4CC1-B786-8BED09428FC5): 3
LogDevObjectVersion:   Dev-AnimPhys (29E575DD-E0A3-4627-9D10-D276232CDCEA): 17
LogDevObjectVersion:   Dev-Anim (AF43A65D-7FD3-4947-9873-3E8ED9C1BB05): 7
LogDevObjectVersion:   Dev-ReflectionCapture (6B266CEC-1EC7-4B8F-A30B-E4D90942FC07): 1
LogDevObjectVersion:   Dev-Automation (0DF73D61-A23F-47EA-B727-89E90C41499A): 1
LogDevObjectVersion:   FortniteMain (601D1886-AC64-4F84-AA16-D3DE0DEAC7D6): 31
LogDevObjectVersion:   Dev-Enterprise (9DFFBCD6-494F-0158-E221-12823C92A888): 10
LogDevObjectVersion:   Dev-Niagara (F2AED0AC-9AFE-416F-8664-AA7FFA26D6FC): 1
LogDevObjectVersion:   Dev-Destruction (174F1F0B-B4C6-45A5-B13F-2EE8D0FB917D): 10
LogDevObjectVersion:   Dev-Physics-Ext (35F94A83-E258-406C-A318-09F59610247C): 37
LogDevObjectVersion:   Dev-PhysicsMaterial-Chaos (B68FC16E-8B1B-42E2-B453-215C058844FE): 1
LogDevObjectVersion:   Dev-CineCamera (B2E18506-4273-CFC2-A54E-F4BB758BBA07): 1
LogInit: Presizing for max 25165824 objects, including 0 objects not considered by GC, pre-allocating 0 bytes for permanent pool.
LogConfig: Applying CVar settings from Section [/Script/Engine.StreamingSettings] File [C:/Users/onlyr/OneDrive - Staffordshire University/GameJam/WORKINGONE/-raisethegamejam-2020/RaiseTheGameJame2020/Saved/Config/Windows/Engine.ini]
LogConfig: Setting CVar [[s.MinBulkDataSizeForAsyncLoading:131072]]
LogConfig: Setting CVar [[s.AsyncLoadingThreadEnabled:0]]
LogConfig: Setting CVar [[s.EventDrivenLoaderEnabled:1]]
LogConfig: Setting CVar [[s.WarnIfTimeLimitExceeded:0]]
LogConfig: Setting CVar [[s.TimeLimitExceededMultiplier:1.5]]
LogConfig: Setting CVar [[s.TimeLimitExceededMinTime:0.005]]
LogConfig: Setting CVar [[s.UseBackgroundLevelStreaming:1]]
LogConfig: Setting CVar [[s.PriorityAsyncLoadingExtraTime:15.0]]
LogConfig: Setting CVar [[s.LevelStreamingActorsUpdateTimeLimit:5.0]]
LogConfig: Setting CVar [[s.PriorityLevelStreamingActorsUpdateExtraTime:5.0]]
LogConfig: Setting CVar [[s.LevelStreamingComponentsRegistrationGranularity:10]]
LogConfig: Setting CVar [[s.UnregisterComponentsTimeLimit:1.0]]
LogConfig: Setting CVar [[s.LevelStreamingComponentsUnregistrationGranularity:5]]
LogConfig: Setting CVar [[s.FlushStreamingOnExit:1]]
LogInit: Object subsystem initialized
LogConfig: Setting CVar [[con.DebugEarlyDefault:1]]
LogConfig: Setting CVar [[r.setres:1280x720]]
[2020.11.18-23.08.18:601][  0]LogConfig: Setting CVar [[r.VSync:0]]
[2020.11.18-23.08.18:601][  0]LogConfig: Setting CVar [[r.RHICmdBypass:0]]
[2020.11.18-23.08.18:601][  0]LogConfig: Applying CVar settings from Section [/Script/Engine.RendererSettings] File [C:/Users/onlyr/OneDrive - Staffordshire University/GameJam/WORKINGONE/-raisethegamejam-2020/RaiseTheGameJame2020/Saved/Config/Windows/Engine.ini]
[2020.11.18-23.08.18:601][  0]LogConfig: Setting CVar [[r.GPUCrashDebugging:0]]
[2020.11.18-23.08.18:601][  0]LogConfig: Applying CVar settings from Section [/Script/Engine.RendererOverrideSettings] File [C:/Users/onlyr/OneDrive - Staffordshire University/GameJam/WORKINGONE/-raisethegamejam-2020/RaiseTheGameJame2020/Saved/Config/Windows/Engine.ini]
[2020.11.18-23.08.18:601][  0]LogConfig: Applying CVar settings from Section [/Script/Engine.StreamingSettings] File [C:/Users/onlyr/OneDrive - Staffordshire University/GameJam/WORKINGONE/-raisethegamejam-2020/RaiseTheGameJame2020/Saved/Config/Windows/Engine.ini]
[2020.11.18-23.08.18:601][  0]LogConfig: Setting CVar [[s.MinBulkDataSizeForAsyncLoading:131072]]
[2020.11.18-23.08.18:601][  0]LogConfig: Setting CVar [[s.AsyncLoadingThreadEnabled:0]]
[2020.11.18-23.08.18:601][  0]LogConfig: Setting CVar [[s.EventDrivenLoaderEnabled:1]]
[2020.11.18-23.08.18:601][  0]LogConfig: Setting CVar [[s.WarnIfTimeLimitExceeded:0]]
[2020.11.18-23.08.18:602][  0]LogConfig: Setting CVar [[s.TimeLimitExceededMultiplier:1.5]]
[2020.11.18-23.08.18:602][  0]LogConfig: Setting CVar [[s.TimeLimitExceededMinTime:0.005]]
[2020.11.18-23.08.18:602][  0]LogConfig: Setting CVar [[s.UseBackgroundLevelStreaming:1]]
[2020.11.18-23.08.18:602][  0]LogConfig: Setting CVar [[s.PriorityAsyncLoadingExtraTime:15.0]]
[2020.11.18-23.08.18:602][  0]LogConfig: Setting CVar [[s.LevelStreamingActorsUpdateTimeLimit:5.0]]
[2020.11.18-23.08.18:602][  0]LogConfig: Setting CVar [[s.PriorityLevelStreamingActorsUpdateExtraTime:5.0]]
[2020.11.18-23.08.18:602][  0]LogConfig: Setting CVar [[s.LevelStreamingComponentsRegistrationGranularity:10]]
[2020.11.18-23.08.18:602][  0]LogConfig: Setting CVar [[s.UnregisterComponentsTimeLimit:1.0]]
[2020.11.18-23.08.18:602][  0]LogConfig: Setting CVar [[s.LevelStreamingComponentsUnregistrationGranularity:5]]
[2020.11.18-23.08.18:602][  0]LogConfig: Setting CVar [[s.FlushStreamingOnExit:1]]
[2020.11.18-23.08.18:602][  0]LogConfig: Applying CVar settings from Section [/Script/Engine.GarbageCollectionSettings] File [C:/Users/onlyr/OneDrive - Staffordshire University/GameJam/WORKINGONE/-raisethegamejam-2020/RaiseTheGameJame2020/Saved/Config/Windows/Engine.ini]
[2020.11.18-23.08.18:602][  0]LogConfig: Setting CVar [[gc.MaxObjectsNotConsideredByGC:1]]
[2020.11.18-23.08.18:602][  0]LogConfig: Setting CVar [[gc.SizeOfPermanentObjectPool:0]]
[2020.11.18-23.08.18:602][  0]LogConfig: Setting CVar [[gc.FlushStreamingOnGC:0]]
[2020.11.18-23.08.18:602][  0]LogConfig: Setting CVar [[gc.NumRetriesBeforeForcingGC:10]]
[2020.11.18-23.08.18:602][  0]LogConfig: Setting CVar [[gc.AllowParallelGC:1]]
[2020.11.18-23.08.18:602][  0]LogConfig: Setting CVar [[gc.TimeBetweenPurgingPendingKillObjects:61.1]]
[2020.11.18-23.08.18:602][  0]LogConfig: Setting CVar [[gc.MaxObjectsInEditor:25165824]]
[2020.11.18-23.08.18:602][  0]LogConfig: Setting CVar [[gc.IncrementalBeginDestroyEnabled:1]]
[2020.11.18-23.08.18:602][  0]LogConfig: Setting CVar [[gc.CreateGCClusters:1]]
[2020.11.18-23.08.18:602][  0]LogConfig: Setting CVar [[gc.MinGCClusterSize:5]]
[2020.11.18-23.08.18:602][  0]LogConfig: Setting CVar [[gc.ActorClusteringEnabled:0]]
[2020.11.18-23.08.18:602][  0]LogConfig: Setting CVar [[gc.BlueprintClusteringEnabled:0]]
[2020.11.18-23.08.18:602][  0]LogConfig: Setting CVar [[gc.UseDisregardForGCOnDedicatedServers:0]]
[2020.11.18-23.08.18:602][  0]LogConfig: Applying CVar settings from Section [/Script/Engine.NetworkSettings] File [C:/Users/onlyr/OneDrive - Staffordshire University/GameJam/WORKINGONE/-raisethegamejam-2020/RaiseTheGameJame2020/Saved/Config/Windows/Engine.ini]
[2020.11.18-23.08.18:603][  0]LogConfig: Applying CVar settings from Section [/Script/UnrealEd.CookerSettings] File [C:/Users/onlyr/OneDrive - Staffordshire University/GameJam/WORKINGONE/-raisethegamejam-2020/RaiseTheGameJame2020/Saved/Config/Windows/Engine.ini]
[2020.11.18-23.08.18:608][  0]LogConfig: Applying CVar settings from Section [ViewDistanceQuality@3] File [C:/Users/onlyr/OneDrive - Staffordshire University/GameJam/WORKINGONE/-raisethegamejam-2020/RaiseTheGameJame2020/Saved/Config/Windows/Scalability.ini]
[2020.11.18-23.08.18:608][  0]LogConfig: Setting CVar [[r.SkeletalMeshLODBias:0]]
[2020.11.18-23.08.18:608][  0]LogConfig: Setting CVar [[r.ViewDistanceScale:1.0]]
[2020.11.18-23.08.18:608][  0]LogConfig: Applying CVar settings from Section [AntiAliasingQuality@3] File [C:/Users/onlyr/OneDrive - Staffordshire University/GameJam/WORKINGONE/-raisethegamejam-2020/RaiseTheGameJame2020/Saved/Config/Windows/Scalability.ini]
[2020.11.18-23.08.18:608][  0]LogConfig: Setting CVar [[r.PostProcessAAQuality:4]]
[2020.11.18-23.08.18:609][  0]LogConfig: Applying CVar settings from Section [ShadowQuality@3] File [C:/Users/onlyr/OneDrive - Staffordshire University/GameJam/WORKINGONE/-raisethegamejam-2020/RaiseTheGameJame2020/Saved/Config/Windows/Scalability.ini]
[2020.11.18-23.08.18:609][  0]LogConfig: Setting CVar [[r.LightFunctionQuality:1]]
[2020.11.18-23.08.18:609][  0]LogConfig: Setting CVar [[r.ShadowQuality:5]]
[2020.11.18-23.08.18:609][  0]LogConfig: Setting CVar [[r.Shadow.CSM.MaxCascades:10]]
[2020.11.18-23.08.18:609][  0]LogConfig: Setting CVar [[r.Shadow.MaxResolution:2048]]
[2020.11.18-23.08.18:609][  0]LogConfig: Setting CVar [[r.Shadow.MaxCSMResolution:2048]]
[2020.11.18-23.08.18:609][  0]LogConfig: Setting CVar [[r.Shadow.RadiusThreshold:0.01]]
[2020.11.18-23.08.18:609][  0]LogConfig: Setting CVar [[r.Shadow.DistanceScale:1.0]]
[2020.11.18-23.08.18:609][  0]LogConfig: Setting CVar [[r.Shadow.CSM.TransitionScale:1.0]]
[2020.11.18-23.08.18:609][  0]LogConfig: Setting CVar [[r.Shadow.PreShadowResolutionFactor:1.0]]
[2020.11.18-23.08.18:609][  0]LogConfig: Setting CVar [[r.DistanceFieldShadowing:1]]
[2020.11.18-23.08.18:609][  0]LogConfig: Setting CVar [[r.DistanceFieldAO:1]]
[2020.11.18-23.08.18:609][  0]LogConfig: Setting CVar [[r.AOQuality:2]]
[2020.11.18-23.08.18:609][  0]LogConfig: Setting CVar [[r.VolumetricFog:1]]
[2020.11.18-23.08.18:609][  0]LogConfig: Setting CVar [[r.VolumetricFog.GridPixelSize:8]]
[2020.11.18-23.08.18:609][  0]LogConfig: Setting CVar [[r.VolumetricFog.GridSizeZ:128]]
[2020.11.18-23.08.18:609][  0]LogConfig: Setting CVar [[r.VolumetricFog.HistoryMissSupersampleCount:4]]
[2020.11.18-23.08.18:609][  0]LogConfig: Setting CVar [[r.LightMaxDrawDistanceScale:1]]
[2020.11.18-23.08.18:609][  0]LogConfig: Setting CVar [[r.CapsuleShadows:1]]
[2020.11.18-23.08.18:609][  0]LogConfig: Applying CVar settings from Section [PostProcessQuality@3] File [C:/Users/onlyr/OneDrive - Staffordshire University/GameJam/WORKINGONE/-raisethegamejam-2020/RaiseTheGameJame2020/Saved/Config/Windows/Scalability.ini]
[2020.11.18-23.08.18:609][  0]LogConfig: Setting CVar [[r.MotionBlurQuality:4]]
[2020.11.18-23.08.18:610][  0]LogConfig: Setting CVar [[r.AmbientOcclusionMipLevelFactor:0.4]]
[2020.11.18-23.08.18:610][  0]LogConfig: Setting CVar [[r.AmbientOcclusionMaxQuality:100]]
[2020.11.18-23.08.18:610][  0]LogConfig: Setting CVar [[r.AmbientOcclusionLevels:-1]]
[2020.11.18-23.08.18:610][  0]LogConfig: Setting CVar [[r.AmbientOcclusionRadiusScale:1.0]]
[2020.11.18-23.08.18:610][  0]LogConfig: Setting CVar [[r.DepthOfFieldQuality:2]]
[2020.11.18-23.08.18:610][  0]LogConfig: Setting CVar [[r.RenderTargetPoolMin:400]]
[2020.11.18-23.08.18:610][  0]LogConfig: Setting CVar [[r.LensFlareQuality:2]]
[2020.11.18-23.08.18:610][  0]LogConfig: Setting CVar [[r.SceneColorFringeQuality:1]]
[2020.11.18-23.08.18:610][  0]LogConfig: Setting CVar [[r.EyeAdaptationQuality:2]]
[2020.11.18-23.08.18:610][  0]LogConfig: Setting CVar [[r.BloomQuality:5]]
[2020.11.18-23.08.18:610][  0]LogConfig: Setting CVar [[r.FastBlurThreshold:100]]
[2020.11.18-23.08.18:610][  0]LogConfig: Setting CVar [[r.Upscale.Quality:3]]
[2020.11.18-23.08.18:610][  0]LogConfig: Setting CVar [[r.Tonemapper.GrainQuantization:1]]
[2020.11.18-23.08.18:610][  0]LogConfig: Setting CVar [[r.LightShaftQuality:1]]
[2020.11.18-23.08.18:610][  0]LogConfig: Setting CVar [[r.Filter.SizeScale:1]]
[2020.11.18-23.08.18:610][  0]LogConfig: Setting CVar [[r.Tonemapper.Quality:5]]
[2020.11.18-23.08.18:610][  0]LogConfig: Setting CVar [[r.DOF.Gather.AccumulatorQuality:1        ; higher gathering accumulator quality]]
[2020.11.18-23.08.18:610][  0]LogConfig: Setting CVar [[r.DOF.Gather.PostfilterMethod:1          ; Median3x3 postfilering method]]
[2020.11.18-23.08.18:610][  0]LogConfig: Setting CVar [[r.DOF.Gather.EnableBokehSettings:0       ; no bokeh simulation when gathering]]
[2020.11.18-23.08.18:610][  0]LogConfig: Setting CVar [[r.DOF.Gather.RingCount:4                 ; medium number of samples when gathering]]
[2020.11.18-23.08.18:610][  0]LogConfig: Setting CVar [[r.DOF.Scatter.ForegroundCompositing:1    ; additive foreground scattering]]
[2020.11.18-23.08.18:610][  0]LogConfig: Setting CVar [[r.DOF.Scatter.BackgroundCompositing:2    ; additive background scattering]]
[2020.11.18-23.08.18:610][  0]LogConfig: Setting CVar [[r.DOF.Scatter.EnableBokehSettings:1      ; bokeh simulation when scattering]]
[2020.11.18-23.08.18:610][  0]LogConfig: Setting CVar [[r.DOF.Scatter.MaxSpriteRatio:0.1         ; only a maximum of 10% of scattered bokeh]]
[2020.11.18-23.08.18:611][  0]LogConfig: Setting CVar [[r.DOF.Recombine.Quality:1                ; cheap slight out of focus]]
[2020.11.18-23.08.18:611][  0]LogConfig: Setting CVar [[r.DOF.Recombine.EnableBokehSettings:0    ; no bokeh simulation on slight out of focus]]
[2020.11.18-23.08.18:611][  0]LogConfig: Setting CVar [[r.DOF.TemporalAAQuality:1                ; more stable temporal accumulation]]
[2020.11.18-23.08.18:611][  0]LogConfig: Setting CVar [[r.DOF.Kernel.MaxForegroundRadius:0.025]]
[2020.11.18-23.08.18:611][  0]LogConfig: Setting CVar [[r.DOF.Kernel.MaxBackgroundRadius:0.025]]
[2020.11.18-23.08.18:611][  0]LogConfig: Applying CVar settings from Section [TextureQuality@3] File [C:/Users/onlyr/OneDrive - Staffordshire University/GameJam/WORKINGONE/-raisethegamejam-2020/RaiseTheGameJame2020/Saved/Config/Windows/Scalability.ini]
[2020.11.18-23.08.18:611][  0]LogConfig: Setting CVar [[r.Streaming.MipBias:0]]
[2020.11.18-23.08.18:611][  0]LogConfig: Setting CVar [[r.Streaming.AmortizeCPUToGPUCopy:0]]
[2020.11.18-23.08.18:611][  0]LogConfig: Setting CVar [[r.Streaming.MaxNumTexturesToStreamPerFrame:0]]
[2020.11.18-23.08.18:611][  0]LogConfig: Setting CVar [[r.Streaming.Boost:1]]
[2020.11.18-23.08.18:611][  0]LogConfig: Setting CVar [[r.MaxAnisotropy:8]]
[2020.11.18-23.08.18:611][  0]LogConfig: Setting CVar [[r.VT.MaxAnisotropy:8]]
[2020.11.18-23.08.18:611][  0]LogConfig: Setting CVar [[r.Streaming.LimitPoolSizeToVRAM:0]]
[2020.11.18-23.08.18:611][  0]LogConfig: Setting CVar [[r.Streaming.PoolSize:1000]]
[2020.11.18-23.08.18:611][  0]LogConfig: Setting CVar [[r.Streaming.MaxEffectiveScreenSize:0]]
[2020.11.18-23.08.18:611][  0]LogConfig: Applying CVar settings from Section [EffectsQuality@3] File [C:/Users/onlyr/OneDrive - Staffordshire University/GameJam/WORKINGONE/-raisethegamejam-2020/RaiseTheGameJame2020/Saved/Config/Windows/Scalability.ini]
[2020.11.18-23.08.18:611][  0]LogConfig: Setting CVar [[r.TranslucencyLightingVolumeDim:64]]
[2020.11.18-23.08.18:611][  0]LogConfig: Setting CVar [[r.RefractionQuality:2]]
[2020.11.18-23.08.18:611][  0]LogConfig: Setting CVar [[r.SSR.Quality:3]]
[2020.11.18-23.08.18:611][  0]LogConfig: Setting CVar [[r.SSR.HalfResSceneColor:0]]
[2020.11.18-23.08.18:611][  0]LogConfig: Setting CVar [[r.SceneColorFormat:4]]
[2020.11.18-23.08.18:611][  0]LogConfig: Setting CVar [[r.DetailMode:2]]
[2020.11.18-23.08.18:611][  0]LogConfig: Setting CVar [[r.TranslucencyVolumeBlur:1]]
[2020.11.18-23.08.18:611][  0]LogConfig: Setting CVar [[r.MaterialQualityLevel:1 ; High quality]]
[2020.11.18-23.08.18:611][  0]LogConfig: Setting CVar [[r.SSS.Scale:1]]
[2020.11.18-23.08.18:612][  0]LogConfig: Setting CVar [[r.SSS.SampleSet:2]]
[2020.11.18-23.08.18:612][  0]LogConfig: Setting CVar [[r.SSS.Quality:1]]
[2020.11.18-23.08.18:612][  0]LogConfig: Setting CVar [[r.SSS.HalfRes:0]]
[2020.11.18-23.08.18:612][  0]LogConfig: Setting CVar [[r.SSGI.Quality:3]]
[2020.11.18-23.08.18:612][  0]LogConfig: Setting CVar [[r.EmitterSpawnRateScale:1.0]]
[2020.11.18-23.08.18:612][  0]LogConfig: Setting CVar [[r.ParticleLightQuality:2]]
[2020.11.18-23.08.18:612][  0]LogConfig: Setting CVar [[r.SkyAtmosphere.AerialPerspectiveLUT.FastApplyOnOpaque:1 ; Always have FastSkyLUT 1 in this case to avoid wrong sky]]
[2020.11.18-23.08.18:612][  0]LogConfig: Setting CVar [[r.SkyAtmosphere.AerialPerspectiveLUT.SampleCountPerSlice:1]]
[2020.11.18-23.08.18:612][  0]LogConfig: Setting CVar [[r.SkyAtmosphere.AerialPerspectiveLUT.DepthResolution:16.0]]
[2020.11.18-23.08.18:612][  0]LogConfig: Setting CVar [[r.SkyAtmosphere.FastSkyLUT:1]]
[2020.11.18-23.08.18:612][  0]LogConfig: Setting CVar [[r.SkyAtmosphere.FastSkyLUT.SampleCountMin:4.0]]
[2020.11.18-23.08.18:612][  0]LogConfig: Setting CVar [[r.SkyAtmosphere.FastSkyLUT.SampleCountMax:32.0]]
[2020.11.18-23.08.18:612][  0]LogConfig: Setting CVar [[r.SkyAtmosphere.SampleCountMin:4.0]]
[2020.11.18-23.08.18:612][  0]LogConfig: Setting CVar [[r.SkyAtmosphere.SampleCountMax:32.0]]
[2020.11.18-23.08.18:612][  0]LogConfig: Setting CVar [[r.SkyAtmosphere.TransmittanceLUT.UseSmallFormat:0]]
[2020.11.18-23.08.18:612][  0]LogConfig: Setting CVar [[r.SkyAtmosphere.TransmittanceLUT.SampleCount:10.0]]
[2020.11.18-23.08.18:612][  0]LogConfig: Setting CVar [[r.SkyAtmosphere.MultiScatteringLUT.SampleCount:15.0]]
[2020.11.18-23.08.18:612][  0]LogConfig: Applying CVar settings from Section [FoliageQuality@3] File [C:/Users/onlyr/OneDrive - Staffordshire University/GameJam/WORKINGONE/-raisethegamejam-2020/RaiseTheGameJame2020/Saved/Config/Windows/Scalability.ini]
[2020.11.18-23.08.18:612][  0]LogConfig: Setting CVar [[foliage.DensityScale:1.0]]
[2020.11.18-23.08.18:612][  0]LogConfig: Setting CVar [[grass.DensityScale:1.0]]
[2020.11.18-23.08.18:612][  0]LogConfig: Applying CVar settings from Section [ShadingQuality@3] File [C:/Users/onlyr/OneDrive - Staffordshire University/GameJam/WORKINGONE/-raisethegamejam-2020/RaiseTheGameJame2020/Saved/Config/Windows/Scalability.ini]
[2020.11.18-23.08.18:612][  0]LogConfig: Setting CVar [[r.HairStrands.SkyLighting.SampleCount:16]]
[2020.11.18-23.08.18:612][  0]LogConfig: Setting CVar [[r.HairStrands.SkyLighting.JitterIntegration:0]]
[2020.11.18-23.08.18:613][  0]LogConfig: Setting CVar [[r.HairStrands.SkyAO.SampleCount:16]]
[2020.11.18-23.08.18:613][  0]LogConfig: Setting CVar [[r.HairStrands.DeepShadow.SuperSampling:0]]
[2020.11.18-23.08.18:613][  0]LogConfig: Setting CVar [[r.HairStrands.VisibilityPPLL:0]]
[2020.11.18-23.08.18:613][  0]LogConfig: Setting CVar [[r.HairStrands.RasterizationScale:0.5]]
[2020.11.18-23.08.18:613][  0]LogConfig: Setting CVar [[r.HairStrands.VelocityRasterizationScale:1]]
[2020.11.18-23.08.18:613][  0]LogInit: Selected Device Profile: [Windows]
[2020.11.18-23.08.18:613][  0]LogInit: Applying CVar settings loaded from the selected device profile: [Windows]
[2020.11.18-23.08.18:613][  0]LogHAL: Display: Platform has ~ 16 GB [17118105600 / 17179869184 / 16], which maps to Larger [LargestMinGB=32, LargerMinGB=12, DefaultMinGB=8, SmallerMinGB=6, SmallestMinGB=0)
[2020.11.18-23.08.18:613][  0]LogInit: Going up to parent DeviceProfile []
[2020.11.18-23.08.18:613][  0]LogConfig: Applying CVar settings from Section [ViewDistanceQuality@3] File [C:/Users/onlyr/OneDrive - Staffordshire University/GameJam/WORKINGONE/-raisethegamejam-2020/RaiseTheGameJame2020/Saved/Config/Windows/Scalability.ini]
[2020.11.18-23.08.18:613][  0]LogConfig: Setting CVar [[r.SkeletalMeshLODBias:0]]
[2020.11.18-23.08.18:613][  0]LogConfig: Setting CVar [[r.ViewDistanceScale:1.0]]
[2020.11.18-23.08.18:613][  0]LogConfig: Applying CVar settings from Section [AntiAliasingQuality@3] File [C:/Users/onlyr/OneDrive - Staffordshire University/GameJam/WORKINGONE/-raisethegamejam-2020/RaiseTheGameJame2020/Saved/Config/Windows/Scalability.ini]
[2020.11.18-23.08.18:613][  0]LogConfig: Setting CVar [[r.PostProcessAAQuality:4]]
[2020.11.18-23.08.18:613][  0]LogConfig: Applying CVar settings from Section [ShadowQuality@3] File [C:/Users/onlyr/OneDrive - Staffordshire University/GameJam/WORKINGONE/-raisethegamejam-2020/RaiseTheGameJame2020/Saved/Config/Windows/Scalability.ini]
[2020.11.18-23.08.18:613][  0]LogConfig: Setting CVar [[r.LightFunctionQuality:1]]
[2020.11.18-23.08.18:613][  0]LogConfig: Setting CVar [[r.ShadowQuality:5]]
[2020.11.18-23.08.18:613][  0]LogConfig: Setting CVar [[r.Shadow.CSM.MaxCascades:10]]
[2020.11.18-23.08.18:613][  0]LogConfig: Setting CVar [[r.Shadow.MaxResolution:2048]]
[2020.11.18-23.08.18:613][  0]LogConfig: Setting CVar [[r.Shadow.MaxCSMResolution:2048]]
[2020.11.18-23.08.18:613][  0]LogConfig: Setting CVar [[r.Shadow.RadiusThreshold:0.01]]
[2020.11.18-23.08.18:613][  0]LogConfig: Setting CVar [[r.Shadow.DistanceScale:1.0]]
[2020.11.18-23.08.18:614][  0]LogConfig: Setting CVar [[r.Shadow.CSM.TransitionScale:1.0]]
[2020.11.18-23.08.18:614][  0]LogConfig: Setting CVar [[r.Shadow.PreShadowResolutionFactor:1.0]]
[2020.11.18-23.08.18:614][  0]LogConfig: Setting CVar [[r.DistanceFieldShadowing:1]]
[2020.11.18-23.08.18:614][  0]LogConfig: Setting CVar [[r.DistanceFieldAO:1]]
[2020.11.18-23.08.18:614][  0]LogConfig: Setting CVar [[r.AOQuality:2]]
[2020.11.18-23.08.18:614][  0]LogConfig: Setting CVar [[r.VolumetricFog:1]]
[2020.11.18-23.08.18:614][  0]LogConfig: Setting CVar [[r.VolumetricFog.GridPixelSize:8]]
[2020.11.18-23.08.18:614][  0]LogConfig: Setting CVar [[r.VolumetricFog.GridSizeZ:128]]
[2020.11.18-23.08.18:614][  0]LogConfig: Setting CVar [[r.VolumetricFog.HistoryMissSupersampleCount:4]]
[2020.11.18-23.08.18:614][  0]LogConfig: Setting CVar [[r.LightMaxDrawDistanceScale:1]]
[2020.11.18-23.08.18:614][  0]LogConfig: Setting CVar [[r.CapsuleShadows:1]]
[2020.11.18-23.08.18:614][  0]LogConfig: Applying CVar settings from Section [PostProcessQuality@3] File [C:/Users/onlyr/OneDrive - Staffordshire University/GameJam/WORKINGONE/-raisethegamejam-2020/RaiseTheGameJame2020/Saved/Config/Windows/Scalability.ini]
[2020.11.18-23.08.18:614][  0]LogConfig: Setting CVar [[r.MotionBlurQuality:4]]
[2020.11.18-23.08.18:614][  0]LogConfig: Setting CVar [[r.AmbientOcclusionMipLevelFactor:0.4]]
[2020.11.18-23.08.18:614][  0]LogConfig: Setting CVar [[r.AmbientOcclusionMaxQuality:100]]
[2020.11.18-23.08.18:614][  0]LogConfig: Setting CVar [[r.AmbientOcclusionLevels:-1]]
[2020.11.18-23.08.18:614][  0]LogConfig: Setting CVar [[r.AmbientOcclusionRadiusScale:1.0]]
[2020.11.18-23.08.18:614][  0]LogConfig: Setting CVar [[r.DepthOfFieldQuality:2]]
[2020.11.18-23.08.18:614][  0]LogConfig: Setting CVar [[r.RenderTargetPoolMin:400]]
[2020.11.18-23.08.18:614][  0]LogConfig: Setting CVar [[r.LensFlareQuality:2]]
[2020.11.18-23.08.18:614][  0]LogConfig: Setting CVar [[r.SceneColorFringeQuality:1]]
[2020.11.18-23.08.18:614][  0]LogConfig: Setting CVar [[r.EyeAdaptationQuality:2]]
[2020.11.18-23.08.18:615][  0]LogConfig: Setting CVar [[r.BloomQuality:5]]
[2020.11.18-23.08.18:615][  0]LogConfig: Setting CVar [[r.FastBlurThreshold:100]]
[2020.11.18-23.08.18:615][  0]LogConfig: Setting CVar [[r.Upscale.Quality:3]]
[2020.11.18-23.08.18:615][  0]LogConfig: Setting CVar [[r.Tonemapper.GrainQuantization:1]]
[2020.11.18-23.08.18:615][  0]LogConfig: Setting CVar [[r.LightShaftQuality:1]]
[2020.11.18-23.08.18:615][  0]LogConfig: Setting CVar [[r.Filter.SizeScale:1]]
[2020.11.18-23.08.18:615][  0]LogConfig: Setting CVar [[r.Tonemapper.Quality:5]]
[2020.11.18-23.08.18:615][  0]LogConfig: Setting CVar [[r.DOF.Gather.AccumulatorQuality:1        ; higher gathering accumulator quality]]
[2020.11.18-23.08.18:615][  0]LogConfig: Setting CVar [[r.DOF.Gather.PostfilterMethod:1          ; Median3x3 postfilering method]]
[2020.11.18-23.08.18:615][  0]LogConfig: Setting CVar [[r.DOF.Gather.EnableBokehSettings:0       ; no bokeh simulation when gathering]]
[2020.11.18-23.08.18:615][  0]LogConfig: Setting CVar [[r.DOF.Gather.RingCount:4                 ; medium number of samples when gathering]]
[2020.11.18-23.08.18:615][  0]LogConfig: Setting CVar [[r.DOF.Scatter.ForegroundCompositing:1    ; additive foreground scattering]]
[2020.11.18-23.08.18:615][  0]LogConfig: Setting CVar [[r.DOF.Scatter.BackgroundCompositing:2    ; additive background scattering]]
[2020.11.18-23.08.18:615][  0]LogConfig: Setting CVar [[r.DOF.Scatter.EnableBokehSettings:1      ; bokeh simulation when scattering]]
[2020.11.18-23.08.18:615][  0]LogConfig: Setting CVar [[r.DOF.Scatter.MaxSpriteRatio:0.1         ; only a maximum of 10% of scattered bokeh]]
[2020.11.18-23.08.18:615][  0]LogConfig: Setting CVar [[r.DOF.Recombine.Quality:1                ; cheap slight out of focus]]
[2020.11.18-23.08.18:615][  0]LogConfig: Setting CVar [[r.DOF.Recombine.EnableBokehSettings:0    ; no bokeh simulation on slight out of focus]]
[2020.11.18-23.08.18:615][  0]LogConfig: Setting CVar [[r.DOF.TemporalAAQuality:1                ; more stable temporal accumulation]]
[2020.11.18-23.08.18:615][  0]LogConfig: Setting CVar [[r.DOF.Kernel.MaxForegroundRadius:0.025]]
[2020.11.18-23.08.18:615][  0]LogConfig: Setting CVar [[r.DOF.Kernel.MaxBackgroundRadius:0.025]]
[2020.11.18-23.08.18:615][  0]LogConfig: Applying CVar settings from Section [TextureQuality@3] File [C:/Users/onlyr/OneDrive - Staffordshire University/GameJam/WORKINGONE/-raisethegamejam-2020/RaiseTheGameJame2020/Saved/Config/Windows/Scalability.ini]
[2020.11.18-23.08.18:615][  0]LogConfig: Setting CVar [[r.Streaming.MipBias:0]]
[2020.11.18-23.08.18:615][  0]LogConfig: Setting CVar [[r.Streaming.AmortizeCPUToGPUCopy:0]]
[2020.11.18-23.08.18:616][  0]LogConfig: Setting CVar [[r.Streaming.MaxNumTexturesToStreamPerFrame:0]]
[2020.11.18-23.08.18:616][  0]LogConfig: Setting CVar [[r.Streaming.Boost:1]]
[2020.11.18-23.08.18:616][  0]LogConfig: Setting CVar [[r.MaxAnisotropy:8]]
[2020.11.18-23.08.18:616][  0]LogConfig: Setting CVar [[r.VT.MaxAnisotropy:8]]
[2020.11.18-23.08.18:616][  0]LogConfig: Setting CVar [[r.Streaming.LimitPoolSizeToVRAM:0]]
[2020.11.18-23.08.18:616][  0]LogConfig: Setting CVar [[r.Streaming.PoolSize:1000]]
[2020.11.18-23.08.18:616][  0]LogConfig: Setting CVar [[r.Streaming.MaxEffectiveScreenSize:0]]
[2020.11.18-23.08.18:616][  0]LogConfig: Applying CVar settings from Section [EffectsQuality@3] File [C:/Users/onlyr/OneDrive - Staffordshire University/GameJam/WORKINGONE/-raisethegamejam-2020/RaiseTheGameJame2020/Saved/Config/Windows/Scalability.ini]
[2020.11.18-23.08.18:616][  0]LogConfig: Setting CVar [[r.TranslucencyLightingVolumeDim:64]]
[2020.11.18-23.08.18:616][  0]LogConfig: Setting CVar [[r.RefractionQuality:2]]
[2020.11.18-23.08.18:616][  0]LogConfig: Setting CVar [[r.SSR.Quality:3]]
[2020.11.18-23.08.18:616][  0]LogConfig: Setting CVar [[r.SSR.HalfResSceneColor:0]]
[2020.11.18-23.08.18:616][  0]LogConfig: Setting CVar [[r.SceneColorFormat:4]]
[2020.11.18-23.08.18:616][  0]LogConfig: Setting CVar [[r.DetailMode:2]]
[2020.11.18-23.08.18:616][  0]LogConfig: Setting CVar [[r.TranslucencyVolumeBlur:1]]
[2020.11.18-23.08.18:616][  0]LogConfig: Setting CVar [[r.MaterialQualityLevel:1 ; High quality]]
[2020.11.18-23.08.18:616][  0]LogConfig: Setting CVar [[r.SSS.Scale:1]]
[2020.11.18-23.08.18:617][  0]LogConfig: Setting CVar [[r.SSS.SampleSet:2]]
[2020.11.18-23.08.18:617][  0]LogConfig: Setting CVar [[r.SSS.Quality:1]]
[2020.11.18-23.08.18:617][  0]LogConfig: Setting CVar [[r.SSS.HalfRes:0]]
[2020.11.18-23.08.18:617][  0]LogConfig: Setting CVar [[r.SSGI.Quality:3]]
[2020.11.18-23.08.18:617][  0]LogConfig: Setting CVar [[r.EmitterSpawnRateScale:1.0]]
[2020.11.18-23.08.18:617][  0]LogConfig: Setting CVar [[r.ParticleLightQuality:2]]
[2020.11.18-23.08.18:617][  0]LogConfig: Setting CVar [[r.SkyAtmosphere.AerialPerspectiveLUT.FastApplyOnOpaque:1 ; Always have FastSkyLUT 1 in this case to avoid wrong sky]]
[2020.11.18-23.08.18:617][  0]LogConfig: Setting CVar [[r.SkyAtmosphere.AerialPerspectiveLUT.SampleCountPerSlice:1]]
[2020.11.18-23.08.18:617][  0]LogConfig: Setting CVar [[r.SkyAtmosphere.AerialPerspectiveLUT.DepthResolution:16.0]]
[2020.11.18-23.08.18:617][  0]LogConfig: Setting CVar [[r.SkyAtmosphere.FastSkyLUT:1]]
[2020.11.18-23.08.18:617][  0]LogConfig: Setting CVar [[r.SkyAtmosphere.FastSkyLUT.SampleCountMin:4.0]]
[2020.11.18-23.08.18:617][  0]LogConfig: Setting CVar [[r.SkyAtmosphere.FastSkyLUT.SampleCountMax:32.0]]
[2020.11.18-23.08.18:617][  0]LogConfig: Setting CVar [[r.SkyAtmosphere.SampleCountMin:4.0]]
[2020.11.18-23.08.18:617][  0]LogConfig: Setting CVar [[r.SkyAtmosphere.SampleCountMax:32.0]]
[2020.11.18-23.08.18:617][  0]LogConfig: Setting CVar [[r.SkyAtmosphere.TransmittanceLUT.UseSmallFormat:0]]
[2020.11.18-23.08.18:617][  0]LogConfig: Setting CVar [[r.SkyAtmosphere.TransmittanceLUT.SampleCount:10.0]]
[2020.11.18-23.08.18:617][  0]LogConfig: Setting CVar [[r.SkyAtmosphere.MultiScatteringLUT.SampleCount:15.0]]
[2020.11.18-23.08.18:617][  0]LogConfig: Applying CVar settings from Section [FoliageQuality@3] File [C:/Users/onlyr/OneDrive - Staffordshire University/GameJam/WORKINGONE/-raisethegamejam-2020/RaiseTheGameJame2020/Saved/Config/Windows/Scalability.ini]
[2020.11.18-23.08.18:617][  0]LogConfig: Setting CVar [[foliage.DensityScale:1.0]]
[2020.11.18-23.08.18:617][  0]LogConfig: Setting CVar [[grass.DensityScale:1.0]]
[2020.11.18-23.08.18:618][  0]LogConfig: Applying CVar settings from Section [ShadingQuality@3] File [C:/Users/onlyr/OneDrive - Staffordshire University/GameJam/WORKINGONE/-raisethegamejam-2020/RaiseTheGameJame2020/Saved/Config/Windows/Scalability.ini]
[2020.11.18-23.08.18:618][  0]LogConfig: Setting CVar [[r.HairStrands.SkyLighting.SampleCount:16]]
[2020.11.18-23.08.18:618][  0]LogConfig: Setting CVar [[r.HairStrands.SkyLighting.JitterIntegration:0]]
[2020.11.18-23.08.18:618][  0]LogConfig: Setting CVar [[r.HairStrands.SkyAO.SampleCount:16]]
[2020.11.18-23.08.18:618][  0]LogConfig: Setting CVar [[r.HairStrands.DeepShadow.SuperSampling:0]]
[2020.11.18-23.08.18:618][  0]LogConfig: Setting CVar [[r.HairStrands.VisibilityPPLL:0]]
[2020.11.18-23.08.18:618][  0]LogConfig: Setting CVar [[r.HairStrands.RasterizationScale:0.5]]
[2020.11.18-23.08.18:618][  0]LogConfig: Setting CVar [[r.HairStrands.VelocityRasterizationScale:1]]
[2020.11.18-23.08.18:618][  0]LogConfig: Applying CVar settings from Section [Startup] File [../../../Engine/Config/ConsoleVariables.ini]
[2020.11.18-23.08.18:618][  0]LogConfig: Setting CVar [[net.UseAdaptiveNetUpdateFrequency:0]]
[2020.11.18-23.08.18:618][  0]LogConfig: Setting CVar [[p.chaos.AllowCreatePhysxBodies:1]]
[2020.11.18-23.08.18:618][  0]LogConfig: Setting CVar [[fx.SkipVectorVMBackendOptimizations:1]]
[2020.11.18-23.08.18:619][  0]LogConfig: Applying CVar settings from Section [ConsoleVariables] File [C:/Users/onlyr/OneDrive - Staffordshire University/GameJam/WORKINGONE/-raisethegamejam-2020/RaiseTheGameJame2020/Saved/Config/Windows/Engine.ini]
[2020.11.18-23.08.18:619][  0]LogInit: Computer: DESKTOP-C123S3I
[2020.11.18-23.08.18:619][  0]LogInit: User: onlyr
[2020.11.18-23.08.18:619][  0]LogInit: CPU Page size=4096, Cores=6
[2020.11.18-23.08.18:619][  0]LogInit: High frequency timer resolution =10.000000 MHz
[2020.11.18-23.08.18:620][  0]LogMemory: Memory total: Physical=15.9GB (16GB approx)
[2020.11.18-23.08.18:620][  0]LogMemory: Platform Memory Stats for Windows
[2020.11.18-23.08.18:620][  0]LogMemory: Process Physical Memory: 115.71 MB used, 115.71 MB peak
[2020.11.18-23.08.18:620][  0]LogMemory: Process Virtual Memory: 103.94 MB used, 103.94 MB peak
[2020.11.18-23.08.18:620][  0]LogMemory: Physical Memory: 9819.45 MB used,  6505.65 MB free, 16325.10 MB total
[2020.11.18-23.08.18:620][  0]LogMemory: Virtual Memory: 5147.09 MB used,  134212584.00 MB free, 134217728.00 MB total
[2020.11.18-23.08.18:629][  0]LogWindows: WindowsPlatformFeatures enabled
[2020.11.18-23.08.18:829][  0]LogInit: Physics initialised using underlying interface: PhysX
[2020.11.18-23.08.18:831][  0]LogInit: Using OS detected language (en-GB).
[2020.11.18-23.08.18:831][  0]LogInit: Using OS detected locale (en-GB).
[2020.11.18-23.08.18:837][  0]LogTextLocalizationManager: No specific localization for 'en-GB' exists, so the 'en' localization will be used.
[2020.11.18-23.08.19:036][  0]LogInit: Setting process to per monitor DPI aware
[2020.11.18-23.08.19:086][  0]LogSlate: New Slate User Created.  User Index 0, Is Virtual User: 0
[2020.11.18-23.08.19:086][  0]LogSlate: Slate User Registered.  User Index 0, Is Virtual User: 0
[2020.11.18-23.08.19:204][  0]LogHMD: Failed to initialize OpenVR with code 110
[2020.11.18-23.08.19:204][  0]LogD3D11RHI: D3D11 min allowed feature level: 11_0
[2020.11.18-23.08.19:204][  0]LogD3D11RHI: D3D11 max allowed feature level: 11_0
[2020.11.18-23.08.19:204][  0]LogD3D11RHI: D3D11 adapters:
[2020.11.18-23.08.19:310][  0]LogD3D11RHI:    0. 'NVIDIA GeForce GTX 1050 Ti' (Feature Level 11_0)
[2020.11.18-23.08.19:310][  0]LogD3D11RHI:       4018/0/8162 MB DedicatedVideo/DedicatedSystem/SharedSystem, Outputs:1, VendorId:0x10de
[2020.11.18-23.08.19:315][  0]LogD3D11RHI:    1. 'Microsoft Basic Render Driver' (Feature Level 11_0)
[2020.11.18-23.08.19:315][  0]LogD3D11RHI:       0/0/8162 MB DedicatedVideo/DedicatedSystem/SharedSystem, Outputs:0, VendorId:0x1414
[2020.11.18-23.08.19:315][  0]LogD3D11RHI: Chosen D3D11 Adapter: 0
[2020.11.18-23.08.19:321][  0]LogD3D11RHI: Creating new Direct3DDevice
[2020.11.18-23.08.19:321][  0]LogD3D11RHI:     GPU DeviceId: 0x1c82 (for the marketing name, search the web for "GPU Device Id")
[2020.11.18-23.08.19:321][  0]LogWindows: EnumDisplayDevices:
[2020.11.18-23.08.19:321][  0]LogWindows:    0. 'NVIDIA GeForce GTX 1050 Ti' (P:1 D:1)
[2020.11.18-23.08.19:322][  0]LogWindows:    1. 'NVIDIA GeForce GTX 1050 Ti' (P:0 D:0)
[2020.11.18-23.08.19:322][  0]LogWindows:    2. 'NVIDIA GeForce GTX 1050 Ti' (P:0 D:0)
[2020.11.18-23.08.19:322][  0]LogWindows:    3. 'NVIDIA GeForce GTX 1050 Ti' (P:0 D:0)
[2020.11.18-23.08.19:322][  0]LogWindows: DebugString: FoundDriverCount:4 
[2020.11.18-23.08.19:322][  0]LogD3D11RHI:     Adapter Name: NVIDIA GeForce GTX 1050 Ti
[2020.11.18-23.08.19:323][  0]LogD3D11RHI:   Driver Version: 457.30 (internal:27.21.14.5730, unified:457.30)
[2020.11.18-23.08.19:323][  0]LogD3D11RHI:      Driver Date: 11-6-2020
[2020.11.18-23.08.19:323][  0]LogRHI: Texture pool is 2812 MB (70% of 4018 MB)
[2020.11.18-23.08.19:386][  0]LogD3D11RHI: RHI has support for 64 bit atomics
[2020.11.18-23.08.19:387][  0]LogD3D11RHI: Async texture creation enabled
[2020.11.18-23.08.19:387][  0]LogD3D11RHI: Array index from any shader is supported
[2020.11.18-23.08.19:409][  0]LogD3D11RHI: GPU Timing Frequency: 1000.000000 (Debug: 2 1)
[2020.11.18-23.08.19:675][  0]LogTargetPlatformManager: Display: Loaded TargetPlatform 'AllDesktop'
[2020.11.18-23.08.19:700][  0]LogTargetPlatformManager: Display: Loaded TargetPlatform 'Android'
[2020.11.18-23.08.19:700][  0]LogTargetPlatformManager: Display: Loaded TargetPlatform 'Android_ASTC'
[2020.11.18-23.08.19:700][  0]LogTargetPlatformManager: Display: Loaded TargetPlatform 'Android_DXT'
[2020.11.18-23.08.19:700][  0]LogTargetPlatformManager: Display: Loaded TargetPlatform 'Android_ETC2'
[2020.11.18-23.08.19:700][  0]LogTargetPlatformManager: Display: Loaded TargetPlatform 'AndroidClient'
[2020.11.18-23.08.19:700][  0]LogTargetPlatformManager: Display: Loaded TargetPlatform 'Android_ASTCClient'
[2020.11.18-23.08.19:700][  0]LogTargetPlatformManager: Display: Loaded TargetPlatform 'Android_DXTClient'
[2020.11.18-23.08.19:700][  0]LogTargetPlatformManager: Display: Loaded TargetPlatform 'Android_ETC2Client'
[2020.11.18-23.08.19:700][  0]LogTargetPlatformManager: Display: Loaded TargetPlatform 'Android_Multi'
[2020.11.18-23.08.19:700][  0]LogTargetPlatformManager: Display: Loaded TargetPlatform 'Android_MultiClient'
[2020.11.18-23.08.19:731][  0]LogTargetPlatformManager: Display: Loaded TargetPlatform 'IOSClient'
[2020.11.18-23.08.19:731][  0]LogTargetPlatformManager: Display: Loaded TargetPlatform 'IOS'
[2020.11.18-23.08.19:743][  0]LogTargetPlatformManager: Display: Loaded TargetPlatform 'Linux'
[2020.11.18-23.08.19:755][  0]LogTargetPlatformManager: Display: Loaded TargetPlatform 'LinuxNoEditor'
[2020.11.18-23.08.19:767][  0]LogTargetPlatformManager: Display: Loaded TargetPlatform 'LinuxClient'
[2020.11.18-23.08.19:778][  0]LogTargetPlatformManager: Display: Loaded TargetPlatform 'LinuxServer'
[2020.11.18-23.08.19:789][  0]LogTargetPlatformManager: Display: Loaded TargetPlatform 'LinuxAArch64NoEditor'
[2020.11.18-23.08.19:800][  0]LogTargetPlatformManager: Display: Loaded TargetPlatform 'LinuxAArch64Client'
[2020.11.18-23.08.19:812][  0]LogTargetPlatformManager: Display: Loaded TargetPlatform 'LinuxAArch64Server'
[2020.11.18-23.08.19:841][  0]LogTargetPlatformManager: Display: Loaded TargetPlatform 'Lumin'
[2020.11.18-23.08.19:841][  0]LogTargetPlatformManager: Display: Loaded TargetPlatform 'LuminClient'
[2020.11.18-23.08.19:858][  0]LogTargetPlatformManager: Display: Loaded TargetPlatform 'TVOSClient'
[2020.11.18-23.08.19:858][  0]LogTargetPlatformManager: Display: Loaded TargetPlatform 'TVOS'
[2020.11.18-23.08.19:869][  0]LogTargetPlatformManager: Display: Loaded TargetPlatform 'WindowsNoEditor'
[2020.11.18-23.08.19:880][  0]LogTargetPlatformManager: Display: Loaded TargetPlatform 'Windows'
[2020.11.18-23.08.19:891][  0]LogTargetPlatformManager: Display: Loaded TargetPlatform 'WindowsClient'
[2020.11.18-23.08.19:901][  0]LogTargetPlatformManager: Display: Loaded TargetPlatform 'WindowsServer'
[2020.11.18-23.08.19:902][  0]LogTargetPlatformManager: Display: Building Assets For Windows
[2020.11.18-23.08.19:917][  0]LogAudioDebug: Display: Lib vorbis DLL was dynamically loaded.
[2020.11.18-23.08.20:027][  0]LogShaderCompilers: Guid format shader working directory is -82 characters bigger than the processId version (../../../../../../Users/onlyr/OneDrive - Staffordshire University/GameJam/WORKINGONE/-raisethegamejam-2020/RaiseTheGameJame2020/Intermediate/Shaders/WorkingDirectory/19776/).
[2020.11.18-23.08.20:028][  0]LogShaderCompilers: Cleaned the shader compiler working directory 'C:/Users/onlyr/AppData/Local/Temp/UnrealShaderWorkingDir/7527F1FF4112FECD71281EA001A934D6/'.
[2020.11.18-23.08.20:028][  0]LogXGEController: Cleaning working directory: C:/Users/onlyr/AppData/Local/Temp/UnrealXGEWorkingDir/
[2020.11.18-23.08.20:028][  0]LogXGEController: Cannot use XGE Controller as Incredibuild is not installed on this machine.
[2020.11.18-23.08.20:028][  0]LogShaderCompilers: Cannot use XGE Shader Compiler as Incredibuild is not installed on this machine.
[2020.11.18-23.08.20:028][  0]LogShaderCompilers: Display: Using Local Shader Compiler.
[2020.11.18-23.08.20:745][  0]LogDerivedDataCache: Display: Max Cache Size: 512 MB
[2020.11.18-23.08.20:798][  0]LogDerivedDataCache: Loaded boot cache 0.05s 79MB C:/Users/onlyr/AppData/Local/UnrealEngine/4.25/DerivedDataCache/Boot.ddc.
[2020.11.18-23.08.20:798][  0]LogDerivedDataCache: Display: Loaded Boot cache: C:/Users/onlyr/AppData/Local/UnrealEngine/4.25/DerivedDataCache/Boot.ddc
[2020.11.18-23.08.20:798][  0]LogDerivedDataCache: FDerivedDataBackendGraph:  Pak pak cache file ../../../../../../Users/onlyr/OneDrive - Staffordshire University/GameJam/WORKINGONE/-raisethegamejam-2020/RaiseTheGameJame2020/DerivedDataCache/DDC.ddp not found, will not use a pak cache.
[2020.11.18-23.08.20:798][  0]LogDerivedDataCache: Unable to find inner node Pak for hierarchical cache Hierarchy.
[2020.11.18-23.08.20:798][  0]LogDerivedDataCache: FDerivedDataBackendGraph:  CompressedPak pak cache file ../../../../../../Users/onlyr/OneDrive - Staffordshire University/GameJam/WORKINGONE/-raisethegamejam-2020/RaiseTheGameJame2020/DerivedDataCache/Compressed.ddp not found, will not use a pak cache.
[2020.11.18-23.08.20:799][  0]LogDerivedDataCache: Unable to find inner node CompressedPak for hierarchical cache Hierarchy.
[2020.11.18-23.08.20:810][  0]LogDerivedDataCache: Display: Pak cache opened for reading ../../../Engine/DerivedDataCache/Compressed.ddp.
[2020.11.18-23.08.20:810][  0]LogDerivedDataCache: FDerivedDataBackendGraph:  EnterprisePak pak cache file ../../../Enterprise/DerivedDataCache/Compressed.ddp not found, will not use a pak cache.
[2020.11.18-23.08.20:810][  0]LogDerivedDataCache: Unable to find inner node EnterprisePak for hierarchical cache Hierarchy.
[2020.11.18-23.08.20:812][  0]LogDerivedDataCache: Using Local data cache path C:/Users/onlyr/AppData/Local/UnrealEngine/Common/DerivedDataCache: Writable
[2020.11.18-23.08.20:812][  0]LogDerivedDataCache: Shared data cache path not found in *engine.ini, will not use an Shared cache.
[2020.11.18-23.08.20:812][  0]LogDerivedDataCache: Unable to find inner node Shared for hierarchical cache Hierarchy.
[2020.11.18-23.08.20:862][  0]LogSlate: Using FreeType 2.10.0
[2020.11.18-23.08.20:863][  0]LogSlate: SlateFontServices - WITH_FREETYPE: 1, WITH_HARFBUZZ: 1
[2020.11.18-23.08.20:891][  0]LogAssetRegistry: FAssetRegistry took 0.0041 seconds to start up
[2020.11.18-23.08.21:106][  0]LogInit: Selected Device Profile: [Windows]
[2020.11.18-23.08.21:246][  0]LogMeshReduction: Using QuadricMeshReduction for automatic static mesh reduction
[2020.11.18-23.08.21:246][  0]LogMeshReduction: Using SimplygonMeshReduction for automatic skeletal mesh reduction
[2020.11.18-23.08.21:246][  0]LogMeshReduction: Using ProxyLODMeshReduction for automatic mesh merging
[2020.11.18-23.08.21:246][  0]LogMeshReduction: No distributed automatic mesh merging module available
[2020.11.18-23.08.21:246][  0]LogMeshMerging: No distributed automatic mesh merging module available
[2020.11.18-23.08.21:262][  0]LogNetVersion: RaiseTheGameJame2020 1.0.0, NetCL: 13144385, EngineNetVer: 14, GameNetVer: 0 (Checksum: 1455622770)
[2020.11.18-23.08.21:658][  0]LogAISub: UAISubsystem::UAISubsystem AISubsystem (000001EB93AC5380), frame # 0
[2020.11.18-23.08.21:658][  0]LogAISub: UAISubsystem::UAISubsystem AIPerceptionSystem (000001EB93A1DA80), frame # 0
[2020.11.18-23.08.21:659][  0]LogAISub: UAISubsystem::UAISubsystem EnvQueryManager (000001EB93A75C00), frame # 0
[2020.11.18-23.08.21:720][  0]LogPackageLocalizationCache: Processed 19 localized package path(s) for 1 prioritized culture(s) in 0.055309 seconds
[2020.11.18-23.08.21:726][  0]LogUObjectArray: 15917 objects as part of root set at end of initial load.
[2020.11.18-23.08.21:726][  0]LogUObjectAllocator: 3965568 out of 0 bytes used by permanent object pool.
[2020.11.18-23.08.21:726][  0]LogUObjectArray: CloseDisregardForGC: 0/0 objects in disregard for GC pool
[2020.11.18-23.08.22:177][  0]LogTcpMessaging: Initializing TcpMessaging bridge
[2020.11.18-23.08.22:183][  0]LogUdpMessaging: Initializing bridge on interface 0.0.0.0:0 to multicast group 230.0.0.1:6666.
[2020.11.18-23.08.22:439][  0]SourceControl: Source control is disabled
[2020.11.18-23.08.22:439][  0]SourceControl: Source control is disabled
[2020.11.18-23.08.22:444][  0]SourceControl: Source control is disabled
[2020.11.18-23.08.22:449][  0]SourceControl: Source control is disabled
[2020.11.18-23.08.22:459][  0]SourceControl: Source control is disabled
[2020.11.18-23.08.22:812][  0]LogAndroidPermission: UAndroidPermissionCallbackProxy::GetInstance
[2020.11.18-23.08.22:844][  0]LogAudioCaptureCore: Display: No Audio Capture implementations found. Audio input will be silent.
[2020.11.18-23.08.22:844][  0]LogAudioCaptureCore: Display: No Audio Capture implementations found. Audio input will be silent.
[2020.11.18-23.08.22:906][  0]LogOcInput: OculusInput pre-init called
[2020.11.18-23.08.22:920][  0]LogWindows: Failed to load 'OVRPlugin.dll' (GetLastError=126)
[2020.11.18-23.08.22:920][  0]LogWindows: File 'OVRPlugin.dll' does not exist
[2020.11.18-23.08.22:990][  0]LogEngine: Initializing Engine...
[2020.11.18-23.08.22:991][  0]LogHMD: Failed to initialize OpenVR with code 110
[2020.11.18-23.08.22:991][  0]LogMagicLeap: Warning: VR disabled because ZI is not enabled.  To enable, in the editor, Edit -> Project Settings -> Plugins -> Magic Leap Plugin -> Enable Zero Iteration
[2020.11.18-23.08.22:992][  0]LogStats: UGameplayTagsManager::InitializeManager -  0.000 s
[2020.11.18-23.08.23:101][  0]LogInit: Initializing FReadOnlyCVARCache
[2020.11.18-23.08.23:110][  0]LogAIModule: Creating AISystem for world Untitled
[2020.11.18-23.08.23:110][  0]LogAISub: UAISubsystem::UAISubsystem EnvQueryManager (000001EB96460600), frame # 0
[2020.11.18-23.08.23:110][  0]LogAISub: UAISubsystem::UAISubsystem AIPerceptionSystem (000001EB9645DF80), frame # 0
[2020.11.18-23.08.23:130][  0]LogAudioMixer: Display: Audio Mixer Platform Settings:
[2020.11.18-23.08.23:130][  0]LogAudioMixer: Display: 	Sample Rate:						  48000
[2020.11.18-23.08.23:131][  0]LogAudioMixer: Display: 	Callback Buffer Frame Size Requested: 1024
[2020.11.18-23.08.23:131][  0]LogAudioMixer: Display: 	Callback Buffer Frame Size To Use:	  1024
[2020.11.18-23.08.23:131][  0]LogAudioMixer: Display: 	Number of buffers to queue:			  2
[2020.11.18-23.08.23:131][  0]LogAudioMixer: Display: 	Max Channels (voices):				  32
[2020.11.18-23.08.23:131][  0]LogAudioMixer: Display: 	Number of Async Source Workers:		  0
[2020.11.18-23.08.23:131][  0]LogAudio: Display: AudioDevice MaxSources: 32
[2020.11.18-23.08.23:132][  0]LogAudio: Display: Using built-in audio occlusion.
[2020.11.18-23.08.23:132][  0]LogAudioMixer: Display: Initializing audio mixer.
[2020.11.18-23.08.23:154][  0]LogAudioMixer: Display: 0: FrontLeft
[2020.11.18-23.08.23:154][  0]LogAudioMixer: Display: 1: FrontRight
[2020.11.18-23.08.23:154][  0]LogAudioMixer: Display: 2: FrontCenter
[2020.11.18-23.08.23:154][  0]LogAudioMixer: Display: 3: LowFrequency
[2020.11.18-23.08.23:154][  0]LogAudioMixer: Display: 4: BackLeft
[2020.11.18-23.08.23:155][  0]LogAudioMixer: Display: 5: BackRight
[2020.11.18-23.08.23:155][  0]LogAudioMixer: Display: 6: SideLeft
[2020.11.18-23.08.23:155][  0]LogAudioMixer: Display: 7: SideRight
[2020.11.18-23.08.23:202][  0]LogAudioMixer: Display: Using Audio Device Speakers (2- Logitech G430 Gaming Headset)
[2020.11.18-23.08.23:205][  0]LogAudioMixer: Display: Initializing Sound Submixes...
[2020.11.18-23.08.23:207][  0]LogAudioMixer: Display: Creating Master Submix 'MasterSubmixDefault'
[2020.11.18-23.08.23:207][  0]LogAudioMixer: Display: Creating Master Submix 'MasterReverbSubmixDefault'
[2020.11.18-23.08.23:209][  0]LogAudioMixer: Display: Creating Master Submix 'MasterEQSubmixDefault'
[2020.11.18-23.08.23:211][  0]LogInit: FAudioDevice initialized.
[2020.11.18-23.08.23:211][  0]LogNetVersion: Set ProjectVersion to 1.0.0.0. Version Checksum will be recalculated on next use.
[2020.11.18-23.08.23:279][  0]LogDerivedDataCache: Saved boot cache 0.07s 79MB C:/Users/onlyr/AppData/Local/UnrealEngine/4.25/DerivedDataCache/Boot.ddc.
[2020.11.18-23.08.23:284][  0]LogInit: Texture streaming: Enabled
[2020.11.18-23.08.23:307][  0]LogEngineSessionManager: EngineSessionManager initialized
[2020.11.18-23.08.23:307][  0]LogEditorSessionSummary: Verbose: Initializing EditorSessionSummaryWriter for editor session tracking
[2020.11.18-23.08.23:311][  0]LogEditorSessionSummary: EditorSessionSummaryWriter initialized
[2020.11.18-23.08.23:369][  0]LogInit: Transaction tracking system initialized
[2020.11.18-23.08.23:399][  0]BlueprintLog: New page: Editor Load
[2020.11.18-23.08.23:500][  0]LocalizationService: Localization service is disabled
[2020.11.18-23.08.23:687][  0]LogCook: Display: Max memory allowance for cook 16384mb min free memory 0mb
[2020.11.18-23.08.23:688][  0]LogCook: Display: Mobile HDR setting 1
[2020.11.18-23.08.23:821][  0]LogFileCache: Scanning file cache for directory 'C:/Users/onlyr/OneDrive - Staffordshire University/GameJam/WORKINGONE/-raisethegamejam-2020/RaiseTheGameJame2020/Content/' took 0.01s
[2020.11.18-23.08.24:086][  0]SourceControl: Source control is disabled
[2020.11.18-23.08.24:086][  0]LogUnrealEdMisc: Loading editor; pre map load, took 7.439
[2020.11.18-23.08.24:087][  0]LightingResults: New page: Lighting Build
[2020.11.18-23.08.24:088][  0]LogWorld: UWorld::CleanupWorld for Untitled, bSessionEnded=true, bCleanupResources=true
[2020.11.18-23.08.24:088][  0]LogSlate: InvalidateAllWidgets triggered.  All widgets were invalidated
[2020.11.18-23.08.24:088][  0]MapCheck: New page: Map Check
[2020.11.18-23.08.24:088][  0]LightingResults: New page: Lighting Build
[2020.11.18-23.08.24:097][  0]LogAISub: UAISubsystem::~UAISubsystem EnvQueryManager (000001EB96460600), frame # 0
[2020.11.18-23.08.24:097][  0]LogAISub: UAISubsystem::~UAISubsystem AIPerceptionSystem (000001EB9645DF80), frame # 0
[2020.11.18-23.08.24:098][  0]LogUObjectHash: Compacting FUObjectHashTables data took   0.69ms
[2020.11.18-23.08.24:160][  0]LogAIModule: Creating AISystem for world ThirdPersonExampleMap
[2020.11.18-23.08.24:160][  0]LogAISub: UAISubsystem::UAISubsystem EnvQueryManager (000001EBA1339E00), frame # 0
[2020.11.18-23.08.24:161][  0]LogAISub: UAISubsystem::UAISubsystem AIPerceptionSystem (000001EB95A051C0), frame # 0
[2020.11.18-23.08.24:173][  0]LogEditorServer: Finished looking for orphan Actors (0.000 secs)
[2020.11.18-23.08.24:185][  0]LogUObjectHash: Compacting FUObjectHashTables data took   0.73ms
[2020.11.18-23.08.24:185][  0]Cmd: MAP CHECKDEP NOCLEARLOG
[2020.11.18-23.08.24:186][  0]MapCheck: Map check complete: 0 Error(s), 0 Warning(s), took 0.264ms to complete.
[2020.11.18-23.08.24:186][  0]LogFileHelpers: Loading map 'ThirdPersonExampleMap' took 0.099
[2020.11.18-23.08.24:189][  0]LogUnrealEdMisc: Total Editor Startup Time, took 7.541
[2020.11.18-23.08.24:338][  0]LogSlate: Updating window title bar state: overlay mode, drag disabled, window buttons hidden, title bar hidden
[2020.11.18-23.08.24:344][  0]LogSlate: Updating window title bar state: overlay mode, drag disabled, window buttons hidden, title bar hidden
[2020.11.18-23.08.24:351][  0]LogSlate: Updating window title bar state: overlay mode, drag disabled, window buttons hidden, title bar hidden
[2020.11.18-23.08.24:358][  0]LogSlate: Updating window title bar state: overlay mode, drag disabled, window buttons hidden, title bar hidden
[2020.11.18-23.08.24:367][  0]LogCollectionManager: Loaded 0 collections in 0.002614 seconds
[2020.11.18-23.08.24:387][  0]LogFileCache: Scanning file cache for directory 'C:/Users/onlyr/OneDrive - Staffordshire University/GameJam/WORKINGONE/-raisethegamejam-2020/RaiseTheGameJame2020/Saved/Collections/' took 0.00s
[2020.11.18-23.08.24:387][  0]LogFileCache: Scanning file cache for directory 'C:/Users/onlyr/OneDrive - Staffordshire University/GameJam/WORKINGONE/-raisethegamejam-2020/RaiseTheGameJame2020/Content/Developers/onlyr/Collections/' took 0.00s
[2020.11.18-23.08.24:387][  0]LogFileCache: Scanning file cache for directory 'C:/Users/onlyr/OneDrive - Staffordshire University/GameJam/WORKINGONE/-raisethegamejam-2020/RaiseTheGameJame2020/Content/Collections/' took 0.00s
[2020.11.18-23.08.24:387][  0]LogContentBrowser: Native class hierarchy populated in 0.0090 seconds. Added 3431 classes and 824 folders.
[2020.11.18-23.08.24:389][  0]LogContentBrowser: Native class hierarchy updated for 'WidgetCarousel' in 0.0004 seconds. Added 0 classes and 0 folders.
[2020.11.18-23.08.24:436][  0]LogContentBrowser: Native class hierarchy updated for 'AddContentDialog' in 0.0005 seconds. Added 0 classes and 0 folders.
[2020.11.18-23.08.24:437][  0]LogContentBrowser: Native class hierarchy updated for 'SceneOutliner' in 0.0005 seconds. Added 2 classes and 0 folders.
[2020.11.18-23.08.24:483][  0]LogSlate: Took 0.000148 seconds to synchronously load lazily loaded font '../../../Engine/Content/Slate/Fonts/Roboto-Regular.ttf' (155K)
[2020.11.18-23.08.24:485][  0]LogSlate: Took 0.000205 seconds to synchronously load lazily loaded font '../../../Engine/Content/Slate/Fonts/Roboto-Bold.ttf' (160K)
[2020.11.18-23.08.24:490][  0]LogSlate: Took 0.000135 seconds to synchronously load lazily loaded font '../../../Engine/Content/Editor/Slate/Fonts/FontAwesome.ttf' (139K)
[2020.11.18-23.08.24:547][  0]LogRenderer: Reallocating scene render targets to support 1288x580 Format 10 NumSamples 1 (Frame:1).
[2020.11.18-23.08.25:094][  0]LogContentBrowser: Native class hierarchy updated for 'HierarchicalLODOutliner' in 0.0005 seconds. Added 0 classes and 0 folders.
[2020.11.18-23.08.25:094][  0]LogLoad: (Engine Initialization) Total time: 8.45 seconds
[2020.11.18-23.08.25:094][  0]LogLoad: (Engine Initialization) Total Blueprint compile time: 0.00 seconds
[2020.11.18-23.08.25:128][  0]LogAssetRegistry: Asset discovery search completed in 4.2395 seconds
[2020.11.18-23.08.25:133][  0]LogCollectionManager: Fixed up redirectors for 0 collections in 0.000003 seconds (updated 0 objects)
[2020.11.18-23.08.25:134][  0]LogContentStreaming: Texture pool size now 1000 MB
[2020.11.18-23.08.25:158][  0]LogSlate: Took 0.000122 seconds to synchronously load lazily loaded font '../../../Engine/Content/Slate/Fonts/Roboto-Light.ttf' (167K)
[2020.11.18-23.08.32:282][811]LogSlate: Took 0.000111 seconds to synchronously load lazily loaded font '../../../Engine/Content/Slate/Fonts/Roboto-Light.ttf' (167K)
[2020.11.18-23.08.32:343][811]LogAssetEditorSubsystem: Opening Asset editor for World /Game/Maps/RhiannonTest.RhiannonTest
[2020.11.18-23.08.32:352][811]LogUObjectHash: Compacting FUObjectHashTables data took   0.78ms
[2020.11.18-23.08.32:354][811]LightingResults: New page: Lighting Build
[2020.11.18-23.08.32:355][811]LoadErrors: New page: Loading map: RhiannonTest.umap
[2020.11.18-23.08.32:382][811]LogWorld: UWorld::CleanupWorld for ThirdPersonExampleMap, bSessionEnded=true, bCleanupResources=true
[2020.11.18-23.08.32:383][811]LogSlate: InvalidateAllWidgets triggered.  All widgets were invalidated
[2020.11.18-23.08.32:383][811]MapCheck: New page: Map Check
[2020.11.18-23.08.32:384][811]LightingResults: New page: Lighting Build
[2020.11.18-23.08.32:393][811]LogAISub: UAISubsystem::~UAISubsystem EnvQueryManager (000001EBA1339E00), frame # 811
[2020.11.18-23.08.32:394][811]LogAISub: UAISubsystem::~UAISubsystem AIPerceptionSystem (000001EB95A051C0), frame # 811
[2020.11.18-23.08.32:395][811]LogUObjectHash: Compacting FUObjectHashTables data took   0.65ms
[2020.11.18-23.08.32:399][811]LogEditorServer: Finished looking for orphan Actors (0.000 secs)
[2020.11.18-23.08.32:404][811]LogAIModule: Creating AISystem for world RhiannonTest
[2020.11.18-23.08.32:405][811]LogAISub: UAISubsystem::UAISubsystem EnvQueryManager (000001EBA12E5000), frame # 811
[2020.11.18-23.08.32:405][811]LogAISub: UAISubsystem::UAISubsystem AIPerceptionSystem (000001EB95B87C40), frame # 811
[2020.11.18-23.08.32:416][811]LogUObjectHash: Compacting FUObjectHashTables data took   0.59ms
[2020.11.18-23.08.32:452][811]Cmd: MAP CHECKDEP NOCLEARLOG
[2020.11.18-23.08.32:454][811]MapCheck: Map check complete: 0 Error(s), 0 Warning(s), took 0.15ms to complete.
[2020.11.18-23.08.32:454][811]LogFileHelpers: Loading map 'RhiannonTest' took 0.100
[2020.11.18-23.08.34:645][ 64]LogEditorViewport: Clicking on Actor (LMB): ThirdPersonCharacter_C (ThirdPersonCharacter)
[2020.11.18-23.08.38:976][431]LogTemp: Repeating last play command: Selected Viewport
[2020.11.18-23.08.38:995][431]LogPlayLevel: PlayLevel: No blueprints needed recompiling
[2020.11.18-23.08.38:995][431]PIE: New page: PIE session: RhiannonTest (18 Nov 2020, 23:08:38)
[2020.11.18-23.08.38:996][431]LogOnline: OSS: Creating online subsystem instance for: NULL
[2020.11.18-23.08.38:998][431]LogOnline: OSS: TryLoadSubsystemAndSetDefault: Loaded subsystem for module [NULL]
[2020.11.18-23.08.38:998][431]LogPlayLevel: Creating play world package: /Game/Maps/UEDPIE_0_RhiannonTest
[2020.11.18-23.08.39:012][431]LogPlayLevel: PIE: StaticDuplicateObject took: (0.013750s)
[2020.11.18-23.08.39:013][431]LogAIModule: Creating AISystem for world RhiannonTest
[2020.11.18-23.08.39:014][431]LogAISub: UAISubsystem::UAISubsystem EnvQueryManager (000001EBCDCA0A00), frame # 1431
[2020.11.18-23.08.39:014][431]LogAISub: UAISubsystem::UAISubsystem AIPerceptionSystem (000001EBABFD8680), frame # 1431
[2020.11.18-23.08.39:014][431]LogPlayLevel: PIE: World Init took: (0.001572s)
[2020.11.18-23.08.39:014][431]LogPlayLevel: PIE: Created PIE world by copying editor world from /Game/Maps/RhiannonTest.RhiannonTest to /Game/Maps/UEDPIE_0_RhiannonTest.RhiannonTest (0.015675s)
[2020.11.18-23.08.39:024][431]LogUObjectHash: Compacting FUObjectHashTables data took   0.79ms
[2020.11.18-23.08.39:026][431]LogAudioMixer: Display: Audio Mixer Platform Settings:
[2020.11.18-23.08.39:026][431]LogAudioMixer: Display: 	Sample Rate:						  48000
[2020.11.18-23.08.39:026][431]LogAudioMixer: Display: 	Callback Buffer Frame Size Requested: 1024
[2020.11.18-23.08.39:026][431]LogAudioMixer: Display: 	Callback Buffer Frame Size To Use:	  1024
[2020.11.18-23.08.39:026][431]LogAudioMixer: Display: 	Number of buffers to queue:			  2
[2020.11.18-23.08.39:026][431]LogAudioMixer: Display: 	Max Channels (voices):				  32
[2020.11.18-23.08.39:026][431]LogAudioMixer: Display: 	Number of Async Source Workers:		  0
[2020.11.18-23.08.39:026][431]LogAudio: Display: AudioDevice MaxSources: 32
[2020.11.18-23.08.39:027][431]LogAudio: Display: Using built-in audio occlusion.
[2020.11.18-23.08.39:027][431]LogAudioMixer: Display: Initializing audio mixer.
[2020.11.18-23.08.39:030][431]LogAudioMixer: Display: 0: FrontLeft
[2020.11.18-23.08.39:030][431]LogAudioMixer: Display: 1: FrontRight
[2020.11.18-23.08.39:030][431]LogAudioMixer: Display: 2: FrontCenter
[2020.11.18-23.08.39:030][431]LogAudioMixer: Display: 3: LowFrequency
[2020.11.18-23.08.39:030][431]LogAudioMixer: Display: 4: BackLeft
[2020.11.18-23.08.39:030][431]LogAudioMixer: Display: 5: BackRight
[2020.11.18-23.08.39:030][431]LogAudioMixer: Display: 6: SideLeft
[2020.11.18-23.08.39:030][431]LogAudioMixer: Display: 7: SideRight
[2020.11.18-23.08.39:059][431]LogAudioMixer: Display: Using Audio Device Speakers (2- Logitech G430 Gaming Headset)
[2020.11.18-23.08.39:059][431]LogAudioMixer: Display: Initializing Sound Submixes...
[2020.11.18-23.08.39:059][431]LogAudioMixer: Display: Creating Master Submix 'MasterSubmixDefault'
[2020.11.18-23.08.39:059][431]LogAudioMixer: Display: Creating Master Submix 'MasterReverbSubmixDefault'
[2020.11.18-23.08.39:059][431]LogAudioMixer: Display: Creating Master Submix 'MasterEQSubmixDefault'
[2020.11.18-23.08.39:072][431]LogInit: FAudioDevice initialized.
[2020.11.18-23.08.39:085][431]LogLoad: Game class is 'RaiseTheGameJame2020GameMode'
[2020.11.18-23.08.39:087][431]LogWorld: Bringing World /Game/Maps/UEDPIE_0_RhiannonTest.RhiannonTest up for play (max tick rate 0) at 2020.11.18-23.08.39
[2020.11.18-23.08.39:088][431]LogWorld: Bringing up level for play took: 0.001629
[2020.11.18-23.08.39:088][431]LogOnline: OSS: Creating online subsystem instance for: :Context_2
[2020.11.18-23.08.39:092][431]LogContentBrowser: Native class hierarchy updated for 'MovieSceneCapture' in 0.0005 seconds. Added 20 classes and 0 folders.
[2020.11.18-23.08.39:093][431]PIE: Server logged in
[2020.11.18-23.08.39:095][431]PIE: Play in editor total start time 0.103 seconds.
[2020.11.18-23.08.46:954][362]LogSlate: Updating window title bar state: overlay mode, drag disabled, window buttons hidden, title bar hidden
[2020.11.18-23.08.46:955][362]LogWorld: BeginTearingDown for /Game/Maps/UEDPIE_0_RhiannonTest
[2020.11.18-23.08.46:955][362]LogWorld: UWorld::CleanupWorld for RhiannonTest, bSessionEnded=true, bCleanupResources=true
[2020.11.18-23.08.46:955][362]LogSlate: InvalidateAllWidgets triggered.  All widgets were invalidated
[2020.11.18-23.08.46:966][362]LogPlayLevel: Display: Shutting down PIE online subsystems
[2020.11.18-23.08.46:967][362]LogSlate: InvalidateAllWidgets triggered.  All widgets were invalidated
[2020.11.18-23.08.46:975][362]LogSlate: Updating window title bar state: overlay mode, drag disabled, window buttons hidden, title bar hidden
[2020.11.18-23.08.47:009][362]LogAISub: UAISubsystem::~UAISubsystem AIPerceptionSystem (000001EBABFD8680), frame # 2362
[2020.11.18-23.08.47:009][362]LogAISub: UAISubsystem::~UAISubsystem EnvQueryManager (000001EBCDCA0A00), frame # 2362
[2020.11.18-23.08.47:011][362]LogUObjectHash: Compacting FUObjectHashTables data took   0.52ms
[2020.11.18-23.08.47:054][363]LogPlayLevel: Display: Destroying online subsystem :Context_2
[2020.11.18-23.09.40:735][280]LogTemp: Repeating last play command: Selected Viewport
[2020.11.18-23.09.40:751][280]LogPlayLevel: PlayLevel: No blueprints needed recompiling
[2020.11.18-23.09.40:751][280]PIE: New page: PIE session: RhiannonTest (18 Nov 2020, 23:09:40)
[2020.11.18-23.09.40:772][280]LogPlayLevel: Creating play world package: /Game/Maps/UEDPIE_0_RhiannonTest
[2020.11.18-23.09.40:781][280]LogPlayLevel: PIE: StaticDuplicateObject took: (0.009300s)
[2020.11.18-23.09.40:782][280]LogAIModule: Creating AISystem for world RhiannonTest
[2020.11.18-23.09.40:782][280]LogAISub: UAISubsystem::UAISubsystem EnvQueryManager (000001EBABA97400), frame # 3280
[2020.11.18-23.09.40:782][280]LogAISub: UAISubsystem::UAISubsystem AIPerceptionSystem (000001EB95B711C0), frame # 3280
[2020.11.18-23.09.40:783][280]LogPlayLevel: PIE: World Init took: (0.001584s)
[2020.11.18-23.09.40:783][280]LogPlayLevel: PIE: Created PIE world by copying editor world from /Game/Maps/RhiannonTest.RhiannonTest to /Game/Maps/UEDPIE_0_RhiannonTest.RhiannonTest (0.011441s)
[2020.11.18-23.09.40:800][280]LogUObjectHash: Compacting FUObjectHashTables data took   0.58ms
[2020.11.18-23.09.40:803][280]LogAudioMixer: Display: Audio Mixer Platform Settings:
[2020.11.18-23.09.40:804][280]LogAudioMixer: Display: 	Sample Rate:						  48000
[2020.11.18-23.09.40:804][280]LogAudioMixer: Display: 	Callback Buffer Frame Size Requested: 1024
[2020.11.18-23.09.40:804][280]LogAudioMixer: Display: 	Callback Buffer Frame Size To Use:	  1024
[2020.11.18-23.09.40:804][280]LogAudioMixer: Display: 	Number of buffers to queue:			  2
[2020.11.18-23.09.40:804][280]LogAudioMixer: Display: 	Max Channels (voices):				  32
[2020.11.18-23.09.40:804][280]LogAudioMixer: Display: 	Number of Async Source Workers:		  0
[2020.11.18-23.09.40:804][280]LogAudio: Display: AudioDevice MaxSources: 32
[2020.11.18-23.09.40:805][280]LogAudio: Display: Using built-in audio occlusion.
[2020.11.18-23.09.40:805][280]LogAudioMixer: Display: Initializing audio mixer.
[2020.11.18-23.09.40:808][280]LogAudioMixer: Display: 0: FrontLeft
[2020.11.18-23.09.40:808][280]LogAudioMixer: Display: 1: FrontRight
[2020.11.18-23.09.40:808][280]LogAudioMixer: Display: 2: FrontCenter
[2020.11.18-23.09.40:808][280]LogAudioMixer: Display: 3: LowFrequency
[2020.11.18-23.09.40:808][280]LogAudioMixer: Display: 4: BackLeft
[2020.11.18-23.09.40:808][280]LogAudioMixer: Display: 5: BackRight
[2020.11.18-23.09.40:808][280]LogAudioMixer: Display: 6: SideLeft
[2020.11.18-23.09.40:808][280]LogAudioMixer: Display: 7: SideRight
[2020.11.18-23.09.40:839][280]LogAudioMixer: Display: Using Audio Device Speakers (2- Logitech G430 Gaming Headset)
[2020.11.18-23.09.40:839][280]LogAudioMixer: Display: Initializing Sound Submixes...
[2020.11.18-23.09.40:839][280]LogAudioMixer: Display: Creating Master Submix 'MasterSubmixDefault'
[2020.11.18-23.09.40:840][280]LogAudioMixer: Display: Creating Master Submix 'MasterReverbSubmixDefault'
[2020.11.18-23.09.40:840][280]LogAudioMixer: Display: Creating Master Submix 'MasterEQSubmixDefault'
[2020.11.18-23.09.40:852][280]LogInit: FAudioDevice initialized.
[2020.11.18-23.09.40:866][280]LogLoad: Game class is 'RaiseTheGameJame2020GameMode'
[2020.11.18-23.09.40:868][280]LogWorld: Bringing World /Game/Maps/UEDPIE_0_RhiannonTest.RhiannonTest up for play (max tick rate 0) at 2020.11.18-23.09.40
[2020.11.18-23.09.40:868][280]LogWorld: Bringing up level for play took: 0.001771
[2020.11.18-23.09.40:868][280]LogOnline: OSS: Creating online subsystem instance for: :Context_3
[2020.11.18-23.09.40:872][280]PIE: Server logged in
[2020.11.18-23.09.40:873][280]PIE: Play in editor total start time 0.122 seconds.
[2020.11.18-23.09.54:223][875]LogSlate: Updating window title bar state: overlay mode, drag disabled, window buttons hidden, title bar hidden
[2020.11.18-23.09.54:223][875]LogWorld: BeginTearingDown for /Game/Maps/UEDPIE_0_RhiannonTest
[2020.11.18-23.09.54:224][875]LogWorld: UWorld::CleanupWorld for RhiannonTest, bSessionEnded=true, bCleanupResources=true
[2020.11.18-23.09.54:224][875]LogSlate: InvalidateAllWidgets triggered.  All widgets were invalidated
[2020.11.18-23.09.54:241][875]LogPlayLevel: Display: Shutting down PIE online subsystems
[2020.11.18-23.09.54:242][875]LogSlate: InvalidateAllWidgets triggered.  All widgets were invalidated
[2020.11.18-23.09.54:250][875]LogSlate: Updating window title bar state: overlay mode, drag disabled, window buttons hidden, title bar hidden
[2020.11.18-23.09.54:297][875]LogAISub: UAISubsystem::~UAISubsystem AIPerceptionSystem (000001EB95B711C0), frame # 4875
[2020.11.18-23.09.54:297][875]LogAISub: UAISubsystem::~UAISubsystem EnvQueryManager (000001EBABA97400), frame # 4875
[2020.11.18-23.09.54:298][875]LogUObjectHash: Compacting FUObjectHashTables data took   0.52ms
[2020.11.18-23.09.54:327][876]LogPlayLevel: Display: Destroying online subsystem :Context_3
[2020.11.18-23.09.55:659][ 34]LogEditorViewport: Clicking on Actor (LMB): ThirdPersonCharacter_C (ThirdPersonCharacter)
[2020.11.18-23.10.02:606][811]LogAssetEditorSubsystem: Opening Asset editor for WidgetBlueprint /Game/UserInterface/GameUI.GameUI
[2020.11.18-23.10.02:776][811]LogContentBrowser: Native class hierarchy updated for 'BlueprintGraph' in 0.0007 seconds. Added 125 classes and 0 folders.
[2020.11.18-23.10.03:880][811]LogSlate: Took 0.000142 seconds to synchronously load lazily loaded font '../../../Engine/Content/Slate/Fonts/Roboto-BoldCondensed.ttf' (158K)
[2020.11.18-23.10.19:356][256]LogSlate: Window 'GameUI' being destroyed
