Log file open, 11/18/20 15:58:18
LogInit: Display: Running engine for game: RaiseTheGameJame2020
LogPlatformFile: Not using cached read wrapper
LogTaskGraph: Started task graph with 5 named threads and 14 total threads with 3 sets of task threads.
LogStats: Stats thread started at 0.470189
LogD3D11RHI: Loaded GFSDK_Aftermath_Lib.x64.dll
LogICUInternationalization: ICU TimeZone Detection - Raw Offset: +0:00, Platform Override: ''
LogPluginManager: Mounting plugin Paper2D
LogPluginManager: Mounting plugin AISupport
LogPluginManager: Mounting plugin LightPropagationVolume
LogPluginManager: Mounting plugin CameraShakePreviewer
LogPluginManager: Mounting plugin ActorLayerUtilities
LogPluginManager: Mounting plugin AnimationSharing
LogPluginManager: Mounting plugin CLionSourceCodeAccess
LogPluginManager: Mounting plugin CodeLiteSourceCodeAccess
LogPluginManager: Mounting plugin GitSourceControl
LogPluginManager: Mounting plugin KDevelopSourceCodeAccess
LogPluginManager: Mounting plugin NullSourceCodeAccess
LogPluginManager: Mounting plugin PerforceSourceControl
LogPluginManager: Mounting plugin PlasticSourceControl
LogPluginManager: Mounting plugin RiderSourceCodeAccess
LogPluginManager: Mounting plugin SubversionSourceControl
LogPluginManager: Mounting plugin UObjectPlugin
LogPluginManager: Mounting plugin VisualStudioCodeSourceCodeAccess
LogPluginManager: Mounting plugin VisualStudioSourceCodeAccess
LogPluginManager: Mounting plugin XCodeSourceCodeAccess
LogPluginManager: Mounting plugin AssetManagerEditor
LogPluginManager: Mounting plugin CryptoKeys
LogPluginManager: Mounting plugin CurveEditorTools
LogPluginManager: Mounting plugin DataValidation
LogPluginManager: Mounting plugin EditorScriptingUtilities
LogPluginManager: Mounting plugin FacialAnimation
LogPluginManager: Mounting plugin GameplayTagsEditor
LogPluginManager: Mounting plugin GeometryMode
LogPluginManager: Mounting plugin MacGraphicsSwitching
LogPluginManager: Mounting plugin MaterialAnalyzer
LogPluginManager: Mounting plugin MobileLauncherProfileWizard
LogPluginManager: Mounting plugin PluginBrowser
LogPluginManager: Mounting plugin SpeedTreeImporter
LogPluginManager: Mounting plugin DatasmithContent
LogPluginManager: Mounting plugin VariantManagerContent
LogPluginManager: Mounting plugin AlembicImporter
LogPluginManager: Mounting plugin AutomationUtils
LogPluginManager: Mounting plugin BackChannel
LogPluginManager: Mounting plugin ChaosCloth
LogPluginManager: Mounting plugin ChaosClothEditor
LogPluginManager: Mounting plugin ChaosEditor
LogPluginManager: Mounting plugin ChaosNiagara
LogPluginManager: Mounting plugin ChaosSolverPlugin
LogPluginManager: Mounting plugin CharacterAI
LogPluginManager: Mounting plugin GeometryCache
LogPluginManager: Mounting plugin GeometryCollectionPlugin
LogPluginManager: Mounting plugin GeometryProcessing
LogPluginManager: Mounting plugin PlanarCut
LogPluginManager: Mounting plugin PlatformCrypto
LogPluginManager: Mounting plugin ProxyLODPlugin
LogPluginManager: Mounting plugin SkeletalReduction
LogPluginManager: Mounting plugin Niagara
LogPluginManager: Mounting plugin MagicLeap
LogPluginManager: Mounting plugin MagicLeapLightEstimation
LogPluginManager: Mounting plugin MagicLeapMedia
LogPluginManager: Mounting plugin MagicLeapPassableWorld
LogPluginManager: Mounting plugin MLSDK
LogPluginManager: Mounting plugin AndroidMedia
LogPluginManager: Mounting plugin AvfMedia
LogPluginManager: Mounting plugin ImgMedia
LogPluginManager: Mounting plugin MediaCompositing
LogPluginManager: Mounting plugin MediaPlayerEditor
LogPluginManager: Mounting plugin WebMMedia
LogPluginManager: Mounting plugin WmfMedia
LogPluginManager: Mounting plugin MeshPainting
LogPluginManager: Mounting plugin TcpMessaging
LogPluginManager: Mounting plugin UdpMessaging
LogPluginManager: Mounting plugin ActorSequence
LogPluginManager: Mounting plugin LevelSequenceEditor
LogPluginManager: Mounting plugin MatineeToLevelSequence
LogPluginManager: Mounting plugin MovieRenderPipeline
LogPluginManager: Mounting plugin TemplateSequence
LogPluginManager: Mounting plugin NetcodeUnitTest
LogPluginManager: Mounting plugin NUTUnrealEngine4
LogPluginManager: Mounting plugin OnlineSubsystemGooglePlay
LogPluginManager: Mounting plugin OnlineSubsystemIOS
LogPluginManager: Mounting plugin OnlineSubsystem
LogPluginManager: Mounting plugin OnlineSubsystemNull
LogPluginManager: Mounting plugin OnlineSubsystemUtils
LogPluginManager: Mounting plugin LauncherChunkInstaller
LogPluginManager: Mounting plugin AndroidDeviceProfileSelector
LogPluginManager: Mounting plugin AndroidMoviePlayer
LogPluginManager: Mounting plugin AndroidPermission
LogPluginManager: Mounting plugin AppleImageUtils
LogPluginManager: Mounting plugin AppleMoviePlayer
LogPluginManager: Mounting plugin ArchVisCharacter
LogPluginManager: Mounting plugin AssetTags
LogPluginManager: Mounting plugin AudioCapture
LogPluginManager: Mounting plugin CableComponent
LogPluginManager: Mounting plugin CustomMeshComponent
LogPluginManager: Mounting plugin EditableMesh
LogPluginManager: Mounting plugin ExampleDeviceProfileSelector
LogPluginManager: Mounting plugin GoogleCloudMessaging
LogPluginManager: Mounting plugin GooglePAD
LogPluginManager: Mounting plugin IOSDeviceProfileSelector
LogPluginManager: Mounting plugin LinuxDeviceProfileSelector
LogPluginManager: Mounting plugin LocationServicesBPLibrary
LogPluginManager: Mounting plugin MobilePatchingUtils
LogPluginManager: Mounting plugin OculusVR
LogPluginManager: Mounting plugin PhysXVehicles
LogPluginManager: Mounting plugin PostSplashScreen
LogPluginManager: Mounting plugin ProceduralMeshComponent
LogPluginManager: Mounting plugin RuntimePhysXCooking
LogPluginManager: Mounting plugin SignificanceManager
LogPluginManager: Mounting plugin SoundFields
LogPluginManager: Mounting plugin SteamVR
LogPluginManager: Mounting plugin Synthesis
LogPluginManager: Mounting plugin WebMMoviePlayer
LogPluginManager: Mounting plugin WindowsMoviePlayer
LogPluginManager: Mounting plugin ScreenshotTools
LogInit: Using libcurl 7.55.1-DEV
LogInit:  - built for x86_64-pc-win32
LogInit:  - supports SSL with OpenSSL/1.1.1
LogInit:  - supports HTTP deflate (compression) using libz 1.2.8
LogInit:  - other features:
LogInit:      CURL_VERSION_SSL
LogInit:      CURL_VERSION_LIBZ
LogInit:      CURL_VERSION_IPV6
LogInit:      CURL_VERSION_ASYNCHDNS
LogInit:      CURL_VERSION_LARGEFILE
LogInit:      CURL_VERSION_IDN
LogInit:  CurlRequestOptions (configurable via config and command line):
LogInit:  - bVerifyPeer = true  - Libcurl will verify peer certificate
LogInit:  - bUseHttpProxy = false  - Libcurl will NOT use HTTP proxy
LogInit:  - bDontReuseConnections = false  - Libcurl will reuse connections
LogInit:  - MaxHostConnections = 16  - Libcurl will limit the number of connections to a host
LogInit:  - LocalHostAddr = Default
LogInit:  - BufferSize = 65536
LogOnline: OSS: Creating online subsystem instance for: NULL
LogInit: WinSock: version 1.1 (2.2), MaxSocks=32767, MaxUdp=65467
LogOnline: OSS: TryLoadSubsystemAndSetDefault: Loaded subsystem for module [NULL]
LogInit: Build: ++UE4+Release-4.25-CL-14469661
LogInit: Engine Version: 4.25.4-14469661+++UE4+Release-4.25
LogInit: Compatible Engine Version: 4.25.0-13144385+++UE4+Release-4.25
LogInit: Net CL: 13144385
LogInit: OS: Windows 10 (Release 2004) (), CPU: Intel(R) Core(TM) i5-4460  CPU @ 3.20GHz, GPU: NVIDIA GeForce GTX 1060 6GB
LogInit: Compiled (64-bit): Oct 11 2020 08:10:49
LogInit: Compiled with Visual C++: 19.24.28315.00
LogInit: Build Configuration: Development
LogInit: Branch Name: ++UE4+Release-4.25
LogInit: Command Line:  -skipcompile
LogInit: Base Directory: C:/Program Files/Epic Games/UE_4.25/Engine/Binaries/Win64/
LogInit: Allocator: TBB
LogInit: Installed Engine Build: 1
LogDevObjectVersion: Number of dev versions registered: 26
LogDevObjectVersion:   Dev-Blueprints (B0D832E4-1F89-4F0D-ACCF-7EB736FD4AA2): 10
LogDevObjectVersion:   Dev-Build (E1C64328-A22C-4D53-A36C-8E866417BD8C): 0
LogDevObjectVersion:   Dev-Core (375EC13C-06E4-48FB-B500-84F0262A717E): 4
LogDevObjectVersion:   Dev-Editor (E4B068ED-F494-42E9-A231-DA0B2E46BB41): 38
LogDevObjectVersion:   Dev-Framework (CFFC743F-43B0-4480-9391-14DF171D2073): 37
LogDevObjectVersion:   Dev-Mobile (B02B49B5-BB20-44E9-A304-32B752E40360): 2
LogDevObjectVersion:   Dev-Networking (A4E4105C-59A1-49B5-A7C5-40C4547EDFEE): 0
LogDevObjectVersion:   Dev-Online (39C831C9-5AE6-47DC-9A44-9C173E1C8E7C): 0
LogDevObjectVersion:   Dev-Physics (78F01B33-EBEA-4F98-B9B4-84EACCB95AA2): 4
LogDevObjectVersion:   Dev-Platform (6631380F-2D4D-43E0-8009-CF276956A95A): 0
LogDevObjectVersion:   Dev-Rendering (12F88B9F-8875-4AFC-A67C-D90C383ABD29): 43
LogDevObjectVersion:   Dev-Sequencer (7B5AE74C-D270-4C10-A958-57980B212A5A): 12
LogDevObjectVersion:   Dev-VR (D7296918-1DD6-4BDD-9DE2-64A83CC13884): 3
LogDevObjectVersion:   Dev-LoadTimes (C2A15278-BFE7-4AFE-6C17-90FF531DF755): 1
LogDevObjectVersion:   Private-Geometry (6EACA3D4-40EC-4CC1-B786-8BED09428FC5): 3
LogDevObjectVersion:   Dev-AnimPhys (29E575DD-E0A3-4627-9D10-D276232CDCEA): 17
LogDevObjectVersion:   Dev-Anim (AF43A65D-7FD3-4947-9873-3E8ED9C1BB05): 7
LogDevObjectVersion:   Dev-ReflectionCapture (6B266CEC-1EC7-4B8F-A30B-E4D90942FC07): 1
LogDevObjectVersion:   Dev-Automation (0DF73D61-A23F-47EA-B727-89E90C41499A): 1
LogDevObjectVersion:   FortniteMain (601D1886-AC64-4F84-AA16-D3DE0DEAC7D6): 31
LogDevObjectVersion:   Dev-Enterprise (9DFFBCD6-494F-0158-E221-12823C92A888): 10
LogDevObjectVersion:   Dev-Niagara (F2AED0AC-9AFE-416F-8664-AA7FFA26D6FC): 1
LogDevObjectVersion:   Dev-Destruction (174F1F0B-B4C6-45A5-B13F-2EE8D0FB917D): 10
LogDevObjectVersion:   Dev-Physics-Ext (35F94A83-E258-406C-A318-09F59610247C): 37
LogDevObjectVersion:   Dev-PhysicsMaterial-Chaos (B68FC16E-8B1B-42E2-B453-215C058844FE): 1
LogDevObjectVersion:   Dev-CineCamera (B2E18506-4273-CFC2-A54E-F4BB758BBA07): 1
LogInit: Presizing for max 25165824 objects, including 0 objects not considered by GC, pre-allocating 0 bytes for permanent pool.
LogConfig: Applying CVar settings from Section [/Script/Engine.StreamingSettings] File [C:/Users/ryem_/Documents/-raisethegamejam-2020/RaiseTheGameJame2020/Saved/Config/Windows/Engine.ini]
LogConfig: Setting CVar [[s.MinBulkDataSizeForAsyncLoading:131072]]
LogConfig: Setting CVar [[s.AsyncLoadingThreadEnabled:0]]
LogConfig: Setting CVar [[s.EventDrivenLoaderEnabled:1]]
LogConfig: Setting CVar [[s.WarnIfTimeLimitExceeded:0]]
LogConfig: Setting CVar [[s.TimeLimitExceededMultiplier:1.5]]
LogConfig: Setting CVar [[s.TimeLimitExceededMinTime:0.005]]
LogConfig: Setting CVar [[s.UseBackgroundLevelStreaming:1]]
LogConfig: Setting CVar [[s.PriorityAsyncLoadingExtraTime:15.0]]
LogConfig: Setting CVar [[s.LevelStreamingActorsUpdateTimeLimit:5.0]]
LogConfig: Setting CVar [[s.PriorityLevelStreamingActorsUpdateExtraTime:5.0]]
LogConfig: Setting CVar [[s.LevelStreamingComponentsRegistrationGranularity:10]]
LogConfig: Setting CVar [[s.UnregisterComponentsTimeLimit:1.0]]
LogConfig: Setting CVar [[s.LevelStreamingComponentsUnregistrationGranularity:5]]
LogConfig: Setting CVar [[s.FlushStreamingOnExit:1]]
LogInit: Object subsystem initialized
LogConfig: Setting CVar [[con.DebugEarlyDefault:1]]
LogConfig: Setting CVar [[r.setres:1280x720]]
[2020.11.18-15.58.19:647][  0]LogConfig: Setting CVar [[r.VSync:0]]
[2020.11.18-15.58.19:647][  0]LogConfig: Setting CVar [[r.RHICmdBypass:0]]
[2020.11.18-15.58.19:648][  0]LogConfig: Applying CVar settings from Section [/Script/Engine.RendererSettings] File [C:/Users/ryem_/Documents/-raisethegamejam-2020/RaiseTheGameJame2020/Saved/Config/Windows/Engine.ini]
[2020.11.18-15.58.19:648][  0]LogConfig: Setting CVar [[r.GPUCrashDebugging:0]]
[2020.11.18-15.58.19:648][  0]LogConfig: Applying CVar settings from Section [/Script/Engine.RendererOverrideSettings] File [C:/Users/ryem_/Documents/-raisethegamejam-2020/RaiseTheGameJame2020/Saved/Config/Windows/Engine.ini]
[2020.11.18-15.58.19:648][  0]LogConfig: Applying CVar settings from Section [/Script/Engine.StreamingSettings] File [C:/Users/ryem_/Documents/-raisethegamejam-2020/RaiseTheGameJame2020/Saved/Config/Windows/Engine.ini]
[2020.11.18-15.58.19:648][  0]LogConfig: Setting CVar [[s.MinBulkDataSizeForAsyncLoading:131072]]
[2020.11.18-15.58.19:648][  0]LogConfig: Setting CVar [[s.AsyncLoadingThreadEnabled:0]]
[2020.11.18-15.58.19:648][  0]LogConfig: Setting CVar [[s.EventDrivenLoaderEnabled:1]]
[2020.11.18-15.58.19:648][  0]LogConfig: Setting CVar [[s.WarnIfTimeLimitExceeded:0]]
[2020.11.18-15.58.19:648][  0]LogConfig: Setting CVar [[s.TimeLimitExceededMultiplier:1.5]]
[2020.11.18-15.58.19:648][  0]LogConfig: Setting CVar [[s.TimeLimitExceededMinTime:0.005]]
[2020.11.18-15.58.19:648][  0]LogConfig: Setting CVar [[s.UseBackgroundLevelStreaming:1]]
[2020.11.18-15.58.19:648][  0]LogConfig: Setting CVar [[s.PriorityAsyncLoadingExtraTime:15.0]]
[2020.11.18-15.58.19:648][  0]LogConfig: Setting CVar [[s.LevelStreamingActorsUpdateTimeLimit:5.0]]
[2020.11.18-15.58.19:648][  0]LogConfig: Setting CVar [[s.PriorityLevelStreamingActorsUpdateExtraTime:5.0]]
[2020.11.18-15.58.19:648][  0]LogConfig: Setting CVar [[s.LevelStreamingComponentsRegistrationGranularity:10]]
[2020.11.18-15.58.19:648][  0]LogConfig: Setting CVar [[s.UnregisterComponentsTimeLimit:1.0]]
[2020.11.18-15.58.19:648][  0]LogConfig: Setting CVar [[s.LevelStreamingComponentsUnregistrationGranularity:5]]
[2020.11.18-15.58.19:648][  0]LogConfig: Setting CVar [[s.FlushStreamingOnExit:1]]
[2020.11.18-15.58.19:648][  0]LogConfig: Applying CVar settings from Section [/Script/Engine.GarbageCollectionSettings] File [C:/Users/ryem_/Documents/-raisethegamejam-2020/RaiseTheGameJame2020/Saved/Config/Windows/Engine.ini]
[2020.11.18-15.58.19:648][  0]LogConfig: Setting CVar [[gc.MaxObjectsNotConsideredByGC:1]]
[2020.11.18-15.58.19:648][  0]LogConfig: Setting CVar [[gc.SizeOfPermanentObjectPool:0]]
[2020.11.18-15.58.19:649][  0]LogConfig: Setting CVar [[gc.FlushStreamingOnGC:0]]
[2020.11.18-15.58.19:649][  0]LogConfig: Setting CVar [[gc.NumRetriesBeforeForcingGC:10]]
[2020.11.18-15.58.19:649][  0]LogConfig: Setting CVar [[gc.AllowParallelGC:1]]
[2020.11.18-15.58.19:649][  0]LogConfig: Setting CVar [[gc.TimeBetweenPurgingPendingKillObjects:61.1]]
[2020.11.18-15.58.19:649][  0]LogConfig: Setting CVar [[gc.MaxObjectsInEditor:25165824]]
[2020.11.18-15.58.19:649][  0]LogConfig: Setting CVar [[gc.IncrementalBeginDestroyEnabled:1]]
[2020.11.18-15.58.19:649][  0]LogConfig: Setting CVar [[gc.CreateGCClusters:1]]
[2020.11.18-15.58.19:649][  0]LogConfig: Setting CVar [[gc.MinGCClusterSize:5]]
[2020.11.18-15.58.19:649][  0]LogConfig: Setting CVar [[gc.ActorClusteringEnabled:0]]
[2020.11.18-15.58.19:649][  0]LogConfig: Setting CVar [[gc.BlueprintClusteringEnabled:0]]
[2020.11.18-15.58.19:649][  0]LogConfig: Setting CVar [[gc.UseDisregardForGCOnDedicatedServers:0]]
[2020.11.18-15.58.19:649][  0]LogConfig: Applying CVar settings from Section [/Script/Engine.NetworkSettings] File [C:/Users/ryem_/Documents/-raisethegamejam-2020/RaiseTheGameJame2020/Saved/Config/Windows/Engine.ini]
[2020.11.18-15.58.19:649][  0]LogConfig: Applying CVar settings from Section [/Script/UnrealEd.CookerSettings] File [C:/Users/ryem_/Documents/-raisethegamejam-2020/RaiseTheGameJame2020/Saved/Config/Windows/Engine.ini]
[2020.11.18-15.58.19:661][  0]LogConfig: Applying CVar settings from Section [ViewDistanceQuality@3] File [C:/Users/ryem_/Documents/-raisethegamejam-2020/RaiseTheGameJame2020/Saved/Config/Windows/Scalability.ini]
[2020.11.18-15.58.19:661][  0]LogConfig: Setting CVar [[r.SkeletalMeshLODBias:0]]
[2020.11.18-15.58.19:661][  0]LogConfig: Setting CVar [[r.ViewDistanceScale:1.0]]
[2020.11.18-15.58.19:661][  0]LogConfig: Applying CVar settings from Section [AntiAliasingQuality@3] File [C:/Users/ryem_/Documents/-raisethegamejam-2020/RaiseTheGameJame2020/Saved/Config/Windows/Scalability.ini]
[2020.11.18-15.58.19:661][  0]LogConfig: Setting CVar [[r.PostProcessAAQuality:4]]
[2020.11.18-15.58.19:662][  0]LogConfig: Applying CVar settings from Section [ShadowQuality@3] File [C:/Users/ryem_/Documents/-raisethegamejam-2020/RaiseTheGameJame2020/Saved/Config/Windows/Scalability.ini]
[2020.11.18-15.58.19:662][  0]LogConfig: Setting CVar [[r.LightFunctionQuality:1]]
[2020.11.18-15.58.19:662][  0]LogConfig: Setting CVar [[r.ShadowQuality:5]]
[2020.11.18-15.58.19:662][  0]LogConfig: Setting CVar [[r.Shadow.CSM.MaxCascades:10]]
[2020.11.18-15.58.19:662][  0]LogConfig: Setting CVar [[r.Shadow.MaxResolution:2048]]
[2020.11.18-15.58.19:662][  0]LogConfig: Setting CVar [[r.Shadow.MaxCSMResolution:2048]]
[2020.11.18-15.58.19:662][  0]LogConfig: Setting CVar [[r.Shadow.RadiusThreshold:0.01]]
[2020.11.18-15.58.19:662][  0]LogConfig: Setting CVar [[r.Shadow.DistanceScale:1.0]]
[2020.11.18-15.58.19:662][  0]LogConfig: Setting CVar [[r.Shadow.CSM.TransitionScale:1.0]]
[2020.11.18-15.58.19:662][  0]LogConfig: Setting CVar [[r.Shadow.PreShadowResolutionFactor:1.0]]
[2020.11.18-15.58.19:662][  0]LogConfig: Setting CVar [[r.DistanceFieldShadowing:1]]
[2020.11.18-15.58.19:662][  0]LogConfig: Setting CVar [[r.DistanceFieldAO:1]]
[2020.11.18-15.58.19:662][  0]LogConfig: Setting CVar [[r.AOQuality:2]]
[2020.11.18-15.58.19:662][  0]LogConfig: Setting CVar [[r.VolumetricFog:1]]
[2020.11.18-15.58.19:662][  0]LogConfig: Setting CVar [[r.VolumetricFog.GridPixelSize:8]]
[2020.11.18-15.58.19:662][  0]LogConfig: Setting CVar [[r.VolumetricFog.GridSizeZ:128]]
[2020.11.18-15.58.19:662][  0]LogConfig: Setting CVar [[r.VolumetricFog.HistoryMissSupersampleCount:4]]
[2020.11.18-15.58.19:662][  0]LogConfig: Setting CVar [[r.LightMaxDrawDistanceScale:1]]
[2020.11.18-15.58.19:662][  0]LogConfig: Setting CVar [[r.CapsuleShadows:1]]
[2020.11.18-15.58.19:662][  0]LogConfig: Applying CVar settings from Section [PostProcessQuality@3] File [C:/Users/ryem_/Documents/-raisethegamejam-2020/RaiseTheGameJame2020/Saved/Config/Windows/Scalability.ini]
[2020.11.18-15.58.19:662][  0]LogConfig: Setting CVar [[r.MotionBlurQuality:4]]
[2020.11.18-15.58.19:662][  0]LogConfig: Setting CVar [[r.AmbientOcclusionMipLevelFactor:0.4]]
[2020.11.18-15.58.19:662][  0]LogConfig: Setting CVar [[r.AmbientOcclusionMaxQuality:100]]
[2020.11.18-15.58.19:662][  0]LogConfig: Setting CVar [[r.AmbientOcclusionLevels:-1]]
[2020.11.18-15.58.19:663][  0]LogConfig: Setting CVar [[r.AmbientOcclusionRadiusScale:1.0]]
[2020.11.18-15.58.19:663][  0]LogConfig: Setting CVar [[r.DepthOfFieldQuality:2]]
[2020.11.18-15.58.19:663][  0]LogConfig: Setting CVar [[r.RenderTargetPoolMin:400]]
[2020.11.18-15.58.19:663][  0]LogConfig: Setting CVar [[r.LensFlareQuality:2]]
[2020.11.18-15.58.19:663][  0]LogConfig: Setting CVar [[r.SceneColorFringeQuality:1]]
[2020.11.18-15.58.19:663][  0]LogConfig: Setting CVar [[r.EyeAdaptationQuality:2]]
[2020.11.18-15.58.19:663][  0]LogConfig: Setting CVar [[r.BloomQuality:5]]
[2020.11.18-15.58.19:663][  0]LogConfig: Setting CVar [[r.FastBlurThreshold:100]]
[2020.11.18-15.58.19:663][  0]LogConfig: Setting CVar [[r.Upscale.Quality:3]]
[2020.11.18-15.58.19:663][  0]LogConfig: Setting CVar [[r.Tonemapper.GrainQuantization:1]]
[2020.11.18-15.58.19:663][  0]LogConfig: Setting CVar [[r.LightShaftQuality:1]]
[2020.11.18-15.58.19:663][  0]LogConfig: Setting CVar [[r.Filter.SizeScale:1]]
[2020.11.18-15.58.19:663][  0]LogConfig: Setting CVar [[r.Tonemapper.Quality:5]]
[2020.11.18-15.58.19:663][  0]LogConfig: Setting CVar [[r.DOF.Gather.AccumulatorQuality:1        ; higher gathering accumulator quality]]
[2020.11.18-15.58.19:663][  0]LogConfig: Setting CVar [[r.DOF.Gather.PostfilterMethod:1          ; Median3x3 postfilering method]]
[2020.11.18-15.58.19:663][  0]LogConfig: Setting CVar [[r.DOF.Gather.EnableBokehSettings:0       ; no bokeh simulation when gathering]]
[2020.11.18-15.58.19:663][  0]LogConfig: Setting CVar [[r.DOF.Gather.RingCount:4                 ; medium number of samples when gathering]]
[2020.11.18-15.58.19:663][  0]LogConfig: Setting CVar [[r.DOF.Scatter.ForegroundCompositing:1    ; additive foreground scattering]]
[2020.11.18-15.58.19:663][  0]LogConfig: Setting CVar [[r.DOF.Scatter.BackgroundCompositing:2    ; additive background scattering]]
[2020.11.18-15.58.19:663][  0]LogConfig: Setting CVar [[r.DOF.Scatter.EnableBokehSettings:1      ; bokeh simulation when scattering]]
[2020.11.18-15.58.19:663][  0]LogConfig: Setting CVar [[r.DOF.Scatter.MaxSpriteRatio:0.1         ; only a maximum of 10% of scattered bokeh]]
[2020.11.18-15.58.19:663][  0]LogConfig: Setting CVar [[r.DOF.Recombine.Quality:1                ; cheap slight out of focus]]
[2020.11.18-15.58.19:663][  0]LogConfig: Setting CVar [[r.DOF.Recombine.EnableBokehSettings:0    ; no bokeh simulation on slight out of focus]]
[2020.11.18-15.58.19:663][  0]LogConfig: Setting CVar [[r.DOF.TemporalAAQuality:1                ; more stable temporal accumulation]]
[2020.11.18-15.58.19:664][  0]LogConfig: Setting CVar [[r.DOF.Kernel.MaxForegroundRadius:0.025]]
[2020.11.18-15.58.19:664][  0]LogConfig: Setting CVar [[r.DOF.Kernel.MaxBackgroundRadius:0.025]]
[2020.11.18-15.58.19:664][  0]LogConfig: Applying CVar settings from Section [TextureQuality@3] File [C:/Users/ryem_/Documents/-raisethegamejam-2020/RaiseTheGameJame2020/Saved/Config/Windows/Scalability.ini]
[2020.11.18-15.58.19:664][  0]LogConfig: Setting CVar [[r.Streaming.MipBias:0]]
[2020.11.18-15.58.19:664][  0]LogConfig: Setting CVar [[r.Streaming.AmortizeCPUToGPUCopy:0]]
[2020.11.18-15.58.19:664][  0]LogConfig: Setting CVar [[r.Streaming.MaxNumTexturesToStreamPerFrame:0]]
[2020.11.18-15.58.19:664][  0]LogConfig: Setting CVar [[r.Streaming.Boost:1]]
[2020.11.18-15.58.19:664][  0]LogConfig: Setting CVar [[r.MaxAnisotropy:8]]
[2020.11.18-15.58.19:664][  0]LogConfig: Setting CVar [[r.VT.MaxAnisotropy:8]]
[2020.11.18-15.58.19:664][  0]LogConfig: Setting CVar [[r.Streaming.LimitPoolSizeToVRAM:0]]
[2020.11.18-15.58.19:664][  0]LogConfig: Setting CVar [[r.Streaming.PoolSize:1000]]
[2020.11.18-15.58.19:664][  0]LogConfig: Setting CVar [[r.Streaming.MaxEffectiveScreenSize:0]]
[2020.11.18-15.58.19:664][  0]LogConfig: Applying CVar settings from Section [EffectsQuality@3] File [C:/Users/ryem_/Documents/-raisethegamejam-2020/RaiseTheGameJame2020/Saved/Config/Windows/Scalability.ini]
[2020.11.18-15.58.19:664][  0]LogConfig: Setting CVar [[r.TranslucencyLightingVolumeDim:64]]
[2020.11.18-15.58.19:664][  0]LogConfig: Setting CVar [[r.RefractionQuality:2]]
[2020.11.18-15.58.19:664][  0]LogConfig: Setting CVar [[r.SSR.Quality:3]]
[2020.11.18-15.58.19:664][  0]LogConfig: Setting CVar [[r.SSR.HalfResSceneColor:0]]
[2020.11.18-15.58.19:664][  0]LogConfig: Setting CVar [[r.SceneColorFormat:4]]
[2020.11.18-15.58.19:664][  0]LogConfig: Setting CVar [[r.DetailMode:2]]
[2020.11.18-15.58.19:664][  0]LogConfig: Setting CVar [[r.TranslucencyVolumeBlur:1]]
[2020.11.18-15.58.19:664][  0]LogConfig: Setting CVar [[r.MaterialQualityLevel:1 ; High quality]]
[2020.11.18-15.58.19:664][  0]LogConfig: Setting CVar [[r.SSS.Scale:1]]
[2020.11.18-15.58.19:664][  0]LogConfig: Setting CVar [[r.SSS.SampleSet:2]]
[2020.11.18-15.58.19:664][  0]LogConfig: Setting CVar [[r.SSS.Quality:1]]
[2020.11.18-15.58.19:665][  0]LogConfig: Setting CVar [[r.SSS.HalfRes:0]]
[2020.11.18-15.58.19:665][  0]LogConfig: Setting CVar [[r.SSGI.Quality:3]]
[2020.11.18-15.58.19:665][  0]LogConfig: Setting CVar [[r.EmitterSpawnRateScale:1.0]]
[2020.11.18-15.58.19:665][  0]LogConfig: Setting CVar [[r.ParticleLightQuality:2]]
[2020.11.18-15.58.19:665][  0]LogConfig: Setting CVar [[r.SkyAtmosphere.AerialPerspectiveLUT.FastApplyOnOpaque:1 ; Always have FastSkyLUT 1 in this case to avoid wrong sky]]
[2020.11.18-15.58.19:665][  0]LogConfig: Setting CVar [[r.SkyAtmosphere.AerialPerspectiveLUT.SampleCountPerSlice:1]]
[2020.11.18-15.58.19:665][  0]LogConfig: Setting CVar [[r.SkyAtmosphere.AerialPerspectiveLUT.DepthResolution:16.0]]
[2020.11.18-15.58.19:665][  0]LogConfig: Setting CVar [[r.SkyAtmosphere.FastSkyLUT:1]]
[2020.11.18-15.58.19:665][  0]LogConfig: Setting CVar [[r.SkyAtmosphere.FastSkyLUT.SampleCountMin:4.0]]
[2020.11.18-15.58.19:665][  0]LogConfig: Setting CVar [[r.SkyAtmosphere.FastSkyLUT.SampleCountMax:32.0]]
[2020.11.18-15.58.19:665][  0]LogConfig: Setting CVar [[r.SkyAtmosphere.SampleCountMin:4.0]]
[2020.11.18-15.58.19:665][  0]LogConfig: Setting CVar [[r.SkyAtmosphere.SampleCountMax:32.0]]
[2020.11.18-15.58.19:665][  0]LogConfig: Setting CVar [[r.SkyAtmosphere.TransmittanceLUT.UseSmallFormat:0]]
[2020.11.18-15.58.19:665][  0]LogConfig: Setting CVar [[r.SkyAtmosphere.TransmittanceLUT.SampleCount:10.0]]
[2020.11.18-15.58.19:665][  0]LogConfig: Setting CVar [[r.SkyAtmosphere.MultiScatteringLUT.SampleCount:15.0]]
[2020.11.18-15.58.19:665][  0]LogConfig: Applying CVar settings from Section [FoliageQuality@3] File [C:/Users/ryem_/Documents/-raisethegamejam-2020/RaiseTheGameJame2020/Saved/Config/Windows/Scalability.ini]
[2020.11.18-15.58.19:665][  0]LogConfig: Setting CVar [[foliage.DensityScale:1.0]]
[2020.11.18-15.58.19:665][  0]LogConfig: Setting CVar [[grass.DensityScale:1.0]]
[2020.11.18-15.58.19:665][  0]LogConfig: Applying CVar settings from Section [ShadingQuality@3] File [C:/Users/ryem_/Documents/-raisethegamejam-2020/RaiseTheGameJame2020/Saved/Config/Windows/Scalability.ini]
[2020.11.18-15.58.19:665][  0]LogConfig: Setting CVar [[r.HairStrands.SkyLighting.SampleCount:16]]
[2020.11.18-15.58.19:666][  0]LogConfig: Setting CVar [[r.HairStrands.SkyLighting.JitterIntegration:0]]
[2020.11.18-15.58.19:666][  0]LogConfig: Setting CVar [[r.HairStrands.SkyAO.SampleCount:16]]
[2020.11.18-15.58.19:666][  0]LogConfig: Setting CVar [[r.HairStrands.DeepShadow.SuperSampling:0]]
[2020.11.18-15.58.19:666][  0]LogConfig: Setting CVar [[r.HairStrands.VisibilityPPLL:0]]
[2020.11.18-15.58.19:666][  0]LogConfig: Setting CVar [[r.HairStrands.RasterizationScale:0.5]]
[2020.11.18-15.58.19:666][  0]LogConfig: Setting CVar [[r.HairStrands.VelocityRasterizationScale:1]]
[2020.11.18-15.58.19:667][  0]LogInit: Selected Device Profile: [Windows]
[2020.11.18-15.58.19:667][  0]LogInit: Applying CVar settings loaded from the selected device profile: [Windows]
[2020.11.18-15.58.19:667][  0]LogHAL: Display: Platform has ~ 12 GB [12738592768 / 17179869184 / 12], which maps to Larger [LargestMinGB=32, LargerMinGB=12, DefaultMinGB=8, SmallerMinGB=6, SmallestMinGB=0)
[2020.11.18-15.58.19:667][  0]LogInit: Going up to parent DeviceProfile []
[2020.11.18-15.58.19:667][  0]LogConfig: Applying CVar settings from Section [ViewDistanceQuality@3] File [C:/Users/ryem_/Documents/-raisethegamejam-2020/RaiseTheGameJame2020/Saved/Config/Windows/Scalability.ini]
[2020.11.18-15.58.19:667][  0]LogConfig: Setting CVar [[r.SkeletalMeshLODBias:0]]
[2020.11.18-15.58.19:667][  0]LogConfig: Setting CVar [[r.ViewDistanceScale:1.0]]
[2020.11.18-15.58.19:667][  0]LogConfig: Applying CVar settings from Section [AntiAliasingQuality@3] File [C:/Users/ryem_/Documents/-raisethegamejam-2020/RaiseTheGameJame2020/Saved/Config/Windows/Scalability.ini]
[2020.11.18-15.58.19:667][  0]LogConfig: Setting CVar [[r.PostProcessAAQuality:4]]
[2020.11.18-15.58.19:667][  0]LogConfig: Applying CVar settings from Section [ShadowQuality@3] File [C:/Users/ryem_/Documents/-raisethegamejam-2020/RaiseTheGameJame2020/Saved/Config/Windows/Scalability.ini]
[2020.11.18-15.58.19:667][  0]LogConfig: Setting CVar [[r.LightFunctionQuality:1]]
[2020.11.18-15.58.19:667][  0]LogConfig: Setting CVar [[r.ShadowQuality:5]]
[2020.11.18-15.58.19:667][  0]LogConfig: Setting CVar [[r.Shadow.CSM.MaxCascades:10]]
[2020.11.18-15.58.19:667][  0]LogConfig: Setting CVar [[r.Shadow.MaxResolution:2048]]
[2020.11.18-15.58.19:667][  0]LogConfig: Setting CVar [[r.Shadow.MaxCSMResolution:2048]]
[2020.11.18-15.58.19:667][  0]LogConfig: Setting CVar [[r.Shadow.RadiusThreshold:0.01]]
[2020.11.18-15.58.19:667][  0]LogConfig: Setting CVar [[r.Shadow.DistanceScale:1.0]]
[2020.11.18-15.58.19:667][  0]LogConfig: Setting CVar [[r.Shadow.CSM.TransitionScale:1.0]]
[2020.11.18-15.58.19:667][  0]LogConfig: Setting CVar [[r.Shadow.PreShadowResolutionFactor:1.0]]
[2020.11.18-15.58.19:667][  0]LogConfig: Setting CVar [[r.DistanceFieldShadowing:1]]
[2020.11.18-15.58.19:668][  0]LogConfig: Setting CVar [[r.DistanceFieldAO:1]]
[2020.11.18-15.58.19:668][  0]LogConfig: Setting CVar [[r.AOQuality:2]]
[2020.11.18-15.58.19:668][  0]LogConfig: Setting CVar [[r.VolumetricFog:1]]
[2020.11.18-15.58.19:668][  0]LogConfig: Setting CVar [[r.VolumetricFog.GridPixelSize:8]]
[2020.11.18-15.58.19:668][  0]LogConfig: Setting CVar [[r.VolumetricFog.GridSizeZ:128]]
[2020.11.18-15.58.19:668][  0]LogConfig: Setting CVar [[r.VolumetricFog.HistoryMissSupersampleCount:4]]
[2020.11.18-15.58.19:668][  0]LogConfig: Setting CVar [[r.LightMaxDrawDistanceScale:1]]
[2020.11.18-15.58.19:668][  0]LogConfig: Setting CVar [[r.CapsuleShadows:1]]
[2020.11.18-15.58.19:668][  0]LogConfig: Applying CVar settings from Section [PostProcessQuality@3] File [C:/Users/ryem_/Documents/-raisethegamejam-2020/RaiseTheGameJame2020/Saved/Config/Windows/Scalability.ini]
[2020.11.18-15.58.19:668][  0]LogConfig: Setting CVar [[r.MotionBlurQuality:4]]
[2020.11.18-15.58.19:668][  0]LogConfig: Setting CVar [[r.AmbientOcclusionMipLevelFactor:0.4]]
[2020.11.18-15.58.19:668][  0]LogConfig: Setting CVar [[r.AmbientOcclusionMaxQuality:100]]
[2020.11.18-15.58.19:668][  0]LogConfig: Setting CVar [[r.AmbientOcclusionLevels:-1]]
[2020.11.18-15.58.19:668][  0]LogConfig: Setting CVar [[r.AmbientOcclusionRadiusScale:1.0]]
[2020.11.18-15.58.19:668][  0]LogConfig: Setting CVar [[r.DepthOfFieldQuality:2]]
[2020.11.18-15.58.19:668][  0]LogConfig: Setting CVar [[r.RenderTargetPoolMin:400]]
[2020.11.18-15.58.19:668][  0]LogConfig: Setting CVar [[r.LensFlareQuality:2]]
[2020.11.18-15.58.19:668][  0]LogConfig: Setting CVar [[r.SceneColorFringeQuality:1]]
[2020.11.18-15.58.19:668][  0]LogConfig: Setting CVar [[r.EyeAdaptationQuality:2]]
[2020.11.18-15.58.19:668][  0]LogConfig: Setting CVar [[r.BloomQuality:5]]
[2020.11.18-15.58.19:668][  0]LogConfig: Setting CVar [[r.FastBlurThreshold:100]]
[2020.11.18-15.58.19:668][  0]LogConfig: Setting CVar [[r.Upscale.Quality:3]]
[2020.11.18-15.58.19:668][  0]LogConfig: Setting CVar [[r.Tonemapper.GrainQuantization:1]]
[2020.11.18-15.58.19:668][  0]LogConfig: Setting CVar [[r.LightShaftQuality:1]]
[2020.11.18-15.58.19:669][  0]LogConfig: Setting CVar [[r.Filter.SizeScale:1]]
[2020.11.18-15.58.19:669][  0]LogConfig: Setting CVar [[r.Tonemapper.Quality:5]]
[2020.11.18-15.58.19:669][  0]LogConfig: Setting CVar [[r.DOF.Gather.AccumulatorQuality:1        ; higher gathering accumulator quality]]
[2020.11.18-15.58.19:669][  0]LogConfig: Setting CVar [[r.DOF.Gather.PostfilterMethod:1          ; Median3x3 postfilering method]]
[2020.11.18-15.58.19:669][  0]LogConfig: Setting CVar [[r.DOF.Gather.EnableBokehSettings:0       ; no bokeh simulation when gathering]]
[2020.11.18-15.58.19:669][  0]LogConfig: Setting CVar [[r.DOF.Gather.RingCount:4                 ; medium number of samples when gathering]]
[2020.11.18-15.58.19:669][  0]LogConfig: Setting CVar [[r.DOF.Scatter.ForegroundCompositing:1    ; additive foreground scattering]]
[2020.11.18-15.58.19:669][  0]LogConfig: Setting CVar [[r.DOF.Scatter.BackgroundCompositing:2    ; additive background scattering]]
[2020.11.18-15.58.19:669][  0]LogConfig: Setting CVar [[r.DOF.Scatter.EnableBokehSettings:1      ; bokeh simulation when scattering]]
[2020.11.18-15.58.19:669][  0]LogConfig: Setting CVar [[r.DOF.Scatter.MaxSpriteRatio:0.1         ; only a maximum of 10% of scattered bokeh]]
[2020.11.18-15.58.19:669][  0]LogConfig: Setting CVar [[r.DOF.Recombine.Quality:1                ; cheap slight out of focus]]
[2020.11.18-15.58.19:669][  0]LogConfig: Setting CVar [[r.DOF.Recombine.EnableBokehSettings:0    ; no bokeh simulation on slight out of focus]]
[2020.11.18-15.58.19:669][  0]LogConfig: Setting CVar [[r.DOF.TemporalAAQuality:1                ; more stable temporal accumulation]]
[2020.11.18-15.58.19:669][  0]LogConfig: Setting CVar [[r.DOF.Kernel.MaxForegroundRadius:0.025]]
[2020.11.18-15.58.19:669][  0]LogConfig: Setting CVar [[r.DOF.Kernel.MaxBackgroundRadius:0.025]]
[2020.11.18-15.58.19:669][  0]LogConfig: Applying CVar settings from Section [TextureQuality@3] File [C:/Users/ryem_/Documents/-raisethegamejam-2020/RaiseTheGameJame2020/Saved/Config/Windows/Scalability.ini]
[2020.11.18-15.58.19:669][  0]LogConfig: Setting CVar [[r.Streaming.MipBias:0]]
[2020.11.18-15.58.19:669][  0]LogConfig: Setting CVar [[r.Streaming.AmortizeCPUToGPUCopy:0]]
[2020.11.18-15.58.19:669][  0]LogConfig: Setting CVar [[r.Streaming.MaxNumTexturesToStreamPerFrame:0]]
[2020.11.18-15.58.19:669][  0]LogConfig: Setting CVar [[r.Streaming.Boost:1]]
[2020.11.18-15.58.19:669][  0]LogConfig: Setting CVar [[r.MaxAnisotropy:8]]
[2020.11.18-15.58.19:669][  0]LogConfig: Setting CVar [[r.VT.MaxAnisotropy:8]]
[2020.11.18-15.58.19:669][  0]LogConfig: Setting CVar [[r.Streaming.LimitPoolSizeToVRAM:0]]
[2020.11.18-15.58.19:669][  0]LogConfig: Setting CVar [[r.Streaming.PoolSize:1000]]
[2020.11.18-15.58.19:670][  0]LogConfig: Setting CVar [[r.Streaming.MaxEffectiveScreenSize:0]]
[2020.11.18-15.58.19:670][  0]LogConfig: Applying CVar settings from Section [EffectsQuality@3] File [C:/Users/ryem_/Documents/-raisethegamejam-2020/RaiseTheGameJame2020/Saved/Config/Windows/Scalability.ini]
[2020.11.18-15.58.19:670][  0]LogConfig: Setting CVar [[r.TranslucencyLightingVolumeDim:64]]
[2020.11.18-15.58.19:670][  0]LogConfig: Setting CVar [[r.RefractionQuality:2]]
[2020.11.18-15.58.19:670][  0]LogConfig: Setting CVar [[r.SSR.Quality:3]]
[2020.11.18-15.58.19:670][  0]LogConfig: Setting CVar [[r.SSR.HalfResSceneColor:0]]
[2020.11.18-15.58.19:670][  0]LogConfig: Setting CVar [[r.SceneColorFormat:4]]
[2020.11.18-15.58.19:670][  0]LogConfig: Setting CVar [[r.DetailMode:2]]
[2020.11.18-15.58.19:670][  0]LogConfig: Setting CVar [[r.TranslucencyVolumeBlur:1]]
[2020.11.18-15.58.19:670][  0]LogConfig: Setting CVar [[r.MaterialQualityLevel:1 ; High quality]]
[2020.11.18-15.58.19:670][  0]LogConfig: Setting CVar [[r.SSS.Scale:1]]
[2020.11.18-15.58.19:670][  0]LogConfig: Setting CVar [[r.SSS.SampleSet:2]]
[2020.11.18-15.58.19:670][  0]LogConfig: Setting CVar [[r.SSS.Quality:1]]
[2020.11.18-15.58.19:670][  0]LogConfig: Setting CVar [[r.SSS.HalfRes:0]]
[2020.11.18-15.58.19:670][  0]LogConfig: Setting CVar [[r.SSGI.Quality:3]]
[2020.11.18-15.58.19:670][  0]LogConfig: Setting CVar [[r.EmitterSpawnRateScale:1.0]]
[2020.11.18-15.58.19:670][  0]LogConfig: Setting CVar [[r.ParticleLightQuality:2]]
[2020.11.18-15.58.19:670][  0]LogConfig: Setting CVar [[r.SkyAtmosphere.AerialPerspectiveLUT.FastApplyOnOpaque:1 ; Always have FastSkyLUT 1 in this case to avoid wrong sky]]
[2020.11.18-15.58.19:670][  0]LogConfig: Setting CVar [[r.SkyAtmosphere.AerialPerspectiveLUT.SampleCountPerSlice:1]]
[2020.11.18-15.58.19:670][  0]LogConfig: Setting CVar [[r.SkyAtmosphere.AerialPerspectiveLUT.DepthResolution:16.0]]
[2020.11.18-15.58.19:670][  0]LogConfig: Setting CVar [[r.SkyAtmosphere.FastSkyLUT:1]]
[2020.11.18-15.58.19:670][  0]LogConfig: Setting CVar [[r.SkyAtmosphere.FastSkyLUT.SampleCountMin:4.0]]
[2020.11.18-15.58.19:670][  0]LogConfig: Setting CVar [[r.SkyAtmosphere.FastSkyLUT.SampleCountMax:32.0]]
[2020.11.18-15.58.19:671][  0]LogConfig: Setting CVar [[r.SkyAtmosphere.SampleCountMin:4.0]]
[2020.11.18-15.58.19:671][  0]LogConfig: Setting CVar [[r.SkyAtmosphere.SampleCountMax:32.0]]
[2020.11.18-15.58.19:671][  0]LogConfig: Setting CVar [[r.SkyAtmosphere.TransmittanceLUT.UseSmallFormat:0]]
[2020.11.18-15.58.19:671][  0]LogConfig: Setting CVar [[r.SkyAtmosphere.TransmittanceLUT.SampleCount:10.0]]
[2020.11.18-15.58.19:671][  0]LogConfig: Setting CVar [[r.SkyAtmosphere.MultiScatteringLUT.SampleCount:15.0]]
[2020.11.18-15.58.19:671][  0]LogConfig: Applying CVar settings from Section [FoliageQuality@3] File [C:/Users/ryem_/Documents/-raisethegamejam-2020/RaiseTheGameJame2020/Saved/Config/Windows/Scalability.ini]
[2020.11.18-15.58.19:671][  0]LogConfig: Setting CVar [[foliage.DensityScale:1.0]]
[2020.11.18-15.58.19:671][  0]LogConfig: Setting CVar [[grass.DensityScale:1.0]]
[2020.11.18-15.58.19:671][  0]LogConfig: Applying CVar settings from Section [ShadingQuality@3] File [C:/Users/ryem_/Documents/-raisethegamejam-2020/RaiseTheGameJame2020/Saved/Config/Windows/Scalability.ini]
[2020.11.18-15.58.19:671][  0]LogConfig: Setting CVar [[r.HairStrands.SkyLighting.SampleCount:16]]
[2020.11.18-15.58.19:671][  0]LogConfig: Setting CVar [[r.HairStrands.SkyLighting.JitterIntegration:0]]
[2020.11.18-15.58.19:671][  0]LogConfig: Setting CVar [[r.HairStrands.SkyAO.SampleCount:16]]
[2020.11.18-15.58.19:671][  0]LogConfig: Setting CVar [[r.HairStrands.DeepShadow.SuperSampling:0]]
[2020.11.18-15.58.19:671][  0]LogConfig: Setting CVar [[r.HairStrands.VisibilityPPLL:0]]
[2020.11.18-15.58.19:671][  0]LogConfig: Setting CVar [[r.HairStrands.RasterizationScale:0.5]]
[2020.11.18-15.58.19:671][  0]LogConfig: Setting CVar [[r.HairStrands.VelocityRasterizationScale:1]]
[2020.11.18-15.58.19:671][  0]LogConfig: Applying CVar settings from Section [Startup] File [../../../Engine/Config/ConsoleVariables.ini]
[2020.11.18-15.58.19:672][  0]LogConfig: Setting CVar [[net.UseAdaptiveNetUpdateFrequency:0]]
[2020.11.18-15.58.19:672][  0]LogConfig: Setting CVar [[p.chaos.AllowCreatePhysxBodies:1]]
[2020.11.18-15.58.19:672][  0]LogConfig: Setting CVar [[fx.SkipVectorVMBackendOptimizations:1]]
[2020.11.18-15.58.19:672][  0]LogConfig: Applying CVar settings from Section [ConsoleVariables] File [C:/Users/ryem_/Documents/-raisethegamejam-2020/RaiseTheGameJame2020/Saved/Config/Windows/Engine.ini]
[2020.11.18-15.58.19:672][  0]LogInit: Computer: DESKTOP-HAL-02
[2020.11.18-15.58.19:672][  0]LogInit: User: ryem
[2020.11.18-15.58.19:672][  0]LogInit: CPU Page size=4096, Cores=4
[2020.11.18-15.58.19:672][  0]LogInit: High frequency timer resolution =10.000000 MHz
[2020.11.18-15.58.19:673][  0]LogMemory: Memory total: Physical=11.9GB (12GB approx)
[2020.11.18-15.58.19:673][  0]LogMemory: Platform Memory Stats for Windows
[2020.11.18-15.58.19:673][  0]LogMemory: Process Physical Memory: 115.67 MB used, 115.67 MB peak
[2020.11.18-15.58.19:673][  0]LogMemory: Process Virtual Memory: 106.20 MB used, 106.20 MB peak
[2020.11.18-15.58.19:673][  0]LogMemory: Physical Memory: 7201.07 MB used,  4947.40 MB free, 12148.47 MB total
[2020.11.18-15.58.19:673][  0]LogMemory: Virtual Memory: 5105.30 MB used,  134212624.00 MB free, 134217728.00 MB total
[2020.11.18-15.58.19:695][  0]LogWindows: WindowsPlatformFeatures enabled
[2020.11.18-15.58.20:092][  0]LogInit: Physics initialised using underlying interface: PhysX
[2020.11.18-15.58.20:094][  0]LogInit: Using OS detected language (en-GB).
[2020.11.18-15.58.20:095][  0]LogInit: Using OS detected locale (en-GB).
[2020.11.18-15.58.20:112][  0]LogTextLocalizationManager: No specific localization for 'en-GB' exists, so the 'en' localization will be used.
[2020.11.18-15.58.20:413][  0]LogInit: Setting process to per monitor DPI aware
[2020.11.18-15.58.20:505][  0]LogSlate: New Slate User Created.  User Index 0, Is Virtual User: 0
[2020.11.18-15.58.20:505][  0]LogSlate: Slate User Registered.  User Index 0, Is Virtual User: 0
[2020.11.18-15.58.21:003][  0]LogHMD: Failed to initialize OpenVR with code 110
[2020.11.18-15.58.21:003][  0]LogD3D11RHI: D3D11 min allowed feature level: 11_0
[2020.11.18-15.58.21:003][  0]LogD3D11RHI: D3D11 max allowed feature level: 11_0
[2020.11.18-15.58.21:003][  0]LogD3D11RHI: D3D11 adapters:
[2020.11.18-15.58.21:168][  0]LogD3D11RHI:    0. 'NVIDIA GeForce GTX 1060 6GB' (Feature Level 11_0)
[2020.11.18-15.58.21:168][  0]LogD3D11RHI:       6052/0/6074 MB DedicatedVideo/DedicatedSystem/SharedSystem, Outputs:1, VendorId:0x10de
[2020.11.18-15.58.21:229][  0]LogD3D11RHI:    1. 'Intel(R) HD Graphics 4600' (Feature Level 11_0)
[2020.11.18-15.58.21:229][  0]LogD3D11RHI:       112/0/2048 MB DedicatedVideo/DedicatedSystem/SharedSystem, Outputs:0, VendorId:0x8086
[2020.11.18-15.58.21:243][  0]LogD3D11RHI:    2. 'Microsoft Basic Render Driver' (Feature Level 11_0)
[2020.11.18-15.58.21:243][  0]LogD3D11RHI:       0/0/6074 MB DedicatedVideo/DedicatedSystem/SharedSystem, Outputs:0, VendorId:0x1414
[2020.11.18-15.58.21:243][  0]LogD3D11RHI: Chosen D3D11 Adapter: 0
[2020.11.18-15.58.21:251][  0]LogD3D11RHI: Creating new Direct3DDevice
[2020.11.18-15.58.21:252][  0]LogD3D11RHI:     GPU DeviceId: 0x1c03 (for the marketing name, search the web for "GPU Device Id")
[2020.11.18-15.58.21:252][  0]LogWindows: EnumDisplayDevices:
[2020.11.18-15.58.21:252][  0]LogWindows:    0. 'NVIDIA GeForce GTX 1060 6GB' (P:1 D:1)
[2020.11.18-15.58.21:253][  0]LogWindows:    1. 'NVIDIA GeForce GTX 1060 6GB' (P:0 D:0)
[2020.11.18-15.58.21:254][  0]LogWindows:    2. 'NVIDIA GeForce GTX 1060 6GB' (P:0 D:0)
[2020.11.18-15.58.21:254][  0]LogWindows:    3. 'NVIDIA GeForce GTX 1060 6GB' (P:0 D:0)
[2020.11.18-15.58.21:255][  0]LogWindows:    4. 'Intel(R) HD Graphics 4600' (P:0 D:0)
[2020.11.18-15.58.21:256][  0]LogWindows:    5. 'Intel(R) HD Graphics 4600' (P:0 D:0)
[2020.11.18-15.58.21:257][  0]LogWindows:    6. 'Intel(R) HD Graphics 4600' (P:0 D:0)
[2020.11.18-15.58.21:257][  0]LogWindows: DebugString: PrimaryIsNotTheChoosenAdapter PrimaryIsNotTheChoosenAdapter PrimaryIsNotTheChoosenAdapter FoundDriverCount:4 
[2020.11.18-15.58.21:257][  0]LogD3D11RHI:     Adapter Name: NVIDIA GeForce GTX 1060 6GB
[2020.11.18-15.58.21:257][  0]LogD3D11RHI:   Driver Version: 456.71 (internal:27.21.14.5671, unified:456.71)
[2020.11.18-15.58.21:258][  0]LogD3D11RHI:      Driver Date: 9-30-2020
[2020.11.18-15.58.21:258][  0]LogRHI: Texture pool is 4236 MB (70% of 6052 MB)
[2020.11.18-15.58.21:364][  0]LogD3D11RHI: RHI has support for 64 bit atomics
[2020.11.18-15.58.21:364][  0]LogD3D11RHI: Async texture creation enabled
[2020.11.18-15.58.21:364][  0]LogD3D11RHI: Array index from any shader is supported
[2020.11.18-15.58.21:404][  0]LogD3D11RHI: GPU Timing Frequency: 1000.000000 (Debug: 2 1)
[2020.11.18-15.58.22:158][  0]LogTargetPlatformManager: Display: Loaded TargetPlatform 'AllDesktop'
[2020.11.18-15.58.22:199][  0]LogTargetPlatformManager: Display: Loaded TargetPlatform 'Android'
[2020.11.18-15.58.22:199][  0]LogTargetPlatformManager: Display: Loaded TargetPlatform 'Android_ASTC'
[2020.11.18-15.58.22:199][  0]LogTargetPlatformManager: Display: Loaded TargetPlatform 'Android_DXT'
[2020.11.18-15.58.22:199][  0]LogTargetPlatformManager: Display: Loaded TargetPlatform 'Android_ETC2'
[2020.11.18-15.58.22:199][  0]LogTargetPlatformManager: Display: Loaded TargetPlatform 'AndroidClient'
[2020.11.18-15.58.22:199][  0]LogTargetPlatformManager: Display: Loaded TargetPlatform 'Android_ASTCClient'
[2020.11.18-15.58.22:199][  0]LogTargetPlatformManager: Display: Loaded TargetPlatform 'Android_DXTClient'
[2020.11.18-15.58.22:200][  0]LogTargetPlatformManager: Display: Loaded TargetPlatform 'Android_ETC2Client'
[2020.11.18-15.58.22:200][  0]LogTargetPlatformManager: Display: Loaded TargetPlatform 'Android_Multi'
[2020.11.18-15.58.22:201][  0]LogTargetPlatformManager: Display: Loaded TargetPlatform 'Android_MultiClient'
[2020.11.18-15.58.22:271][  0]LogTargetPlatformManager: Display: Loaded TargetPlatform 'IOSClient'
[2020.11.18-15.58.22:271][  0]LogTargetPlatformManager: Display: Loaded TargetPlatform 'IOS'
[2020.11.18-15.58.22:302][  0]LogTargetPlatformManager: Display: Loaded TargetPlatform 'Linux'
[2020.11.18-15.58.22:325][  0]LogTargetPlatformManager: Display: Loaded TargetPlatform 'LinuxNoEditor'
[2020.11.18-15.58.22:349][  0]LogTargetPlatformManager: Display: Loaded TargetPlatform 'LinuxClient'
[2020.11.18-15.58.22:371][  0]LogTargetPlatformManager: Display: Loaded TargetPlatform 'LinuxServer'
[2020.11.18-15.58.22:394][  0]LogTargetPlatformManager: Display: Loaded TargetPlatform 'LinuxAArch64NoEditor'
[2020.11.18-15.58.22:416][  0]LogTargetPlatformManager: Display: Loaded TargetPlatform 'LinuxAArch64Client'
[2020.11.18-15.58.22:439][  0]LogTargetPlatformManager: Display: Loaded TargetPlatform 'LinuxAArch64Server'
[2020.11.18-15.58.22:488][  0]LogTargetPlatformManager: Display: Loaded TargetPlatform 'Lumin'
[2020.11.18-15.58.22:488][  0]LogTargetPlatformManager: Display: Loaded TargetPlatform 'LuminClient'
[2020.11.18-15.58.22:522][  0]LogTargetPlatformManager: Display: Loaded TargetPlatform 'TVOSClient'
[2020.11.18-15.58.22:522][  0]LogTargetPlatformManager: Display: Loaded TargetPlatform 'TVOS'
[2020.11.18-15.58.22:553][  0]LogTargetPlatformManager: Display: Loaded TargetPlatform 'WindowsNoEditor'
[2020.11.18-15.58.22:587][  0]LogTargetPlatformManager: Display: Loaded TargetPlatform 'Windows'
[2020.11.18-15.58.22:619][  0]LogTargetPlatformManager: Display: Loaded TargetPlatform 'WindowsClient'
[2020.11.18-15.58.22:650][  0]LogTargetPlatformManager: Display: Loaded TargetPlatform 'WindowsServer'
[2020.11.18-15.58.22:650][  0]LogTargetPlatformManager: Display: Building Assets For Windows
[2020.11.18-15.58.22:707][  0]LogAudioDebug: Display: Lib vorbis DLL was dynamically loaded.
[2020.11.18-15.58.23:105][  0]LogShaderCompilers: Guid format shader working directory is -36 characters bigger than the processId version (../../../../../../Users/ryem_/Documents/-raisethegamejam-2020/RaiseTheGameJame2020/Intermediate/Shaders/WorkingDirectory/1412/).
[2020.11.18-15.58.23:106][  0]LogShaderCompilers: Cleaned the shader compiler working directory 'C:/Users/ryem_/AppData/Local/Temp/UnrealShaderWorkingDir/FBA82DCD45B66E350F999E81582ADB0B/'.
[2020.11.18-15.58.23:107][  0]LogXGEController: Cleaning working directory: C:/Users/ryem_/AppData/Local/Temp/UnrealXGEWorkingDir/
[2020.11.18-15.58.23:107][  0]LogXGEController: Cannot use XGE Controller as Incredibuild is not installed on this machine.
[2020.11.18-15.58.23:107][  0]LogShaderCompilers: Cannot use XGE Shader Compiler as Incredibuild is not installed on this machine.
[2020.11.18-15.58.23:108][  0]LogShaderCompilers: Display: Using Local Shader Compiler.
[2020.11.18-15.58.24:407][  0]LogDerivedDataCache: Display: Max Cache Size: 512 MB
[2020.11.18-15.58.24:635][  0]LogDerivedDataCache: Loaded boot cache 0.23s 79MB C:/Users/ryem_/AppData/Local/UnrealEngine/4.25/DerivedDataCache/Boot.ddc.
[2020.11.18-15.58.24:636][  0]LogDerivedDataCache: Display: Loaded Boot cache: C:/Users/ryem_/AppData/Local/UnrealEngine/4.25/DerivedDataCache/Boot.ddc
[2020.11.18-15.58.24:636][  0]LogDerivedDataCache: FDerivedDataBackendGraph:  Pak pak cache file ../../../../../../Users/ryem_/Documents/-raisethegamejam-2020/RaiseTheGameJame2020/DerivedDataCache/DDC.ddp not found, will not use a pak cache.
[2020.11.18-15.58.24:636][  0]LogDerivedDataCache: Unable to find inner node Pak for hierarchical cache Hierarchy.
[2020.11.18-15.58.24:637][  0]LogDerivedDataCache: FDerivedDataBackendGraph:  CompressedPak pak cache file ../../../../../../Users/ryem_/Documents/-raisethegamejam-2020/RaiseTheGameJame2020/DerivedDataCache/Compressed.ddp not found, will not use a pak cache.
[2020.11.18-15.58.24:637][  0]LogDerivedDataCache: Unable to find inner node CompressedPak for hierarchical cache Hierarchy.
[2020.11.18-15.58.24:652][  0]LogDerivedDataCache: Display: Pak cache opened for reading ../../../Engine/DerivedDataCache/Compressed.ddp.
[2020.11.18-15.58.24:652][  0]LogDerivedDataCache: FDerivedDataBackendGraph:  EnterprisePak pak cache file ../../../Enterprise/DerivedDataCache/Compressed.ddp not found, will not use a pak cache.
[2020.11.18-15.58.24:652][  0]LogDerivedDataCache: Unable to find inner node EnterprisePak for hierarchical cache Hierarchy.
[2020.11.18-15.58.24:655][  0]LogDerivedDataCache: Using Local data cache path C:/Users/ryem_/AppData/Local/UnrealEngine/Common/DerivedDataCache: Writable
[2020.11.18-15.58.24:655][  0]LogDerivedDataCache: Shared data cache path not found in *engine.ini, will not use an Shared cache.
[2020.11.18-15.58.24:655][  0]LogDerivedDataCache: Unable to find inner node Shared for hierarchical cache Hierarchy.
[2020.11.18-15.58.24:716][  0]LogSlate: Using FreeType 2.10.0
[2020.11.18-15.58.24:718][  0]LogSlate: SlateFontServices - WITH_FREETYPE: 1, WITH_HARFBUZZ: 1
[2020.11.18-15.58.24:786][  0]LogAssetRegistry: FAssetRegistry took 0.0066 seconds to start up
[2020.11.18-15.58.25:108][  0]LogInit: Selected Device Profile: [Windows]
[2020.11.18-15.58.25:457][  0]LogMeshReduction: Using QuadricMeshReduction for automatic static mesh reduction
[2020.11.18-15.58.25:458][  0]LogMeshReduction: Using SimplygonMeshReduction for automatic skeletal mesh reduction
[2020.11.18-15.58.25:458][  0]LogMeshReduction: Using ProxyLODMeshReduction for automatic mesh merging
[2020.11.18-15.58.25:458][  0]LogMeshReduction: No distributed automatic mesh merging module available
[2020.11.18-15.58.25:459][  0]LogMeshMerging: No distributed automatic mesh merging module available
[2020.11.18-15.58.25:505][  0]LogNetVersion: RaiseTheGameJame2020 1.0.0, NetCL: 13144385, EngineNetVer: 14, GameNetVer: 0 (Checksum: 1455622770)
[2020.11.18-15.58.26:453][  0]LogAISub: UAISubsystem::UAISubsystem AISubsystem (0000027793155800), frame # 0
[2020.11.18-15.58.26:454][  0]LogAISub: UAISubsystem::UAISubsystem AIPerceptionSystem (000002779303EAC0), frame # 0
[2020.11.18-15.58.26:456][  0]LogAISub: UAISubsystem::UAISubsystem EnvQueryManager (00000277930B1C00), frame # 0
[2020.11.18-15.58.26:530][  0]LogPackageLocalizationCache: Processed 19 localized package path(s) for 1 prioritized culture(s) in 0.062174 seconds
[2020.11.18-15.58.26:537][  0]LogUObjectArray: 15917 objects as part of root set at end of initial load.
[2020.11.18-15.58.26:538][  0]LogUObjectAllocator: 3965568 out of 0 bytes used by permanent object pool.
[2020.11.18-15.58.26:538][  0]LogUObjectArray: CloseDisregardForGC: 0/0 objects in disregard for GC pool
[2020.11.18-15.58.28:611][  0]LogTcpMessaging: Initializing TcpMessaging bridge
[2020.11.18-15.58.28:632][  0]LogUdpMessaging: Initializing bridge on interface 0.0.0.0:0 to multicast group 230.0.0.1:6666.
[2020.11.18-15.58.29:307][  0]SourceControl: Source control is disabled
[2020.11.18-15.58.29:307][  0]SourceControl: Source control is disabled
[2020.11.18-15.58.29:355][  0]SourceControl: Source control is disabled
[2020.11.18-15.58.29:379][  0]SourceControl: Source control is disabled
[2020.11.18-15.58.29:428][  0]SourceControl: Source control is disabled
[2020.11.18-15.58.31:092][  0]LogAndroidPermission: UAndroidPermissionCallbackProxy::GetInstance
[2020.11.18-15.58.31:227][  0]LogAudioCaptureCore: Display: No Audio Capture implementations found. Audio input will be silent.
[2020.11.18-15.58.31:227][  0]LogAudioCaptureCore: Display: No Audio Capture implementations found. Audio input will be silent.
[2020.11.18-15.58.31:480][  0]LogOcInput: OculusInput pre-init called
[2020.11.18-15.58.31:551][  0]LogWindows: Failed to load 'OVRPlugin.dll' (GetLastError=126)
[2020.11.18-15.58.31:554][  0]LogWindows: File 'OVRPlugin.dll' does not exist
[2020.11.18-15.58.31:852][  0]LogEngine: Initializing Engine...
[2020.11.18-15.58.31:857][  0]LogHMD: Failed to initialize OpenVR with code 110
[2020.11.18-15.58.31:857][  0]LogMagicLeap: Warning: VR disabled because ZI is not enabled.  To enable, in the editor, Edit -> Project Settings -> Plugins -> Magic Leap Plugin -> Enable Zero Iteration
[2020.11.18-15.58.31:858][  0]LogStats: UGameplayTagsManager::InitializeManager -  0.000 s
[2020.11.18-15.58.32:008][  0]LogInit: Initializing FReadOnlyCVARCache
[2020.11.18-15.58.32:044][  0]LogAIModule: Creating AISystem for world Untitled
[2020.11.18-15.58.32:044][  0]LogAISub: UAISubsystem::UAISubsystem EnvQueryManager (00000277955BCA00), frame # 0
[2020.11.18-15.58.32:044][  0]LogAISub: UAISubsystem::UAISubsystem AIPerceptionSystem (00000277955ED6C0), frame # 0
[2020.11.18-15.58.32:082][  0]LogAudioMixer: Display: Audio Mixer Platform Settings:
[2020.11.18-15.58.32:084][  0]LogAudioMixer: Display: 	Sample Rate:						  48000
[2020.11.18-15.58.32:084][  0]LogAudioMixer: Display: 	Callback Buffer Frame Size Requested: 1024
[2020.11.18-15.58.32:084][  0]LogAudioMixer: Display: 	Callback Buffer Frame Size To Use:	  1024
[2020.11.18-15.58.32:084][  0]LogAudioMixer: Display: 	Number of buffers to queue:			  2
[2020.11.18-15.58.32:084][  0]LogAudioMixer: Display: 	Max Channels (voices):				  32
[2020.11.18-15.58.32:084][  0]LogAudioMixer: Display: 	Number of Async Source Workers:		  0
[2020.11.18-15.58.32:084][  0]LogAudio: Display: AudioDevice MaxSources: 32
[2020.11.18-15.58.32:085][  0]LogAudio: Display: Using built-in audio occlusion.
[2020.11.18-15.58.32:085][  0]LogAudioMixer: Display: Initializing audio mixer.
[2020.11.18-15.58.32:154][  0]LogAudioMixer: Display: 0: FrontLeft
[2020.11.18-15.58.32:155][  0]LogAudioMixer: Display: 1: FrontRight
[2020.11.18-15.58.32:285][  0]LogAudioMixer: Display: Using Audio Device Headset Earphone (HyperX Virtual Surround Sound)
[2020.11.18-15.58.32:288][  0]LogAudioMixer: Display: Initializing Sound Submixes...
[2020.11.18-15.58.32:292][  0]LogAudioMixer: Display: Creating Master Submix 'MasterSubmixDefault'
[2020.11.18-15.58.32:292][  0]LogAudioMixer: Display: Creating Master Submix 'MasterReverbSubmixDefault'
[2020.11.18-15.58.32:293][  0]LogAudioMixer: Display: Creating Master Submix 'MasterEQSubmixDefault'
[2020.11.18-15.58.32:296][  0]LogInit: FAudioDevice initialized.
[2020.11.18-15.58.32:296][  0]LogNetVersion: Set ProjectVersion to 1.0.0.0. Version Checksum will be recalculated on next use.
[2020.11.18-15.58.32:387][  0]LogDerivedDataCache: Saved boot cache 0.09s 79MB C:/Users/ryem_/AppData/Local/UnrealEngine/4.25/DerivedDataCache/Boot.ddc.
[2020.11.18-15.58.32:387][  0]LogInit: Texture streaming: Enabled
[2020.11.18-15.58.32:466][  0]LogEngineSessionManager: EngineSessionManager initialized
[2020.11.18-15.58.32:467][  0]LogEngineSessionManager: EngineSessionManager sent abnormal shutdown report. Type=Debugger, SessionId={1123010A-4F02-1F04-976A-75A5557801FD}
[2020.11.18-15.58.32:467][  0]LogEditorSessionSummary: Verbose: Initializing EditorSessionSummaryWriter for editor session tracking
[2020.11.18-15.58.32:488][  0]LogEditorSessionSummary: EditorSessionSummaryWriter initialized
[2020.11.18-15.58.32:571][  0]LogInit: Transaction tracking system initialized
[2020.11.18-15.58.32:740][  0]BlueprintLog: New page: Editor Load
[2020.11.18-15.58.33:245][  0]LocalizationService: Localization service is disabled
[2020.11.18-15.58.33:819][  0]LogCook: Display: Max memory allowance for cook 16384mb min free memory 0mb
[2020.11.18-15.58.33:820][  0]LogCook: Display: Mobile HDR setting 1
[2020.11.18-15.58.34:659][  0]LogFileCache: Scanning file cache for directory 'C:/Users/ryem_/Documents/-raisethegamejam-2020/RaiseTheGameJame2020/Content/' took 0.01s
[2020.11.18-15.58.35:390][  0]SourceControl: Source control is disabled
[2020.11.18-15.58.35:391][  0]LogUnrealEdMisc: Loading editor; pre map load, took 20.430
[2020.11.18-15.58.35:391][  0]Cmd: MAP LOAD FILE="../../../../../../Users/ryem_/Documents/-raisethegamejam-2020/RaiseTheGameJame2020/Content/ThirdPersonCPP/Maps/ThirdPersonExampleMap.umap" TEMPLATE=0 SHOWPROGRESS=1 FEATURELEVEL=3
[2020.11.18-15.58.35:392][  0]LightingResults: New page: Lighting Build
[2020.11.18-15.58.35:394][  0]LogWorld: UWorld::CleanupWorld for Untitled, bSessionEnded=true, bCleanupResources=true
[2020.11.18-15.58.35:394][  0]LogSlate: InvalidateAllWidgets triggered.  All widgets were invalidated
[2020.11.18-15.58.35:394][  0]MapCheck: New page: Map Check
[2020.11.18-15.58.35:394][  0]LightingResults: New page: Lighting Build
[2020.11.18-15.58.35:509][  0]LogAISub: UAISubsystem::~UAISubsystem EnvQueryManager (00000277955BCA00), frame # 0
[2020.11.18-15.58.35:509][  0]LogAISub: UAISubsystem::~UAISubsystem AIPerceptionSystem (00000277955ED6C0), frame # 0
[2020.11.18-15.58.35:510][  0]LogUObjectHash: Compacting FUObjectHashTables data took   0.94ms
[2020.11.18-15.58.35:560][  0]LogLinker: Warning: While loading '../../../../../../Users/ryem_/Documents/-raisethegamejam-2020/RaiseTheGameJame2020/Content/ThirdPersonCPP/Maps/ThirdPersonExampleMap.umap' failed to load '/Game/ThirdPersonCPP/Maps/ThirdPersonExampleMap_BuiltData': Can't find file.
[2020.11.18-15.58.35:561][  0]LogLinker: Warning: While loading '../../../../../../Users/ryem_/Documents/-raisethegamejam-2020/RaiseTheGameJame2020/Content/ThirdPersonCPP/Maps/ThirdPersonExampleMap.umap' failed to load '/Game/ThirdPersonCPP/Maps/ThirdPersonExampleMap_BuiltData': Can't find file.
[2020.11.18-15.58.35:572][  0]LogLinker: Warning: While loading '../../../../../../Users/ryem_/Documents/-raisethegamejam-2020/RaiseTheGameJame2020/Content/ThirdPersonCPP/Maps/ThirdPersonExampleMap.umap' failed to load '/Game/ThirdPersonCPP/Maps/ThirdPersonExampleMap_BuiltData': Can't find file.
[2020.11.18-15.58.35:578][  0]LogLinker: Warning: While loading '../../../../../../Users/ryem_/Documents/-raisethegamejam-2020/RaiseTheGameJame2020/Content/ThirdPersonCPP/Maps/ThirdPersonExampleMap.umap' failed to load '/Game/ThirdPersonCPP/Maps/ThirdPersonExampleMap_BuiltData': Can't find file.
[2020.11.18-15.58.35:581][  0]LogLinker: Warning: Failed to load '/Game/ThirdPersonCPP/Maps/ThirdPersonExampleMap_BuiltData': Can't find file.
[2020.11.18-15.58.35:584][  0]LogLinker: Warning: Failed to load '/Game/ThirdPersonCPP/Maps/ThirdPersonExampleMap_BuiltData': Can't find file.
[2020.11.18-15.58.35:584][  0]LogLinker: Warning: Failed to load '/Game/ThirdPersonCPP/Maps/ThirdPersonExampleMap_BuiltData': Can't find file.
[2020.11.18-15.58.35:585][  0]LogLinker: Warning: Failed to load '/Game/ThirdPersonCPP/Maps/ThirdPersonExampleMap_BuiltData': Can't find file.
[2020.11.18-15.58.35:592][  0]LogLinker: Warning: While loading '../../../../../../Users/ryem_/Documents/-raisethegamejam-2020/RaiseTheGameJame2020/Content/ThirdPersonCPP/Maps/ThirdPersonExampleMap.umap' failed to load '/Game/ThirdPersonCPP/Maps/ThirdPersonExampleMap_BuiltData': Can't find file.
[2020.11.18-15.58.35:593][  0]LoadErrors: Failed to load /Game/ThirdPersonCPP/Maps/ThirdPersonExampleMap_BuiltData.ThirdPersonExampleMap_BuiltData Referenced by PersistentLevel
[2020.11.18-15.58.35:593][  0]LogLinker: Warning: While loading '../../../../../../Users/ryem_/Documents/-raisethegamejam-2020/RaiseTheGameJame2020/Content/ThirdPersonCPP/Maps/ThirdPersonExampleMap.umap' failed to load '/Game/ThirdPersonCPP/Maps/ThirdPersonExampleMap_BuiltData': Can't find file.
[2020.11.18-15.58.35:593][  0]LoadErrors: Failed to load /Game/ThirdPersonCPP/Maps/ThirdPersonExampleMap_BuiltData.ThirdPersonExampleMap_BuiltData Referenced by PersistentLevel
[2020.11.18-15.58.35:641][  0]LogAIModule: Creating AISystem for world ThirdPersonExampleMap
[2020.11.18-15.58.35:642][  0]LogAISub: UAISubsystem::UAISubsystem EnvQueryManager (0000027784C39600), frame # 0
[2020.11.18-15.58.35:642][  0]LogAISub: UAISubsystem::UAISubsystem AIPerceptionSystem (000002779335BEC0), frame # 0
[2020.11.18-15.58.35:661][  0]LogEditorServer: Finished looking for orphan Actors (0.000 secs)
[2020.11.18-15.58.35:687][  0]LogUObjectHash: Compacting FUObjectHashTables data took   2.83ms
[2020.11.18-15.58.35:688][  0]Cmd: MAP CHECKDEP NOCLEARLOG
[2020.11.18-15.58.35:688][  0]MapCheck: Map check complete: 0 Error(s), 0 Warning(s), took 0.227ms to complete.
[2020.11.18-15.58.35:688][  0]LogFileHelpers: Loading map 'ThirdPersonExampleMap' took 0.298
[2020.11.18-15.58.35:692][  0]LogUnrealEdMisc: Total Editor Startup Time, took 20.731
[2020.11.18-15.58.35:877][  0]LogSlate: Updating window title bar state: overlay mode, drag disabled, window buttons hidden, title bar hidden
[2020.11.18-15.58.35:886][  0]LogSlate: Updating window title bar state: overlay mode, drag disabled, window buttons hidden, title bar hidden
[2020.11.18-15.58.35:896][  0]LogSlate: Updating window title bar state: overlay mode, drag disabled, window buttons hidden, title bar hidden
[2020.11.18-15.58.35:904][  0]LogSlate: Updating window title bar state: overlay mode, drag disabled, window buttons hidden, title bar hidden
[2020.11.18-15.58.35:939][  0]LogCollectionManager: Loaded 0 collections in 0.005534 seconds
[2020.11.18-15.58.35:973][  0]LogFileCache: Scanning file cache for directory 'C:/Users/ryem_/Documents/-raisethegamejam-2020/RaiseTheGameJame2020/Saved/Collections/' took 0.01s
[2020.11.18-15.58.35:973][  0]LogFileCache: Scanning file cache for directory 'C:/Users/ryem_/Documents/-raisethegamejam-2020/RaiseTheGameJame2020/Content/Developers/ryem/Collections/' took 0.00s
[2020.11.18-15.58.35:973][  0]LogFileCache: Scanning file cache for directory 'C:/Users/ryem_/Documents/-raisethegamejam-2020/RaiseTheGameJame2020/Content/Collections/' took 0.01s
[2020.11.18-15.58.35:973][  0]LogContentBrowser: Native class hierarchy populated in 0.0111 seconds. Added 3432 classes and 824 folders.
[2020.11.18-15.58.35:979][  0]LogContentBrowser: Native class hierarchy updated for 'WidgetCarousel' in 0.0007 seconds. Added 0 classes and 0 folders.
[2020.11.18-15.58.36:197][  0]LogContentBrowser: Native class hierarchy updated for 'AddContentDialog' in 0.0007 seconds. Added 0 classes and 0 folders.
[2020.11.18-15.58.36:209][  0]LogContentBrowser: Native class hierarchy updated for 'SceneOutliner' in 0.0007 seconds. Added 2 classes and 0 folders.
[2020.11.18-15.58.36:367][  0]LogSlate: Took 0.001123 seconds to synchronously load lazily loaded font '../../../Engine/Content/Slate/Fonts/Roboto-Regular.ttf' (155K)
[2020.11.18-15.58.36:372][  0]LogSlate: Took 0.000915 seconds to synchronously load lazily loaded font '../../../Engine/Content/Slate/Fonts/Roboto-Bold.ttf' (160K)
[2020.11.18-15.58.36:380][  0]LogSlate: Took 0.000812 seconds to synchronously load lazily loaded font '../../../Engine/Content/Editor/Slate/Fonts/FontAwesome.ttf' (139K)
[2020.11.18-15.58.36:457][  0]LogRenderer: Reallocating scene render targets to support 1440x580 Format 10 NumSamples 1 (Frame:1).
[2020.11.18-15.58.36:523][  0]LogSlate: Took 0.000943 seconds to synchronously load lazily loaded font '../../../Engine/Content/Slate/Fonts/Roboto-Light.ttf' (167K)
[2020.11.18-15.58.36:632][  0]LogContentBrowser: Native class hierarchy updated for 'HierarchicalLODOutliner' in 0.0007 seconds. Added 0 classes and 0 folders.
[2020.11.18-15.58.36:633][  0]LogLoad: (Engine Initialization) Total time: 21.67 seconds
[2020.11.18-15.58.36:633][  0]LogLoad: (Engine Initialization) Total Blueprint compile time: 0.00 seconds
[2020.11.18-15.58.36:676][  0]LogAssetRegistry: Asset discovery search completed in 11.8947 seconds
[2020.11.18-15.58.36:680][  0]LogCollectionManager: Fixed up redirectors for 0 collections in 0.000003 seconds (updated 0 objects)
[2020.11.18-15.58.36:682][  0]LogContentStreaming: Texture pool size now 1000 MB
[2020.11.18-15.58.36:720][  0]LogSlate: Took 0.000722 seconds to synchronously load lazily loaded font '../../../Engine/Content/Slate/Fonts/DroidSansMono.ttf' (77K)
[2020.11.18-16.41.26:071][946]LogSlate: Took 0.072225 seconds to synchronously load lazily loaded font '../../../Engine/Content/Slate/Fonts/Roboto-Light.ttf' (167K)
[2020.11.18-16.41.26:509][946]LogClass: Warning: Type mismatch in TargetActor of PlayerTask_C - Previous (ObjectProperty) Current(ArrayProperty) for package:  ../../../../../../Users/ryem_/Documents/-raisethegamejam-2020/RaiseTheGameJame2020/Content/Maps/MainLevel_hal.umap
[2020.11.18-16.41.26:776][946]LogAssetEditorSubsystem: Opening Asset editor for World /Game/Maps/MainLevel_hal.MainLevel_hal
[2020.11.18-16.41.27:002][946]LogUObjectHash: Compacting FUObjectHashTables data took  66.71ms
[2020.11.18-16.41.27:272][946]Cmd: MAP LOAD FILE="../../../../../../Users/ryem_/Documents/-raisethegamejam-2020/RaiseTheGameJame2020/Content/Maps/MainLevel_hal.umap" TEMPLATE=0 SHOWPROGRESS=1 FEATURELEVEL=3
[2020.11.18-16.41.27:280][946]LightingResults: New page: Lighting Build
[2020.11.18-16.41.27:289][946]LoadErrors: New page: Loading map: MainLevel_hal.umap
[2020.11.18-16.41.27:403][946]LogWorld: UWorld::CleanupWorld for ThirdPersonExampleMap, bSessionEnded=true, bCleanupResources=true
[2020.11.18-16.41.27:416][946]LogSlate: InvalidateAllWidgets triggered.  All widgets were invalidated
[2020.11.18-16.41.27:422][946]MapCheck: New page: Map Check
[2020.11.18-16.41.27:422][946]LightingResults: New page: Lighting Build
[2020.11.18-16.41.27:520][946]LogAISub: UAISubsystem::~UAISubsystem EnvQueryManager (0000027784C39600), frame # 7946
[2020.11.18-16.41.27:521][946]LogAISub: UAISubsystem::~UAISubsystem AIPerceptionSystem (000002779335BEC0), frame # 7946
[2020.11.18-16.41.27:522][946]LogUObjectHash: Compacting FUObjectHashTables data took   0.90ms
[2020.11.18-16.41.29:295][946]LogEditorServer: Finished looking for orphan Actors (0.000 secs)
[2020.11.18-16.41.29:296][946]LogAIModule: Creating AISystem for world MainLevel_hal
[2020.11.18-16.41.29:299][946]LogAISub: UAISubsystem::UAISubsystem EnvQueryManager (00000277A32A7600), frame # 7946
[2020.11.18-16.41.29:302][946]LogAISub: UAISubsystem::UAISubsystem AIPerceptionSystem (000002778F3AA480), frame # 7946
[2020.11.18-16.41.29:395][946]LogUObjectHash: Compacting FUObjectHashTables data took   0.71ms
[2020.11.18-16.41.29:436][946]Cmd: MAP CHECKDEP NOCLEARLOG
[2020.11.18-16.41.29:440][946]MapCheck: Map check complete: 0 Error(s), 0 Warning(s), took 0.553ms to complete.
[2020.11.18-16.41.29:441][946]LogFileHelpers: Loading map 'MainLevel_hal' took 2.177
[2020.11.18-16.41.38:256][728]LogEditorViewport: Clicking on Actor (LMB): BP_Sky_Sphere_C (SkySphereBlueprint)
[2020.11.18-16.45.23:809][821]Candidate modules for hot reload:
[2020.11.18-16.45.23:817][821]  RaiseTheGameJame2020
[2020.11.18-16.45.23:825][821]Launching UnrealBuildTool... [C:/Program Files/Epic Games/UE_4.25/Engine/Binaries/DotNET/UnrealBuildTool.exe  -ModuleWithSuffix=RaiseTheGameJame2020,421 RaiseTheGameJame2020Editor Win64 Development -Project="C:/Users/ryem_/Documents/-raisethegamejam-2020/RaiseTheGameJame2020/RaiseTheGameJame2020.uproject" "C:/Users/ryem_/Documents/-raisethegamejam-2020/RaiseTheGameJame2020/RaiseTheGameJame2020.uproject"  -IgnoreJunk]
[2020.11.18-16.45.23:868][821]Warning: Starting HotReload took  0.5s.
[2020.11.18-16.46.50:985][ 35]CompilerResultsLog: New page: Compilation - 18 Nov 2020, 16:46:50
[2020.11.18-16.46.51:033][ 35]CompilerResultsLog: Using 'git status' to determine working set for adaptive non-unity build (C:\Users\ryem_\Documents\-raisethegamejam-2020).
[2020.11.18-16.46.51:034][ 35]CompilerResultsLog: Parsing headers for RaiseTheGameJame2020Editor
[2020.11.18-16.46.51:034][ 35]CompilerResultsLog:   Running UnrealHeaderTool "C:\Users\ryem_\Documents\-raisethegamejam-2020\RaiseTheGameJame2020\RaiseTheGameJame2020.uproject" "C:\Users\ryem_\Documents\-raisethegamejam-2020\RaiseTheGameJame2020\Intermediate\Build\Win64\RaiseTheGameJame2020Editor\Development\RaiseTheGameJame2020Editor.uhtmanifest" -LogCmds="loginit warning, logexit warning, logdatabase error" -Unattended -WarningsAsErrors -abslog="C:\Users\ryem_\AppData\Local\UnrealBuildTool\Log_UHT.txt" -installed
[2020.11.18-16.46.51:034][ 35]CompilerResultsLog: Reflection code generated for RaiseTheGameJame2020Editor in 18.990503 seconds
[2020.11.18-16.46.51:034][ 35]CompilerResultsLog: Building RaiseTheGameJame2020Editor...
[2020.11.18-16.46.51:035][ 35]CompilerResultsLog: Using Visual Studio 2017 14.16.27044 toolchain (C:\Program Files (x86)\Microsoft Visual Studio\2017\Community\VC\Tools\MSVC\14.16.27023) and Windows 10.0.18362.0 SDK (C:\Program Files (x86)\Windows Kits\10).
[2020.11.18-16.46.51:035][ 35]CompilerResultsLog: Building 6 actions with 4 processes...
[2020.11.18-16.46.51:035][ 35]CompilerResultsLog:   [1/6] APlayerTask.cpp
[2020.11.18-16.46.51:037][ 35]CompilerResultsLog:    C:\Users\ryem_\Documents\-raisethegamejam-2020\RaiseTheGameJame2020\Source\RaiseTheGameJame2020\Private\APlayerTask.cpp(50) : error C2065: 'TargetActor': undeclared identifier
[2020.11.18-16.46.51:037][ 35]CompilerResultsLog:    C:\Users\ryem_\Documents\-raisethegamejam-2020\RaiseTheGameJame2020\Source\RaiseTheGameJame2020\Private\APlayerTask.cpp(51) : error C3312: no callable 'begin' function found for type 'unknown-type'
[2020.11.18-16.46.51:037][ 35]CompilerResultsLog:    C:\Users\ryem_\Documents\-raisethegamejam-2020\RaiseTheGameJame2020\Source\RaiseTheGameJame2020\Private\APlayerTask.cpp(51) : error C3312: no callable 'end' function found for type 'unknown-type'
[2020.11.18-16.46.51:038][ 35]CompilerResultsLog:    C:\Users\ryem_\Documents\-raisethegamejam-2020\RaiseTheGameJame2020\Source\RaiseTheGameJame2020\Private\APlayerTask.cpp(52) : error C2065: 'actor': undeclared identifier
[2020.11.18-16.46.51:038][ 35]CompilerResultsLog:    C:\Users\ryem_\Documents\-raisethegamejam-2020\RaiseTheGameJame2020\Source\RaiseTheGameJame2020\Private\APlayerTask.cpp(58) : error C2059: syntax error: '}'
[2020.11.18-16.46.51:038][ 35]CompilerResultsLog:   [2/6] RaiseTheGameJame2020.init.gen.cpp
[2020.11.18-16.46.51:039][ 35]CompilerResultsLog:   [3/6] APlayerTask.gen.cpp
[2020.11.18-16.46.51:056][ 35]LogMainFrame: MainFrame: Module compiling took 87.391 seconds
[2020.11.18-16.46.51:093][ 35]Warning: HotReload failed, recompile failed
[2020.11.18-16.55.48:342][ 60]Candidate modules for hot reload:
[2020.11.18-16.55.48:342][ 60]  RaiseTheGameJame2020
[2020.11.18-16.55.48:344][ 60]Launching UnrealBuildTool... [C:/Program Files/Epic Games/UE_4.25/Engine/Binaries/DotNET/UnrealBuildTool.exe  -ModuleWithSuffix=RaiseTheGameJame2020,3912 RaiseTheGameJame2020Editor Win64 Development -Project="C:/Users/ryem_/Documents/-raisethegamejam-2020/RaiseTheGameJame2020/RaiseTheGameJame2020.uproject" "C:/Users/ryem_/Documents/-raisethegamejam-2020/RaiseTheGameJame2020/RaiseTheGameJame2020.uproject"  -IgnoreJunk]
[2020.11.18-16.55.48:361][ 60]Warning: Starting HotReload took  0.1s.
[2020.11.18-16.55.55:587][372]CompilerResultsLog: New page: Compilation - 18 Nov 2020, 16:55:55
[2020.11.18-16.55.55:589][372]CompilerResultsLog: Using 'git status' to determine working set for adaptive non-unity build (C:\Users\ryem_\Documents\-raisethegamejam-2020).
[2020.11.18-16.55.55:589][372]CompilerResultsLog: Building RaiseTheGameJame2020Editor...
[2020.11.18-16.55.55:589][372]CompilerResultsLog: Using Visual Studio 2017 14.16.27044 toolchain (C:\Program Files (x86)\Microsoft Visual Studio\2017\Community\VC\Tools\MSVC\14.16.27023) and Windows 10.0.18362.0 SDK (C:\Program Files (x86)\Windows Kits\10).
[2020.11.18-16.55.55:589][372]CompilerResultsLog: Building 4 actions with 4 processes...
[2020.11.18-16.55.55:589][372]CompilerResultsLog:   [1/4] APlayerTask.cpp
[2020.11.18-16.55.55:589][372]CompilerResultsLog:    C:\Users\ryem_\Documents\-raisethegamejam-2020\RaiseTheGameJame2020\Source\RaiseTheGameJame2020\Private\APlayerTask.cpp(47) : error C4002: too many arguments for function-like macro invocation 'TEXT'
[2020.11.18-16.55.55:589][372]LogMainFrame: MainFrame: Module compiling took 7.272 seconds
[2020.11.18-16.55.55:590][372]Warning: HotReload failed, recompile failed
[2020.11.18-16.57.04:190][ 54]LogEditorViewport: Clicking on Actor (LMB): ThirdPersonCharacter_C (ThirdPersonCharacter)
[2020.11.18-16.57.04:808][ 54]LogEditorViewport: Clicking on Actor (context menu): StaticMeshActor (Floor)
[2020.11.18-16.57.06:136][123]LogEditorViewport: Clicking on Actor (LMB): StaticMeshActor (Floor)
[2020.11.18-16.57.06:705][184]LogEditorViewport: Clicking on Actor (LMB): ThirdPersonCharacter_C (ThirdPersonCharacter)
[2020.11.18-16.57.20:087][384]LogUObjectHash: Compacting FUObjectHashTables data took  13.70ms
[2020.11.18-16.57.20:246][384]LogSavePackage: Moving '../../../../../../Users/ryem_/Documents/-raisethegamejam-2020/RaiseTheGameJame2020/Saved/MainLevel_hal92309C564727F19A025906BCE84818B0.tmp' to '../../../../../../Users/ryem_/Documents/-raisethegamejam-2020/RaiseTheGameJame2020/Content/Maps/MainLevel_hal.umap'
[2020.11.18-16.57.20:310][384]AssetCheck: New page: Asset Save: MainLevel_hal
[2020.11.18-16.57.20:311][384]LogContentValidation: Display: Validating World /Game/Maps/MainLevel_hal.MainLevel_hal
[2020.11.18-16.57.21:188][465]LogUObjectHash: Compacting FUObjectHashTables data took   0.29ms
[2020.11.18-16.57.21:229][465]LogSavePackage: Moving '../../../../../../Users/ryem_/Documents/-raisethegamejam-2020/RaiseTheGameJame2020/Saved/MainLevel_hal4EBA8ADD4E041A4B0F4F1694752B554B.tmp' to '../../../../../../Users/ryem_/Documents/-raisethegamejam-2020/RaiseTheGameJame2020/Content/Maps/MainLevel_hal.umap'
[2020.11.18-16.57.21:260][465]AssetCheck: New page: Asset Save: MainLevel_hal
[2020.11.18-16.57.21:260][465]LogContentValidation: Display: Validating World /Game/Maps/MainLevel_hal.MainLevel_hal
[2020.11.18-16.57.30:175][661]LogTemp: Repeating last play command: Simulate
[2020.11.18-16.57.30:221][661]LogPlayLevel: PlayLevel: No blueprints needed recompiling
[2020.11.18-16.57.30:224][661]PIE: New page: SIE session: MainLevel_hal (18 Nov 2020, 16:57:30)
[2020.11.18-16.57.30:250][661]LogOnline: OSS: Creating online subsystem instance for: NULL
[2020.11.18-16.57.30:263][661]LogOnline: OSS: TryLoadSubsystemAndSetDefault: Loaded subsystem for module [NULL]
[2020.11.18-16.57.30:267][661]LogPlayLevel: Creating play world package: /Game/Maps/UEDPIE_0_MainLevel_hal
[2020.11.18-16.57.30:331][661]LogPlayLevel: PIE: StaticDuplicateObject took: (0.062412s)
[2020.11.18-16.57.30:375][661]LogAIModule: Creating AISystem for world MainLevel_hal
[2020.11.18-16.57.30:378][661]LogAISub: UAISubsystem::UAISubsystem EnvQueryManager (00000277B337F000), frame # 15661
[2020.11.18-16.57.30:381][661]LogAISub: UAISubsystem::UAISubsystem AIPerceptionSystem (00000277A3288540), frame # 15661
[2020.11.18-16.57.30:385][661]LogPlayLevel: PIE: World Init took: (0.052612s)
[2020.11.18-16.57.30:385][661]LogPlayLevel: PIE: Created PIE world by copying editor world from /Game/Maps/MainLevel_hal.MainLevel_hal to /Game/Maps/UEDPIE_0_MainLevel_hal.MainLevel_hal (0.118751s)
[2020.11.18-16.57.30:397][661]LogUObjectHash: Compacting FUObjectHashTables data took   0.67ms
[2020.11.18-16.57.30:402][661]LogAudioMixer: Display: Audio Mixer Platform Settings:
[2020.11.18-16.57.30:402][661]LogAudioMixer: Display: 	Sample Rate:						  48000
[2020.11.18-16.57.30:403][661]LogAudioMixer: Display: 	Callback Buffer Frame Size Requested: 1024
[2020.11.18-16.57.30:403][661]LogAudioMixer: Display: 	Callback Buffer Frame Size To Use:	  1024
[2020.11.18-16.57.30:404][661]LogAudioMixer: Display: 	Number of buffers to queue:			  2
[2020.11.18-16.57.30:404][661]LogAudioMixer: Display: 	Max Channels (voices):				  32
[2020.11.18-16.57.30:404][661]LogAudioMixer: Display: 	Number of Async Source Workers:		  0
[2020.11.18-16.57.30:405][661]LogAudio: Display: AudioDevice MaxSources: 32
[2020.11.18-16.57.30:409][661]LogAudio: Display: Using built-in audio occlusion.
[2020.11.18-16.57.30:409][661]LogAudioMixer: Display: Initializing audio mixer.
[2020.11.18-16.57.30:435][661]LogAudioMixer: Display: 0: FrontLeft
[2020.11.18-16.57.30:435][661]LogAudioMixer: Display: 1: FrontRight
[2020.11.18-16.57.30:509][661]LogAudioMixer: Display: Using Audio Device Headset Earphone (HyperX Virtual Surround Sound)
[2020.11.18-16.57.30:514][661]LogAudioMixer: Display: Initializing Sound Submixes...
[2020.11.18-16.57.30:514][661]LogAudioMixer: Display: Creating Master Submix 'MasterSubmixDefault'
[2020.11.18-16.57.30:515][661]LogAudioMixer: Display: Creating Master Submix 'MasterReverbSubmixDefault'
[2020.11.18-16.57.30:518][661]LogAudioMixer: Display: Creating Master Submix 'MasterEQSubmixDefault'
[2020.11.18-16.57.30:526][661]LogInit: FAudioDevice initialized.
[2020.11.18-16.57.30:577][661]LogLoad: Game class is 'RaiseTheGameJame2020GameMode'
[2020.11.18-16.57.30:626][661]LogWorld: Bringing World /Game/Maps/UEDPIE_0_MainLevel_hal.MainLevel_hal up for play (max tick rate 0) at 2020.11.18-16.57.30
[2020.11.18-16.57.30:627][661]LogWorld: Bringing up level for play took: 0.036615
[2020.11.18-16.57.30:632][661]LogOnline: OSS: Creating online subsystem instance for: :Context_4
[2020.11.18-16.57.31:000][661]LogContentBrowser: Native class hierarchy updated for 'MovieSceneCapture' in 0.0088 seconds. Added 20 classes and 0 folders.
[2020.11.18-16.57.31:013][661]PIE: Server logged in
[2020.11.18-16.57.31:015][661]PIE: Play in editor total start time 0.822 seconds.
[2020.11.18-16.57.32:976][822]LogSlate: Updating window title bar state: overlay mode, drag disabled, window buttons hidden, title bar hidden
[2020.11.18-16.57.32:976][822]LogWorld: BeginTearingDown for /Game/Maps/UEDPIE_0_MainLevel_hal
[2020.11.18-16.57.32:979][822]LogWorld: UWorld::CleanupWorld for MainLevel_hal, bSessionEnded=true, bCleanupResources=true
[2020.11.18-16.57.32:982][822]LogSlate: InvalidateAllWidgets triggered.  All widgets were invalidated
[2020.11.18-16.57.32:999][822]LogPlayLevel: Display: Shutting down PIE online subsystems
[2020.11.18-16.57.33:002][822]LogSlate: InvalidateAllWidgets triggered.  All widgets were invalidated
[2020.11.18-16.57.33:074][822]LogSlate: Updating window title bar state: overlay mode, drag disabled, window buttons hidden, title bar hidden
[2020.11.18-16.57.33:089][822]LogAISub: UAISubsystem::~UAISubsystem EnvQueryManager (00000277B337F000), frame # 15822
[2020.11.18-16.57.33:089][822]LogAISub: UAISubsystem::~UAISubsystem AIPerceptionSystem (00000277A3288540), frame # 15822
[2020.11.18-16.57.33:091][822]LogUObjectHash: Compacting FUObjectHashTables data took   0.92ms
[2020.11.18-16.57.33:116][823]LogPlayLevel: Display: Destroying online subsystem :Context_4
[2020.11.18-16.57.38:555][453]LogPlayLevel: PlayLevel: No blueprints needed recompiling
[2020.11.18-16.57.38:556][453]PIE: New page: PIE session: MainLevel_hal (18 Nov 2020, 16:57:38)
[2020.11.18-16.57.38:556][453]LogPlayLevel: Creating play world package: /Game/Maps/UEDPIE_0_MainLevel_hal
[2020.11.18-16.57.38:569][453]LogPlayLevel: PIE: StaticDuplicateObject took: (0.013250s)
[2020.11.18-16.57.38:572][453]LogAIModule: Creating AISystem for world MainLevel_hal
[2020.11.18-16.57.38:573][453]LogAISub: UAISubsystem::UAISubsystem EnvQueryManager (00000277B32DC600), frame # 16453
[2020.11.18-16.57.38:573][453]LogAISub: UAISubsystem::UAISubsystem AIPerceptionSystem (00000277C9854B80), frame # 16453
[2020.11.18-16.57.38:574][453]LogPlayLevel: PIE: World Init took: (0.002752s)
[2020.11.18-16.57.38:574][453]LogPlayLevel: PIE: Created PIE world by copying editor world from /Game/Maps/MainLevel_hal.MainLevel_hal to /Game/Maps/UEDPIE_0_MainLevel_hal.MainLevel_hal (0.018386s)
[2020.11.18-16.57.38:585][453]LogUObjectHash: Compacting FUObjectHashTables data took   0.76ms
[2020.11.18-16.57.38:588][453]LogAudioMixer: Display: Audio Mixer Platform Settings:
[2020.11.18-16.57.38:588][453]LogAudioMixer: Display: 	Sample Rate:						  48000
[2020.11.18-16.57.38:588][453]LogAudioMixer: Display: 	Callback Buffer Frame Size Requested: 1024
[2020.11.18-16.57.38:588][453]LogAudioMixer: Display: 	Callback Buffer Frame Size To Use:	  1024
[2020.11.18-16.57.38:588][453]LogAudioMixer: Display: 	Number of buffers to queue:			  2
[2020.11.18-16.57.38:589][453]LogAudioMixer: Display: 	Max Channels (voices):				  32
[2020.11.18-16.57.38:589][453]LogAudioMixer: Display: 	Number of Async Source Workers:		  0
[2020.11.18-16.57.38:589][453]LogAudio: Display: AudioDevice MaxSources: 32
[2020.11.18-16.57.38:590][453]LogAudio: Display: Using built-in audio occlusion.
[2020.11.18-16.57.38:590][453]LogAudioMixer: Display: Initializing audio mixer.
[2020.11.18-16.57.38:609][453]LogAudioMixer: Display: 0: FrontLeft
[2020.11.18-16.57.38:609][453]LogAudioMixer: Display: 1: FrontRight
[2020.11.18-16.57.38:689][453]LogAudioMixer: Display: Using Audio Device Headset Earphone (HyperX Virtual Surround Sound)
[2020.11.18-16.57.38:690][453]LogAudioMixer: Display: Initializing Sound Submixes...
[2020.11.18-16.57.38:690][453]LogAudioMixer: Display: Creating Master Submix 'MasterSubmixDefault'
[2020.11.18-16.57.38:690][453]LogAudioMixer: Display: Creating Master Submix 'MasterReverbSubmixDefault'
[2020.11.18-16.57.38:701][453]LogAudioMixer: Display: Creating Master Submix 'MasterEQSubmixDefault'
[2020.11.18-16.57.38:703][453]LogInit: FAudioDevice initialized.
[2020.11.18-16.57.38:718][453]LogLoad: Game class is 'RaiseTheGameJame2020GameMode'
[2020.11.18-16.57.38:720][453]LogWorld: Bringing World /Game/Maps/UEDPIE_0_MainLevel_hal.MainLevel_hal up for play (max tick rate 0) at 2020.11.18-16.57.38
[2020.11.18-16.57.38:720][453]LogWorld: Bringing up level for play took: 0.001670
[2020.11.18-16.57.38:721][453]LogOnline: OSS: Creating online subsystem instance for: :Context_5
[2020.11.18-16.57.38:728][453]PIE: Server logged in
[2020.11.18-16.57.38:729][453]PIE: Play in editor total start time 0.183 seconds.
[2020.11.18-16.57.48:780][644]LogSlate: Updating window title bar state: overlay mode, drag disabled, window buttons hidden, title bar hidden
[2020.11.18-16.57.48:780][644]LogWorld: BeginTearingDown for /Game/Maps/UEDPIE_0_MainLevel_hal
[2020.11.18-16.57.48:780][644]LogWorld: UWorld::CleanupWorld for MainLevel_hal, bSessionEnded=true, bCleanupResources=true
[2020.11.18-16.57.48:781][644]LogSlate: InvalidateAllWidgets triggered.  All widgets were invalidated
[2020.11.18-16.57.48:794][644]LogPlayLevel: Display: Shutting down PIE online subsystems
[2020.11.18-16.57.48:796][644]LogSlate: InvalidateAllWidgets triggered.  All widgets were invalidated
[2020.11.18-16.57.48:807][644]LogSlate: Updating window title bar state: overlay mode, drag disabled, window buttons hidden, title bar hidden
[2020.11.18-16.57.48:862][644]LogAISub: UAISubsystem::~UAISubsystem AIPerceptionSystem (00000277C9854B80), frame # 17644
[2020.11.18-16.57.48:866][644]LogAISub: UAISubsystem::~UAISubsystem EnvQueryManager (00000277B32DC600), frame # 17644
[2020.11.18-16.57.48:867][644]LogUObjectHash: Compacting FUObjectHashTables data took   0.71ms
[2020.11.18-16.57.48:902][645]LogPlayLevel: Display: Destroying online subsystem :Context_5
[2020.11.18-16.58.36:794][867]Candidate modules for hot reload:
[2020.11.18-16.58.36:794][867]  RaiseTheGameJame2020
[2020.11.18-16.58.36:795][867]Launching UnrealBuildTool... [C:/Program Files/Epic Games/UE_4.25/Engine/Binaries/DotNET/UnrealBuildTool.exe  -ModuleWithSuffix=RaiseTheGameJame2020,4885 RaiseTheGameJame2020Editor Win64 Development -Project="C:/Users/ryem_/Documents/-raisethegamejam-2020/RaiseTheGameJame2020/RaiseTheGameJame2020.uproject" "C:/Users/ryem_/Documents/-raisethegamejam-2020/RaiseTheGameJame2020/RaiseTheGameJame2020.uproject"  -IgnoreJunk]
[2020.11.18-16.58.36:804][867]Warning: Starting HotReload took  0.0s.
[2020.11.18-16.58.44:763][676]CompilerResultsLog: New page: Compilation - 18 Nov 2020, 16:58:44
[2020.11.18-16.58.44:763][676]CompilerResultsLog: Using 'git status' to determine working set for adaptive non-unity build (C:\Users\ryem_\Documents\-raisethegamejam-2020).
[2020.11.18-16.58.44:764][676]CompilerResultsLog: Building RaiseTheGameJame2020Editor...
[2020.11.18-16.58.44:764][676]CompilerResultsLog: Using Visual Studio 2017 14.16.27044 toolchain (C:\Program Files (x86)\Microsoft Visual Studio\2017\Community\VC\Tools\MSVC\14.16.27023) and Windows 10.0.18362.0 SDK (C:\Program Files (x86)\Windows Kits\10).
[2020.11.18-16.58.44:764][676]CompilerResultsLog: Building 4 actions with 4 processes...
[2020.11.18-16.58.44:764][676]CompilerResultsLog:   [1/4] APlayerTask.cpp
[2020.11.18-16.58.44:764][676]CompilerResultsLog:   [2/4] UE4Editor-RaiseTheGameJame2020-4885.lib
[2020.11.18-16.58.44:764][676]CompilerResultsLog:      Creating library C:\Users\ryem_\Documents\-raisethegamejam-2020\RaiseTheGameJame2020\Intermediate\Build\Win64\UE4Editor\Development\RaiseTheGameJame2020\UE4Editor-RaiseTheGameJame2020-4885.lib and object C:\Users\ryem_\Documents\-raisethegamejam-2020\RaiseTheGameJame2020\Intermediate\Build\Win64\UE4Editor\Development\RaiseTheGameJame2020\UE4Editor-RaiseTheGameJame2020-4885.exp
[2020.11.18-16.58.44:764][676]CompilerResultsLog:   [3/4] UE4Editor-RaiseTheGameJame2020-4885.dll
[2020.11.18-16.58.44:764][676]CompilerResultsLog:      Creating library C:\Users\ryem_\Documents\-raisethegamejam-2020\RaiseTheGameJame2020\Intermediate\Build\Win64\UE4Editor\Development\RaiseTheGameJame2020\UE4Editor-RaiseTheGameJame2020-4885.suppressed.lib and object C:\Users\ryem_\Documents\-raisethegamejam-2020\RaiseTheGameJame2020\Intermediate\Build\Win64\UE4Editor\Development\RaiseTheGameJame2020\UE4Editor-RaiseTheGameJame2020-4885.suppressed.exp
[2020.11.18-16.58.44:764][676]CompilerResultsLog:   [4/4] RaiseTheGameJame2020Editor.target
[2020.11.18-16.58.44:764][676]CompilerResultsLog: Total time in Parallel executor: 5.77 seconds
[2020.11.18-16.58.44:764][676]CompilerResultsLog: Total execution time: 7.80 seconds
[2020.11.18-16.58.44:764][676]LogMainFrame: MainFrame: Module compiling took 7.973 seconds
[2020.11.18-16.58.44:934][676]LogClass: Could not find existing class APlayerTask in package /Script/RaiseTheGameJame2020 for HotReload, assuming new class
[2020.11.18-16.58.44:935][676]LogClass: Function OnTaskEntryOverlapBegin is new.
[2020.11.18-16.58.44:936][676]LogClass: Function OnTaskEntryOverlapEnd is new.
[2020.11.18-16.58.44:936][676]LogClass: Function OnTaskExitOverlapBegin is new.
[2020.11.18-16.58.44:936][676]LogClass: Function OnTaskExitOverlapEnd is new.
[2020.11.18-16.58.44:955][676]LogHotReload: Re-instancing APlayerTask after hot-reload.
[2020.11.18-16.58.45:029][676]LogContentBrowser: Native class hierarchy updated for 'RaiseTheGameJame2020' in 0.0010 seconds. Added 5 classes and 3 folders.
[2020.11.18-16.58.45:031][676]Display: HotReload successful (2 functions remapped  0 scriptstructs remapped)
[2020.11.18-16.58.45:173][676]LogContentBrowser: Native class hierarchy populated in 0.0169 seconds. Added 3432 classes and 824 folders.
[2020.11.18-16.58.45:208][676]Display: HotReload took  8.4s.
[2020.11.18-16.58.48:224][ 18]LogTemp: Repeating last play command: Selected Viewport
[2020.11.18-16.58.48:247][ 18]LogPlayLevel: PlayLevel: No blueprints needed recompiling
[2020.11.18-16.58.48:247][ 18]PIE: New page: PIE session: MainLevel_hal (18 Nov 2020, 16:58:48)
[2020.11.18-16.58.48:247][ 18]LogPlayLevel: Creating play world package: /Game/Maps/UEDPIE_0_MainLevel_hal
[2020.11.18-16.58.48:260][ 18]LogPlayLevel: PIE: StaticDuplicateObject took: (0.012929s)
[2020.11.18-16.58.48:262][ 18]LogAIModule: Creating AISystem for world MainLevel_hal
[2020.11.18-16.58.48:262][ 18]LogAISub: UAISubsystem::UAISubsystem EnvQueryManager (00000277C90DD600), frame # 19018
[2020.11.18-16.58.48:262][ 18]LogAISub: UAISubsystem::UAISubsystem AIPerceptionSystem (00000277A3288F40), frame # 19018
[2020.11.18-16.58.48:263][ 18]LogPlayLevel: PIE: World Init took: (0.002082s)
[2020.11.18-16.58.48:263][ 18]LogPlayLevel: PIE: Created PIE world by copying editor world from /Game/Maps/MainLevel_hal.MainLevel_hal to /Game/Maps/UEDPIE_0_MainLevel_hal.MainLevel_hal (0.015994s)
[2020.11.18-16.58.48:333][ 18]LogUObjectHash: Compacting FUObjectHashTables data took   1.24ms
[2020.11.18-16.58.48:336][ 18]LogAudioMixer: Display: Audio Mixer Platform Settings:
[2020.11.18-16.58.48:336][ 18]LogAudioMixer: Display: 	Sample Rate:						  48000
[2020.11.18-16.58.48:336][ 18]LogAudioMixer: Display: 	Callback Buffer Frame Size Requested: 1024
[2020.11.18-16.58.48:336][ 18]LogAudioMixer: Display: 	Callback Buffer Frame Size To Use:	  1024
[2020.11.18-16.58.48:336][ 18]LogAudioMixer: Display: 	Number of buffers to queue:			  2
[2020.11.18-16.58.48:336][ 18]LogAudioMixer: Display: 	Max Channels (voices):				  32
[2020.11.18-16.58.48:336][ 18]LogAudioMixer: Display: 	Number of Async Source Workers:		  0
[2020.11.18-16.58.48:337][ 18]LogAudio: Display: AudioDevice MaxSources: 32
[2020.11.18-16.58.48:337][ 18]LogAudio: Display: Using built-in audio occlusion.
[2020.11.18-16.58.48:337][ 18]LogAudioMixer: Display: Initializing audio mixer.
[2020.11.18-16.58.48:354][ 18]LogAudioMixer: Display: 0: FrontLeft
[2020.11.18-16.58.48:355][ 18]LogAudioMixer: Display: 1: FrontRight
[2020.11.18-16.58.48:428][ 18]LogAudioMixer: Display: Using Audio Device Headset Earphone (HyperX Virtual Surround Sound)
[2020.11.18-16.58.48:428][ 18]LogAudioMixer: Display: Initializing Sound Submixes...
[2020.11.18-16.58.48:428][ 18]LogAudioMixer: Display: Creating Master Submix 'MasterSubmixDefault'
[2020.11.18-16.58.48:428][ 18]LogAudioMixer: Display: Creating Master Submix 'MasterReverbSubmixDefault'
[2020.11.18-16.58.48:429][ 18]LogAudioMixer: Display: Creating Master Submix 'MasterEQSubmixDefault'
[2020.11.18-16.58.48:443][ 18]LogInit: FAudioDevice initialized.
[2020.11.18-16.58.48:460][ 18]LogLoad: Game class is 'RaiseTheGameJame2020GameMode'
[2020.11.18-16.58.48:462][ 18]LogWorld: Bringing World /Game/Maps/UEDPIE_0_MainLevel_hal.MainLevel_hal up for play (max tick rate 0) at 2020.11.18-16.58.48
[2020.11.18-16.58.48:463][ 18]LogWorld: Bringing up level for play took: 0.001651
[2020.11.18-16.58.48:463][ 18]LogOnline: OSS: Creating online subsystem instance for: :Context_6
[2020.11.18-16.58.48:466][ 18]PIE: Server logged in
[2020.11.18-16.58.48:467][ 18]PIE: Play in editor total start time 0.232 seconds.
[2020.11.18-17.00.14:830][515]LogSlate: Updating window title bar state: overlay mode, drag disabled, window buttons hidden, title bar hidden
[2020.11.18-17.00.14:830][515]LogWorld: BeginTearingDown for /Game/Maps/UEDPIE_0_MainLevel_hal
[2020.11.18-17.00.14:831][515]LogWorld: UWorld::CleanupWorld for MainLevel_hal, bSessionEnded=true, bCleanupResources=true
[2020.11.18-17.00.14:831][515]LogSlate: InvalidateAllWidgets triggered.  All widgets were invalidated
[2020.11.18-17.00.14:847][515]LogPlayLevel: Display: Shutting down PIE online subsystems
[2020.11.18-17.00.14:849][515]LogSlate: InvalidateAllWidgets triggered.  All widgets were invalidated
[2020.11.18-17.00.14:925][515]LogSlate: Updating window title bar state: overlay mode, drag disabled, window buttons hidden, title bar hidden
[2020.11.18-17.00.14:925][515]LogAISub: UAISubsystem::~UAISubsystem EnvQueryManager (00000277C90DD600), frame # 23515
[2020.11.18-17.00.14:926][515]LogAISub: UAISubsystem::~UAISubsystem AIPerceptionSystem (00000277A3288F40), frame # 23515
[2020.11.18-17.00.14:927][515]LogUObjectHash: Compacting FUObjectHashTables data took   0.74ms
[2020.11.18-17.00.14:948][516]LogPlayLevel: Display: Destroying online subsystem :Context_6
[2020.11.18-17.00.15:717][599]Candidate modules for hot reload:
[2020.11.18-17.00.15:717][599]  RaiseTheGameJame2020
[2020.11.18-17.00.15:718][599]Launching UnrealBuildTool... [C:/Program Files/Epic Games/UE_4.25/Engine/Binaries/DotNET/UnrealBuildTool.exe  -ModuleWithSuffix=RaiseTheGameJame2020,4342 RaiseTheGameJame2020Editor Win64 Development -Project="C:/Users/ryem_/Documents/-raisethegamejam-2020/RaiseTheGameJame2020/RaiseTheGameJame2020.uproject" "C:/Users/ryem_/Documents/-raisethegamejam-2020/RaiseTheGameJame2020/RaiseTheGameJame2020.uproject"  -IgnoreJunk]
[2020.11.18-17.00.15:730][599]Warning: Starting HotReload took  0.0s.
[2020.11.18-17.00.22:742][302]CompilerResultsLog: New page: Compilation - 18 Nov 2020, 17:00:22
[2020.11.18-17.00.22:743][302]CompilerResultsLog: Using 'git status' to determine working set for adaptive non-unity build (C:\Users\ryem_\Documents\-raisethegamejam-2020).
[2020.11.18-17.00.22:743][302]CompilerResultsLog: Building RaiseTheGameJame2020Editor...
[2020.11.18-17.00.22:743][302]CompilerResultsLog: Using Visual Studio 2017 14.16.27044 toolchain (C:\Program Files (x86)\Microsoft Visual Studio\2017\Community\VC\Tools\MSVC\14.16.27023) and Windows 10.0.18362.0 SDK (C:\Program Files (x86)\Windows Kits\10).
[2020.11.18-17.00.22:743][302]CompilerResultsLog: Building 4 actions with 4 processes...
[2020.11.18-17.00.22:743][302]CompilerResultsLog:   [1/4] APlayerTask.cpp
[2020.11.18-17.00.22:743][302]CompilerResultsLog:   [2/4] UE4Editor-RaiseTheGameJame2020-4342.lib
[2020.11.18-17.00.22:743][302]CompilerResultsLog:      Creating library C:\Users\ryem_\Documents\-raisethegamejam-2020\RaiseTheGameJame2020\Intermediate\Build\Win64\UE4Editor\Development\RaiseTheGameJame2020\UE4Editor-RaiseTheGameJame2020-4342.lib and object C:\Users\ryem_\Documents\-raisethegamejam-2020\RaiseTheGameJame2020\Intermediate\Build\Win64\UE4Editor\Development\RaiseTheGameJame2020\UE4Editor-RaiseTheGameJame2020-4342.exp
[2020.11.18-17.00.22:744][302]CompilerResultsLog:   [3/4] UE4Editor-RaiseTheGameJame2020-4342.dll
[2020.11.18-17.00.22:744][302]CompilerResultsLog:      Creating library C:\Users\ryem_\Documents\-raisethegamejam-2020\RaiseTheGameJame2020\Intermediate\Build\Win64\UE4Editor\Development\RaiseTheGameJame2020\UE4Editor-RaiseTheGameJame2020-4342.suppressed.lib and object C:\Users\ryem_\Documents\-raisethegamejam-2020\RaiseTheGameJame2020\Intermediate\Build\Win64\UE4Editor\Development\RaiseTheGameJame2020\UE4Editor-RaiseTheGameJame2020-4342.suppressed.exp
[2020.11.18-17.00.22:744][302]CompilerResultsLog:   [4/4] RaiseTheGameJame2020Editor.target
[2020.11.18-17.00.22:744][302]CompilerResultsLog: Total time in Parallel executor: 4.93 seconds
[2020.11.18-17.00.22:744][302]CompilerResultsLog: Total execution time: 6.87 seconds
[2020.11.18-17.00.22:744][302]LogMainFrame: MainFrame: Module compiling took 7.030 seconds
[2020.11.18-17.00.22:788][302]LogContentBrowser: Native class hierarchy updated for 'RaiseTheGameJame2020' in 0.0007 seconds. Added 5 classes and 3 folders.
[2020.11.18-17.00.22:790][302]Display: HotReload successful (6 functions remapped  0 scriptstructs remapped)
[2020.11.18-17.00.22:849][302]LogContentBrowser: Native class hierarchy populated in 0.0109 seconds. Added 3432 classes and 824 folders.
[2020.11.18-17.00.22:855][302]Display: HotReload took  7.2s.
[2020.11.18-17.00.24:617][499]LogTemp: Repeating last play command: Selected Viewport
[2020.11.18-17.00.24:642][499]LogPlayLevel: PlayLevel: No blueprints needed recompiling
[2020.11.18-17.00.24:642][499]PIE: New page: PIE session: MainLevel_hal (18 Nov 2020, 17:00:24)
[2020.11.18-17.00.24:643][499]LogPlayLevel: Creating play world package: /Game/Maps/UEDPIE_0_MainLevel_hal
[2020.11.18-17.00.24:656][499]LogPlayLevel: PIE: StaticDuplicateObject took: (0.013663s)
[2020.11.18-17.00.24:659][499]LogAIModule: Creating AISystem for world MainLevel_hal
[2020.11.18-17.00.24:659][499]LogAISub: UAISubsystem::UAISubsystem EnvQueryManager (00000277A32A4200), frame # 24499
[2020.11.18-17.00.24:659][499]LogAISub: UAISubsystem::UAISubsystem AIPerceptionSystem (00000277C98547C0), frame # 24499
[2020.11.18-17.00.24:660][499]LogPlayLevel: PIE: World Init took: (0.001928s)
[2020.11.18-17.00.24:660][499]LogPlayLevel: PIE: Created PIE world by copying editor world from /Game/Maps/MainLevel_hal.MainLevel_hal to /Game/Maps/UEDPIE_0_MainLevel_hal.MainLevel_hal (0.017516s)
[2020.11.18-17.00.24:681][499]LogUObjectHash: Compacting FUObjectHashTables data took   0.78ms
[2020.11.18-17.00.24:683][499]LogAudioMixer: Display: Audio Mixer Platform Settings:
[2020.11.18-17.00.24:684][499]LogAudioMixer: Display: 	Sample Rate:						  48000
[2020.11.18-17.00.24:684][499]LogAudioMixer: Display: 	Callback Buffer Frame Size Requested: 1024
[2020.11.18-17.00.24:684][499]LogAudioMixer: Display: 	Callback Buffer Frame Size To Use:	  1024
[2020.11.18-17.00.24:685][499]LogAudioMixer: Display: 	Number of buffers to queue:			  2
[2020.11.18-17.00.24:685][499]LogAudioMixer: Display: 	Max Channels (voices):				  32
[2020.11.18-17.00.24:685][499]LogAudioMixer: Display: 	Number of Async Source Workers:		  0
[2020.11.18-17.00.24:686][499]LogAudio: Display: AudioDevice MaxSources: 32
[2020.11.18-17.00.24:686][499]LogAudio: Display: Using built-in audio occlusion.
[2020.11.18-17.00.24:686][499]LogAudioMixer: Display: Initializing audio mixer.
[2020.11.18-17.00.24:707][499]LogAudioMixer: Display: 0: FrontLeft
[2020.11.18-17.00.24:707][499]LogAudioMixer: Display: 1: FrontRight
[2020.11.18-17.00.24:783][499]LogAudioMixer: Display: Using Audio Device Headset Earphone (HyperX Virtual Surround Sound)
[2020.11.18-17.00.24:784][499]LogAudioMixer: Display: Initializing Sound Submixes...
[2020.11.18-17.00.24:784][499]LogAudioMixer: Display: Creating Master Submix 'MasterSubmixDefault'
[2020.11.18-17.00.24:784][499]LogAudioMixer: Display: Creating Master Submix 'MasterReverbSubmixDefault'
[2020.11.18-17.00.24:784][499]LogAudioMixer: Display: Creating Master Submix 'MasterEQSubmixDefault'
[2020.11.18-17.00.24:796][499]LogInit: FAudioDevice initialized.
[2020.11.18-17.00.24:811][499]LogLoad: Game class is 'RaiseTheGameJame2020GameMode'
[2020.11.18-17.00.24:814][499]LogWorld: Bringing World /Game/Maps/UEDPIE_0_MainLevel_hal.MainLevel_hal up for play (max tick rate 0) at 2020.11.18-17.00.24
[2020.11.18-17.00.24:814][499]LogWorld: Bringing up level for play took: 0.001728
[2020.11.18-17.00.24:814][499]LogOnline: OSS: Creating online subsystem instance for: :Context_7
[2020.11.18-17.00.24:818][499]PIE: Server logged in
[2020.11.18-17.00.24:818][499]PIE: Play in editor total start time 0.189 seconds.
