Log file open, 11/18/20 15:46:00
LogInit: Display: Running engine for game: RaiseTheGameJame2020
LogPlatformFile: Not using cached read wrapper
LogTaskGraph: Started task graph with 5 named threads and 14 total threads with 3 sets of task threads.
LogStats: Stats thread started at 0.940828
LogD3D11RHI: Loaded GFSDK_Aftermath_Lib.x64.dll
LogICUInternationalization: ICU TimeZone Detection - Raw Offset: +0:00, Platform Override: ''
LogPluginManager: Mounting plugin Paper2D
LogPluginManager: Mounting plugin AISupport
LogPluginManager: Mounting plugin LightPropagationVolume
LogPluginManager: Mounting plugin CameraShakePreviewer
LogPluginManager: Mounting plugin ActorLayerUtilities
LogPluginManager: Mounting plugin AnimationSharing
LogPluginManager: Mounting plugin CLionSourceCodeAccess
LogPluginManager: Mounting plugin CodeLiteSourceCodeAccess
LogPluginManager: Mounting plugin GitSourceControl
LogPluginManager: Mounting plugin KDevelopSourceCodeAccess
LogPluginManager: Mounting plugin NullSourceCodeAccess
LogPluginManager: Mounting plugin PerforceSourceControl
LogPluginManager: Mounting plugin PlasticSourceControl
LogPluginManager: Mounting plugin RiderSourceCodeAccess
LogPluginManager: Mounting plugin SubversionSourceControl
LogPluginManager: Mounting plugin UObjectPlugin
LogPluginManager: Mounting plugin VisualStudioCodeSourceCodeAccess
LogPluginManager: Mounting plugin VisualStudioSourceCodeAccess
LogPluginManager: Mounting plugin XCodeSourceCodeAccess
LogPluginManager: Mounting plugin AssetManagerEditor
LogPluginManager: Mounting plugin CryptoKeys
LogPluginManager: Mounting plugin CurveEditorTools
LogPluginManager: Mounting plugin DataValidation
LogPluginManager: Mounting plugin EditorScriptingUtilities
LogPluginManager: Mounting plugin FacialAnimation
LogPluginManager: Mounting plugin GameplayTagsEditor
LogPluginManager: Mounting plugin GeometryMode
LogPluginManager: Mounting plugin MacGraphicsSwitching
LogPluginManager: Mounting plugin MaterialAnalyzer
LogPluginManager: Mounting plugin MobileLauncherProfileWizard
LogPluginManager: Mounting plugin PluginBrowser
LogPluginManager: Mounting plugin SpeedTreeImporter
LogPluginManager: Mounting plugin DatasmithContent
LogPluginManager: Mounting plugin VariantManagerContent
LogPluginManager: Mounting plugin AlembicImporter
LogPluginManager: Mounting plugin AutomationUtils
LogPluginManager: Mounting plugin BackChannel
LogPluginManager: Mounting plugin ChaosCloth
LogPluginManager: Mounting plugin ChaosClothEditor
LogPluginManager: Mounting plugin ChaosEditor
LogPluginManager: Mounting plugin ChaosNiagara
LogPluginManager: Mounting plugin ChaosSolverPlugin
LogPluginManager: Mounting plugin CharacterAI
LogPluginManager: Mounting plugin GeometryCache
LogPluginManager: Mounting plugin GeometryCollectionPlugin
LogPluginManager: Mounting plugin GeometryProcessing
LogPluginManager: Mounting plugin PlanarCut
LogPluginManager: Mounting plugin PlatformCrypto
LogPluginManager: Mounting plugin ProxyLODPlugin
LogPluginManager: Mounting plugin SkeletalReduction
LogPluginManager: Mounting plugin Niagara
LogPluginManager: Mounting plugin MagicLeap
LogPluginManager: Mounting plugin MagicLeapLightEstimation
LogPluginManager: Mounting plugin MagicLeapMedia
LogPluginManager: Mounting plugin MagicLeapPassableWorld
LogPluginManager: Mounting plugin MLSDK
LogPluginManager: Mounting plugin AndroidMedia
LogPluginManager: Mounting plugin AvfMedia
LogPluginManager: Mounting plugin ImgMedia
LogPluginManager: Mounting plugin MediaCompositing
LogPluginManager: Mounting plugin MediaPlayerEditor
LogPluginManager: Mounting plugin WebMMedia
LogPluginManager: Mounting plugin WmfMedia
LogPluginManager: Mounting plugin MeshPainting
LogPluginManager: Mounting plugin TcpMessaging
LogPluginManager: Mounting plugin UdpMessaging
LogPluginManager: Mounting plugin ActorSequence
LogPluginManager: Mounting plugin LevelSequenceEditor
LogPluginManager: Mounting plugin MatineeToLevelSequence
LogPluginManager: Mounting plugin MovieRenderPipeline
LogPluginManager: Mounting plugin TemplateSequence
LogPluginManager: Mounting plugin NetcodeUnitTest
LogPluginManager: Mounting plugin NUTUnrealEngine4
LogPluginManager: Mounting plugin OnlineSubsystemGooglePlay
LogPluginManager: Mounting plugin OnlineSubsystemIOS
LogPluginManager: Mounting plugin OnlineSubsystem
LogPluginManager: Mounting plugin OnlineSubsystemNull
LogPluginManager: Mounting plugin OnlineSubsystemUtils
LogPluginManager: Mounting plugin LauncherChunkInstaller
LogPluginManager: Mounting plugin AndroidDeviceProfileSelector
LogPluginManager: Mounting plugin AndroidMoviePlayer
LogPluginManager: Mounting plugin AndroidPermission
LogPluginManager: Mounting plugin AppleImageUtils
LogPluginManager: Mounting plugin AppleMoviePlayer
LogPluginManager: Mounting plugin ArchVisCharacter
LogPluginManager: Mounting plugin AssetTags
LogPluginManager: Mounting plugin AudioCapture
LogPluginManager: Mounting plugin CableComponent
LogPluginManager: Mounting plugin CustomMeshComponent
LogPluginManager: Mounting plugin EditableMesh
LogPluginManager: Mounting plugin ExampleDeviceProfileSelector
LogPluginManager: Mounting plugin GoogleCloudMessaging
LogPluginManager: Mounting plugin GooglePAD
LogPluginManager: Mounting plugin IOSDeviceProfileSelector
LogPluginManager: Mounting plugin LinuxDeviceProfileSelector
LogPluginManager: Mounting plugin LocationServicesBPLibrary
LogPluginManager: Mounting plugin MobilePatchingUtils
LogPluginManager: Mounting plugin OculusVR
LogPluginManager: Mounting plugin PhysXVehicles
LogPluginManager: Mounting plugin PostSplashScreen
LogPluginManager: Mounting plugin ProceduralMeshComponent
LogPluginManager: Mounting plugin RuntimePhysXCooking
LogPluginManager: Mounting plugin SignificanceManager
LogPluginManager: Mounting plugin SoundFields
LogPluginManager: Mounting plugin SteamVR
LogPluginManager: Mounting plugin Synthesis
LogPluginManager: Mounting plugin WebMMoviePlayer
LogPluginManager: Mounting plugin WindowsMoviePlayer
LogPluginManager: Mounting plugin ScreenshotTools
LogInit: Using libcurl 7.55.1-DEV
LogInit:  - built for x86_64-pc-win32
LogInit:  - supports SSL with OpenSSL/1.1.1
LogInit:  - supports HTTP deflate (compression) using libz 1.2.8
LogInit:  - other features:
LogInit:      CURL_VERSION_SSL
LogInit:      CURL_VERSION_LIBZ
LogInit:      CURL_VERSION_IPV6
LogInit:      CURL_VERSION_ASYNCHDNS
LogInit:      CURL_VERSION_LARGEFILE
LogInit:      CURL_VERSION_IDN
LogInit:  CurlRequestOptions (configurable via config and command line):
LogInit:  - bVerifyPeer = true  - Libcurl will verify peer certificate
LogInit:  - bUseHttpProxy = false  - Libcurl will NOT use HTTP proxy
LogInit:  - bDontReuseConnections = false  - Libcurl will reuse connections
LogInit:  - MaxHostConnections = 16  - Libcurl will limit the number of connections to a host
LogInit:  - LocalHostAddr = Default
LogInit:  - BufferSize = 65536
LogOnline: OSS: Creating online subsystem instance for: NULL
LogInit: WinSock: version 1.1 (2.2), MaxSocks=32767, MaxUdp=65467
LogOnline: OSS: TryLoadSubsystemAndSetDefault: Loaded subsystem for module [NULL]
LogInit: Build: ++UE4+Release-4.25-CL-14469661
LogInit: Engine Version: 4.25.4-14469661+++UE4+Release-4.25
LogInit: Compatible Engine Version: 4.25.0-13144385+++UE4+Release-4.25
LogInit: Net CL: 13144385
LogInit: OS: Windows 10 (Release 2004) (), CPU: Intel(R) Core(TM) i5-4460  CPU @ 3.20GHz, GPU: NVIDIA GeForce GTX 1060 6GB
LogInit: Compiled (64-bit): Oct 11 2020 08:10:49
LogInit: Compiled with Visual C++: 19.24.28315.00
LogInit: Build Configuration: Development
LogInit: Branch Name: ++UE4+Release-4.25
LogInit: Command Line:  -skipcompile
LogInit: Base Directory: C:/Program Files/Epic Games/UE_4.25/Engine/Binaries/Win64/
LogInit: Allocator: TBB
LogInit: Installed Engine Build: 1
LogDevObjectVersion: Number of dev versions registered: 26
LogDevObjectVersion:   Dev-Blueprints (B0D832E4-1F89-4F0D-ACCF-7EB736FD4AA2): 10
LogDevObjectVersion:   Dev-Build (E1C64328-A22C-4D53-A36C-8E866417BD8C): 0
LogDevObjectVersion:   Dev-Core (375EC13C-06E4-48FB-B500-84F0262A717E): 4
LogDevObjectVersion:   Dev-Editor (E4B068ED-F494-42E9-A231-DA0B2E46BB41): 38
LogDevObjectVersion:   Dev-Framework (CFFC743F-43B0-4480-9391-14DF171D2073): 37
LogDevObjectVersion:   Dev-Mobile (B02B49B5-BB20-44E9-A304-32B752E40360): 2
LogDevObjectVersion:   Dev-Networking (A4E4105C-59A1-49B5-A7C5-40C4547EDFEE): 0
LogDevObjectVersion:   Dev-Online (39C831C9-5AE6-47DC-9A44-9C173E1C8E7C): 0
LogDevObjectVersion:   Dev-Physics (78F01B33-EBEA-4F98-B9B4-84EACCB95AA2): 4
LogDevObjectVersion:   Dev-Platform (6631380F-2D4D-43E0-8009-CF276956A95A): 0
LogDevObjectVersion:   Dev-Rendering (12F88B9F-8875-4AFC-A67C-D90C383ABD29): 43
LogDevObjectVersion:   Dev-Sequencer (7B5AE74C-D270-4C10-A958-57980B212A5A): 12
LogDevObjectVersion:   Dev-VR (D7296918-1DD6-4BDD-9DE2-64A83CC13884): 3
LogDevObjectVersion:   Dev-LoadTimes (C2A15278-BFE7-4AFE-6C17-90FF531DF755): 1
LogDevObjectVersion:   Private-Geometry (6EACA3D4-40EC-4CC1-B786-8BED09428FC5): 3
LogDevObjectVersion:   Dev-AnimPhys (29E575DD-E0A3-4627-9D10-D276232CDCEA): 17
LogDevObjectVersion:   Dev-Anim (AF43A65D-7FD3-4947-9873-3E8ED9C1BB05): 7
LogDevObjectVersion:   Dev-ReflectionCapture (6B266CEC-1EC7-4B8F-A30B-E4D90942FC07): 1
LogDevObjectVersion:   Dev-Automation (0DF73D61-A23F-47EA-B727-89E90C41499A): 1
LogDevObjectVersion:   FortniteMain (601D1886-AC64-4F84-AA16-D3DE0DEAC7D6): 31
LogDevObjectVersion:   Dev-Enterprise (9DFFBCD6-494F-0158-E221-12823C92A888): 10
LogDevObjectVersion:   Dev-Niagara (F2AED0AC-9AFE-416F-8664-AA7FFA26D6FC): 1
LogDevObjectVersion:   Dev-Destruction (174F1F0B-B4C6-45A5-B13F-2EE8D0FB917D): 10
LogDevObjectVersion:   Dev-Physics-Ext (35F94A83-E258-406C-A318-09F59610247C): 37
LogDevObjectVersion:   Dev-PhysicsMaterial-Chaos (B68FC16E-8B1B-42E2-B453-215C058844FE): 1
LogDevObjectVersion:   Dev-CineCamera (B2E18506-4273-CFC2-A54E-F4BB758BBA07): 1
LogInit: Presizing for max 25165824 objects, including 0 objects not considered by GC, pre-allocating 0 bytes for permanent pool.
LogConfig: Applying CVar settings from Section [/Script/Engine.StreamingSettings] File [C:/Users/ryem_/Documents/-raisethegamejam-2020/RaiseTheGameJame2020/Saved/Config/Windows/Engine.ini]
LogConfig: Setting CVar [[s.MinBulkDataSizeForAsyncLoading:131072]]
LogConfig: Setting CVar [[s.AsyncLoadingThreadEnabled:0]]
LogConfig: Setting CVar [[s.EventDrivenLoaderEnabled:1]]
LogConfig: Setting CVar [[s.WarnIfTimeLimitExceeded:0]]
LogConfig: Setting CVar [[s.TimeLimitExceededMultiplier:1.5]]
LogConfig: Setting CVar [[s.TimeLimitExceededMinTime:0.005]]
LogConfig: Setting CVar [[s.UseBackgroundLevelStreaming:1]]
LogConfig: Setting CVar [[s.PriorityAsyncLoadingExtraTime:15.0]]
LogConfig: Setting CVar [[s.LevelStreamingActorsUpdateTimeLimit:5.0]]
LogConfig: Setting CVar [[s.PriorityLevelStreamingActorsUpdateExtraTime:5.0]]
LogConfig: Setting CVar [[s.LevelStreamingComponentsRegistrationGranularity:10]]
LogConfig: Setting CVar [[s.UnregisterComponentsTimeLimit:1.0]]
LogConfig: Setting CVar [[s.LevelStreamingComponentsUnregistrationGranularity:5]]
LogConfig: Setting CVar [[s.FlushStreamingOnExit:1]]
LogInit: Object subsystem initialized
LogConfig: Setting CVar [[con.DebugEarlyDefault:1]]
LogConfig: Setting CVar [[r.setres:1280x720]]
[2020.11.18-15.46.02:339][  0]LogConfig: Setting CVar [[r.VSync:0]]
[2020.11.18-15.46.02:339][  0]LogConfig: Setting CVar [[r.RHICmdBypass:0]]
[2020.11.18-15.46.02:340][  0]LogConfig: Applying CVar settings from Section [/Script/Engine.RendererSettings] File [C:/Users/ryem_/Documents/-raisethegamejam-2020/RaiseTheGameJame2020/Saved/Config/Windows/Engine.ini]
[2020.11.18-15.46.02:340][  0]LogConfig: Setting CVar [[r.GPUCrashDebugging:0]]
[2020.11.18-15.46.02:340][  0]LogConfig: Applying CVar settings from Section [/Script/Engine.RendererOverrideSettings] File [C:/Users/ryem_/Documents/-raisethegamejam-2020/RaiseTheGameJame2020/Saved/Config/Windows/Engine.ini]
[2020.11.18-15.46.02:340][  0]LogConfig: Applying CVar settings from Section [/Script/Engine.StreamingSettings] File [C:/Users/ryem_/Documents/-raisethegamejam-2020/RaiseTheGameJame2020/Saved/Config/Windows/Engine.ini]
[2020.11.18-15.46.02:340][  0]LogConfig: Setting CVar [[s.MinBulkDataSizeForAsyncLoading:131072]]
[2020.11.18-15.46.02:340][  0]LogConfig: Setting CVar [[s.AsyncLoadingThreadEnabled:0]]
[2020.11.18-15.46.02:340][  0]LogConfig: Setting CVar [[s.EventDrivenLoaderEnabled:1]]
[2020.11.18-15.46.02:340][  0]LogConfig: Setting CVar [[s.WarnIfTimeLimitExceeded:0]]
[2020.11.18-15.46.02:340][  0]LogConfig: Setting CVar [[s.TimeLimitExceededMultiplier:1.5]]
[2020.11.18-15.46.02:340][  0]LogConfig: Setting CVar [[s.TimeLimitExceededMinTime:0.005]]
[2020.11.18-15.46.02:341][  0]LogConfig: Setting CVar [[s.UseBackgroundLevelStreaming:1]]
[2020.11.18-15.46.02:341][  0]LogConfig: Setting CVar [[s.PriorityAsyncLoadingExtraTime:15.0]]
[2020.11.18-15.46.02:343][  0]LogConfig: Setting CVar [[s.LevelStreamingActorsUpdateTimeLimit:5.0]]
[2020.11.18-15.46.02:343][  0]LogConfig: Setting CVar [[s.PriorityLevelStreamingActorsUpdateExtraTime:5.0]]
[2020.11.18-15.46.02:343][  0]LogConfig: Setting CVar [[s.LevelStreamingComponentsRegistrationGranularity:10]]
[2020.11.18-15.46.02:344][  0]LogConfig: Setting CVar [[s.UnregisterComponentsTimeLimit:1.0]]
[2020.11.18-15.46.02:344][  0]LogConfig: Setting CVar [[s.LevelStreamingComponentsUnregistrationGranularity:5]]
[2020.11.18-15.46.02:344][  0]LogConfig: Setting CVar [[s.FlushStreamingOnExit:1]]
[2020.11.18-15.46.02:344][  0]LogConfig: Applying CVar settings from Section [/Script/Engine.GarbageCollectionSettings] File [C:/Users/ryem_/Documents/-raisethegamejam-2020/RaiseTheGameJame2020/Saved/Config/Windows/Engine.ini]
[2020.11.18-15.46.02:345][  0]LogConfig: Setting CVar [[gc.MaxObjectsNotConsideredByGC:1]]
[2020.11.18-15.46.02:345][  0]LogConfig: Setting CVar [[gc.SizeOfPermanentObjectPool:0]]
[2020.11.18-15.46.02:345][  0]LogConfig: Setting CVar [[gc.FlushStreamingOnGC:0]]
[2020.11.18-15.46.02:345][  0]LogConfig: Setting CVar [[gc.NumRetriesBeforeForcingGC:10]]
[2020.11.18-15.46.02:345][  0]LogConfig: Setting CVar [[gc.AllowParallelGC:1]]
[2020.11.18-15.46.02:345][  0]LogConfig: Setting CVar [[gc.TimeBetweenPurgingPendingKillObjects:61.1]]
[2020.11.18-15.46.02:345][  0]LogConfig: Setting CVar [[gc.MaxObjectsInEditor:25165824]]
[2020.11.18-15.46.02:346][  0]LogConfig: Setting CVar [[gc.IncrementalBeginDestroyEnabled:1]]
[2020.11.18-15.46.02:346][  0]LogConfig: Setting CVar [[gc.CreateGCClusters:1]]
[2020.11.18-15.46.02:346][  0]LogConfig: Setting CVar [[gc.MinGCClusterSize:5]]
[2020.11.18-15.46.02:346][  0]LogConfig: Setting CVar [[gc.ActorClusteringEnabled:0]]
[2020.11.18-15.46.02:346][  0]LogConfig: Setting CVar [[gc.BlueprintClusteringEnabled:0]]
[2020.11.18-15.46.02:346][  0]LogConfig: Setting CVar [[gc.UseDisregardForGCOnDedicatedServers:0]]
[2020.11.18-15.46.02:347][  0]LogConfig: Applying CVar settings from Section [/Script/Engine.NetworkSettings] File [C:/Users/ryem_/Documents/-raisethegamejam-2020/RaiseTheGameJame2020/Saved/Config/Windows/Engine.ini]
[2020.11.18-15.46.02:347][  0]LogConfig: Applying CVar settings from Section [/Script/UnrealEd.CookerSettings] File [C:/Users/ryem_/Documents/-raisethegamejam-2020/RaiseTheGameJame2020/Saved/Config/Windows/Engine.ini]
[2020.11.18-15.46.02:358][  0]LogConfig: Applying CVar settings from Section [ViewDistanceQuality@3] File [C:/Users/ryem_/Documents/-raisethegamejam-2020/RaiseTheGameJame2020/Saved/Config/Windows/Scalability.ini]
[2020.11.18-15.46.02:358][  0]LogConfig: Setting CVar [[r.SkeletalMeshLODBias:0]]
[2020.11.18-15.46.02:359][  0]LogConfig: Setting CVar [[r.ViewDistanceScale:1.0]]
[2020.11.18-15.46.02:359][  0]LogConfig: Applying CVar settings from Section [AntiAliasingQuality@3] File [C:/Users/ryem_/Documents/-raisethegamejam-2020/RaiseTheGameJame2020/Saved/Config/Windows/Scalability.ini]
[2020.11.18-15.46.02:359][  0]LogConfig: Setting CVar [[r.PostProcessAAQuality:4]]
[2020.11.18-15.46.02:359][  0]LogConfig: Applying CVar settings from Section [ShadowQuality@3] File [C:/Users/ryem_/Documents/-raisethegamejam-2020/RaiseTheGameJame2020/Saved/Config/Windows/Scalability.ini]
[2020.11.18-15.46.02:359][  0]LogConfig: Setting CVar [[r.LightFunctionQuality:1]]
[2020.11.18-15.46.02:359][  0]LogConfig: Setting CVar [[r.ShadowQuality:5]]
[2020.11.18-15.46.02:359][  0]LogConfig: Setting CVar [[r.Shadow.CSM.MaxCascades:10]]
[2020.11.18-15.46.02:359][  0]LogConfig: Setting CVar [[r.Shadow.MaxResolution:2048]]
[2020.11.18-15.46.02:359][  0]LogConfig: Setting CVar [[r.Shadow.MaxCSMResolution:2048]]
[2020.11.18-15.46.02:359][  0]LogConfig: Setting CVar [[r.Shadow.RadiusThreshold:0.01]]
[2020.11.18-15.46.02:359][  0]LogConfig: Setting CVar [[r.Shadow.DistanceScale:1.0]]
[2020.11.18-15.46.02:359][  0]LogConfig: Setting CVar [[r.Shadow.CSM.TransitionScale:1.0]]
[2020.11.18-15.46.02:359][  0]LogConfig: Setting CVar [[r.Shadow.PreShadowResolutionFactor:1.0]]
[2020.11.18-15.46.02:359][  0]LogConfig: Setting CVar [[r.DistanceFieldShadowing:1]]
[2020.11.18-15.46.02:359][  0]LogConfig: Setting CVar [[r.DistanceFieldAO:1]]
[2020.11.18-15.46.02:359][  0]LogConfig: Setting CVar [[r.AOQuality:2]]
[2020.11.18-15.46.02:359][  0]LogConfig: Setting CVar [[r.VolumetricFog:1]]
[2020.11.18-15.46.02:359][  0]LogConfig: Setting CVar [[r.VolumetricFog.GridPixelSize:8]]
[2020.11.18-15.46.02:360][  0]LogConfig: Setting CVar [[r.VolumetricFog.GridSizeZ:128]]
[2020.11.18-15.46.02:360][  0]LogConfig: Setting CVar [[r.VolumetricFog.HistoryMissSupersampleCount:4]]
[2020.11.18-15.46.02:360][  0]LogConfig: Setting CVar [[r.LightMaxDrawDistanceScale:1]]
[2020.11.18-15.46.02:360][  0]LogConfig: Setting CVar [[r.CapsuleShadows:1]]
[2020.11.18-15.46.02:360][  0]LogConfig: Applying CVar settings from Section [PostProcessQuality@3] File [C:/Users/ryem_/Documents/-raisethegamejam-2020/RaiseTheGameJame2020/Saved/Config/Windows/Scalability.ini]
[2020.11.18-15.46.02:360][  0]LogConfig: Setting CVar [[r.MotionBlurQuality:4]]
[2020.11.18-15.46.02:360][  0]LogConfig: Setting CVar [[r.AmbientOcclusionMipLevelFactor:0.4]]
[2020.11.18-15.46.02:360][  0]LogConfig: Setting CVar [[r.AmbientOcclusionMaxQuality:100]]
[2020.11.18-15.46.02:360][  0]LogConfig: Setting CVar [[r.AmbientOcclusionLevels:-1]]
[2020.11.18-15.46.02:360][  0]LogConfig: Setting CVar [[r.AmbientOcclusionRadiusScale:1.0]]
[2020.11.18-15.46.02:360][  0]LogConfig: Setting CVar [[r.DepthOfFieldQuality:2]]
[2020.11.18-15.46.02:360][  0]LogConfig: Setting CVar [[r.RenderTargetPoolMin:400]]
[2020.11.18-15.46.02:360][  0]LogConfig: Setting CVar [[r.LensFlareQuality:2]]
[2020.11.18-15.46.02:360][  0]LogConfig: Setting CVar [[r.SceneColorFringeQuality:1]]
[2020.11.18-15.46.02:360][  0]LogConfig: Setting CVar [[r.EyeAdaptationQuality:2]]
[2020.11.18-15.46.02:360][  0]LogConfig: Setting CVar [[r.BloomQuality:5]]
[2020.11.18-15.46.02:361][  0]LogConfig: Setting CVar [[r.FastBlurThreshold:100]]
[2020.11.18-15.46.02:361][  0]LogConfig: Setting CVar [[r.Upscale.Quality:3]]
[2020.11.18-15.46.02:361][  0]LogConfig: Setting CVar [[r.Tonemapper.GrainQuantization:1]]
[2020.11.18-15.46.02:361][  0]LogConfig: Setting CVar [[r.LightShaftQuality:1]]
[2020.11.18-15.46.02:361][  0]LogConfig: Setting CVar [[r.Filter.SizeScale:1]]
[2020.11.18-15.46.02:361][  0]LogConfig: Setting CVar [[r.Tonemapper.Quality:5]]
[2020.11.18-15.46.02:361][  0]LogConfig: Setting CVar [[r.DOF.Gather.AccumulatorQuality:1        ; higher gathering accumulator quality]]
[2020.11.18-15.46.02:361][  0]LogConfig: Setting CVar [[r.DOF.Gather.PostfilterMethod:1          ; Median3x3 postfilering method]]
[2020.11.18-15.46.02:362][  0]LogConfig: Setting CVar [[r.DOF.Gather.EnableBokehSettings:0       ; no bokeh simulation when gathering]]
[2020.11.18-15.46.02:362][  0]LogConfig: Setting CVar [[r.DOF.Gather.RingCount:4                 ; medium number of samples when gathering]]
[2020.11.18-15.46.02:362][  0]LogConfig: Setting CVar [[r.DOF.Scatter.ForegroundCompositing:1    ; additive foreground scattering]]
[2020.11.18-15.46.02:362][  0]LogConfig: Setting CVar [[r.DOF.Scatter.BackgroundCompositing:2    ; additive background scattering]]
[2020.11.18-15.46.02:362][  0]LogConfig: Setting CVar [[r.DOF.Scatter.EnableBokehSettings:1      ; bokeh simulation when scattering]]
[2020.11.18-15.46.02:362][  0]LogConfig: Setting CVar [[r.DOF.Scatter.MaxSpriteRatio:0.1         ; only a maximum of 10% of scattered bokeh]]
[2020.11.18-15.46.02:362][  0]LogConfig: Setting CVar [[r.DOF.Recombine.Quality:1                ; cheap slight out of focus]]
[2020.11.18-15.46.02:362][  0]LogConfig: Setting CVar [[r.DOF.Recombine.EnableBokehSettings:0    ; no bokeh simulation on slight out of focus]]
[2020.11.18-15.46.02:362][  0]LogConfig: Setting CVar [[r.DOF.TemporalAAQuality:1                ; more stable temporal accumulation]]
[2020.11.18-15.46.02:362][  0]LogConfig: Setting CVar [[r.DOF.Kernel.MaxForegroundRadius:0.025]]
[2020.11.18-15.46.02:362][  0]LogConfig: Setting CVar [[r.DOF.Kernel.MaxBackgroundRadius:0.025]]
[2020.11.18-15.46.02:362][  0]LogConfig: Applying CVar settings from Section [TextureQuality@3] File [C:/Users/ryem_/Documents/-raisethegamejam-2020/RaiseTheGameJame2020/Saved/Config/Windows/Scalability.ini]
[2020.11.18-15.46.02:362][  0]LogConfig: Setting CVar [[r.Streaming.MipBias:0]]
[2020.11.18-15.46.02:362][  0]LogConfig: Setting CVar [[r.Streaming.AmortizeCPUToGPUCopy:0]]
[2020.11.18-15.46.02:363][  0]LogConfig: Setting CVar [[r.Streaming.MaxNumTexturesToStreamPerFrame:0]]
[2020.11.18-15.46.02:363][  0]LogConfig: Setting CVar [[r.Streaming.Boost:1]]
[2020.11.18-15.46.02:363][  0]LogConfig: Setting CVar [[r.MaxAnisotropy:8]]
[2020.11.18-15.46.02:363][  0]LogConfig: Setting CVar [[r.VT.MaxAnisotropy:8]]
[2020.11.18-15.46.02:364][  0]LogConfig: Setting CVar [[r.Streaming.LimitPoolSizeToVRAM:0]]
[2020.11.18-15.46.02:364][  0]LogConfig: Setting CVar [[r.Streaming.PoolSize:1000]]
[2020.11.18-15.46.02:364][  0]LogConfig: Setting CVar [[r.Streaming.MaxEffectiveScreenSize:0]]
[2020.11.18-15.46.02:364][  0]LogConfig: Applying CVar settings from Section [EffectsQuality@3] File [C:/Users/ryem_/Documents/-raisethegamejam-2020/RaiseTheGameJame2020/Saved/Config/Windows/Scalability.ini]
[2020.11.18-15.46.02:364][  0]LogConfig: Setting CVar [[r.TranslucencyLightingVolumeDim:64]]
[2020.11.18-15.46.02:364][  0]LogConfig: Setting CVar [[r.RefractionQuality:2]]
[2020.11.18-15.46.02:364][  0]LogConfig: Setting CVar [[r.SSR.Quality:3]]
[2020.11.18-15.46.02:364][  0]LogConfig: Setting CVar [[r.SSR.HalfResSceneColor:0]]
[2020.11.18-15.46.02:364][  0]LogConfig: Setting CVar [[r.SceneColorFormat:4]]
[2020.11.18-15.46.02:364][  0]LogConfig: Setting CVar [[r.DetailMode:2]]
[2020.11.18-15.46.02:365][  0]LogConfig: Setting CVar [[r.TranslucencyVolumeBlur:1]]
[2020.11.18-15.46.02:365][  0]LogConfig: Setting CVar [[r.MaterialQualityLevel:1 ; High quality]]
[2020.11.18-15.46.02:365][  0]LogConfig: Setting CVar [[r.SSS.Scale:1]]
[2020.11.18-15.46.02:365][  0]LogConfig: Setting CVar [[r.SSS.SampleSet:2]]
[2020.11.18-15.46.02:366][  0]LogConfig: Setting CVar [[r.SSS.Quality:1]]
[2020.11.18-15.46.02:366][  0]LogConfig: Setting CVar [[r.SSS.HalfRes:0]]
[2020.11.18-15.46.02:366][  0]LogConfig: Setting CVar [[r.SSGI.Quality:3]]
[2020.11.18-15.46.02:366][  0]LogConfig: Setting CVar [[r.EmitterSpawnRateScale:1.0]]
[2020.11.18-15.46.02:366][  0]LogConfig: Setting CVar [[r.ParticleLightQuality:2]]
[2020.11.18-15.46.02:366][  0]LogConfig: Setting CVar [[r.SkyAtmosphere.AerialPerspectiveLUT.FastApplyOnOpaque:1 ; Always have FastSkyLUT 1 in this case to avoid wrong sky]]
[2020.11.18-15.46.02:366][  0]LogConfig: Setting CVar [[r.SkyAtmosphere.AerialPerspectiveLUT.SampleCountPerSlice:1]]
[2020.11.18-15.46.02:367][  0]LogConfig: Setting CVar [[r.SkyAtmosphere.AerialPerspectiveLUT.DepthResolution:16.0]]
[2020.11.18-15.46.02:367][  0]LogConfig: Setting CVar [[r.SkyAtmosphere.FastSkyLUT:1]]
[2020.11.18-15.46.02:367][  0]LogConfig: Setting CVar [[r.SkyAtmosphere.FastSkyLUT.SampleCountMin:4.0]]
[2020.11.18-15.46.02:367][  0]LogConfig: Setting CVar [[r.SkyAtmosphere.FastSkyLUT.SampleCountMax:32.0]]
[2020.11.18-15.46.02:367][  0]LogConfig: Setting CVar [[r.SkyAtmosphere.SampleCountMin:4.0]]
[2020.11.18-15.46.02:367][  0]LogConfig: Setting CVar [[r.SkyAtmosphere.SampleCountMax:32.0]]
[2020.11.18-15.46.02:367][  0]LogConfig: Setting CVar [[r.SkyAtmosphere.TransmittanceLUT.UseSmallFormat:0]]
[2020.11.18-15.46.02:368][  0]LogConfig: Setting CVar [[r.SkyAtmosphere.TransmittanceLUT.SampleCount:10.0]]
[2020.11.18-15.46.02:368][  0]LogConfig: Setting CVar [[r.SkyAtmosphere.MultiScatteringLUT.SampleCount:15.0]]
[2020.11.18-15.46.02:368][  0]LogConfig: Applying CVar settings from Section [FoliageQuality@3] File [C:/Users/ryem_/Documents/-raisethegamejam-2020/RaiseTheGameJame2020/Saved/Config/Windows/Scalability.ini]
[2020.11.18-15.46.02:368][  0]LogConfig: Setting CVar [[foliage.DensityScale:1.0]]
[2020.11.18-15.46.02:368][  0]LogConfig: Setting CVar [[grass.DensityScale:1.0]]
[2020.11.18-15.46.02:368][  0]LogConfig: Applying CVar settings from Section [ShadingQuality@3] File [C:/Users/ryem_/Documents/-raisethegamejam-2020/RaiseTheGameJame2020/Saved/Config/Windows/Scalability.ini]
[2020.11.18-15.46.02:368][  0]LogConfig: Setting CVar [[r.HairStrands.SkyLighting.SampleCount:16]]
[2020.11.18-15.46.02:368][  0]LogConfig: Setting CVar [[r.HairStrands.SkyLighting.JitterIntegration:0]]
[2020.11.18-15.46.02:368][  0]LogConfig: Setting CVar [[r.HairStrands.SkyAO.SampleCount:16]]
[2020.11.18-15.46.02:368][  0]LogConfig: Setting CVar [[r.HairStrands.DeepShadow.SuperSampling:0]]
[2020.11.18-15.46.02:368][  0]LogConfig: Setting CVar [[r.HairStrands.VisibilityPPLL:0]]
[2020.11.18-15.46.02:368][  0]LogConfig: Setting CVar [[r.HairStrands.RasterizationScale:0.5]]
[2020.11.18-15.46.02:369][  0]LogConfig: Setting CVar [[r.HairStrands.VelocityRasterizationScale:1]]
[2020.11.18-15.46.02:369][  0]LogInit: Selected Device Profile: [Windows]
[2020.11.18-15.46.02:370][  0]LogInit: Applying CVar settings loaded from the selected device profile: [Windows]
[2020.11.18-15.46.02:370][  0]LogHAL: Display: Platform has ~ 12 GB [12738592768 / 17179869184 / 12], which maps to Larger [LargestMinGB=32, LargerMinGB=12, DefaultMinGB=8, SmallerMinGB=6, SmallestMinGB=0)
[2020.11.18-15.46.02:374][  0]LogInit: Going up to parent DeviceProfile []
[2020.11.18-15.46.02:384][  0]LogConfig: Applying CVar settings from Section [ViewDistanceQuality@3] File [C:/Users/ryem_/Documents/-raisethegamejam-2020/RaiseTheGameJame2020/Saved/Config/Windows/Scalability.ini]
[2020.11.18-15.46.02:385][  0]LogConfig: Setting CVar [[r.SkeletalMeshLODBias:0]]
[2020.11.18-15.46.02:385][  0]LogConfig: Setting CVar [[r.ViewDistanceScale:1.0]]
[2020.11.18-15.46.02:385][  0]LogConfig: Applying CVar settings from Section [AntiAliasingQuality@3] File [C:/Users/ryem_/Documents/-raisethegamejam-2020/RaiseTheGameJame2020/Saved/Config/Windows/Scalability.ini]
[2020.11.18-15.46.02:385][  0]LogConfig: Setting CVar [[r.PostProcessAAQuality:4]]
[2020.11.18-15.46.02:385][  0]LogConfig: Applying CVar settings from Section [ShadowQuality@3] File [C:/Users/ryem_/Documents/-raisethegamejam-2020/RaiseTheGameJame2020/Saved/Config/Windows/Scalability.ini]
[2020.11.18-15.46.02:385][  0]LogConfig: Setting CVar [[r.LightFunctionQuality:1]]
[2020.11.18-15.46.02:386][  0]LogConfig: Setting CVar [[r.ShadowQuality:5]]
[2020.11.18-15.46.02:386][  0]LogConfig: Setting CVar [[r.Shadow.CSM.MaxCascades:10]]
[2020.11.18-15.46.02:386][  0]LogConfig: Setting CVar [[r.Shadow.MaxResolution:2048]]
[2020.11.18-15.46.02:386][  0]LogConfig: Setting CVar [[r.Shadow.MaxCSMResolution:2048]]
[2020.11.18-15.46.02:386][  0]LogConfig: Setting CVar [[r.Shadow.RadiusThreshold:0.01]]
[2020.11.18-15.46.02:387][  0]LogConfig: Setting CVar [[r.Shadow.DistanceScale:1.0]]
[2020.11.18-15.46.02:390][  0]LogConfig: Setting CVar [[r.Shadow.CSM.TransitionScale:1.0]]
[2020.11.18-15.46.02:401][  0]LogConfig: Setting CVar [[r.Shadow.PreShadowResolutionFactor:1.0]]
[2020.11.18-15.46.02:401][  0]LogConfig: Setting CVar [[r.DistanceFieldShadowing:1]]
[2020.11.18-15.46.02:402][  0]LogConfig: Setting CVar [[r.DistanceFieldAO:1]]
[2020.11.18-15.46.02:402][  0]LogConfig: Setting CVar [[r.AOQuality:2]]
[2020.11.18-15.46.02:402][  0]LogConfig: Setting CVar [[r.VolumetricFog:1]]
[2020.11.18-15.46.02:403][  0]LogConfig: Setting CVar [[r.VolumetricFog.GridPixelSize:8]]
[2020.11.18-15.46.02:415][  0]LogConfig: Setting CVar [[r.VolumetricFog.GridSizeZ:128]]
[2020.11.18-15.46.02:416][  0]LogConfig: Setting CVar [[r.VolumetricFog.HistoryMissSupersampleCount:4]]
[2020.11.18-15.46.02:416][  0]LogConfig: Setting CVar [[r.LightMaxDrawDistanceScale:1]]
[2020.11.18-15.46.02:418][  0]LogConfig: Setting CVar [[r.CapsuleShadows:1]]
[2020.11.18-15.46.02:419][  0]LogConfig: Applying CVar settings from Section [PostProcessQuality@3] File [C:/Users/ryem_/Documents/-raisethegamejam-2020/RaiseTheGameJame2020/Saved/Config/Windows/Scalability.ini]
[2020.11.18-15.46.02:419][  0]LogConfig: Setting CVar [[r.MotionBlurQuality:4]]
[2020.11.18-15.46.02:420][  0]LogConfig: Setting CVar [[r.AmbientOcclusionMipLevelFactor:0.4]]
[2020.11.18-15.46.02:420][  0]LogConfig: Setting CVar [[r.AmbientOcclusionMaxQuality:100]]
[2020.11.18-15.46.02:421][  0]LogConfig: Setting CVar [[r.AmbientOcclusionLevels:-1]]
[2020.11.18-15.46.02:421][  0]LogConfig: Setting CVar [[r.AmbientOcclusionRadiusScale:1.0]]
[2020.11.18-15.46.02:421][  0]LogConfig: Setting CVar [[r.DepthOfFieldQuality:2]]
[2020.11.18-15.46.02:423][  0]LogConfig: Setting CVar [[r.RenderTargetPoolMin:400]]
[2020.11.18-15.46.02:423][  0]LogConfig: Setting CVar [[r.LensFlareQuality:2]]
[2020.11.18-15.46.02:423][  0]LogConfig: Setting CVar [[r.SceneColorFringeQuality:1]]
[2020.11.18-15.46.02:424][  0]LogConfig: Setting CVar [[r.EyeAdaptationQuality:2]]
[2020.11.18-15.46.02:424][  0]LogConfig: Setting CVar [[r.BloomQuality:5]]
[2020.11.18-15.46.02:424][  0]LogConfig: Setting CVar [[r.FastBlurThreshold:100]]
[2020.11.18-15.46.02:425][  0]LogConfig: Setting CVar [[r.Upscale.Quality:3]]
[2020.11.18-15.46.02:425][  0]LogConfig: Setting CVar [[r.Tonemapper.GrainQuantization:1]]
[2020.11.18-15.46.02:426][  0]LogConfig: Setting CVar [[r.LightShaftQuality:1]]
[2020.11.18-15.46.02:426][  0]LogConfig: Setting CVar [[r.Filter.SizeScale:1]]
[2020.11.18-15.46.02:427][  0]LogConfig: Setting CVar [[r.Tonemapper.Quality:5]]
[2020.11.18-15.46.02:427][  0]LogConfig: Setting CVar [[r.DOF.Gather.AccumulatorQuality:1        ; higher gathering accumulator quality]]
[2020.11.18-15.46.02:427][  0]LogConfig: Setting CVar [[r.DOF.Gather.PostfilterMethod:1          ; Median3x3 postfilering method]]
[2020.11.18-15.46.02:427][  0]LogConfig: Setting CVar [[r.DOF.Gather.EnableBokehSettings:0       ; no bokeh simulation when gathering]]
[2020.11.18-15.46.02:427][  0]LogConfig: Setting CVar [[r.DOF.Gather.RingCount:4                 ; medium number of samples when gathering]]
[2020.11.18-15.46.02:427][  0]LogConfig: Setting CVar [[r.DOF.Scatter.ForegroundCompositing:1    ; additive foreground scattering]]
[2020.11.18-15.46.02:428][  0]LogConfig: Setting CVar [[r.DOF.Scatter.BackgroundCompositing:2    ; additive background scattering]]
[2020.11.18-15.46.02:428][  0]LogConfig: Setting CVar [[r.DOF.Scatter.EnableBokehSettings:1      ; bokeh simulation when scattering]]
[2020.11.18-15.46.02:428][  0]LogConfig: Setting CVar [[r.DOF.Scatter.MaxSpriteRatio:0.1         ; only a maximum of 10% of scattered bokeh]]
[2020.11.18-15.46.02:429][  0]LogConfig: Setting CVar [[r.DOF.Recombine.Quality:1                ; cheap slight out of focus]]
[2020.11.18-15.46.02:429][  0]LogConfig: Setting CVar [[r.DOF.Recombine.EnableBokehSettings:0    ; no bokeh simulation on slight out of focus]]
[2020.11.18-15.46.02:429][  0]LogConfig: Setting CVar [[r.DOF.TemporalAAQuality:1                ; more stable temporal accumulation]]
[2020.11.18-15.46.02:429][  0]LogConfig: Setting CVar [[r.DOF.Kernel.MaxForegroundRadius:0.025]]
[2020.11.18-15.46.02:429][  0]LogConfig: Setting CVar [[r.DOF.Kernel.MaxBackgroundRadius:0.025]]
[2020.11.18-15.46.02:430][  0]LogConfig: Applying CVar settings from Section [TextureQuality@3] File [C:/Users/ryem_/Documents/-raisethegamejam-2020/RaiseTheGameJame2020/Saved/Config/Windows/Scalability.ini]
[2020.11.18-15.46.02:430][  0]LogConfig: Setting CVar [[r.Streaming.MipBias:0]]
[2020.11.18-15.46.02:433][  0]LogConfig: Setting CVar [[r.Streaming.AmortizeCPUToGPUCopy:0]]
[2020.11.18-15.46.02:433][  0]LogConfig: Setting CVar [[r.Streaming.MaxNumTexturesToStreamPerFrame:0]]
[2020.11.18-15.46.02:434][  0]LogConfig: Setting CVar [[r.Streaming.Boost:1]]
[2020.11.18-15.46.02:434][  0]LogConfig: Setting CVar [[r.MaxAnisotropy:8]]
[2020.11.18-15.46.02:434][  0]LogConfig: Setting CVar [[r.VT.MaxAnisotropy:8]]
[2020.11.18-15.46.02:434][  0]LogConfig: Setting CVar [[r.Streaming.LimitPoolSizeToVRAM:0]]
[2020.11.18-15.46.02:435][  0]LogConfig: Setting CVar [[r.Streaming.PoolSize:1000]]
[2020.11.18-15.46.02:435][  0]LogConfig: Setting CVar [[r.Streaming.MaxEffectiveScreenSize:0]]
[2020.11.18-15.46.02:435][  0]LogConfig: Applying CVar settings from Section [EffectsQuality@3] File [C:/Users/ryem_/Documents/-raisethegamejam-2020/RaiseTheGameJame2020/Saved/Config/Windows/Scalability.ini]
[2020.11.18-15.46.02:435][  0]LogConfig: Setting CVar [[r.TranslucencyLightingVolumeDim:64]]
[2020.11.18-15.46.02:436][  0]LogConfig: Setting CVar [[r.RefractionQuality:2]]
[2020.11.18-15.46.02:437][  0]LogConfig: Setting CVar [[r.SSR.Quality:3]]
[2020.11.18-15.46.02:438][  0]LogConfig: Setting CVar [[r.SSR.HalfResSceneColor:0]]
[2020.11.18-15.46.02:441][  0]LogConfig: Setting CVar [[r.SceneColorFormat:4]]
[2020.11.18-15.46.02:441][  0]LogConfig: Setting CVar [[r.DetailMode:2]]
[2020.11.18-15.46.02:442][  0]LogConfig: Setting CVar [[r.TranslucencyVolumeBlur:1]]
[2020.11.18-15.46.02:442][  0]LogConfig: Setting CVar [[r.MaterialQualityLevel:1 ; High quality]]
[2020.11.18-15.46.02:442][  0]LogConfig: Setting CVar [[r.SSS.Scale:1]]
[2020.11.18-15.46.02:442][  0]LogConfig: Setting CVar [[r.SSS.SampleSet:2]]
[2020.11.18-15.46.02:442][  0]LogConfig: Setting CVar [[r.SSS.Quality:1]]
[2020.11.18-15.46.02:442][  0]LogConfig: Setting CVar [[r.SSS.HalfRes:0]]
[2020.11.18-15.46.02:442][  0]LogConfig: Setting CVar [[r.SSGI.Quality:3]]
[2020.11.18-15.46.02:442][  0]LogConfig: Setting CVar [[r.EmitterSpawnRateScale:1.0]]
[2020.11.18-15.46.02:443][  0]LogConfig: Setting CVar [[r.ParticleLightQuality:2]]
[2020.11.18-15.46.02:443][  0]LogConfig: Setting CVar [[r.SkyAtmosphere.AerialPerspectiveLUT.FastApplyOnOpaque:1 ; Always have FastSkyLUT 1 in this case to avoid wrong sky]]
[2020.11.18-15.46.02:443][  0]LogConfig: Setting CVar [[r.SkyAtmosphere.AerialPerspectiveLUT.SampleCountPerSlice:1]]
[2020.11.18-15.46.02:443][  0]LogConfig: Setting CVar [[r.SkyAtmosphere.AerialPerspectiveLUT.DepthResolution:16.0]]
[2020.11.18-15.46.02:443][  0]LogConfig: Setting CVar [[r.SkyAtmosphere.FastSkyLUT:1]]
[2020.11.18-15.46.02:443][  0]LogConfig: Setting CVar [[r.SkyAtmosphere.FastSkyLUT.SampleCountMin:4.0]]
[2020.11.18-15.46.02:443][  0]LogConfig: Setting CVar [[r.SkyAtmosphere.FastSkyLUT.SampleCountMax:32.0]]
[2020.11.18-15.46.02:443][  0]LogConfig: Setting CVar [[r.SkyAtmosphere.SampleCountMin:4.0]]
[2020.11.18-15.46.02:444][  0]LogConfig: Setting CVar [[r.SkyAtmosphere.SampleCountMax:32.0]]
[2020.11.18-15.46.02:444][  0]LogConfig: Setting CVar [[r.SkyAtmosphere.TransmittanceLUT.UseSmallFormat:0]]
[2020.11.18-15.46.02:444][  0]LogConfig: Setting CVar [[r.SkyAtmosphere.TransmittanceLUT.SampleCount:10.0]]
[2020.11.18-15.46.02:444][  0]LogConfig: Setting CVar [[r.SkyAtmosphere.MultiScatteringLUT.SampleCount:15.0]]
[2020.11.18-15.46.02:444][  0]LogConfig: Applying CVar settings from Section [FoliageQuality@3] File [C:/Users/ryem_/Documents/-raisethegamejam-2020/RaiseTheGameJame2020/Saved/Config/Windows/Scalability.ini]
[2020.11.18-15.46.02:445][  0]LogConfig: Setting CVar [[foliage.DensityScale:1.0]]
[2020.11.18-15.46.02:445][  0]LogConfig: Setting CVar [[grass.DensityScale:1.0]]
[2020.11.18-15.46.02:445][  0]LogConfig: Applying CVar settings from Section [ShadingQuality@3] File [C:/Users/ryem_/Documents/-raisethegamejam-2020/RaiseTheGameJame2020/Saved/Config/Windows/Scalability.ini]
[2020.11.18-15.46.02:445][  0]LogConfig: Setting CVar [[r.HairStrands.SkyLighting.SampleCount:16]]
[2020.11.18-15.46.02:445][  0]LogConfig: Setting CVar [[r.HairStrands.SkyLighting.JitterIntegration:0]]
[2020.11.18-15.46.02:445][  0]LogConfig: Setting CVar [[r.HairStrands.SkyAO.SampleCount:16]]
[2020.11.18-15.46.02:445][  0]LogConfig: Setting CVar [[r.HairStrands.DeepShadow.SuperSampling:0]]
[2020.11.18-15.46.02:445][  0]LogConfig: Setting CVar [[r.HairStrands.VisibilityPPLL:0]]
[2020.11.18-15.46.02:445][  0]LogConfig: Setting CVar [[r.HairStrands.RasterizationScale:0.5]]
[2020.11.18-15.46.02:445][  0]LogConfig: Setting CVar [[r.HairStrands.VelocityRasterizationScale:1]]
[2020.11.18-15.46.02:446][  0]LogConfig: Applying CVar settings from Section [Startup] File [../../../Engine/Config/ConsoleVariables.ini]
[2020.11.18-15.46.02:447][  0]LogConfig: Setting CVar [[net.UseAdaptiveNetUpdateFrequency:0]]
[2020.11.18-15.46.02:447][  0]LogConfig: Setting CVar [[p.chaos.AllowCreatePhysxBodies:1]]
[2020.11.18-15.46.02:447][  0]LogConfig: Setting CVar [[fx.SkipVectorVMBackendOptimizations:1]]
[2020.11.18-15.46.02:447][  0]LogConfig: Applying CVar settings from Section [ConsoleVariables] File [C:/Users/ryem_/Documents/-raisethegamejam-2020/RaiseTheGameJame2020/Saved/Config/Windows/Engine.ini]
[2020.11.18-15.46.02:449][  0]LogInit: Computer: DESKTOP-HAL-02
[2020.11.18-15.46.02:449][  0]LogInit: User: ryem
[2020.11.18-15.46.02:450][  0]LogInit: CPU Page size=4096, Cores=4
[2020.11.18-15.46.02:450][  0]LogInit: High frequency timer resolution =10.000000 MHz
[2020.11.18-15.46.02:450][  0]LogMemory: Memory total: Physical=11.9GB (12GB approx)
[2020.11.18-15.46.02:451][  0]LogMemory: Platform Memory Stats for Windows
[2020.11.18-15.46.02:451][  0]LogMemory: Process Physical Memory: 115.74 MB used, 115.74 MB peak
[2020.11.18-15.46.02:451][  0]LogMemory: Process Virtual Memory: 106.15 MB used, 106.15 MB peak
[2020.11.18-15.46.02:451][  0]LogMemory: Physical Memory: 7970.25 MB used,  4178.22 MB free, 12148.47 MB total
[2020.11.18-15.46.02:451][  0]LogMemory: Virtual Memory: 5105.30 MB used,  134212624.00 MB free, 134217728.00 MB total
[2020.11.18-15.46.02:476][  0]LogWindows: WindowsPlatformFeatures enabled
[2020.11.18-15.46.02:979][  0]LogInit: Physics initialised using underlying interface: PhysX
[2020.11.18-15.46.02:983][  0]LogInit: Using OS detected language (en-GB).
[2020.11.18-15.46.02:983][  0]LogInit: Using OS detected locale (en-GB).
[2020.11.18-15.46.03:007][  0]LogTextLocalizationManager: No specific localization for 'en-GB' exists, so the 'en' localization will be used.
[2020.11.18-15.46.03:323][  0]LogInit: Setting process to per monitor DPI aware
[2020.11.18-15.46.03:429][  0]LogSlate: New Slate User Created.  User Index 0, Is Virtual User: 0
[2020.11.18-15.46.03:432][  0]LogSlate: Slate User Registered.  User Index 0, Is Virtual User: 0
[2020.11.18-15.46.03:945][  0]LogHMD: Failed to initialize OpenVR with code 110
[2020.11.18-15.46.03:945][  0]LogD3D11RHI: D3D11 min allowed feature level: 11_0
[2020.11.18-15.46.03:945][  0]LogD3D11RHI: D3D11 max allowed feature level: 11_0
[2020.11.18-15.46.03:945][  0]LogD3D11RHI: D3D11 adapters:
[2020.11.18-15.46.04:088][  0]LogD3D11RHI:    0. 'NVIDIA GeForce GTX 1060 6GB' (Feature Level 11_0)
[2020.11.18-15.46.04:088][  0]LogD3D11RHI:       6052/0/6074 MB DedicatedVideo/DedicatedSystem/SharedSystem, Outputs:1, VendorId:0x10de
[2020.11.18-15.46.04:152][  0]LogD3D11RHI:    1. 'Intel(R) HD Graphics 4600' (Feature Level 11_0)
[2020.11.18-15.46.04:152][  0]LogD3D11RHI:       112/0/2048 MB DedicatedVideo/DedicatedSystem/SharedSystem, Outputs:0, VendorId:0x8086
[2020.11.18-15.46.04:162][  0]LogD3D11RHI:    2. 'Microsoft Basic Render Driver' (Feature Level 11_0)
[2020.11.18-15.46.04:162][  0]LogD3D11RHI:       0/0/6074 MB DedicatedVideo/DedicatedSystem/SharedSystem, Outputs:0, VendorId:0x1414
[2020.11.18-15.46.04:162][  0]LogD3D11RHI: Chosen D3D11 Adapter: 0
[2020.11.18-15.46.04:171][  0]LogD3D11RHI: Creating new Direct3DDevice
[2020.11.18-15.46.04:171][  0]LogD3D11RHI:     GPU DeviceId: 0x1c03 (for the marketing name, search the web for "GPU Device Id")
[2020.11.18-15.46.04:171][  0]LogWindows: EnumDisplayDevices:
[2020.11.18-15.46.04:171][  0]LogWindows:    0. 'NVIDIA GeForce GTX 1060 6GB' (P:1 D:1)
[2020.11.18-15.46.04:173][  0]LogWindows:    1. 'NVIDIA GeForce GTX 1060 6GB' (P:0 D:0)
[2020.11.18-15.46.04:173][  0]LogWindows:    2. 'NVIDIA GeForce GTX 1060 6GB' (P:0 D:0)
[2020.11.18-15.46.04:174][  0]LogWindows:    3. 'NVIDIA GeForce GTX 1060 6GB' (P:0 D:0)
[2020.11.18-15.46.04:175][  0]LogWindows:    4. 'Intel(R) HD Graphics 4600' (P:0 D:0)
[2020.11.18-15.46.04:175][  0]LogWindows:    5. 'Intel(R) HD Graphics 4600' (P:0 D:0)
[2020.11.18-15.46.04:176][  0]LogWindows:    6. 'Intel(R) HD Graphics 4600' (P:0 D:0)
[2020.11.18-15.46.04:177][  0]LogWindows: DebugString: PrimaryIsNotTheChoosenAdapter PrimaryIsNotTheChoosenAdapter PrimaryIsNotTheChoosenAdapter FoundDriverCount:4 
[2020.11.18-15.46.04:177][  0]LogD3D11RHI:     Adapter Name: NVIDIA GeForce GTX 1060 6GB
[2020.11.18-15.46.04:177][  0]LogD3D11RHI:   Driver Version: 456.71 (internal:27.21.14.5671, unified:456.71)
[2020.11.18-15.46.04:177][  0]LogD3D11RHI:      Driver Date: 9-30-2020
[2020.11.18-15.46.04:177][  0]LogRHI: Texture pool is 4236 MB (70% of 6052 MB)
[2020.11.18-15.46.04:257][  0]LogD3D11RHI: RHI has support for 64 bit atomics
[2020.11.18-15.46.04:257][  0]LogD3D11RHI: Async texture creation enabled
[2020.11.18-15.46.04:257][  0]LogD3D11RHI: Array index from any shader is supported
[2020.11.18-15.46.04:315][  0]LogD3D11RHI: GPU Timing Frequency: 1000.000000 (Debug: 2 1)
[2020.11.18-15.46.04:847][  0]LogTargetPlatformManager: Display: Loaded TargetPlatform 'AllDesktop'
[2020.11.18-15.46.04:891][  0]LogTargetPlatformManager: Display: Loaded TargetPlatform 'Android'
[2020.11.18-15.46.04:891][  0]LogTargetPlatformManager: Display: Loaded TargetPlatform 'Android_ASTC'
[2020.11.18-15.46.04:891][  0]LogTargetPlatformManager: Display: Loaded TargetPlatform 'Android_DXT'
[2020.11.18-15.46.04:891][  0]LogTargetPlatformManager: Display: Loaded TargetPlatform 'Android_ETC2'
[2020.11.18-15.46.04:891][  0]LogTargetPlatformManager: Display: Loaded TargetPlatform 'AndroidClient'
[2020.11.18-15.46.04:891][  0]LogTargetPlatformManager: Display: Loaded TargetPlatform 'Android_ASTCClient'
[2020.11.18-15.46.04:891][  0]LogTargetPlatformManager: Display: Loaded TargetPlatform 'Android_DXTClient'
[2020.11.18-15.46.04:891][  0]LogTargetPlatformManager: Display: Loaded TargetPlatform 'Android_ETC2Client'
[2020.11.18-15.46.04:891][  0]LogTargetPlatformManager: Display: Loaded TargetPlatform 'Android_Multi'
[2020.11.18-15.46.04:891][  0]LogTargetPlatformManager: Display: Loaded TargetPlatform 'Android_MultiClient'
[2020.11.18-15.46.04:979][  0]LogTargetPlatformManager: Display: Loaded TargetPlatform 'IOSClient'
[2020.11.18-15.46.04:979][  0]LogTargetPlatformManager: Display: Loaded TargetPlatform 'IOS'
[2020.11.18-15.46.05:007][  0]LogTargetPlatformManager: Display: Loaded TargetPlatform 'Linux'
[2020.11.18-15.46.05:028][  0]LogTargetPlatformManager: Display: Loaded TargetPlatform 'LinuxNoEditor'
[2020.11.18-15.46.05:051][  0]LogTargetPlatformManager: Display: Loaded TargetPlatform 'LinuxClient'
[2020.11.18-15.46.05:073][  0]LogTargetPlatformManager: Display: Loaded TargetPlatform 'LinuxServer'
[2020.11.18-15.46.05:098][  0]LogTargetPlatformManager: Display: Loaded TargetPlatform 'LinuxAArch64NoEditor'
[2020.11.18-15.46.05:122][  0]LogTargetPlatformManager: Display: Loaded TargetPlatform 'LinuxAArch64Client'
[2020.11.18-15.46.05:143][  0]LogTargetPlatformManager: Display: Loaded TargetPlatform 'LinuxAArch64Server'
[2020.11.18-15.46.05:200][  0]LogTargetPlatformManager: Display: Loaded TargetPlatform 'Lumin'
[2020.11.18-15.46.05:200][  0]LogTargetPlatformManager: Display: Loaded TargetPlatform 'LuminClient'
[2020.11.18-15.46.05:236][  0]LogTargetPlatformManager: Display: Loaded TargetPlatform 'TVOSClient'
[2020.11.18-15.46.05:236][  0]LogTargetPlatformManager: Display: Loaded TargetPlatform 'TVOS'
[2020.11.18-15.46.05:271][  0]LogTargetPlatformManager: Display: Loaded TargetPlatform 'WindowsNoEditor'
[2020.11.18-15.46.05:314][  0]LogTargetPlatformManager: Display: Loaded TargetPlatform 'Windows'
[2020.11.18-15.46.05:347][  0]LogTargetPlatformManager: Display: Loaded TargetPlatform 'WindowsClient'
[2020.11.18-15.46.05:383][  0]LogTargetPlatformManager: Display: Loaded TargetPlatform 'WindowsServer'
[2020.11.18-15.46.05:383][  0]LogTargetPlatformManager: Display: Building Assets For Windows
[2020.11.18-15.46.05:452][  0]LogAudioDebug: Display: Lib vorbis DLL was dynamically loaded.
[2020.11.18-15.46.05:865][  0]LogShaderCompilers: Guid format shader working directory is -36 characters bigger than the processId version (../../../../../../Users/ryem_/Documents/-raisethegamejam-2020/RaiseTheGameJame2020/Intermediate/Shaders/WorkingDirectory/5344/).
[2020.11.18-15.46.05:865][  0]LogShaderCompilers: Cleaned the shader compiler working directory 'C:/Users/ryem_/AppData/Local/Temp/UnrealShaderWorkingDir/2B9267764590A79C8D135D8DCAE58775/'.
[2020.11.18-15.46.05:867][  0]LogXGEController: Cleaning working directory: C:/Users/ryem_/AppData/Local/Temp/UnrealXGEWorkingDir/
[2020.11.18-15.46.05:867][  0]LogXGEController: Cannot use XGE Controller as Incredibuild is not installed on this machine.
[2020.11.18-15.46.05:867][  0]LogShaderCompilers: Cannot use XGE Shader Compiler as Incredibuild is not installed on this machine.
[2020.11.18-15.46.05:867][  0]LogShaderCompilers: Display: Using Local Shader Compiler.
[2020.11.18-15.46.07:042][  0]LogDerivedDataCache: Display: Max Cache Size: 512 MB
[2020.11.18-15.46.07:270][  0]LogDerivedDataCache: Loaded boot cache 0.23s 79MB C:/Users/ryem_/AppData/Local/UnrealEngine/4.25/DerivedDataCache/Boot.ddc.
[2020.11.18-15.46.07:272][  0]LogDerivedDataCache: Display: Loaded Boot cache: C:/Users/ryem_/AppData/Local/UnrealEngine/4.25/DerivedDataCache/Boot.ddc
[2020.11.18-15.46.07:273][  0]LogDerivedDataCache: FDerivedDataBackendGraph:  Pak pak cache file ../../../../../../Users/ryem_/Documents/-raisethegamejam-2020/RaiseTheGameJame2020/DerivedDataCache/DDC.ddp not found, will not use a pak cache.
[2020.11.18-15.46.07:273][  0]LogDerivedDataCache: Unable to find inner node Pak for hierarchical cache Hierarchy.
[2020.11.18-15.46.07:273][  0]LogDerivedDataCache: FDerivedDataBackendGraph:  CompressedPak pak cache file ../../../../../../Users/ryem_/Documents/-raisethegamejam-2020/RaiseTheGameJame2020/DerivedDataCache/Compressed.ddp not found, will not use a pak cache.
[2020.11.18-15.46.07:274][  0]LogDerivedDataCache: Unable to find inner node CompressedPak for hierarchical cache Hierarchy.
[2020.11.18-15.46.07:286][  0]LogDerivedDataCache: Display: Pak cache opened for reading ../../../Engine/DerivedDataCache/Compressed.ddp.
[2020.11.18-15.46.07:287][  0]LogDerivedDataCache: FDerivedDataBackendGraph:  EnterprisePak pak cache file ../../../Enterprise/DerivedDataCache/Compressed.ddp not found, will not use a pak cache.
[2020.11.18-15.46.07:287][  0]LogDerivedDataCache: Unable to find inner node EnterprisePak for hierarchical cache Hierarchy.
[2020.11.18-15.46.07:290][  0]LogDerivedDataCache: Using Local data cache path C:/Users/ryem_/AppData/Local/UnrealEngine/Common/DerivedDataCache: Writable
[2020.11.18-15.46.07:290][  0]LogDerivedDataCache: Shared data cache path not found in *engine.ini, will not use an Shared cache.
[2020.11.18-15.46.07:290][  0]LogDerivedDataCache: Unable to find inner node Shared for hierarchical cache Hierarchy.
[2020.11.18-15.46.07:354][  0]LogSlate: Using FreeType 2.10.0
[2020.11.18-15.46.07:358][  0]LogSlate: SlateFontServices - WITH_FREETYPE: 1, WITH_HARFBUZZ: 1
[2020.11.18-15.46.07:441][  0]LogAssetRegistry: FAssetRegistry took 0.0057 seconds to start up
[2020.11.18-15.46.07:892][  0]LogInit: Selected Device Profile: [Windows]
[2020.11.18-15.46.08:258][  0]LogMeshReduction: Using QuadricMeshReduction for automatic static mesh reduction
[2020.11.18-15.46.08:258][  0]LogMeshReduction: Using SimplygonMeshReduction for automatic skeletal mesh reduction
[2020.11.18-15.46.08:259][  0]LogMeshReduction: Using ProxyLODMeshReduction for automatic mesh merging
[2020.11.18-15.46.08:259][  0]LogMeshReduction: No distributed automatic mesh merging module available
[2020.11.18-15.46.08:259][  0]LogMeshMerging: No distributed automatic mesh merging module available
[2020.11.18-15.46.08:303][  0]LogNetVersion: RaiseTheGameJame2020 1.0.0, NetCL: 13144385, EngineNetVer: 14, GameNetVer: 0 (Checksum: 1455622770)
[2020.11.18-15.46.09:273][  0]LogAISub: UAISubsystem::UAISubsystem AISubsystem (000002C70D981800), frame # 0
[2020.11.18-15.46.09:273][  0]LogAISub: UAISubsystem::UAISubsystem AIPerceptionSystem (000002C70D8AEAC0), frame # 0
[2020.11.18-15.46.09:282][  0]LogAISub: UAISubsystem::UAISubsystem EnvQueryManager (000002C70D8F5C00), frame # 0
[2020.11.18-15.46.09:375][  0]LogPackageLocalizationCache: Processed 19 localized package path(s) for 1 prioritized culture(s) in 0.054502 seconds
[2020.11.18-15.46.09:382][  0]LogUObjectArray: 15917 objects as part of root set at end of initial load.
[2020.11.18-15.46.09:382][  0]LogUObjectAllocator: 3965568 out of 0 bytes used by permanent object pool.
[2020.11.18-15.46.09:382][  0]LogUObjectArray: CloseDisregardForGC: 0/0 objects in disregard for GC pool
[2020.11.18-15.46.11:649][  0]LogTcpMessaging: Initializing TcpMessaging bridge
[2020.11.18-15.46.11:672][  0]LogUdpMessaging: Initializing bridge on interface 0.0.0.0:0 to multicast group 230.0.0.1:6666.
[2020.11.18-15.46.12:358][  0]SourceControl: Source control is disabled
[2020.11.18-15.46.12:358][  0]SourceControl: Source control is disabled
[2020.11.18-15.46.12:408][  0]SourceControl: Source control is disabled
[2020.11.18-15.46.12:431][  0]SourceControl: Source control is disabled
[2020.11.18-15.46.12:482][  0]SourceControl: Source control is disabled
[2020.11.18-15.46.14:172][  0]LogAndroidPermission: UAndroidPermissionCallbackProxy::GetInstance
[2020.11.18-15.46.14:305][  0]LogAudioCaptureCore: Display: No Audio Capture implementations found. Audio input will be silent.
[2020.11.18-15.46.14:305][  0]LogAudioCaptureCore: Display: No Audio Capture implementations found. Audio input will be silent.
[2020.11.18-15.46.14:543][  0]LogOcInput: OculusInput pre-init called
[2020.11.18-15.46.14:608][  0]LogWindows: Failed to load 'OVRPlugin.dll' (GetLastError=126)
[2020.11.18-15.46.14:608][  0]LogWindows: File 'OVRPlugin.dll' does not exist
[2020.11.18-15.46.14:904][  0]LogEngine: Initializing Engine...
[2020.11.18-15.46.14:908][  0]LogHMD: Failed to initialize OpenVR with code 110
[2020.11.18-15.46.14:908][  0]LogMagicLeap: Warning: VR disabled because ZI is not enabled.  To enable, in the editor, Edit -> Project Settings -> Plugins -> Magic Leap Plugin -> Enable Zero Iteration
[2020.11.18-15.46.14:911][  0]LogStats: UGameplayTagsManager::InitializeManager -  0.002 s
[2020.11.18-15.46.15:061][  0]LogInit: Initializing FReadOnlyCVARCache
[2020.11.18-15.46.15:097][  0]LogAIModule: Creating AISystem for world Untitled
[2020.11.18-15.46.15:097][  0]LogAISub: UAISubsystem::UAISubsystem EnvQueryManager (000002C7107E5200), frame # 0
[2020.11.18-15.46.15:097][  0]LogAISub: UAISubsystem::UAISubsystem AIPerceptionSystem (000002C71082D6C0), frame # 0
[2020.11.18-15.46.15:132][  0]LogAudioMixer: Display: Audio Mixer Platform Settings:
[2020.11.18-15.46.15:132][  0]LogAudioMixer: Display: 	Sample Rate:						  48000
[2020.11.18-15.46.15:132][  0]LogAudioMixer: Display: 	Callback Buffer Frame Size Requested: 1024
[2020.11.18-15.46.15:132][  0]LogAudioMixer: Display: 	Callback Buffer Frame Size To Use:	  1024
[2020.11.18-15.46.15:132][  0]LogAudioMixer: Display: 	Number of buffers to queue:			  2
[2020.11.18-15.46.15:133][  0]LogAudioMixer: Display: 	Max Channels (voices):				  32
[2020.11.18-15.46.15:133][  0]LogAudioMixer: Display: 	Number of Async Source Workers:		  0
[2020.11.18-15.46.15:133][  0]LogAudio: Display: AudioDevice MaxSources: 32
[2020.11.18-15.46.15:133][  0]LogAudio: Display: Using built-in audio occlusion.
[2020.11.18-15.46.15:133][  0]LogAudioMixer: Display: Initializing audio mixer.
[2020.11.18-15.46.15:208][  0]LogAudioMixer: Display: 0: FrontLeft
[2020.11.18-15.46.15:208][  0]LogAudioMixer: Display: 1: FrontRight
[2020.11.18-15.46.15:315][  0]LogAudioMixer: Display: Using Audio Device Headset Earphone (HyperX Virtual Surround Sound)
[2020.11.18-15.46.15:319][  0]LogAudioMixer: Display: Initializing Sound Submixes...
[2020.11.18-15.46.15:323][  0]LogAudioMixer: Display: Creating Master Submix 'MasterSubmixDefault'
[2020.11.18-15.46.15:325][  0]LogAudioMixer: Display: Creating Master Submix 'MasterReverbSubmixDefault'
[2020.11.18-15.46.15:326][  0]LogAudioMixer: Display: Creating Master Submix 'MasterEQSubmixDefault'
[2020.11.18-15.46.15:328][  0]LogInit: FAudioDevice initialized.
[2020.11.18-15.46.15:329][  0]LogNetVersion: Set ProjectVersion to 1.0.0.0. Version Checksum will be recalculated on next use.
[2020.11.18-15.46.15:425][  0]LogDerivedDataCache: Saved boot cache 0.10s 79MB C:/Users/ryem_/AppData/Local/UnrealEngine/4.25/DerivedDataCache/Boot.ddc.
[2020.11.18-15.46.15:426][  0]LogInit: Texture streaming: Enabled
[2020.11.18-15.46.15:507][  0]LogEngineSessionManager: EngineSessionManager initialized
[2020.11.18-15.46.15:507][  0]LogEditorSessionSummary: Verbose: Initializing EditorSessionSummaryWriter for editor session tracking
[2020.11.18-15.46.15:529][  0]LogEditorSessionSummary: EditorSessionSummaryWriter initialized
[2020.11.18-15.46.15:611][  0]LogInit: Transaction tracking system initialized
[2020.11.18-15.46.15:758][  0]BlueprintLog: New page: Editor Load
[2020.11.18-15.46.16:307][  0]LocalizationService: Localization service is disabled
[2020.11.18-15.46.16:877][  0]LogCook: Display: Max memory allowance for cook 16384mb min free memory 0mb
[2020.11.18-15.46.16:877][  0]LogCook: Display: Mobile HDR setting 1
[2020.11.18-15.46.17:603][  0]LogFileCache: Scanning file cache for directory 'C:/Users/ryem_/Documents/-raisethegamejam-2020/RaiseTheGameJame2020/Content/' took 0.01s
[2020.11.18-15.46.18:158][  0]SourceControl: Source control is disabled
[2020.11.18-15.46.18:158][  0]LogUnrealEdMisc: Loading editor; pre map load, took 21.110
[2020.11.18-15.46.18:158][  0]Cmd: MAP LOAD FILE="../../../../../../Users/ryem_/Documents/-raisethegamejam-2020/RaiseTheGameJame2020/Content/ThirdPersonCPP/Maps/ThirdPersonExampleMap.umap" TEMPLATE=0 SHOWPROGRESS=1 FEATURELEVEL=3
[2020.11.18-15.46.18:160][  0]LightingResults: New page: Lighting Build
[2020.11.18-15.46.18:163][  0]LogWorld: UWorld::CleanupWorld for Untitled, bSessionEnded=true, bCleanupResources=true
[2020.11.18-15.46.18:163][  0]LogSlate: InvalidateAllWidgets triggered.  All widgets were invalidated
[2020.11.18-15.46.18:163][  0]MapCheck: New page: Map Check
[2020.11.18-15.46.18:163][  0]LightingResults: New page: Lighting Build
[2020.11.18-15.46.18:176][  0]LogAISub: UAISubsystem::~UAISubsystem EnvQueryManager (000002C7107E5200), frame # 0
[2020.11.18-15.46.18:177][  0]LogAISub: UAISubsystem::~UAISubsystem AIPerceptionSystem (000002C71082D6C0), frame # 0
[2020.11.18-15.46.18:178][  0]LogUObjectHash: Compacting FUObjectHashTables data took   0.94ms
[2020.11.18-15.46.18:222][  0]LogLinker: Warning: While loading '../../../../../../Users/ryem_/Documents/-raisethegamejam-2020/RaiseTheGameJame2020/Content/ThirdPersonCPP/Maps/ThirdPersonExampleMap.umap' failed to load '/Game/ThirdPersonCPP/Maps/ThirdPersonExampleMap_BuiltData': Can't find file.
[2020.11.18-15.46.18:222][  0]LogLinker: Warning: While loading '../../../../../../Users/ryem_/Documents/-raisethegamejam-2020/RaiseTheGameJame2020/Content/ThirdPersonCPP/Maps/ThirdPersonExampleMap.umap' failed to load '/Game/ThirdPersonCPP/Maps/ThirdPersonExampleMap_BuiltData': Can't find file.
[2020.11.18-15.46.18:232][  0]LogLinker: Warning: While loading '../../../../../../Users/ryem_/Documents/-raisethegamejam-2020/RaiseTheGameJame2020/Content/ThirdPersonCPP/Maps/ThirdPersonExampleMap.umap' failed to load '/Game/ThirdPersonCPP/Maps/ThirdPersonExampleMap_BuiltData': Can't find file.
[2020.11.18-15.46.18:233][  0]LogLinker: Warning: While loading '../../../../../../Users/ryem_/Documents/-raisethegamejam-2020/RaiseTheGameJame2020/Content/ThirdPersonCPP/Maps/ThirdPersonExampleMap.umap' failed to load '/Game/ThirdPersonCPP/Maps/ThirdPersonExampleMap_BuiltData': Can't find file.
[2020.11.18-15.46.18:235][  0]LogLinker: Warning: Failed to load '/Game/ThirdPersonCPP/Maps/ThirdPersonExampleMap_BuiltData': Can't find file.
[2020.11.18-15.46.18:235][  0]LogLinker: Warning: Failed to load '/Game/ThirdPersonCPP/Maps/ThirdPersonExampleMap_BuiltData': Can't find file.
[2020.11.18-15.46.18:236][  0]LogLinker: Warning: Failed to load '/Game/ThirdPersonCPP/Maps/ThirdPersonExampleMap_BuiltData': Can't find file.
[2020.11.18-15.46.18:236][  0]LogLinker: Warning: Failed to load '/Game/ThirdPersonCPP/Maps/ThirdPersonExampleMap_BuiltData': Can't find file.
[2020.11.18-15.46.18:241][  0]LogLinker: Warning: While loading '../../../../../../Users/ryem_/Documents/-raisethegamejam-2020/RaiseTheGameJame2020/Content/ThirdPersonCPP/Maps/ThirdPersonExampleMap.umap' failed to load '/Game/ThirdPersonCPP/Maps/ThirdPersonExampleMap_BuiltData': Can't find file.
[2020.11.18-15.46.18:242][  0]LoadErrors: Failed to load /Game/ThirdPersonCPP/Maps/ThirdPersonExampleMap_BuiltData.ThirdPersonExampleMap_BuiltData Referenced by PersistentLevel
[2020.11.18-15.46.18:242][  0]LogLinker: Warning: While loading '../../../../../../Users/ryem_/Documents/-raisethegamejam-2020/RaiseTheGameJame2020/Content/ThirdPersonCPP/Maps/ThirdPersonExampleMap.umap' failed to load '/Game/ThirdPersonCPP/Maps/ThirdPersonExampleMap_BuiltData': Can't find file.
[2020.11.18-15.46.18:242][  0]LoadErrors: Failed to load /Game/ThirdPersonCPP/Maps/ThirdPersonExampleMap_BuiltData.ThirdPersonExampleMap_BuiltData Referenced by PersistentLevel
[2020.11.18-15.46.18:295][  0]LogAIModule: Creating AISystem for world ThirdPersonExampleMap
[2020.11.18-15.46.18:295][  0]LogAISub: UAISubsystem::UAISubsystem EnvQueryManager (000002C7021B6200), frame # 0
[2020.11.18-15.46.18:295][  0]LogAISub: UAISubsystem::UAISubsystem AIPerceptionSystem (000002C70FD79300), frame # 0
[2020.11.18-15.46.18:302][  0]LogEditorServer: Finished looking for orphan Actors (0.000 secs)
[2020.11.18-15.46.18:316][  0]LogUObjectHash: Compacting FUObjectHashTables data took   0.91ms
[2020.11.18-15.46.18:317][  0]Cmd: MAP CHECKDEP NOCLEARLOG
[2020.11.18-15.46.18:317][  0]MapCheck: Map check complete: 0 Error(s), 0 Warning(s), took 0.211ms to complete.
[2020.11.18-15.46.18:317][  0]LogFileHelpers: Loading map 'ThirdPersonExampleMap' took 0.159
[2020.11.18-15.46.18:323][  0]LogUnrealEdMisc: Total Editor Startup Time, took 21.275
[2020.11.18-15.46.18:499][  0]LogSlate: Updating window title bar state: overlay mode, drag disabled, window buttons hidden, title bar hidden
[2020.11.18-15.46.18:508][  0]LogSlate: Updating window title bar state: overlay mode, drag disabled, window buttons hidden, title bar hidden
[2020.11.18-15.46.18:516][  0]LogSlate: Updating window title bar state: overlay mode, drag disabled, window buttons hidden, title bar hidden
[2020.11.18-15.46.18:538][  0]LogSlate: Updating window title bar state: overlay mode, drag disabled, window buttons hidden, title bar hidden
[2020.11.18-15.46.18:575][  0]LogCollectionManager: Loaded 0 collections in 0.005812 seconds
[2020.11.18-15.46.18:608][  0]LogFileCache: Scanning file cache for directory 'C:/Users/ryem_/Documents/-raisethegamejam-2020/RaiseTheGameJame2020/Saved/Collections/' took 0.00s
[2020.11.18-15.46.18:608][  0]LogFileCache: Scanning file cache for directory 'C:/Users/ryem_/Documents/-raisethegamejam-2020/RaiseTheGameJame2020/Content/Developers/ryem/Collections/' took 0.00s
[2020.11.18-15.46.18:608][  0]LogFileCache: Scanning file cache for directory 'C:/Users/ryem_/Documents/-raisethegamejam-2020/RaiseTheGameJame2020/Content/Collections/' took 0.00s
[2020.11.18-15.46.18:608][  0]LogContentBrowser: Native class hierarchy populated in 0.0113 seconds. Added 3432 classes and 824 folders.
[2020.11.18-15.46.18:616][  0]LogContentBrowser: Native class hierarchy updated for 'WidgetCarousel' in 0.0006 seconds. Added 0 classes and 0 folders.
[2020.11.18-15.46.18:875][  0]LogContentBrowser: Native class hierarchy updated for 'AddContentDialog' in 0.0007 seconds. Added 0 classes and 0 folders.
[2020.11.18-15.46.18:889][  0]LogContentBrowser: Native class hierarchy updated for 'SceneOutliner' in 0.0007 seconds. Added 2 classes and 0 folders.
[2020.11.18-15.46.19:057][  0]LogSlate: Took 0.001326 seconds to synchronously load lazily loaded font '../../../Engine/Content/Slate/Fonts/Roboto-Regular.ttf' (155K)
[2020.11.18-15.46.19:061][  0]LogSlate: Took 0.001178 seconds to synchronously load lazily loaded font '../../../Engine/Content/Slate/Fonts/Roboto-Bold.ttf' (160K)
[2020.11.18-15.46.19:065][  0]LogSlate: Took 0.000970 seconds to synchronously load lazily loaded font '../../../Engine/Content/Editor/Slate/Fonts/FontAwesome.ttf' (139K)
[2020.11.18-15.46.19:140][  0]LogRenderer: Reallocating scene render targets to support 1440x580 Format 10 NumSamples 1 (Frame:1).
[2020.11.18-15.46.19:205][  0]LogSlate: Took 0.001195 seconds to synchronously load lazily loaded font '../../../Engine/Content/Slate/Fonts/Roboto-Light.ttf' (167K)
[2020.11.18-15.46.19:392][  0]LogContentBrowser: Native class hierarchy updated for 'HierarchicalLODOutliner' in 0.0007 seconds. Added 0 classes and 0 folders.
[2020.11.18-15.46.19:392][  0]LogLoad: (Engine Initialization) Total time: 22.34 seconds
[2020.11.18-15.46.19:392][  0]LogLoad: (Engine Initialization) Total Blueprint compile time: 0.00 seconds
[2020.11.18-15.46.19:437][  0]LogAssetRegistry: Asset discovery search completed in 11.9994 seconds
[2020.11.18-15.46.19:442][  0]LogCollectionManager: Fixed up redirectors for 0 collections in 0.000003 seconds (updated 0 objects)
[2020.11.18-15.46.19:443][  0]LogContentStreaming: Texture pool size now 1000 MB
[2020.11.18-15.46.19:482][  0]LogSlate: Took 0.000933 seconds to synchronously load lazily loaded font '../../../Engine/Content/Slate/Fonts/DroidSansMono.ttf' (77K)
[2020.11.18-15.46.38:352][509]LogSlate: Took 0.000292 seconds to synchronously load lazily loaded font '../../../Engine/Content/Slate/Fonts/Roboto-Light.ttf' (167K)
[2020.11.18-15.46.38:415][509]LogAssetEditorSubsystem: Opening Asset editor for World /Game/Maps/MainLevel_hal.MainLevel_hal
[2020.11.18-15.46.38:433][509]LogUObjectHash: Compacting FUObjectHashTables data took   0.79ms
[2020.11.18-15.46.38:435][509]Cmd: MAP LOAD FILE="../../../../../../Users/ryem_/Documents/-raisethegamejam-2020/RaiseTheGameJame2020/Content/Maps/MainLevel_hal.umap" TEMPLATE=0 SHOWPROGRESS=1 FEATURELEVEL=3
[2020.11.18-15.46.38:435][509]LightingResults: New page: Lighting Build
[2020.11.18-15.46.38:435][509]LoadErrors: New page: Loading map: MainLevel_hal.umap
[2020.11.18-15.46.38:437][509]LogWorld: UWorld::CleanupWorld for ThirdPersonExampleMap, bSessionEnded=true, bCleanupResources=true
[2020.11.18-15.46.38:437][509]LogSlate: InvalidateAllWidgets triggered.  All widgets were invalidated
[2020.11.18-15.46.38:437][509]MapCheck: New page: Map Check
[2020.11.18-15.46.38:437][509]LightingResults: New page: Lighting Build
[2020.11.18-15.46.38:448][509]LogAISub: UAISubsystem::~UAISubsystem EnvQueryManager (000002C7021B6200), frame # 509
[2020.11.18-15.46.38:448][509]LogAISub: UAISubsystem::~UAISubsystem AIPerceptionSystem (000002C70FD79300), frame # 509
[2020.11.18-15.46.38:449][509]LogUObjectHash: Compacting FUObjectHashTables data took   0.84ms
[2020.11.18-15.46.38:564][509]LogEditorServer: Finished looking for orphan Actors (0.000 secs)
[2020.11.18-15.46.38:564][509]LogAIModule: Creating AISystem for world MainLevel_hal
[2020.11.18-15.46.38:565][509]LogAISub: UAISubsystem::UAISubsystem EnvQueryManager (000002C742509000), frame # 509
[2020.11.18-15.46.38:565][509]LogAISub: UAISubsystem::UAISubsystem AIPerceptionSystem (000002C77B2FE5C0), frame # 509
[2020.11.18-15.46.38:578][509]LogUObjectHash: Compacting FUObjectHashTables data took   0.71ms
[2020.11.18-15.46.38:599][509]Cmd: MAP CHECKDEP NOCLEARLOG
[2020.11.18-15.46.38:599][509]MapCheck: Map check complete: 0 Error(s), 0 Warning(s), took 0.195ms to complete.
[2020.11.18-15.46.38:599][509]LogFileHelpers: Loading map 'MainLevel_hal' took 0.165
[2020.11.18-15.46.41:091][795]Cmd: POLY SELECT ADJACENT WALLS
[2020.11.18-15.46.44:713][221]LogEditorViewport: Clicking on Actor (LMB): TestTarget_C (TestTarget)
[2020.11.18-15.46.46:746][416]LogSlate: Took 0.001065 seconds to synchronously load lazily loaded font '../../../Engine/Content/Slate/Fonts/Roboto-Italic.ttf' (157K)
[2020.11.18-15.46.48:060][554]LogAssetEditorSubsystem: Opening Asset editor for Blueprint /Game/Tasks/TestTarget.TestTarget
[2020.11.18-15.46.48:289][554]LogContentBrowser: Native class hierarchy updated for 'BlueprintGraph' in 0.0010 seconds. Added 125 classes and 0 folders.
[2020.11.18-15.46.49:389][554]LogSlate: Took 0.001149 seconds to synchronously load lazily loaded font '../../../Engine/Content/Slate/Fonts/Roboto-BoldCondensed.ttf' (158K)
[2020.11.18-15.46.59:529][267]LogSlate: Window 'Common interfaces' being destroyed
[2020.11.18-15.46.59:534][267]LogBlueprint: Warning: Reparenting blueprint Blueprint /Game/Tasks/TestTarget.TestTarget from Actor to TargetActor...
[2020.11.18-15.46.59:550][267]BlueprintLog: New page: Compile TestTarget
[2020.11.18-15.46.59:613][267]LogUObjectHash: Compacting FUObjectHashTables data took   2.74ms
[2020.11.18-15.47.04:395][408]LogSlate: Window 'Message' being destroyed
[2020.11.18-15.47.04:410][408]Message dialog closed, result: No, title: Message, text: Would you like to transfer the interface functions to be part of your blueprint?
[2020.11.18-15.47.05:269][480]LogSlate: Prevented a slow task dialog from being summoned while a context menu was open
[2020.11.18-15.47.09:797][888]Cmd: OBJ SAVEPACKAGE PACKAGE="/Game/Tasks/TestTarget" FILE="../../../../../../Users/ryem_/Documents/-raisethegamejam-2020/RaiseTheGameJame2020/Content/Tasks/TestTarget.uasset" SILENT=true
[2020.11.18-15.47.09:826][888]LogSavePackage: Moving '../../../../../../Users/ryem_/Documents/-raisethegamejam-2020/RaiseTheGameJame2020/Saved/TestTarget901437F14269C9DCFCED639B16AFA406.tmp' to '../../../../../../Users/ryem_/Documents/-raisethegamejam-2020/RaiseTheGameJame2020/Content/Tasks/TestTarget.uasset'
[2020.11.18-15.47.09:853][888]AssetCheck: New page: Asset Save: TestTarget
[2020.11.18-15.47.09:854][888]LogContentValidation: Display: Validating Blueprint /Game/Tasks/TestTarget.TestTarget
[2020.11.18-15.47.17:896][648]Cmd: OBJ SAVEPACKAGE PACKAGE="/Game/Tasks/TestTarget" FILE="../../../../../../Users/ryem_/Documents/-raisethegamejam-2020/RaiseTheGameJame2020/Content/Tasks/TestTarget.uasset" SILENT=true
[2020.11.18-15.47.17:910][648]LogSavePackage: Moving '../../../../../../Users/ryem_/Documents/-raisethegamejam-2020/RaiseTheGameJame2020/Saved/TestTarget1D2C074241854A1BBFE9AC850A05DC4A.tmp' to '../../../../../../Users/ryem_/Documents/-raisethegamejam-2020/RaiseTheGameJame2020/Content/Tasks/TestTarget.uasset'
[2020.11.18-15.47.17:933][648]AssetCheck: New page: Asset Save: TestTarget
[2020.11.18-15.47.17:935][648]LogContentValidation: Display: Validating Blueprint /Game/Tasks/TestTarget.TestTarget
[2020.11.18-15.47.18:646][711]Cmd: OBJ SAVEPACKAGE PACKAGE="/Game/Tasks/TestTarget" FILE="../../../../../../Users/ryem_/Documents/-raisethegamejam-2020/RaiseTheGameJame2020/Content/Tasks/TestTarget.uasset" SILENT=true
[2020.11.18-15.47.18:659][711]LogSavePackage: Moving '../../../../../../Users/ryem_/Documents/-raisethegamejam-2020/RaiseTheGameJame2020/Saved/TestTarget7B7DA2C24D05C95F79CEF2A884071022.tmp' to '../../../../../../Users/ryem_/Documents/-raisethegamejam-2020/RaiseTheGameJame2020/Content/Tasks/TestTarget.uasset'
[2020.11.18-15.47.18:680][711]AssetCheck: New page: Asset Save: TestTarget
[2020.11.18-15.47.18:680][711]LogContentValidation: Display: Validating Blueprint /Game/Tasks/TestTarget.TestTarget
[2020.11.18-15.47.19:450][778]LogSlate: Window 'TestTarget' being destroyed
[2020.11.18-15.47.19:464][778]LogWorld: UWorld::CleanupWorld for World_0, bSessionEnded=true, bCleanupResources=true
[2020.11.18-15.47.19:464][778]LogSlate: InvalidateAllWidgets triggered.  All widgets were invalidated
[2020.11.18-15.47.21:001][948]LogEditorViewport: Clicking on Actor (LMB): TestTarget_C (TestTarget)
[2020.11.18-15.47.51:679][319]LogUObjectHash: Compacting FUObjectHashTables data took   2.10ms
[2020.11.18-15.47.51:721][319]LogSavePackage: Moving '../../../../../../Users/ryem_/Documents/-raisethegamejam-2020/RaiseTheGameJame2020/Saved/MainLevel_hal2AD4BB554D820E720BA7D1B9E6F15D3D.tmp' to '../../../../../../Users/ryem_/Documents/-raisethegamejam-2020/RaiseTheGameJame2020/Content/Maps/MainLevel_hal.umap'
[2020.11.18-15.47.51:767][319]AssetCheck: New page: Asset Save: MainLevel_hal
[2020.11.18-15.47.51:767][319]LogContentValidation: Display: Validating World /Game/Maps/MainLevel_hal.MainLevel_hal
[2020.11.18-15.52.23:469][928]Candidate modules for hot reload:
[2020.11.18-15.52.23:469][928]  RaiseTheGameJame2020
[2020.11.18-15.52.23:470][928]Launching UnrealBuildTool... [C:/Program Files/Epic Games/UE_4.25/Engine/Binaries/DotNET/UnrealBuildTool.exe  -ModuleWithSuffix=RaiseTheGameJame2020,3983 RaiseTheGameJame2020Editor Win64 Development -Project="C:/Users/ryem_/Documents/-raisethegamejam-2020/RaiseTheGameJame2020/RaiseTheGameJame2020.uproject" "C:/Users/ryem_/Documents/-raisethegamejam-2020/RaiseTheGameJame2020/RaiseTheGameJame2020.uproject"  -IgnoreJunk]
[2020.11.18-15.52.23:480][928]Warning: Starting HotReload took  0.0s.
[2020.11.18-15.52.35:143][967]CompilerResultsLog: New page: Compilation - 18 Nov 2020, 15:52:35
[2020.11.18-15.52.35:143][967]CompilerResultsLog: Using 'git status' to determine working set for adaptive non-unity build (C:\Users\ryem_\Documents\-raisethegamejam-2020).
[2020.11.18-15.52.35:143][967]CompilerResultsLog: Parsing headers for RaiseTheGameJame2020Editor
[2020.11.18-15.52.35:144][967]CompilerResultsLog:   Running UnrealHeaderTool "C:\Users\ryem_\Documents\-raisethegamejam-2020\RaiseTheGameJame2020\RaiseTheGameJame2020.uproject" "C:\Users\ryem_\Documents\-raisethegamejam-2020\RaiseTheGameJame2020\Intermediate\Build\Win64\RaiseTheGameJame2020Editor\Development\RaiseTheGameJame2020Editor.uhtmanifest" -LogCmds="loginit warning, logexit warning, logdatabase error" -Unattended -WarningsAsErrors -abslog="C:\Users\ryem_\AppData\Local\UnrealBuildTool\Log_UHT.txt" -installed
[2020.11.18-15.52.35:145][967]CompilerResultsLog: Error: C:/Users/ryem_/Documents/-raisethegamejam-2020/RaiseTheGameJame2020/Source/RaiseTheGameJame2020/Public/APlayerTask.h(29)  : Error: Missing '>' in 'class limitor'
[2020.11.18-15.52.35:146][967]LogMainFrame: MainFrame: Module compiling took 11.683 seconds
[2020.11.18-15.52.35:146][967]Warning: HotReload failed, recompile failed
[2020.11.18-15.53.07:426][144]Candidate modules for hot reload:
[2020.11.18-15.53.07:426][144]  RaiseTheGameJame2020
[2020.11.18-15.53.07:426][144]Launching UnrealBuildTool... [C:/Program Files/Epic Games/UE_4.25/Engine/Binaries/DotNET/UnrealBuildTool.exe  -ModuleWithSuffix=RaiseTheGameJame2020,5165 RaiseTheGameJame2020Editor Win64 Development -Project="C:/Users/ryem_/Documents/-raisethegamejam-2020/RaiseTheGameJame2020/RaiseTheGameJame2020.uproject" "C:/Users/ryem_/Documents/-raisethegamejam-2020/RaiseTheGameJame2020/RaiseTheGameJame2020.uproject"  -IgnoreJunk]
[2020.11.18-15.53.07:435][144]Warning: Starting HotReload took  0.0s.
[2020.11.18-15.53.18:092][175]CompilerResultsLog: New page: Compilation - 18 Nov 2020, 15:53:18
[2020.11.18-15.53.18:093][175]CompilerResultsLog: Using 'git status' to determine working set for adaptive non-unity build (C:\Users\ryem_\Documents\-raisethegamejam-2020).
[2020.11.18-15.53.18:094][175]CompilerResultsLog: Parsing headers for RaiseTheGameJame2020Editor
[2020.11.18-15.53.18:094][175]CompilerResultsLog:   Running UnrealHeaderTool "C:\Users\ryem_\Documents\-raisethegamejam-2020\RaiseTheGameJame2020\RaiseTheGameJame2020.uproject" "C:\Users\ryem_\Documents\-raisethegamejam-2020\RaiseTheGameJame2020\Intermediate\Build\Win64\RaiseTheGameJame2020Editor\Development\RaiseTheGameJame2020Editor.uhtmanifest" -LogCmds="loginit warning, logexit warning, logdatabase error" -Unattended -WarningsAsErrors -abslog="C:\Users\ryem_\AppData\Local\UnrealBuildTool\Log_UHT.txt" -installed
[2020.11.18-15.53.18:098][175]CompilerResultsLog: Error: C:/Users/ryem_/Documents/-raisethegamejam-2020/RaiseTheGameJame2020/Source/RaiseTheGameJame2020/Public/APlayerTask.h(30)  : Error: Missing '>' in 'class limitor'
[2020.11.18-15.53.18:098][175]LogMainFrame: MainFrame: Module compiling took 10.675 seconds
[2020.11.18-15.53.18:098][175]Warning: HotReload failed, recompile failed
[2020.11.18-15.53.48:314][223]Candidate modules for hot reload:
[2020.11.18-15.53.48:314][223]  RaiseTheGameJame2020
[2020.11.18-15.53.48:314][223]Launching UnrealBuildTool... [C:/Program Files/Epic Games/UE_4.25/Engine/Binaries/DotNET/UnrealBuildTool.exe  -ModuleWithSuffix=RaiseTheGameJame2020,5039 RaiseTheGameJame2020Editor Win64 Development -Project="C:/Users/ryem_/Documents/-raisethegamejam-2020/RaiseTheGameJame2020/RaiseTheGameJame2020.uproject" "C:/Users/ryem_/Documents/-raisethegamejam-2020/RaiseTheGameJame2020/RaiseTheGameJame2020.uproject"  -IgnoreJunk]
[2020.11.18-15.53.48:323][223]Warning: Starting HotReload took  0.0s.
[2020.11.18-15.54.24:128][907]LogEditorViewport: Clicking on Actor (LMB): PlayerStart (NetworkPlayerStart)
[2020.11.18-15.54.25:981][ 80]Cmd: DELETE
[2020.11.18-15.54.25:982][ 80]Cmd: ACTOR DELETE
[2020.11.18-15.54.25:993][ 80]LogEditorActor: Deleted Actor: PlayerStart
[2020.11.18-15.54.26:015][ 80]LogUObjectHash: Compacting FUObjectHashTables data took   2.44ms
[2020.11.18-15.54.26:024][ 80]LogEditorActor: Deleted 1 Actors (0.033 secs)
[2020.11.18-15.54.35:551][712]CompilerResultsLog: New page: Compilation - 18 Nov 2020, 15:54:35
[2020.11.18-15.54.35:552][712]CompilerResultsLog: Using 'git status' to determine working set for adaptive non-unity build (C:\Users\ryem_\Documents\-raisethegamejam-2020).
[2020.11.18-15.54.35:553][712]CompilerResultsLog: Parsing headers for RaiseTheGameJame2020Editor
[2020.11.18-15.54.35:553][712]CompilerResultsLog:   Running UnrealHeaderTool "C:\Users\ryem_\Documents\-raisethegamejam-2020\RaiseTheGameJame2020\RaiseTheGameJame2020.uproject" "C:\Users\ryem_\Documents\-raisethegamejam-2020\RaiseTheGameJame2020\Intermediate\Build\Win64\RaiseTheGameJame2020Editor\Development\RaiseTheGameJame2020Editor.uhtmanifest" -LogCmds="loginit warning, logexit warning, logdatabase error" -Unattended -WarningsAsErrors -abslog="C:\Users\ryem_\AppData\Local\UnrealBuildTool\Log_UHT.txt" -installed
[2020.11.18-15.54.35:554][712]CompilerResultsLog: Reflection code generated for RaiseTheGameJame2020Editor in 9.5386914 seconds
[2020.11.18-15.54.35:554][712]CompilerResultsLog: Building RaiseTheGameJame2020Editor...
[2020.11.18-15.54.35:554][712]CompilerResultsLog: Using Visual Studio 2017 14.16.27044 toolchain (C:\Program Files (x86)\Microsoft Visual Studio\2017\Community\VC\Tools\MSVC\14.16.27023) and Windows 10.0.18362.0 SDK (C:\Program Files (x86)\Windows Kits\10).
[2020.11.18-15.54.35:554][712]CompilerResultsLog: Building 10 actions with 4 processes...
[2020.11.18-15.54.35:555][712]CompilerResultsLog:   [1/10] RaiseTheGameJame2020.init.gen.cpp
[2020.11.18-15.54.35:555][712]CompilerResultsLog:   [2/10] TaskTarget.gen.cpp
[2020.11.18-15.54.35:555][712]CompilerResultsLog:   [3/10] TargetActor.gen.cpp
[2020.11.18-15.54.35:556][712]CompilerResultsLog:   [4/10] APlayerTask.gen.cpp
[2020.11.18-15.54.35:556][712]CompilerResultsLog:   [5/10] TaskTarget.cpp
[2020.11.18-15.54.35:556][712]CompilerResultsLog:   [6/10] TargetActor.cpp
[2020.11.18-15.54.35:556][712]CompilerResultsLog:   [7/10] APlayerTask.cpp
[2020.11.18-15.54.35:557][712]CompilerResultsLog:   [8/10] UE4Editor-RaiseTheGameJame2020-5039.lib
[2020.11.18-15.54.35:557][712]CompilerResultsLog:      Creating library C:\Users\ryem_\Documents\-raisethegamejam-2020\RaiseTheGameJame2020\Intermediate\Build\Win64\UE4Editor\Development\RaiseTheGameJame2020\UE4Editor-RaiseTheGameJame2020-5039.lib and object C:\Users\ryem_\Documents\-raisethegamejam-2020\RaiseTheGameJame2020\Intermediate\Build\Win64\UE4Editor\Development\RaiseTheGameJame2020\UE4Editor-RaiseTheGameJame2020-5039.exp
[2020.11.18-15.54.35:557][712]CompilerResultsLog:   [9/10] UE4Editor-RaiseTheGameJame2020-5039.dll
[2020.11.18-15.54.35:558][712]CompilerResultsLog:      Creating library C:\Users\ryem_\Documents\-raisethegamejam-2020\RaiseTheGameJame2020\Intermediate\Build\Win64\UE4Editor\Development\RaiseTheGameJame2020\UE4Editor-RaiseTheGameJame2020-5039.suppressed.lib and object C:\Users\ryem_\Documents\-raisethegamejam-2020\RaiseTheGameJame2020\Intermediate\Build\Win64\UE4Editor\Development\RaiseTheGameJame2020\UE4Editor-RaiseTheGameJame2020-5039.suppressed.exp
[2020.11.18-15.54.35:558][712]CompilerResultsLog:   [10/10] RaiseTheGameJame2020Editor.target
[2020.11.18-15.54.35:558][712]CompilerResultsLog: Total time in Parallel executor: 34.57 seconds
[2020.11.18-15.54.35:558][712]CompilerResultsLog: Total execution time: 46.74 seconds
[2020.11.18-15.54.35:558][712]LogMainFrame: MainFrame: Module compiling took 47.248 seconds
[2020.11.18-15.54.35:598][712]LogClass: Could not find existing class APlayerTask in package /Script/RaiseTheGameJame2020 for HotReload, assuming new class
[2020.11.18-15.54.35:598][712]LogClass: Function OnTaskEntryOverlapBegin is new.
[2020.11.18-15.54.35:599][712]LogClass: Function OnTaskEntryOverlapEnd is new.
[2020.11.18-15.54.35:599][712]LogClass: Function OnTaskExitOverlapBegin is new.
[2020.11.18-15.54.35:599][712]LogClass: Function OnTaskExitOverlapEnd is new.
[2020.11.18-15.54.35:618][712]LogHotReload: Re-instancing APlayerTask after hot-reload.
[2020.11.18-15.54.35:623][712]LogClass: Warning: Type mismatch in TargetActor of PlayerTask_C - Previous (ObjectProperty) Current(ArrayProperty) for package:  FObjectReader
[2020.11.18-15.54.35:626][712]LogClass: Warning: Type mismatch in TargetActor of PlayerTask_C - Previous (ObjectProperty) Current(ArrayProperty) for package:  FObjectReader
[2020.11.18-15.54.35:666][712]LogContentBrowser: Native class hierarchy updated for 'RaiseTheGameJame2020' in 0.0007 seconds. Added 5 classes and 3 folders.
[2020.11.18-15.54.35:670][712]Display: HotReload successful (2 functions remapped  0 scriptstructs remapped)
[2020.11.18-15.54.35:796][712]LogContentBrowser: Native class hierarchy populated in 0.0116 seconds. Added 3432 classes and 824 folders.
[2020.11.18-15.54.35:810][712]Display: HotReload took 47.5s.
[2020.11.18-15.54.46:189][602]LogTemp: Repeating last play command: Simulate
[2020.11.18-15.54.46:220][602]LogPlayLevel: PlayLevel: No blueprints needed recompiling
[2020.11.18-15.54.46:220][602]PIE: New page: SIE session: MainLevel_hal (18 Nov 2020, 15:54:46)
[2020.11.18-15.54.46:227][602]LogOnline: OSS: Creating online subsystem instance for: NULL
[2020.11.18-15.54.46:230][602]LogOnline: OSS: TryLoadSubsystemAndSetDefault: Loaded subsystem for module [NULL]
[2020.11.18-15.54.46:231][602]LogPlayLevel: Creating play world package: /Game/Maps/UEDPIE_0_MainLevel_hal
[2020.11.18-15.54.46:246][602]LogPlayLevel: PIE: StaticDuplicateObject took: (0.014791s)
[2020.11.18-15.54.46:248][602]LogAIModule: Creating AISystem for world MainLevel_hal
[2020.11.18-15.54.46:248][602]LogAISub: UAISubsystem::UAISubsystem EnvQueryManager (000002C74618CA00), frame # 21602
[2020.11.18-15.54.46:249][602]LogAISub: UAISubsystem::UAISubsystem AIPerceptionSystem (000002C746192980), frame # 21602
[2020.11.18-15.54.46:249][602]LogPlayLevel: PIE: World Init took: (0.001965s)
[2020.11.18-15.54.46:249][602]LogPlayLevel: PIE: Created PIE world by copying editor world from /Game/Maps/MainLevel_hal.MainLevel_hal to /Game/Maps/UEDPIE_0_MainLevel_hal.MainLevel_hal (0.017913s)
[2020.11.18-15.54.46:335][602]LogUObjectHash: Compacting FUObjectHashTables data took   3.99ms
[2020.11.18-15.54.46:339][602]LogAudioMixer: Display: Audio Mixer Platform Settings:
[2020.11.18-15.54.46:339][602]LogAudioMixer: Display: 	Sample Rate:						  48000
[2020.11.18-15.54.46:339][602]LogAudioMixer: Display: 	Callback Buffer Frame Size Requested: 1024
[2020.11.18-15.54.46:339][602]LogAudioMixer: Display: 	Callback Buffer Frame Size To Use:	  1024
[2020.11.18-15.54.46:339][602]LogAudioMixer: Display: 	Number of buffers to queue:			  2
[2020.11.18-15.54.46:339][602]LogAudioMixer: Display: 	Max Channels (voices):				  32
[2020.11.18-15.54.46:339][602]LogAudioMixer: Display: 	Number of Async Source Workers:		  0
[2020.11.18-15.54.46:340][602]LogAudio: Display: AudioDevice MaxSources: 32
[2020.11.18-15.54.46:340][602]LogAudio: Display: Using built-in audio occlusion.
[2020.11.18-15.54.46:340][602]LogAudioMixer: Display: Initializing audio mixer.
[2020.11.18-15.54.46:359][602]LogAudioMixer: Display: 0: FrontLeft
[2020.11.18-15.54.46:359][602]LogAudioMixer: Display: 1: FrontRight
[2020.11.18-15.54.46:430][602]LogAudioMixer: Display: Using Audio Device Headset Earphone (HyperX Virtual Surround Sound)
[2020.11.18-15.54.46:431][602]LogAudioMixer: Display: Initializing Sound Submixes...
[2020.11.18-15.54.46:431][602]LogAudioMixer: Display: Creating Master Submix 'MasterSubmixDefault'
[2020.11.18-15.54.46:431][602]LogAudioMixer: Display: Creating Master Submix 'MasterReverbSubmixDefault'
[2020.11.18-15.54.46:431][602]LogAudioMixer: Display: Creating Master Submix 'MasterEQSubmixDefault'
[2020.11.18-15.54.46:446][602]LogInit: FAudioDevice initialized.
[2020.11.18-15.54.46:461][602]LogLoad: Game class is 'RaiseTheGameJame2020GameMode'
[2020.11.18-15.54.46:470][602]LogWorld: Bringing World /Game/Maps/UEDPIE_0_MainLevel_hal.MainLevel_hal up for play (max tick rate 0) at 2020.11.18-15.54.46
[2020.11.18-15.54.46:471][602]LogWorld: Bringing up level for play took: 0.002928
[2020.11.18-15.54.46:472][602]LogOnline: OSS: Creating online subsystem instance for: :Context_5
[2020.11.18-15.54.46:477][602]LogGameMode: FindPlayerStart: PATHS NOT DEFINED or NO PLAYERSTART with positive rating
[2020.11.18-15.54.46:564][602]LogContentBrowser: Native class hierarchy updated for 'MovieSceneCapture' in 0.0008 seconds. Added 20 classes and 0 folders.
[2020.11.18-15.54.46:572][602]PIE: Server logged in
[2020.11.18-15.54.46:574][602]PIE: Play in editor total start time 0.372 seconds.
[2020.11.18-15.54.47:935][681]LogEditorViewport: Clicking on Actor (LMB): BP_Sky_Sphere_C (SkySphereBlueprint)
[2020.11.18-15.54.56:745][709]LogSlate: Updating window title bar state: overlay mode, drag disabled, window buttons hidden, title bar hidden
[2020.11.18-15.54.56:745][709]LogWorld: BeginTearingDown for /Game/Maps/UEDPIE_0_MainLevel_hal
[2020.11.18-15.54.56:746][709]LogWorld: UWorld::CleanupWorld for MainLevel_hal, bSessionEnded=true, bCleanupResources=true
[2020.11.18-15.54.56:747][709]LogSlate: InvalidateAllWidgets triggered.  All widgets were invalidated
[2020.11.18-15.54.56:767][709]LogPlayLevel: Display: Shutting down PIE online subsystems
[2020.11.18-15.54.56:772][709]LogSlate: InvalidateAllWidgets triggered.  All widgets were invalidated
[2020.11.18-15.54.56:793][709]LogSlate: Updating window title bar state: overlay mode, drag disabled, window buttons hidden, title bar hidden
[2020.11.18-15.54.56:945][709]LogAISub: UAISubsystem::~UAISubsystem EnvQueryManager (000002C74618CA00), frame # 22709
[2020.11.18-15.54.56:945][709]LogAISub: UAISubsystem::~UAISubsystem AIPerceptionSystem (000002C746192980), frame # 22709
[2020.11.18-15.54.56:950][709]LogUObjectHash: Compacting FUObjectHashTables data took   5.05ms
[2020.11.18-15.54.56:980][710]LogPlayLevel: Display: Destroying online subsystem :Context_5
[2020.11.18-15.55.40:616][243]LogTemp: Repeating last play command: Simulate
[2020.11.18-15.55.40:640][243]LogPlayLevel: PlayLevel: No blueprints needed recompiling
[2020.11.18-15.55.40:643][243]PIE: New page: SIE session: MainLevel_hal (18 Nov 2020, 15:55:40)
[2020.11.18-15.55.40:643][243]LogPlayLevel: Creating play world package: /Game/Maps/UEDPIE_0_MainLevel_hal
[2020.11.18-15.55.40:657][243]LogPlayLevel: PIE: StaticDuplicateObject took: (0.014093s)
[2020.11.18-15.55.40:658][243]LogAIModule: Creating AISystem for world MainLevel_hal
[2020.11.18-15.55.40:659][243]LogAISub: UAISubsystem::UAISubsystem EnvQueryManager (000002C74618EE00), frame # 27243
[2020.11.18-15.55.40:659][243]LogAISub: UAISubsystem::UAISubsystem AIPerceptionSystem (000002C7808F9F80), frame # 27243
[2020.11.18-15.55.40:659][243]LogPlayLevel: PIE: World Init took: (0.001907s)
[2020.11.18-15.55.40:659][243]LogPlayLevel: PIE: Created PIE world by copying editor world from /Game/Maps/MainLevel_hal.MainLevel_hal to /Game/Maps/UEDPIE_0_MainLevel_hal.MainLevel_hal (0.016554s)
[2020.11.18-15.55.40:699][243]LogUObjectHash: Compacting FUObjectHashTables data took   2.34ms
[2020.11.18-15.55.40:704][243]LogAudioMixer: Display: Audio Mixer Platform Settings:
[2020.11.18-15.55.40:705][243]LogAudioMixer: Display: 	Sample Rate:						  48000
[2020.11.18-15.55.40:705][243]LogAudioMixer: Display: 	Callback Buffer Frame Size Requested: 1024
[2020.11.18-15.55.40:705][243]LogAudioMixer: Display: 	Callback Buffer Frame Size To Use:	  1024
[2020.11.18-15.55.40:705][243]LogAudioMixer: Display: 	Number of buffers to queue:			  2
[2020.11.18-15.55.40:705][243]LogAudioMixer: Display: 	Max Channels (voices):				  32
[2020.11.18-15.55.40:705][243]LogAudioMixer: Display: 	Number of Async Source Workers:		  0
[2020.11.18-15.55.40:705][243]LogAudio: Display: AudioDevice MaxSources: 32
[2020.11.18-15.55.40:706][243]LogAudio: Display: Using built-in audio occlusion.
[2020.11.18-15.55.40:706][243]LogAudioMixer: Display: Initializing audio mixer.
[2020.11.18-15.55.40:724][243]LogAudioMixer: Display: 0: FrontLeft
[2020.11.18-15.55.40:724][243]LogAudioMixer: Display: 1: FrontRight
[2020.11.18-15.55.40:788][243]LogAudioMixer: Display: Using Audio Device Headset Earphone (HyperX Virtual Surround Sound)
[2020.11.18-15.55.40:788][243]LogAudioMixer: Display: Initializing Sound Submixes...
[2020.11.18-15.55.40:789][243]LogAudioMixer: Display: Creating Master Submix 'MasterSubmixDefault'
[2020.11.18-15.55.40:789][243]LogAudioMixer: Display: Creating Master Submix 'MasterReverbSubmixDefault'
[2020.11.18-15.55.40:789][243]LogAudioMixer: Display: Creating Master Submix 'MasterEQSubmixDefault'
[2020.11.18-15.55.40:804][243]LogInit: FAudioDevice initialized.
[2020.11.18-15.55.40:816][243]LogLoad: Game class is 'RaiseTheGameJame2020GameMode'
[2020.11.18-15.55.40:818][243]LogWorld: Bringing World /Game/Maps/UEDPIE_0_MainLevel_hal.MainLevel_hal up for play (max tick rate 0) at 2020.11.18-15.55.40
[2020.11.18-15.55.40:818][243]LogWorld: Bringing up level for play took: 0.001457
[2020.11.18-15.55.40:818][243]LogOnline: OSS: Creating online subsystem instance for: :Context_6
[2020.11.18-15.55.40:821][243]LogGameMode: FindPlayerStart: PATHS NOT DEFINED or NO PLAYERSTART with positive rating
[2020.11.18-15.55.40:822][243]PIE: Server logged in
[2020.11.18-15.55.40:823][243]PIE: Play in editor total start time 0.195 seconds.
[2020.11.18-15.55.57:214][144]LogSlate: Updating window title bar state: overlay mode, drag disabled, window buttons hidden, title bar hidden
[2020.11.18-15.55.57:215][144]LogWorld: BeginTearingDown for /Game/Maps/UEDPIE_0_MainLevel_hal
[2020.11.18-15.55.57:215][144]LogWorld: UWorld::CleanupWorld for MainLevel_hal, bSessionEnded=true, bCleanupResources=true
[2020.11.18-15.55.57:216][144]LogSlate: InvalidateAllWidgets triggered.  All widgets were invalidated
[2020.11.18-15.55.57:233][144]LogPlayLevel: Display: Shutting down PIE online subsystems
[2020.11.18-15.55.57:236][144]LogSlate: InvalidateAllWidgets triggered.  All widgets were invalidated
[2020.11.18-15.55.57:309][144]LogSlate: Updating window title bar state: overlay mode, drag disabled, window buttons hidden, title bar hidden
[2020.11.18-15.55.57:310][144]LogAISub: UAISubsystem::~UAISubsystem AIPerceptionSystem (000002C7808F9F80), frame # 29144
[2020.11.18-15.55.57:310][144]LogAISub: UAISubsystem::~UAISubsystem EnvQueryManager (000002C74618EE00), frame # 29144
[2020.11.18-15.55.57:314][144]LogUObjectHash: Compacting FUObjectHashTables data took   2.05ms
[2020.11.18-15.55.57:344][145]LogPlayLevel: Display: Destroying online subsystem :Context_6
