Log file open, 11/18/20 14:57:39
LogInit: Display: Running engine for game: RaiseTheGameJame2020
LogPlatformFile: Not using cached read wrapper
LogTaskGraph: Started task graph with 5 named threads and 23 total threads with 3 sets of task threads.
LogStats: Stats thread started at 0.387191
LogD3D11RHI: Loaded GFSDK_Aftermath_Lib.x64.dll
LogICUInternationalization: ICU TimeZone Detection - Raw Offset: +0:00, Platform Override: ''
LogPluginManager: Mounting plugin Paper2D
LogPluginManager: Mounting plugin AISupport
LogPluginManager: Mounting plugin LightPropagationVolume
LogPluginManager: Mounting plugin CameraShakePreviewer
LogPluginManager: Mounting plugin ActorLayerUtilities
LogPluginManager: Mounting plugin AnimationSharing
LogPluginManager: Mounting plugin CLionSourceCodeAccess
LogPluginManager: Mounting plugin CodeLiteSourceCodeAccess
LogPluginManager: Mounting plugin GitSourceControl
LogPluginManager: Mounting plugin KDevelopSourceCodeAccess
LogPluginManager: Mounting plugin NullSourceCodeAccess
LogPluginManager: Mounting plugin PerforceSourceControl
LogPluginManager: Mounting plugin PlasticSourceControl
LogPluginManager: Mounting plugin RiderSourceCodeAccess
LogPluginManager: Mounting plugin SubversionSourceControl
LogPluginManager: Mounting plugin UObjectPlugin
LogPluginManager: Mounting plugin VisualStudioCodeSourceCodeAccess
LogPluginManager: Mounting plugin VisualStudioSourceCodeAccess
LogPluginManager: Mounting plugin XCodeSourceCodeAccess
LogPluginManager: Mounting plugin AssetManagerEditor
LogPluginManager: Mounting plugin CryptoKeys
LogPluginManager: Mounting plugin CurveEditorTools
LogPluginManager: Mounting plugin DataValidation
LogPluginManager: Mounting plugin EditorScriptingUtilities
LogPluginManager: Mounting plugin FacialAnimation
LogPluginManager: Mounting plugin GameplayTagsEditor
LogPluginManager: Mounting plugin GeometryMode
LogPluginManager: Mounting plugin MacGraphicsSwitching
LogPluginManager: Mounting plugin MaterialAnalyzer
LogPluginManager: Mounting plugin MobileLauncherProfileWizard
LogPluginManager: Mounting plugin PluginBrowser
LogPluginManager: Mounting plugin SpeedTreeImporter
LogPluginManager: Mounting plugin DatasmithContent
LogPluginManager: Mounting plugin VariantManagerContent
LogPluginManager: Mounting plugin AlembicImporter
LogPluginManager: Mounting plugin AutomationUtils
LogPluginManager: Mounting plugin BackChannel
LogPluginManager: Mounting plugin ChaosCloth
LogPluginManager: Mounting plugin ChaosClothEditor
LogPluginManager: Mounting plugin ChaosEditor
LogPluginManager: Mounting plugin ChaosNiagara
LogPluginManager: Mounting plugin ChaosSolverPlugin
LogPluginManager: Mounting plugin CharacterAI
LogPluginManager: Mounting plugin GeometryCache
LogPluginManager: Mounting plugin GeometryCollectionPlugin
LogPluginManager: Mounting plugin GeometryProcessing
LogPluginManager: Mounting plugin PlanarCut
LogPluginManager: Mounting plugin PlatformCrypto
LogPluginManager: Mounting plugin ProxyLODPlugin
LogPluginManager: Mounting plugin SkeletalReduction
LogPluginManager: Mounting plugin Niagara
LogPluginManager: Mounting plugin MagicLeap
LogPluginManager: Mounting plugin MagicLeapLightEstimation
LogPluginManager: Mounting plugin MagicLeapMedia
LogPluginManager: Mounting plugin MagicLeapPassableWorld
LogPluginManager: Mounting plugin MLSDK
LogPluginManager: Mounting plugin AndroidMedia
LogPluginManager: Mounting plugin AvfMedia
LogPluginManager: Mounting plugin ImgMedia
LogPluginManager: Mounting plugin MediaCompositing
LogPluginManager: Mounting plugin MediaPlayerEditor
LogPluginManager: Mounting plugin WebMMedia
LogPluginManager: Mounting plugin WmfMedia
LogPluginManager: Mounting plugin MeshPainting
LogPluginManager: Mounting plugin TcpMessaging
LogPluginManager: Mounting plugin UdpMessaging
LogPluginManager: Mounting plugin ActorSequence
LogPluginManager: Mounting plugin LevelSequenceEditor
LogPluginManager: Mounting plugin MatineeToLevelSequence
LogPluginManager: Mounting plugin MovieRenderPipeline
LogPluginManager: Mounting plugin TemplateSequence
LogPluginManager: Mounting plugin NetcodeUnitTest
LogPluginManager: Mounting plugin NUTUnrealEngine4
LogPluginManager: Mounting plugin OnlineSubsystemGooglePlay
LogPluginManager: Mounting plugin OnlineSubsystemIOS
LogPluginManager: Mounting plugin OnlineSubsystem
LogPluginManager: Mounting plugin OnlineSubsystemNull
LogPluginManager: Mounting plugin OnlineSubsystemUtils
LogPluginManager: Mounting plugin LauncherChunkInstaller
LogPluginManager: Mounting plugin AndroidDeviceProfileSelector
LogPluginManager: Mounting plugin AndroidMoviePlayer
LogPluginManager: Mounting plugin AndroidPermission
LogPluginManager: Mounting plugin AppleImageUtils
LogPluginManager: Mounting plugin AppleMoviePlayer
LogPluginManager: Mounting plugin ArchVisCharacter
LogPluginManager: Mounting plugin AssetTags
LogPluginManager: Mounting plugin AudioCapture
LogPluginManager: Mounting plugin CableComponent
LogPluginManager: Mounting plugin CustomMeshComponent
LogPluginManager: Mounting plugin EditableMesh
LogPluginManager: Mounting plugin ExampleDeviceProfileSelector
LogPluginManager: Mounting plugin GoogleCloudMessaging
LogPluginManager: Mounting plugin GooglePAD
LogPluginManager: Mounting plugin IOSDeviceProfileSelector
LogPluginManager: Mounting plugin LinuxDeviceProfileSelector
LogPluginManager: Mounting plugin LocationServicesBPLibrary
LogPluginManager: Mounting plugin MobilePatchingUtils
LogPluginManager: Mounting plugin OculusVR
LogPluginManager: Mounting plugin PhysXVehicles
LogPluginManager: Mounting plugin PostSplashScreen
LogPluginManager: Mounting plugin ProceduralMeshComponent
LogPluginManager: Mounting plugin RuntimePhysXCooking
LogPluginManager: Mounting plugin SignificanceManager
LogPluginManager: Mounting plugin SoundFields
LogPluginManager: Mounting plugin SteamVR
LogPluginManager: Mounting plugin Synthesis
LogPluginManager: Mounting plugin WebMMoviePlayer
LogPluginManager: Mounting plugin WindowsMoviePlayer
LogPluginManager: Mounting plugin ScreenshotTools
LogInit: Using libcurl 7.55.1-DEV
LogInit:  - built for x86_64-pc-win32
LogInit:  - supports SSL with OpenSSL/1.1.1
LogInit:  - supports HTTP deflate (compression) using libz 1.2.8
LogInit:  - other features:
LogInit:      CURL_VERSION_SSL
LogInit:      CURL_VERSION_LIBZ
LogInit:      CURL_VERSION_IPV6
LogInit:      CURL_VERSION_ASYNCHDNS
LogInit:      CURL_VERSION_LARGEFILE
LogInit:      CURL_VERSION_IDN
LogInit:  CurlRequestOptions (configurable via config and command line):
LogInit:  - bVerifyPeer = true  - Libcurl will verify peer certificate
LogInit:  - bUseHttpProxy = false  - Libcurl will NOT use HTTP proxy
LogInit:  - bDontReuseConnections = false  - Libcurl will reuse connections
LogInit:  - MaxHostConnections = 16  - Libcurl will limit the number of connections to a host
LogInit:  - LocalHostAddr = Default
LogInit:  - BufferSize = 65536
LogOnline: OSS: Creating online subsystem instance for: NULL
LogInit: WinSock: version 1.1 (2.2), MaxSocks=32767, MaxUdp=65467
LogOnline: OSS: TryLoadSubsystemAndSetDefault: Loaded subsystem for module [NULL]
LogInit: Build: ++UE4+Release-4.25-CL-14469661
LogInit: Engine Version: 4.25.4-14469661+++UE4+Release-4.25
LogInit: Compatible Engine Version: 4.25.0-13144385+++UE4+Release-4.25
LogInit: Net CL: 13144385
LogInit: OS: Windows 10 (Release 2004) (), CPU: Intel(R) Core(TM) i7-6700K CPU @ 4.00GHz, GPU: NVIDIA GeForce GTX 1060 6GB
LogInit: Compiled (64-bit): Oct 11 2020 08:10:49
LogInit: Compiled with Visual C++: 19.24.28315.00
LogInit: Build Configuration: Development
LogInit: Branch Name: ++UE4+Release-4.25
LogInit: Command Line:  -skipcompile
LogInit: Base Directory: D:/Program Files/Epic Games/UE_4.25/Engine/Binaries/Win64/
LogInit: Allocator: TBB
LogInit: Installed Engine Build: 1
LogDevObjectVersion: Number of dev versions registered: 26
LogDevObjectVersion:   Dev-Blueprints (B0D832E4-1F89-4F0D-ACCF-7EB736FD4AA2): 10
LogDevObjectVersion:   Dev-Build (E1C64328-A22C-4D53-A36C-8E866417BD8C): 0
LogDevObjectVersion:   Dev-Core (375EC13C-06E4-48FB-B500-84F0262A717E): 4
LogDevObjectVersion:   Dev-Editor (E4B068ED-F494-42E9-A231-DA0B2E46BB41): 38
LogDevObjectVersion:   Dev-Framework (CFFC743F-43B0-4480-9391-14DF171D2073): 37
LogDevObjectVersion:   Dev-Mobile (B02B49B5-BB20-44E9-A304-32B752E40360): 2
LogDevObjectVersion:   Dev-Networking (A4E4105C-59A1-49B5-A7C5-40C4547EDFEE): 0
LogDevObjectVersion:   Dev-Online (39C831C9-5AE6-47DC-9A44-9C173E1C8E7C): 0
LogDevObjectVersion:   Dev-Physics (78F01B33-EBEA-4F98-B9B4-84EACCB95AA2): 4
LogDevObjectVersion:   Dev-Platform (6631380F-2D4D-43E0-8009-CF276956A95A): 0
LogDevObjectVersion:   Dev-Rendering (12F88B9F-8875-4AFC-A67C-D90C383ABD29): 43
LogDevObjectVersion:   Dev-Sequencer (7B5AE74C-D270-4C10-A958-57980B212A5A): 12
LogDevObjectVersion:   Dev-VR (D7296918-1DD6-4BDD-9DE2-64A83CC13884): 3
LogDevObjectVersion:   Dev-LoadTimes (C2A15278-BFE7-4AFE-6C17-90FF531DF755): 1
LogDevObjectVersion:   Private-Geometry (6EACA3D4-40EC-4CC1-B786-8BED09428FC5): 3
LogDevObjectVersion:   Dev-AnimPhys (29E575DD-E0A3-4627-9D10-D276232CDCEA): 17
LogDevObjectVersion:   Dev-Anim (AF43A65D-7FD3-4947-9873-3E8ED9C1BB05): 7
LogDevObjectVersion:   Dev-ReflectionCapture (6B266CEC-1EC7-4B8F-A30B-E4D90942FC07): 1
LogDevObjectVersion:   Dev-Automation (0DF73D61-A23F-47EA-B727-89E90C41499A): 1
LogDevObjectVersion:   FortniteMain (601D1886-AC64-4F84-AA16-D3DE0DEAC7D6): 31
LogDevObjectVersion:   Dev-Enterprise (9DFFBCD6-494F-0158-E221-12823C92A888): 10
LogDevObjectVersion:   Dev-Niagara (F2AED0AC-9AFE-416F-8664-AA7FFA26D6FC): 1
LogDevObjectVersion:   Dev-Destruction (174F1F0B-B4C6-45A5-B13F-2EE8D0FB917D): 10
LogDevObjectVersion:   Dev-Physics-Ext (35F94A83-E258-406C-A318-09F59610247C): 37
LogDevObjectVersion:   Dev-PhysicsMaterial-Chaos (B68FC16E-8B1B-42E2-B453-215C058844FE): 1
LogDevObjectVersion:   Dev-CineCamera (B2E18506-4273-CFC2-A54E-F4BB758BBA07): 1
LogInit: Presizing for max 25165824 objects, including 0 objects not considered by GC, pre-allocating 0 bytes for permanent pool.
LogConfig: Applying CVar settings from Section [/Script/Engine.StreamingSettings] File [E:/Projects/Personal Projects/-raisethegamejam-2020/RaiseTheGameJame2020/Saved/Config/Windows/Engine.ini]
LogConfig: Setting CVar [[s.MinBulkDataSizeForAsyncLoading:131072]]
LogConfig: Setting CVar [[s.AsyncLoadingThreadEnabled:0]]
LogConfig: Setting CVar [[s.EventDrivenLoaderEnabled:1]]
LogConfig: Setting CVar [[s.WarnIfTimeLimitExceeded:0]]
LogConfig: Setting CVar [[s.TimeLimitExceededMultiplier:1.5]]
LogConfig: Setting CVar [[s.TimeLimitExceededMinTime:0.005]]
LogConfig: Setting CVar [[s.UseBackgroundLevelStreaming:1]]
LogConfig: Setting CVar [[s.PriorityAsyncLoadingExtraTime:15.0]]
LogConfig: Setting CVar [[s.LevelStreamingActorsUpdateTimeLimit:5.0]]
LogConfig: Setting CVar [[s.PriorityLevelStreamingActorsUpdateExtraTime:5.0]]
LogConfig: Setting CVar [[s.LevelStreamingComponentsRegistrationGranularity:10]]
LogConfig: Setting CVar [[s.UnregisterComponentsTimeLimit:1.0]]
LogConfig: Setting CVar [[s.LevelStreamingComponentsUnregistrationGranularity:5]]
LogConfig: Setting CVar [[s.FlushStreamingOnExit:1]]
LogInit: Object subsystem initialized
LogConfig: Setting CVar [[con.DebugEarlyDefault:1]]
LogConfig: Setting CVar [[r.setres:1280x720]]
[2020.11.18-14.57.40:215][  0]LogConfig: Setting CVar [[r.VSync:0]]
[2020.11.18-14.57.40:215][  0]LogConfig: Setting CVar [[r.RHICmdBypass:0]]
[2020.11.18-14.57.40:215][  0]LogConfig: Applying CVar settings from Section [/Script/Engine.RendererSettings] File [E:/Projects/Personal Projects/-raisethegamejam-2020/RaiseTheGameJame2020/Saved/Config/Windows/Engine.ini]
[2020.11.18-14.57.40:215][  0]LogConfig: Setting CVar [[r.GPUCrashDebugging:0]]
[2020.11.18-14.57.40:215][  0]LogConfig: Applying CVar settings from Section [/Script/Engine.RendererOverrideSettings] File [E:/Projects/Personal Projects/-raisethegamejam-2020/RaiseTheGameJame2020/Saved/Config/Windows/Engine.ini]
[2020.11.18-14.57.40:215][  0]LogConfig: Applying CVar settings from Section [/Script/Engine.StreamingSettings] File [E:/Projects/Personal Projects/-raisethegamejam-2020/RaiseTheGameJame2020/Saved/Config/Windows/Engine.ini]
[2020.11.18-14.57.40:215][  0]LogConfig: Setting CVar [[s.MinBulkDataSizeForAsyncLoading:131072]]
[2020.11.18-14.57.40:215][  0]LogConfig: Setting CVar [[s.AsyncLoadingThreadEnabled:0]]
[2020.11.18-14.57.40:215][  0]LogConfig: Setting CVar [[s.EventDrivenLoaderEnabled:1]]
[2020.11.18-14.57.40:215][  0]LogConfig: Setting CVar [[s.WarnIfTimeLimitExceeded:0]]
[2020.11.18-14.57.40:215][  0]LogConfig: Setting CVar [[s.TimeLimitExceededMultiplier:1.5]]
[2020.11.18-14.57.40:215][  0]LogConfig: Setting CVar [[s.TimeLimitExceededMinTime:0.005]]
[2020.11.18-14.57.40:215][  0]LogConfig: Setting CVar [[s.UseBackgroundLevelStreaming:1]]
[2020.11.18-14.57.40:215][  0]LogConfig: Setting CVar [[s.PriorityAsyncLoadingExtraTime:15.0]]
[2020.11.18-14.57.40:216][  0]LogConfig: Setting CVar [[s.LevelStreamingActorsUpdateTimeLimit:5.0]]
[2020.11.18-14.57.40:216][  0]LogConfig: Setting CVar [[s.PriorityLevelStreamingActorsUpdateExtraTime:5.0]]
[2020.11.18-14.57.40:216][  0]LogConfig: Setting CVar [[s.LevelStreamingComponentsRegistrationGranularity:10]]
[2020.11.18-14.57.40:216][  0]LogConfig: Setting CVar [[s.UnregisterComponentsTimeLimit:1.0]]
[2020.11.18-14.57.40:216][  0]LogConfig: Setting CVar [[s.LevelStreamingComponentsUnregistrationGranularity:5]]
[2020.11.18-14.57.40:216][  0]LogConfig: Setting CVar [[s.FlushStreamingOnExit:1]]
[2020.11.18-14.57.40:216][  0]LogConfig: Applying CVar settings from Section [/Script/Engine.GarbageCollectionSettings] File [E:/Projects/Personal Projects/-raisethegamejam-2020/RaiseTheGameJame2020/Saved/Config/Windows/Engine.ini]
[2020.11.18-14.57.40:216][  0]LogConfig: Setting CVar [[gc.MaxObjectsNotConsideredByGC:1]]
[2020.11.18-14.57.40:216][  0]LogConfig: Setting CVar [[gc.SizeOfPermanentObjectPool:0]]
[2020.11.18-14.57.40:216][  0]LogConfig: Setting CVar [[gc.FlushStreamingOnGC:0]]
[2020.11.18-14.57.40:216][  0]LogConfig: Setting CVar [[gc.NumRetriesBeforeForcingGC:10]]
[2020.11.18-14.57.40:216][  0]LogConfig: Setting CVar [[gc.AllowParallelGC:1]]
[2020.11.18-14.57.40:216][  0]LogConfig: Setting CVar [[gc.TimeBetweenPurgingPendingKillObjects:61.1]]
[2020.11.18-14.57.40:216][  0]LogConfig: Setting CVar [[gc.MaxObjectsInEditor:25165824]]
[2020.11.18-14.57.40:216][  0]LogConfig: Setting CVar [[gc.IncrementalBeginDestroyEnabled:1]]
[2020.11.18-14.57.40:216][  0]LogConfig: Setting CVar [[gc.CreateGCClusters:1]]
[2020.11.18-14.57.40:216][  0]LogConfig: Setting CVar [[gc.MinGCClusterSize:5]]
[2020.11.18-14.57.40:216][  0]LogConfig: Setting CVar [[gc.ActorClusteringEnabled:0]]
[2020.11.18-14.57.40:216][  0]LogConfig: Setting CVar [[gc.BlueprintClusteringEnabled:0]]
[2020.11.18-14.57.40:216][  0]LogConfig: Setting CVar [[gc.UseDisregardForGCOnDedicatedServers:0]]
[2020.11.18-14.57.40:217][  0]LogConfig: Applying CVar settings from Section [/Script/Engine.NetworkSettings] File [E:/Projects/Personal Projects/-raisethegamejam-2020/RaiseTheGameJame2020/Saved/Config/Windows/Engine.ini]
[2020.11.18-14.57.40:217][  0]LogConfig: Applying CVar settings from Section [/Script/UnrealEd.CookerSettings] File [E:/Projects/Personal Projects/-raisethegamejam-2020/RaiseTheGameJame2020/Saved/Config/Windows/Engine.ini]
[2020.11.18-14.57.40:234][  0]LogConfig: Applying CVar settings from Section [ViewDistanceQuality@3] File [E:/Projects/Personal Projects/-raisethegamejam-2020/RaiseTheGameJame2020/Saved/Config/Windows/Scalability.ini]
[2020.11.18-14.57.40:234][  0]LogConfig: Setting CVar [[r.SkeletalMeshLODBias:0]]
[2020.11.18-14.57.40:234][  0]LogConfig: Setting CVar [[r.ViewDistanceScale:1.0]]
[2020.11.18-14.57.40:235][  0]LogConfig: Applying CVar settings from Section [AntiAliasingQuality@3] File [E:/Projects/Personal Projects/-raisethegamejam-2020/RaiseTheGameJame2020/Saved/Config/Windows/Scalability.ini]
[2020.11.18-14.57.40:235][  0]LogConfig: Setting CVar [[r.PostProcessAAQuality:4]]
[2020.11.18-14.57.40:235][  0]LogConfig: Applying CVar settings from Section [ShadowQuality@3] File [E:/Projects/Personal Projects/-raisethegamejam-2020/RaiseTheGameJame2020/Saved/Config/Windows/Scalability.ini]
[2020.11.18-14.57.40:235][  0]LogConfig: Setting CVar [[r.LightFunctionQuality:1]]
[2020.11.18-14.57.40:235][  0]LogConfig: Setting CVar [[r.ShadowQuality:5]]
[2020.11.18-14.57.40:235][  0]LogConfig: Setting CVar [[r.Shadow.CSM.MaxCascades:10]]
[2020.11.18-14.57.40:235][  0]LogConfig: Setting CVar [[r.Shadow.MaxResolution:2048]]
[2020.11.18-14.57.40:235][  0]LogConfig: Setting CVar [[r.Shadow.MaxCSMResolution:2048]]
[2020.11.18-14.57.40:235][  0]LogConfig: Setting CVar [[r.Shadow.RadiusThreshold:0.01]]
[2020.11.18-14.57.40:235][  0]LogConfig: Setting CVar [[r.Shadow.DistanceScale:1.0]]
[2020.11.18-14.57.40:235][  0]LogConfig: Setting CVar [[r.Shadow.CSM.TransitionScale:1.0]]
[2020.11.18-14.57.40:235][  0]LogConfig: Setting CVar [[r.Shadow.PreShadowResolutionFactor:1.0]]
[2020.11.18-14.57.40:235][  0]LogConfig: Setting CVar [[r.DistanceFieldShadowing:1]]
[2020.11.18-14.57.40:235][  0]LogConfig: Setting CVar [[r.DistanceFieldAO:1]]
[2020.11.18-14.57.40:235][  0]LogConfig: Setting CVar [[r.AOQuality:2]]
[2020.11.18-14.57.40:235][  0]LogConfig: Setting CVar [[r.VolumetricFog:1]]
[2020.11.18-14.57.40:236][  0]LogConfig: Setting CVar [[r.VolumetricFog.GridPixelSize:8]]
[2020.11.18-14.57.40:236][  0]LogConfig: Setting CVar [[r.VolumetricFog.GridSizeZ:128]]
[2020.11.18-14.57.40:236][  0]LogConfig: Setting CVar [[r.VolumetricFog.HistoryMissSupersampleCount:4]]
[2020.11.18-14.57.40:236][  0]LogConfig: Setting CVar [[r.LightMaxDrawDistanceScale:1]]
[2020.11.18-14.57.40:236][  0]LogConfig: Setting CVar [[r.CapsuleShadows:1]]
[2020.11.18-14.57.40:236][  0]LogConfig: Applying CVar settings from Section [PostProcessQuality@3] File [E:/Projects/Personal Projects/-raisethegamejam-2020/RaiseTheGameJame2020/Saved/Config/Windows/Scalability.ini]
[2020.11.18-14.57.40:236][  0]LogConfig: Setting CVar [[r.MotionBlurQuality:4]]
[2020.11.18-14.57.40:236][  0]LogConfig: Setting CVar [[r.AmbientOcclusionMipLevelFactor:0.4]]
[2020.11.18-14.57.40:236][  0]LogConfig: Setting CVar [[r.AmbientOcclusionMaxQuality:100]]
[2020.11.18-14.57.40:236][  0]LogConfig: Setting CVar [[r.AmbientOcclusionLevels:-1]]
[2020.11.18-14.57.40:236][  0]LogConfig: Setting CVar [[r.AmbientOcclusionRadiusScale:1.0]]
[2020.11.18-14.57.40:236][  0]LogConfig: Setting CVar [[r.DepthOfFieldQuality:2]]
[2020.11.18-14.57.40:236][  0]LogConfig: Setting CVar [[r.RenderTargetPoolMin:400]]
[2020.11.18-14.57.40:236][  0]LogConfig: Setting CVar [[r.LensFlareQuality:2]]
[2020.11.18-14.57.40:236][  0]LogConfig: Setting CVar [[r.SceneColorFringeQuality:1]]
[2020.11.18-14.57.40:236][  0]LogConfig: Setting CVar [[r.EyeAdaptationQuality:2]]
[2020.11.18-14.57.40:236][  0]LogConfig: Setting CVar [[r.BloomQuality:5]]
[2020.11.18-14.57.40:236][  0]LogConfig: Setting CVar [[r.FastBlurThreshold:100]]
[2020.11.18-14.57.40:237][  0]LogConfig: Setting CVar [[r.Upscale.Quality:3]]
[2020.11.18-14.57.40:237][  0]LogConfig: Setting CVar [[r.Tonemapper.GrainQuantization:1]]
[2020.11.18-14.57.40:237][  0]LogConfig: Setting CVar [[r.LightShaftQuality:1]]
[2020.11.18-14.57.40:237][  0]LogConfig: Setting CVar [[r.Filter.SizeScale:1]]
[2020.11.18-14.57.40:237][  0]LogConfig: Setting CVar [[r.Tonemapper.Quality:5]]
[2020.11.18-14.57.40:237][  0]LogConfig: Setting CVar [[r.DOF.Gather.AccumulatorQuality:1        ; higher gathering accumulator quality]]
[2020.11.18-14.57.40:237][  0]LogConfig: Setting CVar [[r.DOF.Gather.PostfilterMethod:1          ; Median3x3 postfilering method]]
[2020.11.18-14.57.40:237][  0]LogConfig: Setting CVar [[r.DOF.Gather.EnableBokehSettings:0       ; no bokeh simulation when gathering]]
[2020.11.18-14.57.40:237][  0]LogConfig: Setting CVar [[r.DOF.Gather.RingCount:4                 ; medium number of samples when gathering]]
[2020.11.18-14.57.40:237][  0]LogConfig: Setting CVar [[r.DOF.Scatter.ForegroundCompositing:1    ; additive foreground scattering]]
[2020.11.18-14.57.40:237][  0]LogConfig: Setting CVar [[r.DOF.Scatter.BackgroundCompositing:2    ; additive background scattering]]
[2020.11.18-14.57.40:237][  0]LogConfig: Setting CVar [[r.DOF.Scatter.EnableBokehSettings:1      ; bokeh simulation when scattering]]
[2020.11.18-14.57.40:237][  0]LogConfig: Setting CVar [[r.DOF.Scatter.MaxSpriteRatio:0.1         ; only a maximum of 10% of scattered bokeh]]
[2020.11.18-14.57.40:237][  0]LogConfig: Setting CVar [[r.DOF.Recombine.Quality:1                ; cheap slight out of focus]]
[2020.11.18-14.57.40:237][  0]LogConfig: Setting CVar [[r.DOF.Recombine.EnableBokehSettings:0    ; no bokeh simulation on slight out of focus]]
[2020.11.18-14.57.40:237][  0]LogConfig: Setting CVar [[r.DOF.TemporalAAQuality:1                ; more stable temporal accumulation]]
[2020.11.18-14.57.40:237][  0]LogConfig: Setting CVar [[r.DOF.Kernel.MaxForegroundRadius:0.025]]
[2020.11.18-14.57.40:237][  0]LogConfig: Setting CVar [[r.DOF.Kernel.MaxBackgroundRadius:0.025]]
[2020.11.18-14.57.40:238][  0]LogConfig: Applying CVar settings from Section [TextureQuality@3] File [E:/Projects/Personal Projects/-raisethegamejam-2020/RaiseTheGameJame2020/Saved/Config/Windows/Scalability.ini]
[2020.11.18-14.57.40:238][  0]LogConfig: Setting CVar [[r.Streaming.MipBias:0]]
[2020.11.18-14.57.40:238][  0]LogConfig: Setting CVar [[r.Streaming.AmortizeCPUToGPUCopy:0]]
[2020.11.18-14.57.40:238][  0]LogConfig: Setting CVar [[r.Streaming.MaxNumTexturesToStreamPerFrame:0]]
[2020.11.18-14.57.40:238][  0]LogConfig: Setting CVar [[r.Streaming.Boost:1]]
[2020.11.18-14.57.40:238][  0]LogConfig: Setting CVar [[r.MaxAnisotropy:8]]
[2020.11.18-14.57.40:238][  0]LogConfig: Setting CVar [[r.VT.MaxAnisotropy:8]]
[2020.11.18-14.57.40:238][  0]LogConfig: Setting CVar [[r.Streaming.LimitPoolSizeToVRAM:0]]
[2020.11.18-14.57.40:238][  0]LogConfig: Setting CVar [[r.Streaming.PoolSize:1000]]
[2020.11.18-14.57.40:238][  0]LogConfig: Setting CVar [[r.Streaming.MaxEffectiveScreenSize:0]]
[2020.11.18-14.57.40:238][  0]LogConfig: Applying CVar settings from Section [EffectsQuality@3] File [E:/Projects/Personal Projects/-raisethegamejam-2020/RaiseTheGameJame2020/Saved/Config/Windows/Scalability.ini]
[2020.11.18-14.57.40:238][  0]LogConfig: Setting CVar [[r.TranslucencyLightingVolumeDim:64]]
[2020.11.18-14.57.40:238][  0]LogConfig: Setting CVar [[r.RefractionQuality:2]]
[2020.11.18-14.57.40:238][  0]LogConfig: Setting CVar [[r.SSR.Quality:3]]
[2020.11.18-14.57.40:238][  0]LogConfig: Setting CVar [[r.SSR.HalfResSceneColor:0]]
[2020.11.18-14.57.40:239][  0]LogConfig: Setting CVar [[r.SceneColorFormat:4]]
[2020.11.18-14.57.40:239][  0]LogConfig: Setting CVar [[r.DetailMode:2]]
[2020.11.18-14.57.40:239][  0]LogConfig: Setting CVar [[r.TranslucencyVolumeBlur:1]]
[2020.11.18-14.57.40:239][  0]LogConfig: Setting CVar [[r.MaterialQualityLevel:1 ; High quality]]
[2020.11.18-14.57.40:239][  0]LogConfig: Setting CVar [[r.SSS.Scale:1]]
[2020.11.18-14.57.40:239][  0]LogConfig: Setting CVar [[r.SSS.SampleSet:2]]
[2020.11.18-14.57.40:239][  0]LogConfig: Setting CVar [[r.SSS.Quality:1]]
[2020.11.18-14.57.40:239][  0]LogConfig: Setting CVar [[r.SSS.HalfRes:0]]
[2020.11.18-14.57.40:239][  0]LogConfig: Setting CVar [[r.SSGI.Quality:3]]
[2020.11.18-14.57.40:239][  0]LogConfig: Setting CVar [[r.EmitterSpawnRateScale:1.0]]
[2020.11.18-14.57.40:240][  0]LogConfig: Setting CVar [[r.ParticleLightQuality:2]]
[2020.11.18-14.57.40:240][  0]LogConfig: Setting CVar [[r.SkyAtmosphere.AerialPerspectiveLUT.FastApplyOnOpaque:1 ; Always have FastSkyLUT 1 in this case to avoid wrong sky]]
[2020.11.18-14.57.40:240][  0]LogConfig: Setting CVar [[r.SkyAtmosphere.AerialPerspectiveLUT.SampleCountPerSlice:1]]
[2020.11.18-14.57.40:240][  0]LogConfig: Setting CVar [[r.SkyAtmosphere.AerialPerspectiveLUT.DepthResolution:16.0]]
[2020.11.18-14.57.40:240][  0]LogConfig: Setting CVar [[r.SkyAtmosphere.FastSkyLUT:1]]
[2020.11.18-14.57.40:240][  0]LogConfig: Setting CVar [[r.SkyAtmosphere.FastSkyLUT.SampleCountMin:4.0]]
[2020.11.18-14.57.40:240][  0]LogConfig: Setting CVar [[r.SkyAtmosphere.FastSkyLUT.SampleCountMax:32.0]]
[2020.11.18-14.57.40:240][  0]LogConfig: Setting CVar [[r.SkyAtmosphere.SampleCountMin:4.0]]
[2020.11.18-14.57.40:240][  0]LogConfig: Setting CVar [[r.SkyAtmosphere.SampleCountMax:32.0]]
[2020.11.18-14.57.40:240][  0]LogConfig: Setting CVar [[r.SkyAtmosphere.TransmittanceLUT.UseSmallFormat:0]]
[2020.11.18-14.57.40:240][  0]LogConfig: Setting CVar [[r.SkyAtmosphere.TransmittanceLUT.SampleCount:10.0]]
[2020.11.18-14.57.40:240][  0]LogConfig: Setting CVar [[r.SkyAtmosphere.MultiScatteringLUT.SampleCount:15.0]]
[2020.11.18-14.57.40:240][  0]LogConfig: Applying CVar settings from Section [FoliageQuality@3] File [E:/Projects/Personal Projects/-raisethegamejam-2020/RaiseTheGameJame2020/Saved/Config/Windows/Scalability.ini]
[2020.11.18-14.57.40:240][  0]LogConfig: Setting CVar [[foliage.DensityScale:1.0]]
[2020.11.18-14.57.40:240][  0]LogConfig: Setting CVar [[grass.DensityScale:1.0]]
[2020.11.18-14.57.40:240][  0]LogConfig: Applying CVar settings from Section [ShadingQuality@3] File [E:/Projects/Personal Projects/-raisethegamejam-2020/RaiseTheGameJame2020/Saved/Config/Windows/Scalability.ini]
[2020.11.18-14.57.40:240][  0]LogConfig: Setting CVar [[r.HairStrands.SkyLighting.SampleCount:16]]
[2020.11.18-14.57.40:240][  0]LogConfig: Setting CVar [[r.HairStrands.SkyLighting.JitterIntegration:0]]
[2020.11.18-14.57.40:241][  0]LogConfig: Setting CVar [[r.HairStrands.SkyAO.SampleCount:16]]
[2020.11.18-14.57.40:241][  0]LogConfig: Setting CVar [[r.HairStrands.DeepShadow.SuperSampling:0]]
[2020.11.18-14.57.40:241][  0]LogConfig: Setting CVar [[r.HairStrands.VisibilityPPLL:0]]
[2020.11.18-14.57.40:241][  0]LogConfig: Setting CVar [[r.HairStrands.RasterizationScale:0.5]]
[2020.11.18-14.57.40:241][  0]LogConfig: Setting CVar [[r.HairStrands.VelocityRasterizationScale:1]]
[2020.11.18-14.57.40:241][  0]LogInit: Selected Device Profile: [Windows]
[2020.11.18-14.57.40:241][  0]LogInit: Applying CVar settings loaded from the selected device profile: [Windows]
[2020.11.18-14.57.40:241][  0]LogHAL: Display: Platform has ~ 16 GB [17126543360 / 17179869184 / 16], which maps to Larger [LargestMinGB=32, LargerMinGB=12, DefaultMinGB=8, SmallerMinGB=6, SmallestMinGB=0)
[2020.11.18-14.57.40:242][  0]LogInit: Going up to parent DeviceProfile []
[2020.11.18-14.57.40:242][  0]LogConfig: Applying CVar settings from Section [ViewDistanceQuality@3] File [E:/Projects/Personal Projects/-raisethegamejam-2020/RaiseTheGameJame2020/Saved/Config/Windows/Scalability.ini]
[2020.11.18-14.57.40:242][  0]LogConfig: Setting CVar [[r.SkeletalMeshLODBias:0]]
[2020.11.18-14.57.40:242][  0]LogConfig: Setting CVar [[r.ViewDistanceScale:1.0]]
[2020.11.18-14.57.40:242][  0]LogConfig: Applying CVar settings from Section [AntiAliasingQuality@3] File [E:/Projects/Personal Projects/-raisethegamejam-2020/RaiseTheGameJame2020/Saved/Config/Windows/Scalability.ini]
[2020.11.18-14.57.40:242][  0]LogConfig: Setting CVar [[r.PostProcessAAQuality:4]]
[2020.11.18-14.57.40:242][  0]LogConfig: Applying CVar settings from Section [ShadowQuality@3] File [E:/Projects/Personal Projects/-raisethegamejam-2020/RaiseTheGameJame2020/Saved/Config/Windows/Scalability.ini]
[2020.11.18-14.57.40:242][  0]LogConfig: Setting CVar [[r.LightFunctionQuality:1]]
[2020.11.18-14.57.40:242][  0]LogConfig: Setting CVar [[r.ShadowQuality:5]]
[2020.11.18-14.57.40:242][  0]LogConfig: Setting CVar [[r.Shadow.CSM.MaxCascades:10]]
[2020.11.18-14.57.40:242][  0]LogConfig: Setting CVar [[r.Shadow.MaxResolution:2048]]
[2020.11.18-14.57.40:242][  0]LogConfig: Setting CVar [[r.Shadow.MaxCSMResolution:2048]]
[2020.11.18-14.57.40:242][  0]LogConfig: Setting CVar [[r.Shadow.RadiusThreshold:0.01]]
[2020.11.18-14.57.40:242][  0]LogConfig: Setting CVar [[r.Shadow.DistanceScale:1.0]]
[2020.11.18-14.57.40:242][  0]LogConfig: Setting CVar [[r.Shadow.CSM.TransitionScale:1.0]]
[2020.11.18-14.57.40:242][  0]LogConfig: Setting CVar [[r.Shadow.PreShadowResolutionFactor:1.0]]
[2020.11.18-14.57.40:243][  0]LogConfig: Setting CVar [[r.DistanceFieldShadowing:1]]
[2020.11.18-14.57.40:243][  0]LogConfig: Setting CVar [[r.DistanceFieldAO:1]]
[2020.11.18-14.57.40:243][  0]LogConfig: Setting CVar [[r.AOQuality:2]]
[2020.11.18-14.57.40:243][  0]LogConfig: Setting CVar [[r.VolumetricFog:1]]
[2020.11.18-14.57.40:243][  0]LogConfig: Setting CVar [[r.VolumetricFog.GridPixelSize:8]]
[2020.11.18-14.57.40:243][  0]LogConfig: Setting CVar [[r.VolumetricFog.GridSizeZ:128]]
[2020.11.18-14.57.40:243][  0]LogConfig: Setting CVar [[r.VolumetricFog.HistoryMissSupersampleCount:4]]
[2020.11.18-14.57.40:243][  0]LogConfig: Setting CVar [[r.LightMaxDrawDistanceScale:1]]
[2020.11.18-14.57.40:243][  0]LogConfig: Setting CVar [[r.CapsuleShadows:1]]
[2020.11.18-14.57.40:243][  0]LogConfig: Applying CVar settings from Section [PostProcessQuality@3] File [E:/Projects/Personal Projects/-raisethegamejam-2020/RaiseTheGameJame2020/Saved/Config/Windows/Scalability.ini]
[2020.11.18-14.57.40:243][  0]LogConfig: Setting CVar [[r.MotionBlurQuality:4]]
[2020.11.18-14.57.40:243][  0]LogConfig: Setting CVar [[r.AmbientOcclusionMipLevelFactor:0.4]]
[2020.11.18-14.57.40:243][  0]LogConfig: Setting CVar [[r.AmbientOcclusionMaxQuality:100]]
[2020.11.18-14.57.40:243][  0]LogConfig: Setting CVar [[r.AmbientOcclusionLevels:-1]]
[2020.11.18-14.57.40:243][  0]LogConfig: Setting CVar [[r.AmbientOcclusionRadiusScale:1.0]]
[2020.11.18-14.57.40:243][  0]LogConfig: Setting CVar [[r.DepthOfFieldQuality:2]]
[2020.11.18-14.57.40:244][  0]LogConfig: Setting CVar [[r.RenderTargetPoolMin:400]]
[2020.11.18-14.57.40:244][  0]LogConfig: Setting CVar [[r.LensFlareQuality:2]]
[2020.11.18-14.57.40:244][  0]LogConfig: Setting CVar [[r.SceneColorFringeQuality:1]]
[2020.11.18-14.57.40:244][  0]LogConfig: Setting CVar [[r.EyeAdaptationQuality:2]]
[2020.11.18-14.57.40:244][  0]LogConfig: Setting CVar [[r.BloomQuality:5]]
[2020.11.18-14.57.40:244][  0]LogConfig: Setting CVar [[r.FastBlurThreshold:100]]
[2020.11.18-14.57.40:244][  0]LogConfig: Setting CVar [[r.Upscale.Quality:3]]
[2020.11.18-14.57.40:244][  0]LogConfig: Setting CVar [[r.Tonemapper.GrainQuantization:1]]
[2020.11.18-14.57.40:244][  0]LogConfig: Setting CVar [[r.LightShaftQuality:1]]
[2020.11.18-14.57.40:244][  0]LogConfig: Setting CVar [[r.Filter.SizeScale:1]]
[2020.11.18-14.57.40:244][  0]LogConfig: Setting CVar [[r.Tonemapper.Quality:5]]
[2020.11.18-14.57.40:244][  0]LogConfig: Setting CVar [[r.DOF.Gather.AccumulatorQuality:1        ; higher gathering accumulator quality]]
[2020.11.18-14.57.40:244][  0]LogConfig: Setting CVar [[r.DOF.Gather.PostfilterMethod:1          ; Median3x3 postfilering method]]
[2020.11.18-14.57.40:244][  0]LogConfig: Setting CVar [[r.DOF.Gather.EnableBokehSettings:0       ; no bokeh simulation when gathering]]
[2020.11.18-14.57.40:244][  0]LogConfig: Setting CVar [[r.DOF.Gather.RingCount:4                 ; medium number of samples when gathering]]
[2020.11.18-14.57.40:244][  0]LogConfig: Setting CVar [[r.DOF.Scatter.ForegroundCompositing:1    ; additive foreground scattering]]
[2020.11.18-14.57.40:244][  0]LogConfig: Setting CVar [[r.DOF.Scatter.BackgroundCompositing:2    ; additive background scattering]]
[2020.11.18-14.57.40:245][  0]LogConfig: Setting CVar [[r.DOF.Scatter.EnableBokehSettings:1      ; bokeh simulation when scattering]]
[2020.11.18-14.57.40:245][  0]LogConfig: Setting CVar [[r.DOF.Scatter.MaxSpriteRatio:0.1         ; only a maximum of 10% of scattered bokeh]]
[2020.11.18-14.57.40:245][  0]LogConfig: Setting CVar [[r.DOF.Recombine.Quality:1                ; cheap slight out of focus]]
[2020.11.18-14.57.40:245][  0]LogConfig: Setting CVar [[r.DOF.Recombine.EnableBokehSettings:0    ; no bokeh simulation on slight out of focus]]
[2020.11.18-14.57.40:245][  0]LogConfig: Setting CVar [[r.DOF.TemporalAAQuality:1                ; more stable temporal accumulation]]
[2020.11.18-14.57.40:245][  0]LogConfig: Setting CVar [[r.DOF.Kernel.MaxForegroundRadius:0.025]]
[2020.11.18-14.57.40:245][  0]LogConfig: Setting CVar [[r.DOF.Kernel.MaxBackgroundRadius:0.025]]
[2020.11.18-14.57.40:245][  0]LogConfig: Applying CVar settings from Section [TextureQuality@3] File [E:/Projects/Personal Projects/-raisethegamejam-2020/RaiseTheGameJame2020/Saved/Config/Windows/Scalability.ini]
[2020.11.18-14.57.40:245][  0]LogConfig: Setting CVar [[r.Streaming.MipBias:0]]
[2020.11.18-14.57.40:245][  0]LogConfig: Setting CVar [[r.Streaming.AmortizeCPUToGPUCopy:0]]
[2020.11.18-14.57.40:245][  0]LogConfig: Setting CVar [[r.Streaming.MaxNumTexturesToStreamPerFrame:0]]
[2020.11.18-14.57.40:245][  0]LogConfig: Setting CVar [[r.Streaming.Boost:1]]
[2020.11.18-14.57.40:245][  0]LogConfig: Setting CVar [[r.MaxAnisotropy:8]]
[2020.11.18-14.57.40:245][  0]LogConfig: Setting CVar [[r.VT.MaxAnisotropy:8]]
[2020.11.18-14.57.40:245][  0]LogConfig: Setting CVar [[r.Streaming.LimitPoolSizeToVRAM:0]]
[2020.11.18-14.57.40:245][  0]LogConfig: Setting CVar [[r.Streaming.PoolSize:1000]]
[2020.11.18-14.57.40:245][  0]LogConfig: Setting CVar [[r.Streaming.MaxEffectiveScreenSize:0]]
[2020.11.18-14.57.40:245][  0]LogConfig: Applying CVar settings from Section [EffectsQuality@3] File [E:/Projects/Personal Projects/-raisethegamejam-2020/RaiseTheGameJame2020/Saved/Config/Windows/Scalability.ini]
[2020.11.18-14.57.40:246][  0]LogConfig: Setting CVar [[r.TranslucencyLightingVolumeDim:64]]
[2020.11.18-14.57.40:246][  0]LogConfig: Setting CVar [[r.RefractionQuality:2]]
[2020.11.18-14.57.40:246][  0]LogConfig: Setting CVar [[r.SSR.Quality:3]]
[2020.11.18-14.57.40:246][  0]LogConfig: Setting CVar [[r.SSR.HalfResSceneColor:0]]
[2020.11.18-14.57.40:246][  0]LogConfig: Setting CVar [[r.SceneColorFormat:4]]
[2020.11.18-14.57.40:246][  0]LogConfig: Setting CVar [[r.DetailMode:2]]
[2020.11.18-14.57.40:246][  0]LogConfig: Setting CVar [[r.TranslucencyVolumeBlur:1]]
[2020.11.18-14.57.40:246][  0]LogConfig: Setting CVar [[r.MaterialQualityLevel:1 ; High quality]]
[2020.11.18-14.57.40:246][  0]LogConfig: Setting CVar [[r.SSS.Scale:1]]
[2020.11.18-14.57.40:246][  0]LogConfig: Setting CVar [[r.SSS.SampleSet:2]]
[2020.11.18-14.57.40:246][  0]LogConfig: Setting CVar [[r.SSS.Quality:1]]
[2020.11.18-14.57.40:246][  0]LogConfig: Setting CVar [[r.SSS.HalfRes:0]]
[2020.11.18-14.57.40:246][  0]LogConfig: Setting CVar [[r.SSGI.Quality:3]]
[2020.11.18-14.57.40:246][  0]LogConfig: Setting CVar [[r.EmitterSpawnRateScale:1.0]]
[2020.11.18-14.57.40:246][  0]LogConfig: Setting CVar [[r.ParticleLightQuality:2]]
[2020.11.18-14.57.40:246][  0]LogConfig: Setting CVar [[r.SkyAtmosphere.AerialPerspectiveLUT.FastApplyOnOpaque:1 ; Always have FastSkyLUT 1 in this case to avoid wrong sky]]
[2020.11.18-14.57.40:246][  0]LogConfig: Setting CVar [[r.SkyAtmosphere.AerialPerspectiveLUT.SampleCountPerSlice:1]]
[2020.11.18-14.57.40:246][  0]LogConfig: Setting CVar [[r.SkyAtmosphere.AerialPerspectiveLUT.DepthResolution:16.0]]
[2020.11.18-14.57.40:246][  0]LogConfig: Setting CVar [[r.SkyAtmosphere.FastSkyLUT:1]]
[2020.11.18-14.57.40:247][  0]LogConfig: Setting CVar [[r.SkyAtmosphere.FastSkyLUT.SampleCountMin:4.0]]
[2020.11.18-14.57.40:247][  0]LogConfig: Setting CVar [[r.SkyAtmosphere.FastSkyLUT.SampleCountMax:32.0]]
[2020.11.18-14.57.40:247][  0]LogConfig: Setting CVar [[r.SkyAtmosphere.SampleCountMin:4.0]]
[2020.11.18-14.57.40:247][  0]LogConfig: Setting CVar [[r.SkyAtmosphere.SampleCountMax:32.0]]
[2020.11.18-14.57.40:247][  0]LogConfig: Setting CVar [[r.SkyAtmosphere.TransmittanceLUT.UseSmallFormat:0]]
[2020.11.18-14.57.40:247][  0]LogConfig: Setting CVar [[r.SkyAtmosphere.TransmittanceLUT.SampleCount:10.0]]
[2020.11.18-14.57.40:247][  0]LogConfig: Setting CVar [[r.SkyAtmosphere.MultiScatteringLUT.SampleCount:15.0]]
[2020.11.18-14.57.40:247][  0]LogConfig: Applying CVar settings from Section [FoliageQuality@3] File [E:/Projects/Personal Projects/-raisethegamejam-2020/RaiseTheGameJame2020/Saved/Config/Windows/Scalability.ini]
[2020.11.18-14.57.40:247][  0]LogConfig: Setting CVar [[foliage.DensityScale:1.0]]
[2020.11.18-14.57.40:247][  0]LogConfig: Setting CVar [[grass.DensityScale:1.0]]
[2020.11.18-14.57.40:247][  0]LogConfig: Applying CVar settings from Section [ShadingQuality@3] File [E:/Projects/Personal Projects/-raisethegamejam-2020/RaiseTheGameJame2020/Saved/Config/Windows/Scalability.ini]
[2020.11.18-14.57.40:247][  0]LogConfig: Setting CVar [[r.HairStrands.SkyLighting.SampleCount:16]]
[2020.11.18-14.57.40:247][  0]LogConfig: Setting CVar [[r.HairStrands.SkyLighting.JitterIntegration:0]]
[2020.11.18-14.57.40:248][  0]LogConfig: Setting CVar [[r.HairStrands.SkyAO.SampleCount:16]]
[2020.11.18-14.57.40:248][  0]LogConfig: Setting CVar [[r.HairStrands.DeepShadow.SuperSampling:0]]
[2020.11.18-14.57.40:248][  0]LogConfig: Setting CVar [[r.HairStrands.VisibilityPPLL:0]]
[2020.11.18-14.57.40:248][  0]LogConfig: Setting CVar [[r.HairStrands.RasterizationScale:0.5]]
[2020.11.18-14.57.40:248][  0]LogConfig: Setting CVar [[r.HairStrands.VelocityRasterizationScale:1]]
[2020.11.18-14.57.40:248][  0]LogConfig: Applying CVar settings from Section [Startup] File [../../../Engine/Config/ConsoleVariables.ini]
[2020.11.18-14.57.40:248][  0]LogConfig: Setting CVar [[net.UseAdaptiveNetUpdateFrequency:0]]
[2020.11.18-14.57.40:248][  0]LogConfig: Setting CVar [[p.chaos.AllowCreatePhysxBodies:1]]
[2020.11.18-14.57.40:249][  0]LogConfig: Setting CVar [[fx.SkipVectorVMBackendOptimizations:1]]
[2020.11.18-14.57.40:249][  0]LogConfig: Applying CVar settings from Section [ConsoleVariables] File [E:/Projects/Personal Projects/-raisethegamejam-2020/RaiseTheGameJame2020/Saved/Config/Windows/Engine.ini]
[2020.11.18-14.57.40:249][  0]LogInit: Computer: EDWARD
[2020.11.18-14.57.40:249][  0]LogInit: User: John
[2020.11.18-14.57.40:250][  0]LogInit: CPU Page size=4096, Cores=4
[2020.11.18-14.57.40:250][  0]LogInit: High frequency timer resolution =10.000000 MHz
[2020.11.18-14.57.40:250][  0]LogMemory: Memory total: Physical=16.0GB (16GB approx)
[2020.11.18-14.57.40:250][  0]LogMemory: Platform Memory Stats for Windows
[2020.11.18-14.57.40:250][  0]LogMemory: Process Physical Memory: 115.64 MB used, 115.64 MB peak
[2020.11.18-14.57.40:250][  0]LogMemory: Process Virtual Memory: 96.06 MB used, 96.06 MB peak
[2020.11.18-14.57.40:250][  0]LogMemory: Physical Memory: 10506.57 MB used,  5826.57 MB free, 16333.14 MB total
[2020.11.18-14.57.40:250][  0]LogMemory: Virtual Memory: 5144.85 MB used,  134212584.00 MB free, 134217728.00 MB total
[2020.11.18-14.57.40:270][  0]LogWindows: WindowsPlatformFeatures enabled
[2020.11.18-14.57.40:430][  0]LogInit: Physics initialised using underlying interface: PhysX
[2020.11.18-14.57.40:432][  0]LogInit: Using OS detected language (en-US).
[2020.11.18-14.57.40:432][  0]LogInit: Using OS detected locale (en-US).
[2020.11.18-14.57.40:434][  0]LogTextLocalizationManager: No specific localization for 'en-US' exists, so the 'en' localization will be used.
[2020.11.18-14.57.40:650][  0]LogInit: Setting process to per monitor DPI aware
[2020.11.18-14.57.40:791][  0]LogSlate: New Slate User Created.  User Index 0, Is Virtual User: 0
[2020.11.18-14.57.40:791][  0]LogSlate: Slate User Registered.  User Index 0, Is Virtual User: 0
[2020.11.18-14.57.41:018][  0]LogHMD: Failed to initialize OpenVR with code 102
[2020.11.18-14.57.41:018][  0]LogD3D11RHI: D3D11 min allowed feature level: 11_0
[2020.11.18-14.57.41:018][  0]LogD3D11RHI: D3D11 max allowed feature level: 11_0
[2020.11.18-14.57.41:018][  0]LogD3D11RHI: D3D11 adapters:
[2020.11.18-14.57.41:159][  0]LogD3D11RHI:    0. 'NVIDIA GeForce GTX 1060 6GB' (Feature Level 11_0)
[2020.11.18-14.57.41:159][  0]LogD3D11RHI:       6052/0/8166 MB DedicatedVideo/DedicatedSystem/SharedSystem, Outputs:2, VendorId:0x10de
[2020.11.18-14.57.41:176][  0]LogD3D11RHI:    1. 'Microsoft Basic Render Driver' (Feature Level 11_0)
[2020.11.18-14.57.41:176][  0]LogD3D11RHI:       0/0/8166 MB DedicatedVideo/DedicatedSystem/SharedSystem, Outputs:0, VendorId:0x1414
[2020.11.18-14.57.41:176][  0]LogD3D11RHI: Chosen D3D11 Adapter: 0
[2020.11.18-14.57.41:191][  0]LogD3D11RHI: Creating new Direct3DDevice
[2020.11.18-14.57.41:191][  0]LogD3D11RHI:     GPU DeviceId: 0x1c03 (for the marketing name, search the web for "GPU Device Id")
[2020.11.18-14.57.41:191][  0]LogWindows: EnumDisplayDevices:
[2020.11.18-14.57.41:191][  0]LogWindows:    0. 'NVIDIA GeForce GTX 1060 6GB' (P:1 D:1)
[2020.11.18-14.57.41:192][  0]LogWindows:    1. 'NVIDIA GeForce GTX 1060 6GB' (P:0 D:1)
[2020.11.18-14.57.41:192][  0]LogWindows:    2. 'NVIDIA GeForce GTX 1060 6GB' (P:0 D:0)
[2020.11.18-14.57.41:193][  0]LogWindows:    3. 'NVIDIA GeForce GTX 1060 6GB' (P:0 D:0)
[2020.11.18-14.57.41:193][  0]LogWindows: DebugString: FoundDriverCount:4 
[2020.11.18-14.57.41:193][  0]LogD3D11RHI:     Adapter Name: NVIDIA GeForce GTX 1060 6GB
[2020.11.18-14.57.41:193][  0]LogD3D11RHI:   Driver Version: 451.67 (internal:27.21.14.5167, unified:451.67)
[2020.11.18-14.57.41:193][  0]LogD3D11RHI:      Driver Date: 7-5-2020
[2020.11.18-14.57.41:194][  0]LogRHI: Texture pool is 4236 MB (70% of 6052 MB)
[2020.11.18-14.57.41:269][  0]LogD3D11RHI: RHI has support for 64 bit atomics
[2020.11.18-14.57.41:269][  0]LogD3D11RHI: Async texture creation enabled
[2020.11.18-14.57.41:269][  0]LogD3D11RHI: Array index from any shader is supported
[2020.11.18-14.57.41:294][  0]LogD3D11RHI: GPU Timing Frequency: 1000.000000 (Debug: 2 1)
[2020.11.18-14.57.41:617][  0]LogTargetPlatformManager: Display: Loaded TargetPlatform 'AllDesktop'
[2020.11.18-14.57.41:641][  0]LogTargetPlatformManager: Display: Loaded TargetPlatform 'Android'
[2020.11.18-14.57.41:641][  0]LogTargetPlatformManager: Display: Loaded TargetPlatform 'Android_ASTC'
[2020.11.18-14.57.41:641][  0]LogTargetPlatformManager: Display: Loaded TargetPlatform 'Android_DXT'
[2020.11.18-14.57.41:641][  0]LogTargetPlatformManager: Display: Loaded TargetPlatform 'Android_ETC2'
[2020.11.18-14.57.41:641][  0]LogTargetPlatformManager: Display: Loaded TargetPlatform 'AndroidClient'
[2020.11.18-14.57.41:641][  0]LogTargetPlatformManager: Display: Loaded TargetPlatform 'Android_ASTCClient'
[2020.11.18-14.57.41:642][  0]LogTargetPlatformManager: Display: Loaded TargetPlatform 'Android_DXTClient'
[2020.11.18-14.57.41:642][  0]LogTargetPlatformManager: Display: Loaded TargetPlatform 'Android_ETC2Client'
[2020.11.18-14.57.41:642][  0]LogTargetPlatformManager: Display: Loaded TargetPlatform 'Android_Multi'
[2020.11.18-14.57.41:642][  0]LogTargetPlatformManager: Display: Loaded TargetPlatform 'Android_MultiClient'
[2020.11.18-14.57.41:676][  0]LogTargetPlatformManager: Display: Loaded TargetPlatform 'IOSClient'
[2020.11.18-14.57.41:676][  0]LogTargetPlatformManager: Display: Loaded TargetPlatform 'IOS'
[2020.11.18-14.57.41:689][  0]LogTargetPlatformManager: Display: Loaded TargetPlatform 'Linux'
[2020.11.18-14.57.41:703][  0]LogTargetPlatformManager: Display: Loaded TargetPlatform 'LinuxNoEditor'
[2020.11.18-14.57.41:718][  0]LogTargetPlatformManager: Display: Loaded TargetPlatform 'LinuxClient'
[2020.11.18-14.57.41:731][  0]LogTargetPlatformManager: Display: Loaded TargetPlatform 'LinuxServer'
[2020.11.18-14.57.41:744][  0]LogTargetPlatformManager: Display: Loaded TargetPlatform 'LinuxAArch64NoEditor'
[2020.11.18-14.57.41:759][  0]LogTargetPlatformManager: Display: Loaded TargetPlatform 'LinuxAArch64Client'
[2020.11.18-14.57.41:775][  0]LogTargetPlatformManager: Display: Loaded TargetPlatform 'LinuxAArch64Server'
[2020.11.18-14.57.41:804][  0]LogTargetPlatformManager: Display: Loaded TargetPlatform 'Lumin'
[2020.11.18-14.57.41:804][  0]LogTargetPlatformManager: Display: Loaded TargetPlatform 'LuminClient'
[2020.11.18-14.57.41:823][  0]LogTargetPlatformManager: Display: Loaded TargetPlatform 'TVOSClient'
[2020.11.18-14.57.41:823][  0]LogTargetPlatformManager: Display: Loaded TargetPlatform 'TVOS'
[2020.11.18-14.57.41:837][  0]LogTargetPlatformManager: Display: Loaded TargetPlatform 'WindowsNoEditor'
[2020.11.18-14.57.41:851][  0]LogTargetPlatformManager: Display: Loaded TargetPlatform 'Windows'
[2020.11.18-14.57.41:862][  0]LogTargetPlatformManager: Display: Loaded TargetPlatform 'WindowsClient'
[2020.11.18-14.57.41:874][  0]LogTargetPlatformManager: Display: Loaded TargetPlatform 'WindowsServer'
[2020.11.18-14.57.41:874][  0]LogTargetPlatformManager: Display: Building Assets For Windows
[2020.11.18-14.57.41:893][  0]LogAudioDebug: Display: Lib vorbis DLL was dynamically loaded.
[2020.11.18-14.57.42:046][  0]LogShaderCompilers: Guid format shader working directory is -28 characters bigger than the processId version (E:/Projects/Personal Projects/-raisethegamejam-2020/RaiseTheGameJame2020/Intermediate/Shaders/WorkingDirectory/10368/).
[2020.11.18-14.57.42:046][  0]LogShaderCompilers: Cleaned the shader compiler working directory 'C:/Users/John/AppData/Local/Temp/UnrealShaderWorkingDir/74EF6A4046769815A2ACC58A390DCDB9/'.
[2020.11.18-14.57.42:047][  0]LogXGEController: Cleaning working directory: C:/Users/John/AppData/Local/Temp/UnrealXGEWorkingDir/
[2020.11.18-14.57.42:047][  0]LogXGEController: Cannot use XGE Controller as Incredibuild is not installed on this machine.
[2020.11.18-14.57.42:047][  0]LogShaderCompilers: Cannot use XGE Shader Compiler as Incredibuild is not installed on this machine.
[2020.11.18-14.57.42:048][  0]LogShaderCompilers: Display: Using Local Shader Compiler.
[2020.11.18-14.57.42:803][  0]LogDerivedDataCache: Display: Max Cache Size: 512 MB
[2020.11.18-14.57.42:858][  0]LogDerivedDataCache: Loaded boot cache 0.05s 79MB C:/Users/John/AppData/Local/UnrealEngine/4.25/DerivedDataCache/Boot.ddc.
[2020.11.18-14.57.42:858][  0]LogDerivedDataCache: Display: Loaded Boot cache: C:/Users/John/AppData/Local/UnrealEngine/4.25/DerivedDataCache/Boot.ddc
[2020.11.18-14.57.42:858][  0]LogDerivedDataCache: FDerivedDataBackendGraph:  Pak pak cache file E:/Projects/Personal Projects/-raisethegamejam-2020/RaiseTheGameJame2020/DerivedDataCache/DDC.ddp not found, will not use a pak cache.
[2020.11.18-14.57.42:858][  0]LogDerivedDataCache: Unable to find inner node Pak for hierarchical cache Hierarchy.
[2020.11.18-14.57.42:858][  0]LogDerivedDataCache: FDerivedDataBackendGraph:  CompressedPak pak cache file E:/Projects/Personal Projects/-raisethegamejam-2020/RaiseTheGameJame2020/DerivedDataCache/Compressed.ddp not found, will not use a pak cache.
[2020.11.18-14.57.42:859][  0]LogDerivedDataCache: Unable to find inner node CompressedPak for hierarchical cache Hierarchy.
[2020.11.18-14.57.42:868][  0]LogDerivedDataCache: Display: Pak cache opened for reading ../../../Engine/DerivedDataCache/Compressed.ddp.
[2020.11.18-14.57.42:868][  0]LogDerivedDataCache: FDerivedDataBackendGraph:  EnterprisePak pak cache file ../../../Enterprise/DerivedDataCache/Compressed.ddp not found, will not use a pak cache.
[2020.11.18-14.57.42:868][  0]LogDerivedDataCache: Unable to find inner node EnterprisePak for hierarchical cache Hierarchy.
[2020.11.18-14.57.42:870][  0]LogDerivedDataCache: Using Local data cache path C:/Users/John/AppData/Local/UnrealEngine/Common/DerivedDataCache: Writable
[2020.11.18-14.57.42:871][  0]LogDerivedDataCache: Shared data cache path not found in *engine.ini, will not use an Shared cache.
[2020.11.18-14.57.42:871][  0]LogDerivedDataCache: Unable to find inner node Shared for hierarchical cache Hierarchy.
[2020.11.18-14.57.42:926][  0]LogSlate: Using FreeType 2.10.0
[2020.11.18-14.57.42:927][  0]LogSlate: SlateFontServices - WITH_FREETYPE: 1, WITH_HARFBUZZ: 1
[2020.11.18-14.57.42:958][  0]LogAssetRegistry: FAssetRegistry took 0.0049 seconds to start up
[2020.11.18-14.57.43:178][  0]LogInit: Selected Device Profile: [Windows]
[2020.11.18-14.57.43:318][  0]LogMeshReduction: Using QuadricMeshReduction for automatic static mesh reduction
[2020.11.18-14.57.43:318][  0]LogMeshReduction: Using SimplygonMeshReduction for automatic skeletal mesh reduction
[2020.11.18-14.57.43:318][  0]LogMeshReduction: Using ProxyLODMeshReduction for automatic mesh merging
[2020.11.18-14.57.43:318][  0]LogMeshReduction: No distributed automatic mesh merging module available
[2020.11.18-14.57.43:318][  0]LogMeshMerging: No distributed automatic mesh merging module available
[2020.11.18-14.57.43:340][  0]LogNetVersion: RaiseTheGameJame2020 1.0.0, NetCL: 13144385, EngineNetVer: 14, GameNetVer: 0 (Checksum: 1455622770)
[2020.11.18-14.57.43:771][  0]LogAISub: UAISubsystem::UAISubsystem AISubsystem (0000020D6241D340), frame # 0
[2020.11.18-14.57.43:771][  0]LogAISub: UAISubsystem::UAISubsystem AIPerceptionSystem (0000020D63347B00), frame # 0
[2020.11.18-14.57.43:773][  0]LogAISub: UAISubsystem::UAISubsystem EnvQueryManager (0000020D6336F200), frame # 0
[2020.11.18-14.57.43:839][  0]LogPackageLocalizationCache: Processed 19 localized package path(s) for 1 prioritized culture(s) in 0.058011 seconds
[2020.11.18-14.57.43:844][  0]LogUObjectArray: 15917 objects as part of root set at end of initial load.
[2020.11.18-14.57.43:844][  0]LogUObjectAllocator: 3965568 out of 0 bytes used by permanent object pool.
[2020.11.18-14.57.43:844][  0]LogUObjectArray: CloseDisregardForGC: 0/0 objects in disregard for GC pool
[2020.11.18-14.57.44:437][  0]LogTcpMessaging: Initializing TcpMessaging bridge
[2020.11.18-14.57.44:445][  0]LogUdpMessaging: Initializing bridge on interface 0.0.0.0:0 to multicast group 230.0.0.1:6666.
[2020.11.18-14.57.44:715][  0]SourceControl: Source control is disabled
[2020.11.18-14.57.44:715][  0]SourceControl: Source control is disabled
[2020.11.18-14.57.44:720][  0]SourceControl: Source control is disabled
[2020.11.18-14.57.44:726][  0]SourceControl: Source control is disabled
[2020.11.18-14.57.44:738][  0]SourceControl: Source control is disabled
[2020.11.18-14.57.45:128][  0]LogAndroidPermission: UAndroidPermissionCallbackProxy::GetInstance
[2020.11.18-14.57.45:162][  0]LogAudioCaptureCore: Display: No Audio Capture implementations found. Audio input will be silent.
[2020.11.18-14.57.45:163][  0]LogAudioCaptureCore: Display: No Audio Capture implementations found. Audio input will be silent.
[2020.11.18-14.57.45:228][  0]LogOcInput: OculusInput pre-init called
[2020.11.18-14.57.45:244][  0]LogWindows: Failed to load 'OVRPlugin.dll' (GetLastError=126)
[2020.11.18-14.57.45:245][  0]LogWindows: File 'OVRPlugin.dll' does not exist
[2020.11.18-14.57.45:323][  0]LogEngine: Initializing Engine...
[2020.11.18-14.57.45:325][  0]LogHMD: Failed to initialize OpenVR with code 102
[2020.11.18-14.57.45:325][  0]LogMagicLeap: Warning: VR disabled because ZI is not enabled.  To enable, in the editor, Edit -> Project Settings -> Plugins -> Magic Leap Plugin -> Enable Zero Iteration
[2020.11.18-14.57.45:326][  0]LogStats: UGameplayTagsManager::InitializeManager -  0.000 s
[2020.11.18-14.57.45:441][  0]LogInit: Initializing FReadOnlyCVARCache
[2020.11.18-14.57.45:452][  0]LogAIModule: Creating AISystem for world Untitled
[2020.11.18-14.57.45:452][  0]LogAISub: UAISubsystem::UAISubsystem EnvQueryManager (0000020D65623C00), frame # 0
[2020.11.18-14.57.45:452][  0]LogAISub: UAISubsystem::UAISubsystem AIPerceptionSystem (0000020D6565E480), frame # 0
[2020.11.18-14.57.45:478][  0]LogAudioMixer: Display: Audio Mixer Platform Settings:
[2020.11.18-14.57.45:478][  0]LogAudioMixer: Display: 	Sample Rate:						  48000
[2020.11.18-14.57.45:478][  0]LogAudioMixer: Display: 	Callback Buffer Frame Size Requested: 1024
[2020.11.18-14.57.45:478][  0]LogAudioMixer: Display: 	Callback Buffer Frame Size To Use:	  1024
[2020.11.18-14.57.45:478][  0]LogAudioMixer: Display: 	Number of buffers to queue:			  2
[2020.11.18-14.57.45:478][  0]LogAudioMixer: Display: 	Max Channels (voices):				  32
[2020.11.18-14.57.45:478][  0]LogAudioMixer: Display: 	Number of Async Source Workers:		  0
[2020.11.18-14.57.45:478][  0]LogAudio: Display: AudioDevice MaxSources: 32
[2020.11.18-14.57.45:479][  0]LogAudio: Display: Using built-in audio occlusion.
[2020.11.18-14.57.45:479][  0]LogAudioMixer: Display: Initializing audio mixer.
[2020.11.18-14.57.45:524][  0]LogAudioMixer: Display: 0: FrontLeft
[2020.11.18-14.57.45:524][  0]LogAudioMixer: Display: 1: FrontRight
[2020.11.18-14.57.45:524][  0]LogAudioMixer: Display: 2: FrontCenter
[2020.11.18-14.57.45:524][  0]LogAudioMixer: Display: 3: LowFrequency
[2020.11.18-14.57.45:524][  0]LogAudioMixer: Display: 4: BackLeft
[2020.11.18-14.57.45:524][  0]LogAudioMixer: Display: 5: BackRight
[2020.11.18-14.57.45:524][  0]LogAudioMixer: Display: 6: SideLeft
[2020.11.18-14.57.45:525][  0]LogAudioMixer: Display: 7: SideRight
[2020.11.18-14.57.45:588][  0]LogAudioMixer: Display: Using Audio Device Headset Earphone (Corsair VOID PRO Wireless Gaming Headset)
[2020.11.18-14.57.45:592][  0]LogAudioMixer: Display: Initializing Sound Submixes...
[2020.11.18-14.57.45:594][  0]LogAudioMixer: Display: Creating Master Submix 'MasterSubmixDefault'
[2020.11.18-14.57.45:595][  0]LogAudioMixer: Display: Creating Master Submix 'MasterReverbSubmixDefault'
[2020.11.18-14.57.45:596][  0]LogAudioMixer: Display: Creating Master Submix 'MasterEQSubmixDefault'
[2020.11.18-14.57.45:598][  0]LogInit: FAudioDevice initialized.
[2020.11.18-14.57.45:598][  0]LogNetVersion: Set ProjectVersion to 1.0.0.0. Version Checksum will be recalculated on next use.
[2020.11.18-14.57.45:769][  0]LogDerivedDataCache: Saved boot cache 0.17s 79MB C:/Users/John/AppData/Local/UnrealEngine/4.25/DerivedDataCache/Boot.ddc.
[2020.11.18-14.57.45:773][  0]LogInit: Texture streaming: Enabled
[2020.11.18-14.57.45:804][  0]LogEngineSessionManager: EngineSessionManager initialized
[2020.11.18-14.57.45:804][  0]LogEditorSessionSummary: Verbose: Initializing EditorSessionSummaryWriter for editor session tracking
[2020.11.18-14.57.45:807][  0]LogEditorSessionSummary: EditorSessionSummaryWriter initialized
[2020.11.18-14.57.45:853][  0]LogInit: Transaction tracking system initialized
[2020.11.18-14.57.45:893][  0]BlueprintLog: New page: Editor Load
[2020.11.18-14.57.46:022][  0]LocalizationService: Localization service is disabled
[2020.11.18-14.57.46:280][  0]LogSlate: Took 0.000649 seconds to synchronously load lazily loaded font '../../../Engine/Content/Slate/Fonts/Roboto-Regular.ttf' (155K)
[2020.11.18-14.57.49:931][  0]LogSlate: Window 'Low drive space warning' being destroyed
[2020.11.18-14.57.49:932][  0]LogWindowsTextInputMethodSystem: Display: IME system now deactivated.
[2020.11.18-14.57.49:936][  0]Message dialog closed, result: Ok, title: Low drive space warning, text: The following drive locations have limited free space.
It is recommended that you free some space to avoid issues such as crashed and data loss due to files not being able to be written and saved.

  899 MB Free 		 C:/Users/John/Documents/
 				 User directory where user specific settings are stored. 

[2020.11.18-14.57.50:022][  0]LogCook: Display: Max memory allowance for cook 16384mb min free memory 0mb
[2020.11.18-14.57.50:022][  0]LogCook: Display: Mobile HDR setting 1
[2020.11.18-14.57.50:237][  0]LogFileCache: Scanning file cache for directory 'E:/Projects/Personal Projects/-raisethegamejam-2020/RaiseTheGameJame2020/Content/' took 0.00s
[2020.11.18-14.57.50:485][  0]SourceControl: Source control is disabled
[2020.11.18-14.57.50:486][  0]LogUnrealEdMisc: Loading editor; pre map load, took 13.118
[2020.11.18-14.57.50:486][  0]Cmd: MAP LOAD FILE="E:/Projects/Personal Projects/-raisethegamejam-2020/RaiseTheGameJame2020/Content/ThirdPersonCPP/Maps/ThirdPersonExampleMap.umap" TEMPLATE=0 SHOWPROGRESS=1 FEATURELEVEL=3
[2020.11.18-14.57.50:486][  0]LightingResults: New page: Lighting Build
[2020.11.18-14.57.50:487][  0]LogWorld: UWorld::CleanupWorld for Untitled, bSessionEnded=true, bCleanupResources=true
[2020.11.18-14.57.50:487][  0]LogSlate: InvalidateAllWidgets triggered.  All widgets were invalidated
[2020.11.18-14.57.50:487][  0]MapCheck: New page: Map Check
[2020.11.18-14.57.50:488][  0]LightingResults: New page: Lighting Build
[2020.11.18-14.57.50:497][  0]LogAISub: UAISubsystem::~UAISubsystem EnvQueryManager (0000020D65623C00), frame # 0
[2020.11.18-14.57.50:497][  0]LogAISub: UAISubsystem::~UAISubsystem AIPerceptionSystem (0000020D6565E480), frame # 0
[2020.11.18-14.57.50:498][  0]LogUObjectHash: Compacting FUObjectHashTables data took   0.90ms
[2020.11.18-14.57.50:548][  0]LogLinker: Warning: While loading 'E:/Projects/Personal Projects/-raisethegamejam-2020/RaiseTheGameJame2020/Content/ThirdPersonCPP/Maps/ThirdPersonExampleMap.umap' failed to load '/Game/ThirdPersonCPP/Maps/ThirdPersonExampleMap_BuiltData': Can't find file.
[2020.11.18-14.57.50:549][  0]LogLinker: Warning: While loading 'E:/Projects/Personal Projects/-raisethegamejam-2020/RaiseTheGameJame2020/Content/ThirdPersonCPP/Maps/ThirdPersonExampleMap.umap' failed to load '/Game/ThirdPersonCPP/Maps/ThirdPersonExampleMap_BuiltData': Can't find file.
[2020.11.18-14.57.50:555][  0]LogLinker: Warning: While loading 'E:/Projects/Personal Projects/-raisethegamejam-2020/RaiseTheGameJame2020/Content/ThirdPersonCPP/Maps/ThirdPersonExampleMap.umap' failed to load '/Game/ThirdPersonCPP/Maps/ThirdPersonExampleMap_BuiltData': Can't find file.
[2020.11.18-14.57.50:555][  0]LogLinker: Warning: While loading 'E:/Projects/Personal Projects/-raisethegamejam-2020/RaiseTheGameJame2020/Content/ThirdPersonCPP/Maps/ThirdPersonExampleMap.umap' failed to load '/Game/ThirdPersonCPP/Maps/ThirdPersonExampleMap_BuiltData': Can't find file.
[2020.11.18-14.57.50:556][  0]LogLinker: Warning: Failed to load '/Game/ThirdPersonCPP/Maps/ThirdPersonExampleMap_BuiltData': Can't find file.
[2020.11.18-14.57.50:556][  0]LogLinker: Warning: Failed to load '/Game/ThirdPersonCPP/Maps/ThirdPersonExampleMap_BuiltData': Can't find file.
[2020.11.18-14.57.50:557][  0]LogLinker: Warning: Failed to load '/Game/ThirdPersonCPP/Maps/ThirdPersonExampleMap_BuiltData': Can't find file.
[2020.11.18-14.57.50:557][  0]LogLinker: Warning: Failed to load '/Game/ThirdPersonCPP/Maps/ThirdPersonExampleMap_BuiltData': Can't find file.
[2020.11.18-14.57.50:560][  0]LogLinker: Warning: While loading 'E:/Projects/Personal Projects/-raisethegamejam-2020/RaiseTheGameJame2020/Content/ThirdPersonCPP/Maps/ThirdPersonExampleMap.umap' failed to load '/Game/ThirdPersonCPP/Maps/ThirdPersonExampleMap_BuiltData': Can't find file.
[2020.11.18-14.57.50:560][  0]LoadErrors: Failed to load /Game/ThirdPersonCPP/Maps/ThirdPersonExampleMap_BuiltData.ThirdPersonExampleMap_BuiltData Referenced by PersistentLevel
[2020.11.18-14.57.50:561][  0]LogLinker: Warning: While loading 'E:/Projects/Personal Projects/-raisethegamejam-2020/RaiseTheGameJame2020/Content/ThirdPersonCPP/Maps/ThirdPersonExampleMap.umap' failed to load '/Game/ThirdPersonCPP/Maps/ThirdPersonExampleMap_BuiltData': Can't find file.
[2020.11.18-14.57.50:561][  0]LoadErrors: Failed to load /Game/ThirdPersonCPP/Maps/ThirdPersonExampleMap_BuiltData.ThirdPersonExampleMap_BuiltData Referenced by PersistentLevel
[2020.11.18-14.57.50:582][  0]LogAIModule: Creating AISystem for world ThirdPersonExampleMap
[2020.11.18-14.57.50:583][  0]LogAISub: UAISubsystem::UAISubsystem EnvQueryManager (0000020D54F6BE00), frame # 0
[2020.11.18-14.57.50:583][  0]LogAISub: UAISubsystem::UAISubsystem AIPerceptionSystem (0000020D65635080), frame # 0
[2020.11.18-14.57.50:602][  0]LogEditorServer: Finished looking for orphan Actors (0.000 secs)
[2020.11.18-14.57.50:614][  0]LogUObjectHash: Compacting FUObjectHashTables data took   1.09ms
[2020.11.18-14.57.50:614][  0]Cmd: MAP CHECKDEP NOCLEARLOG
[2020.11.18-14.57.50:615][  0]MapCheck: Map check complete: 0 Error(s), 0 Warning(s), took 0.174ms to complete.
[2020.11.18-14.57.50:615][  0]LogFileHelpers: Loading map 'ThirdPersonExampleMap' took 0.130
[2020.11.18-14.57.50:619][  0]LogUnrealEdMisc: Total Editor Startup Time, took 13.251
[2020.11.18-14.57.50:686][  0]LogWindowsTextInputMethodSystem: Display: IME system now deactivated.
[2020.11.18-14.57.50:739][  0]LogSlate: Updating window title bar state: overlay mode, drag disabled, window buttons hidden, title bar hidden
[2020.11.18-14.57.50:754][  0]LogSlate: Updating window title bar state: overlay mode, drag disabled, window buttons hidden, title bar hidden
[2020.11.18-14.57.50:764][  0]LogSlate: Updating window title bar state: overlay mode, drag disabled, window buttons hidden, title bar hidden
[2020.11.18-14.57.50:772][  0]LogSlate: Updating window title bar state: overlay mode, drag disabled, window buttons hidden, title bar hidden
[2020.11.18-14.57.50:780][  0]LogCollectionManager: Loaded 0 collections in 0.001709 seconds
[2020.11.18-14.57.50:800][  0]LogFileCache: Scanning file cache for directory 'E:/Projects/Personal Projects/-raisethegamejam-2020/RaiseTheGameJame2020/Saved/Collections/' took 0.00s
[2020.11.18-14.57.50:800][  0]LogFileCache: Scanning file cache for directory 'E:/Projects/Personal Projects/-raisethegamejam-2020/RaiseTheGameJame2020/Content/Developers/John/Collections/' took 0.00s
[2020.11.18-14.57.50:800][  0]LogFileCache: Scanning file cache for directory 'E:/Projects/Personal Projects/-raisethegamejam-2020/RaiseTheGameJame2020/Content/Collections/' took 0.00s
[2020.11.18-14.57.50:800][  0]LogContentBrowser: Native class hierarchy populated in 0.0089 seconds. Added 3433 classes and 824 folders.
[2020.11.18-14.57.50:803][  0]LogContentBrowser: Native class hierarchy updated for 'WidgetCarousel' in 0.0005 seconds. Added 0 classes and 0 folders.
[2020.11.18-14.57.50:889][  0]LogContentBrowser: Native class hierarchy updated for 'AddContentDialog' in 0.0004 seconds. Added 0 classes and 0 folders.
[2020.11.18-14.57.50:891][  0]LogContentBrowser: Native class hierarchy updated for 'SceneOutliner' in 0.0005 seconds. Added 2 classes and 0 folders.
[2020.11.18-14.57.50:935][  0]LogSlate: Took 0.000283 seconds to synchronously load lazily loaded font '../../../Engine/Content/Slate/Fonts/Roboto-Bold.ttf' (160K)
[2020.11.18-14.57.50:941][  0]LogSlate: Took 0.000266 seconds to synchronously load lazily loaded font '../../../Engine/Content/Editor/Slate/Fonts/FontAwesome.ttf' (139K)
[2020.11.18-14.57.50:983][  0]LogRenderer: Reallocating scene render targets to support 1208x652 Format 10 NumSamples 1 (Frame:1).
[2020.11.18-14.57.51:206][  0]LogContentBrowser: Native class hierarchy updated for 'HierarchicalLODOutliner' in 0.0005 seconds. Added 0 classes and 0 folders.
[2020.11.18-14.57.51:206][  0]LogLoad: (Engine Initialization) Total time: 13.84 seconds
[2020.11.18-14.57.51:206][  0]LogLoad: (Engine Initialization) Total Blueprint compile time: 0.00 seconds
[2020.11.18-14.57.51:243][  0]LogAssetRegistry: Asset discovery search completed in 8.2885 seconds
[2020.11.18-14.57.51:248][  0]LogCollectionManager: Fixed up redirectors for 0 collections in 0.000003 seconds (updated 0 objects)
[2020.11.18-14.57.51:249][  0]LogContentStreaming: Texture pool size now 1000 MB
[2020.11.18-14.57.51:332][  0]LogSlate: Took 0.000181 seconds to synchronously load lazily loaded font '../../../Engine/Content/Slate/Fonts/Roboto-Light.ttf' (167K)
[2020.11.18-14.57.51:338][  0]LogSlate: Took 0.000200 seconds to synchronously load lazily loaded font '../../../Engine/Content/Slate/Fonts/DroidSansMono.ttf' (77K)
[2020.11.18-14.57.53:613][255]LogSlate: Window 'Message Log' being destroyed
[2020.11.18-14.57.53:617][255]LogSlate: Window 'Message Log' being destroyed
[2020.11.18-14.57.57:121][666]LogSlate: Took 0.000220 seconds to synchronously load lazily loaded font '../../../Engine/Content/Slate/Fonts/Roboto-Light.ttf' (167K)
[2020.11.18-14.57.57:169][666]LogAssetEditorSubsystem: Opening Asset editor for World /Game/Maps/JohnsTestLevel.JohnsTestLevel
[2020.11.18-14.57.57:177][666]LogUObjectHash: Compacting FUObjectHashTables data took   0.57ms
[2020.11.18-14.57.57:178][666]Cmd: MAP LOAD FILE="E:/Projects/Personal Projects/-raisethegamejam-2020/RaiseTheGameJame2020/Content/Maps/JohnsTestLevel.umap" TEMPLATE=0 SHOWPROGRESS=1 FEATURELEVEL=3
[2020.11.18-14.57.57:179][666]LightingResults: New page: Lighting Build
[2020.11.18-14.57.57:179][666]LoadErrors: New page: Loading map: JohnsTestLevel.umap
[2020.11.18-14.57.57:226][666]LogWorld: UWorld::CleanupWorld for ThirdPersonExampleMap, bSessionEnded=true, bCleanupResources=true
[2020.11.18-14.57.57:226][666]LogSlate: InvalidateAllWidgets triggered.  All widgets were invalidated
[2020.11.18-14.57.57:226][666]MapCheck: New page: Map Check
[2020.11.18-14.57.57:226][666]LightingResults: New page: Lighting Build
[2020.11.18-14.57.57:234][666]LogAISub: UAISubsystem::~UAISubsystem EnvQueryManager (0000020D54F6BE00), frame # 666
[2020.11.18-14.57.57:234][666]LogAISub: UAISubsystem::~UAISubsystem AIPerceptionSystem (0000020D65635080), frame # 666
[2020.11.18-14.57.57:235][666]LogUObjectHash: Compacting FUObjectHashTables data took   0.77ms
[2020.11.18-14.57.57:239][666]LogEditorServer: Finished looking for orphan Actors (0.000 secs)
[2020.11.18-14.57.57:240][666]LogAIModule: Creating AISystem for world JohnsTestLevel
[2020.11.18-14.57.57:240][666]LogAISub: UAISubsystem::UAISubsystem EnvQueryManager (0000020D62820600), frame # 666
[2020.11.18-14.57.57:240][666]LogAISub: UAISubsystem::UAISubsystem AIPerceptionSystem (0000020D550AED40), frame # 666
[2020.11.18-14.57.57:251][666]LogUObjectHash: Compacting FUObjectHashTables data took   0.51ms
[2020.11.18-14.57.57:277][666]Cmd: MAP CHECKDEP NOCLEARLOG
[2020.11.18-14.57.57:277][666]MapCheck: Map check complete: 0 Error(s), 0 Warning(s), took 0.127ms to complete.
[2020.11.18-14.57.57:277][666]LogFileHelpers: Loading map 'JohnsTestLevel' took 0.099
[2020.11.18-14.57.59:560][930]LogTemp: Repeating last play command: Selected Viewport
[2020.11.18-14.57.59:575][930]LogPlayLevel: PlayLevel: No blueprints needed recompiling
[2020.11.18-14.57.59:575][930]PIE: New page: PIE session: JohnsTestLevel (Nov 18, 2020, 2:57:59 PM)
[2020.11.18-14.57.59:577][930]LogOnline: OSS: Creating online subsystem instance for: NULL
[2020.11.18-14.57.59:579][930]LogOnline: OSS: TryLoadSubsystemAndSetDefault: Loaded subsystem for module [NULL]
[2020.11.18-14.57.59:580][930]LogPlayLevel: Creating play world package: /Game/Maps/UEDPIE_0_JohnsTestLevel
[2020.11.18-14.57.59:593][930]LogPlayLevel: PIE: StaticDuplicateObject took: (0.013579s)
[2020.11.18-14.57.59:594][930]LogAIModule: Creating AISystem for world JohnsTestLevel
[2020.11.18-14.57.59:594][930]LogAISub: UAISubsystem::UAISubsystem EnvQueryManager (0000020D7E258C00), frame # 930
[2020.11.18-14.57.59:595][930]LogAISub: UAISubsystem::UAISubsystem AIPerceptionSystem (0000020D65634540), frame # 930
[2020.11.18-14.57.59:595][930]LogPlayLevel: PIE: World Init took: (0.001572s)
[2020.11.18-14.57.59:595][930]LogPlayLevel: PIE: Created PIE world by copying editor world from /Game/Maps/JohnsTestLevel.JohnsTestLevel to /Game/Maps/UEDPIE_0_JohnsTestLevel.JohnsTestLevel (0.015572s)
[2020.11.18-14.57.59:604][930]LogUObjectHash: Compacting FUObjectHashTables data took   0.80ms
[2020.11.18-14.57.59:605][930]LogAudioMixer: Display: Audio Mixer Platform Settings:
[2020.11.18-14.57.59:605][930]LogAudioMixer: Display: 	Sample Rate:						  48000
[2020.11.18-14.57.59:606][930]LogAudioMixer: Display: 	Callback Buffer Frame Size Requested: 1024
[2020.11.18-14.57.59:606][930]LogAudioMixer: Display: 	Callback Buffer Frame Size To Use:	  1024
[2020.11.18-14.57.59:606][930]LogAudioMixer: Display: 	Number of buffers to queue:			  2
[2020.11.18-14.57.59:606][930]LogAudioMixer: Display: 	Max Channels (voices):				  32
[2020.11.18-14.57.59:606][930]LogAudioMixer: Display: 	Number of Async Source Workers:		  0
[2020.11.18-14.57.59:606][930]LogAudio: Display: AudioDevice MaxSources: 32
[2020.11.18-14.57.59:607][930]LogAudio: Display: Using built-in audio occlusion.
[2020.11.18-14.57.59:607][930]LogAudioMixer: Display: Initializing audio mixer.
[2020.11.18-14.57.59:614][930]LogAudioMixer: Display: 0: FrontLeft
[2020.11.18-14.57.59:614][930]LogAudioMixer: Display: 1: FrontRight
[2020.11.18-14.57.59:614][930]LogAudioMixer: Display: 2: FrontCenter
[2020.11.18-14.57.59:614][930]LogAudioMixer: Display: 3: LowFrequency
[2020.11.18-14.57.59:614][930]LogAudioMixer: Display: 4: BackLeft
[2020.11.18-14.57.59:614][930]LogAudioMixer: Display: 5: BackRight
[2020.11.18-14.57.59:614][930]LogAudioMixer: Display: 6: SideLeft
[2020.11.18-14.57.59:614][930]LogAudioMixer: Display: 7: SideRight
[2020.11.18-14.57.59:645][930]LogAudioMixer: Display: Using Audio Device Headset Earphone (Corsair VOID PRO Wireless Gaming Headset)
[2020.11.18-14.57.59:645][930]LogAudioMixer: Display: Initializing Sound Submixes...
[2020.11.18-14.57.59:645][930]LogAudioMixer: Display: Creating Master Submix 'MasterSubmixDefault'
[2020.11.18-14.57.59:646][930]LogAudioMixer: Display: Creating Master Submix 'MasterReverbSubmixDefault'
[2020.11.18-14.57.59:646][930]LogAudioMixer: Display: Creating Master Submix 'MasterEQSubmixDefault'
[2020.11.18-14.57.59:648][930]LogInit: FAudioDevice initialized.
[2020.11.18-14.57.59:667][930]LogLoad: Game class is 'RaiseTheGameJame2020GameMode'
[2020.11.18-14.57.59:669][930]LogWorld: Bringing World /Game/Maps/UEDPIE_0_JohnsTestLevel.JohnsTestLevel up for play (max tick rate 0) at 2020.11.18-14.57.59
[2020.11.18-14.57.59:670][930]LogWorld: Bringing up level for play took: 0.001623
[2020.11.18-14.57.59:670][930]LogOnline: OSS: Creating online subsystem instance for: :Context_1
[2020.11.18-14.57.59:681][930]LogContentBrowser: Native class hierarchy updated for 'MovieSceneCapture' in 0.0005 seconds. Added 20 classes and 0 folders.
[2020.11.18-14.57.59:682][930]PIE: Server logged in
[2020.11.18-14.57.59:684][930]PIE: Play in editor total start time 0.11 seconds.
[2020.11.18-14.58.09:336][985]LogSlate: Updating window title bar state: overlay mode, drag disabled, window buttons hidden, title bar hidden
[2020.11.18-14.58.09:336][985]LogWorld: BeginTearingDown for /Game/Maps/UEDPIE_0_JohnsTestLevel
[2020.11.18-14.58.09:336][985]LogWorld: UWorld::CleanupWorld for JohnsTestLevel, bSessionEnded=true, bCleanupResources=true
[2020.11.18-14.58.09:336][985]LogSlate: InvalidateAllWidgets triggered.  All widgets were invalidated
[2020.11.18-14.58.09:349][985]LogPlayLevel: Display: Shutting down PIE online subsystems
[2020.11.18-14.58.09:351][985]LogSlate: InvalidateAllWidgets triggered.  All widgets were invalidated
[2020.11.18-14.58.09:358][985]LogSlate: Updating window title bar state: overlay mode, drag disabled, window buttons hidden, title bar hidden
[2020.11.18-14.58.09:401][985]LogAISub: UAISubsystem::~UAISubsystem AIPerceptionSystem (0000020D65634540), frame # 1985
[2020.11.18-14.58.09:401][985]LogAISub: UAISubsystem::~UAISubsystem EnvQueryManager (0000020D7E258C00), frame # 1985
[2020.11.18-14.58.09:402][985]LogUObjectHash: Compacting FUObjectHashTables data took   0.57ms
[2020.11.18-14.58.09:436][986]LogPlayLevel: Display: Destroying online subsystem :Context_1
[2020.11.18-14.58.09:933][ 30]Candidate modules for hot reload:
[2020.11.18-14.58.09:933][ 30]  RaiseTheGameJame2020
[2020.11.18-14.58.09:933][ 30]Launching UnrealBuildTool... [D:/Program Files/Epic Games/UE_4.25/Engine/Binaries/DotNET/UnrealBuildTool.exe  -ModuleWithSuffix=RaiseTheGameJame2020,7963 RaiseTheGameJame2020Editor Win64 Development -Project="E:/Projects/Personal Projects/-raisethegamejam-2020/RaiseTheGameJame2020/RaiseTheGameJame2020.uproject" "E:/Projects/Personal Projects/-raisethegamejam-2020/RaiseTheGameJame2020/RaiseTheGameJame2020.uproject"  -IgnoreJunk]
[2020.11.18-14.58.09:936][ 30]Warning: Starting HotReload took  0.0s.
[2020.11.18-14.58.12:413][278]CompilerResultsLog: New page: Compilation - Nov 18, 2020, 2:58:12 PM
[2020.11.18-14.58.12:413][278]CompilerResultsLog: Using 'git status' to determine working set for adaptive non-unity build (E:\Projects\Personal Projects\-raisethegamejam-2020).
[2020.11.18-14.58.12:413][278]CompilerResultsLog: Building RaiseTheGameJame2020Editor...
[2020.11.18-14.58.12:413][278]CompilerResultsLog: Using Visual Studio 2019 14.25.28614 toolchain (C:\Program Files (x86)\Microsoft Visual Studio\2019\Community\VC\Tools\MSVC\14.25.28610) and Windows 10.0.18362.0 SDK (C:\Program Files (x86)\Windows Kits\10).
[2020.11.18-14.58.12:413][278]CompilerResultsLog: Building 3 actions with 8 processes...
[2020.11.18-14.58.12:413][278]CompilerResultsLog:   [1/3] UE4Editor-RaiseTheGameJame2020-7963.lib
[2020.11.18-14.58.12:413][278]CompilerResultsLog:      Creating library E:\Projects\Personal Projects\-raisethegamejam-2020\RaiseTheGameJame2020\Intermediate\Build\Win64\UE4Editor\Development\RaiseTheGameJame2020\UE4Editor-RaiseTheGameJame2020-7963.lib and object E:\Projects\Personal Projects\-raisethegamejam-2020\RaiseTheGameJame2020\Intermediate\Build\Win64\UE4Editor\Development\RaiseTheGameJame2020\UE4Editor-RaiseTheGameJame2020-7963.exp
[2020.11.18-14.58.12:414][278]CompilerResultsLog:   [2/3] UE4Editor-RaiseTheGameJame2020-7963.dll
[2020.11.18-14.58.12:414][278]CompilerResultsLog:      Creating library E:\Projects\Personal Projects\-raisethegamejam-2020\RaiseTheGameJame2020\Intermediate\Build\Win64\UE4Editor\Development\RaiseTheGameJame2020\UE4Editor-RaiseTheGameJame2020-7963.suppressed.lib and object E:\Projects\Personal Projects\-raisethegamejam-2020\RaiseTheGameJame2020\Intermediate\Build\Win64\UE4Editor\Development\RaiseTheGameJame2020\UE4Editor-RaiseTheGameJame2020-7963.suppressed.exp
[2020.11.18-14.58.12:414][278]CompilerResultsLog:   [3/3] RaiseTheGameJame2020Editor.target
[2020.11.18-14.58.12:414][278]CompilerResultsLog: Total time in Parallel executor: 1.38 seconds
[2020.11.18-14.58.12:414][278]CompilerResultsLog: Total execution time: 2.36 seconds
[2020.11.18-14.58.12:414][278]LogMainFrame: MainFrame: Module compiling took 2.485 seconds
[2020.11.18-14.58.12:449][278]LogContentBrowser: Native class hierarchy updated for 'RaiseTheGameJame2020' in 0.0006 seconds. Added 6 classes and 3 folders.
[2020.11.18-14.58.12:450][278]Display: HotReload successful (0 functions remapped  0 scriptstructs remapped)
[2020.11.18-14.58.12:511][278]LogContentBrowser: Native class hierarchy populated in 0.0090 seconds. Added 3433 classes and 824 folders.
[2020.11.18-14.58.12:517][278]Display: HotReload took  2.6s.
[2020.11.18-14.58.40:703][920]Candidate modules for hot reload:
[2020.11.18-14.58.40:704][920]  RaiseTheGameJame2020
[2020.11.18-14.58.40:704][920]Launching UnrealBuildTool... [D:/Program Files/Epic Games/UE_4.25/Engine/Binaries/DotNET/UnrealBuildTool.exe  -ModuleWithSuffix=RaiseTheGameJame2020,1868 RaiseTheGameJame2020Editor Win64 Development -Project="E:/Projects/Personal Projects/-raisethegamejam-2020/RaiseTheGameJame2020/RaiseTheGameJame2020.uproject" "E:/Projects/Personal Projects/-raisethegamejam-2020/RaiseTheGameJame2020/RaiseTheGameJame2020.uproject"  -IgnoreJunk]
[2020.11.18-14.58.40:706][920]Warning: Starting HotReload took  0.0s.
