Log file open, 11/18/20 23:12:40
LogInit: Display: Running engine for game: RaiseTheGameJame2020
LogPlatformFile: Not using cached read wrapper
LogTaskGraph: Started task graph with 5 named threads and 20 total threads with 3 sets of task threads.
LogStats: Stats thread started at 0.264052
LogD3D11RHI: Loaded GFSDK_Aftermath_Lib.x64.dll
LogICUInternationalization: ICU TimeZone Detection - Raw Offset: +0:00, Platform Override: ''
LogPluginManager: Mounting plugin Paper2D
LogPluginManager: Mounting plugin AISupport
LogPluginManager: Mounting plugin LightPropagationVolume
LogPluginManager: Mounting plugin CameraShakePreviewer
LogPluginManager: Mounting plugin ActorLayerUtilities
LogPluginManager: Mounting plugin AnimationSharing
LogPluginManager: Mounting plugin CLionSourceCodeAccess
LogPluginManager: Mounting plugin CodeLiteSourceCodeAccess
LogPluginManager: Mounting plugin GitSourceControl
LogPluginManager: Mounting plugin KDevelopSourceCodeAccess
LogPluginManager: Mounting plugin NullSourceCodeAccess
LogPluginManager: Mounting plugin PerforceSourceControl
LogPluginManager: Mounting plugin PlasticSourceControl
LogPluginManager: Mounting plugin RiderSourceCodeAccess
LogPluginManager: Mounting plugin SubversionSourceControl
LogPluginManager: Mounting plugin UObjectPlugin
LogPluginManager: Mounting plugin VisualStudioCodeSourceCodeAccess
LogPluginManager: Mounting plugin VisualStudioSourceCodeAccess
LogPluginManager: Mounting plugin XCodeSourceCodeAccess
LogPluginManager: Mounting plugin AssetManagerEditor
LogPluginManager: Mounting plugin CryptoKeys
LogPluginManager: Mounting plugin CurveEditorTools
LogPluginManager: Mounting plugin DataValidation
LogPluginManager: Mounting plugin EditorScriptingUtilities
LogPluginManager: Mounting plugin FacialAnimation
LogPluginManager: Mounting plugin GameplayTagsEditor
LogPluginManager: Mounting plugin GeometryMode
LogPluginManager: Mounting plugin MacGraphicsSwitching
LogPluginManager: Mounting plugin MaterialAnalyzer
LogPluginManager: Mounting plugin MobileLauncherProfileWizard
LogPluginManager: Mounting plugin PluginBrowser
LogPluginManager: Mounting plugin SpeedTreeImporter
LogPluginManager: Mounting plugin DatasmithContent
LogPluginManager: Mounting plugin VariantManagerContent
LogPluginManager: Mounting plugin AlembicImporter
LogPluginManager: Mounting plugin AutomationUtils
LogPluginManager: Mounting plugin BackChannel
LogPluginManager: Mounting plugin ChaosCloth
LogPluginManager: Mounting plugin ChaosClothEditor
LogPluginManager: Mounting plugin ChaosEditor
LogPluginManager: Mounting plugin ChaosNiagara
LogPluginManager: Mounting plugin ChaosSolverPlugin
LogPluginManager: Mounting plugin CharacterAI
LogPluginManager: Mounting plugin GeometryCache
LogPluginManager: Mounting plugin GeometryCollectionPlugin
LogPluginManager: Mounting plugin GeometryProcessing
LogPluginManager: Mounting plugin PlanarCut
LogPluginManager: Mounting plugin PlatformCrypto
LogPluginManager: Mounting plugin ProxyLODPlugin
LogPluginManager: Mounting plugin SkeletalReduction
LogPluginManager: Mounting plugin Niagara
LogPluginManager: Mounting plugin MagicLeap
LogPluginManager: Mounting plugin MagicLeapLightEstimation
LogPluginManager: Mounting plugin MagicLeapMedia
LogPluginManager: Mounting plugin MagicLeapPassableWorld
LogPluginManager: Mounting plugin MLSDK
LogPluginManager: Mounting plugin AndroidMedia
LogPluginManager: Mounting plugin AvfMedia
LogPluginManager: Mounting plugin ImgMedia
LogPluginManager: Mounting plugin MediaCompositing
LogPluginManager: Mounting plugin MediaPlayerEditor
LogPluginManager: Mounting plugin WebMMedia
LogPluginManager: Mounting plugin WmfMedia
LogPluginManager: Mounting plugin MeshPainting
LogPluginManager: Mounting plugin TcpMessaging
LogPluginManager: Mounting plugin UdpMessaging
LogPluginManager: Mounting plugin ActorSequence
LogPluginManager: Mounting plugin LevelSequenceEditor
LogPluginManager: Mounting plugin MatineeToLevelSequence
LogPluginManager: Mounting plugin MovieRenderPipeline
LogPluginManager: Mounting plugin TemplateSequence
LogPluginManager: Mounting plugin NetcodeUnitTest
LogPluginManager: Mounting plugin NUTUnrealEngine4
LogPluginManager: Mounting plugin OnlineSubsystemGooglePlay
LogPluginManager: Mounting plugin OnlineSubsystemIOS
LogPluginManager: Mounting plugin OnlineSubsystem
LogPluginManager: Mounting plugin OnlineSubsystemNull
LogPluginManager: Mounting plugin OnlineSubsystemUtils
LogPluginManager: Mounting plugin LauncherChunkInstaller
LogPluginManager: Mounting plugin AndroidDeviceProfileSelector
LogPluginManager: Mounting plugin AndroidMoviePlayer
LogPluginManager: Mounting plugin AndroidPermission
LogPluginManager: Mounting plugin AppleImageUtils
LogPluginManager: Mounting plugin AppleMoviePlayer
LogPluginManager: Mounting plugin ArchVisCharacter
LogPluginManager: Mounting plugin AssetTags
LogPluginManager: Mounting plugin AudioCapture
LogPluginManager: Mounting plugin CableComponent
LogPluginManager: Mounting plugin CustomMeshComponent
LogPluginManager: Mounting plugin EditableMesh
LogPluginManager: Mounting plugin ExampleDeviceProfileSelector
LogPluginManager: Mounting plugin GoogleCloudMessaging
LogPluginManager: Mounting plugin GooglePAD
LogPluginManager: Mounting plugin IOSDeviceProfileSelector
LogPluginManager: Mounting plugin LinuxDeviceProfileSelector
LogPluginManager: Mounting plugin LocationServicesBPLibrary
LogPluginManager: Mounting plugin MobilePatchingUtils
LogPluginManager: Mounting plugin OculusVR
LogPluginManager: Mounting plugin PhysXVehicles
LogPluginManager: Mounting plugin PostSplashScreen
LogPluginManager: Mounting plugin ProceduralMeshComponent
LogPluginManager: Mounting plugin RuntimePhysXCooking
LogPluginManager: Mounting plugin SignificanceManager
LogPluginManager: Mounting plugin SoundFields
LogPluginManager: Mounting plugin SteamVR
LogPluginManager: Mounting plugin Synthesis
LogPluginManager: Mounting plugin WebMMoviePlayer
LogPluginManager: Mounting plugin WindowsMoviePlayer
LogPluginManager: Mounting plugin ScreenshotTools
LogInit: Using libcurl 7.55.1-DEV
LogInit:  - built for x86_64-pc-win32
LogInit:  - supports SSL with OpenSSL/1.1.1
LogInit:  - supports HTTP deflate (compression) using libz 1.2.8
LogInit:  - other features:
LogInit:      CURL_VERSION_SSL
LogInit:      CURL_VERSION_LIBZ
LogInit:      CURL_VERSION_IPV6
LogInit:      CURL_VERSION_ASYNCHDNS
LogInit:      CURL_VERSION_LARGEFILE
LogInit:      CURL_VERSION_IDN
LogInit:  CurlRequestOptions (configurable via config and command line):
LogInit:  - bVerifyPeer = true  - Libcurl will verify peer certificate
LogInit:  - bUseHttpProxy = false  - Libcurl will NOT use HTTP proxy
LogInit:  - bDontReuseConnections = false  - Libcurl will reuse connections
LogInit:  - MaxHostConnections = 16  - Libcurl will limit the number of connections to a host
LogInit:  - LocalHostAddr = Default
LogInit:  - BufferSize = 65536
LogOnline: OSS: Creating online subsystem instance for: NULL
LogInit: WinSock: version 1.1 (2.2), MaxSocks=32767, MaxUdp=65467
LogOnline: OSS: TryLoadSubsystemAndSetDefault: Loaded subsystem for module [NULL]
LogInit: Build: ++UE4+Release-4.25-CL-14469661
LogInit: Engine Version: 4.25.4-14469661+++UE4+Release-4.25
LogInit: Compatible Engine Version: 4.25.0-13144385+++UE4+Release-4.25
LogInit: Net CL: 13144385
LogInit: OS: Windows 10 (Release 2004) (), CPU: Intel(R) Core(TM) i5-8400 CPU @ 2.80GHz, GPU: NVIDIA GeForce GTX 1050 Ti
LogInit: Compiled (64-bit): Oct 11 2020 08:10:49
LogInit: Compiled with Visual C++: 19.24.28315.00
LogInit: Build Configuration: Development
LogInit: Branch Name: ++UE4+Release-4.25
LogInit: Command Line:  -skipcompile
LogInit: Base Directory: C:/Program Files/Epic Games/UE_4.25/Engine/Binaries/Win64/
LogInit: Allocator: TBB
LogInit: Installed Engine Build: 1
LogDevObjectVersion: Number of dev versions registered: 26
LogDevObjectVersion:   Dev-Blueprints (B0D832E4-1F89-4F0D-ACCF-7EB736FD4AA2): 10
LogDevObjectVersion:   Dev-Build (E1C64328-A22C-4D53-A36C-8E866417BD8C): 0
LogDevObjectVersion:   Dev-Core (375EC13C-06E4-48FB-B500-84F0262A717E): 4
LogDevObjectVersion:   Dev-Editor (E4B068ED-F494-42E9-A231-DA0B2E46BB41): 38
LogDevObjectVersion:   Dev-Framework (CFFC743F-43B0-4480-9391-14DF171D2073): 37
LogDevObjectVersion:   Dev-Mobile (B02B49B5-BB20-44E9-A304-32B752E40360): 2
LogDevObjectVersion:   Dev-Networking (A4E4105C-59A1-49B5-A7C5-40C4547EDFEE): 0
LogDevObjectVersion:   Dev-Online (39C831C9-5AE6-47DC-9A44-9C173E1C8E7C): 0
LogDevObjectVersion:   Dev-Physics (78F01B33-EBEA-4F98-B9B4-84EACCB95AA2): 4
LogDevObjectVersion:   Dev-Platform (6631380F-2D4D-43E0-8009-CF276956A95A): 0
LogDevObjectVersion:   Dev-Rendering (12F88B9F-8875-4AFC-A67C-D90C383ABD29): 43
LogDevObjectVersion:   Dev-Sequencer (7B5AE74C-D270-4C10-A958-57980B212A5A): 12
LogDevObjectVersion:   Dev-VR (D7296918-1DD6-4BDD-9DE2-64A83CC13884): 3
LogDevObjectVersion:   Dev-LoadTimes (C2A15278-BFE7-4AFE-6C17-90FF531DF755): 1
LogDevObjectVersion:   Private-Geometry (6EACA3D4-40EC-4CC1-B786-8BED09428FC5): 3
LogDevObjectVersion:   Dev-AnimPhys (29E575DD-E0A3-4627-9D10-D276232CDCEA): 17
LogDevObjectVersion:   Dev-Anim (AF43A65D-7FD3-4947-9873-3E8ED9C1BB05): 7
LogDevObjectVersion:   Dev-ReflectionCapture (6B266CEC-1EC7-4B8F-A30B-E4D90942FC07): 1
LogDevObjectVersion:   Dev-Automation (0DF73D61-A23F-47EA-B727-89E90C41499A): 1
LogDevObjectVersion:   FortniteMain (601D1886-AC64-4F84-AA16-D3DE0DEAC7D6): 31
LogDevObjectVersion:   Dev-Enterprise (9DFFBCD6-494F-0158-E221-12823C92A888): 10
LogDevObjectVersion:   Dev-Niagara (F2AED0AC-9AFE-416F-8664-AA7FFA26D6FC): 1
LogDevObjectVersion:   Dev-Destruction (174F1F0B-B4C6-45A5-B13F-2EE8D0FB917D): 10
LogDevObjectVersion:   Dev-Physics-Ext (35F94A83-E258-406C-A318-09F59610247C): 37
LogDevObjectVersion:   Dev-PhysicsMaterial-Chaos (B68FC16E-8B1B-42E2-B453-215C058844FE): 1
LogDevObjectVersion:   Dev-CineCamera (B2E18506-4273-CFC2-A54E-F4BB758BBA07): 1
LogInit: Presizing for max 25165824 objects, including 0 objects not considered by GC, pre-allocating 0 bytes for permanent pool.
LogConfig: Applying CVar settings from Section [/Script/Engine.StreamingSettings] File [C:/Users/onlyr/OneDrive - Staffordshire University/GameJam/WORKINGONE/-raisethegamejam-2020/RaiseTheGameJame2020/Saved/Config/Windows/Engine.ini]
LogConfig: Setting CVar [[s.MinBulkDataSizeForAsyncLoading:131072]]
LogConfig: Setting CVar [[s.AsyncLoadingThreadEnabled:0]]
LogConfig: Setting CVar [[s.EventDrivenLoaderEnabled:1]]
LogConfig: Setting CVar [[s.WarnIfTimeLimitExceeded:0]]
LogConfig: Setting CVar [[s.TimeLimitExceededMultiplier:1.5]]
LogConfig: Setting CVar [[s.TimeLimitExceededMinTime:0.005]]
LogConfig: Setting CVar [[s.UseBackgroundLevelStreaming:1]]
LogConfig: Setting CVar [[s.PriorityAsyncLoadingExtraTime:15.0]]
LogConfig: Setting CVar [[s.LevelStreamingActorsUpdateTimeLimit:5.0]]
LogConfig: Setting CVar [[s.PriorityLevelStreamingActorsUpdateExtraTime:5.0]]
LogConfig: Setting CVar [[s.LevelStreamingComponentsRegistrationGranularity:10]]
LogConfig: Setting CVar [[s.UnregisterComponentsTimeLimit:1.0]]
LogConfig: Setting CVar [[s.LevelStreamingComponentsUnregistrationGranularity:5]]
LogConfig: Setting CVar [[s.FlushStreamingOnExit:1]]
LogInit: Object subsystem initialized
LogConfig: Setting CVar [[con.DebugEarlyDefault:1]]
LogConfig: Setting CVar [[r.setres:1280x720]]
[2020.11.18-23.12.40:443][  0]LogConfig: Setting CVar [[r.VSync:0]]
[2020.11.18-23.12.40:443][  0]LogConfig: Setting CVar [[r.RHICmdBypass:0]]
[2020.11.18-23.12.40:443][  0]LogConfig: Applying CVar settings from Section [/Script/Engine.RendererSettings] File [C:/Users/onlyr/OneDrive - Staffordshire University/GameJam/WORKINGONE/-raisethegamejam-2020/RaiseTheGameJame2020/Saved/Config/Windows/Engine.ini]
[2020.11.18-23.12.40:443][  0]LogConfig: Setting CVar [[r.GPUCrashDebugging:0]]
[2020.11.18-23.12.40:443][  0]LogConfig: Applying CVar settings from Section [/Script/Engine.RendererOverrideSettings] File [C:/Users/onlyr/OneDrive - Staffordshire University/GameJam/WORKINGONE/-raisethegamejam-2020/RaiseTheGameJame2020/Saved/Config/Windows/Engine.ini]
[2020.11.18-23.12.40:443][  0]LogConfig: Applying CVar settings from Section [/Script/Engine.StreamingSettings] File [C:/Users/onlyr/OneDrive - Staffordshire University/GameJam/WORKINGONE/-raisethegamejam-2020/RaiseTheGameJame2020/Saved/Config/Windows/Engine.ini]
[2020.11.18-23.12.40:443][  0]LogConfig: Setting CVar [[s.MinBulkDataSizeForAsyncLoading:131072]]
[2020.11.18-23.12.40:443][  0]LogConfig: Setting CVar [[s.AsyncLoadingThreadEnabled:0]]
[2020.11.18-23.12.40:443][  0]LogConfig: Setting CVar [[s.EventDrivenLoaderEnabled:1]]
[2020.11.18-23.12.40:443][  0]LogConfig: Setting CVar [[s.WarnIfTimeLimitExceeded:0]]
[2020.11.18-23.12.40:443][  0]LogConfig: Setting CVar [[s.TimeLimitExceededMultiplier:1.5]]
[2020.11.18-23.12.40:443][  0]LogConfig: Setting CVar [[s.TimeLimitExceededMinTime:0.005]]
[2020.11.18-23.12.40:443][  0]LogConfig: Setting CVar [[s.UseBackgroundLevelStreaming:1]]
[2020.11.18-23.12.40:443][  0]LogConfig: Setting CVar [[s.PriorityAsyncLoadingExtraTime:15.0]]
[2020.11.18-23.12.40:443][  0]LogConfig: Setting CVar [[s.LevelStreamingActorsUpdateTimeLimit:5.0]]
[2020.11.18-23.12.40:443][  0]LogConfig: Setting CVar [[s.PriorityLevelStreamingActorsUpdateExtraTime:5.0]]
[2020.11.18-23.12.40:443][  0]LogConfig: Setting CVar [[s.LevelStreamingComponentsRegistrationGranularity:10]]
[2020.11.18-23.12.40:443][  0]LogConfig: Setting CVar [[s.UnregisterComponentsTimeLimit:1.0]]
[2020.11.18-23.12.40:443][  0]LogConfig: Setting CVar [[s.LevelStreamingComponentsUnregistrationGranularity:5]]
[2020.11.18-23.12.40:443][  0]LogConfig: Setting CVar [[s.FlushStreamingOnExit:1]]
[2020.11.18-23.12.40:443][  0]LogConfig: Applying CVar settings from Section [/Script/Engine.GarbageCollectionSettings] File [C:/Users/onlyr/OneDrive - Staffordshire University/GameJam/WORKINGONE/-raisethegamejam-2020/RaiseTheGameJame2020/Saved/Config/Windows/Engine.ini]
[2020.11.18-23.12.40:443][  0]LogConfig: Setting CVar [[gc.MaxObjectsNotConsideredByGC:1]]
[2020.11.18-23.12.40:444][  0]LogConfig: Setting CVar [[gc.SizeOfPermanentObjectPool:0]]
[2020.11.18-23.12.40:444][  0]LogConfig: Setting CVar [[gc.FlushStreamingOnGC:0]]
[2020.11.18-23.12.40:444][  0]LogConfig: Setting CVar [[gc.NumRetriesBeforeForcingGC:10]]
[2020.11.18-23.12.40:444][  0]LogConfig: Setting CVar [[gc.AllowParallelGC:1]]
[2020.11.18-23.12.40:444][  0]LogConfig: Setting CVar [[gc.TimeBetweenPurgingPendingKillObjects:61.1]]
[2020.11.18-23.12.40:444][  0]LogConfig: Setting CVar [[gc.MaxObjectsInEditor:25165824]]
[2020.11.18-23.12.40:444][  0]LogConfig: Setting CVar [[gc.IncrementalBeginDestroyEnabled:1]]
[2020.11.18-23.12.40:444][  0]LogConfig: Setting CVar [[gc.CreateGCClusters:1]]
[2020.11.18-23.12.40:444][  0]LogConfig: Setting CVar [[gc.MinGCClusterSize:5]]
[2020.11.18-23.12.40:444][  0]LogConfig: Setting CVar [[gc.ActorClusteringEnabled:0]]
[2020.11.18-23.12.40:444][  0]LogConfig: Setting CVar [[gc.BlueprintClusteringEnabled:0]]
[2020.11.18-23.12.40:444][  0]LogConfig: Setting CVar [[gc.UseDisregardForGCOnDedicatedServers:0]]
[2020.11.18-23.12.40:444][  0]LogConfig: Applying CVar settings from Section [/Script/Engine.NetworkSettings] File [C:/Users/onlyr/OneDrive - Staffordshire University/GameJam/WORKINGONE/-raisethegamejam-2020/RaiseTheGameJame2020/Saved/Config/Windows/Engine.ini]
[2020.11.18-23.12.40:444][  0]LogConfig: Applying CVar settings from Section [/Script/UnrealEd.CookerSettings] File [C:/Users/onlyr/OneDrive - Staffordshire University/GameJam/WORKINGONE/-raisethegamejam-2020/RaiseTheGameJame2020/Saved/Config/Windows/Engine.ini]
[2020.11.18-23.12.40:449][  0]LogConfig: Applying CVar settings from Section [ViewDistanceQuality@3] File [C:/Users/onlyr/OneDrive - Staffordshire University/GameJam/WORKINGONE/-raisethegamejam-2020/RaiseTheGameJame2020/Saved/Config/Windows/Scalability.ini]
[2020.11.18-23.12.40:449][  0]LogConfig: Setting CVar [[r.SkeletalMeshLODBias:0]]
[2020.11.18-23.12.40:449][  0]LogConfig: Setting CVar [[r.ViewDistanceScale:1.0]]
[2020.11.18-23.12.40:450][  0]LogConfig: Applying CVar settings from Section [AntiAliasingQuality@3] File [C:/Users/onlyr/OneDrive - Staffordshire University/GameJam/WORKINGONE/-raisethegamejam-2020/RaiseTheGameJame2020/Saved/Config/Windows/Scalability.ini]
[2020.11.18-23.12.40:450][  0]LogConfig: Setting CVar [[r.PostProcessAAQuality:4]]
[2020.11.18-23.12.40:450][  0]LogConfig: Applying CVar settings from Section [ShadowQuality@3] File [C:/Users/onlyr/OneDrive - Staffordshire University/GameJam/WORKINGONE/-raisethegamejam-2020/RaiseTheGameJame2020/Saved/Config/Windows/Scalability.ini]
[2020.11.18-23.12.40:450][  0]LogConfig: Setting CVar [[r.LightFunctionQuality:1]]
[2020.11.18-23.12.40:450][  0]LogConfig: Setting CVar [[r.ShadowQuality:5]]
[2020.11.18-23.12.40:450][  0]LogConfig: Setting CVar [[r.Shadow.CSM.MaxCascades:10]]
[2020.11.18-23.12.40:450][  0]LogConfig: Setting CVar [[r.Shadow.MaxResolution:2048]]
[2020.11.18-23.12.40:450][  0]LogConfig: Setting CVar [[r.Shadow.MaxCSMResolution:2048]]
[2020.11.18-23.12.40:450][  0]LogConfig: Setting CVar [[r.Shadow.RadiusThreshold:0.01]]
[2020.11.18-23.12.40:450][  0]LogConfig: Setting CVar [[r.Shadow.DistanceScale:1.0]]
[2020.11.18-23.12.40:450][  0]LogConfig: Setting CVar [[r.Shadow.CSM.TransitionScale:1.0]]
[2020.11.18-23.12.40:450][  0]LogConfig: Setting CVar [[r.Shadow.PreShadowResolutionFactor:1.0]]
[2020.11.18-23.12.40:450][  0]LogConfig: Setting CVar [[r.DistanceFieldShadowing:1]]
[2020.11.18-23.12.40:450][  0]LogConfig: Setting CVar [[r.DistanceFieldAO:1]]
[2020.11.18-23.12.40:450][  0]LogConfig: Setting CVar [[r.AOQuality:2]]
[2020.11.18-23.12.40:450][  0]LogConfig: Setting CVar [[r.VolumetricFog:1]]
[2020.11.18-23.12.40:450][  0]LogConfig: Setting CVar [[r.VolumetricFog.GridPixelSize:8]]
[2020.11.18-23.12.40:450][  0]LogConfig: Setting CVar [[r.VolumetricFog.GridSizeZ:128]]
[2020.11.18-23.12.40:450][  0]LogConfig: Setting CVar [[r.VolumetricFog.HistoryMissSupersampleCount:4]]
[2020.11.18-23.12.40:451][  0]LogConfig: Setting CVar [[r.LightMaxDrawDistanceScale:1]]
[2020.11.18-23.12.40:451][  0]LogConfig: Setting CVar [[r.CapsuleShadows:1]]
[2020.11.18-23.12.40:451][  0]LogConfig: Applying CVar settings from Section [PostProcessQuality@3] File [C:/Users/onlyr/OneDrive - Staffordshire University/GameJam/WORKINGONE/-raisethegamejam-2020/RaiseTheGameJame2020/Saved/Config/Windows/Scalability.ini]
[2020.11.18-23.12.40:451][  0]LogConfig: Setting CVar [[r.MotionBlurQuality:4]]
[2020.11.18-23.12.40:451][  0]LogConfig: Setting CVar [[r.AmbientOcclusionMipLevelFactor:0.4]]
[2020.11.18-23.12.40:451][  0]LogConfig: Setting CVar [[r.AmbientOcclusionMaxQuality:100]]
[2020.11.18-23.12.40:451][  0]LogConfig: Setting CVar [[r.AmbientOcclusionLevels:-1]]
[2020.11.18-23.12.40:451][  0]LogConfig: Setting CVar [[r.AmbientOcclusionRadiusScale:1.0]]
[2020.11.18-23.12.40:451][  0]LogConfig: Setting CVar [[r.DepthOfFieldQuality:2]]
[2020.11.18-23.12.40:451][  0]LogConfig: Setting CVar [[r.RenderTargetPoolMin:400]]
[2020.11.18-23.12.40:451][  0]LogConfig: Setting CVar [[r.LensFlareQuality:2]]
[2020.11.18-23.12.40:451][  0]LogConfig: Setting CVar [[r.SceneColorFringeQuality:1]]
[2020.11.18-23.12.40:451][  0]LogConfig: Setting CVar [[r.EyeAdaptationQuality:2]]
[2020.11.18-23.12.40:451][  0]LogConfig: Setting CVar [[r.BloomQuality:5]]
[2020.11.18-23.12.40:451][  0]LogConfig: Setting CVar [[r.FastBlurThreshold:100]]
[2020.11.18-23.12.40:451][  0]LogConfig: Setting CVar [[r.Upscale.Quality:3]]
[2020.11.18-23.12.40:451][  0]LogConfig: Setting CVar [[r.Tonemapper.GrainQuantization:1]]
[2020.11.18-23.12.40:451][  0]LogConfig: Setting CVar [[r.LightShaftQuality:1]]
[2020.11.18-23.12.40:451][  0]LogConfig: Setting CVar [[r.Filter.SizeScale:1]]
[2020.11.18-23.12.40:451][  0]LogConfig: Setting CVar [[r.Tonemapper.Quality:5]]
[2020.11.18-23.12.40:451][  0]LogConfig: Setting CVar [[r.DOF.Gather.AccumulatorQuality:1        ; higher gathering accumulator quality]]
[2020.11.18-23.12.40:451][  0]LogConfig: Setting CVar [[r.DOF.Gather.PostfilterMethod:1          ; Median3x3 postfilering method]]
[2020.11.18-23.12.40:451][  0]LogConfig: Setting CVar [[r.DOF.Gather.EnableBokehSettings:0       ; no bokeh simulation when gathering]]
[2020.11.18-23.12.40:452][  0]LogConfig: Setting CVar [[r.DOF.Gather.RingCount:4                 ; medium number of samples when gathering]]
[2020.11.18-23.12.40:452][  0]LogConfig: Setting CVar [[r.DOF.Scatter.ForegroundCompositing:1    ; additive foreground scattering]]
[2020.11.18-23.12.40:452][  0]LogConfig: Setting CVar [[r.DOF.Scatter.BackgroundCompositing:2    ; additive background scattering]]
[2020.11.18-23.12.40:452][  0]LogConfig: Setting CVar [[r.DOF.Scatter.EnableBokehSettings:1      ; bokeh simulation when scattering]]
[2020.11.18-23.12.40:452][  0]LogConfig: Setting CVar [[r.DOF.Scatter.MaxSpriteRatio:0.1         ; only a maximum of 10% of scattered bokeh]]
[2020.11.18-23.12.40:452][  0]LogConfig: Setting CVar [[r.DOF.Recombine.Quality:1                ; cheap slight out of focus]]
[2020.11.18-23.12.40:452][  0]LogConfig: Setting CVar [[r.DOF.Recombine.EnableBokehSettings:0    ; no bokeh simulation on slight out of focus]]
[2020.11.18-23.12.40:452][  0]LogConfig: Setting CVar [[r.DOF.TemporalAAQuality:1                ; more stable temporal accumulation]]
[2020.11.18-23.12.40:452][  0]LogConfig: Setting CVar [[r.DOF.Kernel.MaxForegroundRadius:0.025]]
[2020.11.18-23.12.40:452][  0]LogConfig: Setting CVar [[r.DOF.Kernel.MaxBackgroundRadius:0.025]]
[2020.11.18-23.12.40:452][  0]LogConfig: Applying CVar settings from Section [TextureQuality@3] File [C:/Users/onlyr/OneDrive - Staffordshire University/GameJam/WORKINGONE/-raisethegamejam-2020/RaiseTheGameJame2020/Saved/Config/Windows/Scalability.ini]
[2020.11.18-23.12.40:452][  0]LogConfig: Setting CVar [[r.Streaming.MipBias:0]]
[2020.11.18-23.12.40:452][  0]LogConfig: Setting CVar [[r.Streaming.AmortizeCPUToGPUCopy:0]]
[2020.11.18-23.12.40:452][  0]LogConfig: Setting CVar [[r.Streaming.MaxNumTexturesToStreamPerFrame:0]]
[2020.11.18-23.12.40:452][  0]LogConfig: Setting CVar [[r.Streaming.Boost:1]]
[2020.11.18-23.12.40:452][  0]LogConfig: Setting CVar [[r.MaxAnisotropy:8]]
[2020.11.18-23.12.40:452][  0]LogConfig: Setting CVar [[r.VT.MaxAnisotropy:8]]
[2020.11.18-23.12.40:452][  0]LogConfig: Setting CVar [[r.Streaming.LimitPoolSizeToVRAM:0]]
[2020.11.18-23.12.40:452][  0]LogConfig: Setting CVar [[r.Streaming.PoolSize:1000]]
[2020.11.18-23.12.40:452][  0]LogConfig: Setting CVar [[r.Streaming.MaxEffectiveScreenSize:0]]
[2020.11.18-23.12.40:452][  0]LogConfig: Applying CVar settings from Section [EffectsQuality@3] File [C:/Users/onlyr/OneDrive - Staffordshire University/GameJam/WORKINGONE/-raisethegamejam-2020/RaiseTheGameJame2020/Saved/Config/Windows/Scalability.ini]
[2020.11.18-23.12.40:452][  0]LogConfig: Setting CVar [[r.TranslucencyLightingVolumeDim:64]]
[2020.11.18-23.12.40:452][  0]LogConfig: Setting CVar [[r.RefractionQuality:2]]
[2020.11.18-23.12.40:452][  0]LogConfig: Setting CVar [[r.SSR.Quality:3]]
[2020.11.18-23.12.40:452][  0]LogConfig: Setting CVar [[r.SSR.HalfResSceneColor:0]]
[2020.11.18-23.12.40:452][  0]LogConfig: Setting CVar [[r.SceneColorFormat:4]]
[2020.11.18-23.12.40:453][  0]LogConfig: Setting CVar [[r.DetailMode:2]]
[2020.11.18-23.12.40:453][  0]LogConfig: Setting CVar [[r.TranslucencyVolumeBlur:1]]
[2020.11.18-23.12.40:453][  0]LogConfig: Setting CVar [[r.MaterialQualityLevel:1 ; High quality]]
[2020.11.18-23.12.40:453][  0]LogConfig: Setting CVar [[r.SSS.Scale:1]]
[2020.11.18-23.12.40:453][  0]LogConfig: Setting CVar [[r.SSS.SampleSet:2]]
[2020.11.18-23.12.40:453][  0]LogConfig: Setting CVar [[r.SSS.Quality:1]]
[2020.11.18-23.12.40:453][  0]LogConfig: Setting CVar [[r.SSS.HalfRes:0]]
[2020.11.18-23.12.40:453][  0]LogConfig: Setting CVar [[r.SSGI.Quality:3]]
[2020.11.18-23.12.40:453][  0]LogConfig: Setting CVar [[r.EmitterSpawnRateScale:1.0]]
[2020.11.18-23.12.40:453][  0]LogConfig: Setting CVar [[r.ParticleLightQuality:2]]
[2020.11.18-23.12.40:453][  0]LogConfig: Setting CVar [[r.SkyAtmosphere.AerialPerspectiveLUT.FastApplyOnOpaque:1 ; Always have FastSkyLUT 1 in this case to avoid wrong sky]]
[2020.11.18-23.12.40:453][  0]LogConfig: Setting CVar [[r.SkyAtmosphere.AerialPerspectiveLUT.SampleCountPerSlice:1]]
[2020.11.18-23.12.40:453][  0]LogConfig: Setting CVar [[r.SkyAtmosphere.AerialPerspectiveLUT.DepthResolution:16.0]]
[2020.11.18-23.12.40:453][  0]LogConfig: Setting CVar [[r.SkyAtmosphere.FastSkyLUT:1]]
[2020.11.18-23.12.40:453][  0]LogConfig: Setting CVar [[r.SkyAtmosphere.FastSkyLUT.SampleCountMin:4.0]]
[2020.11.18-23.12.40:453][  0]LogConfig: Setting CVar [[r.SkyAtmosphere.FastSkyLUT.SampleCountMax:32.0]]
[2020.11.18-23.12.40:453][  0]LogConfig: Setting CVar [[r.SkyAtmosphere.SampleCountMin:4.0]]
[2020.11.18-23.12.40:453][  0]LogConfig: Setting CVar [[r.SkyAtmosphere.SampleCountMax:32.0]]
[2020.11.18-23.12.40:453][  0]LogConfig: Setting CVar [[r.SkyAtmosphere.TransmittanceLUT.UseSmallFormat:0]]
[2020.11.18-23.12.40:453][  0]LogConfig: Setting CVar [[r.SkyAtmosphere.TransmittanceLUT.SampleCount:10.0]]
[2020.11.18-23.12.40:453][  0]LogConfig: Setting CVar [[r.SkyAtmosphere.MultiScatteringLUT.SampleCount:15.0]]
[2020.11.18-23.12.40:453][  0]LogConfig: Applying CVar settings from Section [FoliageQuality@3] File [C:/Users/onlyr/OneDrive - Staffordshire University/GameJam/WORKINGONE/-raisethegamejam-2020/RaiseTheGameJame2020/Saved/Config/Windows/Scalability.ini]
[2020.11.18-23.12.40:453][  0]LogConfig: Setting CVar [[foliage.DensityScale:1.0]]
[2020.11.18-23.12.40:453][  0]LogConfig: Setting CVar [[grass.DensityScale:1.0]]
[2020.11.18-23.12.40:454][  0]LogConfig: Applying CVar settings from Section [ShadingQuality@3] File [C:/Users/onlyr/OneDrive - Staffordshire University/GameJam/WORKINGONE/-raisethegamejam-2020/RaiseTheGameJame2020/Saved/Config/Windows/Scalability.ini]
[2020.11.18-23.12.40:454][  0]LogConfig: Setting CVar [[r.HairStrands.SkyLighting.SampleCount:16]]
[2020.11.18-23.12.40:454][  0]LogConfig: Setting CVar [[r.HairStrands.SkyLighting.JitterIntegration:0]]
[2020.11.18-23.12.40:454][  0]LogConfig: Setting CVar [[r.HairStrands.SkyAO.SampleCount:16]]
[2020.11.18-23.12.40:454][  0]LogConfig: Setting CVar [[r.HairStrands.DeepShadow.SuperSampling:0]]
[2020.11.18-23.12.40:454][  0]LogConfig: Setting CVar [[r.HairStrands.VisibilityPPLL:0]]
[2020.11.18-23.12.40:454][  0]LogConfig: Setting CVar [[r.HairStrands.RasterizationScale:0.5]]
[2020.11.18-23.12.40:454][  0]LogConfig: Setting CVar [[r.HairStrands.VelocityRasterizationScale:1]]
[2020.11.18-23.12.40:454][  0]LogInit: Selected Device Profile: [Windows]
[2020.11.18-23.12.40:454][  0]LogInit: Applying CVar settings loaded from the selected device profile: [Windows]
[2020.11.18-23.12.40:454][  0]LogHAL: Display: Platform has ~ 16 GB [17118105600 / 17179869184 / 16], which maps to Larger [LargestMinGB=32, LargerMinGB=12, DefaultMinGB=8, SmallerMinGB=6, SmallestMinGB=0)
[2020.11.18-23.12.40:454][  0]LogInit: Going up to parent DeviceProfile []
[2020.11.18-23.12.40:454][  0]LogConfig: Applying CVar settings from Section [ViewDistanceQuality@3] File [C:/Users/onlyr/OneDrive - Staffordshire University/GameJam/WORKINGONE/-raisethegamejam-2020/RaiseTheGameJame2020/Saved/Config/Windows/Scalability.ini]
[2020.11.18-23.12.40:454][  0]LogConfig: Setting CVar [[r.SkeletalMeshLODBias:0]]
[2020.11.18-23.12.40:454][  0]LogConfig: Setting CVar [[r.ViewDistanceScale:1.0]]
[2020.11.18-23.12.40:454][  0]LogConfig: Applying CVar settings from Section [AntiAliasingQuality@3] File [C:/Users/onlyr/OneDrive - Staffordshire University/GameJam/WORKINGONE/-raisethegamejam-2020/RaiseTheGameJame2020/Saved/Config/Windows/Scalability.ini]
[2020.11.18-23.12.40:454][  0]LogConfig: Setting CVar [[r.PostProcessAAQuality:4]]
[2020.11.18-23.12.40:454][  0]LogConfig: Applying CVar settings from Section [ShadowQuality@3] File [C:/Users/onlyr/OneDrive - Staffordshire University/GameJam/WORKINGONE/-raisethegamejam-2020/RaiseTheGameJame2020/Saved/Config/Windows/Scalability.ini]
[2020.11.18-23.12.40:454][  0]LogConfig: Setting CVar [[r.LightFunctionQuality:1]]
[2020.11.18-23.12.40:454][  0]LogConfig: Setting CVar [[r.ShadowQuality:5]]
[2020.11.18-23.12.40:455][  0]LogConfig: Setting CVar [[r.Shadow.CSM.MaxCascades:10]]
[2020.11.18-23.12.40:455][  0]LogConfig: Setting CVar [[r.Shadow.MaxResolution:2048]]
[2020.11.18-23.12.40:455][  0]LogConfig: Setting CVar [[r.Shadow.MaxCSMResolution:2048]]
[2020.11.18-23.12.40:455][  0]LogConfig: Setting CVar [[r.Shadow.RadiusThreshold:0.01]]
[2020.11.18-23.12.40:455][  0]LogConfig: Setting CVar [[r.Shadow.DistanceScale:1.0]]
[2020.11.18-23.12.40:455][  0]LogConfig: Setting CVar [[r.Shadow.CSM.TransitionScale:1.0]]
[2020.11.18-23.12.40:455][  0]LogConfig: Setting CVar [[r.Shadow.PreShadowResolutionFactor:1.0]]
[2020.11.18-23.12.40:455][  0]LogConfig: Setting CVar [[r.DistanceFieldShadowing:1]]
[2020.11.18-23.12.40:455][  0]LogConfig: Setting CVar [[r.DistanceFieldAO:1]]
[2020.11.18-23.12.40:455][  0]LogConfig: Setting CVar [[r.AOQuality:2]]
[2020.11.18-23.12.40:455][  0]LogConfig: Setting CVar [[r.VolumetricFog:1]]
[2020.11.18-23.12.40:455][  0]LogConfig: Setting CVar [[r.VolumetricFog.GridPixelSize:8]]
[2020.11.18-23.12.40:455][  0]LogConfig: Setting CVar [[r.VolumetricFog.GridSizeZ:128]]
[2020.11.18-23.12.40:455][  0]LogConfig: Setting CVar [[r.VolumetricFog.HistoryMissSupersampleCount:4]]
[2020.11.18-23.12.40:455][  0]LogConfig: Setting CVar [[r.LightMaxDrawDistanceScale:1]]
[2020.11.18-23.12.40:455][  0]LogConfig: Setting CVar [[r.CapsuleShadows:1]]
[2020.11.18-23.12.40:455][  0]LogConfig: Applying CVar settings from Section [PostProcessQuality@3] File [C:/Users/onlyr/OneDrive - Staffordshire University/GameJam/WORKINGONE/-raisethegamejam-2020/RaiseTheGameJame2020/Saved/Config/Windows/Scalability.ini]
[2020.11.18-23.12.40:455][  0]LogConfig: Setting CVar [[r.MotionBlurQuality:4]]
[2020.11.18-23.12.40:455][  0]LogConfig: Setting CVar [[r.AmbientOcclusionMipLevelFactor:0.4]]
[2020.11.18-23.12.40:455][  0]LogConfig: Setting CVar [[r.AmbientOcclusionMaxQuality:100]]
[2020.11.18-23.12.40:455][  0]LogConfig: Setting CVar [[r.AmbientOcclusionLevels:-1]]
[2020.11.18-23.12.40:455][  0]LogConfig: Setting CVar [[r.AmbientOcclusionRadiusScale:1.0]]
[2020.11.18-23.12.40:455][  0]LogConfig: Setting CVar [[r.DepthOfFieldQuality:2]]
[2020.11.18-23.12.40:455][  0]LogConfig: Setting CVar [[r.RenderTargetPoolMin:400]]
[2020.11.18-23.12.40:456][  0]LogConfig: Setting CVar [[r.LensFlareQuality:2]]
[2020.11.18-23.12.40:456][  0]LogConfig: Setting CVar [[r.SceneColorFringeQuality:1]]
[2020.11.18-23.12.40:456][  0]LogConfig: Setting CVar [[r.EyeAdaptationQuality:2]]
[2020.11.18-23.12.40:456][  0]LogConfig: Setting CVar [[r.BloomQuality:5]]
[2020.11.18-23.12.40:456][  0]LogConfig: Setting CVar [[r.FastBlurThreshold:100]]
[2020.11.18-23.12.40:456][  0]LogConfig: Setting CVar [[r.Upscale.Quality:3]]
[2020.11.18-23.12.40:456][  0]LogConfig: Setting CVar [[r.Tonemapper.GrainQuantization:1]]
[2020.11.18-23.12.40:456][  0]LogConfig: Setting CVar [[r.LightShaftQuality:1]]
[2020.11.18-23.12.40:456][  0]LogConfig: Setting CVar [[r.Filter.SizeScale:1]]
[2020.11.18-23.12.40:456][  0]LogConfig: Setting CVar [[r.Tonemapper.Quality:5]]
[2020.11.18-23.12.40:456][  0]LogConfig: Setting CVar [[r.DOF.Gather.AccumulatorQuality:1        ; higher gathering accumulator quality]]
[2020.11.18-23.12.40:456][  0]LogConfig: Setting CVar [[r.DOF.Gather.PostfilterMethod:1          ; Median3x3 postfilering method]]
[2020.11.18-23.12.40:456][  0]LogConfig: Setting CVar [[r.DOF.Gather.EnableBokehSettings:0       ; no bokeh simulation when gathering]]
[2020.11.18-23.12.40:456][  0]LogConfig: Setting CVar [[r.DOF.Gather.RingCount:4                 ; medium number of samples when gathering]]
[2020.11.18-23.12.40:456][  0]LogConfig: Setting CVar [[r.DOF.Scatter.ForegroundCompositing:1    ; additive foreground scattering]]
[2020.11.18-23.12.40:456][  0]LogConfig: Setting CVar [[r.DOF.Scatter.BackgroundCompositing:2    ; additive background scattering]]
[2020.11.18-23.12.40:456][  0]LogConfig: Setting CVar [[r.DOF.Scatter.EnableBokehSettings:1      ; bokeh simulation when scattering]]
[2020.11.18-23.12.40:456][  0]LogConfig: Setting CVar [[r.DOF.Scatter.MaxSpriteRatio:0.1         ; only a maximum of 10% of scattered bokeh]]
[2020.11.18-23.12.40:456][  0]LogConfig: Setting CVar [[r.DOF.Recombine.Quality:1                ; cheap slight out of focus]]
[2020.11.18-23.12.40:456][  0]LogConfig: Setting CVar [[r.DOF.Recombine.EnableBokehSettings:0    ; no bokeh simulation on slight out of focus]]
[2020.11.18-23.12.40:456][  0]LogConfig: Setting CVar [[r.DOF.TemporalAAQuality:1                ; more stable temporal accumulation]]
[2020.11.18-23.12.40:456][  0]LogConfig: Setting CVar [[r.DOF.Kernel.MaxForegroundRadius:0.025]]
[2020.11.18-23.12.40:456][  0]LogConfig: Setting CVar [[r.DOF.Kernel.MaxBackgroundRadius:0.025]]
[2020.11.18-23.12.40:456][  0]LogConfig: Applying CVar settings from Section [TextureQuality@3] File [C:/Users/onlyr/OneDrive - Staffordshire University/GameJam/WORKINGONE/-raisethegamejam-2020/RaiseTheGameJame2020/Saved/Config/Windows/Scalability.ini]
[2020.11.18-23.12.40:457][  0]LogConfig: Setting CVar [[r.Streaming.MipBias:0]]
[2020.11.18-23.12.40:457][  0]LogConfig: Setting CVar [[r.Streaming.AmortizeCPUToGPUCopy:0]]
[2020.11.18-23.12.40:457][  0]LogConfig: Setting CVar [[r.Streaming.MaxNumTexturesToStreamPerFrame:0]]
[2020.11.18-23.12.40:457][  0]LogConfig: Setting CVar [[r.Streaming.Boost:1]]
[2020.11.18-23.12.40:457][  0]LogConfig: Setting CVar [[r.MaxAnisotropy:8]]
[2020.11.18-23.12.40:457][  0]LogConfig: Setting CVar [[r.VT.MaxAnisotropy:8]]
[2020.11.18-23.12.40:457][  0]LogConfig: Setting CVar [[r.Streaming.LimitPoolSizeToVRAM:0]]
[2020.11.18-23.12.40:457][  0]LogConfig: Setting CVar [[r.Streaming.PoolSize:1000]]
[2020.11.18-23.12.40:457][  0]LogConfig: Setting CVar [[r.Streaming.MaxEffectiveScreenSize:0]]
[2020.11.18-23.12.40:457][  0]LogConfig: Applying CVar settings from Section [EffectsQuality@3] File [C:/Users/onlyr/OneDrive - Staffordshire University/GameJam/WORKINGONE/-raisethegamejam-2020/RaiseTheGameJame2020/Saved/Config/Windows/Scalability.ini]
[2020.11.18-23.12.40:457][  0]LogConfig: Setting CVar [[r.TranslucencyLightingVolumeDim:64]]
[2020.11.18-23.12.40:457][  0]LogConfig: Setting CVar [[r.RefractionQuality:2]]
[2020.11.18-23.12.40:457][  0]LogConfig: Setting CVar [[r.SSR.Quality:3]]
[2020.11.18-23.12.40:457][  0]LogConfig: Setting CVar [[r.SSR.HalfResSceneColor:0]]
[2020.11.18-23.12.40:457][  0]LogConfig: Setting CVar [[r.SceneColorFormat:4]]
[2020.11.18-23.12.40:457][  0]LogConfig: Setting CVar [[r.DetailMode:2]]
[2020.11.18-23.12.40:457][  0]LogConfig: Setting CVar [[r.TranslucencyVolumeBlur:1]]
[2020.11.18-23.12.40:457][  0]LogConfig: Setting CVar [[r.MaterialQualityLevel:1 ; High quality]]
[2020.11.18-23.12.40:457][  0]LogConfig: Setting CVar [[r.SSS.Scale:1]]
[2020.11.18-23.12.40:457][  0]LogConfig: Setting CVar [[r.SSS.SampleSet:2]]
[2020.11.18-23.12.40:457][  0]LogConfig: Setting CVar [[r.SSS.Quality:1]]
[2020.11.18-23.12.40:457][  0]LogConfig: Setting CVar [[r.SSS.HalfRes:0]]
[2020.11.18-23.12.40:457][  0]LogConfig: Setting CVar [[r.SSGI.Quality:3]]
[2020.11.18-23.12.40:457][  0]LogConfig: Setting CVar [[r.EmitterSpawnRateScale:1.0]]
[2020.11.18-23.12.40:457][  0]LogConfig: Setting CVar [[r.ParticleLightQuality:2]]
[2020.11.18-23.12.40:458][  0]LogConfig: Setting CVar [[r.SkyAtmosphere.AerialPerspectiveLUT.FastApplyOnOpaque:1 ; Always have FastSkyLUT 1 in this case to avoid wrong sky]]
[2020.11.18-23.12.40:458][  0]LogConfig: Setting CVar [[r.SkyAtmosphere.AerialPerspectiveLUT.SampleCountPerSlice:1]]
[2020.11.18-23.12.40:458][  0]LogConfig: Setting CVar [[r.SkyAtmosphere.AerialPerspectiveLUT.DepthResolution:16.0]]
[2020.11.18-23.12.40:458][  0]LogConfig: Setting CVar [[r.SkyAtmosphere.FastSkyLUT:1]]
[2020.11.18-23.12.40:458][  0]LogConfig: Setting CVar [[r.SkyAtmosphere.FastSkyLUT.SampleCountMin:4.0]]
[2020.11.18-23.12.40:458][  0]LogConfig: Setting CVar [[r.SkyAtmosphere.FastSkyLUT.SampleCountMax:32.0]]
[2020.11.18-23.12.40:458][  0]LogConfig: Setting CVar [[r.SkyAtmosphere.SampleCountMin:4.0]]
[2020.11.18-23.12.40:458][  0]LogConfig: Setting CVar [[r.SkyAtmosphere.SampleCountMax:32.0]]
[2020.11.18-23.12.40:458][  0]LogConfig: Setting CVar [[r.SkyAtmosphere.TransmittanceLUT.UseSmallFormat:0]]
[2020.11.18-23.12.40:458][  0]LogConfig: Setting CVar [[r.SkyAtmosphere.TransmittanceLUT.SampleCount:10.0]]
[2020.11.18-23.12.40:458][  0]LogConfig: Setting CVar [[r.SkyAtmosphere.MultiScatteringLUT.SampleCount:15.0]]
[2020.11.18-23.12.40:458][  0]LogConfig: Applying CVar settings from Section [FoliageQuality@3] File [C:/Users/onlyr/OneDrive - Staffordshire University/GameJam/WORKINGONE/-raisethegamejam-2020/RaiseTheGameJame2020/Saved/Config/Windows/Scalability.ini]
[2020.11.18-23.12.40:458][  0]LogConfig: Setting CVar [[foliage.DensityScale:1.0]]
[2020.11.18-23.12.40:459][  0]LogConfig: Setting CVar [[grass.DensityScale:1.0]]
[2020.11.18-23.12.40:459][  0]LogConfig: Applying CVar settings from Section [ShadingQuality@3] File [C:/Users/onlyr/OneDrive - Staffordshire University/GameJam/WORKINGONE/-raisethegamejam-2020/RaiseTheGameJame2020/Saved/Config/Windows/Scalability.ini]
[2020.11.18-23.12.40:459][  0]LogConfig: Setting CVar [[r.HairStrands.SkyLighting.SampleCount:16]]
[2020.11.18-23.12.40:459][  0]LogConfig: Setting CVar [[r.HairStrands.SkyLighting.JitterIntegration:0]]
[2020.11.18-23.12.40:459][  0]LogConfig: Setting CVar [[r.HairStrands.SkyAO.SampleCount:16]]
[2020.11.18-23.12.40:459][  0]LogConfig: Setting CVar [[r.HairStrands.DeepShadow.SuperSampling:0]]
[2020.11.18-23.12.40:459][  0]LogConfig: Setting CVar [[r.HairStrands.VisibilityPPLL:0]]
[2020.11.18-23.12.40:459][  0]LogConfig: Setting CVar [[r.HairStrands.RasterizationScale:0.5]]
[2020.11.18-23.12.40:459][  0]LogConfig: Setting CVar [[r.HairStrands.VelocityRasterizationScale:1]]
[2020.11.18-23.12.40:459][  0]LogConfig: Applying CVar settings from Section [Startup] File [../../../Engine/Config/ConsoleVariables.ini]
[2020.11.18-23.12.40:461][  0]LogConfig: Setting CVar [[net.UseAdaptiveNetUpdateFrequency:0]]
[2020.11.18-23.12.40:461][  0]LogConfig: Setting CVar [[p.chaos.AllowCreatePhysxBodies:1]]
[2020.11.18-23.12.40:461][  0]LogConfig: Setting CVar [[fx.SkipVectorVMBackendOptimizations:1]]
[2020.11.18-23.12.40:461][  0]LogConfig: Applying CVar settings from Section [ConsoleVariables] File [C:/Users/onlyr/OneDrive - Staffordshire University/GameJam/WORKINGONE/-raisethegamejam-2020/RaiseTheGameJame2020/Saved/Config/Windows/Engine.ini]
[2020.11.18-23.12.40:461][  0]LogInit: Computer: DESKTOP-C123S3I
[2020.11.18-23.12.40:461][  0]LogInit: User: onlyr
[2020.11.18-23.12.40:461][  0]LogInit: CPU Page size=4096, Cores=6
[2020.11.18-23.12.40:461][  0]LogInit: High frequency timer resolution =10.000000 MHz
[2020.11.18-23.12.40:461][  0]LogMemory: Memory total: Physical=15.9GB (16GB approx)
[2020.11.18-23.12.40:461][  0]LogMemory: Platform Memory Stats for Windows
[2020.11.18-23.12.40:462][  0]LogMemory: Process Physical Memory: 115.77 MB used, 115.77 MB peak
[2020.11.18-23.12.40:462][  0]LogMemory: Process Virtual Memory: 104.02 MB used, 104.02 MB peak
[2020.11.18-23.12.40:462][  0]LogMemory: Physical Memory: 10036.27 MB used,  6288.83 MB free, 16325.10 MB total
[2020.11.18-23.12.40:462][  0]LogMemory: Virtual Memory: 5147.09 MB used,  134212584.00 MB free, 134217728.00 MB total
[2020.11.18-23.12.40:470][  0]LogWindows: WindowsPlatformFeatures enabled
[2020.11.18-23.12.40:646][  0]LogInit: Physics initialised using underlying interface: PhysX
[2020.11.18-23.12.40:647][  0]LogInit: Using OS detected language (en-GB).
[2020.11.18-23.12.40:647][  0]LogInit: Using OS detected locale (en-GB).
[2020.11.18-23.12.40:653][  0]LogTextLocalizationManager: No specific localization for 'en-GB' exists, so the 'en' localization will be used.
[2020.11.18-23.12.40:824][  0]LogInit: Setting process to per monitor DPI aware
[2020.11.18-23.12.40:868][  0]LogSlate: New Slate User Created.  User Index 0, Is Virtual User: 0
[2020.11.18-23.12.40:868][  0]LogSlate: Slate User Registered.  User Index 0, Is Virtual User: 0
[2020.11.18-23.12.40:992][  0]LogHMD: Failed to initialize OpenVR with code 110
[2020.11.18-23.12.40:992][  0]LogD3D11RHI: D3D11 min allowed feature level: 11_0
[2020.11.18-23.12.40:992][  0]LogD3D11RHI: D3D11 max allowed feature level: 11_0
[2020.11.18-23.12.40:992][  0]LogD3D11RHI: D3D11 adapters:
[2020.11.18-23.12.41:090][  0]LogD3D11RHI:    0. 'NVIDIA GeForce GTX 1050 Ti' (Feature Level 11_0)
[2020.11.18-23.12.41:090][  0]LogD3D11RHI:       4018/0/8162 MB DedicatedVideo/DedicatedSystem/SharedSystem, Outputs:1, VendorId:0x10de
[2020.11.18-23.12.41:095][  0]LogD3D11RHI:    1. 'Microsoft Basic Render Driver' (Feature Level 11_0)
[2020.11.18-23.12.41:095][  0]LogD3D11RHI:       0/0/8162 MB DedicatedVideo/DedicatedSystem/SharedSystem, Outputs:0, VendorId:0x1414
[2020.11.18-23.12.41:095][  0]LogD3D11RHI: Chosen D3D11 Adapter: 0
[2020.11.18-23.12.41:101][  0]LogD3D11RHI: Creating new Direct3DDevice
[2020.11.18-23.12.41:101][  0]LogD3D11RHI:     GPU DeviceId: 0x1c82 (for the marketing name, search the web for "GPU Device Id")
[2020.11.18-23.12.41:101][  0]LogWindows: EnumDisplayDevices:
[2020.11.18-23.12.41:101][  0]LogWindows:    0. 'NVIDIA GeForce GTX 1050 Ti' (P:1 D:1)
[2020.11.18-23.12.41:101][  0]LogWindows:    1. 'NVIDIA GeForce GTX 1050 Ti' (P:0 D:0)
[2020.11.18-23.12.41:102][  0]LogWindows:    2. 'NVIDIA GeForce GTX 1050 Ti' (P:0 D:0)
[2020.11.18-23.12.41:102][  0]LogWindows:    3. 'NVIDIA GeForce GTX 1050 Ti' (P:0 D:0)
[2020.11.18-23.12.41:103][  0]LogWindows: DebugString: FoundDriverCount:4 
[2020.11.18-23.12.41:103][  0]LogD3D11RHI:     Adapter Name: NVIDIA GeForce GTX 1050 Ti
[2020.11.18-23.12.41:103][  0]LogD3D11RHI:   Driver Version: 457.30 (internal:27.21.14.5730, unified:457.30)
[2020.11.18-23.12.41:103][  0]LogD3D11RHI:      Driver Date: 11-6-2020
[2020.11.18-23.12.41:103][  0]LogRHI: Texture pool is 2812 MB (70% of 4018 MB)
[2020.11.18-23.12.41:166][  0]LogD3D11RHI: RHI has support for 64 bit atomics
[2020.11.18-23.12.41:166][  0]LogD3D11RHI: Async texture creation enabled
[2020.11.18-23.12.41:166][  0]LogD3D11RHI: Array index from any shader is supported
[2020.11.18-23.12.41:189][  0]LogD3D11RHI: GPU Timing Frequency: 1000.000000 (Debug: 2 1)
[2020.11.18-23.12.41:454][  0]LogTargetPlatformManager: Display: Loaded TargetPlatform 'AllDesktop'
[2020.11.18-23.12.41:478][  0]LogTargetPlatformManager: Display: Loaded TargetPlatform 'Android'
[2020.11.18-23.12.41:478][  0]LogTargetPlatformManager: Display: Loaded TargetPlatform 'Android_ASTC'
[2020.11.18-23.12.41:478][  0]LogTargetPlatformManager: Display: Loaded TargetPlatform 'Android_DXT'
[2020.11.18-23.12.41:478][  0]LogTargetPlatformManager: Display: Loaded TargetPlatform 'Android_ETC2'
[2020.11.18-23.12.41:478][  0]LogTargetPlatformManager: Display: Loaded TargetPlatform 'AndroidClient'
[2020.11.18-23.12.41:478][  0]LogTargetPlatformManager: Display: Loaded TargetPlatform 'Android_ASTCClient'
[2020.11.18-23.12.41:478][  0]LogTargetPlatformManager: Display: Loaded TargetPlatform 'Android_DXTClient'
[2020.11.18-23.12.41:478][  0]LogTargetPlatformManager: Display: Loaded TargetPlatform 'Android_ETC2Client'
[2020.11.18-23.12.41:478][  0]LogTargetPlatformManager: Display: Loaded TargetPlatform 'Android_Multi'
[2020.11.18-23.12.41:478][  0]LogTargetPlatformManager: Display: Loaded TargetPlatform 'Android_MultiClient'
[2020.11.18-23.12.41:507][  0]LogTargetPlatformManager: Display: Loaded TargetPlatform 'IOSClient'
[2020.11.18-23.12.41:507][  0]LogTargetPlatformManager: Display: Loaded TargetPlatform 'IOS'
[2020.11.18-23.12.41:519][  0]LogTargetPlatformManager: Display: Loaded TargetPlatform 'Linux'
[2020.11.18-23.12.41:529][  0]LogTargetPlatformManager: Display: Loaded TargetPlatform 'LinuxNoEditor'
[2020.11.18-23.12.41:540][  0]LogTargetPlatformManager: Display: Loaded TargetPlatform 'LinuxClient'
[2020.11.18-23.12.41:551][  0]LogTargetPlatformManager: Display: Loaded TargetPlatform 'LinuxServer'
[2020.11.18-23.12.41:561][  0]LogTargetPlatformManager: Display: Loaded TargetPlatform 'LinuxAArch64NoEditor'
[2020.11.18-23.12.41:572][  0]LogTargetPlatformManager: Display: Loaded TargetPlatform 'LinuxAArch64Client'
[2020.11.18-23.12.41:582][  0]LogTargetPlatformManager: Display: Loaded TargetPlatform 'LinuxAArch64Server'
[2020.11.18-23.12.41:610][  0]LogTargetPlatformManager: Display: Loaded TargetPlatform 'Lumin'
[2020.11.18-23.12.41:610][  0]LogTargetPlatformManager: Display: Loaded TargetPlatform 'LuminClient'
[2020.11.18-23.12.41:627][  0]LogTargetPlatformManager: Display: Loaded TargetPlatform 'TVOSClient'
[2020.11.18-23.12.41:627][  0]LogTargetPlatformManager: Display: Loaded TargetPlatform 'TVOS'
[2020.11.18-23.12.41:638][  0]LogTargetPlatformManager: Display: Loaded TargetPlatform 'WindowsNoEditor'
[2020.11.18-23.12.41:649][  0]LogTargetPlatformManager: Display: Loaded TargetPlatform 'Windows'
[2020.11.18-23.12.41:660][  0]LogTargetPlatformManager: Display: Loaded TargetPlatform 'WindowsClient'
[2020.11.18-23.12.41:671][  0]LogTargetPlatformManager: Display: Loaded TargetPlatform 'WindowsServer'
[2020.11.18-23.12.41:671][  0]LogTargetPlatformManager: Display: Building Assets For Windows
[2020.11.18-23.12.41:685][  0]LogAudioDebug: Display: Lib vorbis DLL was dynamically loaded.
[2020.11.18-23.12.41:794][  0]LogShaderCompilers: Guid format shader working directory is -80 characters bigger than the processId version (../../../../../../Users/onlyr/OneDrive - Staffordshire University/GameJam/WORKINGONE/-raisethegamejam-2020/RaiseTheGameJame2020/Intermediate/Shaders/WorkingDirectory/264/).
[2020.11.18-23.12.41:795][  0]LogShaderCompilers: Cleaned the shader compiler working directory 'C:/Users/onlyr/AppData/Local/Temp/UnrealShaderWorkingDir/9B4BACD5431015D3F6FAD1A9149C01FA/'.
[2020.11.18-23.12.41:795][  0]LogXGEController: Cleaning working directory: C:/Users/onlyr/AppData/Local/Temp/UnrealXGEWorkingDir/
[2020.11.18-23.12.41:795][  0]LogXGEController: Cannot use XGE Controller as Incredibuild is not installed on this machine.
[2020.11.18-23.12.41:795][  0]LogShaderCompilers: Cannot use XGE Shader Compiler as Incredibuild is not installed on this machine.
[2020.11.18-23.12.41:795][  0]LogShaderCompilers: Display: Using Local Shader Compiler.
[2020.11.18-23.12.42:503][  0]LogDerivedDataCache: Display: Max Cache Size: 512 MB
[2020.11.18-23.12.42:555][  0]LogDerivedDataCache: Loaded boot cache 0.05s 79MB C:/Users/onlyr/AppData/Local/UnrealEngine/4.25/DerivedDataCache/Boot.ddc.
[2020.11.18-23.12.42:555][  0]LogDerivedDataCache: Display: Loaded Boot cache: C:/Users/onlyr/AppData/Local/UnrealEngine/4.25/DerivedDataCache/Boot.ddc
[2020.11.18-23.12.42:555][  0]LogDerivedDataCache: FDerivedDataBackendGraph:  Pak pak cache file ../../../../../../Users/onlyr/OneDrive - Staffordshire University/GameJam/WORKINGONE/-raisethegamejam-2020/RaiseTheGameJame2020/DerivedDataCache/DDC.ddp not found, will not use a pak cache.
[2020.11.18-23.12.42:556][  0]LogDerivedDataCache: Unable to find inner node Pak for hierarchical cache Hierarchy.
[2020.11.18-23.12.42:556][  0]LogDerivedDataCache: FDerivedDataBackendGraph:  CompressedPak pak cache file ../../../../../../Users/onlyr/OneDrive - Staffordshire University/GameJam/WORKINGONE/-raisethegamejam-2020/RaiseTheGameJame2020/DerivedDataCache/Compressed.ddp not found, will not use a pak cache.
[2020.11.18-23.12.42:556][  0]LogDerivedDataCache: Unable to find inner node CompressedPak for hierarchical cache Hierarchy.
[2020.11.18-23.12.42:566][  0]LogDerivedDataCache: Display: Pak cache opened for reading ../../../Engine/DerivedDataCache/Compressed.ddp.
[2020.11.18-23.12.42:566][  0]LogDerivedDataCache: FDerivedDataBackendGraph:  EnterprisePak pak cache file ../../../Enterprise/DerivedDataCache/Compressed.ddp not found, will not use a pak cache.
[2020.11.18-23.12.42:566][  0]LogDerivedDataCache: Unable to find inner node EnterprisePak for hierarchical cache Hierarchy.
[2020.11.18-23.12.42:568][  0]LogDerivedDataCache: Using Local data cache path C:/Users/onlyr/AppData/Local/UnrealEngine/Common/DerivedDataCache: Writable
[2020.11.18-23.12.42:568][  0]LogDerivedDataCache: Shared data cache path not found in *engine.ini, will not use an Shared cache.
[2020.11.18-23.12.42:568][  0]LogDerivedDataCache: Unable to find inner node Shared for hierarchical cache Hierarchy.
[2020.11.18-23.12.42:619][  0]LogSlate: Using FreeType 2.10.0
[2020.11.18-23.12.42:619][  0]LogSlate: SlateFontServices - WITH_FREETYPE: 1, WITH_HARFBUZZ: 1
[2020.11.18-23.12.42:646][  0]LogAssetRegistry: FAssetRegistry took 0.0046 seconds to start up
[2020.11.18-23.12.42:867][  0]LogInit: Selected Device Profile: [Windows]
[2020.11.18-23.12.42:993][  0]LogMeshReduction: Using QuadricMeshReduction for automatic static mesh reduction
[2020.11.18-23.12.42:993][  0]LogMeshReduction: Using SimplygonMeshReduction for automatic skeletal mesh reduction
[2020.11.18-23.12.42:993][  0]LogMeshReduction: Using ProxyLODMeshReduction for automatic mesh merging
[2020.11.18-23.12.42:993][  0]LogMeshReduction: No distributed automatic mesh merging module available
[2020.11.18-23.12.42:993][  0]LogMeshMerging: No distributed automatic mesh merging module available
[2020.11.18-23.12.43:008][  0]LogNetVersion: RaiseTheGameJame2020 1.0.0, NetCL: 13144385, EngineNetVer: 14, GameNetVer: 0 (Checksum: 1455622770)
[2020.11.18-23.12.43:399][  0]LogAISub: UAISubsystem::UAISubsystem AISubsystem (000002884B925340), frame # 0
[2020.11.18-23.12.43:399][  0]LogAISub: UAISubsystem::UAISubsystem AIPerceptionSystem (000002884B87DA80), frame # 0
[2020.11.18-23.12.43:401][  0]LogAISub: UAISubsystem::UAISubsystem EnvQueryManager (000002884B8D9C00), frame # 0
[2020.11.18-23.12.43:458][  0]LogPackageLocalizationCache: Processed 19 localized package path(s) for 1 prioritized culture(s) in 0.050631 seconds
[2020.11.18-23.12.43:463][  0]LogUObjectArray: 15917 objects as part of root set at end of initial load.
[2020.11.18-23.12.43:463][  0]LogUObjectAllocator: 3965568 out of 0 bytes used by permanent object pool.
[2020.11.18-23.12.43:464][  0]LogUObjectArray: CloseDisregardForGC: 0/0 objects in disregard for GC pool
[2020.11.18-23.12.43:913][  0]LogTcpMessaging: Initializing TcpMessaging bridge
[2020.11.18-23.12.43:920][  0]LogUdpMessaging: Initializing bridge on interface 0.0.0.0:0 to multicast group 230.0.0.1:6666.
[2020.11.18-23.12.44:171][  0]SourceControl: Source control is disabled
[2020.11.18-23.12.44:171][  0]SourceControl: Source control is disabled
[2020.11.18-23.12.44:176][  0]SourceControl: Source control is disabled
[2020.11.18-23.12.44:180][  0]SourceControl: Source control is disabled
[2020.11.18-23.12.44:190][  0]SourceControl: Source control is disabled
[2020.11.18-23.12.44:529][  0]LogAndroidPermission: UAndroidPermissionCallbackProxy::GetInstance
[2020.11.18-23.12.44:558][  0]LogAudioCaptureCore: Display: No Audio Capture implementations found. Audio input will be silent.
[2020.11.18-23.12.44:558][  0]LogAudioCaptureCore: Display: No Audio Capture implementations found. Audio input will be silent.
[2020.11.18-23.12.44:618][  0]LogOcInput: OculusInput pre-init called
[2020.11.18-23.12.44:631][  0]LogWindows: Failed to load 'OVRPlugin.dll' (GetLastError=126)
[2020.11.18-23.12.44:632][  0]LogWindows: File 'OVRPlugin.dll' does not exist
[2020.11.18-23.12.44:701][  0]LogEngine: Initializing Engine...
[2020.11.18-23.12.44:702][  0]LogHMD: Failed to initialize OpenVR with code 110
[2020.11.18-23.12.44:702][  0]LogMagicLeap: Warning: VR disabled because ZI is not enabled.  To enable, in the editor, Edit -> Project Settings -> Plugins -> Magic Leap Plugin -> Enable Zero Iteration
[2020.11.18-23.12.44:703][  0]LogStats: UGameplayTagsManager::InitializeManager -  0.000 s
[2020.11.18-23.12.44:811][  0]LogInit: Initializing FReadOnlyCVARCache
[2020.11.18-23.12.44:820][  0]LogAIModule: Creating AISystem for world Untitled
[2020.11.18-23.12.44:820][  0]LogAISub: UAISubsystem::UAISubsystem EnvQueryManager (000002884D850600), frame # 0
[2020.11.18-23.12.44:820][  0]LogAISub: UAISubsystem::UAISubsystem AIPerceptionSystem (000002884D84DF80), frame # 0
[2020.11.18-23.12.44:839][  0]LogAudioMixer: Display: Audio Mixer Platform Settings:
[2020.11.18-23.12.44:839][  0]LogAudioMixer: Display: 	Sample Rate:						  48000
[2020.11.18-23.12.44:839][  0]LogAudioMixer: Display: 	Callback Buffer Frame Size Requested: 1024
[2020.11.18-23.12.44:839][  0]LogAudioMixer: Display: 	Callback Buffer Frame Size To Use:	  1024
[2020.11.18-23.12.44:839][  0]LogAudioMixer: Display: 	Number of buffers to queue:			  2
[2020.11.18-23.12.44:839][  0]LogAudioMixer: Display: 	Max Channels (voices):				  32
[2020.11.18-23.12.44:839][  0]LogAudioMixer: Display: 	Number of Async Source Workers:		  0
[2020.11.18-23.12.44:839][  0]LogAudio: Display: AudioDevice MaxSources: 32
[2020.11.18-23.12.44:840][  0]LogAudio: Display: Using built-in audio occlusion.
[2020.11.18-23.12.44:840][  0]LogAudioMixer: Display: Initializing audio mixer.
[2020.11.18-23.12.44:857][  0]LogAudioMixer: Display: 0: FrontLeft
[2020.11.18-23.12.44:858][  0]LogAudioMixer: Display: 1: FrontRight
[2020.11.18-23.12.44:858][  0]LogAudioMixer: Display: 2: FrontCenter
[2020.11.18-23.12.44:858][  0]LogAudioMixer: Display: 3: LowFrequency
[2020.11.18-23.12.44:858][  0]LogAudioMixer: Display: 4: BackLeft
[2020.11.18-23.12.44:858][  0]LogAudioMixer: Display: 5: BackRight
[2020.11.18-23.12.44:858][  0]LogAudioMixer: Display: 6: SideLeft
[2020.11.18-23.12.44:858][  0]LogAudioMixer: Display: 7: SideRight
[2020.11.18-23.12.44:907][  0]LogAudioMixer: Display: Using Audio Device Speakers (2- Logitech G430 Gaming Headset)
[2020.11.18-23.12.44:909][  0]LogAudioMixer: Display: Initializing Sound Submixes...
[2020.11.18-23.12.44:911][  0]LogAudioMixer: Display: Creating Master Submix 'MasterSubmixDefault'
[2020.11.18-23.12.44:912][  0]LogAudioMixer: Display: Creating Master Submix 'MasterReverbSubmixDefault'
[2020.11.18-23.12.44:913][  0]LogAudioMixer: Display: Creating Master Submix 'MasterEQSubmixDefault'
[2020.11.18-23.12.44:914][  0]LogInit: FAudioDevice initialized.
[2020.11.18-23.12.44:915][  0]LogNetVersion: Set ProjectVersion to 1.0.0.0. Version Checksum will be recalculated on next use.
[2020.11.18-23.12.44:981][  0]LogDerivedDataCache: Saved boot cache 0.07s 79MB C:/Users/onlyr/AppData/Local/UnrealEngine/4.25/DerivedDataCache/Boot.ddc.
[2020.11.18-23.12.44:985][  0]LogInit: Texture streaming: Enabled
[2020.11.18-23.12.45:009][  0]LogEngineSessionManager: EngineSessionManager initialized
[2020.11.18-23.12.45:009][  0]LogEngineSessionManager: EngineSessionManager sent abnormal shutdown report. Type=Debugger, SessionId={22FF3774-4347-AD53-E935-24A6C720D3C9}
[2020.11.18-23.12.45:009][  0]LogEditorSessionSummary: Verbose: Initializing EditorSessionSummaryWriter for editor session tracking
[2020.11.18-23.12.45:011][  0]LogEditorSessionSummary: EditorSessionSummaryWriter initialized
[2020.11.18-23.12.45:066][  0]LogInit: Transaction tracking system initialized
[2020.11.18-23.12.45:095][  0]BlueprintLog: New page: Editor Load
[2020.11.18-23.12.45:201][  0]LocalizationService: Localization service is disabled
[2020.11.18-23.12.45:370][  0]LogCook: Display: Max memory allowance for cook 16384mb min free memory 0mb
[2020.11.18-23.12.45:370][  0]LogCook: Display: Mobile HDR setting 1
[2020.11.18-23.12.45:545][  0]LogFileCache: Scanning file cache for directory 'C:/Users/onlyr/OneDrive - Staffordshire University/GameJam/WORKINGONE/-raisethegamejam-2020/RaiseTheGameJame2020/Content/' took 0.00s
[2020.11.18-23.12.45:741][  0]SourceControl: Source control is disabled
[2020.11.18-23.12.45:741][  0]LogUnrealEdMisc: Loading editor; pre map load, took 6.930
[2020.11.18-23.12.45:742][  0]LightingResults: New page: Lighting Build
[2020.11.18-23.12.45:742][  0]LogWorld: UWorld::CleanupWorld for Untitled, bSessionEnded=true, bCleanupResources=true
[2020.11.18-23.12.45:743][  0]LogSlate: InvalidateAllWidgets triggered.  All widgets were invalidated
[2020.11.18-23.12.45:743][  0]MapCheck: New page: Map Check
[2020.11.18-23.12.45:743][  0]LightingResults: New page: Lighting Build
[2020.11.18-23.12.45:753][  0]LogAISub: UAISubsystem::~UAISubsystem EnvQueryManager (000002884D850600), frame # 0
[2020.11.18-23.12.45:753][  0]LogAISub: UAISubsystem::~UAISubsystem AIPerceptionSystem (000002884D84DF80), frame # 0
[2020.11.18-23.12.45:754][  0]LogUObjectHash: Compacting FUObjectHashTables data took   0.69ms
[2020.11.18-23.12.45:814][  0]LogAIModule: Creating AISystem for world ThirdPersonExampleMap
[2020.11.18-23.12.45:814][  0]LogAISub: UAISubsystem::UAISubsystem EnvQueryManager (000002883E249E00), frame # 0
[2020.11.18-23.12.45:814][  0]LogAISub: UAISubsystem::UAISubsystem AIPerceptionSystem (000002884854EAC0), frame # 0
[2020.11.18-23.12.45:828][  0]LogEditorServer: Finished looking for orphan Actors (0.000 secs)
[2020.11.18-23.12.45:839][  0]LogUObjectHash: Compacting FUObjectHashTables data took   0.65ms
[2020.11.18-23.12.45:840][  0]Cmd: MAP CHECKDEP NOCLEARLOG
[2020.11.18-23.12.45:840][  0]MapCheck: Map check complete: 0 Error(s), 0 Warning(s), took 0.179ms to complete.
[2020.11.18-23.12.45:840][  0]LogFileHelpers: Loading map 'ThirdPersonExampleMap' took 0.100
[2020.11.18-23.12.45:843][  0]LogUnrealEdMisc: Total Editor Startup Time, took 7.032
[2020.11.18-23.12.45:989][  0]LogSlate: Updating window title bar state: overlay mode, drag disabled, window buttons hidden, title bar hidden
[2020.11.18-23.12.45:995][  0]LogSlate: Updating window title bar state: overlay mode, drag disabled, window buttons hidden, title bar hidden
[2020.11.18-23.12.46:002][  0]LogSlate: Updating window title bar state: overlay mode, drag disabled, window buttons hidden, title bar hidden
[2020.11.18-23.12.46:008][  0]LogSlate: Updating window title bar state: overlay mode, drag disabled, window buttons hidden, title bar hidden
[2020.11.18-23.12.46:015][  0]LogCollectionManager: Loaded 0 collections in 0.001856 seconds
[2020.11.18-23.12.46:032][  0]LogFileCache: Scanning file cache for directory 'C:/Users/onlyr/OneDrive - Staffordshire University/GameJam/WORKINGONE/-raisethegamejam-2020/RaiseTheGameJame2020/Saved/Collections/' took 0.00s
[2020.11.18-23.12.46:033][  0]LogFileCache: Scanning file cache for directory 'C:/Users/onlyr/OneDrive - Staffordshire University/GameJam/WORKINGONE/-raisethegamejam-2020/RaiseTheGameJame2020/Content/Developers/onlyr/Collections/' took 0.00s
[2020.11.18-23.12.46:033][  0]LogFileCache: Scanning file cache for directory 'C:/Users/onlyr/OneDrive - Staffordshire University/GameJam/WORKINGONE/-raisethegamejam-2020/RaiseTheGameJame2020/Content/Collections/' took 0.00s
[2020.11.18-23.12.46:033][  0]LogContentBrowser: Native class hierarchy populated in 0.0087 seconds. Added 3431 classes and 824 folders.
[2020.11.18-23.12.46:035][  0]LogContentBrowser: Native class hierarchy updated for 'WidgetCarousel' in 0.0005 seconds. Added 0 classes and 0 folders.
[2020.11.18-23.12.46:082][  0]LogContentBrowser: Native class hierarchy updated for 'AddContentDialog' in 0.0004 seconds. Added 0 classes and 0 folders.
[2020.11.18-23.12.46:084][  0]LogContentBrowser: Native class hierarchy updated for 'SceneOutliner' in 0.0005 seconds. Added 2 classes and 0 folders.
[2020.11.18-23.12.46:116][  0]LogSlate: Took 0.000153 seconds to synchronously load lazily loaded font '../../../Engine/Content/Slate/Fonts/Roboto-Regular.ttf' (155K)
[2020.11.18-23.12.46:118][  0]LogSlate: Took 0.000142 seconds to synchronously load lazily loaded font '../../../Engine/Content/Slate/Fonts/Roboto-Bold.ttf' (160K)
[2020.11.18-23.12.46:121][  0]LogSlate: Took 0.000121 seconds to synchronously load lazily loaded font '../../../Engine/Content/Editor/Slate/Fonts/FontAwesome.ttf' (139K)
[2020.11.18-23.12.46:179][  0]LogRenderer: Reallocating scene render targets to support 1288x580 Format 10 NumSamples 1 (Frame:1).
[2020.11.18-23.12.46:685][  0]LogContentBrowser: Native class hierarchy updated for 'HierarchicalLODOutliner' in 0.0006 seconds. Added 0 classes and 0 folders.
[2020.11.18-23.12.46:685][  0]LogLoad: (Engine Initialization) Total time: 7.87 seconds
[2020.11.18-23.12.46:685][  0]LogLoad: (Engine Initialization) Total Blueprint compile time: 0.00 seconds
[2020.11.18-23.12.46:719][  0]LogAssetRegistry: Asset discovery search completed in 4.0756 seconds
[2020.11.18-23.12.46:722][  0]LogCollectionManager: Fixed up redirectors for 0 collections in 0.000002 seconds (updated 0 objects)
[2020.11.18-23.12.46:723][  0]LogContentStreaming: Texture pool size now 1000 MB
[2020.11.18-23.12.46:746][  0]LogSlate: Took 0.000115 seconds to synchronously load lazily loaded font '../../../Engine/Content/Slate/Fonts/Roboto-Light.ttf' (167K)
[2020.11.18-23.13.00:248][729]LogEditorViewport: Clicking on Actor (LMB): ThirdPersonCharacter_C (ThirdPersonCharacter)
[2020.11.18-23.13.14:056][317]Candidate modules for hot reload:
[2020.11.18-23.13.14:056][317]  RaiseTheGameJame2020
[2020.11.18-23.13.14:056][317]Launching UnrealBuildTool... [C:/Program Files/Epic Games/UE_4.25/Engine/Binaries/DotNET/UnrealBuildTool.exe  -ModuleWithSuffix=RaiseTheGameJame2020,4457 RaiseTheGameJame2020Editor Win64 Development -Project="C:/Users/onlyr/OneDrive - Staffordshire University/GameJam/WORKINGONE/-raisethegamejam-2020/RaiseTheGameJame2020/RaiseTheGameJame2020.uproject" "C:/Users/onlyr/OneDrive - Staffordshire University/GameJam/WORKINGONE/-raisethegamejam-2020/RaiseTheGameJame2020/RaiseTheGameJame2020.uproject"  -IgnoreJunk]
[2020.11.18-23.13.14:058][317]Warning: Starting HotReload took  0.0s.
[2020.11.18-23.13.17:913][704]CompilerResultsLog: New page: Compilation - 18 Nov 2020, 23:13:17
[2020.11.18-23.13.17:914][704]CompilerResultsLog: Using 'git status' to determine working set for adaptive non-unity build (C:\Users\onlyr\OneDrive - Staffordshire University\GameJam\WORKINGONE\-raisethegamejam-2020).
[2020.11.18-23.13.17:914][704]CompilerResultsLog: Building RaiseTheGameJame2020Editor...
[2020.11.18-23.13.17:914][704]CompilerResultsLog: Using Visual Studio 2019 14.27.29112 toolchain (C:\Program Files (x86)\Microsoft Visual Studio\2019\Community\VC\Tools\MSVC\14.27.29110) and Windows 10.0.18362.0 SDK (C:\Program Files (x86)\Windows Kits\10).
[2020.11.18-23.13.17:914][704]CompilerResultsLog: Building 4 actions with 6 processes...
[2020.11.18-23.13.17:914][704]CompilerResultsLog:   [1/4] RaiseTheGameJame2020Character.cpp
[2020.11.18-23.13.17:914][704]CompilerResultsLog:   [2/4] UE4Editor-RaiseTheGameJame2020-4457.lib
[2020.11.18-23.13.17:914][704]CompilerResultsLog:      Creating library C:\Users\onlyr\OneDrive - Staffordshire University\GameJam\WORKINGONE\-raisethegamejam-2020\RaiseTheGameJame2020\Intermediate\Build\Win64\UE4Editor\Development\RaiseTheGameJame2020\UE4Editor-RaiseTheGameJame2020-4457.lib and object C:\Users\onlyr\OneDrive - Staffordshire University\GameJam\WORKINGONE\-raisethegamejam-2020\RaiseTheGameJame2020\Intermediate\Build\Win64\UE4Editor\Development\RaiseTheGameJame2020\UE4Editor-RaiseTheGameJame2020-4457.exp
[2020.11.18-23.13.17:914][704]CompilerResultsLog:   [3/4] UE4Editor-RaiseTheGameJame2020-4457.dll
[2020.11.18-23.13.17:914][704]CompilerResultsLog:      Creating library C:\Users\onlyr\OneDrive - Staffordshire University\GameJam\WORKINGONE\-raisethegamejam-2020\RaiseTheGameJame2020\Intermediate\Build\Win64\UE4Editor\Development\RaiseTheGameJame2020\UE4Editor-RaiseTheGameJame2020-4457.suppressed.lib and object C:\Users\onlyr\OneDrive - Staffordshire University\GameJam\WORKINGONE\-raisethegamejam-2020\RaiseTheGameJame2020\Intermediate\Build\Win64\UE4Editor\Development\RaiseTheGameJame2020\UE4Editor-RaiseTheGameJame2020-4457.suppressed.exp
[2020.11.18-23.13.17:914][704]CompilerResultsLog:   [4/4] RaiseTheGameJame2020Editor.target
[2020.11.18-23.13.17:914][704]CompilerResultsLog: Total time in Parallel executor: 2.72 seconds
[2020.11.18-23.13.17:914][704]CompilerResultsLog: Total execution time: 3.75 seconds
[2020.11.18-23.13.17:914][704]LogMainFrame: MainFrame: Module compiling took 3.862 seconds
[2020.11.18-23.13.17:947][704]LogContentBrowser: Native class hierarchy updated for 'RaiseTheGameJame2020' in 0.0005 seconds. Added 4 classes and 3 folders.
[2020.11.18-23.13.17:949][704]Display: HotReload successful (7 functions remapped  0 scriptstructs remapped)
[2020.11.18-23.13.18:000][704]LogContentBrowser: Native class hierarchy populated in 0.0080 seconds. Added 3431 classes and 824 folders.
[2020.11.18-23.13.18:000][704]Display: HotReload took  4.0s.
[2020.11.18-23.13.19:520][882]LogTemp: Repeating last play command: Selected Viewport
[2020.11.18-23.13.19:539][882]LogPlayLevel: PlayLevel: No blueprints needed recompiling
[2020.11.18-23.13.19:539][882]PIE: New page: PIE session: ThirdPersonExampleMap (18 Nov 2020, 23:13:19)
[2020.11.18-23.13.19:539][882]LogOnline: OSS: Creating online subsystem instance for: NULL
[2020.11.18-23.13.19:542][882]LogOnline: OSS: TryLoadSubsystemAndSetDefault: Loaded subsystem for module [NULL]
[2020.11.18-23.13.19:542][882]LogPlayLevel: Creating play world package: /Game/ThirdPersonCPP/Maps/UEDPIE_0_ThirdPersonExampleMap
[2020.11.18-23.13.19:554][882]LogPlayLevel: PIE: StaticDuplicateObject took: (0.012664s)
[2020.11.18-23.13.19:555][882]LogAIModule: Creating AISystem for world ThirdPersonExampleMap
[2020.11.18-23.13.19:556][882]LogAISub: UAISubsystem::UAISubsystem EnvQueryManager (0000028862E9BE00), frame # 2882
[2020.11.18-23.13.19:556][882]LogAISub: UAISubsystem::UAISubsystem AIPerceptionSystem (0000028827D8C680), frame # 2882
[2020.11.18-23.13.19:556][882]LogPlayLevel: PIE: World Init took: (0.001336s)
[2020.11.18-23.13.19:556][882]LogPlayLevel: PIE: Created PIE world by copying editor world from /Game/ThirdPersonCPP/Maps/ThirdPersonExampleMap.ThirdPersonExampleMap to /Game/ThirdPersonCPP/Maps/UEDPIE_0_ThirdPersonExampleMap.ThirdPersonExampleMap (0.014313s)
[2020.11.18-23.13.19:571][882]LogUObjectHash: Compacting FUObjectHashTables data took   0.58ms
[2020.11.18-23.13.19:573][882]LogAudioMixer: Display: Audio Mixer Platform Settings:
[2020.11.18-23.13.19:573][882]LogAudioMixer: Display: 	Sample Rate:						  48000
[2020.11.18-23.13.19:573][882]LogAudioMixer: Display: 	Callback Buffer Frame Size Requested: 1024
[2020.11.18-23.13.19:573][882]LogAudioMixer: Display: 	Callback Buffer Frame Size To Use:	  1024
[2020.11.18-23.13.19:573][882]LogAudioMixer: Display: 	Number of buffers to queue:			  2
[2020.11.18-23.13.19:573][882]LogAudioMixer: Display: 	Max Channels (voices):				  32
[2020.11.18-23.13.19:573][882]LogAudioMixer: Display: 	Number of Async Source Workers:		  0
[2020.11.18-23.13.19:573][882]LogAudio: Display: AudioDevice MaxSources: 32
[2020.11.18-23.13.19:574][882]LogAudio: Display: Using built-in audio occlusion.
[2020.11.18-23.13.19:574][882]LogAudioMixer: Display: Initializing audio mixer.
[2020.11.18-23.13.19:576][882]LogAudioMixer: Display: 0: FrontLeft
[2020.11.18-23.13.19:577][882]LogAudioMixer: Display: 1: FrontRight
[2020.11.18-23.13.19:577][882]LogAudioMixer: Display: 2: FrontCenter
[2020.11.18-23.13.19:577][882]LogAudioMixer: Display: 3: LowFrequency
[2020.11.18-23.13.19:577][882]LogAudioMixer: Display: 4: BackLeft
[2020.11.18-23.13.19:577][882]LogAudioMixer: Display: 5: BackRight
[2020.11.18-23.13.19:577][882]LogAudioMixer: Display: 6: SideLeft
[2020.11.18-23.13.19:577][882]LogAudioMixer: Display: 7: SideRight
[2020.11.18-23.13.19:604][882]LogAudioMixer: Display: Using Audio Device Speakers (2- Logitech G430 Gaming Headset)
[2020.11.18-23.13.19:604][882]LogAudioMixer: Display: Initializing Sound Submixes...
[2020.11.18-23.13.19:605][882]LogAudioMixer: Display: Creating Master Submix 'MasterSubmixDefault'
[2020.11.18-23.13.19:605][882]LogAudioMixer: Display: Creating Master Submix 'MasterReverbSubmixDefault'
[2020.11.18-23.13.19:605][882]LogAudioMixer: Display: Creating Master Submix 'MasterEQSubmixDefault'
[2020.11.18-23.13.19:618][882]LogInit: FAudioDevice initialized.
[2020.11.18-23.13.19:630][882]LogLoad: Game class is 'RaiseTheGameJame2020GameMode'
[2020.11.18-23.13.19:632][882]LogWorld: Bringing World /Game/ThirdPersonCPP/Maps/UEDPIE_0_ThirdPersonExampleMap.ThirdPersonExampleMap up for play (max tick rate 0) at 2020.11.18-23.13.19
[2020.11.18-23.13.19:633][882]LogWorld: Bringing up level for play took: 0.001580
[2020.11.18-23.13.19:633][882]LogOnline: OSS: Creating online subsystem instance for: :Context_2
[2020.11.18-23.13.19:668][882]LogContentBrowser: Native class hierarchy updated for 'MovieSceneCapture' in 0.0005 seconds. Added 20 classes and 0 folders.
[2020.11.18-23.13.19:669][882]PIE: Server logged in
[2020.11.18-23.13.19:670][882]PIE: Play in editor total start time 0.135 seconds.
[2020.11.18-23.13.21:393][ 66]LogSlate: Updating window title bar state: overlay mode, drag disabled, window buttons hidden, title bar hidden
[2020.11.18-23.13.21:394][ 66]LogWorld: BeginTearingDown for /Game/ThirdPersonCPP/Maps/UEDPIE_0_ThirdPersonExampleMap
[2020.11.18-23.13.21:394][ 66]LogWorld: UWorld::CleanupWorld for ThirdPersonExampleMap, bSessionEnded=true, bCleanupResources=true
[2020.11.18-23.13.21:394][ 66]LogSlate: InvalidateAllWidgets triggered.  All widgets were invalidated
[2020.11.18-23.13.21:408][ 66]LogPlayLevel: Display: Shutting down PIE online subsystems
[2020.11.18-23.13.21:409][ 66]LogSlate: InvalidateAllWidgets triggered.  All widgets were invalidated
[2020.11.18-23.13.21:457][ 66]LogSlate: Updating window title bar state: overlay mode, drag disabled, window buttons hidden, title bar hidden
[2020.11.18-23.13.21:458][ 66]LogAISub: UAISubsystem::~UAISubsystem EnvQueryManager (0000028862E9BE00), frame # 3066
[2020.11.18-23.13.21:458][ 66]LogAISub: UAISubsystem::~UAISubsystem AIPerceptionSystem (0000028827D8C680), frame # 3066
[2020.11.18-23.13.21:459][ 66]LogUObjectHash: Compacting FUObjectHashTables data took   0.55ms
[2020.11.18-23.13.21:496][ 67]LogPlayLevel: Display: Destroying online subsystem :Context_2
[2020.11.18-23.13.30:505][128]LogSlate: Took 0.000129 seconds to synchronously load lazily loaded font '../../../Engine/Content/Slate/Fonts/Roboto-Light.ttf' (167K)
[2020.11.18-23.13.30:565][128]LogAssetEditorSubsystem: Opening Asset editor for World /Game/Maps/RhiannonTest.RhiannonTest
[2020.11.18-23.13.30:575][128]LogUObjectHash: Compacting FUObjectHashTables data took   0.65ms
[2020.11.18-23.13.32:327][128]LogSlate: Window 'Save Content' being destroyed
[2020.11.18-23.13.32:334][128]LightingResults: New page: Lighting Build
[2020.11.18-23.13.32:335][128]LoadErrors: New page: Loading map: RhiannonTest.umap
[2020.11.18-23.13.32:362][128]LogWorld: UWorld::CleanupWorld for ThirdPersonExampleMap, bSessionEnded=true, bCleanupResources=true
[2020.11.18-23.13.32:363][128]LogSlate: InvalidateAllWidgets triggered.  All widgets were invalidated
[2020.11.18-23.13.32:363][128]MapCheck: New page: Map Check
[2020.11.18-23.13.32:363][128]LightingResults: New page: Lighting Build
[2020.11.18-23.13.32:372][128]LogAISub: UAISubsystem::~UAISubsystem EnvQueryManager (000002883E249E00), frame # 4128
[2020.11.18-23.13.32:372][128]LogAISub: UAISubsystem::~UAISubsystem AIPerceptionSystem (000002884854EAC0), frame # 4128
[2020.11.18-23.13.32:373][128]LogUObjectHash: Compacting FUObjectHashTables data took   0.62ms
[2020.11.18-23.13.32:378][128]LogEditorServer: Finished looking for orphan Actors (0.000 secs)
[2020.11.18-23.13.32:378][128]LogAIModule: Creating AISystem for world RhiannonTest
[2020.11.18-23.13.32:378][128]LogAISub: UAISubsystem::UAISubsystem EnvQueryManager (000002884D850600), frame # 4128
[2020.11.18-23.13.32:379][128]LogAISub: UAISubsystem::UAISubsystem AIPerceptionSystem (000002884D6E6700), frame # 4128
[2020.11.18-23.13.32:389][128]LogUObjectHash: Compacting FUObjectHashTables data took   0.51ms
[2020.11.18-23.13.32:419][128]Cmd: MAP CHECKDEP NOCLEARLOG
[2020.11.18-23.13.32:419][128]MapCheck: Map check complete: 0 Error(s), 0 Warning(s), took 0.149ms to complete.
[2020.11.18-23.13.32:419][128]LogFileHelpers: Loading map 'RhiannonTest' took 0.088
[2020.11.18-23.13.38:835][886]LogEditorViewport: Clicking on Actor (LMB): ThirdPersonCharacter_C (ThirdPersonCharacter)
[2020.11.18-23.13.41:874][184]LogTemp: Repeating last play command: Selected Viewport
[2020.11.18-23.13.41:893][184]LogPlayLevel: PlayLevel: No blueprints needed recompiling
[2020.11.18-23.13.41:893][184]PIE: New page: PIE session: RhiannonTest (18 Nov 2020, 23:13:41)
[2020.11.18-23.13.41:923][184]LogPlayLevel: Creating play world package: /Game/Maps/UEDPIE_0_RhiannonTest
[2020.11.18-23.13.41:935][184]LogPlayLevel: PIE: StaticDuplicateObject took: (0.013466s)
[2020.11.18-23.13.41:937][184]LogAIModule: Creating AISystem for world RhiannonTest
[2020.11.18-23.13.41:937][184]LogAISub: UAISubsystem::UAISubsystem EnvQueryManager (0000028855E87000), frame # 5184
[2020.11.18-23.13.41:937][184]LogAISub: UAISubsystem::UAISubsystem AIPerceptionSystem (0000028862D7E200), frame # 5184
[2020.11.18-23.13.41:937][184]LogPlayLevel: PIE: World Init took: (0.001945s)
[2020.11.18-23.13.41:938][184]LogPlayLevel: PIE: Created PIE world by copying editor world from /Game/Maps/RhiannonTest.RhiannonTest to /Game/Maps/UEDPIE_0_RhiannonTest.RhiannonTest (0.015943s)
[2020.11.18-23.13.41:947][184]LogUObjectHash: Compacting FUObjectHashTables data took   0.63ms
[2020.11.18-23.13.41:949][184]LogAudioMixer: Display: Audio Mixer Platform Settings:
[2020.11.18-23.13.41:949][184]LogAudioMixer: Display: 	Sample Rate:						  48000
[2020.11.18-23.13.41:949][184]LogAudioMixer: Display: 	Callback Buffer Frame Size Requested: 1024
[2020.11.18-23.13.41:949][184]LogAudioMixer: Display: 	Callback Buffer Frame Size To Use:	  1024
[2020.11.18-23.13.41:949][184]LogAudioMixer: Display: 	Number of buffers to queue:			  2
[2020.11.18-23.13.41:949][184]LogAudioMixer: Display: 	Max Channels (voices):				  32
[2020.11.18-23.13.41:949][184]LogAudioMixer: Display: 	Number of Async Source Workers:		  0
[2020.11.18-23.13.41:950][184]LogAudio: Display: AudioDevice MaxSources: 32
[2020.11.18-23.13.41:950][184]LogAudio: Display: Using built-in audio occlusion.
[2020.11.18-23.13.41:950][184]LogAudioMixer: Display: Initializing audio mixer.
[2020.11.18-23.13.41:953][184]LogAudioMixer: Display: 0: FrontLeft
[2020.11.18-23.13.41:953][184]LogAudioMixer: Display: 1: FrontRight
[2020.11.18-23.13.41:953][184]LogAudioMixer: Display: 2: FrontCenter
[2020.11.18-23.13.41:953][184]LogAudioMixer: Display: 3: LowFrequency
[2020.11.18-23.13.41:953][184]LogAudioMixer: Display: 4: BackLeft
[2020.11.18-23.13.41:953][184]LogAudioMixer: Display: 5: BackRight
[2020.11.18-23.13.41:953][184]LogAudioMixer: Display: 6: SideLeft
[2020.11.18-23.13.41:954][184]LogAudioMixer: Display: 7: SideRight
[2020.11.18-23.13.41:985][184]LogAudioMixer: Display: Using Audio Device Speakers (2- Logitech G430 Gaming Headset)
[2020.11.18-23.13.41:985][184]LogAudioMixer: Display: Initializing Sound Submixes...
[2020.11.18-23.13.41:985][184]LogAudioMixer: Display: Creating Master Submix 'MasterSubmixDefault'
[2020.11.18-23.13.41:985][184]LogAudioMixer: Display: Creating Master Submix 'MasterReverbSubmixDefault'
[2020.11.18-23.13.41:985][184]LogAudioMixer: Display: Creating Master Submix 'MasterEQSubmixDefault'
[2020.11.18-23.13.41:997][184]LogInit: FAudioDevice initialized.
[2020.11.18-23.13.42:011][184]LogLoad: Game class is 'RaiseTheGameJame2020GameMode'
[2020.11.18-23.13.42:013][184]LogWorld: Bringing World /Game/Maps/UEDPIE_0_RhiannonTest.RhiannonTest up for play (max tick rate 0) at 2020.11.18-23.13.42
[2020.11.18-23.13.42:013][184]LogWorld: Bringing up level for play took: 0.001462
[2020.11.18-23.13.42:013][184]LogOnline: OSS: Creating online subsystem instance for: :Context_3
[2020.11.18-23.13.42:016][184]PIE: Server logged in
[2020.11.18-23.13.42:017][184]PIE: Play in editor total start time 0.128 seconds.
[2020.11.18-23.13.55:054][740]LogSlate: Updating window title bar state: overlay mode, drag disabled, window buttons hidden, title bar hidden
[2020.11.18-23.13.55:054][740]LogWorld: BeginTearingDown for /Game/Maps/UEDPIE_0_RhiannonTest
[2020.11.18-23.13.55:054][740]LogWorld: UWorld::CleanupWorld for RhiannonTest, bSessionEnded=true, bCleanupResources=true
[2020.11.18-23.13.55:055][740]LogSlate: InvalidateAllWidgets triggered.  All widgets were invalidated
[2020.11.18-23.13.55:066][740]LogPlayLevel: Display: Shutting down PIE online subsystems
[2020.11.18-23.13.55:067][740]LogSlate: InvalidateAllWidgets triggered.  All widgets were invalidated
[2020.11.18-23.13.55:076][740]LogSlate: Updating window title bar state: overlay mode, drag disabled, window buttons hidden, title bar hidden
[2020.11.18-23.13.55:110][740]LogAISub: UAISubsystem::~UAISubsystem AIPerceptionSystem (0000028862D7E200), frame # 6740
[2020.11.18-23.13.55:110][740]LogAISub: UAISubsystem::~UAISubsystem EnvQueryManager (0000028855E87000), frame # 6740
[2020.11.18-23.13.55:110][740]LogUObjectHash: Compacting FUObjectHashTables data took   0.51ms
[2020.11.18-23.13.55:149][741]LogPlayLevel: Display: Destroying online subsystem :Context_3
[2020.11.18-23.13.58:552][118]LogUObjectHash: Compacting FUObjectHashTables data took   0.54ms
[2020.11.18-23.13.58:591][118]LogSavePackage: Moving '../../../../../../Users/onlyr/OneDrive - Staffordshire University/GameJam/WORKINGONE/-raisethegamejam-2020/RaiseTheGameJame2020/Saved/RhiannonTestC022318842D5F8758BA0299D6593DD48.tmp' to '../../../../../../Users/onlyr/OneDrive - Staffordshire University/GameJam/WORKINGONE/-raisethegamejam-2020/RaiseTheGameJame2020/Content/Maps/RhiannonTest.umap'
[2020.11.18-23.13.58:632][118]AssetCheck: New page: Asset Save: RhiannonTest
[2020.11.18-23.13.58:632][118]LogContentValidation: Display: Validating World /Game/Maps/RhiannonTest.RhiannonTest
[2020.11.18-23.14.24:767][123]LogSlate: Window 'Project Settings' being destroyed
[2020.11.18-23.14.24:770][123]LogSlate: Window 'Project Settings' being destroyed
[2020.11.18-23.14.29:752][708]LogTemp: Repeating last play command: Selected Viewport
[2020.11.18-23.14.29:769][708]LogPlayLevel: PlayLevel: No blueprints needed recompiling
[2020.11.18-23.14.29:770][708]PIE: New page: PIE session: RhiannonTest (18 Nov 2020, 23:14:29)
[2020.11.18-23.14.29:792][708]LogPlayLevel: Creating play world package: /Game/Maps/UEDPIE_0_RhiannonTest
[2020.11.18-23.14.29:802][708]LogPlayLevel: PIE: StaticDuplicateObject took: (0.009752s)
[2020.11.18-23.14.29:802][708]LogAIModule: Creating AISystem for world RhiannonTest
[2020.11.18-23.14.29:803][708]LogAISub: UAISubsystem::UAISubsystem EnvQueryManager (0000028808764800), frame # 10708
[2020.11.18-23.14.29:803][708]LogAISub: UAISubsystem::UAISubsystem AIPerceptionSystem (0000028855D02AC0), frame # 10708
[2020.11.18-23.14.29:803][708]LogPlayLevel: PIE: World Init took: (0.001428s)
[2020.11.18-23.14.29:803][708]LogPlayLevel: PIE: Created PIE world by copying editor world from /Game/Maps/RhiannonTest.RhiannonTest to /Game/Maps/UEDPIE_0_RhiannonTest.RhiannonTest (0.011579s)
[2020.11.18-23.14.29:812][708]LogUObjectHash: Compacting FUObjectHashTables data took   0.68ms
[2020.11.18-23.14.29:815][708]LogAudioMixer: Display: Audio Mixer Platform Settings:
[2020.11.18-23.14.29:816][708]LogAudioMixer: Display: 	Sample Rate:						  48000
[2020.11.18-23.14.29:816][708]LogAudioMixer: Display: 	Callback Buffer Frame Size Requested: 1024
[2020.11.18-23.14.29:816][708]LogAudioMixer: Display: 	Callback Buffer Frame Size To Use:	  1024
[2020.11.18-23.14.29:816][708]LogAudioMixer: Display: 	Number of buffers to queue:			  2
[2020.11.18-23.14.29:816][708]LogAudioMixer: Display: 	Max Channels (voices):				  32
[2020.11.18-23.14.29:816][708]LogAudioMixer: Display: 	Number of Async Source Workers:		  0
[2020.11.18-23.14.29:816][708]LogAudio: Display: AudioDevice MaxSources: 32
[2020.11.18-23.14.29:816][708]LogAudio: Display: Using built-in audio occlusion.
[2020.11.18-23.14.29:817][708]LogAudioMixer: Display: Initializing audio mixer.
[2020.11.18-23.14.29:819][708]LogAudioMixer: Display: 0: FrontLeft
[2020.11.18-23.14.29:819][708]LogAudioMixer: Display: 1: FrontRight
[2020.11.18-23.14.29:819][708]LogAudioMixer: Display: 2: FrontCenter
[2020.11.18-23.14.29:819][708]LogAudioMixer: Display: 3: LowFrequency
[2020.11.18-23.14.29:819][708]LogAudioMixer: Display: 4: BackLeft
[2020.11.18-23.14.29:820][708]LogAudioMixer: Display: 5: BackRight
[2020.11.18-23.14.29:820][708]LogAudioMixer: Display: 6: SideLeft
[2020.11.18-23.14.29:820][708]LogAudioMixer: Display: 7: SideRight
[2020.11.18-23.14.29:847][708]LogAudioMixer: Display: Using Audio Device Speakers (2- Logitech G430 Gaming Headset)
[2020.11.18-23.14.29:847][708]LogAudioMixer: Display: Initializing Sound Submixes...
[2020.11.18-23.14.29:847][708]LogAudioMixer: Display: Creating Master Submix 'MasterSubmixDefault'
[2020.11.18-23.14.29:847][708]LogAudioMixer: Display: Creating Master Submix 'MasterReverbSubmixDefault'
[2020.11.18-23.14.29:848][708]LogAudioMixer: Display: Creating Master Submix 'MasterEQSubmixDefault'
[2020.11.18-23.14.29:861][708]LogInit: FAudioDevice initialized.
[2020.11.18-23.14.29:873][708]LogLoad: Game class is 'RaiseTheGameJame2020GameMode'
[2020.11.18-23.14.29:875][708]LogWorld: Bringing World /Game/Maps/UEDPIE_0_RhiannonTest.RhiannonTest up for play (max tick rate 0) at 2020.11.18-23.14.29
[2020.11.18-23.14.29:876][708]LogWorld: Bringing up level for play took: 0.001435
[2020.11.18-23.14.29:876][708]LogOnline: OSS: Creating online subsystem instance for: :Context_4
[2020.11.18-23.14.29:879][708]PIE: Server logged in
[2020.11.18-23.14.29:880][708]PIE: Play in editor total start time 0.111 seconds.
[2020.11.18-23.14.43:064][284]LogSlate: Updating window title bar state: overlay mode, drag disabled, window buttons hidden, title bar hidden
[2020.11.18-23.14.43:064][284]LogWorld: BeginTearingDown for /Game/Maps/UEDPIE_0_RhiannonTest
[2020.11.18-23.14.43:064][284]LogWorld: UWorld::CleanupWorld for RhiannonTest, bSessionEnded=true, bCleanupResources=true
[2020.11.18-23.14.43:065][284]LogSlate: InvalidateAllWidgets triggered.  All widgets were invalidated
[2020.11.18-23.14.43:076][284]LogPlayLevel: Display: Shutting down PIE online subsystems
[2020.11.18-23.14.43:078][284]LogSlate: InvalidateAllWidgets triggered.  All widgets were invalidated
[2020.11.18-23.14.43:086][284]LogSlate: Updating window title bar state: overlay mode, drag disabled, window buttons hidden, title bar hidden
[2020.11.18-23.14.43:123][284]LogAISub: UAISubsystem::~UAISubsystem AIPerceptionSystem (0000028855D02AC0), frame # 12284
[2020.11.18-23.14.43:123][284]LogAISub: UAISubsystem::~UAISubsystem EnvQueryManager (0000028808764800), frame # 12284
[2020.11.18-23.14.43:124][284]LogUObjectHash: Compacting FUObjectHashTables data took   0.53ms
[2020.11.18-23.14.43:153][285]LogPlayLevel: Display: Destroying online subsystem :Context_4
