Log file open, 11/19/20 12:41:46
LogInit: Display: Running engine for game: RaiseTheGameJame2020
LogPlatformFile: Not using cached read wrapper
LogTaskGraph: Started task graph with 5 named threads and 35 total threads with 3 sets of task threads.
LogStats: Stats thread started at 0.663446
LogD3D11RHI: Loaded GFSDK_Aftermath_Lib.x64.dll
LogICUInternationalization: ICU TimeZone Detection - Raw Offset: +0:00, Platform Override: ''
LogPluginManager: Mounting plugin Paper2D
LogPluginManager: Mounting plugin AISupport
LogPluginManager: Mounting plugin LightPropagationVolume
LogPluginManager: Mounting plugin CameraShakePreviewer
LogPluginManager: Mounting plugin ActorLayerUtilities
LogPluginManager: Mounting plugin AnimationSharing
LogPluginManager: Mounting plugin CLionSourceCodeAccess
LogPluginManager: Mounting plugin CodeLiteSourceCodeAccess
LogPluginManager: Mounting plugin GitSourceControl
LogPluginManager: Mounting plugin KDevelopSourceCodeAccess
LogPluginManager: Mounting plugin NullSourceCodeAccess
LogPluginManager: Mounting plugin PerforceSourceControl
LogPluginManager: Mounting plugin PlasticSourceControl
LogPluginManager: Mounting plugin RiderSourceCodeAccess
LogPluginManager: Mounting plugin SubversionSourceControl
LogPluginManager: Mounting plugin UObjectPlugin
LogPluginManager: Mounting plugin VisualStudioCodeSourceCodeAccess
LogPluginManager: Mounting plugin VisualStudioSourceCodeAccess
LogPluginManager: Mounting plugin XCodeSourceCodeAccess
LogPluginManager: Mounting plugin AssetManagerEditor
LogPluginManager: Mounting plugin CryptoKeys
LogPluginManager: Mounting plugin CurveEditorTools
LogPluginManager: Mounting plugin DataValidation
LogPluginManager: Mounting plugin EditorScriptingUtilities
LogPluginManager: Mounting plugin FacialAnimation
LogPluginManager: Mounting plugin GameplayTagsEditor
LogPluginManager: Mounting plugin GeometryMode
LogPluginManager: Mounting plugin MacGraphicsSwitching
LogPluginManager: Mounting plugin MaterialAnalyzer
LogPluginManager: Mounting plugin MobileLauncherProfileWizard
LogPluginManager: Mounting plugin PluginBrowser
LogPluginManager: Mounting plugin SpeedTreeImporter
LogPluginManager: Mounting plugin DatasmithContent
LogPluginManager: Mounting plugin VariantManagerContent
LogPluginManager: Mounting plugin AlembicImporter
LogPluginManager: Mounting plugin AutomationUtils
LogPluginManager: Mounting plugin BackChannel
LogPluginManager: Mounting plugin ChaosCloth
LogPluginManager: Mounting plugin ChaosClothEditor
LogPluginManager: Mounting plugin ChaosEditor
LogPluginManager: Mounting plugin ChaosNiagara
LogPluginManager: Mounting plugin ChaosSolverPlugin
LogPluginManager: Mounting plugin CharacterAI
LogPluginManager: Mounting plugin GeometryCache
LogPluginManager: Mounting plugin GeometryCollectionPlugin
LogPluginManager: Mounting plugin GeometryProcessing
LogPluginManager: Mounting plugin PlanarCut
LogPluginManager: Mounting plugin PlatformCrypto
LogPluginManager: Mounting plugin ProxyLODPlugin
LogPluginManager: Mounting plugin SkeletalReduction
LogPluginManager: Mounting plugin Niagara
LogPluginManager: Mounting plugin MagicLeap
LogPluginManager: Mounting plugin MagicLeapLightEstimation
LogPluginManager: Mounting plugin MagicLeapMedia
LogPluginManager: Mounting plugin MagicLeapPassableWorld
LogPluginManager: Mounting plugin MLSDK
LogPluginManager: Mounting plugin AndroidMedia
LogPluginManager: Mounting plugin AvfMedia
LogPluginManager: Mounting plugin ImgMedia
LogPluginManager: Mounting plugin MediaCompositing
LogPluginManager: Mounting plugin MediaPlayerEditor
LogPluginManager: Mounting plugin WebMMedia
LogPluginManager: Mounting plugin WmfMedia
LogPluginManager: Mounting plugin MeshPainting
LogPluginManager: Mounting plugin TcpMessaging
LogPluginManager: Mounting plugin UdpMessaging
LogPluginManager: Mounting plugin ActorSequence
LogPluginManager: Mounting plugin LevelSequenceEditor
LogPluginManager: Mounting plugin MatineeToLevelSequence
LogPluginManager: Mounting plugin MovieRenderPipeline
LogPluginManager: Mounting plugin TemplateSequence
LogPluginManager: Mounting plugin NetcodeUnitTest
LogPluginManager: Mounting plugin NUTUnrealEngine4
LogPluginManager: Mounting plugin OnlineSubsystemGooglePlay
LogPluginManager: Mounting plugin OnlineSubsystemIOS
LogPluginManager: Mounting plugin OnlineSubsystem
LogPluginManager: Mounting plugin OnlineSubsystemNull
LogPluginManager: Mounting plugin OnlineSubsystemUtils
LogPluginManager: Mounting plugin LauncherChunkInstaller
LogPluginManager: Mounting plugin AndroidDeviceProfileSelector
LogPluginManager: Mounting plugin AndroidMoviePlayer
LogPluginManager: Mounting plugin AndroidPermission
LogPluginManager: Mounting plugin AppleImageUtils
LogPluginManager: Mounting plugin AppleMoviePlayer
LogPluginManager: Mounting plugin ArchVisCharacter
LogPluginManager: Mounting plugin AssetTags
LogPluginManager: Mounting plugin AudioCapture
LogPluginManager: Mounting plugin CableComponent
LogPluginManager: Mounting plugin CustomMeshComponent
LogPluginManager: Mounting plugin EditableMesh
LogPluginManager: Mounting plugin ExampleDeviceProfileSelector
LogPluginManager: Mounting plugin GoogleCloudMessaging
LogPluginManager: Mounting plugin GooglePAD
LogPluginManager: Mounting plugin IOSDeviceProfileSelector
LogPluginManager: Mounting plugin LinuxDeviceProfileSelector
LogPluginManager: Mounting plugin LocationServicesBPLibrary
LogPluginManager: Mounting plugin MobilePatchingUtils
LogPluginManager: Mounting plugin OculusVR
LogPluginManager: Mounting plugin PhysXVehicles
LogPluginManager: Mounting plugin PostSplashScreen
LogPluginManager: Mounting plugin ProceduralMeshComponent
LogPluginManager: Mounting plugin RuntimePhysXCooking
LogPluginManager: Mounting plugin SignificanceManager
LogPluginManager: Mounting plugin SoundFields
LogPluginManager: Mounting plugin SteamVR
LogPluginManager: Mounting plugin Synthesis
LogPluginManager: Mounting plugin WebMMoviePlayer
LogPluginManager: Mounting plugin WindowsMoviePlayer
LogPluginManager: Mounting plugin ScreenshotTools
LogInit: Using libcurl 7.55.1-DEV
LogInit:  - built for x86_64-pc-win32
LogInit:  - supports SSL with OpenSSL/1.1.1
LogInit:  - supports HTTP deflate (compression) using libz 1.2.8
LogInit:  - other features:
LogInit:      CURL_VERSION_SSL
LogInit:      CURL_VERSION_LIBZ
LogInit:      CURL_VERSION_IPV6
LogInit:      CURL_VERSION_ASYNCHDNS
LogInit:      CURL_VERSION_LARGEFILE
LogInit:      CURL_VERSION_IDN
LogInit:  CurlRequestOptions (configurable via config and command line):
LogInit:  - bVerifyPeer = true  - Libcurl will verify peer certificate
LogInit:  - bUseHttpProxy = false  - Libcurl will NOT use HTTP proxy
LogInit:  - bDontReuseConnections = false  - Libcurl will reuse connections
LogInit:  - MaxHostConnections = 16  - Libcurl will limit the number of connections to a host
LogInit:  - LocalHostAddr = Default
LogInit:  - BufferSize = 65536
LogOnline: OSS: Creating online subsystem instance for: NULL
LogInit: WinSock: version 1.1 (2.2), MaxSocks=32767, MaxUdp=65467
LogOnline: OSS: TryLoadSubsystemAndSetDefault: Loaded subsystem for module [NULL]
LogInit: Build: ++UE4+Release-4.25-CL-14469661
LogInit: Engine Version: 4.25.4-14469661+++UE4+Release-4.25
LogInit: Compatible Engine Version: 4.25.0-13144385+++UE4+Release-4.25
LogInit: Net CL: 13144385
LogInit: OS: Windows 10 (Release 1909) (), CPU: Intel(R) Core(TM) i7-8700K CPU @ 3.70GHz, GPU: NVIDIA GeForce RTX 2080
LogInit: Compiled (64-bit): Oct 11 2020 08:10:49
LogInit: Compiled with Visual C++: 19.24.28315.00
LogInit: Build Configuration: Development
LogInit: Branch Name: ++UE4+Release-4.25
LogInit: Command Line:  -skipcompile
LogInit: Base Directory: D:/Program Files (x86)/UE_4.25/Engine/Binaries/Win64/
LogInit: Allocator: TBB
LogInit: Installed Engine Build: 1
LogDevObjectVersion: Number of dev versions registered: 26
LogDevObjectVersion:   Dev-Blueprints (B0D832E4-1F89-4F0D-ACCF-7EB736FD4AA2): 10
LogDevObjectVersion:   Dev-Build (E1C64328-A22C-4D53-A36C-8E866417BD8C): 0
LogDevObjectVersion:   Dev-Core (375EC13C-06E4-48FB-B500-84F0262A717E): 4
LogDevObjectVersion:   Dev-Editor (E4B068ED-F494-42E9-A231-DA0B2E46BB41): 38
LogDevObjectVersion:   Dev-Framework (CFFC743F-43B0-4480-9391-14DF171D2073): 37
LogDevObjectVersion:   Dev-Mobile (B02B49B5-BB20-44E9-A304-32B752E40360): 2
LogDevObjectVersion:   Dev-Networking (A4E4105C-59A1-49B5-A7C5-40C4547EDFEE): 0
LogDevObjectVersion:   Dev-Online (39C831C9-5AE6-47DC-9A44-9C173E1C8E7C): 0
LogDevObjectVersion:   Dev-Physics (78F01B33-EBEA-4F98-B9B4-84EACCB95AA2): 4
LogDevObjectVersion:   Dev-Platform (6631380F-2D4D-43E0-8009-CF276956A95A): 0
LogDevObjectVersion:   Dev-Rendering (12F88B9F-8875-4AFC-A67C-D90C383ABD29): 43
LogDevObjectVersion:   Dev-Sequencer (7B5AE74C-D270-4C10-A958-57980B212A5A): 12
LogDevObjectVersion:   Dev-VR (D7296918-1DD6-4BDD-9DE2-64A83CC13884): 3
LogDevObjectVersion:   Dev-LoadTimes (C2A15278-BFE7-4AFE-6C17-90FF531DF755): 1
LogDevObjectVersion:   Private-Geometry (6EACA3D4-40EC-4CC1-B786-8BED09428FC5): 3
LogDevObjectVersion:   Dev-AnimPhys (29E575DD-E0A3-4627-9D10-D276232CDCEA): 17
LogDevObjectVersion:   Dev-Anim (AF43A65D-7FD3-4947-9873-3E8ED9C1BB05): 7
LogDevObjectVersion:   Dev-ReflectionCapture (6B266CEC-1EC7-4B8F-A30B-E4D90942FC07): 1
LogDevObjectVersion:   Dev-Automation (0DF73D61-A23F-47EA-B727-89E90C41499A): 1
LogDevObjectVersion:   FortniteMain (601D1886-AC64-4F84-AA16-D3DE0DEAC7D6): 31
LogDevObjectVersion:   Dev-Enterprise (9DFFBCD6-494F-0158-E221-12823C92A888): 10
LogDevObjectVersion:   Dev-Niagara (F2AED0AC-9AFE-416F-8664-AA7FFA26D6FC): 1
LogDevObjectVersion:   Dev-Destruction (174F1F0B-B4C6-45A5-B13F-2EE8D0FB917D): 10
LogDevObjectVersion:   Dev-Physics-Ext (35F94A83-E258-406C-A318-09F59610247C): 37
LogDevObjectVersion:   Dev-PhysicsMaterial-Chaos (B68FC16E-8B1B-42E2-B453-215C058844FE): 1
LogDevObjectVersion:   Dev-CineCamera (B2E18506-4273-CFC2-A54E-F4BB758BBA07): 1
LogInit: Presizing for max 25165824 objects, including 0 objects not considered by GC, pre-allocating 0 bytes for permanent pool.
LogConfig: Applying CVar settings from Section [/Script/Engine.StreamingSettings] File [D:/Users/h017026h/Documents/GitKraken/-raisethegamejam-2020/RaiseTheGameJame2020/Saved/Config/Windows/Engine.ini]
LogConfig: Setting CVar [[s.MinBulkDataSizeForAsyncLoading:131072]]
LogConfig: Setting CVar [[s.AsyncLoadingThreadEnabled:0]]
LogConfig: Setting CVar [[s.EventDrivenLoaderEnabled:1]]
LogConfig: Setting CVar [[s.WarnIfTimeLimitExceeded:0]]
LogConfig: Setting CVar [[s.TimeLimitExceededMultiplier:1.5]]
LogConfig: Setting CVar [[s.TimeLimitExceededMinTime:0.005]]
LogConfig: Setting CVar [[s.UseBackgroundLevelStreaming:1]]
LogConfig: Setting CVar [[s.PriorityAsyncLoadingExtraTime:15.0]]
LogConfig: Setting CVar [[s.LevelStreamingActorsUpdateTimeLimit:5.0]]
LogConfig: Setting CVar [[s.PriorityLevelStreamingActorsUpdateExtraTime:5.0]]
LogConfig: Setting CVar [[s.LevelStreamingComponentsRegistrationGranularity:10]]
LogConfig: Setting CVar [[s.UnregisterComponentsTimeLimit:1.0]]
LogConfig: Setting CVar [[s.LevelStreamingComponentsUnregistrationGranularity:5]]
LogConfig: Setting CVar [[s.FlushStreamingOnExit:1]]
LogInit: Object subsystem initialized
LogConfig: Setting CVar [[con.DebugEarlyDefault:1]]
LogConfig: Setting CVar [[r.setres:1280x720]]
[2020.11.19-12.41.47:657][  0]LogConfig: Setting CVar [[r.VSync:0]]
[2020.11.19-12.41.47:657][  0]LogConfig: Setting CVar [[r.RHICmdBypass:0]]
[2020.11.19-12.41.47:657][  0]LogConfig: Applying CVar settings from Section [/Script/Engine.RendererSettings] File [D:/Users/h017026h/Documents/GitKraken/-raisethegamejam-2020/RaiseTheGameJame2020/Saved/Config/Windows/Engine.ini]
[2020.11.19-12.41.47:658][  0]LogConfig: Setting CVar [[r.GPUCrashDebugging:0]]
[2020.11.19-12.41.47:658][  0]LogConfig: Applying CVar settings from Section [/Script/Engine.RendererOverrideSettings] File [D:/Users/h017026h/Documents/GitKraken/-raisethegamejam-2020/RaiseTheGameJame2020/Saved/Config/Windows/Engine.ini]
[2020.11.19-12.41.47:658][  0]LogConfig: Applying CVar settings from Section [/Script/Engine.StreamingSettings] File [D:/Users/h017026h/Documents/GitKraken/-raisethegamejam-2020/RaiseTheGameJame2020/Saved/Config/Windows/Engine.ini]
[2020.11.19-12.41.47:658][  0]LogConfig: Setting CVar [[s.MinBulkDataSizeForAsyncLoading:131072]]
[2020.11.19-12.41.47:658][  0]LogConfig: Setting CVar [[s.AsyncLoadingThreadEnabled:0]]
[2020.11.19-12.41.47:658][  0]LogConfig: Setting CVar [[s.EventDrivenLoaderEnabled:1]]
[2020.11.19-12.41.47:658][  0]LogConfig: Setting CVar [[s.WarnIfTimeLimitExceeded:0]]
[2020.11.19-12.41.47:658][  0]LogConfig: Setting CVar [[s.TimeLimitExceededMultiplier:1.5]]
[2020.11.19-12.41.47:658][  0]LogConfig: Setting CVar [[s.TimeLimitExceededMinTime:0.005]]
[2020.11.19-12.41.47:658][  0]LogConfig: Setting CVar [[s.UseBackgroundLevelStreaming:1]]
[2020.11.19-12.41.47:658][  0]LogConfig: Setting CVar [[s.PriorityAsyncLoadingExtraTime:15.0]]
[2020.11.19-12.41.47:658][  0]LogConfig: Setting CVar [[s.LevelStreamingActorsUpdateTimeLimit:5.0]]
[2020.11.19-12.41.47:658][  0]LogConfig: Setting CVar [[s.PriorityLevelStreamingActorsUpdateExtraTime:5.0]]
[2020.11.19-12.41.47:658][  0]LogConfig: Setting CVar [[s.LevelStreamingComponentsRegistrationGranularity:10]]
[2020.11.19-12.41.47:658][  0]LogConfig: Setting CVar [[s.UnregisterComponentsTimeLimit:1.0]]
[2020.11.19-12.41.47:658][  0]LogConfig: Setting CVar [[s.LevelStreamingComponentsUnregistrationGranularity:5]]
[2020.11.19-12.41.47:658][  0]LogConfig: Setting CVar [[s.FlushStreamingOnExit:1]]
[2020.11.19-12.41.47:658][  0]LogConfig: Applying CVar settings from Section [/Script/Engine.GarbageCollectionSettings] File [D:/Users/h017026h/Documents/GitKraken/-raisethegamejam-2020/RaiseTheGameJame2020/Saved/Config/Windows/Engine.ini]
[2020.11.19-12.41.47:659][  0]LogConfig: Setting CVar [[gc.MaxObjectsNotConsideredByGC:1]]
[2020.11.19-12.41.47:659][  0]LogConfig: Setting CVar [[gc.SizeOfPermanentObjectPool:0]]
[2020.11.19-12.41.47:659][  0]LogConfig: Setting CVar [[gc.FlushStreamingOnGC:0]]
[2020.11.19-12.41.47:659][  0]LogConfig: Setting CVar [[gc.NumRetriesBeforeForcingGC:10]]
[2020.11.19-12.41.47:659][  0]LogConfig: Setting CVar [[gc.AllowParallelGC:1]]
[2020.11.19-12.41.47:659][  0]LogConfig: Setting CVar [[gc.TimeBetweenPurgingPendingKillObjects:61.1]]
[2020.11.19-12.41.47:659][  0]LogConfig: Setting CVar [[gc.MaxObjectsInEditor:25165824]]
[2020.11.19-12.41.47:659][  0]LogConfig: Setting CVar [[gc.IncrementalBeginDestroyEnabled:1]]
[2020.11.19-12.41.47:659][  0]LogConfig: Setting CVar [[gc.CreateGCClusters:1]]
[2020.11.19-12.41.47:659][  0]LogConfig: Setting CVar [[gc.MinGCClusterSize:5]]
[2020.11.19-12.41.47:659][  0]LogConfig: Setting CVar [[gc.ActorClusteringEnabled:0]]
[2020.11.19-12.41.47:659][  0]LogConfig: Setting CVar [[gc.BlueprintClusteringEnabled:0]]
[2020.11.19-12.41.47:659][  0]LogConfig: Setting CVar [[gc.UseDisregardForGCOnDedicatedServers:0]]
[2020.11.19-12.41.47:659][  0]LogConfig: Applying CVar settings from Section [/Script/Engine.NetworkSettings] File [D:/Users/h017026h/Documents/GitKraken/-raisethegamejam-2020/RaiseTheGameJame2020/Saved/Config/Windows/Engine.ini]
[2020.11.19-12.41.47:659][  0]LogConfig: Applying CVar settings from Section [/Script/UnrealEd.CookerSettings] File [D:/Users/h017026h/Documents/GitKraken/-raisethegamejam-2020/RaiseTheGameJame2020/Saved/Config/Windows/Engine.ini]
[2020.11.19-12.41.47:674][  0]LogConfig: Applying CVar settings from Section [ViewDistanceQuality@3] File [D:/Users/h017026h/Documents/GitKraken/-raisethegamejam-2020/RaiseTheGameJame2020/Saved/Config/Windows/Scalability.ini]
[2020.11.19-12.41.47:674][  0]LogConfig: Setting CVar [[r.SkeletalMeshLODBias:0]]
[2020.11.19-12.41.47:674][  0]LogConfig: Setting CVar [[r.ViewDistanceScale:1.0]]
[2020.11.19-12.41.47:674][  0]LogConfig: Applying CVar settings from Section [AntiAliasingQuality@3] File [D:/Users/h017026h/Documents/GitKraken/-raisethegamejam-2020/RaiseTheGameJame2020/Saved/Config/Windows/Scalability.ini]
[2020.11.19-12.41.47:674][  0]LogConfig: Setting CVar [[r.PostProcessAAQuality:4]]
[2020.11.19-12.41.47:674][  0]LogConfig: Applying CVar settings from Section [ShadowQuality@3] File [D:/Users/h017026h/Documents/GitKraken/-raisethegamejam-2020/RaiseTheGameJame2020/Saved/Config/Windows/Scalability.ini]
[2020.11.19-12.41.47:674][  0]LogConfig: Setting CVar [[r.LightFunctionQuality:1]]
[2020.11.19-12.41.47:674][  0]LogConfig: Setting CVar [[r.ShadowQuality:5]]
[2020.11.19-12.41.47:674][  0]LogConfig: Setting CVar [[r.Shadow.CSM.MaxCascades:10]]
[2020.11.19-12.41.47:674][  0]LogConfig: Setting CVar [[r.Shadow.MaxResolution:2048]]
[2020.11.19-12.41.47:674][  0]LogConfig: Setting CVar [[r.Shadow.MaxCSMResolution:2048]]
[2020.11.19-12.41.47:674][  0]LogConfig: Setting CVar [[r.Shadow.RadiusThreshold:0.01]]
[2020.11.19-12.41.47:674][  0]LogConfig: Setting CVar [[r.Shadow.DistanceScale:1.0]]
[2020.11.19-12.41.47:674][  0]LogConfig: Setting CVar [[r.Shadow.CSM.TransitionScale:1.0]]
[2020.11.19-12.41.47:674][  0]LogConfig: Setting CVar [[r.Shadow.PreShadowResolutionFactor:1.0]]
[2020.11.19-12.41.47:674][  0]LogConfig: Setting CVar [[r.DistanceFieldShadowing:1]]
[2020.11.19-12.41.47:675][  0]LogConfig: Setting CVar [[r.DistanceFieldAO:1]]
[2020.11.19-12.41.47:675][  0]LogConfig: Setting CVar [[r.AOQuality:2]]
[2020.11.19-12.41.47:675][  0]LogConfig: Setting CVar [[r.VolumetricFog:1]]
[2020.11.19-12.41.47:675][  0]LogConfig: Setting CVar [[r.VolumetricFog.GridPixelSize:8]]
[2020.11.19-12.41.47:675][  0]LogConfig: Setting CVar [[r.VolumetricFog.GridSizeZ:128]]
[2020.11.19-12.41.47:675][  0]LogConfig: Setting CVar [[r.VolumetricFog.HistoryMissSupersampleCount:4]]
[2020.11.19-12.41.47:675][  0]LogConfig: Setting CVar [[r.LightMaxDrawDistanceScale:1]]
[2020.11.19-12.41.47:675][  0]LogConfig: Setting CVar [[r.CapsuleShadows:1]]
[2020.11.19-12.41.47:675][  0]LogConfig: Applying CVar settings from Section [PostProcessQuality@3] File [D:/Users/h017026h/Documents/GitKraken/-raisethegamejam-2020/RaiseTheGameJame2020/Saved/Config/Windows/Scalability.ini]
[2020.11.19-12.41.47:675][  0]LogConfig: Setting CVar [[r.MotionBlurQuality:4]]
[2020.11.19-12.41.47:675][  0]LogConfig: Setting CVar [[r.AmbientOcclusionMipLevelFactor:0.4]]
[2020.11.19-12.41.47:675][  0]LogConfig: Setting CVar [[r.AmbientOcclusionMaxQuality:100]]
[2020.11.19-12.41.47:675][  0]LogConfig: Setting CVar [[r.AmbientOcclusionLevels:-1]]
[2020.11.19-12.41.47:675][  0]LogConfig: Setting CVar [[r.AmbientOcclusionRadiusScale:1.0]]
[2020.11.19-12.41.47:675][  0]LogConfig: Setting CVar [[r.DepthOfFieldQuality:2]]
[2020.11.19-12.41.47:675][  0]LogConfig: Setting CVar [[r.RenderTargetPoolMin:400]]
[2020.11.19-12.41.47:675][  0]LogConfig: Setting CVar [[r.LensFlareQuality:2]]
[2020.11.19-12.41.47:675][  0]LogConfig: Setting CVar [[r.SceneColorFringeQuality:1]]
[2020.11.19-12.41.47:675][  0]LogConfig: Setting CVar [[r.EyeAdaptationQuality:2]]
[2020.11.19-12.41.47:675][  0]LogConfig: Setting CVar [[r.BloomQuality:5]]
[2020.11.19-12.41.47:675][  0]LogConfig: Setting CVar [[r.FastBlurThreshold:100]]
[2020.11.19-12.41.47:676][  0]LogConfig: Setting CVar [[r.Upscale.Quality:3]]
[2020.11.19-12.41.47:676][  0]LogConfig: Setting CVar [[r.Tonemapper.GrainQuantization:1]]
[2020.11.19-12.41.47:676][  0]LogConfig: Setting CVar [[r.LightShaftQuality:1]]
[2020.11.19-12.41.47:676][  0]LogConfig: Setting CVar [[r.Filter.SizeScale:1]]
[2020.11.19-12.41.47:676][  0]LogConfig: Setting CVar [[r.Tonemapper.Quality:5]]
[2020.11.19-12.41.47:676][  0]LogConfig: Setting CVar [[r.DOF.Gather.AccumulatorQuality:1        ; higher gathering accumulator quality]]
[2020.11.19-12.41.47:676][  0]LogConfig: Setting CVar [[r.DOF.Gather.PostfilterMethod:1          ; Median3x3 postfilering method]]
[2020.11.19-12.41.47:676][  0]LogConfig: Setting CVar [[r.DOF.Gather.EnableBokehSettings:0       ; no bokeh simulation when gathering]]
[2020.11.19-12.41.47:676][  0]LogConfig: Setting CVar [[r.DOF.Gather.RingCount:4                 ; medium number of samples when gathering]]
[2020.11.19-12.41.47:676][  0]LogConfig: Setting CVar [[r.DOF.Scatter.ForegroundCompositing:1    ; additive foreground scattering]]
[2020.11.19-12.41.47:676][  0]LogConfig: Setting CVar [[r.DOF.Scatter.BackgroundCompositing:2    ; additive background scattering]]
[2020.11.19-12.41.47:676][  0]LogConfig: Setting CVar [[r.DOF.Scatter.EnableBokehSettings:1      ; bokeh simulation when scattering]]
[2020.11.19-12.41.47:676][  0]LogConfig: Setting CVar [[r.DOF.Scatter.MaxSpriteRatio:0.1         ; only a maximum of 10% of scattered bokeh]]
[2020.11.19-12.41.47:676][  0]LogConfig: Setting CVar [[r.DOF.Recombine.Quality:1                ; cheap slight out of focus]]
[2020.11.19-12.41.47:676][  0]LogConfig: Setting CVar [[r.DOF.Recombine.EnableBokehSettings:0    ; no bokeh simulation on slight out of focus]]
[2020.11.19-12.41.47:676][  0]LogConfig: Setting CVar [[r.DOF.TemporalAAQuality:1                ; more stable temporal accumulation]]
[2020.11.19-12.41.47:676][  0]LogConfig: Setting CVar [[r.DOF.Kernel.MaxForegroundRadius:0.025]]
[2020.11.19-12.41.47:677][  0]LogConfig: Setting CVar [[r.DOF.Kernel.MaxBackgroundRadius:0.025]]
[2020.11.19-12.41.47:677][  0]LogConfig: Applying CVar settings from Section [TextureQuality@3] File [D:/Users/h017026h/Documents/GitKraken/-raisethegamejam-2020/RaiseTheGameJame2020/Saved/Config/Windows/Scalability.ini]
[2020.11.19-12.41.47:677][  0]LogConfig: Setting CVar [[r.Streaming.MipBias:0]]
[2020.11.19-12.41.47:677][  0]LogConfig: Setting CVar [[r.Streaming.AmortizeCPUToGPUCopy:0]]
[2020.11.19-12.41.47:677][  0]LogConfig: Setting CVar [[r.Streaming.MaxNumTexturesToStreamPerFrame:0]]
[2020.11.19-12.41.47:677][  0]LogConfig: Setting CVar [[r.Streaming.Boost:1]]
[2020.11.19-12.41.47:677][  0]LogConfig: Setting CVar [[r.MaxAnisotropy:8]]
[2020.11.19-12.41.47:677][  0]LogConfig: Setting CVar [[r.VT.MaxAnisotropy:8]]
[2020.11.19-12.41.47:677][  0]LogConfig: Setting CVar [[r.Streaming.LimitPoolSizeToVRAM:0]]
[2020.11.19-12.41.47:677][  0]LogConfig: Setting CVar [[r.Streaming.PoolSize:1000]]
[2020.11.19-12.41.47:677][  0]LogConfig: Setting CVar [[r.Streaming.MaxEffectiveScreenSize:0]]
[2020.11.19-12.41.47:677][  0]LogConfig: Applying CVar settings from Section [EffectsQuality@3] File [D:/Users/h017026h/Documents/GitKraken/-raisethegamejam-2020/RaiseTheGameJame2020/Saved/Config/Windows/Scalability.ini]
[2020.11.19-12.41.47:677][  0]LogConfig: Setting CVar [[r.TranslucencyLightingVolumeDim:64]]
[2020.11.19-12.41.47:677][  0]LogConfig: Setting CVar [[r.RefractionQuality:2]]
[2020.11.19-12.41.47:677][  0]LogConfig: Setting CVar [[r.SSR.Quality:3]]
[2020.11.19-12.41.47:677][  0]LogConfig: Setting CVar [[r.SSR.HalfResSceneColor:0]]
[2020.11.19-12.41.47:677][  0]LogConfig: Setting CVar [[r.SceneColorFormat:4]]
[2020.11.19-12.41.47:677][  0]LogConfig: Setting CVar [[r.DetailMode:2]]
[2020.11.19-12.41.47:677][  0]LogConfig: Setting CVar [[r.TranslucencyVolumeBlur:1]]
[2020.11.19-12.41.47:677][  0]LogConfig: Setting CVar [[r.MaterialQualityLevel:1 ; High quality]]
[2020.11.19-12.41.47:677][  0]LogConfig: Setting CVar [[r.SSS.Scale:1]]
[2020.11.19-12.41.47:677][  0]LogConfig: Setting CVar [[r.SSS.SampleSet:2]]
[2020.11.19-12.41.47:677][  0]LogConfig: Setting CVar [[r.SSS.Quality:1]]
[2020.11.19-12.41.47:677][  0]LogConfig: Setting CVar [[r.SSS.HalfRes:0]]
[2020.11.19-12.41.47:677][  0]LogConfig: Setting CVar [[r.SSGI.Quality:3]]
[2020.11.19-12.41.47:677][  0]LogConfig: Setting CVar [[r.EmitterSpawnRateScale:1.0]]
[2020.11.19-12.41.47:678][  0]LogConfig: Setting CVar [[r.ParticleLightQuality:2]]
[2020.11.19-12.41.47:678][  0]LogConfig: Setting CVar [[r.SkyAtmosphere.AerialPerspectiveLUT.FastApplyOnOpaque:1 ; Always have FastSkyLUT 1 in this case to avoid wrong sky]]
[2020.11.19-12.41.47:678][  0]LogConfig: Setting CVar [[r.SkyAtmosphere.AerialPerspectiveLUT.SampleCountPerSlice:1]]
[2020.11.19-12.41.47:678][  0]LogConfig: Setting CVar [[r.SkyAtmosphere.AerialPerspectiveLUT.DepthResolution:16.0]]
[2020.11.19-12.41.47:678][  0]LogConfig: Setting CVar [[r.SkyAtmosphere.FastSkyLUT:1]]
[2020.11.19-12.41.47:678][  0]LogConfig: Setting CVar [[r.SkyAtmosphere.FastSkyLUT.SampleCountMin:4.0]]
[2020.11.19-12.41.47:678][  0]LogConfig: Setting CVar [[r.SkyAtmosphere.FastSkyLUT.SampleCountMax:32.0]]
[2020.11.19-12.41.47:678][  0]LogConfig: Setting CVar [[r.SkyAtmosphere.SampleCountMin:4.0]]
[2020.11.19-12.41.47:678][  0]LogConfig: Setting CVar [[r.SkyAtmosphere.SampleCountMax:32.0]]
[2020.11.19-12.41.47:678][  0]LogConfig: Setting CVar [[r.SkyAtmosphere.TransmittanceLUT.UseSmallFormat:0]]
[2020.11.19-12.41.47:678][  0]LogConfig: Setting CVar [[r.SkyAtmosphere.TransmittanceLUT.SampleCount:10.0]]
[2020.11.19-12.41.47:678][  0]LogConfig: Setting CVar [[r.SkyAtmosphere.MultiScatteringLUT.SampleCount:15.0]]
[2020.11.19-12.41.47:678][  0]LogConfig: Applying CVar settings from Section [FoliageQuality@3] File [D:/Users/h017026h/Documents/GitKraken/-raisethegamejam-2020/RaiseTheGameJame2020/Saved/Config/Windows/Scalability.ini]
[2020.11.19-12.41.47:678][  0]LogConfig: Setting CVar [[foliage.DensityScale:1.0]]
[2020.11.19-12.41.47:678][  0]LogConfig: Setting CVar [[grass.DensityScale:1.0]]
[2020.11.19-12.41.47:678][  0]LogConfig: Applying CVar settings from Section [ShadingQuality@3] File [D:/Users/h017026h/Documents/GitKraken/-raisethegamejam-2020/RaiseTheGameJame2020/Saved/Config/Windows/Scalability.ini]
[2020.11.19-12.41.47:678][  0]LogConfig: Setting CVar [[r.HairStrands.SkyLighting.SampleCount:16]]
[2020.11.19-12.41.47:678][  0]LogConfig: Setting CVar [[r.HairStrands.SkyLighting.JitterIntegration:0]]
[2020.11.19-12.41.47:678][  0]LogConfig: Setting CVar [[r.HairStrands.SkyAO.SampleCount:16]]
[2020.11.19-12.41.47:678][  0]LogConfig: Setting CVar [[r.HairStrands.DeepShadow.SuperSampling:0]]
[2020.11.19-12.41.47:678][  0]LogConfig: Setting CVar [[r.HairStrands.VisibilityPPLL:0]]
[2020.11.19-12.41.47:679][  0]LogConfig: Setting CVar [[r.HairStrands.RasterizationScale:0.5]]
[2020.11.19-12.41.47:679][  0]LogConfig: Setting CVar [[r.HairStrands.VelocityRasterizationScale:1]]
[2020.11.19-12.41.47:679][  0]LogInit: Selected Device Profile: [Windows]
[2020.11.19-12.41.47:679][  0]LogInit: Applying CVar settings loaded from the selected device profile: [Windows]
[2020.11.19-12.41.47:679][  0]LogHAL: Display: Platform has ~ 16 GB [17130930176 / 17179869184 / 16], which maps to Larger [LargestMinGB=32, LargerMinGB=12, DefaultMinGB=8, SmallerMinGB=6, SmallestMinGB=0)
[2020.11.19-12.41.47:679][  0]LogInit: Going up to parent DeviceProfile []
[2020.11.19-12.41.47:679][  0]LogConfig: Applying CVar settings from Section [ViewDistanceQuality@3] File [D:/Users/h017026h/Documents/GitKraken/-raisethegamejam-2020/RaiseTheGameJame2020/Saved/Config/Windows/Scalability.ini]
[2020.11.19-12.41.47:679][  0]LogConfig: Setting CVar [[r.SkeletalMeshLODBias:0]]
[2020.11.19-12.41.47:679][  0]LogConfig: Setting CVar [[r.ViewDistanceScale:1.0]]
[2020.11.19-12.41.47:679][  0]LogConfig: Applying CVar settings from Section [AntiAliasingQuality@3] File [D:/Users/h017026h/Documents/GitKraken/-raisethegamejam-2020/RaiseTheGameJame2020/Saved/Config/Windows/Scalability.ini]
[2020.11.19-12.41.47:679][  0]LogConfig: Setting CVar [[r.PostProcessAAQuality:4]]
[2020.11.19-12.41.47:679][  0]LogConfig: Applying CVar settings from Section [ShadowQuality@3] File [D:/Users/h017026h/Documents/GitKraken/-raisethegamejam-2020/RaiseTheGameJame2020/Saved/Config/Windows/Scalability.ini]
[2020.11.19-12.41.47:679][  0]LogConfig: Setting CVar [[r.LightFunctionQuality:1]]
[2020.11.19-12.41.47:679][  0]LogConfig: Setting CVar [[r.ShadowQuality:5]]
[2020.11.19-12.41.47:679][  0]LogConfig: Setting CVar [[r.Shadow.CSM.MaxCascades:10]]
[2020.11.19-12.41.47:679][  0]LogConfig: Setting CVar [[r.Shadow.MaxResolution:2048]]
[2020.11.19-12.41.47:679][  0]LogConfig: Setting CVar [[r.Shadow.MaxCSMResolution:2048]]
[2020.11.19-12.41.47:679][  0]LogConfig: Setting CVar [[r.Shadow.RadiusThreshold:0.01]]
[2020.11.19-12.41.47:679][  0]LogConfig: Setting CVar [[r.Shadow.DistanceScale:1.0]]
[2020.11.19-12.41.47:680][  0]LogConfig: Setting CVar [[r.Shadow.CSM.TransitionScale:1.0]]
[2020.11.19-12.41.47:680][  0]LogConfig: Setting CVar [[r.Shadow.PreShadowResolutionFactor:1.0]]
[2020.11.19-12.41.47:680][  0]LogConfig: Setting CVar [[r.DistanceFieldShadowing:1]]
[2020.11.19-12.41.47:680][  0]LogConfig: Setting CVar [[r.DistanceFieldAO:1]]
[2020.11.19-12.41.47:680][  0]LogConfig: Setting CVar [[r.AOQuality:2]]
[2020.11.19-12.41.47:680][  0]LogConfig: Setting CVar [[r.VolumetricFog:1]]
[2020.11.19-12.41.47:680][  0]LogConfig: Setting CVar [[r.VolumetricFog.GridPixelSize:8]]
[2020.11.19-12.41.47:680][  0]LogConfig: Setting CVar [[r.VolumetricFog.GridSizeZ:128]]
[2020.11.19-12.41.47:680][  0]LogConfig: Setting CVar [[r.VolumetricFog.HistoryMissSupersampleCount:4]]
[2020.11.19-12.41.47:680][  0]LogConfig: Setting CVar [[r.LightMaxDrawDistanceScale:1]]
[2020.11.19-12.41.47:680][  0]LogConfig: Setting CVar [[r.CapsuleShadows:1]]
[2020.11.19-12.41.47:680][  0]LogConfig: Applying CVar settings from Section [PostProcessQuality@3] File [D:/Users/h017026h/Documents/GitKraken/-raisethegamejam-2020/RaiseTheGameJame2020/Saved/Config/Windows/Scalability.ini]
[2020.11.19-12.41.47:680][  0]LogConfig: Setting CVar [[r.MotionBlurQuality:4]]
[2020.11.19-12.41.47:680][  0]LogConfig: Setting CVar [[r.AmbientOcclusionMipLevelFactor:0.4]]
[2020.11.19-12.41.47:680][  0]LogConfig: Setting CVar [[r.AmbientOcclusionMaxQuality:100]]
[2020.11.19-12.41.47:680][  0]LogConfig: Setting CVar [[r.AmbientOcclusionLevels:-1]]
[2020.11.19-12.41.47:680][  0]LogConfig: Setting CVar [[r.AmbientOcclusionRadiusScale:1.0]]
[2020.11.19-12.41.47:680][  0]LogConfig: Setting CVar [[r.DepthOfFieldQuality:2]]
[2020.11.19-12.41.47:680][  0]LogConfig: Setting CVar [[r.RenderTargetPoolMin:400]]
[2020.11.19-12.41.47:680][  0]LogConfig: Setting CVar [[r.LensFlareQuality:2]]
[2020.11.19-12.41.47:680][  0]LogConfig: Setting CVar [[r.SceneColorFringeQuality:1]]
[2020.11.19-12.41.47:680][  0]LogConfig: Setting CVar [[r.EyeAdaptationQuality:2]]
[2020.11.19-12.41.47:681][  0]LogConfig: Setting CVar [[r.BloomQuality:5]]
[2020.11.19-12.41.47:681][  0]LogConfig: Setting CVar [[r.FastBlurThreshold:100]]
[2020.11.19-12.41.47:681][  0]LogConfig: Setting CVar [[r.Upscale.Quality:3]]
[2020.11.19-12.41.47:681][  0]LogConfig: Setting CVar [[r.Tonemapper.GrainQuantization:1]]
[2020.11.19-12.41.47:681][  0]LogConfig: Setting CVar [[r.LightShaftQuality:1]]
[2020.11.19-12.41.47:681][  0]LogConfig: Setting CVar [[r.Filter.SizeScale:1]]
[2020.11.19-12.41.47:681][  0]LogConfig: Setting CVar [[r.Tonemapper.Quality:5]]
[2020.11.19-12.41.47:681][  0]LogConfig: Setting CVar [[r.DOF.Gather.AccumulatorQuality:1        ; higher gathering accumulator quality]]
[2020.11.19-12.41.47:681][  0]LogConfig: Setting CVar [[r.DOF.Gather.PostfilterMethod:1          ; Median3x3 postfilering method]]
[2020.11.19-12.41.47:681][  0]LogConfig: Setting CVar [[r.DOF.Gather.EnableBokehSettings:0       ; no bokeh simulation when gathering]]
[2020.11.19-12.41.47:681][  0]LogConfig: Setting CVar [[r.DOF.Gather.RingCount:4                 ; medium number of samples when gathering]]
[2020.11.19-12.41.47:681][  0]LogConfig: Setting CVar [[r.DOF.Scatter.ForegroundCompositing:1    ; additive foreground scattering]]
[2020.11.19-12.41.47:681][  0]LogConfig: Setting CVar [[r.DOF.Scatter.BackgroundCompositing:2    ; additive background scattering]]
[2020.11.19-12.41.47:681][  0]LogConfig: Setting CVar [[r.DOF.Scatter.EnableBokehSettings:1      ; bokeh simulation when scattering]]
[2020.11.19-12.41.47:681][  0]LogConfig: Setting CVar [[r.DOF.Scatter.MaxSpriteRatio:0.1         ; only a maximum of 10% of scattered bokeh]]
[2020.11.19-12.41.47:681][  0]LogConfig: Setting CVar [[r.DOF.Recombine.Quality:1                ; cheap slight out of focus]]
[2020.11.19-12.41.47:681][  0]LogConfig: Setting CVar [[r.DOF.Recombine.EnableBokehSettings:0    ; no bokeh simulation on slight out of focus]]
[2020.11.19-12.41.47:681][  0]LogConfig: Setting CVar [[r.DOF.TemporalAAQuality:1                ; more stable temporal accumulation]]
[2020.11.19-12.41.47:681][  0]LogConfig: Setting CVar [[r.DOF.Kernel.MaxForegroundRadius:0.025]]
[2020.11.19-12.41.47:681][  0]LogConfig: Setting CVar [[r.DOF.Kernel.MaxBackgroundRadius:0.025]]
[2020.11.19-12.41.47:681][  0]LogConfig: Applying CVar settings from Section [TextureQuality@3] File [D:/Users/h017026h/Documents/GitKraken/-raisethegamejam-2020/RaiseTheGameJame2020/Saved/Config/Windows/Scalability.ini]
[2020.11.19-12.41.47:681][  0]LogConfig: Setting CVar [[r.Streaming.MipBias:0]]
[2020.11.19-12.41.47:682][  0]LogConfig: Setting CVar [[r.Streaming.AmortizeCPUToGPUCopy:0]]
[2020.11.19-12.41.47:682][  0]LogConfig: Setting CVar [[r.Streaming.MaxNumTexturesToStreamPerFrame:0]]
[2020.11.19-12.41.47:682][  0]LogConfig: Setting CVar [[r.Streaming.Boost:1]]
[2020.11.19-12.41.47:682][  0]LogConfig: Setting CVar [[r.MaxAnisotropy:8]]
[2020.11.19-12.41.47:682][  0]LogConfig: Setting CVar [[r.VT.MaxAnisotropy:8]]
[2020.11.19-12.41.47:682][  0]LogConfig: Setting CVar [[r.Streaming.LimitPoolSizeToVRAM:0]]
[2020.11.19-12.41.47:682][  0]LogConfig: Setting CVar [[r.Streaming.PoolSize:1000]]
[2020.11.19-12.41.47:682][  0]LogConfig: Setting CVar [[r.Streaming.MaxEffectiveScreenSize:0]]
[2020.11.19-12.41.47:682][  0]LogConfig: Applying CVar settings from Section [EffectsQuality@3] File [D:/Users/h017026h/Documents/GitKraken/-raisethegamejam-2020/RaiseTheGameJame2020/Saved/Config/Windows/Scalability.ini]
[2020.11.19-12.41.47:682][  0]LogConfig: Setting CVar [[r.TranslucencyLightingVolumeDim:64]]
[2020.11.19-12.41.47:682][  0]LogConfig: Setting CVar [[r.RefractionQuality:2]]
[2020.11.19-12.41.47:682][  0]LogConfig: Setting CVar [[r.SSR.Quality:3]]
[2020.11.19-12.41.47:682][  0]LogConfig: Setting CVar [[r.SSR.HalfResSceneColor:0]]
[2020.11.19-12.41.47:682][  0]LogConfig: Setting CVar [[r.SceneColorFormat:4]]
[2020.11.19-12.41.47:682][  0]LogConfig: Setting CVar [[r.DetailMode:2]]
[2020.11.19-12.41.47:682][  0]LogConfig: Setting CVar [[r.TranslucencyVolumeBlur:1]]
[2020.11.19-12.41.47:682][  0]LogConfig: Setting CVar [[r.MaterialQualityLevel:1 ; High quality]]
[2020.11.19-12.41.47:682][  0]LogConfig: Setting CVar [[r.SSS.Scale:1]]
[2020.11.19-12.41.47:682][  0]LogConfig: Setting CVar [[r.SSS.SampleSet:2]]
[2020.11.19-12.41.47:682][  0]LogConfig: Setting CVar [[r.SSS.Quality:1]]
[2020.11.19-12.41.47:682][  0]LogConfig: Setting CVar [[r.SSS.HalfRes:0]]
[2020.11.19-12.41.47:682][  0]LogConfig: Setting CVar [[r.SSGI.Quality:3]]
[2020.11.19-12.41.47:683][  0]LogConfig: Setting CVar [[r.EmitterSpawnRateScale:1.0]]
[2020.11.19-12.41.47:683][  0]LogConfig: Setting CVar [[r.ParticleLightQuality:2]]
[2020.11.19-12.41.47:683][  0]LogConfig: Setting CVar [[r.SkyAtmosphere.AerialPerspectiveLUT.FastApplyOnOpaque:1 ; Always have FastSkyLUT 1 in this case to avoid wrong sky]]
[2020.11.19-12.41.47:683][  0]LogConfig: Setting CVar [[r.SkyAtmosphere.AerialPerspectiveLUT.SampleCountPerSlice:1]]
[2020.11.19-12.41.47:683][  0]LogConfig: Setting CVar [[r.SkyAtmosphere.AerialPerspectiveLUT.DepthResolution:16.0]]
[2020.11.19-12.41.47:683][  0]LogConfig: Setting CVar [[r.SkyAtmosphere.FastSkyLUT:1]]
[2020.11.19-12.41.47:683][  0]LogConfig: Setting CVar [[r.SkyAtmosphere.FastSkyLUT.SampleCountMin:4.0]]
[2020.11.19-12.41.47:683][  0]LogConfig: Setting CVar [[r.SkyAtmosphere.FastSkyLUT.SampleCountMax:32.0]]
[2020.11.19-12.41.47:683][  0]LogConfig: Setting CVar [[r.SkyAtmosphere.SampleCountMin:4.0]]
[2020.11.19-12.41.47:683][  0]LogConfig: Setting CVar [[r.SkyAtmosphere.SampleCountMax:32.0]]
[2020.11.19-12.41.47:683][  0]LogConfig: Setting CVar [[r.SkyAtmosphere.TransmittanceLUT.UseSmallFormat:0]]
[2020.11.19-12.41.47:683][  0]LogConfig: Setting CVar [[r.SkyAtmosphere.TransmittanceLUT.SampleCount:10.0]]
[2020.11.19-12.41.47:683][  0]LogConfig: Setting CVar [[r.SkyAtmosphere.MultiScatteringLUT.SampleCount:15.0]]
[2020.11.19-12.41.47:683][  0]LogConfig: Applying CVar settings from Section [FoliageQuality@3] File [D:/Users/h017026h/Documents/GitKraken/-raisethegamejam-2020/RaiseTheGameJame2020/Saved/Config/Windows/Scalability.ini]
[2020.11.19-12.41.47:683][  0]LogConfig: Setting CVar [[foliage.DensityScale:1.0]]
[2020.11.19-12.41.47:683][  0]LogConfig: Setting CVar [[grass.DensityScale:1.0]]
[2020.11.19-12.41.47:683][  0]LogConfig: Applying CVar settings from Section [ShadingQuality@3] File [D:/Users/h017026h/Documents/GitKraken/-raisethegamejam-2020/RaiseTheGameJame2020/Saved/Config/Windows/Scalability.ini]
[2020.11.19-12.41.47:683][  0]LogConfig: Setting CVar [[r.HairStrands.SkyLighting.SampleCount:16]]
[2020.11.19-12.41.47:683][  0]LogConfig: Setting CVar [[r.HairStrands.SkyLighting.JitterIntegration:0]]
[2020.11.19-12.41.47:683][  0]LogConfig: Setting CVar [[r.HairStrands.SkyAO.SampleCount:16]]
[2020.11.19-12.41.47:683][  0]LogConfig: Setting CVar [[r.HairStrands.DeepShadow.SuperSampling:0]]
[2020.11.19-12.41.47:684][  0]LogConfig: Setting CVar [[r.HairStrands.VisibilityPPLL:0]]
[2020.11.19-12.41.47:684][  0]LogConfig: Setting CVar [[r.HairStrands.RasterizationScale:0.5]]
[2020.11.19-12.41.47:684][  0]LogConfig: Setting CVar [[r.HairStrands.VelocityRasterizationScale:1]]
[2020.11.19-12.41.47:684][  0]LogConfig: Applying CVar settings from Section [Startup] File [../../../Engine/Config/ConsoleVariables.ini]
[2020.11.19-12.41.47:699][  0]LogConfig: Setting CVar [[net.UseAdaptiveNetUpdateFrequency:0]]
[2020.11.19-12.41.47:700][  0]LogConfig: Setting CVar [[p.chaos.AllowCreatePhysxBodies:1]]
[2020.11.19-12.41.47:700][  0]LogConfig: Setting CVar [[fx.SkipVectorVMBackendOptimizations:1]]
[2020.11.19-12.41.47:700][  0]LogConfig: Applying CVar settings from Section [ConsoleVariables] File [D:/Users/h017026h/Documents/GitKraken/-raisethegamejam-2020/RaiseTheGameJame2020/Saved/Config/Windows/Engine.ini]
[2020.11.19-12.41.47:700][  0]LogInit: Computer: DESKTOP-D8L6EI8
[2020.11.19-12.41.47:700][  0]LogInit: User: h017026h
[2020.11.19-12.41.47:700][  0]LogInit: CPU Page size=4096, Cores=6
[2020.11.19-12.41.47:700][  0]LogInit: High frequency timer resolution =10.000000 MHz
[2020.11.19-12.41.47:700][  0]LogMemory: Memory total: Physical=16.0GB (16GB approx)
[2020.11.19-12.41.47:700][  0]LogMemory: Platform Memory Stats for Windows
[2020.11.19-12.41.47:701][  0]LogMemory: Process Physical Memory: 116.39 MB used, 116.40 MB peak
[2020.11.19-12.41.47:701][  0]LogMemory: Process Virtual Memory: 105.48 MB used, 105.48 MB peak
[2020.11.19-12.41.47:701][  0]LogMemory: Physical Memory: 13320.83 MB used,  3016.50 MB free, 16337.33 MB total
[2020.11.19-12.41.47:701][  0]LogMemory: Virtual Memory: 5173.71 MB used,  134212552.00 MB free, 134217728.00 MB total
[2020.11.19-12.41.47:716][  0]LogWindows: WindowsPlatformFeatures enabled
[2020.11.19-12.41.48:602][  0]LogInit: Physics initialised using underlying interface: PhysX
[2020.11.19-12.41.48:621][  0]LogInit: Using OS detected language (en-GB).
[2020.11.19-12.41.48:621][  0]LogInit: Using OS detected locale (en-GB).
[2020.11.19-12.41.48:705][  0]LogTextLocalizationManager: No specific localization for 'en-GB' exists, so the 'en' localization will be used.
[2020.11.19-12.41.49:131][  0]LogInit: Setting process to per monitor DPI aware
[2020.11.19-12.41.49:429][  0]LogSlate: New Slate User Created.  User Index 0, Is Virtual User: 0
[2020.11.19-12.41.49:429][  0]LogSlate: Slate User Registered.  User Index 0, Is Virtual User: 0
[2020.11.19-12.41.50:054][  0]LogHMD: Failed to initialize OpenVR with code 110
[2020.11.19-12.41.50:055][  0]LogD3D11RHI: D3D11 min allowed feature level: 11_0
[2020.11.19-12.41.50:055][  0]LogD3D11RHI: D3D11 max allowed feature level: 11_0
[2020.11.19-12.41.50:055][  0]LogD3D11RHI: D3D11 adapters:
[2020.11.19-12.41.50:182][  0]LogD3D11RHI:    0. 'NVIDIA GeForce RTX 2080' (Feature Level 11_0)
[2020.11.19-12.41.50:182][  0]LogD3D11RHI:       8010/0/8168 MB DedicatedVideo/DedicatedSystem/SharedSystem, Outputs:2, VendorId:0x10de
[2020.11.19-12.41.50:208][  0]LogD3D11RHI:    1. 'Microsoft Basic Render Driver' (Feature Level 11_0)
[2020.11.19-12.41.50:208][  0]LogD3D11RHI:       0/0/8168 MB DedicatedVideo/DedicatedSystem/SharedSystem, Outputs:0, VendorId:0x1414
[2020.11.19-12.41.50:208][  0]LogD3D11RHI: Chosen D3D11 Adapter: 0
[2020.11.19-12.41.50:219][  0]LogD3D11RHI: Creating new Direct3DDevice
[2020.11.19-12.41.50:219][  0]LogD3D11RHI:     GPU DeviceId: 0x1e87 (for the marketing name, search the web for "GPU Device Id")
[2020.11.19-12.41.50:219][  0]LogWindows: EnumDisplayDevices:
[2020.11.19-12.41.50:219][  0]LogWindows:    0. 'NVIDIA GeForce RTX 2080' (P:1 D:1)
[2020.11.19-12.41.50:220][  0]LogWindows:    1. 'NVIDIA GeForce RTX 2080' (P:0 D:1)
[2020.11.19-12.41.50:220][  0]LogWindows:    2. 'NVIDIA GeForce RTX 2080' (P:0 D:0)
[2020.11.19-12.41.50:221][  0]LogWindows:    3. 'NVIDIA GeForce RTX 2080' (P:0 D:0)
[2020.11.19-12.41.50:221][  0]LogWindows: DebugString: FoundDriverCount:4 
[2020.11.19-12.41.50:221][  0]LogD3D11RHI:     Adapter Name: NVIDIA GeForce RTX 2080
[2020.11.19-12.41.50:221][  0]LogD3D11RHI:   Driver Version: 457.30 (internal:27.21.14.5730, unified:457.30)
[2020.11.19-12.41.50:221][  0]LogD3D11RHI:      Driver Date: 11-6-2020
[2020.11.19-12.41.50:221][  0]LogRHI: Texture pool is 5607 MB (70% of 8010 MB)
[2020.11.19-12.41.50:270][  0]LogD3D11RHI: RHI has support for 64 bit atomics
[2020.11.19-12.41.50:271][  0]LogD3D11RHI: Async texture creation enabled
[2020.11.19-12.41.50:271][  0]LogD3D11RHI: Array index from any shader is supported
[2020.11.19-12.41.50:302][  0]LogD3D11RHI: GPU Timing Frequency: 1000.000000 (Debug: 2 1)
[2020.11.19-12.41.50:600][  0]LogTargetPlatformManager: Display: Loaded TargetPlatform 'AllDesktop'
[2020.11.19-12.41.50:627][  0]LogTargetPlatformManager: Display: Loaded TargetPlatform 'Android'
[2020.11.19-12.41.50:627][  0]LogTargetPlatformManager: Display: Loaded TargetPlatform 'Android_ASTC'
[2020.11.19-12.41.50:628][  0]LogTargetPlatformManager: Display: Loaded TargetPlatform 'Android_DXT'
[2020.11.19-12.41.50:628][  0]LogTargetPlatformManager: Display: Loaded TargetPlatform 'Android_ETC2'
[2020.11.19-12.41.50:628][  0]LogTargetPlatformManager: Display: Loaded TargetPlatform 'AndroidClient'
[2020.11.19-12.41.50:628][  0]LogTargetPlatformManager: Display: Loaded TargetPlatform 'Android_ASTCClient'
[2020.11.19-12.41.50:628][  0]LogTargetPlatformManager: Display: Loaded TargetPlatform 'Android_DXTClient'
[2020.11.19-12.41.50:628][  0]LogTargetPlatformManager: Display: Loaded TargetPlatform 'Android_ETC2Client'
[2020.11.19-12.41.50:628][  0]LogTargetPlatformManager: Display: Loaded TargetPlatform 'Android_Multi'
[2020.11.19-12.41.50:628][  0]LogTargetPlatformManager: Display: Loaded TargetPlatform 'Android_MultiClient'
[2020.11.19-12.41.50:720][  0]LogTargetPlatformManager: Display: Loaded TargetPlatform 'IOSClient'
[2020.11.19-12.41.50:720][  0]LogTargetPlatformManager: Display: Loaded TargetPlatform 'IOS'
[2020.11.19-12.41.50:736][  0]LogTargetPlatformManager: Display: Loaded TargetPlatform 'Linux'
[2020.11.19-12.41.50:774][  0]LogTargetPlatformManager: Display: Loaded TargetPlatform 'LinuxNoEditor'
[2020.11.19-12.41.50:809][  0]LogTargetPlatformManager: Display: Loaded TargetPlatform 'LinuxClient'
[2020.11.19-12.41.50:823][  0]LogTargetPlatformManager: Display: Loaded TargetPlatform 'LinuxServer'
[2020.11.19-12.41.50:857][  0]LogTargetPlatformManager: Display: Loaded TargetPlatform 'LinuxAArch64NoEditor'
[2020.11.19-12.41.50:895][  0]LogTargetPlatformManager: Display: Loaded TargetPlatform 'LinuxAArch64Client'
[2020.11.19-12.41.50:925][  0]LogTargetPlatformManager: Display: Loaded TargetPlatform 'LinuxAArch64Server'
[2020.11.19-12.41.50:967][  0]LogTargetPlatformManager: Display: Loaded TargetPlatform 'Lumin'
[2020.11.19-12.41.50:967][  0]LogTargetPlatformManager: Display: Loaded TargetPlatform 'LuminClient'
[2020.11.19-12.41.50:999][  0]LogTargetPlatformManager: Display: Loaded TargetPlatform 'TVOSClient'
[2020.11.19-12.41.50:999][  0]LogTargetPlatformManager: Display: Loaded TargetPlatform 'TVOS'
[2020.11.19-12.41.51:035][  0]LogTargetPlatformManager: Display: Loaded TargetPlatform 'WindowsNoEditor'
[2020.11.19-12.41.51:049][  0]LogTargetPlatformManager: Display: Loaded TargetPlatform 'Windows'
[2020.11.19-12.41.51:076][  0]LogTargetPlatformManager: Display: Loaded TargetPlatform 'WindowsClient'
[2020.11.19-12.41.51:089][  0]LogTargetPlatformManager: Display: Loaded TargetPlatform 'WindowsServer'
[2020.11.19-12.41.51:089][  0]LogTargetPlatformManager: Display: Building Assets For Windows
[2020.11.19-12.41.51:148][  0]LogAudioDebug: Display: Lib vorbis DLL was dynamically loaded.
[2020.11.19-12.41.51:497][  0]LogShaderCompilers: Guid format shader working directory is -44 characters bigger than the processId version (../../../../../Users/h017026h/Documents/GitKraken/-raisethegamejam-2020/RaiseTheGameJame2020/Intermediate/Shaders/WorkingDirectory/34728/).
[2020.11.19-12.41.51:497][  0]LogShaderCompilers: Cleaned the shader compiler working directory 'C:/Users/h017026h/AppData/Local/Temp/UnrealShaderWorkingDir/B8F754C74295C110E8B1ECB61D5811C2/'.
[2020.11.19-12.41.51:513][  0]LogXGEController: Cleaning working directory: C:/Users/h017026h/AppData/Local/Temp/UnrealXGEWorkingDir/
[2020.11.19-12.41.51:514][  0]LogXGEController: Cannot use XGE Controller as Incredibuild is not installed on this machine.
[2020.11.19-12.41.51:514][  0]LogShaderCompilers: Cannot use XGE Shader Compiler as Incredibuild is not installed on this machine.
[2020.11.19-12.41.51:514][  0]LogShaderCompilers: Display: Using Local Shader Compiler.
[2020.11.19-12.41.52:936][  0]LogDerivedDataCache: Display: Max Cache Size: 512 MB
[2020.11.19-12.41.53:150][  0]LogDerivedDataCache: Loaded boot cache 0.21s 79MB C:/Users/h017026h/AppData/Local/UnrealEngine/4.25/DerivedDataCache/Boot.ddc.
[2020.11.19-12.41.53:150][  0]LogDerivedDataCache: Display: Loaded Boot cache: C:/Users/h017026h/AppData/Local/UnrealEngine/4.25/DerivedDataCache/Boot.ddc
[2020.11.19-12.41.53:151][  0]LogDerivedDataCache: FDerivedDataBackendGraph:  Pak pak cache file ../../../../../Users/h017026h/Documents/GitKraken/-raisethegamejam-2020/RaiseTheGameJame2020/DerivedDataCache/DDC.ddp not found, will not use a pak cache.
[2020.11.19-12.41.53:151][  0]LogDerivedDataCache: Unable to find inner node Pak for hierarchical cache Hierarchy.
[2020.11.19-12.41.53:151][  0]LogDerivedDataCache: FDerivedDataBackendGraph:  CompressedPak pak cache file ../../../../../Users/h017026h/Documents/GitKraken/-raisethegamejam-2020/RaiseTheGameJame2020/DerivedDataCache/Compressed.ddp not found, will not use a pak cache.
[2020.11.19-12.41.53:151][  0]LogDerivedDataCache: Unable to find inner node CompressedPak for hierarchical cache Hierarchy.
[2020.11.19-12.41.53:162][  0]LogDerivedDataCache: Display: Pak cache opened for reading ../../../Engine/DerivedDataCache/Compressed.ddp.
[2020.11.19-12.41.53:162][  0]LogDerivedDataCache: FDerivedDataBackendGraph:  EnterprisePak pak cache file ../../../Enterprise/DerivedDataCache/Compressed.ddp not found, will not use a pak cache.
[2020.11.19-12.41.53:162][  0]LogDerivedDataCache: Unable to find inner node EnterprisePak for hierarchical cache Hierarchy.
[2020.11.19-12.41.53:165][  0]LogDerivedDataCache: Using Local data cache path C:/Users/h017026h/AppData/Local/UnrealEngine/Common/DerivedDataCache: Writable
[2020.11.19-12.41.53:165][  0]LogDerivedDataCache: Shared data cache path not found in *engine.ini, will not use an Shared cache.
[2020.11.19-12.41.53:165][  0]LogDerivedDataCache: Unable to find inner node Shared for hierarchical cache Hierarchy.
[2020.11.19-12.41.53:212][  0]LogSlate: Using FreeType 2.10.0
[2020.11.19-12.41.53:227][  0]LogSlate: SlateFontServices - WITH_FREETYPE: 1, WITH_HARFBUZZ: 1
[2020.11.19-12.41.53:364][  0]LogAssetRegistry: FAssetRegistry took 0.0046 seconds to start up
[2020.11.19-12.41.53:634][  0]LogInit: Selected Device Profile: [Windows]
[2020.11.19-12.41.54:079][  0]LogMeshReduction: Using QuadricMeshReduction for automatic static mesh reduction
[2020.11.19-12.41.54:079][  0]LogMeshReduction: Using SimplygonMeshReduction for automatic skeletal mesh reduction
[2020.11.19-12.41.54:080][  0]LogMeshReduction: Using ProxyLODMeshReduction for automatic mesh merging
[2020.11.19-12.41.54:080][  0]LogMeshReduction: No distributed automatic mesh merging module available
[2020.11.19-12.41.54:080][  0]LogMeshMerging: No distributed automatic mesh merging module available
[2020.11.19-12.41.54:124][  0]LogNetVersion: RaiseTheGameJame2020 1.0.0, NetCL: 13144385, EngineNetVer: 14, GameNetVer: 0 (Checksum: 1455622770)
[2020.11.19-12.41.56:026][  0]LogAISub: UAISubsystem::UAISubsystem AISubsystem (000001F59F9B2980), frame # 0
[2020.11.19-12.41.56:026][  0]LogAISub: UAISubsystem::UAISubsystem AIPerceptionSystem (000001F59F7D1E40), frame # 0
[2020.11.19-12.41.56:028][  0]LogAISub: UAISubsystem::UAISubsystem EnvQueryManager (000001F59F9AEA00), frame # 0
[2020.11.19-12.41.56:099][  0]LogPackageLocalizationCache: Processed 19 localized package path(s) for 1 prioritized culture(s) in 0.065262 seconds
[2020.11.19-12.41.56:104][  0]LogUObjectArray: 15917 objects as part of root set at end of initial load.
[2020.11.19-12.41.56:104][  0]LogUObjectAllocator: 3965568 out of 0 bytes used by permanent object pool.
[2020.11.19-12.41.56:104][  0]LogUObjectArray: CloseDisregardForGC: 0/0 objects in disregard for GC pool
[2020.11.19-12.41.57:848][  0]LogTcpMessaging: Initializing TcpMessaging bridge
[2020.11.19-12.41.57:879][  0]LogUdpMessaging: Initializing bridge on interface 0.0.0.0:0 to multicast group 230.0.0.1:6666.
[2020.11.19-12.41.58:369][  0]SourceControl: Source control is disabled
[2020.11.19-12.41.58:369][  0]SourceControl: Source control is disabled
[2020.11.19-12.41.58:396][  0]SourceControl: Source control is disabled
[2020.11.19-12.41.58:424][  0]SourceControl: Source control is disabled
[2020.11.19-12.41.58:464][  0]SourceControl: Source control is disabled
[2020.11.19-12.41.59:561][  0]LogAndroidPermission: UAndroidPermissionCallbackProxy::GetInstance
[2020.11.19-12.41.59:634][  0]LogAudioCaptureCore: Display: No Audio Capture implementations found. Audio input will be silent.
[2020.11.19-12.41.59:634][  0]LogAudioCaptureCore: Display: No Audio Capture implementations found. Audio input will be silent.
[2020.11.19-12.41.59:765][  0]LogOcInput: OculusInput pre-init called
[2020.11.19-12.41.59:800][  0]LogWindows: Failed to load 'OVRPlugin.dll' (GetLastError=126)
[2020.11.19-12.41.59:800][  0]LogWindows: File 'OVRPlugin.dll' does not exist
[2020.11.19-12.41.59:941][  0]LogEngine: Initializing Engine...
[2020.11.19-12.41.59:942][  0]LogHMD: Failed to initialize OpenVR with code 110
[2020.11.19-12.41.59:942][  0]LogMagicLeap: Warning: VR disabled because ZI is not enabled.  To enable, in the editor, Edit -> Project Settings -> Plugins -> Magic Leap Plugin -> Enable Zero Iteration
[2020.11.19-12.41.59:943][  0]LogStats: UGameplayTagsManager::InitializeManager -  0.000 s
[2020.11.19-12.42.00:060][  0]LogInit: Initializing FReadOnlyCVARCache
[2020.11.19-12.42.00:104][  0]LogAIModule: Creating AISystem for world Untitled
[2020.11.19-12.42.00:104][  0]LogAISub: UAISubsystem::UAISubsystem EnvQueryManager (000001F5A61AD800), frame # 0
[2020.11.19-12.42.00:104][  0]LogAISub: UAISubsystem::UAISubsystem AIPerceptionSystem (000001F5A61F0B80), frame # 0
[2020.11.19-12.42.00:125][  0]LogAudioMixer: Display: Audio Mixer Platform Settings:
[2020.11.19-12.42.00:125][  0]LogAudioMixer: Display: 	Sample Rate:						  48000
[2020.11.19-12.42.00:125][  0]LogAudioMixer: Display: 	Callback Buffer Frame Size Requested: 1024
[2020.11.19-12.42.00:125][  0]LogAudioMixer: Display: 	Callback Buffer Frame Size To Use:	  1024
[2020.11.19-12.42.00:126][  0]LogAudioMixer: Display: 	Number of buffers to queue:			  2
[2020.11.19-12.42.00:126][  0]LogAudioMixer: Display: 	Max Channels (voices):				  32
[2020.11.19-12.42.00:126][  0]LogAudioMixer: Display: 	Number of Async Source Workers:		  0
[2020.11.19-12.42.00:126][  0]LogAudio: Display: AudioDevice MaxSources: 32
[2020.11.19-12.42.00:126][  0]LogAudio: Display: Using built-in audio occlusion.
[2020.11.19-12.42.00:126][  0]LogAudioMixer: Display: Initializing audio mixer.
[2020.11.19-12.42.00:173][  0]LogAudioMixer: Display: 0: FrontLeft
[2020.11.19-12.42.00:174][  0]LogAudioMixer: Display: 1: FrontRight
[2020.11.19-12.42.00:174][  0]LogAudioMixer: Display: 2: FrontCenter
[2020.11.19-12.42.00:174][  0]LogAudioMixer: Display: 3: LowFrequency
[2020.11.19-12.42.00:174][  0]LogAudioMixer: Display: 4: BackLeft
[2020.11.19-12.42.00:174][  0]LogAudioMixer: Display: 5: BackRight
[2020.11.19-12.42.00:174][  0]LogAudioMixer: Display: 6: SideLeft
[2020.11.19-12.42.00:174][  0]LogAudioMixer: Display: 7: SideRight
[2020.11.19-12.42.00:391][  0]LogAudioMixer: Display: Using Audio Device Headset Earphone (CORSAIR HS70 PRO Wireless Gaming Headset)
[2020.11.19-12.42.00:394][  0]LogAudioMixer: Display: Initializing Sound Submixes...
[2020.11.19-12.42.00:397][  0]LogAudioMixer: Display: Creating Master Submix 'MasterSubmixDefault'
[2020.11.19-12.42.00:397][  0]LogAudioMixer: Display: Creating Master Submix 'MasterReverbSubmixDefault'
[2020.11.19-12.42.00:398][  0]LogAudioMixer: Display: Creating Master Submix 'MasterEQSubmixDefault'
[2020.11.19-12.42.00:401][  0]LogInit: FAudioDevice initialized.
[2020.11.19-12.42.00:401][  0]LogNetVersion: Set ProjectVersion to 1.0.0.0. Version Checksum will be recalculated on next use.
[2020.11.19-12.42.00:477][  0]LogDerivedDataCache: Saved boot cache 0.08s 79MB C:/Users/h017026h/AppData/Local/UnrealEngine/4.25/DerivedDataCache/Boot.ddc.
[2020.11.19-12.42.00:485][  0]LogInit: Texture streaming: Enabled
[2020.11.19-12.42.00:567][  0]LogEngineSessionManager: EngineSessionManager initialized
[2020.11.19-12.42.00:567][  0]LogEngineSessionManager: EngineSessionManager sent abnormal shutdown report. Type=Debugger, SessionId={364D3779-4B9B-E234-2199-AF934B49864D}
[2020.11.19-12.42.00:568][  0]LogEditorSessionSummary: Verbose: Initializing EditorSessionSummaryWriter for editor session tracking
[2020.11.19-12.42.00:571][  0]LogEditorSessionSummary: EditorSessionSummaryWriter initialized
[2020.11.19-12.42.00:674][  0]LogInit: Transaction tracking system initialized
[2020.11.19-12.42.00:919][  0]BlueprintLog: New page: Editor Load
[2020.11.19-12.42.01:331][  0]LocalizationService: Localization service is disabled
[2020.11.19-12.42.01:839][  0]LogCook: Display: Max memory allowance for cook 16384mb min free memory 0mb
[2020.11.19-12.42.01:839][  0]LogCook: Display: Mobile HDR setting 1
[2020.11.19-12.42.02:487][  0]LogFileCache: Scanning file cache for directory 'D:/Users/h017026h/Documents/GitKraken/-raisethegamejam-2020/RaiseTheGameJame2020/Content/' took 0.01s
[2020.11.19-12.42.02:784][  0]SourceControl: Source control is disabled
[2020.11.19-12.42.02:784][  0]LogUnrealEdMisc: Loading editor; pre map load, took 22.547
[2020.11.19-12.42.02:796][  0]LightingResults: New page: Lighting Build
[2020.11.19-12.42.02:814][  0]LogWorld: UWorld::CleanupWorld for Untitled, bSessionEnded=true, bCleanupResources=true
[2020.11.19-12.42.02:814][  0]LogSlate: InvalidateAllWidgets triggered.  All widgets were invalidated
[2020.11.19-12.42.02:814][  0]MapCheck: New page: Map Check
[2020.11.19-12.42.02:814][  0]LightingResults: New page: Lighting Build
[2020.11.19-12.42.02:824][  0]LogAISub: UAISubsystem::~UAISubsystem EnvQueryManager (000001F5A61AD800), frame # 0
[2020.11.19-12.42.02:824][  0]LogAISub: UAISubsystem::~UAISubsystem AIPerceptionSystem (000001F5A61F0B80), frame # 0
[2020.11.19-12.42.02:825][  0]LogUObjectHash: Compacting FUObjectHashTables data took   0.62ms
[2020.11.19-12.42.03:039][  0]LogAIModule: Creating AISystem for world ThirdPersonExampleMap
[2020.11.19-12.42.03:040][  0]LogAISub: UAISubsystem::UAISubsystem EnvQueryManager (000001F592025A00), frame # 0
[2020.11.19-12.42.03:040][  0]LogAISub: UAISubsystem::UAISubsystem AIPerceptionSystem (000001F5A2F2DD00), frame # 0
[2020.11.19-12.42.03:048][  0]LogEditorServer: Finished looking for orphan Actors (0.000 secs)
[2020.11.19-12.42.03:062][  0]LogUObjectHash: Compacting FUObjectHashTables data took   0.64ms
[2020.11.19-12.42.03:062][  0]Cmd: MAP CHECKDEP NOCLEARLOG
[2020.11.19-12.42.03:062][  0]MapCheck: Map check complete: 0 Error(s), 0 Warning(s), took 0.147ms to complete.
[2020.11.19-12.42.03:063][  0]LogFileHelpers: Loading map 'ThirdPersonExampleMap' took 0.278
[2020.11.19-12.42.03:065][  0]LogUnrealEdMisc: Total Editor Startup Time, took 22.828
[2020.11.19-12.42.03:318][  0]LogSlate: Updating window title bar state: overlay mode, drag disabled, window buttons hidden, title bar hidden
[2020.11.19-12.42.03:326][  0]LogSlate: Updating window title bar state: overlay mode, drag disabled, window buttons hidden, title bar hidden
[2020.11.19-12.42.03:332][  0]LogSlate: Updating window title bar state: overlay mode, drag disabled, window buttons hidden, title bar hidden
[2020.11.19-12.42.03:339][  0]LogSlate: Updating window title bar state: overlay mode, drag disabled, window buttons hidden, title bar hidden
[2020.11.19-12.42.03:363][  0]LogCollectionManager: Loaded 0 collections in 0.001048 seconds
[2020.11.19-12.42.03:396][  0]LogFileCache: Scanning file cache for directory 'D:/Users/h017026h/Documents/GitKraken/-raisethegamejam-2020/RaiseTheGameJame2020/Saved/Collections/' took 0.00s
[2020.11.19-12.42.03:396][  0]LogFileCache: Scanning file cache for directory 'D:/Users/h017026h/Documents/GitKraken/-raisethegamejam-2020/RaiseTheGameJame2020/Content/Developers/h017026h/Collections/' took 0.00s
[2020.11.19-12.42.03:397][  0]LogFileCache: Scanning file cache for directory 'D:/Users/h017026h/Documents/GitKraken/-raisethegamejam-2020/RaiseTheGameJame2020/Content/Collections/' took 0.00s
[2020.11.19-12.42.03:397][  0]LogContentBrowser: Native class hierarchy populated in 0.0095 seconds. Added 3438 classes and 824 folders.
[2020.11.19-12.42.03:415][  0]LogContentBrowser: Native class hierarchy updated for 'WidgetCarousel' in 0.0005 seconds. Added 0 classes and 0 folders.
[2020.11.19-12.42.03:863][  0]LogContentBrowser: Native class hierarchy updated for 'AddContentDialog' in 0.0006 seconds. Added 0 classes and 0 folders.
[2020.11.19-12.42.03:864][  0]LogContentBrowser: Native class hierarchy updated for 'SceneOutliner' in 0.0004 seconds. Added 2 classes and 0 folders.
[2020.11.19-12.42.03:985][  0]LogSlate: Took 0.011536 seconds to synchronously load lazily loaded font '../../../Engine/Content/Slate/Fonts/Roboto-Regular.ttf' (155K)
[2020.11.19-12.42.03:996][  0]LogSlate: Took 0.008919 seconds to synchronously load lazily loaded font '../../../Engine/Content/Slate/Fonts/Roboto-Bold.ttf' (160K)
[2020.11.19-12.42.04:008][  0]LogSlate: Took 0.007532 seconds to synchronously load lazily loaded font '../../../Engine/Content/Editor/Slate/Fonts/FontAwesome.ttf' (139K)
[2020.11.19-12.42.04:083][  0]LogRenderer: Reallocating scene render targets to support 1208x572 Format 10 NumSamples 1 (Frame:1).
[2020.11.19-12.42.04:129][  0]LogSlate: Took 0.000836 seconds to synchronously load lazily loaded font '../../../Engine/Content/Slate/Fonts/Roboto-Light.ttf' (167K)
[2020.11.19-12.42.04:217][  0]LogContentBrowser: Native class hierarchy updated for 'HierarchicalLODOutliner' in 0.0006 seconds. Added 0 classes and 0 folders.
[2020.11.19-12.42.04:217][  0]LogLoad: (Engine Initialization) Total time: 23.98 seconds
[2020.11.19-12.42.04:217][  0]LogLoad: (Engine Initialization) Total Blueprint compile time: 0.00 seconds
[2020.11.19-12.42.04:262][  0]LogAssetRegistry: Asset discovery search completed in 10.9011 seconds
[2020.11.19-12.42.04:266][  0]LogCollectionManager: Fixed up redirectors for 0 collections in 0.000016 seconds (updated 0 objects)
[2020.11.19-12.42.04:268][  0]LogContentStreaming: Texture pool size now 1000 MB
[2020.11.19-12.42.06:228][207]LogTemp: Repeating last play command: Selected Viewport
[2020.11.19-12.42.06:247][207]LogPlayLevel: PlayLevel: No blueprints needed recompiling
[2020.11.19-12.42.06:258][207]PIE: New page: PIE session: ThirdPersonExampleMap (19 Nov 2020, 12:42:06)
[2020.11.19-12.42.06:260][207]LogOnline: OSS: Creating online subsystem instance for: NULL
[2020.11.19-12.42.06:262][207]LogOnline: OSS: TryLoadSubsystemAndSetDefault: Loaded subsystem for module [NULL]
[2020.11.19-12.42.06:263][207]LogPlayLevel: Creating play world package: /Game/ThirdPersonCPP/Maps/UEDPIE_0_ThirdPersonExampleMap
[2020.11.19-12.42.06:279][207]LogPlayLevel: PIE: StaticDuplicateObject took: (0.016225s)
[2020.11.19-12.42.06:281][207]LogAIModule: Creating AISystem for world ThirdPersonExampleMap
[2020.11.19-12.42.06:281][207]LogAISub: UAISubsystem::UAISubsystem EnvQueryManager (000001F5CD0A5600), frame # 207
[2020.11.19-12.42.06:281][207]LogAISub: UAISubsystem::UAISubsystem AIPerceptionSystem (000001F5A2F26480), frame # 207
[2020.11.19-12.42.06:282][207]LogPlayLevel: PIE: World Init took: (0.002206s)
[2020.11.19-12.42.06:282][207]LogPlayLevel: PIE: Created PIE world by copying editor world from /Game/ThirdPersonCPP/Maps/ThirdPersonExampleMap.ThirdPersonExampleMap to /Game/ThirdPersonCPP/Maps/UEDPIE_0_ThirdPersonExampleMap.ThirdPersonExampleMap (0.018910s)
[2020.11.19-12.42.06:293][207]LogUObjectHash: Compacting FUObjectHashTables data took   0.58ms
[2020.11.19-12.42.06:295][207]LogAudioMixer: Display: Audio Mixer Platform Settings:
[2020.11.19-12.42.06:295][207]LogAudioMixer: Display: 	Sample Rate:						  48000
[2020.11.19-12.42.06:295][207]LogAudioMixer: Display: 	Callback Buffer Frame Size Requested: 1024
[2020.11.19-12.42.06:295][207]LogAudioMixer: Display: 	Callback Buffer Frame Size To Use:	  1024
[2020.11.19-12.42.06:296][207]LogAudioMixer: Display: 	Number of buffers to queue:			  2
[2020.11.19-12.42.06:296][207]LogAudioMixer: Display: 	Max Channels (voices):				  32
[2020.11.19-12.42.06:296][207]LogAudioMixer: Display: 	Number of Async Source Workers:		  0
[2020.11.19-12.42.06:296][207]LogAudio: Display: AudioDevice MaxSources: 32
[2020.11.19-12.42.06:297][207]LogAudio: Display: Using built-in audio occlusion.
[2020.11.19-12.42.06:297][207]LogAudioMixer: Display: Initializing audio mixer.
[2020.11.19-12.42.06:305][207]LogAudioMixer: Display: 0: FrontLeft
[2020.11.19-12.42.06:305][207]LogAudioMixer: Display: 1: FrontRight
[2020.11.19-12.42.06:305][207]LogAudioMixer: Display: 2: FrontCenter
[2020.11.19-12.42.06:305][207]LogAudioMixer: Display: 3: LowFrequency
[2020.11.19-12.42.06:305][207]LogAudioMixer: Display: 4: BackLeft
[2020.11.19-12.42.06:305][207]LogAudioMixer: Display: 5: BackRight
[2020.11.19-12.42.06:306][207]LogAudioMixer: Display: 6: SideLeft
[2020.11.19-12.42.06:306][207]LogAudioMixer: Display: 7: SideRight
[2020.11.19-12.42.06:476][207]LogAudioMixer: Display: Using Audio Device Headset Earphone (CORSAIR HS70 PRO Wireless Gaming Headset)
[2020.11.19-12.42.06:477][207]LogAudioMixer: Display: Initializing Sound Submixes...
[2020.11.19-12.42.06:477][207]LogAudioMixer: Display: Creating Master Submix 'MasterSubmixDefault'
[2020.11.19-12.42.06:477][207]LogAudioMixer: Display: Creating Master Submix 'MasterReverbSubmixDefault'
[2020.11.19-12.42.06:477][207]LogAudioMixer: Display: Creating Master Submix 'MasterEQSubmixDefault'
[2020.11.19-12.42.06:489][207]LogInit: FAudioDevice initialized.
[2020.11.19-12.42.06:505][207]LogLoad: Game class is 'RaiseTheGameJame2020GameMode'
[2020.11.19-12.42.06:508][207]LogWorld: Bringing World /Game/ThirdPersonCPP/Maps/UEDPIE_0_ThirdPersonExampleMap.ThirdPersonExampleMap up for play (max tick rate 0) at 2020.11.19-12.42.06
[2020.11.19-12.42.06:508][207]LogWorld: Bringing up level for play took: 0.001865
[2020.11.19-12.42.06:509][207]LogOnline: OSS: Creating online subsystem instance for: :Context_1
[2020.11.19-12.42.06:518][207]LogContentBrowser: Native class hierarchy updated for 'MovieSceneCapture' in 0.0005 seconds. Added 20 classes and 0 folders.
[2020.11.19-12.42.06:519][207]PIE: Server logged in
[2020.11.19-12.42.06:520][207]PIE: Play in editor total start time 0.274 seconds.
[2020.11.19-12.42.31:139][971]LogSlate: Updating window title bar state: overlay mode, drag disabled, window buttons hidden, title bar hidden
[2020.11.19-12.42.31:139][971]LogWorld: BeginTearingDown for /Game/ThirdPersonCPP/Maps/UEDPIE_0_ThirdPersonExampleMap
[2020.11.19-12.42.31:140][971]LogWorld: UWorld::CleanupWorld for ThirdPersonExampleMap, bSessionEnded=true, bCleanupResources=true
[2020.11.19-12.42.31:141][971]LogSlate: InvalidateAllWidgets triggered.  All widgets were invalidated
[2020.11.19-12.42.31:152][971]LogPlayLevel: Display: Shutting down PIE online subsystems
[2020.11.19-12.42.31:153][971]LogSlate: InvalidateAllWidgets triggered.  All widgets were invalidated
[2020.11.19-12.42.31:207][971]LogSlate: Updating window title bar state: overlay mode, drag disabled, window buttons hidden, title bar hidden
[2020.11.19-12.42.31:209][971]LogAISub: UAISubsystem::~UAISubsystem EnvQueryManager (000001F5CD0A5600), frame # 2971
[2020.11.19-12.42.31:209][971]LogAISub: UAISubsystem::~UAISubsystem AIPerceptionSystem (000001F5A2F26480), frame # 2971
[2020.11.19-12.42.31:210][971]LogUObjectHash: Compacting FUObjectHashTables data took   0.59ms
[2020.11.19-12.42.31:239][972]LogPlayLevel: Display: Destroying online subsystem :Context_1
[2020.11.19-12.44.22:589][532]Candidate modules for hot reload:
[2020.11.19-12.44.22:589][532]  RaiseTheGameJame2020
[2020.11.19-12.44.22:589][532]Launching UnrealBuildTool... [D:/Program Files (x86)/UE_4.25/Engine/Binaries/DotNET/UnrealBuildTool.exe  -ModuleWithSuffix=RaiseTheGameJame2020,7274 RaiseTheGameJame2020Editor Win64 Development -Project="D:/Users/h017026h/Documents/GitKraken/-raisethegamejam-2020/RaiseTheGameJame2020/RaiseTheGameJame2020.uproject" "D:/Users/h017026h/Documents/GitKraken/-raisethegamejam-2020/RaiseTheGameJame2020/RaiseTheGameJame2020.uproject"  -IgnoreJunk]
[2020.11.19-12.44.22:591][532]Warning: Starting HotReload took  0.0s.
[2020.11.19-12.44.27:602][ 85]CompilerResultsLog: New page: Compilation - 19 Nov 2020, 12:44:27
[2020.11.19-12.44.27:602][ 85]CompilerResultsLog: Using 'git status' to determine working set for adaptive non-unity build (D:\Users\h017026h\Documents\GitKraken\-raisethegamejam-2020).
[2020.11.19-12.44.27:602][ 85]CompilerResultsLog: Building RaiseTheGameJame2020Editor...
[2020.11.19-12.44.27:602][ 85]CompilerResultsLog: Using Visual Studio 2019 14.27.29112 toolchain (C:\Program Files (x86)\Microsoft Visual Studio\2019\Community\VC\Tools\MSVC\14.27.29110) and Windows 10.0.18362.0 SDK (C:\Program Files (x86)\Windows Kits\10).
[2020.11.19-12.44.27:602][ 85]CompilerResultsLog: Building 4 actions with 12 processes...
[2020.11.19-12.44.27:602][ 85]CompilerResultsLog:   [1/4] GrabComponent.cpp
[2020.11.19-12.44.27:602][ 85]CompilerResultsLog:   [2/4] UE4Editor-RaiseTheGameJame2020-7274.lib
[2020.11.19-12.44.27:602][ 85]CompilerResultsLog:      Creating library D:\Users\h017026h\Documents\GitKraken\-raisethegamejam-2020\RaiseTheGameJame2020\Intermediate\Build\Win64\UE4Editor\Development\RaiseTheGameJame2020\UE4Editor-RaiseTheGameJame2020-7274.lib and object D:\Users\h017026h\Documents\GitKraken\-raisethegamejam-2020\RaiseTheGameJame2020\Intermediate\Build\Win64\UE4Editor\Development\RaiseTheGameJame2020\UE4Editor-RaiseTheGameJame2020-7274.exp
[2020.11.19-12.44.27:603][ 85]CompilerResultsLog:   [3/4] UE4Editor-RaiseTheGameJame2020-7274.dll
[2020.11.19-12.44.27:603][ 85]CompilerResultsLog:      Creating library D:\Users\h017026h\Documents\GitKraken\-raisethegamejam-2020\RaiseTheGameJame2020\Intermediate\Build\Win64\UE4Editor\Development\RaiseTheGameJame2020\UE4Editor-RaiseTheGameJame2020-7274.suppressed.lib and object D:\Users\h017026h\Documents\GitKraken\-raisethegamejam-2020\RaiseTheGameJame2020\Intermediate\Build\Win64\UE4Editor\Development\RaiseTheGameJame2020\UE4Editor-RaiseTheGameJame2020-7274.suppressed.exp
[2020.11.19-12.44.27:603][ 85]CompilerResultsLog:   [4/4] RaiseTheGameJame2020Editor.target
[2020.11.19-12.44.27:603][ 85]CompilerResultsLog: Total time in Parallel executor: 4.04 seconds
[2020.11.19-12.44.27:603][ 85]CompilerResultsLog: Total execution time: 4.89 seconds
[2020.11.19-12.44.27:603][ 85]LogMainFrame: MainFrame: Module compiling took 5.018 seconds
[2020.11.19-12.44.27:644][ 85]LogContentBrowser: Native class hierarchy updated for 'RaiseTheGameJame2020' in 0.0005 seconds. Added 11 classes and 3 folders.
[2020.11.19-12.44.27:645][ 85]Display: HotReload successful (20 functions remapped  0 scriptstructs remapped)
[2020.11.19-12.44.27:703][ 85]LogContentBrowser: Native class hierarchy populated in 0.0081 seconds. Added 3438 classes and 824 folders.
[2020.11.19-12.44.27:703][ 85]Display: HotReload took  5.1s.
[2020.11.19-12.44.29:405][276]LogTemp: Repeating last play command: Selected Viewport
[2020.11.19-12.44.29:426][276]LogPlayLevel: PlayLevel: No blueprints needed recompiling
[2020.11.19-12.44.29:427][276]PIE: New page: PIE session: ThirdPersonExampleMap (19 Nov 2020, 12:44:29)
[2020.11.19-12.44.29:427][276]LogPlayLevel: Creating play world package: /Game/ThirdPersonCPP/Maps/UEDPIE_0_ThirdPersonExampleMap
[2020.11.19-12.44.29:441][276]LogPlayLevel: PIE: StaticDuplicateObject took: (0.013820s)
[2020.11.19-12.44.29:442][276]LogAIModule: Creating AISystem for world ThirdPersonExampleMap
[2020.11.19-12.44.29:442][276]LogAISub: UAISubsystem::UAISubsystem EnvQueryManager (000001F5CCDD0800), frame # 4276
[2020.11.19-12.44.29:443][276]LogAISub: UAISubsystem::UAISubsystem AIPerceptionSystem (000001F5A2F15940), frame # 4276
[2020.11.19-12.44.29:443][276]LogPlayLevel: PIE: World Init took: (0.002322s)
[2020.11.19-12.44.29:443][276]LogPlayLevel: PIE: Created PIE world by copying editor world from /Game/ThirdPersonCPP/Maps/ThirdPersonExampleMap.ThirdPersonExampleMap to /Game/ThirdPersonCPP/Maps/UEDPIE_0_ThirdPersonExampleMap.ThirdPersonExampleMap (0.016720s)
[2020.11.19-12.44.29:458][276]LogUObjectHash: Compacting FUObjectHashTables data took   0.63ms
[2020.11.19-12.44.29:460][276]LogAudioMixer: Display: Audio Mixer Platform Settings:
[2020.11.19-12.44.29:460][276]LogAudioMixer: Display: 	Sample Rate:						  48000
[2020.11.19-12.44.29:460][276]LogAudioMixer: Display: 	Callback Buffer Frame Size Requested: 1024
[2020.11.19-12.44.29:460][276]LogAudioMixer: Display: 	Callback Buffer Frame Size To Use:	  1024
[2020.11.19-12.44.29:461][276]LogAudioMixer: Display: 	Number of buffers to queue:			  2
[2020.11.19-12.44.29:461][276]LogAudioMixer: Display: 	Max Channels (voices):				  32
[2020.11.19-12.44.29:461][276]LogAudioMixer: Display: 	Number of Async Source Workers:		  0
[2020.11.19-12.44.29:461][276]LogAudio: Display: AudioDevice MaxSources: 32
[2020.11.19-12.44.29:462][276]LogAudio: Display: Using built-in audio occlusion.
[2020.11.19-12.44.29:462][276]LogAudioMixer: Display: Initializing audio mixer.
[2020.11.19-12.44.29:474][276]LogAudioMixer: Display: 0: FrontLeft
[2020.11.19-12.44.29:474][276]LogAudioMixer: Display: 1: FrontRight
[2020.11.19-12.44.29:474][276]LogAudioMixer: Display: 2: FrontCenter
[2020.11.19-12.44.29:475][276]LogAudioMixer: Display: 3: LowFrequency
[2020.11.19-12.44.29:475][276]LogAudioMixer: Display: 4: BackLeft
[2020.11.19-12.44.29:475][276]LogAudioMixer: Display: 5: BackRight
[2020.11.19-12.44.29:475][276]LogAudioMixer: Display: 6: SideLeft
[2020.11.19-12.44.29:475][276]LogAudioMixer: Display: 7: SideRight
[2020.11.19-12.44.29:639][276]LogAudioMixer: Display: Using Audio Device Headset Earphone (CORSAIR HS70 PRO Wireless Gaming Headset)
[2020.11.19-12.44.29:639][276]LogAudioMixer: Display: Initializing Sound Submixes...
[2020.11.19-12.44.29:639][276]LogAudioMixer: Display: Creating Master Submix 'MasterSubmixDefault'
[2020.11.19-12.44.29:639][276]LogAudioMixer: Display: Creating Master Submix 'MasterReverbSubmixDefault'
[2020.11.19-12.44.29:639][276]LogAudioMixer: Display: Creating Master Submix 'MasterEQSubmixDefault'
[2020.11.19-12.44.29:651][276]LogInit: FAudioDevice initialized.
[2020.11.19-12.44.29:665][276]LogLoad: Game class is 'RaiseTheGameJame2020GameMode'
[2020.11.19-12.44.29:667][276]LogWorld: Bringing World /Game/ThirdPersonCPP/Maps/UEDPIE_0_ThirdPersonExampleMap.ThirdPersonExampleMap up for play (max tick rate 0) at 2020.11.19-12.44.29
[2020.11.19-12.44.29:668][276]LogWorld: Bringing up level for play took: 0.001663
[2020.11.19-12.44.29:668][276]LogOnline: OSS: Creating online subsystem instance for: :Context_2
[2020.11.19-12.44.29:671][276]PIE: Server logged in
[2020.11.19-12.44.29:672][276]PIE: Play in editor total start time 0.249 seconds.
[2020.11.19-12.44.43:288][902]LogSlate: Updating window title bar state: overlay mode, drag disabled, window buttons hidden, title bar hidden
[2020.11.19-12.44.43:288][902]LogWorld: BeginTearingDown for /Game/ThirdPersonCPP/Maps/UEDPIE_0_ThirdPersonExampleMap
[2020.11.19-12.44.43:289][902]LogWorld: UWorld::CleanupWorld for ThirdPersonExampleMap, bSessionEnded=true, bCleanupResources=true
[2020.11.19-12.44.43:289][902]LogSlate: InvalidateAllWidgets triggered.  All widgets were invalidated
[2020.11.19-12.44.43:302][902]LogPlayLevel: Display: Shutting down PIE online subsystems
[2020.11.19-12.44.43:303][902]LogSlate: InvalidateAllWidgets triggered.  All widgets were invalidated
[2020.11.19-12.44.43:342][902]LogSlate: Updating window title bar state: overlay mode, drag disabled, window buttons hidden, title bar hidden
[2020.11.19-12.44.43:343][902]LogAISub: UAISubsystem::~UAISubsystem AIPerceptionSystem (000001F5A2F15940), frame # 5902
[2020.11.19-12.44.43:343][902]LogAISub: UAISubsystem::~UAISubsystem EnvQueryManager (000001F5CCDD0800), frame # 5902
[2020.11.19-12.44.43:344][902]LogUObjectHash: Compacting FUObjectHashTables data took   0.56ms
[2020.11.19-12.44.43:379][903]LogPlayLevel: Display: Destroying online subsystem :Context_2
[2020.11.19-12.44.58:173][364]LogSlate: Took 0.000184 seconds to synchronously load lazily loaded font '../../../Engine/Content/Slate/Fonts/Roboto-Light.ttf' (167K)
[2020.11.19-12.44.58:356][364]LogSlate: WidgetSwitcher ('None') active index changed to -1
[2020.11.19-12.44.58:357][364]LogSlate: WidgetSwitcher ('None') active index changed to 0
[2020.11.19-12.44.58:436][364]LogSlate: Took 0.007836 seconds to synchronously load lazily loaded font '../../../Engine/Content/Slate/Fonts/Roboto-BoldCondensed.ttf' (158K)
[2020.11.19-12.45.01:359][660]LogSlate: WidgetSwitcher ('None') active index changed to 1
[2020.11.19-12.45.20:314][895]Running D:/Program Files (x86)/UE_4.25/Engine/Binaries/DotNET/UnrealBuildTool.exe  -projectfiles -project="D:/Users/h017026h/Documents/GitKraken/-raisethegamejam-2020/RaiseTheGameJame2020/RaiseTheGameJame2020.uproject" -game -rocket -progress
[2020.11.19-12.45.20:618][895]Discovering modules, targets and source code for project...
[2020.11.19-12.45.24:125][895]Binding IntelliSense data...
[2020.11.19-12.45.39:999][895]Binding IntelliSense data... 50%
[2020.11.19-12.45.40:001][895]Binding IntelliSense data... 100%
[2020.11.19-12.45.40:001][895]Writing project files...
[2020.11.19-12.45.47:719][895]Writing project files... 100%
[2020.11.19-12.45.47:848][895]Candidate modules for hot reload:
[2020.11.19-12.45.47:848][895]  RaiseTheGameJame2020
[2020.11.19-12.45.47:848][895]Launching UnrealBuildTool... [D:/Program Files (x86)/UE_4.25/Engine/Binaries/DotNET/UnrealBuildTool.exe  -ModuleWithSuffix=RaiseTheGameJame2020,5908 RaiseTheGameJame2020Editor Win64 Development -Project="D:/Users/h017026h/Documents/GitKraken/-raisethegamejam-2020/RaiseTheGameJame2020/RaiseTheGameJame2020.uproject" "D:/Users/h017026h/Documents/GitKraken/-raisethegamejam-2020/RaiseTheGameJame2020/RaiseTheGameJame2020.uproject"  -IgnoreJunk]
[2020.11.19-12.47.19:308][895]CompilerResultsLog: New page: Compilation - 19 Nov 2020, 12:47:19
[2020.11.19-12.47.19:308][895]CompilerResultsLog: Using 'git status' to determine working set for adaptive non-unity build (D:\Users\h017026h\Documents\GitKraken\-raisethegamejam-2020).
[2020.11.19-12.47.19:308][895]CompilerResultsLog: Creating makefile for RaiseTheGameJame2020Editor (no existing makefile)
[2020.11.19-12.47.19:308][895]CompilerResultsLog: Parsing headers for RaiseTheGameJame2020Editor
[2020.11.19-12.47.19:308][895]CompilerResultsLog:   Running UnrealHeaderTool "D:\Users\h017026h\Documents\GitKraken\-raisethegamejam-2020\RaiseTheGameJame2020\RaiseTheGameJame2020.uproject" "D:\Users\h017026h\Documents\GitKraken\-raisethegamejam-2020\RaiseTheGameJame2020\Intermediate\Build\Win64\RaiseTheGameJame2020Editor\Development\RaiseTheGameJame2020Editor.uhtmanifest" -LogCmds="loginit warning, logexit warning, logdatabase error" -Unattended -WarningsAsErrors -abslog="C:\Users\h017026h\AppData\Local\UnrealBuildTool\Log_UHT.txt" -installed
[2020.11.19-12.47.19:308][895]CompilerResultsLog: Reflection code generated for RaiseTheGameJame2020Editor in 15.8997417 seconds
[2020.11.19-12.47.19:308][895]CompilerResultsLog: Building RaiseTheGameJame2020Editor...
[2020.11.19-12.47.19:309][895]CompilerResultsLog: Using Visual Studio 2019 14.27.29112 toolchain (C:\Program Files (x86)\Microsoft Visual Studio\2019\Community\VC\Tools\MSVC\14.27.29110) and Windows 10.0.18362.0 SDK (C:\Program Files (x86)\Windows Kits\10).
[2020.11.19-12.47.19:309][895]CompilerResultsLog: Building 6 actions with 12 processes...
[2020.11.19-12.47.19:309][895]CompilerResultsLog:   [1/6] HideTestActor.cpp
[2020.11.19-12.47.19:309][895]CompilerResultsLog:   [2/6] RaiseTheGameJame2020.init.gen.cpp
[2020.11.19-12.47.19:309][895]CompilerResultsLog:   [3/6] HideTestActor.gen.cpp
[2020.11.19-12.47.19:309][895]CompilerResultsLog:   [4/6] UE4Editor-RaiseTheGameJame2020-5908.lib
[2020.11.19-12.47.19:309][895]CompilerResultsLog:      Creating library D:\Users\h017026h\Documents\GitKraken\-raisethegamejam-2020\RaiseTheGameJame2020\Intermediate\Build\Win64\UE4Editor\Development\RaiseTheGameJame2020\UE4Editor-RaiseTheGameJame2020-5908.lib and object D:\Users\h017026h\Documents\GitKraken\-raisethegamejam-2020\RaiseTheGameJame2020\Intermediate\Build\Win64\UE4Editor\Development\RaiseTheGameJame2020\UE4Editor-RaiseTheGameJame2020-5908.exp
[2020.11.19-12.47.19:309][895]CompilerResultsLog:   [5/6] UE4Editor-RaiseTheGameJame2020-5908.dll
[2020.11.19-12.47.19:309][895]CompilerResultsLog:      Creating library D:\Users\h017026h\Documents\GitKraken\-raisethegamejam-2020\RaiseTheGameJame2020\Intermediate\Build\Win64\UE4Editor\Development\RaiseTheGameJame2020\UE4Editor-RaiseTheGameJame2020-5908.suppressed.lib and object D:\Users\h017026h\Documents\GitKraken\-raisethegamejam-2020\RaiseTheGameJame2020\Intermediate\Build\Win64\UE4Editor\Development\RaiseTheGameJame2020\UE4Editor-RaiseTheGameJame2020-5908.suppressed.exp
[2020.11.19-12.47.19:310][895]CompilerResultsLog:   [6/6] RaiseTheGameJame2020Editor.target
[2020.11.19-12.47.19:310][895]CompilerResultsLog: Total time in Parallel executor: 72.64 seconds
[2020.11.19-12.47.19:310][895]CompilerResultsLog: Total execution time: 91.29 seconds
[2020.11.19-12.47.19:310][895]LogMainFrame: MainFrame: Module compiling took 91.466 seconds
[2020.11.19-12.47.19:374][895]LogClass: Could not find existing class HideTestActor in package /Script/RaiseTheGameJame2020 for HotReload, assuming new class
[2020.11.19-12.47.19:383][895]LogContentBrowser: Native class hierarchy updated for 'RaiseTheGameJame2020' in 0.0008 seconds. Added 12 classes and 3 folders.
[2020.11.19-12.47.19:385][895]Display: HotReload successful (20 functions remapped  0 scriptstructs remapped)
[2020.11.19-12.47.19:434][895]LogContentBrowser: Native class hierarchy populated in 0.0128 seconds. Added 3439 classes and 824 folders.
[2020.11.19-12.47.19:435][895]Display: HotReload took 91.6s.
[2020.11.19-12.47.19:445][895]Warning: HotReload operation took 91.6s.
[2020.11.19-12.47.20:124][895]LogVSAccessor: Warning: Couldn't goto line number '1' in 'D:/Users/h017026h/Documents/GitKraken/-raisethegamejam-2020/RaiseTheGameJame2020/Source/RaiseTheGameJame2020/Public/HideTestActor.h'
[2020.11.19-12.47.20:429][895]LogSlate: Window 'Add C++ Class' being destroyed
[2020.11.19-12.47.20:573][895]LogHotReload: New module detected: UE4Editor-RaiseTheGameJame2020-5908.dll
[2020.11.19-12.47.20:689][896]LogHotReload: Starting Hot-Reload from IDE
[2020.11.19-12.47.20:710][896]LogContentBrowser: Native class hierarchy updated for 'RaiseTheGameJame2020' in 0.0005 seconds. Added 12 classes and 3 folders.
[2020.11.19-12.47.20:712][896]Display: HotReload successful (0 functions remapped  0 scriptstructs remapped)
[2020.11.19-12.47.20:727][896]LogContentBrowser: Native class hierarchy populated in 0.0090 seconds. Added 3439 classes and 824 folders.
[2020.11.19-12.47.20:732][896]Display: HotReload took  0.0s.
