Log file open, 11/18/20 12:45:30
LogInit: Display: Running engine for game: RaiseTheGameJame2020
LogPlatformFile: Not using cached read wrapper
LogTaskGraph: Started task graph with 5 named threads and 35 total threads with 3 sets of task threads.
LogStats: Stats thread started at 2.292361
LogD3D11RHI: Loaded GFSDK_Aftermath_Lib.x64.dll
LogICUInternationalization: ICU TimeZone Detection - Raw Offset: +0:00, Platform Override: ''
LogPluginManager: Mounting plugin Paper2D
LogPluginManager: Mounting plugin AISupport
LogPluginManager: Mounting plugin LightPropagationVolume
LogPluginManager: Mounting plugin CameraShakePreviewer
LogPluginManager: Mounting plugin ActorLayerUtilities
LogPluginManager: Mounting plugin AnimationSharing
LogPluginManager: Mounting plugin CLionSourceCodeAccess
LogPluginManager: Mounting plugin CodeLiteSourceCodeAccess
LogPluginManager: Mounting plugin GitSourceControl
LogPluginManager: Mounting plugin KDevelopSourceCodeAccess
LogPluginManager: Mounting plugin NullSourceCodeAccess
LogPluginManager: Mounting plugin PerforceSourceControl
LogPluginManager: Mounting plugin PlasticSourceControl
LogPluginManager: Mounting plugin RiderSourceCodeAccess
LogPluginManager: Mounting plugin SubversionSourceControl
LogPluginManager: Mounting plugin UObjectPlugin
LogPluginManager: Mounting plugin VisualStudioCodeSourceCodeAccess
LogPluginManager: Mounting plugin VisualStudioSourceCodeAccess
LogPluginManager: Mounting plugin XCodeSourceCodeAccess
LogPluginManager: Mounting plugin AssetManagerEditor
LogPluginManager: Mounting plugin CryptoKeys
LogPluginManager: Mounting plugin CurveEditorTools
LogPluginManager: Mounting plugin DataValidation
LogPluginManager: Mounting plugin EditorScriptingUtilities
LogPluginManager: Mounting plugin FacialAnimation
LogPluginManager: Mounting plugin GameplayTagsEditor
LogPluginManager: Mounting plugin GeometryMode
LogPluginManager: Mounting plugin MacGraphicsSwitching
LogPluginManager: Mounting plugin MaterialAnalyzer
LogPluginManager: Mounting plugin MobileLauncherProfileWizard
LogPluginManager: Mounting plugin PluginBrowser
LogPluginManager: Mounting plugin SpeedTreeImporter
LogPluginManager: Mounting plugin DatasmithContent
LogPluginManager: Mounting plugin VariantManagerContent
LogPluginManager: Mounting plugin AlembicImporter
LogPluginManager: Mounting plugin AutomationUtils
LogPluginManager: Mounting plugin BackChannel
LogPluginManager: Mounting plugin ChaosCloth
LogPluginManager: Mounting plugin ChaosClothEditor
LogPluginManager: Mounting plugin ChaosEditor
LogPluginManager: Mounting plugin ChaosNiagara
LogPluginManager: Mounting plugin ChaosSolverPlugin
LogPluginManager: Mounting plugin CharacterAI
LogPluginManager: Mounting plugin GeometryCache
LogPluginManager: Mounting plugin GeometryCollectionPlugin
LogPluginManager: Mounting plugin GeometryProcessing
LogPluginManager: Mounting plugin PlanarCut
LogPluginManager: Mounting plugin PlatformCrypto
LogPluginManager: Mounting plugin ProxyLODPlugin
LogPluginManager: Mounting plugin SkeletalReduction
LogPluginManager: Mounting plugin Niagara
LogPluginManager: Mounting plugin MagicLeap
LogPluginManager: Mounting plugin MagicLeapLightEstimation
LogPluginManager: Mounting plugin MagicLeapMedia
LogPluginManager: Mounting plugin MagicLeapPassableWorld
LogPluginManager: Mounting plugin MLSDK
LogPluginManager: Mounting plugin AndroidMedia
LogPluginManager: Mounting plugin AvfMedia
LogPluginManager: Mounting plugin ImgMedia
LogPluginManager: Mounting plugin MediaCompositing
LogPluginManager: Mounting plugin MediaPlayerEditor
LogPluginManager: Mounting plugin WebMMedia
LogPluginManager: Mounting plugin WmfMedia
LogPluginManager: Mounting plugin MeshPainting
LogPluginManager: Mounting plugin TcpMessaging
LogPluginManager: Mounting plugin UdpMessaging
LogPluginManager: Mounting plugin ActorSequence
LogPluginManager: Mounting plugin LevelSequenceEditor
LogPluginManager: Mounting plugin MatineeToLevelSequence
LogPluginManager: Mounting plugin MovieRenderPipeline
LogPluginManager: Mounting plugin TemplateSequence
LogPluginManager: Mounting plugin NetcodeUnitTest
LogPluginManager: Mounting plugin NUTUnrealEngine4
LogPluginManager: Mounting plugin OnlineSubsystemGooglePlay
LogPluginManager: Mounting plugin OnlineSubsystemIOS
LogPluginManager: Mounting plugin OnlineSubsystem
LogPluginManager: Mounting plugin OnlineSubsystemNull
LogPluginManager: Mounting plugin OnlineSubsystemUtils
LogPluginManager: Mounting plugin LauncherChunkInstaller
LogPluginManager: Mounting plugin AndroidDeviceProfileSelector
LogPluginManager: Mounting plugin AndroidMoviePlayer
LogPluginManager: Mounting plugin AndroidPermission
LogPluginManager: Mounting plugin AppleImageUtils
LogPluginManager: Mounting plugin AppleMoviePlayer
LogPluginManager: Mounting plugin ArchVisCharacter
LogPluginManager: Mounting plugin AssetTags
LogPluginManager: Mounting plugin AudioCapture
LogPluginManager: Mounting plugin CableComponent
LogPluginManager: Mounting plugin CustomMeshComponent
LogPluginManager: Mounting plugin EditableMesh
LogPluginManager: Mounting plugin ExampleDeviceProfileSelector
LogPluginManager: Mounting plugin GoogleCloudMessaging
LogPluginManager: Mounting plugin GooglePAD
LogPluginManager: Mounting plugin IOSDeviceProfileSelector
LogPluginManager: Mounting plugin LinuxDeviceProfileSelector
LogPluginManager: Mounting plugin LocationServicesBPLibrary
LogPluginManager: Mounting plugin MobilePatchingUtils
LogPluginManager: Mounting plugin OculusVR
LogPluginManager: Mounting plugin PhysXVehicles
LogPluginManager: Mounting plugin PostSplashScreen
LogPluginManager: Mounting plugin ProceduralMeshComponent
LogPluginManager: Mounting plugin RuntimePhysXCooking
LogPluginManager: Mounting plugin SignificanceManager
LogPluginManager: Mounting plugin SoundFields
LogPluginManager: Mounting plugin SteamVR
LogPluginManager: Mounting plugin Synthesis
LogPluginManager: Mounting plugin WebMMoviePlayer
LogPluginManager: Mounting plugin WindowsMoviePlayer
LogPluginManager: Mounting plugin ScreenshotTools
LogInit: Using libcurl 7.55.1-DEV
LogInit:  - built for x86_64-pc-win32
LogInit:  - supports SSL with OpenSSL/1.1.1
LogInit:  - supports HTTP deflate (compression) using libz 1.2.8
LogInit:  - other features:
LogInit:      CURL_VERSION_SSL
LogInit:      CURL_VERSION_LIBZ
LogInit:      CURL_VERSION_IPV6
LogInit:      CURL_VERSION_ASYNCHDNS
LogInit:      CURL_VERSION_LARGEFILE
LogInit:      CURL_VERSION_IDN
LogInit:  CurlRequestOptions (configurable via config and command line):
LogInit:  - bVerifyPeer = true  - Libcurl will verify peer certificate
LogInit:  - bUseHttpProxy = false  - Libcurl will NOT use HTTP proxy
LogInit:  - bDontReuseConnections = false  - Libcurl will reuse connections
LogInit:  - MaxHostConnections = 16  - Libcurl will limit the number of connections to a host
LogInit:  - LocalHostAddr = Default
LogInit:  - BufferSize = 65536
LogOnline: OSS: Creating online subsystem instance for: NULL
LogInit: WinSock: version 1.1 (2.2), MaxSocks=32767, MaxUdp=65467
LogOnline: OSS: TryLoadSubsystemAndSetDefault: Loaded subsystem for module [NULL]
LogInit: Build: ++UE4+Release-4.25-CL-14469661
LogInit: Engine Version: 4.25.4-14469661+++UE4+Release-4.25
LogInit: Compatible Engine Version: 4.25.0-13144385+++UE4+Release-4.25
LogInit: Net CL: 13144385
LogInit: OS: Windows 10 (Release 1909) (), CPU: Intel(R) Core(TM) i7-8700K CPU @ 3.70GHz, GPU: NVIDIA GeForce RTX 2080
LogInit: Compiled (64-bit): Oct 11 2020 08:10:49
LogInit: Compiled with Visual C++: 19.24.28315.00
LogInit: Build Configuration: Development
LogInit: Branch Name: ++UE4+Release-4.25
LogInit: Command Line:  -skipcompile
LogInit: Base Directory: D:/Program Files (x86)/UE_4.25/Engine/Binaries/Win64/
LogInit: Allocator: TBB
LogInit: Installed Engine Build: 1
LogDevObjectVersion: Number of dev versions registered: 26
LogDevObjectVersion:   Dev-Blueprints (B0D832E4-1F89-4F0D-ACCF-7EB736FD4AA2): 10
LogDevObjectVersion:   Dev-Build (E1C64328-A22C-4D53-A36C-8E866417BD8C): 0
LogDevObjectVersion:   Dev-Core (375EC13C-06E4-48FB-B500-84F0262A717E): 4
LogDevObjectVersion:   Dev-Editor (E4B068ED-F494-42E9-A231-DA0B2E46BB41): 38
LogDevObjectVersion:   Dev-Framework (CFFC743F-43B0-4480-9391-14DF171D2073): 37
LogDevObjectVersion:   Dev-Mobile (B02B49B5-BB20-44E9-A304-32B752E40360): 2
LogDevObjectVersion:   Dev-Networking (A4E4105C-59A1-49B5-A7C5-40C4547EDFEE): 0
LogDevObjectVersion:   Dev-Online (39C831C9-5AE6-47DC-9A44-9C173E1C8E7C): 0
LogDevObjectVersion:   Dev-Physics (78F01B33-EBEA-4F98-B9B4-84EACCB95AA2): 4
LogDevObjectVersion:   Dev-Platform (6631380F-2D4D-43E0-8009-CF276956A95A): 0
LogDevObjectVersion:   Dev-Rendering (12F88B9F-8875-4AFC-A67C-D90C383ABD29): 43
LogDevObjectVersion:   Dev-Sequencer (7B5AE74C-D270-4C10-A958-57980B212A5A): 12
LogDevObjectVersion:   Dev-VR (D7296918-1DD6-4BDD-9DE2-64A83CC13884): 3
LogDevObjectVersion:   Dev-LoadTimes (C2A15278-BFE7-4AFE-6C17-90FF531DF755): 1
LogDevObjectVersion:   Private-Geometry (6EACA3D4-40EC-4CC1-B786-8BED09428FC5): 3
LogDevObjectVersion:   Dev-AnimPhys (29E575DD-E0A3-4627-9D10-D276232CDCEA): 17
LogDevObjectVersion:   Dev-Anim (AF43A65D-7FD3-4947-9873-3E8ED9C1BB05): 7
LogDevObjectVersion:   Dev-ReflectionCapture (6B266CEC-1EC7-4B8F-A30B-E4D90942FC07): 1
LogDevObjectVersion:   Dev-Automation (0DF73D61-A23F-47EA-B727-89E90C41499A): 1
LogDevObjectVersion:   FortniteMain (601D1886-AC64-4F84-AA16-D3DE0DEAC7D6): 31
LogDevObjectVersion:   Dev-Enterprise (9DFFBCD6-494F-0158-E221-12823C92A888): 10
LogDevObjectVersion:   Dev-Niagara (F2AED0AC-9AFE-416F-8664-AA7FFA26D6FC): 1
LogDevObjectVersion:   Dev-Destruction (174F1F0B-B4C6-45A5-B13F-2EE8D0FB917D): 10
LogDevObjectVersion:   Dev-Physics-Ext (35F94A83-E258-406C-A318-09F59610247C): 37
LogDevObjectVersion:   Dev-PhysicsMaterial-Chaos (B68FC16E-8B1B-42E2-B453-215C058844FE): 1
LogDevObjectVersion:   Dev-CineCamera (B2E18506-4273-CFC2-A54E-F4BB758BBA07): 1
LogInit: Presizing for max 25165824 objects, including 0 objects not considered by GC, pre-allocating 0 bytes for permanent pool.
LogConfig: Applying CVar settings from Section [/Script/Engine.StreamingSettings] File [D:/Users/h017026h/Documents/GitKraken/-raisethegamejam-2020/RaiseTheGameJame2020/Saved/Config/Windows/Engine.ini]
LogConfig: Setting CVar [[s.MinBulkDataSizeForAsyncLoading:131072]]
LogConfig: Setting CVar [[s.AsyncLoadingThreadEnabled:0]]
LogConfig: Setting CVar [[s.EventDrivenLoaderEnabled:1]]
LogConfig: Setting CVar [[s.WarnIfTimeLimitExceeded:0]]
LogConfig: Setting CVar [[s.TimeLimitExceededMultiplier:1.5]]
LogConfig: Setting CVar [[s.TimeLimitExceededMinTime:0.005]]
LogConfig: Setting CVar [[s.UseBackgroundLevelStreaming:1]]
LogConfig: Setting CVar [[s.PriorityAsyncLoadingExtraTime:15.0]]
LogConfig: Setting CVar [[s.LevelStreamingActorsUpdateTimeLimit:5.0]]
LogConfig: Setting CVar [[s.PriorityLevelStreamingActorsUpdateExtraTime:5.0]]
LogConfig: Setting CVar [[s.LevelStreamingComponentsRegistrationGranularity:10]]
LogConfig: Setting CVar [[s.UnregisterComponentsTimeLimit:1.0]]
LogConfig: Setting CVar [[s.LevelStreamingComponentsUnregistrationGranularity:5]]
LogConfig: Setting CVar [[s.FlushStreamingOnExit:1]]
LogInit: Object subsystem initialized
LogConfig: Setting CVar [[con.DebugEarlyDefault:1]]
LogConfig: Setting CVar [[r.setres:1280x720]]
[2020.11.18-12.45.46:526][  0]LogConfig: Setting CVar [[r.VSync:0]]
[2020.11.18-12.45.46:526][  0]LogConfig: Setting CVar [[r.RHICmdBypass:0]]
[2020.11.18-12.45.46:526][  0]LogConfig: Applying CVar settings from Section [/Script/Engine.RendererSettings] File [D:/Users/h017026h/Documents/GitKraken/-raisethegamejam-2020/RaiseTheGameJame2020/Saved/Config/Windows/Engine.ini]
[2020.11.18-12.45.46:526][  0]LogConfig: Setting CVar [[r.GPUCrashDebugging:0]]
[2020.11.18-12.45.46:526][  0]LogConfig: Applying CVar settings from Section [/Script/Engine.RendererOverrideSettings] File [D:/Users/h017026h/Documents/GitKraken/-raisethegamejam-2020/RaiseTheGameJame2020/Saved/Config/Windows/Engine.ini]
[2020.11.18-12.45.46:527][  0]LogConfig: Applying CVar settings from Section [/Script/Engine.StreamingSettings] File [D:/Users/h017026h/Documents/GitKraken/-raisethegamejam-2020/RaiseTheGameJame2020/Saved/Config/Windows/Engine.ini]
[2020.11.18-12.45.46:527][  0]LogConfig: Setting CVar [[s.MinBulkDataSizeForAsyncLoading:131072]]
[2020.11.18-12.45.46:527][  0]LogConfig: Setting CVar [[s.AsyncLoadingThreadEnabled:0]]
[2020.11.18-12.45.46:527][  0]LogConfig: Setting CVar [[s.EventDrivenLoaderEnabled:1]]
[2020.11.18-12.45.46:527][  0]LogConfig: Setting CVar [[s.WarnIfTimeLimitExceeded:0]]
[2020.11.18-12.45.46:527][  0]LogConfig: Setting CVar [[s.TimeLimitExceededMultiplier:1.5]]
[2020.11.18-12.45.46:527][  0]LogConfig: Setting CVar [[s.TimeLimitExceededMinTime:0.005]]
[2020.11.18-12.45.46:527][  0]LogConfig: Setting CVar [[s.UseBackgroundLevelStreaming:1]]
[2020.11.18-12.45.46:527][  0]LogConfig: Setting CVar [[s.PriorityAsyncLoadingExtraTime:15.0]]
[2020.11.18-12.45.46:527][  0]LogConfig: Setting CVar [[s.LevelStreamingActorsUpdateTimeLimit:5.0]]
[2020.11.18-12.45.46:527][  0]LogConfig: Setting CVar [[s.PriorityLevelStreamingActorsUpdateExtraTime:5.0]]
[2020.11.18-12.45.46:527][  0]LogConfig: Setting CVar [[s.LevelStreamingComponentsRegistrationGranularity:10]]
[2020.11.18-12.45.46:527][  0]LogConfig: Setting CVar [[s.UnregisterComponentsTimeLimit:1.0]]
[2020.11.18-12.45.46:528][  0]LogConfig: Setting CVar [[s.LevelStreamingComponentsUnregistrationGranularity:5]]
[2020.11.18-12.45.46:528][  0]LogConfig: Setting CVar [[s.FlushStreamingOnExit:1]]
[2020.11.18-12.45.46:528][  0]LogConfig: Applying CVar settings from Section [/Script/Engine.GarbageCollectionSettings] File [D:/Users/h017026h/Documents/GitKraken/-raisethegamejam-2020/RaiseTheGameJame2020/Saved/Config/Windows/Engine.ini]
[2020.11.18-12.45.46:528][  0]LogConfig: Setting CVar [[gc.MaxObjectsNotConsideredByGC:1]]
[2020.11.18-12.45.46:528][  0]LogConfig: Setting CVar [[gc.SizeOfPermanentObjectPool:0]]
[2020.11.18-12.45.46:528][  0]LogConfig: Setting CVar [[gc.FlushStreamingOnGC:0]]
[2020.11.18-12.45.46:528][  0]LogConfig: Setting CVar [[gc.NumRetriesBeforeForcingGC:10]]
[2020.11.18-12.45.46:528][  0]LogConfig: Setting CVar [[gc.AllowParallelGC:1]]
[2020.11.18-12.45.46:528][  0]LogConfig: Setting CVar [[gc.TimeBetweenPurgingPendingKillObjects:61.1]]
[2020.11.18-12.45.46:528][  0]LogConfig: Setting CVar [[gc.MaxObjectsInEditor:25165824]]
[2020.11.18-12.45.46:528][  0]LogConfig: Setting CVar [[gc.IncrementalBeginDestroyEnabled:1]]
[2020.11.18-12.45.46:529][  0]LogConfig: Setting CVar [[gc.CreateGCClusters:1]]
[2020.11.18-12.45.46:529][  0]LogConfig: Setting CVar [[gc.MinGCClusterSize:5]]
[2020.11.18-12.45.46:529][  0]LogConfig: Setting CVar [[gc.ActorClusteringEnabled:0]]
[2020.11.18-12.45.46:529][  0]LogConfig: Setting CVar [[gc.BlueprintClusteringEnabled:0]]
[2020.11.18-12.45.46:529][  0]LogConfig: Setting CVar [[gc.UseDisregardForGCOnDedicatedServers:0]]
[2020.11.18-12.45.46:529][  0]LogConfig: Applying CVar settings from Section [/Script/Engine.NetworkSettings] File [D:/Users/h017026h/Documents/GitKraken/-raisethegamejam-2020/RaiseTheGameJame2020/Saved/Config/Windows/Engine.ini]
[2020.11.18-12.45.46:529][  0]LogConfig: Applying CVar settings from Section [/Script/UnrealEd.CookerSettings] File [D:/Users/h017026h/Documents/GitKraken/-raisethegamejam-2020/RaiseTheGameJame2020/Saved/Config/Windows/Engine.ini]
[2020.11.18-12.45.46:562][  0]LogConfig: Applying CVar settings from Section [ViewDistanceQuality@3] File [D:/Users/h017026h/Documents/GitKraken/-raisethegamejam-2020/RaiseTheGameJame2020/Saved/Config/Windows/Scalability.ini]
[2020.11.18-12.45.46:563][  0]LogConfig: Setting CVar [[r.SkeletalMeshLODBias:0]]
[2020.11.18-12.45.46:563][  0]LogConfig: Setting CVar [[r.ViewDistanceScale:1.0]]
[2020.11.18-12.45.46:563][  0]LogConfig: Applying CVar settings from Section [AntiAliasingQuality@3] File [D:/Users/h017026h/Documents/GitKraken/-raisethegamejam-2020/RaiseTheGameJame2020/Saved/Config/Windows/Scalability.ini]
[2020.11.18-12.45.46:563][  0]LogConfig: Setting CVar [[r.PostProcessAAQuality:4]]
[2020.11.18-12.45.46:563][  0]LogConfig: Applying CVar settings from Section [ShadowQuality@3] File [D:/Users/h017026h/Documents/GitKraken/-raisethegamejam-2020/RaiseTheGameJame2020/Saved/Config/Windows/Scalability.ini]
[2020.11.18-12.45.46:563][  0]LogConfig: Setting CVar [[r.LightFunctionQuality:1]]
[2020.11.18-12.45.46:563][  0]LogConfig: Setting CVar [[r.ShadowQuality:5]]
[2020.11.18-12.45.46:563][  0]LogConfig: Setting CVar [[r.Shadow.CSM.MaxCascades:10]]
[2020.11.18-12.45.46:563][  0]LogConfig: Setting CVar [[r.Shadow.MaxResolution:2048]]
[2020.11.18-12.45.46:563][  0]LogConfig: Setting CVar [[r.Shadow.MaxCSMResolution:2048]]
[2020.11.18-12.45.46:563][  0]LogConfig: Setting CVar [[r.Shadow.RadiusThreshold:0.01]]
[2020.11.18-12.45.46:563][  0]LogConfig: Setting CVar [[r.Shadow.DistanceScale:1.0]]
[2020.11.18-12.45.46:564][  0]LogConfig: Setting CVar [[r.Shadow.CSM.TransitionScale:1.0]]
[2020.11.18-12.45.46:564][  0]LogConfig: Setting CVar [[r.Shadow.PreShadowResolutionFactor:1.0]]
[2020.11.18-12.45.46:564][  0]LogConfig: Setting CVar [[r.DistanceFieldShadowing:1]]
[2020.11.18-12.45.46:564][  0]LogConfig: Setting CVar [[r.DistanceFieldAO:1]]
[2020.11.18-12.45.46:564][  0]LogConfig: Setting CVar [[r.AOQuality:2]]
[2020.11.18-12.45.46:564][  0]LogConfig: Setting CVar [[r.VolumetricFog:1]]
[2020.11.18-12.45.46:564][  0]LogConfig: Setting CVar [[r.VolumetricFog.GridPixelSize:8]]
[2020.11.18-12.45.46:564][  0]LogConfig: Setting CVar [[r.VolumetricFog.GridSizeZ:128]]
[2020.11.18-12.45.46:564][  0]LogConfig: Setting CVar [[r.VolumetricFog.HistoryMissSupersampleCount:4]]
[2020.11.18-12.45.46:564][  0]LogConfig: Setting CVar [[r.LightMaxDrawDistanceScale:1]]
[2020.11.18-12.45.46:564][  0]LogConfig: Setting CVar [[r.CapsuleShadows:1]]
[2020.11.18-12.45.46:564][  0]LogConfig: Applying CVar settings from Section [PostProcessQuality@3] File [D:/Users/h017026h/Documents/GitKraken/-raisethegamejam-2020/RaiseTheGameJame2020/Saved/Config/Windows/Scalability.ini]
[2020.11.18-12.45.46:564][  0]LogConfig: Setting CVar [[r.MotionBlurQuality:4]]
[2020.11.18-12.45.46:564][  0]LogConfig: Setting CVar [[r.AmbientOcclusionMipLevelFactor:0.4]]
[2020.11.18-12.45.46:564][  0]LogConfig: Setting CVar [[r.AmbientOcclusionMaxQuality:100]]
[2020.11.18-12.45.46:565][  0]LogConfig: Setting CVar [[r.AmbientOcclusionLevels:-1]]
[2020.11.18-12.45.46:565][  0]LogConfig: Setting CVar [[r.AmbientOcclusionRadiusScale:1.0]]
[2020.11.18-12.45.46:565][  0]LogConfig: Setting CVar [[r.DepthOfFieldQuality:2]]
[2020.11.18-12.45.46:565][  0]LogConfig: Setting CVar [[r.RenderTargetPoolMin:400]]
[2020.11.18-12.45.46:565][  0]LogConfig: Setting CVar [[r.LensFlareQuality:2]]
[2020.11.18-12.45.46:565][  0]LogConfig: Setting CVar [[r.SceneColorFringeQuality:1]]
[2020.11.18-12.45.46:565][  0]LogConfig: Setting CVar [[r.EyeAdaptationQuality:2]]
[2020.11.18-12.45.46:565][  0]LogConfig: Setting CVar [[r.BloomQuality:5]]
[2020.11.18-12.45.46:565][  0]LogConfig: Setting CVar [[r.FastBlurThreshold:100]]
[2020.11.18-12.45.46:565][  0]LogConfig: Setting CVar [[r.Upscale.Quality:3]]
[2020.11.18-12.45.46:565][  0]LogConfig: Setting CVar [[r.Tonemapper.GrainQuantization:1]]
[2020.11.18-12.45.46:565][  0]LogConfig: Setting CVar [[r.LightShaftQuality:1]]
[2020.11.18-12.45.46:565][  0]LogConfig: Setting CVar [[r.Filter.SizeScale:1]]
[2020.11.18-12.45.46:565][  0]LogConfig: Setting CVar [[r.Tonemapper.Quality:5]]
[2020.11.18-12.45.46:565][  0]LogConfig: Setting CVar [[r.DOF.Gather.AccumulatorQuality:1        ; higher gathering accumulator quality]]
[2020.11.18-12.45.46:565][  0]LogConfig: Setting CVar [[r.DOF.Gather.PostfilterMethod:1          ; Median3x3 postfilering method]]
[2020.11.18-12.45.46:566][  0]LogConfig: Setting CVar [[r.DOF.Gather.EnableBokehSettings:0       ; no bokeh simulation when gathering]]
[2020.11.18-12.45.46:566][  0]LogConfig: Setting CVar [[r.DOF.Gather.RingCount:4                 ; medium number of samples when gathering]]
[2020.11.18-12.45.46:566][  0]LogConfig: Setting CVar [[r.DOF.Scatter.ForegroundCompositing:1    ; additive foreground scattering]]
[2020.11.18-12.45.46:566][  0]LogConfig: Setting CVar [[r.DOF.Scatter.BackgroundCompositing:2    ; additive background scattering]]
[2020.11.18-12.45.46:566][  0]LogConfig: Setting CVar [[r.DOF.Scatter.EnableBokehSettings:1      ; bokeh simulation when scattering]]
[2020.11.18-12.45.46:566][  0]LogConfig: Setting CVar [[r.DOF.Scatter.MaxSpriteRatio:0.1         ; only a maximum of 10% of scattered bokeh]]
[2020.11.18-12.45.46:566][  0]LogConfig: Setting CVar [[r.DOF.Recombine.Quality:1                ; cheap slight out of focus]]
[2020.11.18-12.45.46:566][  0]LogConfig: Setting CVar [[r.DOF.Recombine.EnableBokehSettings:0    ; no bokeh simulation on slight out of focus]]
[2020.11.18-12.45.46:566][  0]LogConfig: Setting CVar [[r.DOF.TemporalAAQuality:1                ; more stable temporal accumulation]]
[2020.11.18-12.45.46:566][  0]LogConfig: Setting CVar [[r.DOF.Kernel.MaxForegroundRadius:0.025]]
[2020.11.18-12.45.46:566][  0]LogConfig: Setting CVar [[r.DOF.Kernel.MaxBackgroundRadius:0.025]]
[2020.11.18-12.45.46:566][  0]LogConfig: Applying CVar settings from Section [TextureQuality@3] File [D:/Users/h017026h/Documents/GitKraken/-raisethegamejam-2020/RaiseTheGameJame2020/Saved/Config/Windows/Scalability.ini]
[2020.11.18-12.45.46:566][  0]LogConfig: Setting CVar [[r.Streaming.MipBias:0]]
[2020.11.18-12.45.46:566][  0]LogConfig: Setting CVar [[r.Streaming.AmortizeCPUToGPUCopy:0]]
[2020.11.18-12.45.46:566][  0]LogConfig: Setting CVar [[r.Streaming.MaxNumTexturesToStreamPerFrame:0]]
[2020.11.18-12.45.46:566][  0]LogConfig: Setting CVar [[r.Streaming.Boost:1]]
[2020.11.18-12.45.46:566][  0]LogConfig: Setting CVar [[r.MaxAnisotropy:8]]
[2020.11.18-12.45.46:566][  0]LogConfig: Setting CVar [[r.VT.MaxAnisotropy:8]]
[2020.11.18-12.45.46:566][  0]LogConfig: Setting CVar [[r.Streaming.LimitPoolSizeToVRAM:0]]
[2020.11.18-12.45.46:566][  0]LogConfig: Setting CVar [[r.Streaming.PoolSize:1000]]
[2020.11.18-12.45.46:566][  0]LogConfig: Setting CVar [[r.Streaming.MaxEffectiveScreenSize:0]]
[2020.11.18-12.45.46:567][  0]LogConfig: Applying CVar settings from Section [EffectsQuality@3] File [D:/Users/h017026h/Documents/GitKraken/-raisethegamejam-2020/RaiseTheGameJame2020/Saved/Config/Windows/Scalability.ini]
[2020.11.18-12.45.46:567][  0]LogConfig: Setting CVar [[r.TranslucencyLightingVolumeDim:64]]
[2020.11.18-12.45.46:567][  0]LogConfig: Setting CVar [[r.RefractionQuality:2]]
[2020.11.18-12.45.46:567][  0]LogConfig: Setting CVar [[r.SSR.Quality:3]]
[2020.11.18-12.45.46:567][  0]LogConfig: Setting CVar [[r.SSR.HalfResSceneColor:0]]
[2020.11.18-12.45.46:567][  0]LogConfig: Setting CVar [[r.SceneColorFormat:4]]
[2020.11.18-12.45.46:567][  0]LogConfig: Setting CVar [[r.DetailMode:2]]
[2020.11.18-12.45.46:567][  0]LogConfig: Setting CVar [[r.TranslucencyVolumeBlur:1]]
[2020.11.18-12.45.46:567][  0]LogConfig: Setting CVar [[r.MaterialQualityLevel:1 ; High quality]]
[2020.11.18-12.45.46:567][  0]LogConfig: Setting CVar [[r.SSS.Scale:1]]
[2020.11.18-12.45.46:567][  0]LogConfig: Setting CVar [[r.SSS.SampleSet:2]]
[2020.11.18-12.45.46:567][  0]LogConfig: Setting CVar [[r.SSS.Quality:1]]
[2020.11.18-12.45.46:567][  0]LogConfig: Setting CVar [[r.SSS.HalfRes:0]]
[2020.11.18-12.45.46:567][  0]LogConfig: Setting CVar [[r.SSGI.Quality:3]]
[2020.11.18-12.45.46:567][  0]LogConfig: Setting CVar [[r.EmitterSpawnRateScale:1.0]]
[2020.11.18-12.45.46:567][  0]LogConfig: Setting CVar [[r.ParticleLightQuality:2]]
[2020.11.18-12.45.46:567][  0]LogConfig: Setting CVar [[r.SkyAtmosphere.AerialPerspectiveLUT.FastApplyOnOpaque:1 ; Always have FastSkyLUT 1 in this case to avoid wrong sky]]
[2020.11.18-12.45.46:567][  0]LogConfig: Setting CVar [[r.SkyAtmosphere.AerialPerspectiveLUT.SampleCountPerSlice:1]]
[2020.11.18-12.45.46:567][  0]LogConfig: Setting CVar [[r.SkyAtmosphere.AerialPerspectiveLUT.DepthResolution:16.0]]
[2020.11.18-12.45.46:567][  0]LogConfig: Setting CVar [[r.SkyAtmosphere.FastSkyLUT:1]]
[2020.11.18-12.45.46:567][  0]LogConfig: Setting CVar [[r.SkyAtmosphere.FastSkyLUT.SampleCountMin:4.0]]
[2020.11.18-12.45.46:568][  0]LogConfig: Setting CVar [[r.SkyAtmosphere.FastSkyLUT.SampleCountMax:32.0]]
[2020.11.18-12.45.46:568][  0]LogConfig: Setting CVar [[r.SkyAtmosphere.SampleCountMin:4.0]]
[2020.11.18-12.45.46:568][  0]LogConfig: Setting CVar [[r.SkyAtmosphere.SampleCountMax:32.0]]
[2020.11.18-12.45.46:568][  0]LogConfig: Setting CVar [[r.SkyAtmosphere.TransmittanceLUT.UseSmallFormat:0]]
[2020.11.18-12.45.46:568][  0]LogConfig: Setting CVar [[r.SkyAtmosphere.TransmittanceLUT.SampleCount:10.0]]
[2020.11.18-12.45.46:568][  0]LogConfig: Setting CVar [[r.SkyAtmosphere.MultiScatteringLUT.SampleCount:15.0]]
[2020.11.18-12.45.46:568][  0]LogConfig: Applying CVar settings from Section [FoliageQuality@3] File [D:/Users/h017026h/Documents/GitKraken/-raisethegamejam-2020/RaiseTheGameJame2020/Saved/Config/Windows/Scalability.ini]
[2020.11.18-12.45.46:568][  0]LogConfig: Setting CVar [[foliage.DensityScale:1.0]]
[2020.11.18-12.45.46:568][  0]LogConfig: Setting CVar [[grass.DensityScale:1.0]]
[2020.11.18-12.45.46:568][  0]LogConfig: Applying CVar settings from Section [ShadingQuality@3] File [D:/Users/h017026h/Documents/GitKraken/-raisethegamejam-2020/RaiseTheGameJame2020/Saved/Config/Windows/Scalability.ini]
[2020.11.18-12.45.46:568][  0]LogConfig: Setting CVar [[r.HairStrands.SkyLighting.SampleCount:16]]
[2020.11.18-12.45.46:568][  0]LogConfig: Setting CVar [[r.HairStrands.SkyLighting.JitterIntegration:0]]
[2020.11.18-12.45.46:568][  0]LogConfig: Setting CVar [[r.HairStrands.SkyAO.SampleCount:16]]
[2020.11.18-12.45.46:568][  0]LogConfig: Setting CVar [[r.HairStrands.DeepShadow.SuperSampling:0]]
[2020.11.18-12.45.46:568][  0]LogConfig: Setting CVar [[r.HairStrands.VisibilityPPLL:0]]
[2020.11.18-12.45.46:568][  0]LogConfig: Setting CVar [[r.HairStrands.RasterizationScale:0.5]]
[2020.11.18-12.45.46:568][  0]LogConfig: Setting CVar [[r.HairStrands.VelocityRasterizationScale:1]]
[2020.11.18-12.45.46:569][  0]LogInit: Selected Device Profile: [Windows]
[2020.11.18-12.45.46:569][  0]LogInit: Applying CVar settings loaded from the selected device profile: [Windows]
[2020.11.18-12.45.46:569][  0]LogHAL: Display: Platform has ~ 16 GB [17130930176 / 17179869184 / 16], which maps to Larger [LargestMinGB=32, LargerMinGB=12, DefaultMinGB=8, SmallerMinGB=6, SmallestMinGB=0)
[2020.11.18-12.45.46:569][  0]LogInit: Going up to parent DeviceProfile []
[2020.11.18-12.45.46:569][  0]LogConfig: Applying CVar settings from Section [ViewDistanceQuality@3] File [D:/Users/h017026h/Documents/GitKraken/-raisethegamejam-2020/RaiseTheGameJame2020/Saved/Config/Windows/Scalability.ini]
[2020.11.18-12.45.46:569][  0]LogConfig: Setting CVar [[r.SkeletalMeshLODBias:0]]
[2020.11.18-12.45.46:569][  0]LogConfig: Setting CVar [[r.ViewDistanceScale:1.0]]
[2020.11.18-12.45.46:569][  0]LogConfig: Applying CVar settings from Section [AntiAliasingQuality@3] File [D:/Users/h017026h/Documents/GitKraken/-raisethegamejam-2020/RaiseTheGameJame2020/Saved/Config/Windows/Scalability.ini]
[2020.11.18-12.45.46:569][  0]LogConfig: Setting CVar [[r.PostProcessAAQuality:4]]
[2020.11.18-12.45.46:569][  0]LogConfig: Applying CVar settings from Section [ShadowQuality@3] File [D:/Users/h017026h/Documents/GitKraken/-raisethegamejam-2020/RaiseTheGameJame2020/Saved/Config/Windows/Scalability.ini]
[2020.11.18-12.45.46:570][  0]LogConfig: Setting CVar [[r.LightFunctionQuality:1]]
[2020.11.18-12.45.46:570][  0]LogConfig: Setting CVar [[r.ShadowQuality:5]]
[2020.11.18-12.45.46:570][  0]LogConfig: Setting CVar [[r.Shadow.CSM.MaxCascades:10]]
[2020.11.18-12.45.46:570][  0]LogConfig: Setting CVar [[r.Shadow.MaxResolution:2048]]
[2020.11.18-12.45.46:570][  0]LogConfig: Setting CVar [[r.Shadow.MaxCSMResolution:2048]]
[2020.11.18-12.45.46:570][  0]LogConfig: Setting CVar [[r.Shadow.RadiusThreshold:0.01]]
[2020.11.18-12.45.46:570][  0]LogConfig: Setting CVar [[r.Shadow.DistanceScale:1.0]]
[2020.11.18-12.45.46:570][  0]LogConfig: Setting CVar [[r.Shadow.CSM.TransitionScale:1.0]]
[2020.11.18-12.45.46:570][  0]LogConfig: Setting CVar [[r.Shadow.PreShadowResolutionFactor:1.0]]
[2020.11.18-12.45.46:570][  0]LogConfig: Setting CVar [[r.DistanceFieldShadowing:1]]
[2020.11.18-12.45.46:570][  0]LogConfig: Setting CVar [[r.DistanceFieldAO:1]]
[2020.11.18-12.45.46:570][  0]LogConfig: Setting CVar [[r.AOQuality:2]]
[2020.11.18-12.45.46:571][  0]LogConfig: Setting CVar [[r.VolumetricFog:1]]
[2020.11.18-12.45.46:571][  0]LogConfig: Setting CVar [[r.VolumetricFog.GridPixelSize:8]]
[2020.11.18-12.45.46:571][  0]LogConfig: Setting CVar [[r.VolumetricFog.GridSizeZ:128]]
[2020.11.18-12.45.46:571][  0]LogConfig: Setting CVar [[r.VolumetricFog.HistoryMissSupersampleCount:4]]
[2020.11.18-12.45.46:571][  0]LogConfig: Setting CVar [[r.LightMaxDrawDistanceScale:1]]
[2020.11.18-12.45.46:571][  0]LogConfig: Setting CVar [[r.CapsuleShadows:1]]
[2020.11.18-12.45.46:571][  0]LogConfig: Applying CVar settings from Section [PostProcessQuality@3] File [D:/Users/h017026h/Documents/GitKraken/-raisethegamejam-2020/RaiseTheGameJame2020/Saved/Config/Windows/Scalability.ini]
[2020.11.18-12.45.46:571][  0]LogConfig: Setting CVar [[r.MotionBlurQuality:4]]
[2020.11.18-12.45.46:571][  0]LogConfig: Setting CVar [[r.AmbientOcclusionMipLevelFactor:0.4]]
[2020.11.18-12.45.46:571][  0]LogConfig: Setting CVar [[r.AmbientOcclusionMaxQuality:100]]
[2020.11.18-12.45.46:571][  0]LogConfig: Setting CVar [[r.AmbientOcclusionLevels:-1]]
[2020.11.18-12.45.46:571][  0]LogConfig: Setting CVar [[r.AmbientOcclusionRadiusScale:1.0]]
[2020.11.18-12.45.46:571][  0]LogConfig: Setting CVar [[r.DepthOfFieldQuality:2]]
[2020.11.18-12.45.46:571][  0]LogConfig: Setting CVar [[r.RenderTargetPoolMin:400]]
[2020.11.18-12.45.46:572][  0]LogConfig: Setting CVar [[r.LensFlareQuality:2]]
[2020.11.18-12.45.46:572][  0]LogConfig: Setting CVar [[r.SceneColorFringeQuality:1]]
[2020.11.18-12.45.46:572][  0]LogConfig: Setting CVar [[r.EyeAdaptationQuality:2]]
[2020.11.18-12.45.46:572][  0]LogConfig: Setting CVar [[r.BloomQuality:5]]
[2020.11.18-12.45.46:572][  0]LogConfig: Setting CVar [[r.FastBlurThreshold:100]]
[2020.11.18-12.45.46:572][  0]LogConfig: Setting CVar [[r.Upscale.Quality:3]]
[2020.11.18-12.45.46:572][  0]LogConfig: Setting CVar [[r.Tonemapper.GrainQuantization:1]]
[2020.11.18-12.45.46:572][  0]LogConfig: Setting CVar [[r.LightShaftQuality:1]]
[2020.11.18-12.45.46:572][  0]LogConfig: Setting CVar [[r.Filter.SizeScale:1]]
[2020.11.18-12.45.46:572][  0]LogConfig: Setting CVar [[r.Tonemapper.Quality:5]]
[2020.11.18-12.45.46:572][  0]LogConfig: Setting CVar [[r.DOF.Gather.AccumulatorQuality:1        ; higher gathering accumulator quality]]
[2020.11.18-12.45.46:572][  0]LogConfig: Setting CVar [[r.DOF.Gather.PostfilterMethod:1          ; Median3x3 postfilering method]]
[2020.11.18-12.45.46:572][  0]LogConfig: Setting CVar [[r.DOF.Gather.EnableBokehSettings:0       ; no bokeh simulation when gathering]]
[2020.11.18-12.45.46:572][  0]LogConfig: Setting CVar [[r.DOF.Gather.RingCount:4                 ; medium number of samples when gathering]]
[2020.11.18-12.45.46:572][  0]LogConfig: Setting CVar [[r.DOF.Scatter.ForegroundCompositing:1    ; additive foreground scattering]]
[2020.11.18-12.45.46:573][  0]LogConfig: Setting CVar [[r.DOF.Scatter.BackgroundCompositing:2    ; additive background scattering]]
[2020.11.18-12.45.46:573][  0]LogConfig: Setting CVar [[r.DOF.Scatter.EnableBokehSettings:1      ; bokeh simulation when scattering]]
[2020.11.18-12.45.46:573][  0]LogConfig: Setting CVar [[r.DOF.Scatter.MaxSpriteRatio:0.1         ; only a maximum of 10% of scattered bokeh]]
[2020.11.18-12.45.46:573][  0]LogConfig: Setting CVar [[r.DOF.Recombine.Quality:1                ; cheap slight out of focus]]
[2020.11.18-12.45.46:573][  0]LogConfig: Setting CVar [[r.DOF.Recombine.EnableBokehSettings:0    ; no bokeh simulation on slight out of focus]]
[2020.11.18-12.45.46:573][  0]LogConfig: Setting CVar [[r.DOF.TemporalAAQuality:1                ; more stable temporal accumulation]]
[2020.11.18-12.45.46:573][  0]LogConfig: Setting CVar [[r.DOF.Kernel.MaxForegroundRadius:0.025]]
[2020.11.18-12.45.46:573][  0]LogConfig: Setting CVar [[r.DOF.Kernel.MaxBackgroundRadius:0.025]]
[2020.11.18-12.45.46:573][  0]LogConfig: Applying CVar settings from Section [TextureQuality@3] File [D:/Users/h017026h/Documents/GitKraken/-raisethegamejam-2020/RaiseTheGameJame2020/Saved/Config/Windows/Scalability.ini]
[2020.11.18-12.45.46:573][  0]LogConfig: Setting CVar [[r.Streaming.MipBias:0]]
[2020.11.18-12.45.46:573][  0]LogConfig: Setting CVar [[r.Streaming.AmortizeCPUToGPUCopy:0]]
[2020.11.18-12.45.46:573][  0]LogConfig: Setting CVar [[r.Streaming.MaxNumTexturesToStreamPerFrame:0]]
[2020.11.18-12.45.46:573][  0]LogConfig: Setting CVar [[r.Streaming.Boost:1]]
[2020.11.18-12.45.46:574][  0]LogConfig: Setting CVar [[r.MaxAnisotropy:8]]
[2020.11.18-12.45.46:574][  0]LogConfig: Setting CVar [[r.VT.MaxAnisotropy:8]]
[2020.11.18-12.45.46:574][  0]LogConfig: Setting CVar [[r.Streaming.LimitPoolSizeToVRAM:0]]
[2020.11.18-12.45.46:574][  0]LogConfig: Setting CVar [[r.Streaming.PoolSize:1000]]
[2020.11.18-12.45.46:574][  0]LogConfig: Setting CVar [[r.Streaming.MaxEffectiveScreenSize:0]]
[2020.11.18-12.45.46:574][  0]LogConfig: Applying CVar settings from Section [EffectsQuality@3] File [D:/Users/h017026h/Documents/GitKraken/-raisethegamejam-2020/RaiseTheGameJame2020/Saved/Config/Windows/Scalability.ini]
[2020.11.18-12.45.46:574][  0]LogConfig: Setting CVar [[r.TranslucencyLightingVolumeDim:64]]
[2020.11.18-12.45.46:574][  0]LogConfig: Setting CVar [[r.RefractionQuality:2]]
[2020.11.18-12.45.46:574][  0]LogConfig: Setting CVar [[r.SSR.Quality:3]]
[2020.11.18-12.45.46:574][  0]LogConfig: Setting CVar [[r.SSR.HalfResSceneColor:0]]
[2020.11.18-12.45.46:574][  0]LogConfig: Setting CVar [[r.SceneColorFormat:4]]
[2020.11.18-12.45.46:574][  0]LogConfig: Setting CVar [[r.DetailMode:2]]
[2020.11.18-12.45.46:574][  0]LogConfig: Setting CVar [[r.TranslucencyVolumeBlur:1]]
[2020.11.18-12.45.46:574][  0]LogConfig: Setting CVar [[r.MaterialQualityLevel:1 ; High quality]]
[2020.11.18-12.45.46:574][  0]LogConfig: Setting CVar [[r.SSS.Scale:1]]
[2020.11.18-12.45.46:574][  0]LogConfig: Setting CVar [[r.SSS.SampleSet:2]]
[2020.11.18-12.45.46:575][  0]LogConfig: Setting CVar [[r.SSS.Quality:1]]
[2020.11.18-12.45.46:575][  0]LogConfig: Setting CVar [[r.SSS.HalfRes:0]]
[2020.11.18-12.45.46:575][  0]LogConfig: Setting CVar [[r.SSGI.Quality:3]]
[2020.11.18-12.45.46:575][  0]LogConfig: Setting CVar [[r.EmitterSpawnRateScale:1.0]]
[2020.11.18-12.45.46:575][  0]LogConfig: Setting CVar [[r.ParticleLightQuality:2]]
[2020.11.18-12.45.46:575][  0]LogConfig: Setting CVar [[r.SkyAtmosphere.AerialPerspectiveLUT.FastApplyOnOpaque:1 ; Always have FastSkyLUT 1 in this case to avoid wrong sky]]
[2020.11.18-12.45.46:575][  0]LogConfig: Setting CVar [[r.SkyAtmosphere.AerialPerspectiveLUT.SampleCountPerSlice:1]]
[2020.11.18-12.45.46:575][  0]LogConfig: Setting CVar [[r.SkyAtmosphere.AerialPerspectiveLUT.DepthResolution:16.0]]
[2020.11.18-12.45.46:575][  0]LogConfig: Setting CVar [[r.SkyAtmosphere.FastSkyLUT:1]]
[2020.11.18-12.45.46:575][  0]LogConfig: Setting CVar [[r.SkyAtmosphere.FastSkyLUT.SampleCountMin:4.0]]
[2020.11.18-12.45.46:575][  0]LogConfig: Setting CVar [[r.SkyAtmosphere.FastSkyLUT.SampleCountMax:32.0]]
[2020.11.18-12.45.46:575][  0]LogConfig: Setting CVar [[r.SkyAtmosphere.SampleCountMin:4.0]]
[2020.11.18-12.45.46:575][  0]LogConfig: Setting CVar [[r.SkyAtmosphere.SampleCountMax:32.0]]
[2020.11.18-12.45.46:575][  0]LogConfig: Setting CVar [[r.SkyAtmosphere.TransmittanceLUT.UseSmallFormat:0]]
[2020.11.18-12.45.46:575][  0]LogConfig: Setting CVar [[r.SkyAtmosphere.TransmittanceLUT.SampleCount:10.0]]
[2020.11.18-12.45.46:575][  0]LogConfig: Setting CVar [[r.SkyAtmosphere.MultiScatteringLUT.SampleCount:15.0]]
[2020.11.18-12.45.46:575][  0]LogConfig: Applying CVar settings from Section [FoliageQuality@3] File [D:/Users/h017026h/Documents/GitKraken/-raisethegamejam-2020/RaiseTheGameJame2020/Saved/Config/Windows/Scalability.ini]
[2020.11.18-12.45.46:575][  0]LogConfig: Setting CVar [[foliage.DensityScale:1.0]]
[2020.11.18-12.45.46:575][  0]LogConfig: Setting CVar [[grass.DensityScale:1.0]]
[2020.11.18-12.45.46:576][  0]LogConfig: Applying CVar settings from Section [ShadingQuality@3] File [D:/Users/h017026h/Documents/GitKraken/-raisethegamejam-2020/RaiseTheGameJame2020/Saved/Config/Windows/Scalability.ini]
[2020.11.18-12.45.46:576][  0]LogConfig: Setting CVar [[r.HairStrands.SkyLighting.SampleCount:16]]
[2020.11.18-12.45.46:576][  0]LogConfig: Setting CVar [[r.HairStrands.SkyLighting.JitterIntegration:0]]
[2020.11.18-12.45.46:576][  0]LogConfig: Setting CVar [[r.HairStrands.SkyAO.SampleCount:16]]
[2020.11.18-12.45.46:576][  0]LogConfig: Setting CVar [[r.HairStrands.DeepShadow.SuperSampling:0]]
[2020.11.18-12.45.46:576][  0]LogConfig: Setting CVar [[r.HairStrands.VisibilityPPLL:0]]
[2020.11.18-12.45.46:576][  0]LogConfig: Setting CVar [[r.HairStrands.RasterizationScale:0.5]]
[2020.11.18-12.45.46:576][  0]LogConfig: Setting CVar [[r.HairStrands.VelocityRasterizationScale:1]]
[2020.11.18-12.45.46:576][  0]LogConfig: Applying CVar settings from Section [Startup] File [../../../Engine/Config/ConsoleVariables.ini]
[2020.11.18-12.45.46:595][  0]LogConfig: Setting CVar [[net.UseAdaptiveNetUpdateFrequency:0]]
[2020.11.18-12.45.46:595][  0]LogConfig: Setting CVar [[p.chaos.AllowCreatePhysxBodies:1]]
[2020.11.18-12.45.46:596][  0]LogConfig: Setting CVar [[fx.SkipVectorVMBackendOptimizations:1]]
[2020.11.18-12.45.46:596][  0]LogConfig: Applying CVar settings from Section [ConsoleVariables] File [D:/Users/h017026h/Documents/GitKraken/-raisethegamejam-2020/RaiseTheGameJame2020/Saved/Config/Windows/Engine.ini]
[2020.11.18-12.45.46:596][  0]LogInit: Computer: DESKTOP-D8L6EI8
[2020.11.18-12.45.46:596][  0]LogInit: User: h017026h
[2020.11.18-12.45.46:596][  0]LogInit: CPU Page size=4096, Cores=6
[2020.11.18-12.45.46:596][  0]LogInit: High frequency timer resolution =10.000000 MHz
[2020.11.18-12.45.46:596][  0]LogMemory: Memory total: Physical=16.0GB (16GB approx)
[2020.11.18-12.45.46:596][  0]LogMemory: Platform Memory Stats for Windows
[2020.11.18-12.45.46:596][  0]LogMemory: Process Physical Memory: 115.79 MB used, 115.79 MB peak
[2020.11.18-12.45.46:597][  0]LogMemory: Process Virtual Memory: 105.54 MB used, 105.54 MB peak
[2020.11.18-12.45.46:597][  0]LogMemory: Physical Memory: 13755.65 MB used,  2581.68 MB free, 16337.33 MB total
[2020.11.18-12.45.46:597][  0]LogMemory: Virtual Memory: 5173.71 MB used,  134212552.00 MB free, 134217728.00 MB total
[2020.11.18-12.45.46:629][  0]LogWindows: WindowsPlatformFeatures enabled
[2020.11.18-12.45.50:896][  0]LogInit: Physics initialised using underlying interface: PhysX
[2020.11.18-12.45.50:917][  0]LogInit: Using OS detected language (en-GB).
[2020.11.18-12.45.50:917][  0]LogInit: Using OS detected locale (en-GB).
[2020.11.18-12.45.50:975][  0]LogTextLocalizationManager: No specific localization for 'en-GB' exists, so the 'en' localization will be used.
[2020.11.18-12.45.51:367][  0]LogInit: Setting process to per monitor DPI aware
[2020.11.18-12.45.52:458][  0]LogSlate: New Slate User Created.  User Index 0, Is Virtual User: 0
[2020.11.18-12.45.52:458][  0]LogSlate: Slate User Registered.  User Index 0, Is Virtual User: 0
[2020.11.18-12.45.53:028][  0]LogHMD: Failed to initialize OpenVR with code 110
[2020.11.18-12.45.53:028][  0]LogD3D11RHI: D3D11 min allowed feature level: 11_0
[2020.11.18-12.45.53:029][  0]LogD3D11RHI: D3D11 max allowed feature level: 11_0
[2020.11.18-12.45.53:029][  0]LogD3D11RHI: D3D11 adapters:
[2020.11.18-12.45.54:914][  0]LogD3D11RHI:    0. 'NVIDIA GeForce RTX 2080' (Feature Level 11_0)
[2020.11.18-12.45.54:914][  0]LogD3D11RHI:       8010/0/8168 MB DedicatedVideo/DedicatedSystem/SharedSystem, Outputs:2, VendorId:0x10de
[2020.11.18-12.45.54:952][  0]LogD3D11RHI:    1. 'Microsoft Basic Render Driver' (Feature Level 11_0)
[2020.11.18-12.45.54:952][  0]LogD3D11RHI:       0/0/8168 MB DedicatedVideo/DedicatedSystem/SharedSystem, Outputs:0, VendorId:0x1414
[2020.11.18-12.45.54:952][  0]LogD3D11RHI: Chosen D3D11 Adapter: 0
[2020.11.18-12.45.54:964][  0]LogD3D11RHI: Creating new Direct3DDevice
[2020.11.18-12.45.54:964][  0]LogD3D11RHI:     GPU DeviceId: 0x1e87 (for the marketing name, search the web for "GPU Device Id")
[2020.11.18-12.45.54:964][  0]LogWindows: EnumDisplayDevices:
[2020.11.18-12.45.54:965][  0]LogWindows:    0. 'NVIDIA GeForce RTX 2080' (P:1 D:1)
[2020.11.18-12.45.54:965][  0]LogWindows:    1. 'NVIDIA GeForce RTX 2080' (P:0 D:1)
[2020.11.18-12.45.54:965][  0]LogWindows:    2. 'NVIDIA GeForce RTX 2080' (P:0 D:0)
[2020.11.18-12.45.54:965][  0]LogWindows:    3. 'NVIDIA GeForce RTX 2080' (P:0 D:0)
[2020.11.18-12.45.54:966][  0]LogWindows: DebugString: FoundDriverCount:4 
[2020.11.18-12.45.54:966][  0]LogD3D11RHI:     Adapter Name: NVIDIA GeForce RTX 2080
[2020.11.18-12.45.54:966][  0]LogD3D11RHI:   Driver Version: 457.30 (internal:27.21.14.5730, unified:457.30)
[2020.11.18-12.45.54:966][  0]LogD3D11RHI:      Driver Date: 11-6-2020
[2020.11.18-12.45.54:966][  0]LogRHI: Texture pool is 5607 MB (70% of 8010 MB)
[2020.11.18-12.45.55:031][  0]LogD3D11RHI: RHI has support for 64 bit atomics
[2020.11.18-12.45.55:032][  0]LogD3D11RHI: Async texture creation enabled
[2020.11.18-12.45.55:032][  0]LogD3D11RHI: Array index from any shader is supported
[2020.11.18-12.45.55:076][  0]LogD3D11RHI: GPU Timing Frequency: 1000.000000 (Debug: 2 1)
[2020.11.18-12.45.55:883][  0]LogTargetPlatformManager: Display: Loaded TargetPlatform 'AllDesktop'
[2020.11.18-12.45.56:455][  0]LogTargetPlatformManager: Display: Loaded TargetPlatform 'Android'
[2020.11.18-12.45.56:455][  0]LogTargetPlatformManager: Display: Loaded TargetPlatform 'Android_ASTC'
[2020.11.18-12.45.56:455][  0]LogTargetPlatformManager: Display: Loaded TargetPlatform 'Android_DXT'
[2020.11.18-12.45.56:455][  0]LogTargetPlatformManager: Display: Loaded TargetPlatform 'Android_ETC2'
[2020.11.18-12.45.56:456][  0]LogTargetPlatformManager: Display: Loaded TargetPlatform 'AndroidClient'
[2020.11.18-12.45.56:456][  0]LogTargetPlatformManager: Display: Loaded TargetPlatform 'Android_ASTCClient'
[2020.11.18-12.45.56:456][  0]LogTargetPlatformManager: Display: Loaded TargetPlatform 'Android_DXTClient'
[2020.11.18-12.45.56:456][  0]LogTargetPlatformManager: Display: Loaded TargetPlatform 'Android_ETC2Client'
[2020.11.18-12.45.56:456][  0]LogTargetPlatformManager: Display: Loaded TargetPlatform 'Android_Multi'
[2020.11.18-12.45.56:456][  0]LogTargetPlatformManager: Display: Loaded TargetPlatform 'Android_MultiClient'
[2020.11.18-12.45.56:499][  0]LogTargetPlatformManager: Display: Loaded TargetPlatform 'IOSClient'
[2020.11.18-12.45.56:499][  0]LogTargetPlatformManager: Display: Loaded TargetPlatform 'IOS'
[2020.11.18-12.45.56:523][  0]LogTargetPlatformManager: Display: Loaded TargetPlatform 'Linux'
[2020.11.18-12.45.56:545][  0]LogTargetPlatformManager: Display: Loaded TargetPlatform 'LinuxNoEditor'
[2020.11.18-12.45.56:562][  0]LogTargetPlatformManager: Display: Loaded TargetPlatform 'LinuxClient'
[2020.11.18-12.45.56:574][  0]LogTargetPlatformManager: Display: Loaded TargetPlatform 'LinuxServer'
[2020.11.18-12.45.56:602][  0]LogTargetPlatformManager: Display: Loaded TargetPlatform 'LinuxAArch64NoEditor'
[2020.11.18-12.45.56:627][  0]LogTargetPlatformManager: Display: Loaded TargetPlatform 'LinuxAArch64Client'
[2020.11.18-12.45.56:648][  0]LogTargetPlatformManager: Display: Loaded TargetPlatform 'LinuxAArch64Server'
[2020.11.18-12.45.56:689][  0]LogTargetPlatformManager: Display: Loaded TargetPlatform 'Lumin'
[2020.11.18-12.45.56:689][  0]LogTargetPlatformManager: Display: Loaded TargetPlatform 'LuminClient'
[2020.11.18-12.45.56:708][  0]LogTargetPlatformManager: Display: Loaded TargetPlatform 'TVOSClient'
[2020.11.18-12.45.56:709][  0]LogTargetPlatformManager: Display: Loaded TargetPlatform 'TVOS'
[2020.11.18-12.45.56:729][  0]LogTargetPlatformManager: Display: Loaded TargetPlatform 'WindowsNoEditor'
[2020.11.18-12.45.56:740][  0]LogTargetPlatformManager: Display: Loaded TargetPlatform 'Windows'
[2020.11.18-12.45.56:753][  0]LogTargetPlatformManager: Display: Loaded TargetPlatform 'WindowsClient'
[2020.11.18-12.45.56:762][  0]LogTargetPlatformManager: Display: Loaded TargetPlatform 'WindowsServer'
[2020.11.18-12.45.56:762][  0]LogTargetPlatformManager: Display: Building Assets For Windows
[2020.11.18-12.45.56:810][  0]LogAudioDebug: Display: Lib vorbis DLL was dynamically loaded.
[2020.11.18-12.45.57:049][  0]LogShaderCompilers: Guid format shader working directory is -44 characters bigger than the processId version (../../../../../Users/h017026h/Documents/GitKraken/-raisethegamejam-2020/RaiseTheGameJame2020/Intermediate/Shaders/WorkingDirectory/28944/).
[2020.11.18-12.45.57:049][  0]LogShaderCompilers: Cleaned the shader compiler working directory 'C:/Users/h017026h/AppData/Local/Temp/UnrealShaderWorkingDir/FAD72B40483D12FDDAC6808201A9D1D7/'.
[2020.11.18-12.45.57:067][  0]LogXGEController: Cleaning working directory: C:/Users/h017026h/AppData/Local/Temp/UnrealXGEWorkingDir/
[2020.11.18-12.45.57:068][  0]LogXGEController: Cannot use XGE Controller as Incredibuild is not installed on this machine.
[2020.11.18-12.45.57:068][  0]LogShaderCompilers: Cannot use XGE Shader Compiler as Incredibuild is not installed on this machine.
[2020.11.18-12.45.57:068][  0]LogShaderCompilers: Display: Using Local Shader Compiler.
[2020.11.18-12.45.58:615][  0]LogDerivedDataCache: Display: Max Cache Size: 512 MB
[2020.11.18-12.45.58:824][  0]LogDerivedDataCache: Loaded boot cache 0.21s 79MB C:/Users/h017026h/AppData/Local/UnrealEngine/4.25/DerivedDataCache/Boot.ddc.
[2020.11.18-12.45.58:824][  0]LogDerivedDataCache: Display: Loaded Boot cache: C:/Users/h017026h/AppData/Local/UnrealEngine/4.25/DerivedDataCache/Boot.ddc
[2020.11.18-12.45.58:824][  0]LogDerivedDataCache: FDerivedDataBackendGraph:  Pak pak cache file ../../../../../Users/h017026h/Documents/GitKraken/-raisethegamejam-2020/RaiseTheGameJame2020/DerivedDataCache/DDC.ddp not found, will not use a pak cache.
[2020.11.18-12.45.58:824][  0]LogDerivedDataCache: Unable to find inner node Pak for hierarchical cache Hierarchy.
[2020.11.18-12.45.58:825][  0]LogDerivedDataCache: FDerivedDataBackendGraph:  CompressedPak pak cache file ../../../../../Users/h017026h/Documents/GitKraken/-raisethegamejam-2020/RaiseTheGameJame2020/DerivedDataCache/Compressed.ddp not found, will not use a pak cache.
[2020.11.18-12.45.58:825][  0]LogDerivedDataCache: Unable to find inner node CompressedPak for hierarchical cache Hierarchy.
[2020.11.18-12.45.58:835][  0]LogDerivedDataCache: Display: Pak cache opened for reading ../../../Engine/DerivedDataCache/Compressed.ddp.
[2020.11.18-12.45.58:835][  0]LogDerivedDataCache: FDerivedDataBackendGraph:  EnterprisePak pak cache file ../../../Enterprise/DerivedDataCache/Compressed.ddp not found, will not use a pak cache.
[2020.11.18-12.45.58:835][  0]LogDerivedDataCache: Unable to find inner node EnterprisePak for hierarchical cache Hierarchy.
[2020.11.18-12.45.58:838][  0]LogDerivedDataCache: Using Local data cache path C:/Users/h017026h/AppData/Local/UnrealEngine/Common/DerivedDataCache: Writable
[2020.11.18-12.45.58:838][  0]LogDerivedDataCache: Shared data cache path not found in *engine.ini, will not use an Shared cache.
[2020.11.18-12.45.58:838][  0]LogDerivedDataCache: Unable to find inner node Shared for hierarchical cache Hierarchy.
[2020.11.18-12.45.58:884][  0]LogSlate: Using FreeType 2.10.0
[2020.11.18-12.45.58:931][  0]LogSlate: SlateFontServices - WITH_FREETYPE: 1, WITH_HARFBUZZ: 1
[2020.11.18-12.45.59:102][  0]LogAssetRegistry: FAssetRegistry took 0.0053 seconds to start up
[2020.11.18-12.45.59:406][  0]LogInit: Selected Device Profile: [Windows]
[2020.11.18-12.45.59:729][  0]LogMeshReduction: Using QuadricMeshReduction for automatic static mesh reduction
[2020.11.18-12.45.59:729][  0]LogMeshReduction: Using SimplygonMeshReduction for automatic skeletal mesh reduction
[2020.11.18-12.45.59:730][  0]LogMeshReduction: Using ProxyLODMeshReduction for automatic mesh merging
[2020.11.18-12.45.59:730][  0]LogMeshReduction: No distributed automatic mesh merging module available
[2020.11.18-12.45.59:730][  0]LogMeshMerging: No distributed automatic mesh merging module available
[2020.11.18-12.45.59:753][  0]LogNetVersion: RaiseTheGameJame2020 1.0.0, NetCL: 13144385, EngineNetVer: 14, GameNetVer: 0 (Checksum: 1455622770)
[2020.11.18-12.46.01:940][  0]LogAISub: UAISubsystem::UAISubsystem AISubsystem (000001B45A57E980), frame # 0
[2020.11.18-12.46.01:940][  0]LogAISub: UAISubsystem::UAISubsystem AIPerceptionSystem (000001B45B23DE40), frame # 0
[2020.11.18-12.46.01:941][  0]LogAISub: UAISubsystem::UAISubsystem EnvQueryManager (000001B45B3F9C00), frame # 0
[2020.11.18-12.46.02:030][  0]LogPackageLocalizationCache: Processed 19 localized package path(s) for 1 prioritized culture(s) in 0.069273 seconds
[2020.11.18-12.46.02:036][  0]LogUObjectArray: 15917 objects as part of root set at end of initial load.
[2020.11.18-12.46.02:036][  0]LogUObjectAllocator: 3965568 out of 0 bytes used by permanent object pool.
[2020.11.18-12.46.02:036][  0]LogUObjectArray: CloseDisregardForGC: 0/0 objects in disregard for GC pool
[2020.11.18-12.46.04:927][  0]LogTcpMessaging: Initializing TcpMessaging bridge
[2020.11.18-12.46.04:943][  0]LogUdpMessaging: Initializing bridge on interface 0.0.0.0:0 to multicast group 230.0.0.1:6666.
[2020.11.18-12.46.06:190][  0]SourceControl: Source control is disabled
[2020.11.18-12.46.06:190][  0]SourceControl: Source control is disabled
[2020.11.18-12.46.06:295][  0]SourceControl: Source control is disabled
[2020.11.18-12.46.06:351][  0]SourceControl: Source control is disabled
[2020.11.18-12.46.06:409][  0]SourceControl: Source control is disabled
[2020.11.18-12.46.08:289][  0]LogAndroidPermission: UAndroidPermissionCallbackProxy::GetInstance
[2020.11.18-12.46.08:379][  0]LogAudioCaptureCore: Display: No Audio Capture implementations found. Audio input will be silent.
[2020.11.18-12.46.08:379][  0]LogAudioCaptureCore: Display: No Audio Capture implementations found. Audio input will be silent.
[2020.11.18-12.46.08:540][  0]LogOcInput: OculusInput pre-init called
[2020.11.18-12.46.08:631][  0]LogWindows: Failed to load 'OVRPlugin.dll' (GetLastError=126)
[2020.11.18-12.46.08:631][  0]LogWindows: File 'OVRPlugin.dll' does not exist
[2020.11.18-12.46.09:013][  0]LogEngine: Initializing Engine...
[2020.11.18-12.46.09:015][  0]LogHMD: Failed to initialize OpenVR with code 110
[2020.11.18-12.46.09:015][  0]LogMagicLeap: Warning: VR disabled because ZI is not enabled.  To enable, in the editor, Edit -> Project Settings -> Plugins -> Magic Leap Plugin -> Enable Zero Iteration
[2020.11.18-12.46.09:018][  0]LogStats: UGameplayTagsManager::InitializeManager -  0.002 s
[2020.11.18-12.46.09:412][  0]LogInit: Initializing FReadOnlyCVARCache
[2020.11.18-12.46.09:486][  0]LogAIModule: Creating AISystem for world Untitled
[2020.11.18-12.46.09:487][  0]LogAISub: UAISubsystem::UAISubsystem EnvQueryManager (000001B45FF59A00), frame # 0
[2020.11.18-12.46.09:487][  0]LogAISub: UAISubsystem::UAISubsystem AIPerceptionSystem (000001B45FFA4B80), frame # 0
[2020.11.18-12.46.09:513][  0]LogAudioMixer: Display: Audio Mixer Platform Settings:
[2020.11.18-12.46.09:513][  0]LogAudioMixer: Display: 	Sample Rate:						  48000
[2020.11.18-12.46.09:513][  0]LogAudioMixer: Display: 	Callback Buffer Frame Size Requested: 1024
[2020.11.18-12.46.09:513][  0]LogAudioMixer: Display: 	Callback Buffer Frame Size To Use:	  1024
[2020.11.18-12.46.09:513][  0]LogAudioMixer: Display: 	Number of buffers to queue:			  2
[2020.11.18-12.46.09:514][  0]LogAudioMixer: Display: 	Max Channels (voices):				  32
[2020.11.18-12.46.09:514][  0]LogAudioMixer: Display: 	Number of Async Source Workers:		  0
[2020.11.18-12.46.09:514][  0]LogAudio: Display: AudioDevice MaxSources: 32
[2020.11.18-12.46.09:514][  0]LogAudio: Display: Using built-in audio occlusion.
[2020.11.18-12.46.09:514][  0]LogAudioMixer: Display: Initializing audio mixer.
[2020.11.18-12.46.09:588][  0]LogAudioMixer: Display: 0: FrontLeft
[2020.11.18-12.46.09:589][  0]LogAudioMixer: Display: 1: FrontRight
[2020.11.18-12.46.09:589][  0]LogAudioMixer: Display: 2: FrontCenter
[2020.11.18-12.46.09:589][  0]LogAudioMixer: Display: 3: LowFrequency
[2020.11.18-12.46.09:589][  0]LogAudioMixer: Display: 4: BackLeft
[2020.11.18-12.46.09:589][  0]LogAudioMixer: Display: 5: BackRight
[2020.11.18-12.46.09:589][  0]LogAudioMixer: Display: 6: SideLeft
[2020.11.18-12.46.09:589][  0]LogAudioMixer: Display: 7: SideRight
[2020.11.18-12.46.09:765][  0]LogAudioMixer: Display: Using Audio Device Headset Earphone (CORSAIR HS70 PRO Wireless Gaming Headset)
[2020.11.18-12.46.09:766][  0]LogAudioMixer: Display: Initializing Sound Submixes...
[2020.11.18-12.46.09:795][  0]LogAudioMixer: Display: Creating Master Submix 'MasterSubmixDefault'
[2020.11.18-12.46.09:795][  0]LogAudioMixer: Display: Creating Master Submix 'MasterReverbSubmixDefault'
[2020.11.18-12.46.09:796][  0]LogAudioMixer: Display: Creating Master Submix 'MasterEQSubmixDefault'
[2020.11.18-12.46.09:798][  0]LogInit: FAudioDevice initialized.
[2020.11.18-12.46.09:799][  0]LogNetVersion: Set ProjectVersion to 1.0.0.0. Version Checksum will be recalculated on next use.
[2020.11.18-12.46.09:871][  0]LogDerivedDataCache: Saved boot cache 0.07s 79MB C:/Users/h017026h/AppData/Local/UnrealEngine/4.25/DerivedDataCache/Boot.ddc.
[2020.11.18-12.46.09:881][  0]LogInit: Texture streaming: Enabled
[2020.11.18-12.46.09:940][  0]LogEngineSessionManager: EngineSessionManager initialized
[2020.11.18-12.46.09:940][  0]LogEditorSessionSummary: Verbose: Initializing EditorSessionSummaryWriter for editor session tracking
[2020.11.18-12.46.09:948][  0]LogEditorSessionSummary: EditorSessionSummaryWriter initialized
[2020.11.18-12.46.10:090][  0]LogInit: Transaction tracking system initialized
[2020.11.18-12.46.10:655][  0]BlueprintLog: New page: Editor Load
[2020.11.18-12.46.11:847][  0]LocalizationService: Localization service is disabled
[2020.11.18-12.46.12:976][  0]LogCook: Display: Max memory allowance for cook 16384mb min free memory 0mb
[2020.11.18-12.46.12:976][  0]LogCook: Display: Mobile HDR setting 1
[2020.11.18-12.46.13:757][  0]LogFileCache: Scanning file cache for directory 'D:/Users/h017026h/Documents/GitKraken/-raisethegamejam-2020/RaiseTheGameJame2020/Content/' took 0.00s
[2020.11.18-12.46.14:582][  0]SourceControl: Source control is disabled
[2020.11.18-12.46.14:582][  0]LogUnrealEdMisc: Loading editor; pre map load, took 55.771
[2020.11.18-12.46.14:587][  0]LightingResults: New page: Lighting Build
[2020.11.18-12.46.14:593][  0]LogWorld: UWorld::CleanupWorld for Untitled, bSessionEnded=true, bCleanupResources=true
[2020.11.18-12.46.14:593][  0]LogSlate: InvalidateAllWidgets triggered.  All widgets were invalidated
[2020.11.18-12.46.14:593][  0]MapCheck: New page: Map Check
[2020.11.18-12.46.14:594][  0]LightingResults: New page: Lighting Build
[2020.11.18-12.46.14:638][  0]LogAISub: UAISubsystem::~UAISubsystem EnvQueryManager (000001B45FF59A00), frame # 0
[2020.11.18-12.46.14:638][  0]LogAISub: UAISubsystem::~UAISubsystem AIPerceptionSystem (000001B45FFA4B80), frame # 0
[2020.11.18-12.46.14:639][  0]LogUObjectHash: Compacting FUObjectHashTables data took   0.63ms
[2020.11.18-12.46.15:090][  0]LogAIModule: Creating AISystem for world ThirdPersonExampleMap
[2020.11.18-12.46.15:090][  0]LogAISub: UAISubsystem::UAISubsystem EnvQueryManager (000001B4600A7E00), frame # 0
[2020.11.18-12.46.15:090][  0]LogAISub: UAISubsystem::UAISubsystem AIPerceptionSystem (000001B45C857880), frame # 0
[2020.11.18-12.46.15:151][  0]LogEditorServer: Finished looking for orphan Actors (0.000 secs)
[2020.11.18-12.46.15:181][  0]LogUObjectHash: Compacting FUObjectHashTables data took   0.73ms
[2020.11.18-12.46.15:182][  0]Cmd: MAP CHECKDEP NOCLEARLOG
[2020.11.18-12.46.15:182][  0]MapCheck: Map check complete: 0 Error(s), 0 Warning(s), took 0.204ms to complete.
[2020.11.18-12.46.15:183][  0]LogFileHelpers: Loading map 'ThirdPersonExampleMap' took 0.601
[2020.11.18-12.46.15:722][  0]LogUnrealEdMisc: Total Editor Startup Time, took 56.911
[2020.11.18-12.46.15:928][  0]LogSlate: Updating window title bar state: overlay mode, drag disabled, window buttons hidden, title bar hidden
[2020.11.18-12.46.15:934][  0]LogSlate: Updating window title bar state: overlay mode, drag disabled, window buttons hidden, title bar hidden
[2020.11.18-12.46.15:941][  0]LogSlate: Updating window title bar state: overlay mode, drag disabled, window buttons hidden, title bar hidden
[2020.11.18-12.46.15:947][  0]LogSlate: Updating window title bar state: overlay mode, drag disabled, window buttons hidden, title bar hidden
[2020.11.18-12.46.16:029][  0]LogCollectionManager: Loaded 0 collections in 0.001335 seconds
[2020.11.18-12.46.16:101][  0]LogFileCache: Scanning file cache for directory 'D:/Users/h017026h/Documents/GitKraken/-raisethegamejam-2020/RaiseTheGameJame2020/Saved/Collections/' took 0.00s
[2020.11.18-12.46.16:101][  0]LogFileCache: Scanning file cache for directory 'D:/Users/h017026h/Documents/GitKraken/-raisethegamejam-2020/RaiseTheGameJame2020/Content/Developers/h017026h/Collections/' took 0.00s
[2020.11.18-12.46.16:101][  0]LogFileCache: Scanning file cache for directory 'D:/Users/h017026h/Documents/GitKraken/-raisethegamejam-2020/RaiseTheGameJame2020/Content/Collections/' took 0.00s
[2020.11.18-12.46.16:101][  0]LogContentBrowser: Native class hierarchy populated in 0.0088 seconds. Added 3430 classes and 824 folders.
[2020.11.18-12.46.16:186][  0]LogContentBrowser: Native class hierarchy updated for 'WidgetCarousel' in 0.0005 seconds. Added 0 classes and 0 folders.
[2020.11.18-12.46.16:759][  0]LogContentBrowser: Native class hierarchy updated for 'AddContentDialog' in 0.0005 seconds. Added 0 classes and 0 folders.
[2020.11.18-12.46.16:791][  0]LogContentBrowser: Native class hierarchy updated for 'SceneOutliner' in 0.0006 seconds. Added 2 classes and 0 folders.
[2020.11.18-12.46.17:282][  0]LogSlate: Took 0.011847 seconds to synchronously load lazily loaded font '../../../Engine/Content/Slate/Fonts/Roboto-Regular.ttf' (155K)
[2020.11.18-12.46.17:301][  0]LogSlate: Took 0.017034 seconds to synchronously load lazily loaded font '../../../Engine/Content/Slate/Fonts/Roboto-Bold.ttf' (160K)
[2020.11.18-12.46.17:312][  0]LogSlate: Took 0.007420 seconds to synchronously load lazily loaded font '../../../Engine/Content/Editor/Slate/Fonts/FontAwesome.ttf' (139K)
[2020.11.18-12.46.17:432][  0]LogRenderer: Reallocating scene render targets to support 1208x572 Format 10 NumSamples 1 (Frame:1).
[2020.11.18-12.46.17:524][  0]LogSlate: Took 0.001556 seconds to synchronously load lazily loaded font '../../../Engine/Content/Slate/Fonts/Roboto-Light.ttf' (167K)
[2020.11.18-12.46.17:711][  0]LogContentBrowser: Native class hierarchy updated for 'HierarchicalLODOutliner' in 0.0005 seconds. Added 0 classes and 0 folders.
[2020.11.18-12.46.17:711][  0]LogLoad: (Engine Initialization) Total time: 58.90 seconds
[2020.11.18-12.46.17:711][  0]LogLoad: (Engine Initialization) Total Blueprint compile time: 0.00 seconds
[2020.11.18-12.46.17:787][  0]LogAssetRegistry: Asset discovery search completed in 18.6890 seconds
[2020.11.18-12.46.17:790][  0]LogCollectionManager: Fixed up redirectors for 0 collections in 0.000002 seconds (updated 0 objects)
[2020.11.18-12.46.17:803][  0]LogContentStreaming: Texture pool size now 1000 MB
[2020.11.18-12.46.26:958][ 32]LogSlate: Took 0.000178 seconds to synchronously load lazily loaded font '../../../Engine/Content/Slate/Fonts/Roboto-Light.ttf' (167K)
[2020.11.18-12.46.26:978][ 32]LogAssetEditorSubsystem: Opening Asset editor for Class /Script/RaiseTheGameJame2020.PlayerAttackComponent
[2020.11.18-12.46.27:153][ 32]LogVSAccessor: Warning: Couldn't goto line number '1' in 'D:/Users/h017026h/Documents/GitKraken/-raisethegamejam-2020/RaiseTheGameJame2020/Source/RaiseTheGameJame2020/Public/PlayerAttackComponent.h'
[2020.11.18-13.13.05:711][125]Candidate modules for hot reload:
[2020.11.18-13.13.05:711][125]  RaiseTheGameJame2020
[2020.11.18-13.13.05:711][125]Launching UnrealBuildTool... [D:/Program Files (x86)/UE_4.25/Engine/Binaries/DotNET/UnrealBuildTool.exe  -ModuleWithSuffix=RaiseTheGameJame2020,8521 RaiseTheGameJame2020Editor Win64 Development -Project="D:/Users/h017026h/Documents/GitKraken/-raisethegamejam-2020/RaiseTheGameJame2020/RaiseTheGameJame2020.uproject" "D:/Users/h017026h/Documents/GitKraken/-raisethegamejam-2020/RaiseTheGameJame2020/RaiseTheGameJame2020.uproject"  -IgnoreJunk]
[2020.11.18-13.13.05:734][125]Warning: Starting HotReload took  0.2s.
[2020.11.18-13.13.23:207][114]CompilerResultsLog: New page: Compilation - 18 Nov 2020, 13:13:23
[2020.11.18-13.13.23:217][114]CompilerResultsLog: Using 'git status' to determine working set for adaptive non-unity build (D:\Users\h017026h\Documents\GitKraken\-raisethegamejam-2020).
[2020.11.18-13.13.23:217][114]CompilerResultsLog: Parsing headers for RaiseTheGameJame2020Editor
[2020.11.18-13.13.23:217][114]CompilerResultsLog:   Running UnrealHeaderTool "D:\Users\h017026h\Documents\GitKraken\-raisethegamejam-2020\RaiseTheGameJame2020\RaiseTheGameJame2020.uproject" "D:\Users\h017026h\Documents\GitKraken\-raisethegamejam-2020\RaiseTheGameJame2020\Intermediate\Build\Win64\RaiseTheGameJame2020Editor\Development\RaiseTheGameJame2020Editor.uhtmanifest" -LogCmds="loginit warning, logexit warning, logdatabase error" -Unattended -WarningsAsErrors -abslog="C:\Users\h017026h\AppData\Local\UnrealBuildTool\Log_UHT.txt" -installed
[2020.11.18-13.13.23:217][114]CompilerResultsLog: Error: D:/Users/h017026h/Documents/GitKraken/-raisethegamejam-2020/RaiseTheGameJame2020/Source/RaiseTheGameJame2020/Public/PlayerAttackComponent.h(8) : Error: #include found after .generated.h file - the .generated.h file should always be the last #include in a header
[2020.11.18-13.13.23:217][114]LogMainFrame: MainFrame: Module compiling took 17.604 seconds
[2020.11.18-13.13.23:230][114]Warning: HotReload failed, recompile failed
[2020.11.18-13.13.26:200][447]LogSlate: Took 0.031555 seconds to synchronously load lazily loaded font '../../../Engine/Content/Slate/Fonts/DroidSansMono.ttf' (77K)
[2020.11.18-13.13.48:587][762]Candidate modules for hot reload:
[2020.11.18-13.13.48:587][762]  RaiseTheGameJame2020
[2020.11.18-13.13.48:587][762]Launching UnrealBuildTool... [D:/Program Files (x86)/UE_4.25/Engine/Binaries/DotNET/UnrealBuildTool.exe  -ModuleWithSuffix=RaiseTheGameJame2020,7590 RaiseTheGameJame2020Editor Win64 Development -Project="D:/Users/h017026h/Documents/GitKraken/-raisethegamejam-2020/RaiseTheGameJame2020/RaiseTheGameJame2020.uproject" "D:/Users/h017026h/Documents/GitKraken/-raisethegamejam-2020/RaiseTheGameJame2020/RaiseTheGameJame2020.uproject"  -IgnoreJunk]
[2020.11.18-13.13.48:590][762]Warning: Starting HotReload took  0.0s.
[2020.11.18-13.16.45:684][ 56]CompilerResultsLog: New page: Compilation - 18 Nov 2020, 13:16:45
[2020.11.18-13.16.45:684][ 56]CompilerResultsLog: Using 'git status' to determine working set for adaptive non-unity build (D:\Users\h017026h\Documents\GitKraken\-raisethegamejam-2020).
[2020.11.18-13.16.45:684][ 56]CompilerResultsLog: Parsing headers for RaiseTheGameJame2020Editor
[2020.11.18-13.16.45:684][ 56]CompilerResultsLog:   Running UnrealHeaderTool "D:\Users\h017026h\Documents\GitKraken\-raisethegamejam-2020\RaiseTheGameJame2020\RaiseTheGameJame2020.uproject" "D:\Users\h017026h\Documents\GitKraken\-raisethegamejam-2020\RaiseTheGameJame2020\Intermediate\Build\Win64\RaiseTheGameJame2020Editor\Development\RaiseTheGameJame2020Editor.uhtmanifest" -LogCmds="loginit warning, logexit warning, logdatabase error" -Unattended -WarningsAsErrors -abslog="C:\Users\h017026h\AppData\Local\UnrealBuildTool\Log_UHT.txt" -installed
[2020.11.18-13.16.45:685][ 56]CompilerResultsLog: Reflection code generated for RaiseTheGameJame2020Editor in 6.7434102 seconds
[2020.11.18-13.16.45:685][ 56]CompilerResultsLog: Building RaiseTheGameJame2020Editor...
[2020.11.18-13.16.45:685][ 56]CompilerResultsLog: Using Visual Studio 2019 14.27.29112 toolchain (C:\Program Files (x86)\Microsoft Visual Studio\2019\Community\VC\Tools\MSVC\14.27.29110) and Windows 10.0.18362.0 SDK (C:\Program Files (x86)\Windows Kits\10).
[2020.11.18-13.16.45:685][ 56]CompilerResultsLog: Building 5 actions with 12 processes...
[2020.11.18-13.16.45:685][ 56]LogMainFrame: MainFrame: Module compiling took 177.102 seconds
[2020.11.18-13.16.45:685][ 56]Warning: HotReload failed, recompile failed
[2020.11.18-13.16.48:230][346]LogSlate: Window 'Message Log' being destroyed
[2020.11.18-13.16.48:236][346]LogSlate: Window 'Message Log' being destroyed
[2020.11.18-13.16.49:061][433]Candidate modules for hot reload:
[2020.11.18-13.16.49:061][433]  RaiseTheGameJame2020
[2020.11.18-13.16.49:062][433]Launching UnrealBuildTool... [D:/Program Files (x86)/UE_4.25/Engine/Binaries/DotNET/UnrealBuildTool.exe  -ModuleWithSuffix=RaiseTheGameJame2020,7404 RaiseTheGameJame2020Editor Win64 Development -Project="D:/Users/h017026h/Documents/GitKraken/-raisethegamejam-2020/RaiseTheGameJame2020/RaiseTheGameJame2020.uproject" "D:/Users/h017026h/Documents/GitKraken/-raisethegamejam-2020/RaiseTheGameJame2020/RaiseTheGameJame2020.uproject"  -IgnoreJunk]
[2020.11.18-13.16.49:064][433]Warning: Starting HotReload took  0.0s.
[2020.11.18-13.17.43:105][833]CompilerResultsLog: New page: Compilation - 18 Nov 2020, 13:17:43
[2020.11.18-13.17.43:105][833]CompilerResultsLog: Using 'git status' to determine working set for adaptive non-unity build (D:\Users\h017026h\Documents\GitKraken\-raisethegamejam-2020).
[2020.11.18-13.17.43:105][833]CompilerResultsLog: Building RaiseTheGameJame2020Editor...
[2020.11.18-13.17.43:105][833]CompilerResultsLog: Using Visual Studio 2019 14.27.29112 toolchain (C:\Program Files (x86)\Microsoft Visual Studio\2019\Community\VC\Tools\MSVC\14.27.29110) and Windows 10.0.18362.0 SDK (C:\Program Files (x86)\Windows Kits\10).
[2020.11.18-13.17.43:105][833]CompilerResultsLog: Building 5 actions with 12 processes...
[2020.11.18-13.17.43:106][833]CompilerResultsLog:   [1/5] PlayerAttackComponent.cpp
[2020.11.18-13.17.43:106][833]CompilerResultsLog:   [2/5] PlayerAttackComponent.gen.cpp
[2020.11.18-13.17.43:106][833]CompilerResultsLog:   [3/5] UE4Editor-RaiseTheGameJame2020-7404.lib
[2020.11.18-13.17.43:106][833]CompilerResultsLog:      Creating library D:\Users\h017026h\Documents\GitKraken\-raisethegamejam-2020\RaiseTheGameJame2020\Intermediate\Build\Win64\UE4Editor\Development\RaiseTheGameJame2020\UE4Editor-RaiseTheGameJame2020-7404.lib and object D:\Users\h017026h\Documents\GitKraken\-raisethegamejam-2020\RaiseTheGameJame2020\Intermediate\Build\Win64\UE4Editor\Development\RaiseTheGameJame2020\UE4Editor-RaiseTheGameJame2020-7404.exp
[2020.11.18-13.17.43:106][833]CompilerResultsLog:   [4/5] UE4Editor-RaiseTheGameJame2020-7404.dll
[2020.11.18-13.17.43:106][833]CompilerResultsLog:      Creating library D:\Users\h017026h\Documents\GitKraken\-raisethegamejam-2020\RaiseTheGameJame2020\Intermediate\Build\Win64\UE4Editor\Development\RaiseTheGameJame2020\UE4Editor-RaiseTheGameJame2020-7404.suppressed.lib and object D:\Users\h017026h\Documents\GitKraken\-raisethegamejam-2020\RaiseTheGameJame2020\Intermediate\Build\Win64\UE4Editor\Development\RaiseTheGameJame2020\UE4Editor-RaiseTheGameJame2020-7404.suppressed.exp
[2020.11.18-13.17.43:106][833]CompilerResultsLog:   [5/5] RaiseTheGameJame2020Editor.target
[2020.11.18-13.17.43:106][833]CompilerResultsLog: Total time in Parallel executor: 52.99 seconds
[2020.11.18-13.17.43:106][833]CompilerResultsLog: Total execution time: 53.67 seconds
[2020.11.18-13.17.43:106][833]LogMainFrame: MainFrame: Module compiling took 54.049 seconds
[2020.11.18-13.17.43:151][833]LogClass: Could not find existing class PlayerAttackComponent in package /Script/RaiseTheGameJame2020 for HotReload, assuming new class
[2020.11.18-13.17.43:178][833]LogHotReload: Re-instancing PlayerAttackComponent after hot-reload.
[2020.11.18-13.17.43:240][833]LogContentBrowser: Native class hierarchy updated for 'RaiseTheGameJame2020' in 0.0011 seconds. Added 3 classes and 3 folders.
[2020.11.18-13.17.43:252][833]Display: HotReload successful (0 functions remapped  0 scriptstructs remapped)
[2020.11.18-13.17.43:675][833]LogContentBrowser: Native class hierarchy populated in 0.0089 seconds. Added 3430 classes and 824 folders.
[2020.11.18-13.17.43:687][833]Display: HotReload took 54.6s.
[2020.11.18-14.03.07:350][250]Candidate modules for hot reload:
[2020.11.18-14.03.07:351][250]  RaiseTheGameJame2020
[2020.11.18-14.03.07:351][250]Launching UnrealBuildTool... [D:/Program Files (x86)/UE_4.25/Engine/Binaries/DotNET/UnrealBuildTool.exe  -ModuleWithSuffix=RaiseTheGameJame2020,1911 RaiseTheGameJame2020Editor Win64 Development -Project="D:/Users/h017026h/Documents/GitKraken/-raisethegamejam-2020/RaiseTheGameJame2020/RaiseTheGameJame2020.uproject" "D:/Users/h017026h/Documents/GitKraken/-raisethegamejam-2020/RaiseTheGameJame2020/RaiseTheGameJame2020.uproject"  -IgnoreJunk]
[2020.11.18-14.03.07:411][250]Warning: Starting HotReload took  0.3s.
[2020.11.18-14.06.39:970][715]CompilerResultsLog: New page: Compilation - 18 Nov 2020, 14:06:39
[2020.11.18-14.06.39:971][715]CompilerResultsLog: Using 'git status' to determine working set for adaptive non-unity build (D:\Users\h017026h\Documents\GitKraken\-raisethegamejam-2020).
[2020.11.18-14.06.39:971][715]CompilerResultsLog: Parsing headers for RaiseTheGameJame2020Editor
[2020.11.18-14.06.39:971][715]CompilerResultsLog:   Running UnrealHeaderTool "D:\Users\h017026h\Documents\GitKraken\-raisethegamejam-2020\RaiseTheGameJame2020\RaiseTheGameJame2020.uproject" "D:\Users\h017026h\Documents\GitKraken\-raisethegamejam-2020\RaiseTheGameJame2020\Intermediate\Build\Win64\RaiseTheGameJame2020Editor\Development\RaiseTheGameJame2020Editor.uhtmanifest" -LogCmds="loginit warning, logexit warning, logdatabase error" -Unattended -WarningsAsErrors -abslog="C:\Users\h017026h\AppData\Local\UnrealBuildTool\Log_UHT.txt" -installed
[2020.11.18-14.06.39:971][715]CompilerResultsLog: Reflection code generated for RaiseTheGameJame2020Editor in 14.874303 seconds
[2020.11.18-14.06.39:971][715]CompilerResultsLog: Building RaiseTheGameJame2020Editor...
[2020.11.18-14.06.39:971][715]CompilerResultsLog: Using Visual Studio 2019 14.27.29112 toolchain (C:\Program Files (x86)\Microsoft Visual Studio\2019\Community\VC\Tools\MSVC\14.27.29110) and Windows 10.0.18362.0 SDK (C:\Program Files (x86)\Windows Kits\10).
[2020.11.18-14.06.39:972][715]CompilerResultsLog: Building 6 actions with 12 processes...
[2020.11.18-14.06.39:972][715]CompilerResultsLog:   [1/6] PlayerAttackComponent.cpp
[2020.11.18-14.06.39:972][715]CompilerResultsLog:    D:\Users\h017026h\Documents\GitKraken\-raisethegamejam-2020\RaiseTheGameJame2020\Source\RaiseTheGameJame2020\Public\PlayerAttackComponent.h(45) : error C2365: 'UPlayerAttackComponent::CanAttack': redefinition; previous definition was 'data member'
[2020.11.18-14.06.39:972][715]CompilerResultsLog:   D:\Users\h017026h\Documents\GitKraken\-raisethegamejam-2020\RaiseTheGameJame2020\Source\RaiseTheGameJame2020\Public\PlayerAttackComponent.h(30): note: see declaration of 'UPlayerAttackComponent::CanAttack'
[2020.11.18-14.06.39:972][715]CompilerResultsLog:    D:\Users\h017026h\Documents\GitKraken\-raisethegamejam-2020\RaiseTheGameJame2020\Source\RaiseTheGameJame2020\Public\PlayerAttackComponent.h(45) : error C2059: syntax error: 'return'
[2020.11.18-14.06.39:972][715]CompilerResultsLog:    D:\Users\h017026h\Documents\GitKraken\-raisethegamejam-2020\RaiseTheGameJame2020\Source\RaiseTheGameJame2020\Public\PlayerAttackComponent.h(45) : error C2238: unexpected token(s) preceding ';'
[2020.11.18-14.06.39:972][715]CompilerResultsLog:    D:\Users\h017026h\Documents\GitKraken\-raisethegamejam-2020\RaiseTheGameJame2020\Source\RaiseTheGameJame2020\Public\PlayerAttackComponent.h(48) : error C2628: 'UPlayerAttackComponent' followed by 'void' is illegal (did you forget a ';'?)
[2020.11.18-14.06.39:972][715]CompilerResultsLog:    D:\Users\h017026h\Documents\GitKraken\-raisethegamejam-2020\RaiseTheGameJame2020\Source\RaiseTheGameJame2020\Public\PlayerAttackComponent.h(54) : error C2059: syntax error: '}'
[2020.11.18-14.06.39:972][715]CompilerResultsLog:    D:\Users\h017026h\Documents\GitKraken\-raisethegamejam-2020\RaiseTheGameJame2020\Source\RaiseTheGameJame2020\Public\PlayerAttackComponent.h(54) : error C2143: syntax error: missing ';' before '}'
[2020.11.18-14.06.39:972][715]CompilerResultsLog:    D:\Users\h017026h\Documents\GitKraken\-raisethegamejam-2020\RaiseTheGameJame2020\Source\RaiseTheGameJame2020\Private\PlayerAttackComponent.cpp(62) : error C2039: 'SelectTarget': is not a member of 'UPlayerAttackComponent'
[2020.11.18-14.06.39:973][715]CompilerResultsLog:   D:\Users\h017026h\Documents\GitKraken\-raisethegamejam-2020\RaiseTheGameJame2020\Source\RaiseTheGameJame2020\Public\PlayerAttackComponent.h(12): note: see declaration of 'UPlayerAttackComponent'
[2020.11.18-14.06.39:973][715]CompilerResultsLog:    D:\Users\h017026h\Documents\GitKraken\-raisethegamejam-2020\RaiseTheGameJame2020\Source\RaiseTheGameJame2020\Private\PlayerAttackComponent.cpp(63) : error C2556: 'void SelectTarget(void)': overloaded function differs only by return type from 'UPlayerAttackComponent SelectTarget(void)'
[2020.11.18-14.06.39:973][715]CompilerResultsLog:   D:\Users\h017026h\Documents\GitKraken\-raisethegamejam-2020\RaiseTheGameJame2020\Source\RaiseTheGameJame2020\Public\PlayerAttackComponent.h(48): note: see declaration of 'SelectTarget'
[2020.11.18-14.06.39:973][715]CompilerResultsLog:    D:\Users\h017026h\Documents\GitKraken\-raisethegamejam-2020\RaiseTheGameJame2020\Source\RaiseTheGameJame2020\Private\PlayerAttackComponent.cpp(62) : error C2371: 'SelectTarget': redefinition; different basic types
[2020.11.18-14.06.39:973][715]CompilerResultsLog:   D:\Users\h017026h\Documents\GitKraken\-raisethegamejam-2020\RaiseTheGameJame2020\Source\RaiseTheGameJame2020\Public\PlayerAttackComponent.h(48): note: see declaration of 'SelectTarget'
[2020.11.18-14.06.39:973][715]CompilerResultsLog:   [2/6] PlayerAttackComponent.gen.cpp
[2020.11.18-14.06.39:973][715]CompilerResultsLog:    D:\Users\h017026h\Documents\GitKraken\-raisethegamejam-2020\RaiseTheGameJame2020\Source\RaiseTheGameJame2020/Public/PlayerAttackComponent.h(45) : error C2365: 'UPlayerAttackComponent::CanAttack': redefinition; previous definition was 'data member'
[2020.11.18-14.06.39:973][715]CompilerResultsLog:   D:\Users\h017026h\Documents\GitKraken\-raisethegamejam-2020\RaiseTheGameJame2020\Source\RaiseTheGameJame2020/Public/PlayerAttackComponent.h(30): note: see declaration of 'UPlayerAttackComponent::CanAttack'
[2020.11.18-14.06.39:973][715]CompilerResultsLog:    D:\Users\h017026h\Documents\GitKraken\-raisethegamejam-2020\RaiseTheGameJame2020\Source\RaiseTheGameJame2020/Public/PlayerAttackComponent.h(45) : error C2059: syntax error: 'return'
[2020.11.18-14.06.39:973][715]CompilerResultsLog:    D:\Users\h017026h\Documents\GitKraken\-raisethegamejam-2020\RaiseTheGameJame2020\Source\RaiseTheGameJame2020/Public/PlayerAttackComponent.h(45) : error C2238: unexpected token(s) preceding ';'
[2020.11.18-14.06.39:973][715]CompilerResultsLog:    D:\Users\h017026h\Documents\GitKraken\-raisethegamejam-2020\RaiseTheGameJame2020\Source\RaiseTheGameJame2020/Public/PlayerAttackComponent.h(48) : error C2628: 'UPlayerAttackComponent' followed by 'void' is illegal (did you forget a ';'?)
[2020.11.18-14.06.39:974][715]CompilerResultsLog:    D:\Users\h017026h\Documents\GitKraken\-raisethegamejam-2020\RaiseTheGameJame2020\Source\RaiseTheGameJame2020/Public/PlayerAttackComponent.h(54) : error C2059: syntax error: '}'
[2020.11.18-14.06.39:974][715]CompilerResultsLog:    D:\Users\h017026h\Documents\GitKraken\-raisethegamejam-2020\RaiseTheGameJame2020\Source\RaiseTheGameJame2020/Public/PlayerAttackComponent.h(54) : error C2143: syntax error: missing ';' before '}'
[2020.11.18-14.06.39:974][715]CompilerResultsLog:    D:\Users\h017026h\Documents\GitKraken\-raisethegamejam-2020\RaiseTheGameJame2020\Intermediate\Build\Win64\UE4Editor\Inc\RaiseTheGameJame2020\PlayerAttackComponent.gen.cpp(29) : error C2039: 'SelectTarget': is not a member of 'UPlayerAttackComponent'
[2020.11.18-14.06.39:974][715]CompilerResultsLog:   D:\Users\h017026h\Documents\GitKraken\-raisethegamejam-2020\RaiseTheGameJame2020\Source\RaiseTheGameJame2020/Public/PlayerAttackComponent.h(12): note: see declaration of 'UPlayerAttackComponent'
[2020.11.18-14.06.39:974][715]CompilerResultsLog:    D:\Users\h017026h\Documents\GitKraken\-raisethegamejam-2020\RaiseTheGameJame2020\Intermediate\Build\Win64\UE4Editor\Inc\RaiseTheGameJame2020\PlayerAttackComponent.gen.cpp(36) : error C2064: term does not evaluate to a function taking 0 arguments
[2020.11.18-14.06.39:974][715]CompilerResultsLog:   [3/6] RaiseTheGameJame2020.init.gen.cpp
[2020.11.18-14.06.39:974][715]LogMainFrame: MainFrame: Module compiling took 212.629 seconds
[2020.11.18-14.06.39:974][715]Warning: HotReload failed, recompile failed
[2020.11.18-14.07.12:099][ 50]Candidate modules for hot reload:
[2020.11.18-14.07.12:099][ 50]  RaiseTheGameJame2020
[2020.11.18-14.07.12:099][ 50]Launching UnrealBuildTool... [D:/Program Files (x86)/UE_4.25/Engine/Binaries/DotNET/UnrealBuildTool.exe  -ModuleWithSuffix=RaiseTheGameJame2020,108 RaiseTheGameJame2020Editor Win64 Development -Project="D:/Users/h017026h/Documents/GitKraken/-raisethegamejam-2020/RaiseTheGameJame2020/RaiseTheGameJame2020.uproject" "D:/Users/h017026h/Documents/GitKraken/-raisethegamejam-2020/RaiseTheGameJame2020/RaiseTheGameJame2020.uproject"  -IgnoreJunk]
[2020.11.18-14.07.12:101][ 50]Warning: Starting HotReload took  0.0s.
[2020.11.18-14.07.49:312][417]CompilerResultsLog: New page: Compilation - 18 Nov 2020, 14:07:49
[2020.11.18-14.07.49:312][417]CompilerResultsLog: Using 'git status' to determine working set for adaptive non-unity build (D:\Users\h017026h\Documents\GitKraken\-raisethegamejam-2020).
[2020.11.18-14.07.49:312][417]CompilerResultsLog: Parsing headers for RaiseTheGameJame2020Editor
[2020.11.18-14.07.49:312][417]CompilerResultsLog:   Running UnrealHeaderTool "D:\Users\h017026h\Documents\GitKraken\-raisethegamejam-2020\RaiseTheGameJame2020\RaiseTheGameJame2020.uproject" "D:\Users\h017026h\Documents\GitKraken\-raisethegamejam-2020\RaiseTheGameJame2020\Intermediate\Build\Win64\RaiseTheGameJame2020Editor\Development\RaiseTheGameJame2020Editor.uhtmanifest" -LogCmds="loginit warning, logexit warning, logdatabase error" -Unattended -WarningsAsErrors -abslog="C:\Users\h017026h\AppData\Local\UnrealBuildTool\Log_UHT.txt" -installed
[2020.11.18-14.07.49:312][417]CompilerResultsLog: Reflection code generated for RaiseTheGameJame2020Editor in 6.6298788 seconds
[2020.11.18-14.07.49:312][417]CompilerResultsLog: Building RaiseTheGameJame2020Editor...
[2020.11.18-14.07.49:312][417]CompilerResultsLog: Using Visual Studio 2019 14.27.29112 toolchain (C:\Program Files (x86)\Microsoft Visual Studio\2019\Community\VC\Tools\MSVC\14.27.29110) and Windows 10.0.18362.0 SDK (C:\Program Files (x86)\Windows Kits\10).
[2020.11.18-14.07.49:312][417]CompilerResultsLog: Building 6 actions with 12 processes...
[2020.11.18-14.07.49:312][417]CompilerResultsLog:   [1/6] RaiseTheGameJame2020.init.gen.cpp
[2020.11.18-14.07.49:312][417]CompilerResultsLog:   [2/6] PlayerAttackComponent.gen.cpp
[2020.11.18-14.07.49:313][417]CompilerResultsLog:   [3/6] PlayerAttackComponent.cpp
[2020.11.18-14.07.49:313][417]CompilerResultsLog:   [4/6] UE4Editor-RaiseTheGameJame2020-0108.lib
[2020.11.18-14.07.49:313][417]CompilerResultsLog:      Creating library D:\Users\h017026h\Documents\GitKraken\-raisethegamejam-2020\RaiseTheGameJame2020\Intermediate\Build\Win64\UE4Editor\Development\RaiseTheGameJame2020\UE4Editor-RaiseTheGameJame2020-0108.lib and object D:\Users\h017026h\Documents\GitKraken\-raisethegamejam-2020\RaiseTheGameJame2020\Intermediate\Build\Win64\UE4Editor\Development\RaiseTheGameJame2020\UE4Editor-RaiseTheGameJame2020-0108.exp
[2020.11.18-14.07.49:313][417]CompilerResultsLog:   [5/6] UE4Editor-RaiseTheGameJame2020-0108.dll
[2020.11.18-14.07.49:313][417]CompilerResultsLog:      Creating library D:\Users\h017026h\Documents\GitKraken\-raisethegamejam-2020\RaiseTheGameJame2020\Intermediate\Build\Win64\UE4Editor\Development\RaiseTheGameJame2020\UE4Editor-RaiseTheGameJame2020-0108.suppressed.lib and object D:\Users\h017026h\Documents\GitKraken\-raisethegamejam-2020\RaiseTheGameJame2020\Intermediate\Build\Win64\UE4Editor\Development\RaiseTheGameJame2020\UE4Editor-RaiseTheGameJame2020-0108.suppressed.exp
[2020.11.18-14.07.49:313][417]CompilerResultsLog:   [6/6] RaiseTheGameJame2020Editor.target
[2020.11.18-14.07.49:313][417]CompilerResultsLog: Total time in Parallel executor: 29.45 seconds
[2020.11.18-14.07.49:313][417]CompilerResultsLog: Total execution time: 36.95 seconds
[2020.11.18-14.07.49:313][417]LogMainFrame: MainFrame: Module compiling took 37.217 seconds
[2020.11.18-14.07.49:385][417]LogContentBrowser: Native class hierarchy populated in 0.0365 seconds. Added 3430 classes and 824 folders.
[2020.11.18-14.07.49:385][417]Display: HotReload took 37.3s.
[2020.11.18-14.07.52:281][759]LogSlate: Window 'Message Log' being destroyed
[2020.11.18-14.07.52:287][759]LogSlate: Window 'Message Log' being destroyed
[2020.11.18-16.51.39:812][789]LogSlate: WidgetSwitcher ('None') active index changed to -1
[2020.11.18-16.51.39:813][789]LogSlate: WidgetSwitcher ('None') active index changed to 0
[2020.11.18-16.51.39:925][789]LogSlate: Took 0.054775 seconds to synchronously load lazily loaded font '../../../Engine/Content/Slate/Fonts/Roboto-BoldCondensed.ttf' (158K)
[2020.11.18-16.51.44:370][271]LogSlate: WidgetSwitcher ('None') active index changed to 1
[2020.11.18-16.52.00:282][145]Running D:/Program Files (x86)/UE_4.25/Engine/Binaries/DotNET/UnrealBuildTool.exe  -projectfiles -project="D:/Users/h017026h/Documents/GitKraken/-raisethegamejam-2020/RaiseTheGameJame2020/RaiseTheGameJame2020.uproject" -game -rocket -progress
[2020.11.18-16.52.01:276][145]Discovering modules, targets and source code for project...
[2020.11.18-16.52.10:597][145]Binding IntelliSense data...
[2020.11.18-16.52.26:960][145]Binding IntelliSense data... 50%
[2020.11.18-16.52.26:962][145]Binding IntelliSense data... 100%
[2020.11.18-16.52.26:962][145]Writing project files...
[2020.11.18-16.52.34:180][145]Writing project files... 100%
[2020.11.18-16.52.34:326][145]Candidate modules for hot reload:
[2020.11.18-16.52.34:326][145]  RaiseTheGameJame2020
[2020.11.18-16.52.34:326][145]Launching UnrealBuildTool... [D:/Program Files (x86)/UE_4.25/Engine/Binaries/DotNET/UnrealBuildTool.exe  -ModuleWithSuffix=RaiseTheGameJame2020,2125 RaiseTheGameJame2020Editor Win64 Development -Project="D:/Users/h017026h/Documents/GitKraken/-raisethegamejam-2020/RaiseTheGameJame2020/RaiseTheGameJame2020.uproject" "D:/Users/h017026h/Documents/GitKraken/-raisethegamejam-2020/RaiseTheGameJame2020/RaiseTheGameJame2020.uproject"  -IgnoreJunk]
[2020.11.18-16.56.30:982][145]CompilerResultsLog: New page: Compilation - 18 Nov 2020, 16:56:30
[2020.11.18-16.56.30:983][145]CompilerResultsLog: Using 'git status' to determine working set for adaptive non-unity build (D:\Users\h017026h\Documents\GitKraken\-raisethegamejam-2020).
[2020.11.18-16.56.30:983][145]CompilerResultsLog: Creating makefile for RaiseTheGameJame2020Editor (no existing makefile)
[2020.11.18-16.56.30:983][145]CompilerResultsLog: Parsing headers for RaiseTheGameJame2020Editor
[2020.11.18-16.56.30:983][145]CompilerResultsLog:   Running UnrealHeaderTool "D:\Users\h017026h\Documents\GitKraken\-raisethegamejam-2020\RaiseTheGameJame2020\RaiseTheGameJame2020.uproject" "D:\Users\h017026h\Documents\GitKraken\-raisethegamejam-2020\RaiseTheGameJame2020\Intermediate\Build\Win64\RaiseTheGameJame2020Editor\Development\RaiseTheGameJame2020Editor.uhtmanifest" -LogCmds="loginit warning, logexit warning, logdatabase error" -Unattended -WarningsAsErrors -abslog="C:\Users\h017026h\AppData\Local\UnrealBuildTool\Log_UHT.txt" -installed
[2020.11.18-16.56.30:983][145]CompilerResultsLog: Reflection code generated for RaiseTheGameJame2020Editor in 29.0134753 seconds
[2020.11.18-16.56.30:983][145]CompilerResultsLog: Building RaiseTheGameJame2020Editor...
[2020.11.18-16.56.30:983][145]CompilerResultsLog: Using Visual Studio 2019 14.27.29112 toolchain (C:\Program Files (x86)\Microsoft Visual Studio\2019\Community\VC\Tools\MSVC\14.27.29110) and Windows 10.0.18362.0 SDK (C:\Program Files (x86)\Windows Kits\10).
[2020.11.18-16.56.30:984][145]CompilerResultsLog: Building 8 actions with 12 processes...
[2020.11.18-16.56.30:984][145]CompilerResultsLog:   [1/8] PlayerAttackComponent.cpp
[2020.11.18-16.56.30:984][145]CompilerResultsLog:    D:\Users\h017026h\Documents\GitKraken\-raisethegamejam-2020\RaiseTheGameJame2020\Source\RaiseTheGameJame2020\Private\PlayerAttackComponent.cpp(149) : error C2228: left of '.transform' must have class/struct/union
[2020.11.18-16.56.30:984][145]CompilerResultsLog:   D:\Users\h017026h\Documents\GitKraken\-raisethegamejam-2020\RaiseTheGameJame2020\Source\RaiseTheGameJame2020\Private\PlayerAttackComponent.cpp(149): note: type is 'UPlayerAttackComponent *'
[2020.11.18-16.56.30:985][145]CompilerResultsLog:   D:\Users\h017026h\Documents\GitKraken\-raisethegamejam-2020\RaiseTheGameJame2020\Source\RaiseTheGameJame2020\Private\PlayerAttackComponent.cpp(149): note: did you intend to use '->' instead?
[2020.11.18-16.56.30:985][145]CompilerResultsLog:   [2/8] HealthComponent.cpp
[2020.11.18-16.56.30:985][145]CompilerResultsLog:   [3/8] RaiseTheGameJame2020.init.gen.cpp
[2020.11.18-16.56.30:985][145]CompilerResultsLog:   [4/8] HealthComponent.gen.cpp
[2020.11.18-16.56.30:985][145]CompilerResultsLog:   [5/8] PlayerAttackComponent.gen.cpp
[2020.11.18-16.56.30:985][145]LogMainFrame: MainFrame: Module compiling took 236.664 seconds
[2020.11.18-16.56.31:005][145]Warning: HotReload failed, recompile failed
[2020.11.18-16.56.31:005][145]Warning: RebindPackages failed because compilation failed.
[2020.11.18-16.58.49:786][145]LogSlate: Window 'Message' being destroyed
[2020.11.18-16.58.49:791][145]Message dialog closed, result: No, title: Message, text: Successfully added class 'HealthComponent', however you must recompile the 'RaiseTheGameJame2020' module before it will appear in the Content Browser. Failed to automatically hot reload the 'RaiseTheGameJame2020' module.

Would you like to open the Output Log to see more details?
[2020.11.18-16.58.49:791][145]LogSlate: Window 'Add C++ Class' being destroyed
