Log file open, 11/19/20 13:01:10
LogInit: Display: Running engine for game: RaiseTheGameJame2020
LogPlatformFile: Not using cached read wrapper
LogTaskGraph: Started task graph with 5 named threads and 35 total threads with 3 sets of task threads.
LogStats: Stats thread started at 6.067125
LogD3D11RHI: Loaded GFSDK_Aftermath_Lib.x64.dll
LogICUInternationalization: ICU TimeZone Detection - Raw Offset: +0:00, Platform Override: ''
LogPluginManager: Mounting plugin Paper2D
LogPluginManager: Mounting plugin AISupport
LogPluginManager: Mounting plugin LightPropagationVolume
LogPluginManager: Mounting plugin CameraShakePreviewer
LogPluginManager: Mounting plugin ActorLayerUtilities
LogPluginManager: Mounting plugin AnimationSharing
LogPluginManager: Mounting plugin CLionSourceCodeAccess
LogPluginManager: Mounting plugin CodeLiteSourceCodeAccess
LogPluginManager: Mounting plugin GitSourceControl
LogPluginManager: Mounting plugin KDevelopSourceCodeAccess
LogPluginManager: Mounting plugin NullSourceCodeAccess
LogPluginManager: Mounting plugin PerforceSourceControl
LogPluginManager: Mounting plugin PlasticSourceControl
LogPluginManager: Mounting plugin RiderSourceCodeAccess
LogPluginManager: Mounting plugin SubversionSourceControl
LogPluginManager: Mounting plugin UObjectPlugin
LogPluginManager: Mounting plugin VisualStudioCodeSourceCodeAccess
LogPluginManager: Mounting plugin VisualStudioSourceCodeAccess
LogPluginManager: Mounting plugin XCodeSourceCodeAccess
LogPluginManager: Mounting plugin AssetManagerEditor
LogPluginManager: Mounting plugin CryptoKeys
LogPluginManager: Mounting plugin CurveEditorTools
LogPluginManager: Mounting plugin DataValidation
LogPluginManager: Mounting plugin EditorScriptingUtilities
LogPluginManager: Mounting plugin FacialAnimation
LogPluginManager: Mounting plugin GameplayTagsEditor
LogPluginManager: Mounting plugin GeometryMode
LogPluginManager: Mounting plugin MacGraphicsSwitching
LogPluginManager: Mounting plugin MaterialAnalyzer
LogPluginManager: Mounting plugin MobileLauncherProfileWizard
LogPluginManager: Mounting plugin PluginBrowser
LogPluginManager: Mounting plugin SpeedTreeImporter
LogPluginManager: Mounting plugin DatasmithContent
LogPluginManager: Mounting plugin VariantManagerContent
LogPluginManager: Mounting plugin AlembicImporter
LogPluginManager: Mounting plugin AutomationUtils
LogPluginManager: Mounting plugin BackChannel
LogPluginManager: Mounting plugin ChaosCloth
LogPluginManager: Mounting plugin ChaosClothEditor
LogPluginManager: Mounting plugin ChaosEditor
LogPluginManager: Mounting plugin ChaosNiagara
LogPluginManager: Mounting plugin ChaosSolverPlugin
LogPluginManager: Mounting plugin CharacterAI
LogPluginManager: Mounting plugin GeometryCache
LogPluginManager: Mounting plugin GeometryCollectionPlugin
LogPluginManager: Mounting plugin GeometryProcessing
LogPluginManager: Mounting plugin PlanarCut
LogPluginManager: Mounting plugin PlatformCrypto
LogPluginManager: Mounting plugin ProxyLODPlugin
LogPluginManager: Mounting plugin SkeletalReduction
LogPluginManager: Mounting plugin Niagara
LogPluginManager: Mounting plugin MagicLeap
LogPluginManager: Mounting plugin MagicLeapLightEstimation
LogPluginManager: Mounting plugin MagicLeapMedia
LogPluginManager: Mounting plugin MagicLeapPassableWorld
LogPluginManager: Mounting plugin MLSDK
LogPluginManager: Mounting plugin AndroidMedia
LogPluginManager: Mounting plugin AvfMedia
LogPluginManager: Mounting plugin ImgMedia
LogPluginManager: Mounting plugin MediaCompositing
LogPluginManager: Mounting plugin MediaPlayerEditor
LogPluginManager: Mounting plugin WebMMedia
LogPluginManager: Mounting plugin WmfMedia
LogPluginManager: Mounting plugin MeshPainting
LogPluginManager: Mounting plugin TcpMessaging
LogPluginManager: Mounting plugin UdpMessaging
LogPluginManager: Mounting plugin ActorSequence
LogPluginManager: Mounting plugin LevelSequenceEditor
LogPluginManager: Mounting plugin MatineeToLevelSequence
LogPluginManager: Mounting plugin MovieRenderPipeline
LogPluginManager: Mounting plugin TemplateSequence
LogPluginManager: Mounting plugin NetcodeUnitTest
LogPluginManager: Mounting plugin NUTUnrealEngine4
LogPluginManager: Mounting plugin OnlineSubsystemGooglePlay
LogPluginManager: Mounting plugin OnlineSubsystemIOS
LogPluginManager: Mounting plugin OnlineSubsystem
LogPluginManager: Mounting plugin OnlineSubsystemNull
LogPluginManager: Mounting plugin OnlineSubsystemUtils
LogPluginManager: Mounting plugin LauncherChunkInstaller
LogPluginManager: Mounting plugin AndroidDeviceProfileSelector
LogPluginManager: Mounting plugin AndroidMoviePlayer
LogPluginManager: Mounting plugin AndroidPermission
LogPluginManager: Mounting plugin AppleImageUtils
LogPluginManager: Mounting plugin AppleMoviePlayer
LogPluginManager: Mounting plugin ArchVisCharacter
LogPluginManager: Mounting plugin AssetTags
LogPluginManager: Mounting plugin AudioCapture
LogPluginManager: Mounting plugin CableComponent
LogPluginManager: Mounting plugin CustomMeshComponent
LogPluginManager: Mounting plugin EditableMesh
LogPluginManager: Mounting plugin ExampleDeviceProfileSelector
LogPluginManager: Mounting plugin GoogleCloudMessaging
LogPluginManager: Mounting plugin GooglePAD
LogPluginManager: Mounting plugin IOSDeviceProfileSelector
LogPluginManager: Mounting plugin LinuxDeviceProfileSelector
LogPluginManager: Mounting plugin LocationServicesBPLibrary
LogPluginManager: Mounting plugin MobilePatchingUtils
LogPluginManager: Mounting plugin OculusVR
LogPluginManager: Mounting plugin PhysXVehicles
LogPluginManager: Mounting plugin PostSplashScreen
LogPluginManager: Mounting plugin ProceduralMeshComponent
LogPluginManager: Mounting plugin RuntimePhysXCooking
LogPluginManager: Mounting plugin SignificanceManager
LogPluginManager: Mounting plugin SoundFields
LogPluginManager: Mounting plugin SteamVR
LogPluginManager: Mounting plugin Synthesis
LogPluginManager: Mounting plugin WebMMoviePlayer
LogPluginManager: Mounting plugin WindowsMoviePlayer
LogPluginManager: Mounting plugin ScreenshotTools
LogInit: Using libcurl 7.55.1-DEV
LogInit:  - built for x86_64-pc-win32
LogInit:  - supports SSL with OpenSSL/1.1.1
LogInit:  - supports HTTP deflate (compression) using libz 1.2.8
LogInit:  - other features:
LogInit:      CURL_VERSION_SSL
LogInit:      CURL_VERSION_LIBZ
LogInit:      CURL_VERSION_IPV6
LogInit:      CURL_VERSION_ASYNCHDNS
LogInit:      CURL_VERSION_LARGEFILE
LogInit:      CURL_VERSION_IDN
LogInit:  CurlRequestOptions (configurable via config and command line):
LogInit:  - bVerifyPeer = true  - Libcurl will verify peer certificate
LogInit:  - bUseHttpProxy = false  - Libcurl will NOT use HTTP proxy
LogInit:  - bDontReuseConnections = false  - Libcurl will reuse connections
LogInit:  - MaxHostConnections = 16  - Libcurl will limit the number of connections to a host
LogInit:  - LocalHostAddr = Default
LogInit:  - BufferSize = 65536
LogOnline: OSS: Creating online subsystem instance for: NULL
LogInit: WinSock: version 1.1 (2.2), MaxSocks=32767, MaxUdp=65467
LogOnline: OSS: TryLoadSubsystemAndSetDefault: Loaded subsystem for module [NULL]
LogInit: Build: ++UE4+Release-4.25-CL-14469661
LogInit: Engine Version: 4.25.4-14469661+++UE4+Release-4.25
LogInit: Compatible Engine Version: 4.25.0-13144385+++UE4+Release-4.25
LogInit: Net CL: 13144385
LogInit: OS: Windows 10 (Release 1909) (), CPU: Intel(R) Core(TM) i7-8700K CPU @ 3.70GHz, GPU: NVIDIA GeForce RTX 2080
LogInit: Compiled (64-bit): Oct 11 2020 08:10:49
LogInit: Compiled with Visual C++: 19.24.28315.00
LogInit: Build Configuration: Development
LogInit: Branch Name: ++UE4+Release-4.25
LogInit: Command Line:  -skipcompile
LogInit: Base Directory: D:/Program Files (x86)/UE_4.25/Engine/Binaries/Win64/
LogInit: Allocator: TBB
LogInit: Installed Engine Build: 1
LogDevObjectVersion: Number of dev versions registered: 26
LogDevObjectVersion:   Dev-Blueprints (B0D832E4-1F89-4F0D-ACCF-7EB736FD4AA2): 10
LogDevObjectVersion:   Dev-Build (E1C64328-A22C-4D53-A36C-8E866417BD8C): 0
LogDevObjectVersion:   Dev-Core (375EC13C-06E4-48FB-B500-84F0262A717E): 4
LogDevObjectVersion:   Dev-Editor (E4B068ED-F494-42E9-A231-DA0B2E46BB41): 38
LogDevObjectVersion:   Dev-Framework (CFFC743F-43B0-4480-9391-14DF171D2073): 37
LogDevObjectVersion:   Dev-Mobile (B02B49B5-BB20-44E9-A304-32B752E40360): 2
LogDevObjectVersion:   Dev-Networking (A4E4105C-59A1-49B5-A7C5-40C4547EDFEE): 0
LogDevObjectVersion:   Dev-Online (39C831C9-5AE6-47DC-9A44-9C173E1C8E7C): 0
LogDevObjectVersion:   Dev-Physics (78F01B33-EBEA-4F98-B9B4-84EACCB95AA2): 4
LogDevObjectVersion:   Dev-Platform (6631380F-2D4D-43E0-8009-CF276956A95A): 0
LogDevObjectVersion:   Dev-Rendering (12F88B9F-8875-4AFC-A67C-D90C383ABD29): 43
LogDevObjectVersion:   Dev-Sequencer (7B5AE74C-D270-4C10-A958-57980B212A5A): 12
LogDevObjectVersion:   Dev-VR (D7296918-1DD6-4BDD-9DE2-64A83CC13884): 3
LogDevObjectVersion:   Dev-LoadTimes (C2A15278-BFE7-4AFE-6C17-90FF531DF755): 1
LogDevObjectVersion:   Private-Geometry (6EACA3D4-40EC-4CC1-B786-8BED09428FC5): 3
LogDevObjectVersion:   Dev-AnimPhys (29E575DD-E0A3-4627-9D10-D276232CDCEA): 17
LogDevObjectVersion:   Dev-Anim (AF43A65D-7FD3-4947-9873-3E8ED9C1BB05): 7
LogDevObjectVersion:   Dev-ReflectionCapture (6B266CEC-1EC7-4B8F-A30B-E4D90942FC07): 1
LogDevObjectVersion:   Dev-Automation (0DF73D61-A23F-47EA-B727-89E90C41499A): 1
LogDevObjectVersion:   FortniteMain (601D1886-AC64-4F84-AA16-D3DE0DEAC7D6): 31
LogDevObjectVersion:   Dev-Enterprise (9DFFBCD6-494F-0158-E221-12823C92A888): 10
LogDevObjectVersion:   Dev-Niagara (F2AED0AC-9AFE-416F-8664-AA7FFA26D6FC): 1
LogDevObjectVersion:   Dev-Destruction (174F1F0B-B4C6-45A5-B13F-2EE8D0FB917D): 10
LogDevObjectVersion:   Dev-Physics-Ext (35F94A83-E258-406C-A318-09F59610247C): 37
LogDevObjectVersion:   Dev-PhysicsMaterial-Chaos (B68FC16E-8B1B-42E2-B453-215C058844FE): 1
LogDevObjectVersion:   Dev-CineCamera (B2E18506-4273-CFC2-A54E-F4BB758BBA07): 1
LogInit: Presizing for max 25165824 objects, including 0 objects not considered by GC, pre-allocating 0 bytes for permanent pool.
LogConfig: Applying CVar settings from Section [/Script/Engine.StreamingSettings] File [D:/Users/h017026h/Documents/GitKraken/-raisethegamejam-2020/RaiseTheGameJame2020/Saved/Config/Windows/Engine.ini]
LogConfig: Setting CVar [[s.MinBulkDataSizeForAsyncLoading:131072]]
LogConfig: Setting CVar [[s.AsyncLoadingThreadEnabled:0]]
LogConfig: Setting CVar [[s.EventDrivenLoaderEnabled:1]]
LogConfig: Setting CVar [[s.WarnIfTimeLimitExceeded:0]]
LogConfig: Setting CVar [[s.TimeLimitExceededMultiplier:1.5]]
LogConfig: Setting CVar [[s.TimeLimitExceededMinTime:0.005]]
LogConfig: Setting CVar [[s.UseBackgroundLevelStreaming:1]]
LogConfig: Setting CVar [[s.PriorityAsyncLoadingExtraTime:15.0]]
LogConfig: Setting CVar [[s.LevelStreamingActorsUpdateTimeLimit:5.0]]
LogConfig: Setting CVar [[s.PriorityLevelStreamingActorsUpdateExtraTime:5.0]]
LogConfig: Setting CVar [[s.LevelStreamingComponentsRegistrationGranularity:10]]
LogConfig: Setting CVar [[s.UnregisterComponentsTimeLimit:1.0]]
LogConfig: Setting CVar [[s.LevelStreamingComponentsUnregistrationGranularity:5]]
LogConfig: Setting CVar [[s.FlushStreamingOnExit:1]]
LogInit: Object subsystem initialized
LogConfig: Setting CVar [[con.DebugEarlyDefault:1]]
LogConfig: Setting CVar [[r.setres:1280x720]]
[2020.11.19-13.01.12:725][  0]LogConfig: Setting CVar [[r.VSync:0]]
[2020.11.19-13.01.12:726][  0]LogConfig: Setting CVar [[r.RHICmdBypass:0]]
[2020.11.19-13.01.12:728][  0]LogConfig: Applying CVar settings from Section [/Script/Engine.RendererSettings] File [D:/Users/h017026h/Documents/GitKraken/-raisethegamejam-2020/RaiseTheGameJame2020/Saved/Config/Windows/Engine.ini]
[2020.11.19-13.01.12:728][  0]LogConfig: Setting CVar [[r.GPUCrashDebugging:0]]
[2020.11.19-13.01.12:728][  0]LogConfig: Applying CVar settings from Section [/Script/Engine.RendererOverrideSettings] File [D:/Users/h017026h/Documents/GitKraken/-raisethegamejam-2020/RaiseTheGameJame2020/Saved/Config/Windows/Engine.ini]
[2020.11.19-13.01.12:729][  0]LogConfig: Applying CVar settings from Section [/Script/Engine.StreamingSettings] File [D:/Users/h017026h/Documents/GitKraken/-raisethegamejam-2020/RaiseTheGameJame2020/Saved/Config/Windows/Engine.ini]
[2020.11.19-13.01.12:729][  0]LogConfig: Setting CVar [[s.MinBulkDataSizeForAsyncLoading:131072]]
[2020.11.19-13.01.12:729][  0]LogConfig: Setting CVar [[s.AsyncLoadingThreadEnabled:0]]
[2020.11.19-13.01.12:729][  0]LogConfig: Setting CVar [[s.EventDrivenLoaderEnabled:1]]
[2020.11.19-13.01.12:729][  0]LogConfig: Setting CVar [[s.WarnIfTimeLimitExceeded:0]]
[2020.11.19-13.01.12:729][  0]LogConfig: Setting CVar [[s.TimeLimitExceededMultiplier:1.5]]
[2020.11.19-13.01.12:729][  0]LogConfig: Setting CVar [[s.TimeLimitExceededMinTime:0.005]]
[2020.11.19-13.01.12:729][  0]LogConfig: Setting CVar [[s.UseBackgroundLevelStreaming:1]]
[2020.11.19-13.01.12:729][  0]LogConfig: Setting CVar [[s.PriorityAsyncLoadingExtraTime:15.0]]
[2020.11.19-13.01.12:729][  0]LogConfig: Setting CVar [[s.LevelStreamingActorsUpdateTimeLimit:5.0]]
[2020.11.19-13.01.12:729][  0]LogConfig: Setting CVar [[s.PriorityLevelStreamingActorsUpdateExtraTime:5.0]]
[2020.11.19-13.01.12:730][  0]LogConfig: Setting CVar [[s.LevelStreamingComponentsRegistrationGranularity:10]]
[2020.11.19-13.01.12:730][  0]LogConfig: Setting CVar [[s.UnregisterComponentsTimeLimit:1.0]]
[2020.11.19-13.01.12:730][  0]LogConfig: Setting CVar [[s.LevelStreamingComponentsUnregistrationGranularity:5]]
[2020.11.19-13.01.12:730][  0]LogConfig: Setting CVar [[s.FlushStreamingOnExit:1]]
[2020.11.19-13.01.12:730][  0]LogConfig: Applying CVar settings from Section [/Script/Engine.GarbageCollectionSettings] File [D:/Users/h017026h/Documents/GitKraken/-raisethegamejam-2020/RaiseTheGameJame2020/Saved/Config/Windows/Engine.ini]
[2020.11.19-13.01.12:730][  0]LogConfig: Setting CVar [[gc.MaxObjectsNotConsideredByGC:1]]
[2020.11.19-13.01.12:730][  0]LogConfig: Setting CVar [[gc.SizeOfPermanentObjectPool:0]]
[2020.11.19-13.01.12:730][  0]LogConfig: Setting CVar [[gc.FlushStreamingOnGC:0]]
[2020.11.19-13.01.12:730][  0]LogConfig: Setting CVar [[gc.NumRetriesBeforeForcingGC:10]]
[2020.11.19-13.01.12:730][  0]LogConfig: Setting CVar [[gc.AllowParallelGC:1]]
[2020.11.19-13.01.12:730][  0]LogConfig: Setting CVar [[gc.TimeBetweenPurgingPendingKillObjects:61.1]]
[2020.11.19-13.01.12:730][  0]LogConfig: Setting CVar [[gc.MaxObjectsInEditor:25165824]]
[2020.11.19-13.01.12:730][  0]LogConfig: Setting CVar [[gc.IncrementalBeginDestroyEnabled:1]]
[2020.11.19-13.01.12:730][  0]LogConfig: Setting CVar [[gc.CreateGCClusters:1]]
[2020.11.19-13.01.12:730][  0]LogConfig: Setting CVar [[gc.MinGCClusterSize:5]]
[2020.11.19-13.01.12:730][  0]LogConfig: Setting CVar [[gc.ActorClusteringEnabled:0]]
[2020.11.19-13.01.12:730][  0]LogConfig: Setting CVar [[gc.BlueprintClusteringEnabled:0]]
[2020.11.19-13.01.12:730][  0]LogConfig: Setting CVar [[gc.UseDisregardForGCOnDedicatedServers:0]]
[2020.11.19-13.01.12:731][  0]LogConfig: Applying CVar settings from Section [/Script/Engine.NetworkSettings] File [D:/Users/h017026h/Documents/GitKraken/-raisethegamejam-2020/RaiseTheGameJame2020/Saved/Config/Windows/Engine.ini]
[2020.11.19-13.01.12:731][  0]LogConfig: Applying CVar settings from Section [/Script/UnrealEd.CookerSettings] File [D:/Users/h017026h/Documents/GitKraken/-raisethegamejam-2020/RaiseTheGameJame2020/Saved/Config/Windows/Engine.ini]
[2020.11.19-13.01.12:790][  0]LogConfig: Applying CVar settings from Section [ViewDistanceQuality@3] File [D:/Users/h017026h/Documents/GitKraken/-raisethegamejam-2020/RaiseTheGameJame2020/Saved/Config/Windows/Scalability.ini]
[2020.11.19-13.01.12:790][  0]LogConfig: Setting CVar [[r.SkeletalMeshLODBias:0]]
[2020.11.19-13.01.12:790][  0]LogConfig: Setting CVar [[r.ViewDistanceScale:1.0]]
[2020.11.19-13.01.12:791][  0]LogConfig: Applying CVar settings from Section [AntiAliasingQuality@3] File [D:/Users/h017026h/Documents/GitKraken/-raisethegamejam-2020/RaiseTheGameJame2020/Saved/Config/Windows/Scalability.ini]
[2020.11.19-13.01.12:791][  0]LogConfig: Setting CVar [[r.PostProcessAAQuality:4]]
[2020.11.19-13.01.12:791][  0]LogConfig: Applying CVar settings from Section [ShadowQuality@3] File [D:/Users/h017026h/Documents/GitKraken/-raisethegamejam-2020/RaiseTheGameJame2020/Saved/Config/Windows/Scalability.ini]
[2020.11.19-13.01.12:791][  0]LogConfig: Setting CVar [[r.LightFunctionQuality:1]]
[2020.11.19-13.01.12:791][  0]LogConfig: Setting CVar [[r.ShadowQuality:5]]
[2020.11.19-13.01.12:791][  0]LogConfig: Setting CVar [[r.Shadow.CSM.MaxCascades:10]]
[2020.11.19-13.01.12:791][  0]LogConfig: Setting CVar [[r.Shadow.MaxResolution:2048]]
[2020.11.19-13.01.12:791][  0]LogConfig: Setting CVar [[r.Shadow.MaxCSMResolution:2048]]
[2020.11.19-13.01.12:791][  0]LogConfig: Setting CVar [[r.Shadow.RadiusThreshold:0.01]]
[2020.11.19-13.01.12:791][  0]LogConfig: Setting CVar [[r.Shadow.DistanceScale:1.0]]
[2020.11.19-13.01.12:791][  0]LogConfig: Setting CVar [[r.Shadow.CSM.TransitionScale:1.0]]
[2020.11.19-13.01.12:791][  0]LogConfig: Setting CVar [[r.Shadow.PreShadowResolutionFactor:1.0]]
[2020.11.19-13.01.12:791][  0]LogConfig: Setting CVar [[r.DistanceFieldShadowing:1]]
[2020.11.19-13.01.12:791][  0]LogConfig: Setting CVar [[r.DistanceFieldAO:1]]
[2020.11.19-13.01.12:791][  0]LogConfig: Setting CVar [[r.AOQuality:2]]
[2020.11.19-13.01.12:791][  0]LogConfig: Setting CVar [[r.VolumetricFog:1]]
[2020.11.19-13.01.12:791][  0]LogConfig: Setting CVar [[r.VolumetricFog.GridPixelSize:8]]
[2020.11.19-13.01.12:791][  0]LogConfig: Setting CVar [[r.VolumetricFog.GridSizeZ:128]]
[2020.11.19-13.01.12:792][  0]LogConfig: Setting CVar [[r.VolumetricFog.HistoryMissSupersampleCount:4]]
[2020.11.19-13.01.12:792][  0]LogConfig: Setting CVar [[r.LightMaxDrawDistanceScale:1]]
[2020.11.19-13.01.12:792][  0]LogConfig: Setting CVar [[r.CapsuleShadows:1]]
[2020.11.19-13.01.12:792][  0]LogConfig: Applying CVar settings from Section [PostProcessQuality@3] File [D:/Users/h017026h/Documents/GitKraken/-raisethegamejam-2020/RaiseTheGameJame2020/Saved/Config/Windows/Scalability.ini]
[2020.11.19-13.01.12:792][  0]LogConfig: Setting CVar [[r.MotionBlurQuality:4]]
[2020.11.19-13.01.12:792][  0]LogConfig: Setting CVar [[r.AmbientOcclusionMipLevelFactor:0.4]]
[2020.11.19-13.01.12:792][  0]LogConfig: Setting CVar [[r.AmbientOcclusionMaxQuality:100]]
[2020.11.19-13.01.12:792][  0]LogConfig: Setting CVar [[r.AmbientOcclusionLevels:-1]]
[2020.11.19-13.01.12:792][  0]LogConfig: Setting CVar [[r.AmbientOcclusionRadiusScale:1.0]]
[2020.11.19-13.01.12:792][  0]LogConfig: Setting CVar [[r.DepthOfFieldQuality:2]]
[2020.11.19-13.01.12:792][  0]LogConfig: Setting CVar [[r.RenderTargetPoolMin:400]]
[2020.11.19-13.01.12:792][  0]LogConfig: Setting CVar [[r.LensFlareQuality:2]]
[2020.11.19-13.01.12:792][  0]LogConfig: Setting CVar [[r.SceneColorFringeQuality:1]]
[2020.11.19-13.01.12:792][  0]LogConfig: Setting CVar [[r.EyeAdaptationQuality:2]]
[2020.11.19-13.01.12:792][  0]LogConfig: Setting CVar [[r.BloomQuality:5]]
[2020.11.19-13.01.12:792][  0]LogConfig: Setting CVar [[r.FastBlurThreshold:100]]
[2020.11.19-13.01.12:792][  0]LogConfig: Setting CVar [[r.Upscale.Quality:3]]
[2020.11.19-13.01.12:792][  0]LogConfig: Setting CVar [[r.Tonemapper.GrainQuantization:1]]
[2020.11.19-13.01.12:793][  0]LogConfig: Setting CVar [[r.LightShaftQuality:1]]
[2020.11.19-13.01.12:793][  0]LogConfig: Setting CVar [[r.Filter.SizeScale:1]]
[2020.11.19-13.01.12:793][  0]LogConfig: Setting CVar [[r.Tonemapper.Quality:5]]
[2020.11.19-13.01.12:793][  0]LogConfig: Setting CVar [[r.DOF.Gather.AccumulatorQuality:1        ; higher gathering accumulator quality]]
[2020.11.19-13.01.12:793][  0]LogConfig: Setting CVar [[r.DOF.Gather.PostfilterMethod:1          ; Median3x3 postfilering method]]
[2020.11.19-13.01.12:793][  0]LogConfig: Setting CVar [[r.DOF.Gather.EnableBokehSettings:0       ; no bokeh simulation when gathering]]
[2020.11.19-13.01.12:793][  0]LogConfig: Setting CVar [[r.DOF.Gather.RingCount:4                 ; medium number of samples when gathering]]
[2020.11.19-13.01.12:793][  0]LogConfig: Setting CVar [[r.DOF.Scatter.ForegroundCompositing:1    ; additive foreground scattering]]
[2020.11.19-13.01.12:793][  0]LogConfig: Setting CVar [[r.DOF.Scatter.BackgroundCompositing:2    ; additive background scattering]]
[2020.11.19-13.01.12:793][  0]LogConfig: Setting CVar [[r.DOF.Scatter.EnableBokehSettings:1      ; bokeh simulation when scattering]]
[2020.11.19-13.01.12:793][  0]LogConfig: Setting CVar [[r.DOF.Scatter.MaxSpriteRatio:0.1         ; only a maximum of 10% of scattered bokeh]]
[2020.11.19-13.01.12:793][  0]LogConfig: Setting CVar [[r.DOF.Recombine.Quality:1                ; cheap slight out of focus]]
[2020.11.19-13.01.12:793][  0]LogConfig: Setting CVar [[r.DOF.Recombine.EnableBokehSettings:0    ; no bokeh simulation on slight out of focus]]
[2020.11.19-13.01.12:793][  0]LogConfig: Setting CVar [[r.DOF.TemporalAAQuality:1                ; more stable temporal accumulation]]
[2020.11.19-13.01.12:793][  0]LogConfig: Setting CVar [[r.DOF.Kernel.MaxForegroundRadius:0.025]]
[2020.11.19-13.01.12:793][  0]LogConfig: Setting CVar [[r.DOF.Kernel.MaxBackgroundRadius:0.025]]
[2020.11.19-13.01.12:793][  0]LogConfig: Applying CVar settings from Section [TextureQuality@3] File [D:/Users/h017026h/Documents/GitKraken/-raisethegamejam-2020/RaiseTheGameJame2020/Saved/Config/Windows/Scalability.ini]
[2020.11.19-13.01.12:793][  0]LogConfig: Setting CVar [[r.Streaming.MipBias:0]]
[2020.11.19-13.01.12:793][  0]LogConfig: Setting CVar [[r.Streaming.AmortizeCPUToGPUCopy:0]]
[2020.11.19-13.01.12:794][  0]LogConfig: Setting CVar [[r.Streaming.MaxNumTexturesToStreamPerFrame:0]]
[2020.11.19-13.01.12:794][  0]LogConfig: Setting CVar [[r.Streaming.Boost:1]]
[2020.11.19-13.01.12:794][  0]LogConfig: Setting CVar [[r.MaxAnisotropy:8]]
[2020.11.19-13.01.12:794][  0]LogConfig: Setting CVar [[r.VT.MaxAnisotropy:8]]
[2020.11.19-13.01.12:794][  0]LogConfig: Setting CVar [[r.Streaming.LimitPoolSizeToVRAM:0]]
[2020.11.19-13.01.12:794][  0]LogConfig: Setting CVar [[r.Streaming.PoolSize:1000]]
[2020.11.19-13.01.12:794][  0]LogConfig: Setting CVar [[r.Streaming.MaxEffectiveScreenSize:0]]
[2020.11.19-13.01.12:794][  0]LogConfig: Applying CVar settings from Section [EffectsQuality@3] File [D:/Users/h017026h/Documents/GitKraken/-raisethegamejam-2020/RaiseTheGameJame2020/Saved/Config/Windows/Scalability.ini]
[2020.11.19-13.01.12:794][  0]LogConfig: Setting CVar [[r.TranslucencyLightingVolumeDim:64]]
[2020.11.19-13.01.12:794][  0]LogConfig: Setting CVar [[r.RefractionQuality:2]]
[2020.11.19-13.01.12:794][  0]LogConfig: Setting CVar [[r.SSR.Quality:3]]
[2020.11.19-13.01.12:794][  0]LogConfig: Setting CVar [[r.SSR.HalfResSceneColor:0]]
[2020.11.19-13.01.12:794][  0]LogConfig: Setting CVar [[r.SceneColorFormat:4]]
[2020.11.19-13.01.12:794][  0]LogConfig: Setting CVar [[r.DetailMode:2]]
[2020.11.19-13.01.12:794][  0]LogConfig: Setting CVar [[r.TranslucencyVolumeBlur:1]]
[2020.11.19-13.01.12:794][  0]LogConfig: Setting CVar [[r.MaterialQualityLevel:1 ; High quality]]
[2020.11.19-13.01.12:794][  0]LogConfig: Setting CVar [[r.SSS.Scale:1]]
[2020.11.19-13.01.12:794][  0]LogConfig: Setting CVar [[r.SSS.SampleSet:2]]
[2020.11.19-13.01.12:794][  0]LogConfig: Setting CVar [[r.SSS.Quality:1]]
[2020.11.19-13.01.12:795][  0]LogConfig: Setting CVar [[r.SSS.HalfRes:0]]
[2020.11.19-13.01.12:795][  0]LogConfig: Setting CVar [[r.SSGI.Quality:3]]
[2020.11.19-13.01.12:795][  0]LogConfig: Setting CVar [[r.EmitterSpawnRateScale:1.0]]
[2020.11.19-13.01.12:795][  0]LogConfig: Setting CVar [[r.ParticleLightQuality:2]]
[2020.11.19-13.01.12:795][  0]LogConfig: Setting CVar [[r.SkyAtmosphere.AerialPerspectiveLUT.FastApplyOnOpaque:1 ; Always have FastSkyLUT 1 in this case to avoid wrong sky]]
[2020.11.19-13.01.12:795][  0]LogConfig: Setting CVar [[r.SkyAtmosphere.AerialPerspectiveLUT.SampleCountPerSlice:1]]
[2020.11.19-13.01.12:795][  0]LogConfig: Setting CVar [[r.SkyAtmosphere.AerialPerspectiveLUT.DepthResolution:16.0]]
[2020.11.19-13.01.12:795][  0]LogConfig: Setting CVar [[r.SkyAtmosphere.FastSkyLUT:1]]
[2020.11.19-13.01.12:795][  0]LogConfig: Setting CVar [[r.SkyAtmosphere.FastSkyLUT.SampleCountMin:4.0]]
[2020.11.19-13.01.12:795][  0]LogConfig: Setting CVar [[r.SkyAtmosphere.FastSkyLUT.SampleCountMax:32.0]]
[2020.11.19-13.01.12:795][  0]LogConfig: Setting CVar [[r.SkyAtmosphere.SampleCountMin:4.0]]
[2020.11.19-13.01.12:795][  0]LogConfig: Setting CVar [[r.SkyAtmosphere.SampleCountMax:32.0]]
[2020.11.19-13.01.12:795][  0]LogConfig: Setting CVar [[r.SkyAtmosphere.TransmittanceLUT.UseSmallFormat:0]]
[2020.11.19-13.01.12:795][  0]LogConfig: Setting CVar [[r.SkyAtmosphere.TransmittanceLUT.SampleCount:10.0]]
[2020.11.19-13.01.12:795][  0]LogConfig: Setting CVar [[r.SkyAtmosphere.MultiScatteringLUT.SampleCount:15.0]]
[2020.11.19-13.01.12:795][  0]LogConfig: Applying CVar settings from Section [FoliageQuality@3] File [D:/Users/h017026h/Documents/GitKraken/-raisethegamejam-2020/RaiseTheGameJame2020/Saved/Config/Windows/Scalability.ini]
[2020.11.19-13.01.12:795][  0]LogConfig: Setting CVar [[foliage.DensityScale:1.0]]
[2020.11.19-13.01.12:795][  0]LogConfig: Setting CVar [[grass.DensityScale:1.0]]
[2020.11.19-13.01.12:795][  0]LogConfig: Applying CVar settings from Section [ShadingQuality@3] File [D:/Users/h017026h/Documents/GitKraken/-raisethegamejam-2020/RaiseTheGameJame2020/Saved/Config/Windows/Scalability.ini]
[2020.11.19-13.01.12:795][  0]LogConfig: Setting CVar [[r.HairStrands.SkyLighting.SampleCount:16]]
[2020.11.19-13.01.12:796][  0]LogConfig: Setting CVar [[r.HairStrands.SkyLighting.JitterIntegration:0]]
[2020.11.19-13.01.12:796][  0]LogConfig: Setting CVar [[r.HairStrands.SkyAO.SampleCount:16]]
[2020.11.19-13.01.12:796][  0]LogConfig: Setting CVar [[r.HairStrands.DeepShadow.SuperSampling:0]]
[2020.11.19-13.01.12:796][  0]LogConfig: Setting CVar [[r.HairStrands.VisibilityPPLL:0]]
[2020.11.19-13.01.12:796][  0]LogConfig: Setting CVar [[r.HairStrands.RasterizationScale:0.5]]
[2020.11.19-13.01.12:796][  0]LogConfig: Setting CVar [[r.HairStrands.VelocityRasterizationScale:1]]
[2020.11.19-13.01.12:821][  0]LogInit: Selected Device Profile: [Windows]
[2020.11.19-13.01.12:839][  0]LogInit: Applying CVar settings loaded from the selected device profile: [Windows]
[2020.11.19-13.01.12:864][  0]LogHAL: Display: Platform has ~ 16 GB [17130930176 / 17179869184 / 16], which maps to Larger [LargestMinGB=32, LargerMinGB=12, DefaultMinGB=8, SmallerMinGB=6, SmallestMinGB=0)
[2020.11.19-13.01.12:864][  0]LogInit: Going up to parent DeviceProfile []
[2020.11.19-13.01.12:872][  0]LogConfig: Applying CVar settings from Section [ViewDistanceQuality@3] File [D:/Users/h017026h/Documents/GitKraken/-raisethegamejam-2020/RaiseTheGameJame2020/Saved/Config/Windows/Scalability.ini]
[2020.11.19-13.01.12:872][  0]LogConfig: Setting CVar [[r.SkeletalMeshLODBias:0]]
[2020.11.19-13.01.12:872][  0]LogConfig: Setting CVar [[r.ViewDistanceScale:1.0]]
[2020.11.19-13.01.12:872][  0]LogConfig: Applying CVar settings from Section [AntiAliasingQuality@3] File [D:/Users/h017026h/Documents/GitKraken/-raisethegamejam-2020/RaiseTheGameJame2020/Saved/Config/Windows/Scalability.ini]
[2020.11.19-13.01.12:872][  0]LogConfig: Setting CVar [[r.PostProcessAAQuality:4]]
[2020.11.19-13.01.12:872][  0]LogConfig: Applying CVar settings from Section [ShadowQuality@3] File [D:/Users/h017026h/Documents/GitKraken/-raisethegamejam-2020/RaiseTheGameJame2020/Saved/Config/Windows/Scalability.ini]
[2020.11.19-13.01.12:872][  0]LogConfig: Setting CVar [[r.LightFunctionQuality:1]]
[2020.11.19-13.01.12:872][  0]LogConfig: Setting CVar [[r.ShadowQuality:5]]
[2020.11.19-13.01.12:872][  0]LogConfig: Setting CVar [[r.Shadow.CSM.MaxCascades:10]]
[2020.11.19-13.01.12:872][  0]LogConfig: Setting CVar [[r.Shadow.MaxResolution:2048]]
[2020.11.19-13.01.12:872][  0]LogConfig: Setting CVar [[r.Shadow.MaxCSMResolution:2048]]
[2020.11.19-13.01.12:872][  0]LogConfig: Setting CVar [[r.Shadow.RadiusThreshold:0.01]]
[2020.11.19-13.01.12:872][  0]LogConfig: Setting CVar [[r.Shadow.DistanceScale:1.0]]
[2020.11.19-13.01.12:872][  0]LogConfig: Setting CVar [[r.Shadow.CSM.TransitionScale:1.0]]
[2020.11.19-13.01.12:872][  0]LogConfig: Setting CVar [[r.Shadow.PreShadowResolutionFactor:1.0]]
[2020.11.19-13.01.12:872][  0]LogConfig: Setting CVar [[r.DistanceFieldShadowing:1]]
[2020.11.19-13.01.12:873][  0]LogConfig: Setting CVar [[r.DistanceFieldAO:1]]
[2020.11.19-13.01.12:873][  0]LogConfig: Setting CVar [[r.AOQuality:2]]
[2020.11.19-13.01.12:873][  0]LogConfig: Setting CVar [[r.VolumetricFog:1]]
[2020.11.19-13.01.12:873][  0]LogConfig: Setting CVar [[r.VolumetricFog.GridPixelSize:8]]
[2020.11.19-13.01.12:873][  0]LogConfig: Setting CVar [[r.VolumetricFog.GridSizeZ:128]]
[2020.11.19-13.01.12:873][  0]LogConfig: Setting CVar [[r.VolumetricFog.HistoryMissSupersampleCount:4]]
[2020.11.19-13.01.12:873][  0]LogConfig: Setting CVar [[r.LightMaxDrawDistanceScale:1]]
[2020.11.19-13.01.12:873][  0]LogConfig: Setting CVar [[r.CapsuleShadows:1]]
[2020.11.19-13.01.12:873][  0]LogConfig: Applying CVar settings from Section [PostProcessQuality@3] File [D:/Users/h017026h/Documents/GitKraken/-raisethegamejam-2020/RaiseTheGameJame2020/Saved/Config/Windows/Scalability.ini]
[2020.11.19-13.01.12:873][  0]LogConfig: Setting CVar [[r.MotionBlurQuality:4]]
[2020.11.19-13.01.12:873][  0]LogConfig: Setting CVar [[r.AmbientOcclusionMipLevelFactor:0.4]]
[2020.11.19-13.01.12:873][  0]LogConfig: Setting CVar [[r.AmbientOcclusionMaxQuality:100]]
[2020.11.19-13.01.12:873][  0]LogConfig: Setting CVar [[r.AmbientOcclusionLevels:-1]]
[2020.11.19-13.01.12:873][  0]LogConfig: Setting CVar [[r.AmbientOcclusionRadiusScale:1.0]]
[2020.11.19-13.01.12:873][  0]LogConfig: Setting CVar [[r.DepthOfFieldQuality:2]]
[2020.11.19-13.01.12:873][  0]LogConfig: Setting CVar [[r.RenderTargetPoolMin:400]]
[2020.11.19-13.01.12:873][  0]LogConfig: Setting CVar [[r.LensFlareQuality:2]]
[2020.11.19-13.01.12:873][  0]LogConfig: Setting CVar [[r.SceneColorFringeQuality:1]]
[2020.11.19-13.01.12:873][  0]LogConfig: Setting CVar [[r.EyeAdaptationQuality:2]]
[2020.11.19-13.01.12:873][  0]LogConfig: Setting CVar [[r.BloomQuality:5]]
[2020.11.19-13.01.12:874][  0]LogConfig: Setting CVar [[r.FastBlurThreshold:100]]
[2020.11.19-13.01.12:874][  0]LogConfig: Setting CVar [[r.Upscale.Quality:3]]
[2020.11.19-13.01.12:874][  0]LogConfig: Setting CVar [[r.Tonemapper.GrainQuantization:1]]
[2020.11.19-13.01.12:874][  0]LogConfig: Setting CVar [[r.LightShaftQuality:1]]
[2020.11.19-13.01.12:874][  0]LogConfig: Setting CVar [[r.Filter.SizeScale:1]]
[2020.11.19-13.01.12:874][  0]LogConfig: Setting CVar [[r.Tonemapper.Quality:5]]
[2020.11.19-13.01.12:874][  0]LogConfig: Setting CVar [[r.DOF.Gather.AccumulatorQuality:1        ; higher gathering accumulator quality]]
[2020.11.19-13.01.12:874][  0]LogConfig: Setting CVar [[r.DOF.Gather.PostfilterMethod:1          ; Median3x3 postfilering method]]
[2020.11.19-13.01.12:874][  0]LogConfig: Setting CVar [[r.DOF.Gather.EnableBokehSettings:0       ; no bokeh simulation when gathering]]
[2020.11.19-13.01.12:874][  0]LogConfig: Setting CVar [[r.DOF.Gather.RingCount:4                 ; medium number of samples when gathering]]
[2020.11.19-13.01.12:874][  0]LogConfig: Setting CVar [[r.DOF.Scatter.ForegroundCompositing:1    ; additive foreground scattering]]
[2020.11.19-13.01.12:874][  0]LogConfig: Setting CVar [[r.DOF.Scatter.BackgroundCompositing:2    ; additive background scattering]]
[2020.11.19-13.01.12:874][  0]LogConfig: Setting CVar [[r.DOF.Scatter.EnableBokehSettings:1      ; bokeh simulation when scattering]]
[2020.11.19-13.01.12:874][  0]LogConfig: Setting CVar [[r.DOF.Scatter.MaxSpriteRatio:0.1         ; only a maximum of 10% of scattered bokeh]]
[2020.11.19-13.01.12:874][  0]LogConfig: Setting CVar [[r.DOF.Recombine.Quality:1                ; cheap slight out of focus]]
[2020.11.19-13.01.12:874][  0]LogConfig: Setting CVar [[r.DOF.Recombine.EnableBokehSettings:0    ; no bokeh simulation on slight out of focus]]
[2020.11.19-13.01.12:874][  0]LogConfig: Setting CVar [[r.DOF.TemporalAAQuality:1                ; more stable temporal accumulation]]
[2020.11.19-13.01.12:874][  0]LogConfig: Setting CVar [[r.DOF.Kernel.MaxForegroundRadius:0.025]]
[2020.11.19-13.01.12:874][  0]LogConfig: Setting CVar [[r.DOF.Kernel.MaxBackgroundRadius:0.025]]
[2020.11.19-13.01.12:874][  0]LogConfig: Applying CVar settings from Section [TextureQuality@3] File [D:/Users/h017026h/Documents/GitKraken/-raisethegamejam-2020/RaiseTheGameJame2020/Saved/Config/Windows/Scalability.ini]
[2020.11.19-13.01.12:875][  0]LogConfig: Setting CVar [[r.Streaming.MipBias:0]]
[2020.11.19-13.01.12:875][  0]LogConfig: Setting CVar [[r.Streaming.AmortizeCPUToGPUCopy:0]]
[2020.11.19-13.01.12:875][  0]LogConfig: Setting CVar [[r.Streaming.MaxNumTexturesToStreamPerFrame:0]]
[2020.11.19-13.01.12:875][  0]LogConfig: Setting CVar [[r.Streaming.Boost:1]]
[2020.11.19-13.01.12:875][  0]LogConfig: Setting CVar [[r.MaxAnisotropy:8]]
[2020.11.19-13.01.12:875][  0]LogConfig: Setting CVar [[r.VT.MaxAnisotropy:8]]
[2020.11.19-13.01.12:875][  0]LogConfig: Setting CVar [[r.Streaming.LimitPoolSizeToVRAM:0]]
[2020.11.19-13.01.12:875][  0]LogConfig: Setting CVar [[r.Streaming.PoolSize:1000]]
[2020.11.19-13.01.12:875][  0]LogConfig: Setting CVar [[r.Streaming.MaxEffectiveScreenSize:0]]
[2020.11.19-13.01.12:875][  0]LogConfig: Applying CVar settings from Section [EffectsQuality@3] File [D:/Users/h017026h/Documents/GitKraken/-raisethegamejam-2020/RaiseTheGameJame2020/Saved/Config/Windows/Scalability.ini]
[2020.11.19-13.01.12:875][  0]LogConfig: Setting CVar [[r.TranslucencyLightingVolumeDim:64]]
[2020.11.19-13.01.12:875][  0]LogConfig: Setting CVar [[r.RefractionQuality:2]]
[2020.11.19-13.01.12:875][  0]LogConfig: Setting CVar [[r.SSR.Quality:3]]
[2020.11.19-13.01.12:875][  0]LogConfig: Setting CVar [[r.SSR.HalfResSceneColor:0]]
[2020.11.19-13.01.12:875][  0]LogConfig: Setting CVar [[r.SceneColorFormat:4]]
[2020.11.19-13.01.12:875][  0]LogConfig: Setting CVar [[r.DetailMode:2]]
[2020.11.19-13.01.12:875][  0]LogConfig: Setting CVar [[r.TranslucencyVolumeBlur:1]]
[2020.11.19-13.01.12:875][  0]LogConfig: Setting CVar [[r.MaterialQualityLevel:1 ; High quality]]
[2020.11.19-13.01.12:875][  0]LogConfig: Setting CVar [[r.SSS.Scale:1]]
[2020.11.19-13.01.12:875][  0]LogConfig: Setting CVar [[r.SSS.SampleSet:2]]
[2020.11.19-13.01.12:876][  0]LogConfig: Setting CVar [[r.SSS.Quality:1]]
[2020.11.19-13.01.12:876][  0]LogConfig: Setting CVar [[r.SSS.HalfRes:0]]
[2020.11.19-13.01.12:876][  0]LogConfig: Setting CVar [[r.SSGI.Quality:3]]
[2020.11.19-13.01.12:876][  0]LogConfig: Setting CVar [[r.EmitterSpawnRateScale:1.0]]
[2020.11.19-13.01.12:876][  0]LogConfig: Setting CVar [[r.ParticleLightQuality:2]]
[2020.11.19-13.01.12:876][  0]LogConfig: Setting CVar [[r.SkyAtmosphere.AerialPerspectiveLUT.FastApplyOnOpaque:1 ; Always have FastSkyLUT 1 in this case to avoid wrong sky]]
[2020.11.19-13.01.12:876][  0]LogConfig: Setting CVar [[r.SkyAtmosphere.AerialPerspectiveLUT.SampleCountPerSlice:1]]
[2020.11.19-13.01.12:876][  0]LogConfig: Setting CVar [[r.SkyAtmosphere.AerialPerspectiveLUT.DepthResolution:16.0]]
[2020.11.19-13.01.12:876][  0]LogConfig: Setting CVar [[r.SkyAtmosphere.FastSkyLUT:1]]
[2020.11.19-13.01.12:876][  0]LogConfig: Setting CVar [[r.SkyAtmosphere.FastSkyLUT.SampleCountMin:4.0]]
[2020.11.19-13.01.12:876][  0]LogConfig: Setting CVar [[r.SkyAtmosphere.FastSkyLUT.SampleCountMax:32.0]]
[2020.11.19-13.01.12:876][  0]LogConfig: Setting CVar [[r.SkyAtmosphere.SampleCountMin:4.0]]
[2020.11.19-13.01.12:876][  0]LogConfig: Setting CVar [[r.SkyAtmosphere.SampleCountMax:32.0]]
[2020.11.19-13.01.12:876][  0]LogConfig: Setting CVar [[r.SkyAtmosphere.TransmittanceLUT.UseSmallFormat:0]]
[2020.11.19-13.01.12:876][  0]LogConfig: Setting CVar [[r.SkyAtmosphere.TransmittanceLUT.SampleCount:10.0]]
[2020.11.19-13.01.12:876][  0]LogConfig: Setting CVar [[r.SkyAtmosphere.MultiScatteringLUT.SampleCount:15.0]]
[2020.11.19-13.01.12:876][  0]LogConfig: Applying CVar settings from Section [FoliageQuality@3] File [D:/Users/h017026h/Documents/GitKraken/-raisethegamejam-2020/RaiseTheGameJame2020/Saved/Config/Windows/Scalability.ini]
[2020.11.19-13.01.12:876][  0]LogConfig: Setting CVar [[foliage.DensityScale:1.0]]
[2020.11.19-13.01.12:876][  0]LogConfig: Setting CVar [[grass.DensityScale:1.0]]
[2020.11.19-13.01.12:876][  0]LogConfig: Applying CVar settings from Section [ShadingQuality@3] File [D:/Users/h017026h/Documents/GitKraken/-raisethegamejam-2020/RaiseTheGameJame2020/Saved/Config/Windows/Scalability.ini]
[2020.11.19-13.01.12:876][  0]LogConfig: Setting CVar [[r.HairStrands.SkyLighting.SampleCount:16]]
[2020.11.19-13.01.12:877][  0]LogConfig: Setting CVar [[r.HairStrands.SkyLighting.JitterIntegration:0]]
[2020.11.19-13.01.12:877][  0]LogConfig: Setting CVar [[r.HairStrands.SkyAO.SampleCount:16]]
[2020.11.19-13.01.12:877][  0]LogConfig: Setting CVar [[r.HairStrands.DeepShadow.SuperSampling:0]]
[2020.11.19-13.01.12:877][  0]LogConfig: Setting CVar [[r.HairStrands.VisibilityPPLL:0]]
[2020.11.19-13.01.12:877][  0]LogConfig: Setting CVar [[r.HairStrands.RasterizationScale:0.5]]
[2020.11.19-13.01.12:877][  0]LogConfig: Setting CVar [[r.HairStrands.VelocityRasterizationScale:1]]
[2020.11.19-13.01.12:877][  0]LogConfig: Applying CVar settings from Section [Startup] File [../../../Engine/Config/ConsoleVariables.ini]
[2020.11.19-13.01.12:877][  0]LogConfig: Setting CVar [[net.UseAdaptiveNetUpdateFrequency:0]]
[2020.11.19-13.01.12:877][  0]LogConfig: Setting CVar [[p.chaos.AllowCreatePhysxBodies:1]]
[2020.11.19-13.01.12:877][  0]LogConfig: Setting CVar [[fx.SkipVectorVMBackendOptimizations:1]]
[2020.11.19-13.01.12:877][  0]LogConfig: Applying CVar settings from Section [ConsoleVariables] File [D:/Users/h017026h/Documents/GitKraken/-raisethegamejam-2020/RaiseTheGameJame2020/Saved/Config/Windows/Engine.ini]
[2020.11.19-13.01.12:925][  0]LogInit: Computer: DESKTOP-D8L6EI8
[2020.11.19-13.01.12:925][  0]LogInit: User: h017026h
[2020.11.19-13.01.12:925][  0]LogInit: CPU Page size=4096, Cores=6
[2020.11.19-13.01.12:925][  0]LogInit: High frequency timer resolution =10.000000 MHz
[2020.11.19-13.01.12:926][  0]LogMemory: Memory total: Physical=16.0GB (16GB approx)
[2020.11.19-13.01.12:926][  0]LogMemory: Platform Memory Stats for Windows
[2020.11.19-13.01.12:926][  0]LogMemory: Process Physical Memory: 116.28 MB used, 116.29 MB peak
[2020.11.19-13.01.12:926][  0]LogMemory: Process Virtual Memory: 105.48 MB used, 105.48 MB peak
[2020.11.19-13.01.12:926][  0]LogMemory: Physical Memory: 14341.64 MB used,  1995.69 MB free, 16337.33 MB total
[2020.11.19-13.01.12:926][  0]LogMemory: Virtual Memory: 5173.71 MB used,  134212552.00 MB free, 134217728.00 MB total
[2020.11.19-13.01.12:935][  0]LogWindows: WindowsPlatformFeatures enabled
[2020.11.19-13.01.13:700][  0]LogInit: Physics initialised using underlying interface: PhysX
[2020.11.19-13.01.13:754][  0]LogInit: Using OS detected language (en-GB).
[2020.11.19-13.01.13:754][  0]LogInit: Using OS detected locale (en-GB).
[2020.11.19-13.01.13:837][  0]LogTextLocalizationManager: No specific localization for 'en-GB' exists, so the 'en' localization will be used.
[2020.11.19-13.01.14:456][  0]LogInit: Setting process to per monitor DPI aware
[2020.11.19-13.01.14:942][  0]LogSlate: New Slate User Created.  User Index 0, Is Virtual User: 0
[2020.11.19-13.01.14:943][  0]LogSlate: Slate User Registered.  User Index 0, Is Virtual User: 0
[2020.11.19-13.01.15:840][  0]LogHMD: Failed to initialize OpenVR with code 110
[2020.11.19-13.01.15:840][  0]LogD3D11RHI: D3D11 min allowed feature level: 11_0
[2020.11.19-13.01.15:840][  0]LogD3D11RHI: D3D11 max allowed feature level: 11_0
[2020.11.19-13.01.15:840][  0]LogD3D11RHI: D3D11 adapters:
[2020.11.19-13.01.16:038][  0]LogD3D11RHI:    0. 'NVIDIA GeForce RTX 2080' (Feature Level 11_0)
[2020.11.19-13.01.16:038][  0]LogD3D11RHI:       8010/0/8168 MB DedicatedVideo/DedicatedSystem/SharedSystem, Outputs:2, VendorId:0x10de
[2020.11.19-13.01.16:047][  0]LogD3D11RHI:    1. 'Microsoft Basic Render Driver' (Feature Level 11_0)
[2020.11.19-13.01.16:048][  0]LogD3D11RHI:       0/0/8168 MB DedicatedVideo/DedicatedSystem/SharedSystem, Outputs:0, VendorId:0x1414
[2020.11.19-13.01.16:048][  0]LogD3D11RHI: Chosen D3D11 Adapter: 0
[2020.11.19-13.01.16:130][  0]LogD3D11RHI: Creating new Direct3DDevice
[2020.11.19-13.01.16:130][  0]LogD3D11RHI:     GPU DeviceId: 0x1e87 (for the marketing name, search the web for "GPU Device Id")
[2020.11.19-13.01.16:138][  0]LogWindows: EnumDisplayDevices:
[2020.11.19-13.01.16:138][  0]LogWindows:    0. 'NVIDIA GeForce RTX 2080' (P:1 D:1)
[2020.11.19-13.01.16:138][  0]LogWindows:    1. 'NVIDIA GeForce RTX 2080' (P:0 D:1)
[2020.11.19-13.01.16:139][  0]LogWindows:    2. 'NVIDIA GeForce RTX 2080' (P:0 D:0)
[2020.11.19-13.01.16:139][  0]LogWindows:    3. 'NVIDIA GeForce RTX 2080' (P:0 D:0)
[2020.11.19-13.01.16:139][  0]LogWindows: DebugString: FoundDriverCount:4 
[2020.11.19-13.01.16:140][  0]LogD3D11RHI:     Adapter Name: NVIDIA GeForce RTX 2080
[2020.11.19-13.01.16:140][  0]LogD3D11RHI:   Driver Version: 457.30 (internal:27.21.14.5730, unified:457.30)
[2020.11.19-13.01.16:140][  0]LogD3D11RHI:      Driver Date: 11-6-2020
[2020.11.19-13.01.16:141][  0]LogRHI: Texture pool is 5607 MB (70% of 8010 MB)
[2020.11.19-13.01.16:206][  0]LogD3D11RHI: RHI has support for 64 bit atomics
[2020.11.19-13.01.16:207][  0]LogD3D11RHI: Async texture creation enabled
[2020.11.19-13.01.16:207][  0]LogD3D11RHI: Array index from any shader is supported
[2020.11.19-13.01.16:725][  0]LogD3D11RHI: GPU Timing Frequency: 1000.000000 (Debug: 2 1)
[2020.11.19-13.01.17:320][  0]LogTargetPlatformManager: Display: Loaded TargetPlatform 'AllDesktop'
[2020.11.19-13.01.17:349][  0]LogTargetPlatformManager: Display: Loaded TargetPlatform 'Android'
[2020.11.19-13.01.17:349][  0]LogTargetPlatformManager: Display: Loaded TargetPlatform 'Android_ASTC'
[2020.11.19-13.01.17:349][  0]LogTargetPlatformManager: Display: Loaded TargetPlatform 'Android_DXT'
[2020.11.19-13.01.17:349][  0]LogTargetPlatformManager: Display: Loaded TargetPlatform 'Android_ETC2'
[2020.11.19-13.01.17:349][  0]LogTargetPlatformManager: Display: Loaded TargetPlatform 'AndroidClient'
[2020.11.19-13.01.17:349][  0]LogTargetPlatformManager: Display: Loaded TargetPlatform 'Android_ASTCClient'
[2020.11.19-13.01.17:349][  0]LogTargetPlatformManager: Display: Loaded TargetPlatform 'Android_DXTClient'
[2020.11.19-13.01.17:349][  0]LogTargetPlatformManager: Display: Loaded TargetPlatform 'Android_ETC2Client'
[2020.11.19-13.01.17:350][  0]LogTargetPlatformManager: Display: Loaded TargetPlatform 'Android_Multi'
[2020.11.19-13.01.17:350][  0]LogTargetPlatformManager: Display: Loaded TargetPlatform 'Android_MultiClient'
[2020.11.19-13.01.17:437][  0]LogTargetPlatformManager: Display: Loaded TargetPlatform 'IOSClient'
[2020.11.19-13.01.17:437][  0]LogTargetPlatformManager: Display: Loaded TargetPlatform 'IOS'
[2020.11.19-13.01.17:464][  0]LogTargetPlatformManager: Display: Loaded TargetPlatform 'Linux'
[2020.11.19-13.01.17:503][  0]LogTargetPlatformManager: Display: Loaded TargetPlatform 'LinuxNoEditor'
[2020.11.19-13.01.17:527][  0]LogTargetPlatformManager: Display: Loaded TargetPlatform 'LinuxClient'
[2020.11.19-13.01.17:538][  0]LogTargetPlatformManager: Display: Loaded TargetPlatform 'LinuxServer'
[2020.11.19-13.01.17:570][  0]LogTargetPlatformManager: Display: Loaded TargetPlatform 'LinuxAArch64NoEditor'
[2020.11.19-13.01.17:595][  0]LogTargetPlatformManager: Display: Loaded TargetPlatform 'LinuxAArch64Client'
[2020.11.19-13.01.17:619][  0]LogTargetPlatformManager: Display: Loaded TargetPlatform 'LinuxAArch64Server'
[2020.11.19-13.01.17:672][  0]LogTargetPlatformManager: Display: Loaded TargetPlatform 'Lumin'
[2020.11.19-13.01.17:672][  0]LogTargetPlatformManager: Display: Loaded TargetPlatform 'LuminClient'
[2020.11.19-13.01.17:701][  0]LogTargetPlatformManager: Display: Loaded TargetPlatform 'TVOSClient'
[2020.11.19-13.01.17:701][  0]LogTargetPlatformManager: Display: Loaded TargetPlatform 'TVOS'
[2020.11.19-13.01.17:745][  0]LogTargetPlatformManager: Display: Loaded TargetPlatform 'WindowsNoEditor'
[2020.11.19-13.01.17:757][  0]LogTargetPlatformManager: Display: Loaded TargetPlatform 'Windows'
[2020.11.19-13.01.18:238][  0]LogTargetPlatformManager: Display: Loaded TargetPlatform 'WindowsClient'
[2020.11.19-13.01.18:250][  0]LogTargetPlatformManager: Display: Loaded TargetPlatform 'WindowsServer'
[2020.11.19-13.01.18:250][  0]LogTargetPlatformManager: Display: Building Assets For Windows
[2020.11.19-13.01.18:335][  0]LogAudioDebug: Display: Lib vorbis DLL was dynamically loaded.
[2020.11.19-13.01.18:954][  0]LogShaderCompilers: Guid format shader working directory is -44 characters bigger than the processId version (../../../../../Users/h017026h/Documents/GitKraken/-raisethegamejam-2020/RaiseTheGameJame2020/Intermediate/Shaders/WorkingDirectory/23960/).
[2020.11.19-13.01.18:954][  0]LogShaderCompilers: Cleaned the shader compiler working directory 'C:/Users/h017026h/AppData/Local/Temp/UnrealShaderWorkingDir/9029FC594ACD37DD0B4BF4865859964C/'.
[2020.11.19-13.01.18:984][  0]LogXGEController: Cleaning working directory: C:/Users/h017026h/AppData/Local/Temp/UnrealXGEWorkingDir/
[2020.11.19-13.01.18:984][  0]LogXGEController: Cannot use XGE Controller as Incredibuild is not installed on this machine.
[2020.11.19-13.01.18:984][  0]LogShaderCompilers: Cannot use XGE Shader Compiler as Incredibuild is not installed on this machine.
[2020.11.19-13.01.18:984][  0]LogShaderCompilers: Display: Using Local Shader Compiler.
[2020.11.19-13.01.21:065][  0]LogDerivedDataCache: Display: Max Cache Size: 512 MB
[2020.11.19-13.01.21:296][  0]LogDerivedDataCache: Loaded boot cache 0.23s 79MB C:/Users/h017026h/AppData/Local/UnrealEngine/4.25/DerivedDataCache/Boot.ddc.
[2020.11.19-13.01.21:296][  0]LogDerivedDataCache: Display: Loaded Boot cache: C:/Users/h017026h/AppData/Local/UnrealEngine/4.25/DerivedDataCache/Boot.ddc
[2020.11.19-13.01.21:296][  0]LogDerivedDataCache: FDerivedDataBackendGraph:  Pak pak cache file ../../../../../Users/h017026h/Documents/GitKraken/-raisethegamejam-2020/RaiseTheGameJame2020/DerivedDataCache/DDC.ddp not found, will not use a pak cache.
[2020.11.19-13.01.21:296][  0]LogDerivedDataCache: Unable to find inner node Pak for hierarchical cache Hierarchy.
[2020.11.19-13.01.21:296][  0]LogDerivedDataCache: FDerivedDataBackendGraph:  CompressedPak pak cache file ../../../../../Users/h017026h/Documents/GitKraken/-raisethegamejam-2020/RaiseTheGameJame2020/DerivedDataCache/Compressed.ddp not found, will not use a pak cache.
[2020.11.19-13.01.21:296][  0]LogDerivedDataCache: Unable to find inner node CompressedPak for hierarchical cache Hierarchy.
[2020.11.19-13.01.21:335][  0]LogDerivedDataCache: Display: Pak cache opened for reading ../../../Engine/DerivedDataCache/Compressed.ddp.
[2020.11.19-13.01.21:335][  0]LogDerivedDataCache: FDerivedDataBackendGraph:  EnterprisePak pak cache file ../../../Enterprise/DerivedDataCache/Compressed.ddp not found, will not use a pak cache.
[2020.11.19-13.01.21:335][  0]LogDerivedDataCache: Unable to find inner node EnterprisePak for hierarchical cache Hierarchy.
[2020.11.19-13.01.21:339][  0]LogDerivedDataCache: Using Local data cache path C:/Users/h017026h/AppData/Local/UnrealEngine/Common/DerivedDataCache: Writable
[2020.11.19-13.01.21:339][  0]LogDerivedDataCache: Shared data cache path not found in *engine.ini, will not use an Shared cache.
[2020.11.19-13.01.21:339][  0]LogDerivedDataCache: Unable to find inner node Shared for hierarchical cache Hierarchy.
[2020.11.19-13.01.21:498][  0]LogSlate: Using FreeType 2.10.0
[2020.11.19-13.01.21:536][  0]LogSlate: SlateFontServices - WITH_FREETYPE: 1, WITH_HARFBUZZ: 1
[2020.11.19-13.01.22:092][  0]LogAssetRegistry: FAssetRegistry took 0.0314 seconds to start up
[2020.11.19-13.01.26:463][  0]LogInit: Selected Device Profile: [Windows]
[2020.11.19-13.01.27:716][  0]LogMeshReduction: Using QuadricMeshReduction for automatic static mesh reduction
[2020.11.19-13.01.27:716][  0]LogMeshReduction: Using SimplygonMeshReduction for automatic skeletal mesh reduction
[2020.11.19-13.01.27:716][  0]LogMeshReduction: Using ProxyLODMeshReduction for automatic mesh merging
[2020.11.19-13.01.27:716][  0]LogMeshReduction: No distributed automatic mesh merging module available
[2020.11.19-13.01.27:717][  0]LogMeshMerging: No distributed automatic mesh merging module available
[2020.11.19-13.01.28:084][  0]LogNetVersion: RaiseTheGameJame2020 1.0.0, NetCL: 13144385, EngineNetVer: 14, GameNetVer: 0 (Checksum: 1455622770)
[2020.11.19-13.01.34:342][  0]LogAISub: UAISubsystem::UAISubsystem AISubsystem (0000020062432980), frame # 0
[2020.11.19-13.01.34:343][  0]LogAISub: UAISubsystem::UAISubsystem AIPerceptionSystem (00000200622E9E40), frame # 0
[2020.11.19-13.01.34:358][  0]LogAISub: UAISubsystem::UAISubsystem EnvQueryManager (000002006241EA00), frame # 0
[2020.11.19-13.01.34:861][  0]LogPackageLocalizationCache: Processed 19 localized package path(s) for 1 prioritized culture(s) in 0.090956 seconds
[2020.11.19-13.01.34:884][  0]LogUObjectArray: 15917 objects as part of root set at end of initial load.
[2020.11.19-13.01.34:887][  0]LogUObjectAllocator: 3965568 out of 0 bytes used by permanent object pool.
[2020.11.19-13.01.34:887][  0]LogUObjectArray: CloseDisregardForGC: 0/0 objects in disregard for GC pool
[2020.11.19-13.01.39:618][  0]LogTcpMessaging: Initializing TcpMessaging bridge
[2020.11.19-13.01.39:635][  0]LogUdpMessaging: Initializing bridge on interface 0.0.0.0:0 to multicast group 230.0.0.1:6666.
[2020.11.19-13.01.42:047][  0]SourceControl: Source control is disabled
[2020.11.19-13.01.42:048][  0]SourceControl: Source control is disabled
[2020.11.19-13.01.42:146][  0]SourceControl: Source control is disabled
[2020.11.19-13.01.42:192][  0]SourceControl: Source control is disabled
[2020.11.19-13.01.42:238][  0]SourceControl: Source control is disabled
[2020.11.19-13.01.44:973][  0]LogAndroidPermission: UAndroidPermissionCallbackProxy::GetInstance
[2020.11.19-13.01.45:051][  0]LogAudioCaptureCore: Display: No Audio Capture implementations found. Audio input will be silent.
[2020.11.19-13.01.45:051][  0]LogAudioCaptureCore: Display: No Audio Capture implementations found. Audio input will be silent.
[2020.11.19-13.01.45:235][  0]LogOcInput: OculusInput pre-init called
[2020.11.19-13.01.45:317][  0]LogWindows: Failed to load 'OVRPlugin.dll' (GetLastError=126)
[2020.11.19-13.01.45:318][  0]LogWindows: File 'OVRPlugin.dll' does not exist
[2020.11.19-13.01.46:790][  0]LogEngine: Initializing Engine...
[2020.11.19-13.01.46:843][  0]LogHMD: Failed to initialize OpenVR with code 110
[2020.11.19-13.01.46:853][  0]LogMagicLeap: Warning: VR disabled because ZI is not enabled.  To enable, in the editor, Edit -> Project Settings -> Plugins -> Magic Leap Plugin -> Enable Zero Iteration
[2020.11.19-13.01.46:901][  0]LogStats: UGameplayTagsManager::InitializeManager -  0.014 s
[2020.11.19-13.01.47:322][  0]LogInit: Initializing FReadOnlyCVARCache
[2020.11.19-13.01.47:972][  0]LogAIModule: Creating AISystem for world Untitled
[2020.11.19-13.01.47:972][  0]LogAISub: UAISubsystem::UAISubsystem EnvQueryManager (000002006ADD9800), frame # 0
[2020.11.19-13.01.47:972][  0]LogAISub: UAISubsystem::UAISubsystem AIPerceptionSystem (0000020069E14B80), frame # 0
[2020.11.19-13.01.48:122][  0]LogAudioMixer: Display: Audio Mixer Platform Settings:
[2020.11.19-13.01.48:122][  0]LogAudioMixer: Display: 	Sample Rate:						  48000
[2020.11.19-13.01.48:122][  0]LogAudioMixer: Display: 	Callback Buffer Frame Size Requested: 1024
[2020.11.19-13.01.48:122][  0]LogAudioMixer: Display: 	Callback Buffer Frame Size To Use:	  1024
[2020.11.19-13.01.48:122][  0]LogAudioMixer: Display: 	Number of buffers to queue:			  2
[2020.11.19-13.01.48:122][  0]LogAudioMixer: Display: 	Max Channels (voices):				  32
[2020.11.19-13.01.48:123][  0]LogAudioMixer: Display: 	Number of Async Source Workers:		  0
[2020.11.19-13.01.48:123][  0]LogAudio: Display: AudioDevice MaxSources: 32
[2020.11.19-13.01.48:131][  0]LogAudio: Display: Using built-in audio occlusion.
[2020.11.19-13.01.48:132][  0]LogAudioMixer: Display: Initializing audio mixer.
[2020.11.19-13.01.48:278][  0]LogAudioMixer: Display: 0: FrontLeft
[2020.11.19-13.01.48:278][  0]LogAudioMixer: Display: 1: FrontRight
[2020.11.19-13.01.48:278][  0]LogAudioMixer: Display: 2: FrontCenter
[2020.11.19-13.01.48:278][  0]LogAudioMixer: Display: 3: LowFrequency
[2020.11.19-13.01.48:278][  0]LogAudioMixer: Display: 4: BackLeft
[2020.11.19-13.01.48:278][  0]LogAudioMixer: Display: 5: BackRight
[2020.11.19-13.01.48:278][  0]LogAudioMixer: Display: 6: SideLeft
[2020.11.19-13.01.48:279][  0]LogAudioMixer: Display: 7: SideRight
[2020.11.19-13.01.48:453][  0]LogAudioMixer: Display: Using Audio Device Headset Earphone (CORSAIR HS70 PRO Wireless Gaming Headset)
[2020.11.19-13.01.48:480][  0]LogAudioMixer: Display: Initializing Sound Submixes...
[2020.11.19-13.01.48:504][  0]LogAudioMixer: Display: Creating Master Submix 'MasterSubmixDefault'
[2020.11.19-13.01.48:514][  0]LogAudioMixer: Display: Creating Master Submix 'MasterReverbSubmixDefault'
[2020.11.19-13.01.48:531][  0]LogAudioMixer: Display: Creating Master Submix 'MasterEQSubmixDefault'
[2020.11.19-13.01.48:534][  0]LogInit: FAudioDevice initialized.
[2020.11.19-13.01.48:549][  0]LogNetVersion: Set ProjectVersion to 1.0.0.0. Version Checksum will be recalculated on next use.
[2020.11.19-13.01.48:630][  0]LogDerivedDataCache: Saved boot cache 0.08s 79MB C:/Users/h017026h/AppData/Local/UnrealEngine/4.25/DerivedDataCache/Boot.ddc.
[2020.11.19-13.01.48:638][  0]LogInit: Texture streaming: Enabled
[2020.11.19-13.01.48:883][  0]LogEngineSessionManager: EngineSessionManager initialized
[2020.11.19-13.01.48:883][  0]LogEngineSessionManager: EngineSessionManager sent abnormal shutdown report. Type=Debugger, SessionId={06CD95E4-4E19-8D3C-BF48-EDBCF7A7E232}
[2020.11.19-13.01.48:883][  0]LogEngineSessionManager: EngineSessionManager sent abnormal shutdown report. Type=Debugger, SessionId={C127FA76-44A2-C795-EBE3-36B8D4B2907B}
[2020.11.19-13.01.48:884][  0]LogEditorSessionSummary: Verbose: Initializing EditorSessionSummaryWriter for editor session tracking
[2020.11.19-13.01.48:911][  0]LogEditorSessionSummary: EditorSessionSummaryWriter initialized
[2020.11.19-13.01.49:289][  0]LogInit: Transaction tracking system initialized
[2020.11.19-13.01.49:846][  0]BlueprintLog: New page: Editor Load
[2020.11.19-13.01.51:089][  0]LocalizationService: Localization service is disabled
[2020.11.19-13.01.52:916][  0]LogFileCache: Scanning file cache for directory 'D:/Users/h017026h/Documents/GitKraken/-raisethegamejam-2020/RaiseTheGameJame2020/Content/' took 0.01s
[2020.11.19-13.01.52:917][  0]LogCook: Display: Max memory allowance for cook 16384mb min free memory 0mb
[2020.11.19-13.01.52:917][  0]LogCook: Display: Mobile HDR setting 1
[2020.11.19-13.01.55:005][  0]SourceControl: Source control is disabled
[2020.11.19-13.01.55:012][  0]LogUnrealEdMisc: Loading editor; pre map load, took 54.208
[2020.11.19-13.01.55:121][  0]LightingResults: New page: Lighting Build
[2020.11.19-13.01.55:181][  0]LogWorld: UWorld::CleanupWorld for Untitled, bSessionEnded=true, bCleanupResources=true
[2020.11.19-13.01.55:220][  0]LogSlate: InvalidateAllWidgets triggered.  All widgets were invalidated
[2020.11.19-13.01.55:251][  0]MapCheck: New page: Map Check
[2020.11.19-13.01.55:251][  0]LightingResults: New page: Lighting Build
[2020.11.19-13.01.55:802][  0]LogAISub: UAISubsystem::~UAISubsystem EnvQueryManager (000002006ADD9800), frame # 0
[2020.11.19-13.01.55:802][  0]LogAISub: UAISubsystem::~UAISubsystem AIPerceptionSystem (0000020069E14B80), frame # 0
[2020.11.19-13.01.55:819][  0]LogUObjectHash: Compacting FUObjectHashTables data took   0.76ms
[2020.11.19-13.01.56:322][  0]LogAIModule: Creating AISystem for world ThirdPersonExampleMap
[2020.11.19-13.01.56:322][  0]LogAISub: UAISubsystem::UAISubsystem EnvQueryManager (0000020052FE9A00), frame # 0
[2020.11.19-13.01.56:322][  0]LogAISub: UAISubsystem::UAISubsystem AIPerceptionSystem (000002006601CB80), frame # 0
[2020.11.19-13.01.57:062][  0]LogEditorServer: Finished looking for orphan Actors (0.000 secs)
[2020.11.19-13.01.57:140][  0]LogUObjectHash: Compacting FUObjectHashTables data took   0.63ms
[2020.11.19-13.01.57:165][  0]Cmd: MAP CHECKDEP NOCLEARLOG
[2020.11.19-13.01.57:165][  0]MapCheck: Map check complete: 0 Error(s), 0 Warning(s), took 0.146ms to complete.
[2020.11.19-13.01.57:165][  0]LogFileHelpers: Loading map 'ThirdPersonExampleMap' took 2.144
[2020.11.19-13.01.58:202][  0]LogUnrealEdMisc: Total Editor Startup Time, took 57.397
[2020.11.19-13.01.59:408][  0]LogSlate: Updating window title bar state: overlay mode, drag disabled, window buttons hidden, title bar hidden
[2020.11.19-13.01.59:422][  0]LogSlate: Updating window title bar state: overlay mode, drag disabled, window buttons hidden, title bar hidden
[2020.11.19-13.01.59:427][  0]LogSlate: Updating window title bar state: overlay mode, drag disabled, window buttons hidden, title bar hidden
[2020.11.19-13.01.59:433][  0]LogSlate: Updating window title bar state: overlay mode, drag disabled, window buttons hidden, title bar hidden
[2020.11.19-13.01.59:620][  0]LogCollectionManager: Loaded 0 collections in 0.000955 seconds
[2020.11.19-13.01.59:962][  0]LogFileCache: Scanning file cache for directory 'D:/Users/h017026h/Documents/GitKraken/-raisethegamejam-2020/RaiseTheGameJame2020/Saved/Collections/' took 0.00s
[2020.11.19-13.01.59:962][  0]LogFileCache: Scanning file cache for directory 'D:/Users/h017026h/Documents/GitKraken/-raisethegamejam-2020/RaiseTheGameJame2020/Content/Developers/h017026h/Collections/' took 0.00s
[2020.11.19-13.01.59:962][  0]LogFileCache: Scanning file cache for directory 'D:/Users/h017026h/Documents/GitKraken/-raisethegamejam-2020/RaiseTheGameJame2020/Content/Collections/' took 0.00s
[2020.11.19-13.01.59:962][  0]LogContentBrowser: Native class hierarchy populated in 0.0494 seconds. Added 3439 classes and 824 folders.
[2020.11.19-13.02.00:111][  0]LogContentBrowser: Native class hierarchy updated for 'WidgetCarousel' in 0.0005 seconds. Added 0 classes and 0 folders.
[2020.11.19-13.02.00:834][  0]LogContentBrowser: Native class hierarchy updated for 'AddContentDialog' in 0.0005 seconds. Added 0 classes and 0 folders.
[2020.11.19-13.02.00:875][  0]LogContentBrowser: Native class hierarchy updated for 'SceneOutliner' in 0.0007 seconds. Added 2 classes and 0 folders.
[2020.11.19-13.02.02:065][  0]LogSlate: Took 0.007094 seconds to synchronously load lazily loaded font '../../../Engine/Content/Slate/Fonts/Roboto-Regular.ttf' (155K)
[2020.11.19-13.02.02:092][  0]LogSlate: Took 0.006442 seconds to synchronously load lazily loaded font '../../../Engine/Content/Slate/Fonts/Roboto-Bold.ttf' (160K)
[2020.11.19-13.02.02:162][  0]LogSlate: Took 0.010569 seconds to synchronously load lazily loaded font '../../../Engine/Content/Editor/Slate/Fonts/FontAwesome.ttf' (139K)
[2020.11.19-13.02.02:580][  0]LogRenderer: Reallocating scene render targets to support 1208x572 Format 10 NumSamples 1 (Frame:1).
[2020.11.19-13.02.03:298][  0]LogSlate: Took 0.010142 seconds to synchronously load lazily loaded font '../../../Engine/Content/Slate/Fonts/Roboto-Light.ttf' (167K)
[2020.11.19-13.02.03:627][  0]LogContentBrowser: Native class hierarchy updated for 'HierarchicalLODOutliner' in 0.0005 seconds. Added 0 classes and 0 folders.
[2020.11.19-13.02.03:628][  0]LogLoad: (Engine Initialization) Total time: 62.82 seconds
[2020.11.19-13.02.03:628][  0]LogLoad: (Engine Initialization) Total Blueprint compile time: 0.00 seconds
[2020.11.19-13.02.04:233][  0]LogContentStreaming: Texture pool size now 1000 MB
[2020.11.19-13.02.04:571][  1]LogAssetRegistry: Asset discovery search completed in 42.4913 seconds
[2020.11.19-13.02.04:605][  1]LogCollectionManager: Fixed up redirectors for 0 collections in 0.000003 seconds (updated 0 objects)
[2020.11.19-13.02.10:915][706]LogTemp: Repeating last play command: Selected Viewport
[2020.11.19-13.02.11:012][706]LogPlayLevel: PlayLevel: No blueprints needed recompiling
[2020.11.19-13.02.11:110][706]PIE: New page: PIE session: ThirdPersonExampleMap (19 Nov 2020, 13:02:11)
[2020.11.19-13.02.11:189][706]LogOnline: OSS: Creating online subsystem instance for: NULL
[2020.11.19-13.02.11:207][706]LogOnline: OSS: TryLoadSubsystemAndSetDefault: Loaded subsystem for module [NULL]
[2020.11.19-13.02.11:218][706]LogPlayLevel: Creating play world package: /Game/ThirdPersonCPP/Maps/UEDPIE_0_ThirdPersonExampleMap
[2020.11.19-13.02.11:288][706]LogPlayLevel: PIE: StaticDuplicateObject took: (0.069826s)
[2020.11.19-13.02.11:295][706]LogAIModule: Creating AISystem for world ThirdPersonExampleMap
[2020.11.19-13.02.11:295][706]LogAISub: UAISubsystem::UAISubsystem EnvQueryManager (000002007FE86000), frame # 706
[2020.11.19-13.02.11:295][706]LogAISub: UAISubsystem::UAISubsystem AIPerceptionSystem (000002006601F4C0), frame # 706
[2020.11.19-13.02.11:296][706]LogPlayLevel: PIE: World Init took: (0.006920s)
[2020.11.19-13.02.11:296][706]LogPlayLevel: PIE: Created PIE world by copying editor world from /Game/ThirdPersonCPP/Maps/ThirdPersonExampleMap.ThirdPersonExampleMap to /Game/ThirdPersonCPP/Maps/UEDPIE_0_ThirdPersonExampleMap.ThirdPersonExampleMap (0.077352s)
[2020.11.19-13.02.11:310][706]LogUObjectHash: Compacting FUObjectHashTables data took   0.78ms
[2020.11.19-13.02.11:312][706]LogAudioMixer: Display: Audio Mixer Platform Settings:
[2020.11.19-13.02.11:312][706]LogAudioMixer: Display: 	Sample Rate:						  48000
[2020.11.19-13.02.11:312][706]LogAudioMixer: Display: 	Callback Buffer Frame Size Requested: 1024
[2020.11.19-13.02.11:312][706]LogAudioMixer: Display: 	Callback Buffer Frame Size To Use:	  1024
[2020.11.19-13.02.11:312][706]LogAudioMixer: Display: 	Number of buffers to queue:			  2
[2020.11.19-13.02.11:313][706]LogAudioMixer: Display: 	Max Channels (voices):				  32
[2020.11.19-13.02.11:313][706]LogAudioMixer: Display: 	Number of Async Source Workers:		  0
[2020.11.19-13.02.11:313][706]LogAudio: Display: AudioDevice MaxSources: 32
[2020.11.19-13.02.11:314][706]LogAudio: Display: Using built-in audio occlusion.
[2020.11.19-13.02.11:314][706]LogAudioMixer: Display: Initializing audio mixer.
[2020.11.19-13.02.11:321][706]LogAudioMixer: Display: 0: FrontLeft
[2020.11.19-13.02.11:321][706]LogAudioMixer: Display: 1: FrontRight
[2020.11.19-13.02.11:321][706]LogAudioMixer: Display: 2: FrontCenter
[2020.11.19-13.02.11:321][706]LogAudioMixer: Display: 3: LowFrequency
[2020.11.19-13.02.11:321][706]LogAudioMixer: Display: 4: BackLeft
[2020.11.19-13.02.11:322][706]LogAudioMixer: Display: 5: BackRight
[2020.11.19-13.02.11:322][706]LogAudioMixer: Display: 6: SideLeft
[2020.11.19-13.02.11:322][706]LogAudioMixer: Display: 7: SideRight
[2020.11.19-13.02.11:484][706]LogAudioMixer: Display: Using Audio Device Headset Earphone (CORSAIR HS70 PRO Wireless Gaming Headset)
[2020.11.19-13.02.11:484][706]LogAudioMixer: Display: Initializing Sound Submixes...
[2020.11.19-13.02.11:484][706]LogAudioMixer: Display: Creating Master Submix 'MasterSubmixDefault'
[2020.11.19-13.02.11:484][706]LogAudioMixer: Display: Creating Master Submix 'MasterReverbSubmixDefault'
[2020.11.19-13.02.11:484][706]LogAudioMixer: Display: Creating Master Submix 'MasterEQSubmixDefault'
[2020.11.19-13.02.11:497][706]LogInit: FAudioDevice initialized.
[2020.11.19-13.02.11:522][706]LogLoad: Game class is 'RaiseTheGameJame2020GameMode'
[2020.11.19-13.02.11:644][706]LogWorld: Bringing World /Game/ThirdPersonCPP/Maps/UEDPIE_0_ThirdPersonExampleMap.ThirdPersonExampleMap up for play (max tick rate 0) at 2020.11.19-13.02.11
[2020.11.19-13.02.11:646][706]LogWorld: Bringing up level for play took: 0.011195
[2020.11.19-13.02.11:648][706]LogOnline: OSS: Creating online subsystem instance for: :Context_1
[2020.11.19-13.02.11:888][706]LogContentBrowser: Native class hierarchy updated for 'MovieSceneCapture' in 0.0006 seconds. Added 20 classes and 0 folders.
[2020.11.19-13.02.11:957][706]PIE: Server logged in
[2020.11.19-13.02.11:959][706]PIE: Play in editor total start time 1.028 seconds.
[2020.11.19-13.02.23:443][ 58]LogSlate: Updating window title bar state: overlay mode, drag disabled, window buttons hidden, title bar hidden
[2020.11.19-13.02.23:443][ 58]LogWorld: BeginTearingDown for /Game/ThirdPersonCPP/Maps/UEDPIE_0_ThirdPersonExampleMap
[2020.11.19-13.02.23:451][ 58]LogWorld: UWorld::CleanupWorld for ThirdPersonExampleMap, bSessionEnded=true, bCleanupResources=true
[2020.11.19-13.02.23:455][ 58]LogSlate: InvalidateAllWidgets triggered.  All widgets were invalidated
[2020.11.19-13.02.23:475][ 58]LogPlayLevel: Display: Shutting down PIE online subsystems
[2020.11.19-13.02.23:480][ 58]LogSlate: InvalidateAllWidgets triggered.  All widgets were invalidated
[2020.11.19-13.02.23:541][ 58]LogSlate: Updating window title bar state: overlay mode, drag disabled, window buttons hidden, title bar hidden
[2020.11.19-13.02.23:595][ 58]LogAISub: UAISubsystem::~UAISubsystem EnvQueryManager (000002007FE86000), frame # 2058
[2020.11.19-13.02.23:595][ 58]LogAISub: UAISubsystem::~UAISubsystem AIPerceptionSystem (000002006601F4C0), frame # 2058
[2020.11.19-13.02.23:608][ 58]LogUObjectHash: Compacting FUObjectHashTables data took   0.73ms
[2020.11.19-13.02.23:642][ 59]LogPlayLevel: Display: Destroying online subsystem :Context_1
[2020.11.19-13.02.30:565][821]LogSlate: Took 0.000235 seconds to synchronously load lazily loaded font '../../../Engine/Content/Slate/Fonts/Roboto-Light.ttf' (167K)
[2020.11.19-13.02.30:767][821]LogSlate: WidgetSwitcher ('None') active index changed to -1
[2020.11.19-13.02.30:767][821]LogSlate: WidgetSwitcher ('None') active index changed to 1
[2020.11.19-13.02.30:828][821]LogSlate: Took 0.005393 seconds to synchronously load lazily loaded font '../../../Engine/Content/Slate/Fonts/Roboto-BoldCondensed.ttf' (158K)
[2020.11.19-13.02.40:149][904]LogAssetEditorSubsystem: Opening Asset editor for Blueprint /Game/ThirdPersonCPP/Blueprints/BPHideTestActor.BPHideTestActor
[2020.11.19-13.02.41:125][904]LogContentBrowser: Native class hierarchy updated for 'BlueprintGraph' in 0.0009 seconds. Added 125 classes and 0 folders.
[2020.11.19-13.02.42:581][904]LogSlate: Window 'Add Blueprint Class' being destroyed
[2020.11.19-13.02.45:930][175]LogRenderer: Reallocating scene render targets to support 1208x900 Format 10 NumSamples 1 (Frame:274).
[2020.11.19-13.02.46:007][184]LogSlate: Window 'BPHideTestActor' being destroyed
[2020.11.19-13.02.47:809][356]LogSavePackage: Moving '../../../../../Users/h017026h/Documents/GitKraken/-raisethegamejam-2020/RaiseTheGameJame2020/Saved/BPHideTestActorD8E1537D4025954104BDEAB618C88175.tmp' to '../../../../../Users/h017026h/Documents/GitKraken/-raisethegamejam-2020/RaiseTheGameJame2020/Content/ThirdPersonCPP/Blueprints/BPHideTestActor.uasset'
[2020.11.19-13.02.47:852][356]AssetCheck: New page: Asset Save: BPHideTestActor
[2020.11.19-13.02.47:852][356]LogContentValidation: Display: Validating Blueprint /Game/ThirdPersonCPP/Blueprints/BPHideTestActor.BPHideTestActor
[2020.11.19-13.02.55:307][172]LogSlate: Took 0.027420 seconds to synchronously load lazily loaded font '../../../Engine/Content/Slate/Fonts/Roboto-Italic.ttf' (157K)
[2020.11.19-13.02.58:796][542]BlueprintLog: New page: Compile BPHideTestActor
[2020.11.19-13.02.58:860][542]LogUObjectHash: Compacting FUObjectHashTables data took   2.07ms
[2020.11.19-13.02.59:299][582]LogSavePackage: Moving '../../../../../Users/h017026h/Documents/GitKraken/-raisethegamejam-2020/RaiseTheGameJame2020/Saved/BPHideTestActorFEADB9EE45F09DAAEF9374AAF016E7CF.tmp' to '../../../../../Users/h017026h/Documents/GitKraken/-raisethegamejam-2020/RaiseTheGameJame2020/Content/ThirdPersonCPP/Blueprints/BPHideTestActor.uasset'
[2020.11.19-13.02.59:307][582]AssetCheck: New page: Asset Save: BPHideTestActor
[2020.11.19-13.02.59:308][582]LogContentValidation: Display: Validating Blueprint /Game/ThirdPersonCPP/Blueprints/BPHideTestActor.BPHideTestActor
[2020.11.19-13.03.09:171][663]LogTemp: Repeating last play command: Selected Viewport
[2020.11.19-13.03.09:191][663]LogPlayLevel: PlayLevel: No blueprints needed recompiling
[2020.11.19-13.03.09:191][663]PIE: New page: PIE session: ThirdPersonExampleMap (19 Nov 2020, 13:03:09)
[2020.11.19-13.03.09:218][663]LogPlayLevel: Creating play world package: /Game/ThirdPersonCPP/Maps/UEDPIE_0_ThirdPersonExampleMap
[2020.11.19-13.03.09:232][663]LogPlayLevel: PIE: StaticDuplicateObject took: (0.014051s)
[2020.11.19-13.03.09:233][663]LogAIModule: Creating AISystem for world ThirdPersonExampleMap
[2020.11.19-13.03.09:233][663]LogAISub: UAISubsystem::UAISubsystem EnvQueryManager (000002007FE86200), frame # 6663
[2020.11.19-13.03.09:234][663]LogAISub: UAISubsystem::UAISubsystem AIPerceptionSystem (000002007FD90540), frame # 6663
[2020.11.19-13.03.09:234][663]LogPlayLevel: PIE: World Init took: (0.002074s)
[2020.11.19-13.03.09:234][663]LogPlayLevel: PIE: Created PIE world by copying editor world from /Game/ThirdPersonCPP/Maps/ThirdPersonExampleMap.ThirdPersonExampleMap to /Game/ThirdPersonCPP/Maps/UEDPIE_0_ThirdPersonExampleMap.ThirdPersonExampleMap (0.016905s)
[2020.11.19-13.03.09:258][663]LogUObjectHash: Compacting FUObjectHashTables data took   2.57ms
[2020.11.19-13.03.09:260][663]LogAudioMixer: Display: Audio Mixer Platform Settings:
[2020.11.19-13.03.09:261][663]LogAudioMixer: Display: 	Sample Rate:						  48000
[2020.11.19-13.03.09:261][663]LogAudioMixer: Display: 	Callback Buffer Frame Size Requested: 1024
[2020.11.19-13.03.09:261][663]LogAudioMixer: Display: 	Callback Buffer Frame Size To Use:	  1024
[2020.11.19-13.03.09:261][663]LogAudioMixer: Display: 	Number of buffers to queue:			  2
[2020.11.19-13.03.09:261][663]LogAudioMixer: Display: 	Max Channels (voices):				  32
[2020.11.19-13.03.09:261][663]LogAudioMixer: Display: 	Number of Async Source Workers:		  0
[2020.11.19-13.03.09:261][663]LogAudio: Display: AudioDevice MaxSources: 32
[2020.11.19-13.03.09:262][663]LogAudio: Display: Using built-in audio occlusion.
[2020.11.19-13.03.09:262][663]LogAudioMixer: Display: Initializing audio mixer.
[2020.11.19-13.03.09:271][663]LogAudioMixer: Display: 0: FrontLeft
[2020.11.19-13.03.09:271][663]LogAudioMixer: Display: 1: FrontRight
[2020.11.19-13.03.09:271][663]LogAudioMixer: Display: 2: FrontCenter
[2020.11.19-13.03.09:271][663]LogAudioMixer: Display: 3: LowFrequency
[2020.11.19-13.03.09:271][663]LogAudioMixer: Display: 4: BackLeft
[2020.11.19-13.03.09:271][663]LogAudioMixer: Display: 5: BackRight
[2020.11.19-13.03.09:271][663]LogAudioMixer: Display: 6: SideLeft
[2020.11.19-13.03.09:271][663]LogAudioMixer: Display: 7: SideRight
[2020.11.19-13.03.09:449][663]LogAudioMixer: Display: Using Audio Device Headset Earphone (CORSAIR HS70 PRO Wireless Gaming Headset)
[2020.11.19-13.03.09:449][663]LogAudioMixer: Display: Initializing Sound Submixes...
[2020.11.19-13.03.09:449][663]LogAudioMixer: Display: Creating Master Submix 'MasterSubmixDefault'
[2020.11.19-13.03.09:450][663]LogAudioMixer: Display: Creating Master Submix 'MasterReverbSubmixDefault'
[2020.11.19-13.03.09:450][663]LogAudioMixer: Display: Creating Master Submix 'MasterEQSubmixDefault'
[2020.11.19-13.03.09:463][663]LogInit: FAudioDevice initialized.
[2020.11.19-13.03.09:478][663]LogLoad: Game class is 'RaiseTheGameJame2020GameMode'
[2020.11.19-13.03.09:480][663]LogWorld: Bringing World /Game/ThirdPersonCPP/Maps/UEDPIE_0_ThirdPersonExampleMap.ThirdPersonExampleMap up for play (max tick rate 0) at 2020.11.19-13.03.09
[2020.11.19-13.03.09:481][663]LogWorld: Bringing up level for play took: 0.001942
[2020.11.19-13.03.09:481][663]LogOnline: OSS: Creating online subsystem instance for: :Context_4
[2020.11.19-13.03.09:485][663]PIE: Server logged in
[2020.11.19-13.03.09:486][663]PIE: Play in editor total start time 0.298 seconds.
[2020.11.19-13.03.11:958][952]LogSlate: Updating window title bar state: overlay mode, drag disabled, window buttons hidden, title bar hidden
[2020.11.19-13.03.11:958][952]LogWorld: BeginTearingDown for /Game/ThirdPersonCPP/Maps/UEDPIE_0_ThirdPersonExampleMap
[2020.11.19-13.03.11:959][952]LogWorld: UWorld::CleanupWorld for ThirdPersonExampleMap, bSessionEnded=true, bCleanupResources=true
[2020.11.19-13.03.11:959][952]LogSlate: InvalidateAllWidgets triggered.  All widgets were invalidated
[2020.11.19-13.03.11:975][952]LogPlayLevel: Display: Shutting down PIE online subsystems
[2020.11.19-13.03.11:978][952]LogSlate: InvalidateAllWidgets triggered.  All widgets were invalidated
[2020.11.19-13.03.12:020][952]LogSlate: Updating window title bar state: overlay mode, drag disabled, window buttons hidden, title bar hidden
[2020.11.19-13.03.12:021][952]LogAISub: UAISubsystem::~UAISubsystem AIPerceptionSystem (000002007FD90540), frame # 6952
[2020.11.19-13.03.12:021][952]LogAISub: UAISubsystem::~UAISubsystem EnvQueryManager (000002007FE86200), frame # 6952
[2020.11.19-13.03.12:023][952]LogUObjectHash: Compacting FUObjectHashTables data took   1.32ms
[2020.11.19-13.03.12:057][953]LogPlayLevel: Display: Destroying online subsystem :Context_4
[2020.11.19-13.03.21:953][ 90]BlueprintLog: New page: Compile BPHideTestActor
[2020.11.19-13.03.21:993][ 90]LogUObjectHash: Compacting FUObjectHashTables data took   1.83ms
[2020.11.19-13.03.22:512][146]LogSavePackage: Moving '../../../../../Users/h017026h/Documents/GitKraken/-raisethegamejam-2020/RaiseTheGameJame2020/Saved/BPHideTestActor293A979244FBE840163499BA60CB4A6C.tmp' to '../../../../../Users/h017026h/Documents/GitKraken/-raisethegamejam-2020/RaiseTheGameJame2020/Content/ThirdPersonCPP/Blueprints/BPHideTestActor.uasset'
[2020.11.19-13.03.22:525][146]AssetCheck: New page: Asset Save: BPHideTestActor
[2020.11.19-13.03.22:525][146]LogContentValidation: Display: Validating Blueprint /Game/ThirdPersonCPP/Blueprints/BPHideTestActor.BPHideTestActor
[2020.11.19-13.03.23:654][269]LogTemp: Repeating last play command: Selected Viewport
[2020.11.19-13.03.23:672][269]LogPlayLevel: PlayLevel: No blueprints needed recompiling
[2020.11.19-13.03.23:672][269]PIE: New page: PIE session: ThirdPersonExampleMap (19 Nov 2020, 13:03:23)
[2020.11.19-13.03.23:673][269]LogPlayLevel: Creating play world package: /Game/ThirdPersonCPP/Maps/UEDPIE_0_ThirdPersonExampleMap
[2020.11.19-13.03.23:687][269]LogPlayLevel: PIE: StaticDuplicateObject took: (0.013767s)
[2020.11.19-13.03.23:688][269]LogAIModule: Creating AISystem for world ThirdPersonExampleMap
[2020.11.19-13.03.23:688][269]LogAISub: UAISubsystem::UAISubsystem EnvQueryManager (000002000DB47E00), frame # 8269
[2020.11.19-13.03.23:689][269]LogAISub: UAISubsystem::UAISubsystem AIPerceptionSystem (0000020085C7B740), frame # 8269
[2020.11.19-13.03.23:689][269]LogPlayLevel: PIE: World Init took: (0.002005s)
[2020.11.19-13.03.23:689][269]LogPlayLevel: PIE: Created PIE world by copying editor world from /Game/ThirdPersonCPP/Maps/ThirdPersonExampleMap.ThirdPersonExampleMap to /Game/ThirdPersonCPP/Maps/UEDPIE_0_ThirdPersonExampleMap.ThirdPersonExampleMap (0.016331s)
[2020.11.19-13.03.23:715][269]LogUObjectHash: Compacting FUObjectHashTables data took   2.30ms
[2020.11.19-13.03.23:717][269]LogAudioMixer: Display: Audio Mixer Platform Settings:
[2020.11.19-13.03.23:717][269]LogAudioMixer: Display: 	Sample Rate:						  48000
[2020.11.19-13.03.23:717][269]LogAudioMixer: Display: 	Callback Buffer Frame Size Requested: 1024
[2020.11.19-13.03.23:717][269]LogAudioMixer: Display: 	Callback Buffer Frame Size To Use:	  1024
[2020.11.19-13.03.23:717][269]LogAudioMixer: Display: 	Number of buffers to queue:			  2
[2020.11.19-13.03.23:717][269]LogAudioMixer: Display: 	Max Channels (voices):				  32
[2020.11.19-13.03.23:718][269]LogAudioMixer: Display: 	Number of Async Source Workers:		  0
[2020.11.19-13.03.23:718][269]LogAudio: Display: AudioDevice MaxSources: 32
[2020.11.19-13.03.23:719][269]LogAudio: Display: Using built-in audio occlusion.
[2020.11.19-13.03.23:719][269]LogAudioMixer: Display: Initializing audio mixer.
[2020.11.19-13.03.23:727][269]LogAudioMixer: Display: 0: FrontLeft
[2020.11.19-13.03.23:727][269]LogAudioMixer: Display: 1: FrontRight
[2020.11.19-13.03.23:727][269]LogAudioMixer: Display: 2: FrontCenter
[2020.11.19-13.03.23:727][269]LogAudioMixer: Display: 3: LowFrequency
[2020.11.19-13.03.23:727][269]LogAudioMixer: Display: 4: BackLeft
[2020.11.19-13.03.23:727][269]LogAudioMixer: Display: 5: BackRight
[2020.11.19-13.03.23:727][269]LogAudioMixer: Display: 6: SideLeft
[2020.11.19-13.03.23:728][269]LogAudioMixer: Display: 7: SideRight
[2020.11.19-13.03.23:897][269]LogAudioMixer: Display: Using Audio Device Headset Earphone (CORSAIR HS70 PRO Wireless Gaming Headset)
[2020.11.19-13.03.23:898][269]LogAudioMixer: Display: Initializing Sound Submixes...
[2020.11.19-13.03.23:898][269]LogAudioMixer: Display: Creating Master Submix 'MasterSubmixDefault'
[2020.11.19-13.03.23:898][269]LogAudioMixer: Display: Creating Master Submix 'MasterReverbSubmixDefault'
[2020.11.19-13.03.23:898][269]LogAudioMixer: Display: Creating Master Submix 'MasterEQSubmixDefault'
[2020.11.19-13.03.23:909][269]LogInit: FAudioDevice initialized.
[2020.11.19-13.03.23:966][269]LogSlate: Updating window title bar state: overlay mode, drag disabled, window buttons hidden, title bar hidden
[2020.11.19-13.03.23:966][269]LogLoad: Game class is 'RaiseTheGameJame2020GameMode'
[2020.11.19-13.03.23:968][269]LogWorld: Bringing World /Game/ThirdPersonCPP/Maps/UEDPIE_0_ThirdPersonExampleMap.ThirdPersonExampleMap up for play (max tick rate 0) at 2020.11.19-13.03.23
[2020.11.19-13.03.23:968][269]LogWorld: Bringing up level for play took: 0.001711
[2020.11.19-13.03.23:968][269]LogOnline: OSS: Creating online subsystem instance for: :Context_5
[2020.11.19-13.03.23:977][269]PIE: Server logged in
[2020.11.19-13.03.23:978][269]PIE: Play in editor total start time 0.307 seconds.
[2020.11.19-13.03.24:022][270]LogRenderer: Reallocating scene render targets to support 1280x900 Format 10 NumSamples 1 (Frame:1).
