  Using 'git status' to determine working set for adaptive non-unity build (D:\Users\h017026h\Documents\GitKraken\-raisethegamejam-2020).
  Creating makefile for RaiseTheGameJame2020Editor (no existing makefile)
  Parsing headers for RaiseTheGameJame2020Editor
    Running UnrealHeaderTool "D:\Users\h017026h\Documents\GitKraken\-raisethegamejam-2020\RaiseTheGameJame2020\RaiseTheGameJame2020.uproject" "D:\Users\h017026h\Documents\GitKraken\-raisethegamejam-2020\RaiseTheGameJame2020\Intermediate\Build\Win64\RaiseTheGameJame2020Editor\Development\RaiseTheGameJame2020Editor.uhtmanifest" -LogCmds="loginit warning, logexit warning, logdatabase error" -Unattended -WarningsAsErrors -abslog="C:\Users\h017026h\AppData\Local\UnrealBuildTool\Log_UHT.txt" -installed
  Reflection code generated for RaiseTheGameJame2020Editor in 5.670762 seconds
  Building RaiseTheGameJame2020Editor...
  Using Visual Studio 2019 14.27.29112 toolchain (C:\Program Files (x86)\Microsoft Visual Studio\2019\Community\VC\Tools\MSVC\14.27.29110) and Windows 10.0.18362.0 SDK (C:\Program Files (x86)\Windows Kits\10).
  Building 51 actions with 12 processes...
    [1/51] Default.rc2
    [2/51] SharedPCH.Engine.ShadowErrors.cpp
    [3/51] AgentTask.cpp
    [4/51] IAgentTask.cpp
D:\Users\h017026h\Documents\GitKraken\-raisethegamejam-2020\RaiseTheGameJame2020\Source\RaiseTheGameJame2020\Public\IAgentTask.h(24): warning C4265: 'IAgentTask': class has virtual functions, but its non-trivial destructor is not virtual; instances of this class may not be destructed correctly
    [5/51] WaitForDurationAgentTask.cpp
D:\Users\h017026h\Documents\GitKraken\-raisethegamejam-2020\RaiseTheGameJame2020\Source\RaiseTheGameJame2020\Public\IAgentTask.h(24): warning C4265: 'IAgentTask': class has virtual functions, but its non-trivial destructor is not virtual; instances of this class may not be destructed correctly
D:\Users\h017026h\Documents\GitKraken\-raisethegamejam-2020\RaiseTheGameJame2020\Source\RaiseTheGameJame2020\Public\WaitForDurationAgentTask.h(18): warning C4265: 'WaitForDurationAgentTask': class has virtual functions, but its non-trivial destructor is not virtual; instances of this class may not be destructed correctly
    [6/51] DragComponent.cpp
    [7/51] DetectionZone.cpp
    [8/51] HideTestActor.cpp
    [9/51] PathfinderComponent.cpp
    [10/51] RunFromKillerAgentTask.cpp
D:\Users\h017026h\Documents\GitKraken\-raisethegamejam-2020\RaiseTheGameJame2020\Source\RaiseTheGameJame2020\Public\IAgentTask.h(24): warning C4265: 'IAgentTask': class has virtual functions, but its non-trivial destructor is not virtual; instances of this class may not be destructed correctly
D:\Users\h017026h\Documents\GitKraken\-raisethegamejam-2020\RaiseTheGameJame2020\Source\RaiseTheGameJame2020\Public\RunFromKillerAgentTask.h(26): warning C4265: 'RunFromKillerAgentTask': class has virtual functions, but its non-trivial destructor is not virtual; instances of this class may not be destructed correctly
    [11/51] RunThroughTasksAgentTask.cpp
    [12/51] APlayerTask.cpp
    [13/51] PlayerAttackComponent.cpp
    [14/51] TaskTarget.cpp
    [15/51] TargetActor.cpp
    [16/51] AgentBody.cpp
    [17/51] HealthComponent.cpp
    [18/51] GoToRandomLocationAgentTask.cpp
D:\Users\h017026h\Documents\GitKraken\-raisethegamejam-2020\RaiseTheGameJame2020\Source\RaiseTheGameJame2020\Public\IAgentTask.h(24): warning C4265: 'IAgentTask': class has virtual functions, but its non-trivial destructor is not virtual; instances of this class may not be destructed correctly
D:\Users\h017026h\Documents\GitKraken\-raisethegamejam-2020\RaiseTheGameJame2020\Source\RaiseTheGameJame2020\Public\GoToRandomLocationAgentTask.h(23): warning C4265: 'GoToRandomLocationAgentTask': class has virtual functions, but its non-trivial destructor is not virtual; instances of this class may not be destructed correctly
    [19/51] GoToLocationAgentTask.cpp
D:\Users\h017026h\Documents\GitKraken\-raisethegamejam-2020\RaiseTheGameJame2020\Source\RaiseTheGameJame2020\Public\IAgentTask.h(24): warning C4265: 'IAgentTask': class has virtual functions, but its non-trivial destructor is not virtual; instances of this class may not be destructed correctly
D:\Users\h017026h\Documents\GitKraken\-raisethegamejam-2020\RaiseTheGameJame2020\Source\RaiseTheGameJame2020\Public\GoToLocationAgentTask.h(21): warning C4265: 'GoToLocationAgentTask': class has virtual functions, but its non-trivial destructor is not virtual; instances of this class may not be destructed correctly
    [20/51] WanderLocationAgentTask.cpp
    [21/51] HideComponent.cpp
    [22/51] GrabComponent.cpp
D:\Users\h017026h\Documents\GitKraken\-raisethegamejam-2020\RaiseTheGameJame2020\Source\RaiseTheGameJame2020\Public\IAgentTask.h(24): warning C4265: 'IAgentTask': class has virtual functions, but its non-trivial destructor is not virtual; instances of this class may not be destructed correctly
    [23/51] TestActor.cpp
    [24/51] AgentTaskManager.cpp
D:\Users\h017026h\Documents\GitKraken\-raisethegamejam-2020\RaiseTheGameJame2020\Source\RaiseTheGameJame2020\Public\IAgentTask.h(24): warning C4265: 'IAgentTask': class has virtual functions, but its non-trivial destructor is not virtual; instances of this class may not be destructed correctly
D:\Users\h017026h\Documents\GitKraken\-raisethegamejam-2020\RaiseTheGameJame2020\Source\RaiseTheGameJame2020\Public\GoToLocationAgentTask.h(21): warning C4265: 'GoToLocationAgentTask': class has virtual functions, but its non-trivial destructor is not virtual; instances of this class may not be destructed correctly
D:\Users\h017026h\Documents\GitKraken\-raisethegamejam-2020\RaiseTheGameJame2020\Source\RaiseTheGameJame2020\Public\WaitForDurationAgentTask.h(18): warning C4265: 'WaitForDurationAgentTask': class has virtual functions, but its non-trivial destructor is not virtual; instances of this class may not be destructed correctly
D:\Users\h017026h\Documents\GitKraken\-raisethegamejam-2020\RaiseTheGameJame2020\Source\RaiseTheGameJame2020\Public\GoToRandomLocationAgentTask.h(23): warning C4265: 'GoToRandomLocationAgentTask': class has virtual functions, but its non-trivial destructor is not virtual; instances of this class may not be destructed correctly
    [25/51] AgentCharacter.cpp
D:\Users\h017026h\Documents\GitKraken\-raisethegamejam-2020\RaiseTheGameJame2020\Source\RaiseTheGameJame2020\Public\IAgentTask.h(24): warning C4265: 'IAgentTask': class has virtual functions, but its non-trivial destructor is not virtual; instances of this class may not be destructed correctly
D:\Users\h017026h\Documents\GitKraken\-raisethegamejam-2020\RaiseTheGameJame2020\Source\RaiseTheGameJame2020\Public\RunFromKillerAgentTask.h(26): warning C4265: 'RunFromKillerAgentTask': class has virtual functions, but its non-trivial destructor is not virtual; instances of this class may not be destructed correctly
D:\Users\h017026h\Documents\GitKraken\-raisethegamejam-2020\RaiseTheGameJame2020\Source\RaiseTheGameJame2020\Public\WaitForDurationAgentTask.h(18): warning C4265: 'WaitForDurationAgentTask': class has virtual functions, but its non-trivial destructor is not virtual; instances of this class may not be destructed correctly
    [26/51] RaiseTheGameJame2020.cpp
    [27/51] DetectionZone.gen.cpp
    [28/51] APlayerTask.gen.cpp
    [29/51] DragComponent.gen.cpp
    [30/51] HealthComponent.gen.cpp
    [31/51] PathfinderComponent.gen.cpp
    [32/51] RaiseTheGameJame2020.init.gen.cpp
    [33/51] AgentController.gen.cpp
    [34/51] AgentTaskManager.gen.cpp
D:\Users\h017026h\Documents\GitKraken\-raisethegamejam-2020\RaiseTheGameJame2020\Source\RaiseTheGameJame2020\Public\IAgentTask.h(24): warning C4265: 'IAgentTask': class has virtual functions, but its non-trivial destructor is not virtual; instances of this class may not be destructed correctly
    [35/51] PlayerAttackComponent.gen.cpp
    [36/51] RaiseTheGameJame2020GameMode.cpp
D:\Users\h017026h\Documents\GitKraken\-raisethegamejam-2020\RaiseTheGameJame2020\Source\RaiseTheGameJame2020\Public\IAgentTask.h(24): warning C4265: 'IAgentTask': class has virtual functions, but its non-trivial destructor is not virtual; instances of this class may not be destructed correctly
    [37/51] RaiseTheGameJame2020GameMode.gen.cpp
    [38/51] TimeRewind.cpp
D:\Users\h017026h\Documents\GitKraken\-raisethegamejam-2020\RaiseTheGameJame2020\Source\RaiseTheGameJame2020\Public\IAgentTask.h(24): warning C4265: 'IAgentTask': class has virtual functions, but its non-trivial destructor is not virtual; instances of this class may not be destructed correctly
    [39/51] AgentCharacter.gen.cpp
D:\Users\h017026h\Documents\GitKraken\-raisethegamejam-2020\RaiseTheGameJame2020\Source\RaiseTheGameJame2020\Public\IAgentTask.h(24): warning C4265: 'IAgentTask': class has virtual functions, but its non-trivial destructor is not virtual; instances of this class may not be destructed correctly
    [40/51] GrabComponent.gen.cpp
D:\Users\h017026h\Documents\GitKraken\-raisethegamejam-2020\RaiseTheGameJame2020\Source\RaiseTheGameJame2020\Public\IAgentTask.h(24): warning C4265: 'IAgentTask': class has virtual functions, but its non-trivial destructor is not virtual; instances of this class may not be destructed correctly
    [41/51] TargetActor.gen.cpp
    [42/51] TaskTarget.gen.cpp
    [43/51] TestActor.gen.cpp
    [44/51] HideComponent.gen.cpp
    [45/51] HideTestActor.gen.cpp
    [46/51] RaiseTheGameJame2020Character.gen.cpp
D:\Users\h017026h\Documents\GitKraken\-raisethegamejam-2020\RaiseTheGameJame2020\Source\RaiseTheGameJame2020\Public\IAgentTask.h(24): warning C4265: 'IAgentTask': class has virtual functions, but its non-trivial destructor is not virtual; instances of this class may not be destructed correctly
    [47/51] AgentController.cpp
    [48/51] RaiseTheGameJame2020Character.cpp
D:\Users\h017026h\Documents\GitKraken\-raisethegamejam-2020\RaiseTheGameJame2020\Source\RaiseTheGameJame2020\Public\IAgentTask.h(24): warning C4265: 'IAgentTask': class has virtual functions, but its non-trivial destructor is not virtual; instances of this class may not be destructed correctly
    [49/51] UE4Editor-RaiseTheGameJame2020.lib
       Creating library D:\Users\h017026h\Documents\GitKraken\-raisethegamejam-2020\RaiseTheGameJame2020\Intermediate\Build\Win64\UE4Editor\Development\RaiseTheGameJame2020\UE4Editor-RaiseTheGameJame2020.lib and object D:\Users\h017026h\Documents\GitKraken\-raisethegamejam-2020\RaiseTheGameJame2020\Intermediate\Build\Win64\UE4Editor\Development\RaiseTheGameJame2020\UE4Editor-RaiseTheGameJame2020.exp
    [50/51] UE4Editor-RaiseTheGameJame2020.dll
       Creating library D:\Users\h017026h\Documents\GitKraken\-raisethegamejam-2020\RaiseTheGameJame2020\Intermediate\Build\Win64\UE4Editor\Development\RaiseTheGameJame2020\UE4Editor-RaiseTheGameJame2020.suppressed.lib and object D:\Users\h017026h\Documents\GitKraken\-raisethegamejam-2020\RaiseTheGameJame2020\Intermediate\Build\Win64\UE4Editor\Development\RaiseTheGameJame2020\UE4Editor-RaiseTheGameJame2020.suppressed.exp
    [51/51] RaiseTheGameJame2020Editor.target
  Total time in Parallel executor: 34.41 seconds
  Total execution time: 52.74 seconds
